[1447441836.156109] [node004:23589:0]         sys.c:719  MXM  WARN  Conflicting CPU frequencies detected, using: 2310.38
[1447441836.161957] [node004:23589:0]         mxm.c:185  MXM  WARN  The 'ulimit -s' on the system is set to 'unlimited'. This may have negative performance implications. Please set the heap size to the default value (10240) 
[1447441836.155435] [node004:23591:0]         sys.c:719  MXM  WARN  Conflicting CPU frequencies detected, using: 2310.38
[1447441836.160641] [node004:23591:0]         mxm.c:185  MXM  WARN  The 'ulimit -s' on the system is set to 'unlimited'. This may have negative performance implications. Please set the heap size to the default value (10240) 
[1447441836.155162] [node004:23590:0]         sys.c:719  MXM  WARN  Conflicting CPU frequencies detected, using: 2310.38
[1447441836.161083] [node004:23590:0]         mxm.c:185  MXM  WARN  The 'ulimit -s' on the system is set to 'unlimited'. This may have negative performance implications. Please set the heap size to the default value (10240) 
[1447441836.155545] [node004:23593:0]         sys.c:719  MXM  WARN  Conflicting CPU frequencies detected, using: 2310.38
[1447441836.160886] [node004:23593:0]         mxm.c:185  MXM  WARN  The 'ulimit -s' on the system is set to 'unlimited'. This may have negative performance implications. Please set the heap size to the default value (10240) 
[1447441836.155990] [node004:23594:0]         sys.c:719  MXM  WARN  Conflicting CPU frequencies detected, using: 2310.38
[1447441836.161426] [node004:23594:0]         mxm.c:185  MXM  WARN  The 'ulimit -s' on the system is set to 'unlimited'. This may have negative performance implications. Please set the heap size to the default value (10240) 
[1447441836.156111] [node004:23595:0]         sys.c:719  MXM  WARN  Conflicting CPU frequencies detected, using: 2310.38
[1447441836.162053] [node004:23595:0]         mxm.c:185  MXM  WARN  The 'ulimit -s' on the system is set to 'unlimited'. This may have negative performance implications. Please set the heap size to the default value (10240) 
[1447441836.155801] [node004:23592:0]         sys.c:719  MXM  WARN  Conflicting CPU frequencies detected, using: 2310.38
[1447441836.162717] [node004:23592:0]         mxm.c:185  MXM  WARN  The 'ulimit -s' on the system is set to 'unlimited'. This may have negative performance implications. Please set the heap size to the default value (10240) 
[1447441836.156309] [node004:23596:0]         sys.c:719  MXM  WARN  Conflicting CPU frequencies detected, using: 2310.38
[1447441836.162169] [node004:23596:0]         mxm.c:185  MXM  WARN  The 'ulimit -s' on the system is set to 'unlimited'. This may have negative performance implications. Please set the heap size to the default value (10240) 
[1447441836.468973] [node007:20300:0]         sys.c:719  MXM  WARN  Conflicting CPU frequencies detected, using: 2400.00
[1447441836.472325] [node007:20300:0]         mxm.c:185  MXM  WARN  The 'ulimit -s' on the system is set to 'unlimited'. This may have negative performance implications. Please set the heap size to the default value (10240) 
[1447441836.511774] [node005:3069 :0]         sys.c:719  MXM  WARN  Conflicting CPU frequencies detected, using: 2400.00
[1447441836.514916] [node005:3069 :0]         mxm.c:185  MXM  WARN  The 'ulimit -s' on the system is set to 'unlimited'. This may have negative performance implications. Please set the heap size to the default value (10240) 
[1447441836.516254] [node005:3071 :0]         sys.c:719  MXM  WARN  Conflicting CPU frequencies detected, using: 2399.91
[1447441836.519100] [node005:3071 :0]         mxm.c:185  MXM  WARN  The 'ulimit -s' on the system is set to 'unlimited'. This may have negative performance implications. Please set the heap size to the default value (10240) 
[1447441836.517464] [node005:3070 :0]         sys.c:719  MXM  WARN  Conflicting CPU frequencies detected, using: 2399.91
[1447441836.521648] [node005:3070 :0]         mxm.c:185  MXM  WARN  The 'ulimit -s' on the system is set to 'unlimited'. This may have negative performance implications. Please set the heap size to the default value (10240) 
[1447441836.535304] [node005:3127 :0]         sys.c:719  MXM  WARN  Conflicting CPU frequencies detected, using: 2400.00
[1447441836.538790] [node005:3127 :0]         mxm.c:185  MXM  WARN  The 'ulimit -s' on the system is set to 'unlimited'. This may have negative performance implications. Please set the heap size to the default value (10240) 
[1447441836.540318] [node005:3124 :0]         sys.c:719  MXM  WARN  Conflicting CPU frequencies detected, using: 2399.91
[1447441836.543121] [node005:3124 :0]         mxm.c:185  MXM  WARN  The 'ulimit -s' on the system is set to 'unlimited'. This may have negative performance implications. Please set the heap size to the default value (10240) 
[1447441836.576874] [node007:20339:0]         sys.c:719  MXM  WARN  Conflicting CPU frequencies detected, using: 2399.91
[1447441836.580712] [node007:20339:0]         mxm.c:185  MXM  WARN  The 'ulimit -s' on the system is set to 'unlimited'. This may have negative performance implications. Please set the heap size to the default value (10240) 
[1447441836.538771] [node006:2333 :0]         sys.c:719  MXM  WARN  Conflicting CPU frequencies detected, using: 2674.31
[1447441836.542623] [node006:2333 :0]         mxm.c:185  MXM  WARN  The 'ulimit -s' on the system is set to 'unlimited'. This may have negative performance implications. Please set the heap size to the default value (10240) 
[1447441836.569173] [node007:20336:0]         sys.c:719  MXM  WARN  Conflicting CPU frequencies detected, using: 2399.91
[1447441836.573824] [node007:20336:0]         mxm.c:185  MXM  WARN  The 'ulimit -s' on the system is set to 'unlimited'. This may have negative performance implications. Please set the heap size to the default value (10240) 
[1447441836.550351] [node006:2297 :0]         sys.c:719  MXM  WARN  Conflicting CPU frequencies detected, using: 2674.31
[1447441836.553162] [node006:2297 :0]         mxm.c:185  MXM  WARN  The 'ulimit -s' on the system is set to 'unlimited'. This may have negative performance implications. Please set the heap size to the default value (10240) 
[1447441836.545451] [node006:2334 :0]         sys.c:719  MXM  WARN  Conflicting CPU frequencies detected, using: 2674.31
[1447441836.550865] [node006:2334 :0]         mxm.c:185  MXM  WARN  The 'ulimit -s' on the system is set to 'unlimited'. This may have negative performance implications. Please set the heap size to the default value (10240) 
[1447441836.542141] [node006:2313 :0]         sys.c:719  MXM  WARN  Conflicting CPU frequencies detected, using: 2674.31
[1447441836.549145] [node006:2313 :0]         mxm.c:185  MXM  WARN  The 'ulimit -s' on the system is set to 'unlimited'. This may have negative performance implications. Please set the heap size to the default value (10240) 
[1447441836.585849] [node007:20333:0]         sys.c:719  MXM  WARN  Conflicting CPU frequencies detected, using: 2399.91
[1447441836.588791] [node007:20333:0]         mxm.c:185  MXM  WARN  The 'ulimit -s' on the system is set to 'unlimited'. This may have negative performance implications. Please set the heap size to the default value (10240) 
[1447441836.555564] [node005:3120 :0]         sys.c:719  MXM  WARN  Conflicting CPU frequencies detected, using: 2400.28
[1447441836.558185] [node005:3120 :0]         mxm.c:185  MXM  WARN  The 'ulimit -s' on the system is set to 'unlimited'. This may have negative performance implications. Please set the heap size to the default value (10240) 
[1447441836.566793] [node005:3123 :0]         sys.c:719  MXM  WARN  Conflicting CPU frequencies detected, using: 2400.75
[1447441836.569679] [node005:3123 :0]         mxm.c:185  MXM  WARN  The 'ulimit -s' on the system is set to 'unlimited'. This may have negative performance implications. Please set the heap size to the default value (10240) 
[1447441836.538871] [node006:2299 :0]         sys.c:719  MXM  WARN  Conflicting CPU frequencies detected, using: 2674.31
[1447441836.542167] [node006:2299 :0]         mxm.c:185  MXM  WARN  The 'ulimit -s' on the system is set to 'unlimited'. This may have negative performance implications. Please set the heap size to the default value (10240) 
[1447441836.551624] [node007:20335:0]         sys.c:719  MXM  WARN  Conflicting CPU frequencies detected, using: 2400.00
[1447441836.555063] [node007:20335:0]         mxm.c:185  MXM  WARN  The 'ulimit -s' on the system is set to 'unlimited'. This may have negative performance implications. Please set the heap size to the default value (10240) 
[1447441836.571012] [node005:3128 :0]         sys.c:719  MXM  WARN  Conflicting CPU frequencies detected, using: 2400.75
[1447441836.575503] [node005:3128 :0]         mxm.c:185  MXM  WARN  The 'ulimit -s' on the system is set to 'unlimited'. This may have negative performance implications. Please set the heap size to the default value (10240) 
[1447441836.548210] [node007:20320:0]         sys.c:719  MXM  WARN  Conflicting CPU frequencies detected, using: 2400.00
[1447441836.551692] [node007:20320:0]         mxm.c:185  MXM  WARN  The 'ulimit -s' on the system is set to 'unlimited'. This may have negative performance implications. Please set the heap size to the default value (10240) 
[1447441836.571875] [node007:20337:0]         sys.c:719  MXM  WARN  Conflicting CPU frequencies detected, using: 2399.91
[1447441836.575136] [node007:20337:0]         mxm.c:185  MXM  WARN  The 'ulimit -s' on the system is set to 'unlimited'. This may have negative performance implications. Please set the heap size to the default value (10240) 
[1447441836.541633] [node006:2316 :0]         sys.c:719  MXM  WARN  Conflicting CPU frequencies detected, using: 2674.31
[1447441836.544514] [node006:2316 :0]         mxm.c:185  MXM  WARN  The 'ulimit -s' on the system is set to 'unlimited'. This may have negative performance implications. Please set the heap size to the default value (10240) 
[1447441836.553658] [node007:20318:0]         sys.c:719  MXM  WARN  Conflicting CPU frequencies detected, using: 2399.72
[1447441836.556262] [node007:20318:0]         mxm.c:185  MXM  WARN  The 'ulimit -s' on the system is set to 'unlimited'. This may have negative performance implications. Please set the heap size to the default value (10240) 
[1447441836.561854] [node006:2326 :0]         sys.c:719  MXM  WARN  Conflicting CPU frequencies detected, using: 2674.31
[1447441836.566368] [node006:2326 :0]         mxm.c:185  MXM  WARN  The 'ulimit -s' on the system is set to 'unlimited'. This may have negative performance implications. Please set the heap size to the default value (10240) 
[1447441836.533108] [node006:2332 :0]         sys.c:719  MXM  WARN  Conflicting CPU frequencies detected, using: 2674.31
[1447441836.537995] [node006:2332 :0]         mxm.c:185  MXM  WARN  The 'ulimit -s' on the system is set to 'unlimited'. This may have negative performance implications. Please set the heap size to the default value (10240) 
UPCR: UPC thread  0 of 32 on node004 (pshm node 0 of 4, process  0 of 32, pid=23589)
UPCR: UPC thread  5 of 32 on node004 (pshm node 0 of 4, process  5 of 32, pid=23594)
UPCR: UPC thread  3 of 32 on node004 (pshm node 0 of 4, process  3 of 32, pid=23592)
UPCR: UPC thread  6 of 32 on node004 (pshm node 0 of 4, process  6 of 32, pid=23595)
UPCR: UPC thread  1 of 32 on node004 (pshm node 0 of 4, process  1 of 32, pid=23590)
UPCR: UPC thread  2 of 32 on node004 (pshm node 0 of 4, process  2 of 32, pid=23591)
UPCR: UPC thread  4 of 32 on node004 (pshm node 0 of 4, process  4 of 32, pid=23593)
UPCR: UPC thread  7 of 32 on node004 (pshm node 0 of 4, process  7 of 32, pid=23596)
UPCR: UPC thread  9 of 32 on node005 (pshm node 1 of 4, process  9 of 32, pid=3128)
UPCR: UPC thread 10 of 32 on node005 (pshm node 1 of 4, process 10 of 32, pid=3123)
UPCR: UPC thread 19 of 32 on node006 (pshm node 2 of 4, process 19 of 32, pid=2297)
UPCR: UPC thread 24 of 32 on node007 (pshm node 3 of 4, process 24 of 32, pid=20339)
UPCR: UPC thread 26 of 32 on node007 (pshm node 3 of 4, process 26 of 32, pid=20333)
UPCR: UPC thread 29 of 32 on node007 (pshm node 3 of 4, process 29 of 32, pid=20318)
UPCR: UPC thread 15 of 32 on node005 (pshm node 1 of 4, process 15 of 32, pid=3069)
UPCR: UPC thread 25 of 32 on node007 (pshm node 3 of 4, process 25 of 32, pid=20337)
UPCR: UPC thread 27 of 32 on node007 (pshm node 3 of 4, process 27 of 32, pid=20320)
UPCR: UPC thread 28 of 32 on node007 (pshm node 3 of 4, process 28 of 32, pid=20335)
UPCR: UPC thread 30 of 32 on node007 (pshm node 3 of 4, process 30 of 32, pid=20336)
UPCR: UPC thread 13 of 32 on node005 (pshm node 1 of 4, process 13 of 32, pid=3070)
UPCR: UPC thread 11 of 32 on node005 (pshm node 1 of 4, process 11 of 32, pid=3127)
UPCR: UPC thread 23 of 32 on node006 (pshm node 2 of 4, process 23 of 32, pid=2313)
UPCR: UPC thread 22 of 32 on node006 (pshm node 2 of 4, process 22 of 32, pid=2332)
UPCR: UPC thread 18 of 32 on node006 (pshm node 2 of 4, process 18 of 32, pid=2326)
UPCR: UPC thread 31 of 32 on node007 (pshm node 3 of 4, process 31 of 32, pid=20300)
UPCR: UPC thread 12 of 32 on node005 (pshm node 1 of 4, process 12 of 32, pid=3124)
UPCR: UPC thread 16 of 32 on node006 (pshm node 2 of 4, process 16 of 32, pid=2334)
UPCR: UPC thread 20 of 32 on node006 (pshm node 2 of 4, process 20 of 32, pid=2299)
UPCR: UPC thread 17 of 32 on node006 (pshm node 2 of 4, process 17 of 32, pid=2316)
UPCR: UPC thread 21 of 32 on node006 (pshm node 2 of 4, process 21 of 32, pid=2333)
UPCR: UPC thread 14 of 32 on node005 (pshm node 1 of 4, process 14 of 32, pid=3120)
UPCR: UPC thread  8 of 32 on node005 (pshm node 1 of 4, process  8 of 32, pid=3071)
0/32 - htable initialized
0/32 - table size: 34359738368 bytes (32768 MB)
0/32 - total number of buckets: 4294967296
0/32 - block size: 1073741824 (1024 MB)
0/32 - number of buckets in block: 134217728
0/32 - number of blocks: 32
30/32 - Performed a throughput benchmark:
30/32 - Performed 2000000 find-or-put operations with random values from [0,...,147199999]
30/32 - Finds: 365296 (0.182648), Inserts: 1634704 (0.817352), Errors: 0 (0)
30/32 - Execution time: 13.061 seconds
30/32 - Throughput: 153128 ops/sec
17/32 - Performed a throughput benchmark:
17/32 - Performed 2000000 find-or-put operations with random values from [0,...,147199999]
17/32 - Finds: 370506 (0.185253), Inserts: 1629494 (0.814747), Errors: 0 (0)
17/32 - Execution time: 13.2592 seconds
17/32 - Throughput: 150839 ops/sec
20/32 - Performed a throughput benchmark:
20/32 - Performed 2000000 find-or-put operations with random values from [0,...,147199999]
20/32 - Finds: 370165 (0.185083), Inserts: 1629835 (0.814917), Errors: 0 (0)
20/32 - Execution time: 13.2398 seconds
20/32 - Throughput: 151060 ops/sec
21/32 - Performed a throughput benchmark:
21/32 - Performed 2000000 find-or-put operations with random values from [0,...,147199999]
21/32 - Finds: 369340 (0.18467), Inserts: 1630660 (0.81533), Errors: 0 (0)
21/32 - Execution time: 13.2397 seconds
21/32 - Throughput: 151061 ops/sec
19/32 - Performed a throughput benchmark:
19/32 - Performed 2000000 find-or-put operations with random values from [0,...,147199999]
19/32 - Finds: 369675 (0.184837), Inserts: 1630325 (0.815163), Errors: 0 (0)
19/32 - Execution time: 13.2303 seconds
19/32 - Throughput: 151168 ops/sec
9/32 - Performed a throughput benchmark:
9/32 - Performed 2000000 find-or-put operations with random values from [0,...,147199999]
9/32 - Finds: 370680 (0.18534), Inserts: 1629320 (0.81466), Errors: 0 (0)
9/32 - Execution time: 13.2884 seconds
9/32 - Throughput: 150507 ops/sec
8/32 - Performed a throughput benchmark:
8/32 - Performed 2000000 find-or-put operations with random values from [0,...,147199999]
8/32 - Finds: 372016 (0.186008), Inserts: 1627984 (0.813992), Errors: 0 (0)
8/32 - Execution time: 13.3204 seconds
8/32 - Throughput: 150145 ops/sec
15/32 - Performed a throughput benchmark:
15/32 - Performed 2000000 find-or-put operations with random values from [0,...,147199999]
15/32 - Finds: 370430 (0.185215), Inserts: 1629570 (0.814785), Errors: 0 (0)
15/32 - Execution time: 13.3137 seconds
15/32 - Throughput: 150221 ops/sec
11/32 - Performed a throughput benchmark:
11/32 - Performed 2000000 find-or-put operations with random values from [0,...,147199999]
11/32 - Finds: 370824 (0.185412), Inserts: 1629176 (0.814588), Errors: 0 (0)
11/32 - Execution time: 13.3009 seconds
11/32 - Throughput: 150366 ops/sec
13/32 - Performed a throughput benchmark:
13/32 - Performed 2000000 find-or-put operations with random values from [0,...,147199999]
13/32 - Finds: 370425 (0.185213), Inserts: 1629575 (0.814787), Errors: 0 (0)
13/32 - Execution time: 13.2977 seconds
13/32 - Throughput: 150402 ops/sec
3/32 - Performed a throughput benchmark:
3/32 - Performed 2000000 find-or-put operations with random values from [0,...,147199999]
3/32 - Finds: 377044 (0.188522), Inserts: 1622956 (0.811478), Errors: 0 (0)
3/32 - Execution time: 13.6199 seconds
3/32 - Throughput: 146844 ops/sec
26/32 - Performed a throughput benchmark:
26/32 - Performed 2000000 find-or-put operations with random values from [0,...,147199999]
26/32 - Finds: 376671 (0.188335), Inserts: 1623329 (0.811665), Errors: 0 (0)
26/32 - Execution time: 13.6108 seconds
26/32 - Throughput: 146942 ops/sec
14/32 - Performed a throughput benchmark:
14/32 - Performed 2000000 find-or-put operations with random values from [0,...,147199999]
14/32 - Finds: 376786 (0.188393), Inserts: 1623214 (0.811607), Errors: 0 (0)
14/32 - Execution time: 13.6339 seconds
14/32 - Throughput: 146693 ops/sec
7/32 - Performed a throughput benchmark:
7/32 - Performed 2000000 find-or-put operations with random values from [0,...,147199999]
7/32 - Finds: 381075 (0.190537), Inserts: 1618925 (0.809462), Errors: 0 (0)
7/32 - Execution time: 13.7321 seconds
7/32 - Throughput: 145644 ops/sec
25/32 - Performed a throughput benchmark:
25/32 - Performed 2000000 find-or-put operations with random values from [0,...,147199999]
25/32 - Finds: 381210 (0.190605), Inserts: 1618790 (0.809395), Errors: 0 (0)
25/32 - Execution time: 13.6977 seconds
25/32 - Throughput: 146010 ops/sec
6/32 - Performed a throughput benchmark:
6/32 - Performed 2000000 find-or-put operations with random values from [0,...,147199999]
6/32 - Finds: 383603 (0.191802), Inserts: 1616397 (0.808199), Errors: 0 (0)
6/32 - Execution time: 13.7761 seconds
6/32 - Throughput: 145179 ops/sec
5/32 - Performed a throughput benchmark:
5/32 - Performed 2000000 find-or-put operations with random values from [0,...,147199999]
5/32 - Finds: 383268 (0.191634), Inserts: 1616732 (0.808366), Errors: 0 (0)
5/32 - Execution time: 13.7818 seconds
5/32 - Throughput: 145119 ops/sec
29/32 - Performed a throughput benchmark:
29/32 - Performed 2000000 find-or-put operations with random values from [0,...,147199999]
29/32 - Finds: 379446 (0.189723), Inserts: 1620554 (0.810277), Errors: 0 (0)
29/32 - Execution time: 13.6906 seconds
29/32 - Throughput: 146086 ops/sec
18/32 - Performed a throughput benchmark:
18/32 - Performed 2000000 find-or-put operations with random values from [0,...,147199999]
18/32 - Finds: 380775 (0.190387), Inserts: 1619225 (0.809612), Errors: 0 (0)
18/32 - Execution time: 13.7083 seconds
18/32 - Throughput: 145897 ops/sec
22/32 - Performed a throughput benchmark:
22/32 - Performed 2000000 find-or-put operations with random values from [0,...,147199999]
22/32 - Finds: 381803 (0.190902), Inserts: 1618197 (0.809099), Errors: 0 (0)
22/32 - Execution time: 13.7796 seconds
22/32 - Throughput: 145142 ops/sec
23/32 - Performed a throughput benchmark:
23/32 - Performed 2000000 find-or-put operations with random values from [0,...,147199999]
23/32 - Finds: 382587 (0.191294), Inserts: 1617413 (0.808706), Errors: 0 (0)
23/32 - Execution time: 13.7821 seconds
23/32 - Throughput: 145116 ops/sec
16/32 - Performed a throughput benchmark:
16/32 - Performed 2000000 find-or-put operations with random values from [0,...,147199999]
16/32 - Finds: 382789 (0.191394), Inserts: 1617211 (0.808605), Errors: 0 (0)
16/32 - Execution time: 13.7718 seconds
16/32 - Throughput: 145224 ops/sec
28/32 - Performed a throughput benchmark:
28/32 - Performed 2000000 find-or-put operations with random values from [0,...,147199999]
28/32 - Finds: 383829 (0.191914), Inserts: 1616171 (0.808086), Errors: 0 (0)
28/32 - Execution time: 13.8107 seconds
28/32 - Throughput: 144816 ops/sec
4/32 - Performed a throughput benchmark:
4/32 - Performed 2000000 find-or-put operations with random values from [0,...,147199999]
4/32 - Finds: 383196 (0.191598), Inserts: 1616804 (0.808402), Errors: 0 (0)
4/32 - Execution time: 13.8162 seconds
4/32 - Throughput: 144758 ops/sec
1/32 - Performed a throughput benchmark:
1/32 - Performed 2000000 find-or-put operations with random values from [0,...,147199999]
1/32 - Finds: 383265 (0.191633), Inserts: 1616735 (0.808368), Errors: 0 (0)
1/32 - Execution time: 13.8216 seconds
1/32 - Throughput: 144701 ops/sec
10/32 - Performed a throughput benchmark:
10/32 - Performed 2000000 find-or-put operations with random values from [0,...,147199999]
10/32 - Finds: 381279 (0.190639), Inserts: 1618721 (0.809361), Errors: 0 (0)
10/32 - Execution time: 13.7467 seconds
10/32 - Throughput: 145489 ops/sec
0/32 - Performed a throughput benchmark:
0/32 - Performed 2000000 find-or-put operations with random values from [0,...,147199999]
0/32 - Finds: 383878 (0.191939), Inserts: 1616122 (0.808061), Errors: 0 (0)
0/32 - Execution time: 13.8159 seconds
0/32 - Throughput: 144761 ops/sec
2/32 - Performed a throughput benchmark:
2/32 - Performed 2000000 find-or-put operations with random values from [0,...,147199999]
2/32 - Finds: 385842 (0.192921), Inserts: 1614158 (0.807079), Errors: 0 (0)
2/32 - Execution time: 13.8517 seconds
2/32 - Throughput: 144386 ops/sec
24/32 - Performed a throughput benchmark:
24/32 - Performed 2000000 find-or-put operations with random values from [0,...,147199999]
24/32 - Finds: 383578 (0.191789), Inserts: 1616422 (0.808211), Errors: 0 (0)
24/32 - Execution time: 13.8383 seconds
24/32 - Throughput: 144526 ops/sec
12/32 - Performed a throughput benchmark:
12/32 - Performed 2000000 find-or-put operations with random values from [0,...,147199999]
12/32 - Finds: 384689 (0.192345), Inserts: 1615311 (0.807655), Errors: 0 (0)
12/32 - Execution time: 13.8278 seconds
12/32 - Throughput: 144636 ops/sec
27/32 - Performed a throughput benchmark:
27/32 - Performed 2000000 find-or-put operations with random values from [0,...,147199999]
27/32 - Finds: 384602 (0.192301), Inserts: 1615398 (0.807699), Errors: 0 (0)
27/32 - Execution time: 13.8291 seconds
27/32 - Throughput: 144623 ops/sec
31/32 - Performed a throughput benchmark:
31/32 - Performed 2000000 find-or-put operations with random values from [0,...,147199999]
31/32 - Finds: 381380 (0.19069), Inserts: 1618620 (0.80931), Errors: 0 (0)
31/32 - Execution time: 13.8053 seconds
31/32 - Throughput: 144872 ops/sec
[1447441836.137563] [node004:23543:0]         sys.c:719  MXM  WARN  Conflicting CPU frequencies detected, using: 2400.00
