[1447441866.208094] [node004:23758:0]         sys.c:719  MXM  WARN  Conflicting CPU frequencies detected, using: 2542.69
[1447441866.218480] [node004:23758:0]         mxm.c:185  MXM  WARN  The 'ulimit -s' on the system is set to 'unlimited'. This may have negative performance implications. Please set the heap size to the default value (10240) 
[1447441866.205167] [node004:23751:0]         sys.c:719  MXM  WARN  Conflicting CPU frequencies detected, using: 2542.69
[1447441866.217187] [node004:23751:0]         mxm.c:185  MXM  WARN  The 'ulimit -s' on the system is set to 'unlimited'. This may have negative performance implications. Please set the heap size to the default value (10240) 
[1447441866.208110] [node004:23757:0]         sys.c:719  MXM  WARN  Conflicting CPU frequencies detected, using: 2542.69
[1447441866.217292] [node004:23757:0]         mxm.c:185  MXM  WARN  The 'ulimit -s' on the system is set to 'unlimited'. This may have negative performance implications. Please set the heap size to the default value (10240) 
[1447441866.207208] [node004:23752:0]         sys.c:719  MXM  WARN  Conflicting CPU frequencies detected, using: 2542.69
[1447441866.216274] [node004:23752:0]         mxm.c:185  MXM  WARN  The 'ulimit -s' on the system is set to 'unlimited'. This may have negative performance implications. Please set the heap size to the default value (10240) 
[1447441866.208651] [node004:23759:0]         sys.c:719  MXM  WARN  Conflicting CPU frequencies detected, using: 2542.69
[1447441866.216492] [node004:23759:0]         mxm.c:185  MXM  WARN  The 'ulimit -s' on the system is set to 'unlimited'. This may have negative performance implications. Please set the heap size to the default value (10240) 
[1447441866.207188] [node004:23754:0]         sys.c:719  MXM  WARN  Conflicting CPU frequencies detected, using: 2542.69
[1447441866.216188] [node004:23754:0]         mxm.c:185  MXM  WARN  The 'ulimit -s' on the system is set to 'unlimited'. This may have negative performance implications. Please set the heap size to the default value (10240) 
[1447441866.208814] [node004:23761:0]         sys.c:719  MXM  WARN  Conflicting CPU frequencies detected, using: 2542.69
[1447441866.217581] [node004:23761:0]         mxm.c:185  MXM  WARN  The 'ulimit -s' on the system is set to 'unlimited'. This may have negative performance implications. Please set the heap size to the default value (10240) 
[1447441866.207219] [node004:23755:0]         sys.c:719  MXM  WARN  Conflicting CPU frequencies detected, using: 2542.69
[1447441866.217373] [node004:23755:0]         mxm.c:185  MXM  WARN  The 'ulimit -s' on the system is set to 'unlimited'. This may have negative performance implications. Please set the heap size to the default value (10240) 
[1447441866.207274] [node004:23756:0]         sys.c:719  MXM  WARN  Conflicting CPU frequencies detected, using: 2542.69
[1447441866.216777] [node004:23756:0]         mxm.c:185  MXM  WARN  The 'ulimit -s' on the system is set to 'unlimited'. This may have negative performance implications. Please set the heap size to the default value (10240) 
[1447441866.206704] [node004:23760:0]         sys.c:719  MXM  WARN  Conflicting CPU frequencies detected, using: 2542.69
[1447441866.218780] [node004:23760:0]         mxm.c:185  MXM  WARN  The 'ulimit -s' on the system is set to 'unlimited'. This may have negative performance implications. Please set the heap size to the default value (10240) 
[1447441866.209220] [node004:23762:0]         sys.c:719  MXM  WARN  Conflicting CPU frequencies detected, using: 2542.69
[1447441866.222283] [node004:23762:0]         mxm.c:185  MXM  WARN  The 'ulimit -s' on the system is set to 'unlimited'. This may have negative performance implications. Please set the heap size to the default value (10240) 
[1447441866.207204] [node004:23753:0]         sys.c:719  MXM  WARN  Conflicting CPU frequencies detected, using: 2542.69
[1447441866.216636] [node004:23753:0]         mxm.c:185  MXM  WARN  The 'ulimit -s' on the system is set to 'unlimited'. This may have negative performance implications. Please set the heap size to the default value (10240) 
[1447441866.530081] [node007:21021:0]         sys.c:719  MXM  WARN  Conflicting CPU frequencies detected, using: 2400.00
[1447441866.533016] [node007:21021:0]         mxm.c:185  MXM  WARN  The 'ulimit -s' on the system is set to 'unlimited'. This may have negative performance implications. Please set the heap size to the default value (10240) 
[1447441866.623491] [node007:21038:0]         sys.c:719  MXM  WARN  Conflicting CPU frequencies detected, using: 2400.19
[1447441866.626689] [node007:21038:0]         mxm.c:185  MXM  WARN  The 'ulimit -s' on the system is set to 'unlimited'. This may have negative performance implications. Please set the heap size to the default value (10240) 
[1447441866.626317] [node007:21044:0]         sys.c:719  MXM  WARN  Conflicting CPU frequencies detected, using: 2400.19
[1447441866.629349] [node007:21044:0]         mxm.c:185  MXM  WARN  The 'ulimit -s' on the system is set to 'unlimited'. This may have negative performance implications. Please set the heap size to the default value (10240) 
[1447441866.630428] [node006:3038 :0]         sys.c:719  MXM  WARN  Conflicting CPU frequencies detected, using: 2400.00
[1447441866.633106] [node006:3038 :0]         mxm.c:185  MXM  WARN  The 'ulimit -s' on the system is set to 'unlimited'. This may have negative performance implications. Please set the heap size to the default value (10240) 
[1447441866.630506] [node005:3809 :0]         sys.c:719  MXM  WARN  Conflicting CPU frequencies detected, using: 2400.00
[1447441866.633304] [node005:3809 :0]         mxm.c:185  MXM  WARN  The 'ulimit -s' on the system is set to 'unlimited'. This may have negative performance implications. Please set the heap size to the default value (10240) 
[1447441866.631957] [node005:3814 :0]         sys.c:719  MXM  WARN  Conflicting CPU frequencies detected, using: 2400.00
[1447441866.634912] [node005:3814 :0]         mxm.c:185  MXM  WARN  The 'ulimit -s' on the system is set to 'unlimited'. This may have negative performance implications. Please set the heap size to the default value (10240) 
[1447441866.629877] [node006:3040 :0]         sys.c:719  MXM  WARN  Conflicting CPU frequencies detected, using: 2400.00
[1447441866.632765] [node006:3040 :0]         mxm.c:185  MXM  WARN  The 'ulimit -s' on the system is set to 'unlimited'. This may have negative performance implications. Please set the heap size to the default value (10240) 
[1447441866.633233] [node005:3816 :0]         sys.c:719  MXM  WARN  Conflicting CPU frequencies detected, using: 2400.00
[1447441866.636660] [node005:3816 :0]         mxm.c:185  MXM  WARN  The 'ulimit -s' on the system is set to 'unlimited'. This may have negative performance implications. Please set the heap size to the default value (10240) 
[1447441866.623962] [node006:3037 :0]         sys.c:719  MXM  WARN  Conflicting CPU frequencies detected, using: 2400.00
[1447441866.627627] [node006:3037 :0]         mxm.c:185  MXM  WARN  The 'ulimit -s' on the system is set to 'unlimited'. This may have negative performance implications. Please set the heap size to the default value (10240) 
[1447441866.640663] [node005:3833 :0]         sys.c:719  MXM  WARN  Conflicting CPU frequencies detected, using: 2400.00
[1447441866.643922] [node005:3833 :0]         mxm.c:185  MXM  WARN  The 'ulimit -s' on the system is set to 'unlimited'. This may have negative performance implications. Please set the heap size to the default value (10240) 
[1447441866.641254] [node006:3039 :0]         sys.c:719  MXM  WARN  Conflicting CPU frequencies detected, using: 2400.00
[1447441866.644916] [node006:3039 :0]         mxm.c:185  MXM  WARN  The 'ulimit -s' on the system is set to 'unlimited'. This may have negative performance implications. Please set the heap size to the default value (10240) 
[1447441866.645004] [node005:3874 :0]         sys.c:719  MXM  WARN  Conflicting CPU frequencies detected, using: 2400.00
[1447441866.647663] [node005:3874 :0]         mxm.c:185  MXM  WARN  The 'ulimit -s' on the system is set to 'unlimited'. This may have negative performance implications. Please set the heap size to the default value (10240) 
[1447441866.641967] [node006:3061 :0]         sys.c:719  MXM  WARN  Conflicting CPU frequencies detected, using: 2400.00
[1447441866.645369] [node006:3061 :0]         mxm.c:185  MXM  WARN  The 'ulimit -s' on the system is set to 'unlimited'. This may have negative performance implications. Please set the heap size to the default value (10240) 
[1447441866.644589] [node005:4000 :0]         sys.c:719  MXM  WARN  Conflicting CPU frequencies detected, using: 2400.00
[1447441866.648104] [node005:4000 :0]         mxm.c:185  MXM  WARN  The 'ulimit -s' on the system is set to 'unlimited'. This may have negative performance implications. Please set the heap size to the default value (10240) 
[1447441866.642853] [node005:3841 :0]         sys.c:719  MXM  WARN  Conflicting CPU frequencies detected, using: 2400.00
[1447441866.645912] [node005:3841 :0]         mxm.c:185  MXM  WARN  The 'ulimit -s' on the system is set to 'unlimited'. This may have negative performance implications. Please set the heap size to the default value (10240) 
[1447441866.642480] [node005:3812 :0]         sys.c:719  MXM  WARN  Conflicting CPU frequencies detected, using: 2400.00
[1447441866.645044] [node005:3812 :0]         mxm.c:185  MXM  WARN  The 'ulimit -s' on the system is set to 'unlimited'. This may have negative performance implications. Please set the heap size to the default value (10240) 
[1447441866.650901] [node005:3867 :0]         sys.c:719  MXM  WARN  Conflicting CPU frequencies detected, using: 2400.00
[1447441866.655064] [node005:3867 :0]         mxm.c:185  MXM  WARN  The 'ulimit -s' on the system is set to 'unlimited'. This may have negative performance implications. Please set the heap size to the default value (10240) 
[1447441866.655976] [node007:21087:0]         sys.c:719  MXM  WARN  Conflicting CPU frequencies detected, using: 2400.00
[1447441866.658915] [node007:21087:0]         mxm.c:185  MXM  WARN  The 'ulimit -s' on the system is set to 'unlimited'. This may have negative performance implications. Please set the heap size to the default value (10240) 
[1447441866.655153] [node006:3108 :0]         sys.c:719  MXM  WARN  Conflicting CPU frequencies detected, using: 2400.00
[1447441866.658468] [node006:3108 :0]         mxm.c:185  MXM  WARN  The 'ulimit -s' on the system is set to 'unlimited'. This may have negative performance implications. Please set the heap size to the default value (10240) 
[1447441866.655281] [node006:3159 :0]         sys.c:719  MXM  WARN  Conflicting CPU frequencies detected, using: 2400.00
[1447441866.658314] [node006:3159 :0]         mxm.c:185  MXM  WARN  The 'ulimit -s' on the system is set to 'unlimited'. This may have negative performance implications. Please set the heap size to the default value (10240) 
[1447441866.656816] [node006:3085 :0]         sys.c:719  MXM  WARN  Conflicting CPU frequencies detected, using: 2400.00
[1447441866.659443] [node006:3085 :0]         mxm.c:185  MXM  WARN  The 'ulimit -s' on the system is set to 'unlimited'. This may have negative performance implications. Please set the heap size to the default value (10240) 
[1447441866.649639] [node005:3876 :0]         sys.c:719  MXM  WARN  Conflicting CPU frequencies detected, using: 2400.00
[1447441866.655078] [node005:3876 :0]         mxm.c:185  MXM  WARN  The 'ulimit -s' on the system is set to 'unlimited'. This may have negative performance implications. Please set the heap size to the default value (10240) 
[1447441866.665823] [node005:3863 :0]         sys.c:719  MXM  WARN  Conflicting CPU frequencies detected, using: 2400.00
[1447441866.669888] [node005:3863 :0]         mxm.c:185  MXM  WARN  The 'ulimit -s' on the system is set to 'unlimited'. This may have negative performance implications. Please set the heap size to the default value (10240) 
[1447441866.670966] [node005:3868 :0]         sys.c:719  MXM  WARN  Conflicting CPU frequencies detected, using: 2400.00
[1447441866.674389] [node005:3868 :0]         mxm.c:185  MXM  WARN  The 'ulimit -s' on the system is set to 'unlimited'. This may have negative performance implications. Please set the heap size to the default value (10240) 
[1447441866.657284] [node007:21116:0]         sys.c:719  MXM  WARN  Conflicting CPU frequencies detected, using: 2400.00
[1447441866.660460] [node007:21116:0]         mxm.c:185  MXM  WARN  The 'ulimit -s' on the system is set to 'unlimited'. This may have negative performance implications. Please set the heap size to the default value (10240) 
[1447441866.660338] [node006:3135 :0]         sys.c:719  MXM  WARN  Conflicting CPU frequencies detected, using: 2400.00
[1447441866.663399] [node006:3135 :0]         mxm.c:185  MXM  WARN  The 'ulimit -s' on the system is set to 'unlimited'. This may have negative performance implications. Please set the heap size to the default value (10240) 
[1447441866.656743] [node007:21062:0]         sys.c:719  MXM  WARN  Conflicting CPU frequencies detected, using: 2400.00
[1447441866.659440] [node007:21062:0]         mxm.c:185  MXM  WARN  The 'ulimit -s' on the system is set to 'unlimited'. This may have negative performance implications. Please set the heap size to the default value (10240) 
[1447441866.664285] [node006:3137 :0]         sys.c:719  MXM  WARN  Conflicting CPU frequencies detected, using: 2400.00
[1447441866.667097] [node006:3137 :0]         mxm.c:185  MXM  WARN  The 'ulimit -s' on the system is set to 'unlimited'. This may have negative performance implications. Please set the heap size to the default value (10240) 
[1447441866.662145] [node006:3140 :0]         sys.c:719  MXM  WARN  Conflicting CPU frequencies detected, using: 2400.00
[1447441866.665788] [node006:3140 :0]         mxm.c:185  MXM  WARN  The 'ulimit -s' on the system is set to 'unlimited'. This may have negative performance implications. Please set the heap size to the default value (10240) 
[1447441866.658047] [node007:21122:0]         sys.c:719  MXM  WARN  Conflicting CPU frequencies detected, using: 2400.00
[1447441866.662031] [node007:21122:0]         mxm.c:185  MXM  WARN  The 'ulimit -s' on the system is set to 'unlimited'. This may have negative performance implications. Please set the heap size to the default value (10240) 
[1447441866.672652] [node007:21043:0]         sys.c:719  MXM  WARN  Conflicting CPU frequencies detected, using: 2400.00
[1447441866.675585] [node007:21043:0]         mxm.c:185  MXM  WARN  The 'ulimit -s' on the system is set to 'unlimited'. This may have negative performance implications. Please set the heap size to the default value (10240) 
[1447441866.678595] [node006:3139 :0]         sys.c:719  MXM  WARN  Conflicting CPU frequencies detected, using: 2400.00
[1447441866.682347] [node006:3139 :0]         mxm.c:185  MXM  WARN  The 'ulimit -s' on the system is set to 'unlimited'. This may have negative performance implications. Please set the heap size to the default value (10240) 
[1447441866.671448] [node007:21125:0]         sys.c:719  MXM  WARN  Conflicting CPU frequencies detected, using: 2400.00
[1447441866.674685] [node007:21125:0]         mxm.c:185  MXM  WARN  The 'ulimit -s' on the system is set to 'unlimited'. This may have negative performance implications. Please set the heap size to the default value (10240) 
[1447441866.668055] [node007:21079:0]         sys.c:719  MXM  WARN  Conflicting CPU frequencies detected, using: 2400.00
[1447441866.670930] [node007:21079:0]         mxm.c:185  MXM  WARN  The 'ulimit -s' on the system is set to 'unlimited'. This may have negative performance implications. Please set the heap size to the default value (10240) 
[1447441866.681825] [node007:21063:0]         sys.c:719  MXM  WARN  Conflicting CPU frequencies detected, using: 2400.00
[1447441866.685139] [node007:21063:0]         mxm.c:185  MXM  WARN  The 'ulimit -s' on the system is set to 'unlimited'. This may have negative performance implications. Please set the heap size to the default value (10240) 
[1447441866.658014] [node007:21123:0]         sys.c:719  MXM  WARN  Conflicting CPU frequencies detected, using: 2400.00
[1447441866.661098] [node007:21123:0]         mxm.c:185  MXM  WARN  The 'ulimit -s' on the system is set to 'unlimited'. This may have negative performance implications. Please set the heap size to the default value (10240) 
UPCR: UPC thread 10 of 48 on node004 (pshm node 0 of 4, process 10 of 48, pid=23761)
UPCR: UPC thread  6 of 48 on node004 (pshm node 0 of 4, process  6 of 48, pid=23757)
UPCR: UPC thread  5 of 48 on node004 (pshm node 0 of 4, process  5 of 48, pid=23756)
UPCR: UPC thread  1 of 48 on node004 (pshm node 0 of 4, process  1 of 48, pid=23752)
UPCR: UPC thread  7 of 48 on node004 (pshm node 0 of 4, process  7 of 48, pid=23758)
UPCR: UPC thread  4 of 48 on node004 (pshm node 0 of 4, process  4 of 48, pid=23755)
UPCR: UPC thread  0 of 48 on node004 (pshm node 0 of 4, process  0 of 48, pid=23751)
UPCR: UPC thread  2 of 48 on node004 (pshm node 0 of 4, process  2 of 48, pid=23753)
UPCR: UPC thread  8 of 48 on node004 (pshm node 0 of 4, process  8 of 48, pid=23759)
UPCR: UPC thread 11 of 48 on node004 (pshm node 0 of 4, process 11 of 48, pid=23762)
UPCR: UPC thread  9 of 48 on node004 (pshm node 0 of 4, process  9 of 48, pid=23760)
UPCR: UPC thread  3 of 48 on node004 (pshm node 0 of 4, process  3 of 48, pid=23754)
UPCR: UPC thread 47 of 48 on node007 (pshm node 3 of 4, process 47 of 48, pid=21079)
UPCR: UPC thread 21 of 48 on node005 (pshm node 1 of 4, process 21 of 48, pid=3868)
UPCR: UPC thread 12 of 48 on node005 (pshm node 1 of 4, process 12 of 48, pid=3863)
UPCR: UPC thread 41 of 48 on node007 (pshm node 3 of 4, process 41 of 48, pid=21122)
UPCR: UPC thread 19 of 48 on node005 (pshm node 1 of 4, process 19 of 48, pid=3809)
UPCR: UPC thread 39 of 48 on node007 (pshm node 3 of 4, process 39 of 48, pid=21044)
UPCR: UPC thread 42 of 48 on node007 (pshm node 3 of 4, process 42 of 48, pid=21021)
UPCR: UPC thread 40 of 48 on node007 (pshm node 3 of 4, process 40 of 48, pid=21063)
UPCR: UPC thread 17 of 48 on node005 (pshm node 1 of 4, process 17 of 48, pid=3841)
UPCR: UPC thread 20 of 48 on node005 (pshm node 1 of 4, process 20 of 48, pid=3833)
UPCR: UPC thread 43 of 48 on node007 (pshm node 3 of 4, process 43 of 48, pid=21087)
UPCR: UPC thread 13 of 48 on node005 (pshm node 1 of 4, process 13 of 48, pid=3876)
UPCR: UPC thread 22 of 48 on node005 (pshm node 1 of 4, process 22 of 48, pid=3816)
UPCR: UPC thread 16 of 48 on node005 (pshm node 1 of 4, process 16 of 48, pid=3812)
UPCR: UPC thread 15 of 48 on node005 (pshm node 1 of 4, process 15 of 48, pid=3867)
UPCR: UPC thread 35 of 48 on node006 (pshm node 2 of 4, process 35 of 48, pid=3137)
UPCR: UPC thread 23 of 48 on node005 (pshm node 1 of 4, process 23 of 48, pid=3874)
UPCR: UPC thread 14 of 48 on node005 (pshm node 1 of 4, process 14 of 48, pid=3814)
UPCR: UPC thread 24 of 48 on node006 (pshm node 2 of 4, process 24 of 48, pid=3038)
UPCR: UPC thread 27 of 48 on node006 (pshm node 2 of 4, process 27 of 48, pid=3039)
UPCR: UPC thread 46 of 48 on node007 (pshm node 3 of 4, process 46 of 48, pid=21043)
UPCR: UPC thread 38 of 48 on node007 (pshm node 3 of 4, process 38 of 48, pid=21125)
UPCR: UPC thread 25 of 48 on node006 (pshm node 2 of 4, process 25 of 48, pid=3037)
UPCR: UPC thread 18 of 48 on node005 (pshm node 1 of 4, process 18 of 48, pid=4000)
UPCR: UPC thread 45 of 48 on node007 (pshm node 3 of 4, process 45 of 48, pid=21038)
UPCR: UPC thread 44 of 48 on node007 (pshm node 3 of 4, process 44 of 48, pid=21062)
UPCR: UPC thread 36 of 48 on node007 (pshm node 3 of 4, process 36 of 48, pid=21123)
UPCR: UPC thread 29 of 48 on node006 (pshm node 2 of 4, process 29 of 48, pid=3040)
UPCR: UPC thread 37 of 48 on node007 (pshm node 3 of 4, process 37 of 48, pid=21116)
UPCR: UPC thread 26 of 48 on node006 (pshm node 2 of 4, process 26 of 48, pid=3135)
UPCR: UPC thread 32 of 48 on node006 (pshm node 2 of 4, process 32 of 48, pid=3108)
UPCR: UPC thread 31 of 48 on node006 (pshm node 2 of 4, process 31 of 48, pid=3085)
UPCR: UPC thread 30 of 48 on node006 (pshm node 2 of 4, process 30 of 48, pid=3140)
UPCR: UPC thread 33 of 48 on node006 (pshm node 2 of 4, process 33 of 48, pid=3139)
UPCR: UPC thread 28 of 48 on node006 (pshm node 2 of 4, process 28 of 48, pid=3061)
UPCR: UPC thread 34 of 48 on node006 (pshm node 2 of 4, process 34 of 48, pid=3159)
0/48 - htable initialized
0/48 - table size: 51539607552 bytes (49152 MB)
0/48 - total number of buckets: 6442450944
0/48 - block size: 1073741824 (1024 MB)
0/48 - number of buckets in block: 134217728
0/48 - number of blocks: 48
9/48 - Performed a throughput benchmark:
9/48 - Performed 2000000 find-or-put operations with random values from [0,...,220799998]
9/48 - Finds: 356214 (0.178107), Inserts: 1643786 (0.821893), Errors: 0 (0)
9/48 - Execution time: 8.80984 seconds
9/48 - Throughput: 227019 ops/sec
8/48 - Performed a throughput benchmark:
8/48 - Performed 2000000 find-or-put operations with random values from [0,...,220799998]
8/48 - Finds: 355742 (0.177871), Inserts: 1644258 (0.822129), Errors: 0 (0)
8/48 - Execution time: 8.82007 seconds
8/48 - Throughput: 226756 ops/sec
10/48 - Performed a throughput benchmark:
10/48 - Performed 2000000 find-or-put operations with random values from [0,...,220799998]
10/48 - Finds: 357325 (0.178663), Inserts: 1642675 (0.821338), Errors: 0 (0)
10/48 - Execution time: 8.81928 seconds
10/48 - Throughput: 226776 ops/sec
11/48 - Performed a throughput benchmark:
11/48 - Performed 2000000 find-or-put operations with random values from [0,...,220799998]
11/48 - Finds: 355144 (0.177572), Inserts: 1644856 (0.822428), Errors: 0 (0)
11/48 - Execution time: 8.80818 seconds
11/48 - Throughput: 227062 ops/sec
21/48 - Performed a throughput benchmark:
21/48 - Performed 2000000 find-or-put operations with random values from [0,...,220799998]
21/48 - Finds: 357017 (0.178508), Inserts: 1642983 (0.821492), Errors: 0 (0)
21/48 - Execution time: 8.88602 seconds
21/48 - Throughput: 225073 ops/sec
23/48 - Performed a throughput benchmark:
23/48 - Performed 2000000 find-or-put operations with random values from [0,...,220799998]
23/48 - Finds: 358542 (0.179271), Inserts: 1641458 (0.820729), Errors: 0 (0)
23/48 - Execution time: 8.94804 seconds
23/48 - Throughput: 223513 ops/sec
44/48 - Performed a throughput benchmark:
44/48 - Performed 2000000 find-or-put operations with random values from [0,...,220799998]
44/48 - Finds: 359638 (0.179819), Inserts: 1640362 (0.820181), Errors: 0 (0)
44/48 - Execution time: 8.94515 seconds
44/48 - Throughput: 223585 ops/sec
35/48 - Performed a throughput benchmark:
35/48 - Performed 2000000 find-or-put operations with random values from [0,...,220799998]
35/48 - Finds: 359219 (0.17961), Inserts: 1640781 (0.820391), Errors: 0 (0)
35/48 - Execution time: 8.93322 seconds
35/48 - Throughput: 223884 ops/sec
32/48 - Performed a throughput benchmark:
32/48 - Performed 2000000 find-or-put operations with random values from [0,...,220799998]
32/48 - Finds: 358114 (0.179057), Inserts: 1641886 (0.820943), Errors: 0 (0)
32/48 - Execution time: 8.90506 seconds
32/48 - Throughput: 224591 ops/sec
34/48 - Performed a throughput benchmark:
34/48 - Performed 2000000 find-or-put operations with random values from [0,...,220799998]
34/48 - Finds: 359073 (0.179536), Inserts: 1640927 (0.820464), Errors: 0 (0)
34/48 - Execution time: 8.90058 seconds
34/48 - Throughput: 224705 ops/sec
45/48 - Performed a throughput benchmark:
45/48 - Performed 2000000 find-or-put operations with random values from [0,...,220799998]
45/48 - Finds: 362983 (0.181492), Inserts: 1637017 (0.818508), Errors: 0 (0)
45/48 - Execution time: 9.02097 seconds
45/48 - Throughput: 221706 ops/sec
20/48 - Performed a throughput benchmark:
20/48 - Performed 2000000 find-or-put operations with random values from [0,...,220799998]
20/48 - Finds: 364022 (0.182011), Inserts: 1635978 (0.817989), Errors: 0 (0)
20/48 - Execution time: 9.14321 seconds
20/48 - Throughput: 218742 ops/sec
33/48 - Performed a throughput benchmark:
33/48 - Performed 2000000 find-or-put operations with random values from [0,...,220799998]
33/48 - Finds: 366582 (0.183291), Inserts: 1633418 (0.816709), Errors: 0 (0)
33/48 - Execution time: 9.19323 seconds
33/48 - Throughput: 217551 ops/sec
22/48 - Performed a throughput benchmark:
22/48 - Performed 2000000 find-or-put operations with random values from [0,...,220799998]
22/48 - Finds: 365725 (0.182863), Inserts: 1634275 (0.817137), Errors: 0 (0)
22/48 - Execution time: 9.18121 seconds
22/48 - Throughput: 217836 ops/sec
46/48 - Performed a throughput benchmark:
46/48 - Performed 2000000 find-or-put operations with random values from [0,...,220799998]
46/48 - Finds: 365933 (0.182967), Inserts: 1634067 (0.817033), Errors: 0 (0)
46/48 - Execution time: 9.17946 seconds
46/48 - Throughput: 217878 ops/sec
47/48 - Performed a throughput benchmark:
47/48 - Performed 2000000 find-or-put operations with random values from [0,...,220799998]
47/48 - Finds: 367979 (0.18399), Inserts: 1632021 (0.81601), Errors: 0 (0)
47/48 - Execution time: 9.26451 seconds
47/48 - Throughput: 215877 ops/sec
14/48 - Performed a throughput benchmark:
14/48 - Performed 2000000 find-or-put operations with random values from [0,...,220799998]
14/48 - Finds: 380096 (0.190048), Inserts: 1619904 (0.809952), Errors: 0 (0)
14/48 - Execution time: 9.53998 seconds
14/48 - Throughput: 209644 ops/sec
7/48 - Performed a throughput benchmark:
7/48 - Performed 2000000 find-or-put operations with random values from [0,...,220799998]
7/48 - Finds: 380558 (0.190279), Inserts: 1619442 (0.809721), Errors: 0 (0)
7/48 - Execution time: 9.52479 seconds
7/48 - Throughput: 209978 ops/sec
12/48 - Performed a throughput benchmark:
12/48 - Performed 2000000 find-or-put operations with random values from [0,...,220799998]
12/48 - Finds: 381230 (0.190615), Inserts: 1618770 (0.809385), Errors: 0 (0)
12/48 - Execution time: 9.55677 seconds
12/48 - Throughput: 209276 ops/sec
26/48 - Performed a throughput benchmark:
26/48 - Performed 2000000 find-or-put operations with random values from [0,...,220799998]
26/48 - Finds: 382806 (0.191403), Inserts: 1617194 (0.808597), Errors: 0 (0)
26/48 - Execution time: 9.59873 seconds
26/48 - Throughput: 208361 ops/sec
39/48 - Performed a throughput benchmark:
39/48 - Performed 2000000 find-or-put operations with random values from [0,...,220799998]
39/48 - Finds: 381009 (0.190504), Inserts: 1618991 (0.809496), Errors: 0 (0)
39/48 - Execution time: 9.57993 seconds
39/48 - Throughput: 208770 ops/sec
16/48 - Performed a throughput benchmark:
16/48 - Performed 2000000 find-or-put operations with random values from [0,...,220799998]
16/48 - Finds: 380588 (0.190294), Inserts: 1619412 (0.809706), Errors: 0 (0)
16/48 - Execution time: 9.52926 seconds
16/48 - Throughput: 209880 ops/sec
37/48 - Performed a throughput benchmark:
37/48 - Performed 2000000 find-or-put operations with random values from [0,...,220799998]
37/48 - Finds: 383025 (0.191513), Inserts: 1616975 (0.808488), Errors: 0 (0)
37/48 - Execution time: 9.60397 seconds
37/48 - Throughput: 208247 ops/sec
17/48 - Performed a throughput benchmark:
17/48 - Performed 2000000 find-or-put operations with random values from [0,...,220799998]
17/48 - Finds: 381196 (0.190598), Inserts: 1618804 (0.809402), Errors: 0 (0)
17/48 - Execution time: 9.54096 seconds
17/48 - Throughput: 209622 ops/sec
42/48 - Performed a throughput benchmark:
42/48 - Performed 2000000 find-or-put operations with random values from [0,...,220799998]
42/48 - Finds: 382269 (0.191135), Inserts: 1617731 (0.808866), Errors: 0 (0)
42/48 - Execution time: 9.59704 seconds
42/48 - Throughput: 208398 ops/sec
27/48 - Performed a throughput benchmark:
27/48 - Performed 2000000 find-or-put operations with random values from [0,...,220799998]
27/48 - Finds: 384076 (0.192038), Inserts: 1615924 (0.807962), Errors: 0 (0)
27/48 - Execution time: 9.63203 seconds
27/48 - Throughput: 207641 ops/sec
29/48 - Performed a throughput benchmark:
29/48 - Performed 2000000 find-or-put operations with random values from [0,...,220799998]
29/48 - Finds: 383077 (0.191539), Inserts: 1616923 (0.808462), Errors: 0 (0)
29/48 - Execution time: 9.60201 seconds
29/48 - Throughput: 208290 ops/sec
36/48 - Performed a throughput benchmark:
36/48 - Performed 2000000 find-or-put operations with random values from [0,...,220799998]
36/48 - Finds: 382641 (0.191321), Inserts: 1617359 (0.808679), Errors: 0 (0)
36/48 - Execution time: 9.6039 seconds
36/48 - Throughput: 208249 ops/sec
24/48 - Performed a throughput benchmark:
24/48 - Performed 2000000 find-or-put operations with random values from [0,...,220799998]
24/48 - Finds: 384048 (0.192024), Inserts: 1615952 (0.807976), Errors: 0 (0)
24/48 - Execution time: 9.6269 seconds
24/48 - Throughput: 207751 ops/sec
41/48 - Performed a throughput benchmark:
41/48 - Performed 2000000 find-or-put operations with random values from [0,...,220799998]
41/48 - Finds: 383805 (0.191903), Inserts: 1616195 (0.808098), Errors: 0 (0)
41/48 - Execution time: 9.61021 seconds
41/48 - Throughput: 208112 ops/sec
40/48 - Performed a throughput benchmark:
40/48 - Performed 2000000 find-or-put operations with random values from [0,...,220799998]
40/48 - Finds: 383564 (0.191782), Inserts: 1616436 (0.808218), Errors: 0 (0)
40/48 - Execution time: 9.61332 seconds
40/48 - Throughput: 208045 ops/sec
15/48 - Performed a throughput benchmark:
15/48 - Performed 2000000 find-or-put operations with random values from [0,...,220799998]
15/48 - Finds: 387484 (0.193742), Inserts: 1612516 (0.806258), Errors: 0 (0)
15/48 - Execution time: 9.78037 seconds
15/48 - Throughput: 204491 ops/sec
0/48 - Performed a throughput benchmark:
0/48 - Performed 2000000 find-or-put operations with random values from [0,...,220799998]
0/48 - Finds: 386738 (0.193369), Inserts: 1613262 (0.806631), Errors: 0 (0)
0/48 - Execution time: 9.74711 seconds
0/48 - Throughput: 205189 ops/sec
3/48 - Performed a throughput benchmark:
3/48 - Performed 2000000 find-or-put operations with random values from [0,...,220799998]
3/48 - Finds: 387219 (0.193609), Inserts: 1612781 (0.806391), Errors: 0 (0)
3/48 - Execution time: 9.78045 seconds
3/48 - Throughput: 204490 ops/sec
13/48 - Performed a throughput benchmark:
13/48 - Performed 2000000 find-or-put operations with random values from [0,...,220799998]
13/48 - Finds: 388236 (0.194118), Inserts: 1611764 (0.805882), Errors: 0 (0)
13/48 - Execution time: 9.79632 seconds
13/48 - Throughput: 204158 ops/sec
38/48 - Performed a throughput benchmark:
38/48 - Performed 2000000 find-or-put operations with random values from [0,...,220799998]
38/48 - Finds: 389274 (0.194637), Inserts: 1610726 (0.805363), Errors: 0 (0)
38/48 - Execution time: 9.80323 seconds
38/48 - Throughput: 204014 ops/sec
18/48 - Performed a throughput benchmark:
18/48 - Performed 2000000 find-or-put operations with random values from [0,...,220799998]
18/48 - Finds: 387817 (0.193909), Inserts: 1612183 (0.806091), Errors: 0 (0)
18/48 - Execution time: 9.81312 seconds
18/48 - Throughput: 203809 ops/sec
19/48 - Performed a throughput benchmark:
19/48 - Performed 2000000 find-or-put operations with random values from [0,...,220799998]
19/48 - Finds: 387093 (0.193547), Inserts: 1612907 (0.806454), Errors: 0 (0)
19/48 - Execution time: 9.77734 seconds
19/48 - Throughput: 204555 ops/sec
31/48 - Performed a throughput benchmark:
31/48 - Performed 2000000 find-or-put operations with random values from [0,...,220799998]
31/48 - Finds: 390297 (0.195149), Inserts: 1609703 (0.804852), Errors: 0 (0)
31/48 - Execution time: 9.86737 seconds
31/48 - Throughput: 202688 ops/sec
1/48 - Performed a throughput benchmark:
1/48 - Performed 2000000 find-or-put operations with random values from [0,...,220799998]
1/48 - Finds: 393347 (0.196674), Inserts: 1606653 (0.803327), Errors: 0 (0)
1/48 - Execution time: 9.88229 seconds
1/48 - Throughput: 202382 ops/sec
6/48 - Performed a throughput benchmark:
6/48 - Performed 2000000 find-or-put operations with random values from [0,...,220799998]
6/48 - Finds: 392912 (0.196456), Inserts: 1607088 (0.803544), Errors: 0 (0)
6/48 - Execution time: 9.91164 seconds
6/48 - Throughput: 201783 ops/sec
4/48 - Performed a throughput benchmark:
4/48 - Performed 2000000 find-or-put operations with random values from [0,...,220799998]
4/48 - Finds: 393386 (0.196693), Inserts: 1606614 (0.803307), Errors: 0 (0)
4/48 - Execution time: 9.88388 seconds
4/48 - Throughput: 202350 ops/sec
2/48 - Performed a throughput benchmark:
2/48 - Performed 2000000 find-or-put operations with random values from [0,...,220799998]
2/48 - Finds: 391074 (0.195537), Inserts: 1608926 (0.804463), Errors: 0 (0)
2/48 - Execution time: 9.85862 seconds
2/48 - Throughput: 202868 ops/sec
5/48 - Performed a throughput benchmark:
5/48 - Performed 2000000 find-or-put operations with random values from [0,...,220799998]
5/48 - Finds: 397405 (0.198703), Inserts: 1602595 (0.801297), Errors: 0 (0)
5/48 - Execution time: 9.95047 seconds
5/48 - Throughput: 200996 ops/sec
28/48 - Performed a throughput benchmark:
28/48 - Performed 2000000 find-or-put operations with random values from [0,...,220799998]
28/48 - Finds: 391608 (0.195804), Inserts: 1608392 (0.804196), Errors: 0 (0)
28/48 - Execution time: 9.87642 seconds
28/48 - Throughput: 202503 ops/sec
30/48 - Performed a throughput benchmark:
30/48 - Performed 2000000 find-or-put operations with random values from [0,...,220799998]
30/48 - Finds: 393213 (0.196606), Inserts: 1606787 (0.803393), Errors: 0 (0)
30/48 - Execution time: 9.90733 seconds
30/48 - Throughput: 201871 ops/sec
25/48 - Performed a throughput benchmark:
25/48 - Performed 2000000 find-or-put operations with random values from [0,...,220799998]
25/48 - Finds: 392384 (0.196192), Inserts: 1607616 (0.803808), Errors: 0 (0)
25/48 - Execution time: 9.88629 seconds
25/48 - Throughput: 202300 ops/sec
43/48 - Performed a throughput benchmark:
43/48 - Performed 2000000 find-or-put operations with random values from [0,...,220799998]
43/48 - Finds: 391204 (0.195602), Inserts: 1608796 (0.804398), Errors: 0 (0)
43/48 - Execution time: 9.87496 seconds
43/48 - Throughput: 202533 ops/sec
[1447441866.189176] [node004:23706:0]         sys.c:719  MXM  WARN  Conflicting CPU frequencies detected, using: 2638.97
