[1447441956.450765] [node001:10464:0]         sys.c:719  MXM  WARN  Conflicting CPU frequencies detected, using: 1616.62
[1447441956.455448] [node001:10464:0]         mxm.c:185  MXM  WARN  The 'ulimit -s' on the system is set to 'unlimited'. This may have negative performance implications. Please set the heap size to the default value (10240) 
[1447441956.448401] [node001:10463:0]         sys.c:719  MXM  WARN  Conflicting CPU frequencies detected, using: 1616.62
[1447441956.455145] [node001:10463:0]         mxm.c:185  MXM  WARN  The 'ulimit -s' on the system is set to 'unlimited'. This may have negative performance implications. Please set the heap size to the default value (10240) 
[1447441956.449358] [node001:10462:0]         sys.c:719  MXM  WARN  Conflicting CPU frequencies detected, using: 1616.62
[1447441956.457765] [node001:10462:0]         mxm.c:185  MXM  WARN  The 'ulimit -s' on the system is set to 'unlimited'. This may have negative performance implications. Please set the heap size to the default value (10240) 
[1447441956.449865] [node001:10461:0]         sys.c:719  MXM  WARN  Conflicting CPU frequencies detected, using: 1616.62
[1447441956.456609] [node001:10461:0]         mxm.c:185  MXM  WARN  The 'ulimit -s' on the system is set to 'unlimited'. This may have negative performance implications. Please set the heap size to the default value (10240) 
[1447441956.799431] [node007:23737:0]         sys.c:719  MXM  WARN  Conflicting CPU frequencies detected, using: 2400.09
[1447441956.802561] [node007:23737:0]         mxm.c:185  MXM  WARN  The 'ulimit -s' on the system is set to 'unlimited'. This may have negative performance implications. Please set the heap size to the default value (10240) 
[1447441956.787701] [node007:23738:0]         sys.c:719  MXM  WARN  Conflicting CPU frequencies detected, using: 2400.09
[1447441956.791954] [node007:23738:0]         mxm.c:185  MXM  WARN  The 'ulimit -s' on the system is set to 'unlimited'. This may have negative performance implications. Please set the heap size to the default value (10240) 
[1447441956.813248] [node015:8514 :0]         sys.c:719  MXM  WARN  Conflicting CPU frequencies detected, using: 2155.31
[1447441956.819966] [node015:8514 :0]         mxm.c:185  MXM  WARN  The 'ulimit -s' on the system is set to 'unlimited'. This may have negative performance implications. Please set the heap size to the default value (10240) 
[1447441956.813618] [node015:8513 :0]         sys.c:719  MXM  WARN  Conflicting CPU frequencies detected, using: 2155.31
[1447441956.823208] [node015:8513 :0]         mxm.c:185  MXM  WARN  The 'ulimit -s' on the system is set to 'unlimited'. This may have negative performance implications. Please set the heap size to the default value (10240) 
[1447441956.818032] [node015:8517 :0]         sys.c:719  MXM  WARN  Conflicting CPU frequencies detected, using: 2155.31
[1447441956.825439] [node015:8517 :0]         mxm.c:185  MXM  WARN  The 'ulimit -s' on the system is set to 'unlimited'. This may have negative performance implications. Please set the heap size to the default value (10240) 
[1447441956.825446] [node015:8518 :0]         sys.c:719  MXM  WARN  Conflicting CPU frequencies detected, using: 2159.44
[1447441956.836736] [node015:8518 :0]         mxm.c:185  MXM  WARN  The 'ulimit -s' on the system is set to 'unlimited'. This may have negative performance implications. Please set the heap size to the default value (10240) 
[1447441956.799325] [node014:1650 :0]         sys.c:719  MXM  WARN  Conflicting CPU frequencies detected, using: 2394.75
[1447441956.804141] [node014:1650 :0]         mxm.c:185  MXM  WARN  The 'ulimit -s' on the system is set to 'unlimited'. This may have negative performance implications. Please set the heap size to the default value (10240) 
[1447441956.810306] [node002:15416:0]         sys.c:719  MXM  WARN  Conflicting CPU frequencies detected, using: 2295.28
[1447441956.814458] [node002:15416:0]         mxm.c:185  MXM  WARN  The 'ulimit -s' on the system is set to 'unlimited'. This may have negative performance implications. Please set the heap size to the default value (10240) 
[1447441956.819488] [node014:1658 :0]         sys.c:719  MXM  WARN  Conflicting CPU frequencies detected, using: 2394.75
[1447441956.823268] [node014:1658 :0]         mxm.c:185  MXM  WARN  The 'ulimit -s' on the system is set to 'unlimited'. This may have negative performance implications. Please set the heap size to the default value (10240) 
[1447441956.819106] [node014:1660 :0]         sys.c:719  MXM  WARN  Conflicting CPU frequencies detected, using: 2394.75
[1447441956.823115] [node014:1660 :0]         mxm.c:185  MXM  WARN  The 'ulimit -s' on the system is set to 'unlimited'. This may have negative performance implications. Please set the heap size to the default value (10240) 
[1447441956.812911] [node006:5775 :0]         sys.c:719  MXM  WARN  Conflicting CPU frequencies detected, using: 2160.47
[1447441956.815821] [node006:5775 :0]         mxm.c:185  MXM  WARN  The 'ulimit -s' on the system is set to 'unlimited'. This may have negative performance implications. Please set the heap size to the default value (10240) 
[1447441956.798973] [node005:6542 :0]         sys.c:719  MXM  WARN  Conflicting CPU frequencies detected, using: 2374.50
[1447441956.803012] [node005:6542 :0]         mxm.c:185  MXM  WARN  The 'ulimit -s' on the system is set to 'unlimited'. This may have negative performance implications. Please set the heap size to the default value (10240) 
[1447441956.794704] [node007:23728:0]         sys.c:719  MXM  WARN  Conflicting CPU frequencies detected, using: 2400.09
[1447441956.798603] [node007:23728:0]         mxm.c:185  MXM  WARN  The 'ulimit -s' on the system is set to 'unlimited'. This may have negative performance implications. Please set the heap size to the default value (10240) 
[1447441956.811078] [node006:5776 :0]         sys.c:719  MXM  WARN  Conflicting CPU frequencies detected, using: 2160.47
[1447441956.814810] [node006:5776 :0]         mxm.c:185  MXM  WARN  The 'ulimit -s' on the system is set to 'unlimited'. This may have negative performance implications. Please set the heap size to the default value (10240) 
[1447441956.822804] [node006:5778 :0]         sys.c:719  MXM  WARN  Conflicting CPU frequencies detected, using: 2304.00
[1447441956.827010] [node006:5778 :0]         mxm.c:185  MXM  WARN  The 'ulimit -s' on the system is set to 'unlimited'. This may have negative performance implications. Please set the heap size to the default value (10240) 
[1447441956.808913] [node005:6529 :0]         sys.c:719  MXM  WARN  Conflicting CPU frequencies detected, using: 2121.19
[1447441956.812577] [node005:6529 :0]         mxm.c:185  MXM  WARN  The 'ulimit -s' on the system is set to 'unlimited'. This may have negative performance implications. Please set the heap size to the default value (10240) 
[1447441956.804540] [node005:6533 :0]         sys.c:719  MXM  WARN  Conflicting CPU frequencies detected, using: 2071.59
[1447441956.807627] [node005:6533 :0]         mxm.c:185  MXM  WARN  The 'ulimit -s' on the system is set to 'unlimited'. This may have negative performance implications. Please set the heap size to the default value (10240) 
[1447441956.792550] [node004:24412:0]         sys.c:719  MXM  WARN  Conflicting CPU frequencies detected, using: 2400.00
[1447441956.796445] [node004:24412:0]         mxm.c:185  MXM  WARN  The 'ulimit -s' on the system is set to 'unlimited'. This may have negative performance implications. Please set the heap size to the default value (10240) 
[1447441956.808263] [node005:6544 :0]         sys.c:719  MXM  WARN  Conflicting CPU frequencies detected, using: 2121.19
[1447441956.811777] [node005:6544 :0]         mxm.c:185  MXM  WARN  The 'ulimit -s' on the system is set to 'unlimited'. This may have negative performance implications. Please set the heap size to the default value (10240) 
[1447441956.794560] [node004:24421:0]         sys.c:719  MXM  WARN  Conflicting CPU frequencies detected, using: 2400.00
[1447441956.797377] [node004:24421:0]         mxm.c:185  MXM  WARN  The 'ulimit -s' on the system is set to 'unlimited'. This may have negative performance implications. Please set the heap size to the default value (10240) 
[1447441956.806790] [node004:24408:0]         sys.c:719  MXM  WARN  Conflicting CPU frequencies detected, using: 2396.16
[1447441956.809771] [node004:24408:0]         mxm.c:185  MXM  WARN  The 'ulimit -s' on the system is set to 'unlimited'. This may have negative performance implications. Please set the heap size to the default value (10240) 
[1447441956.799150] [node002:15412:0]         sys.c:719  MXM  WARN  Conflicting CPU frequencies detected, using: 2295.28
[1447441956.802674] [node002:15412:0]         mxm.c:185  MXM  WARN  The 'ulimit -s' on the system is set to 'unlimited'. This may have negative performance implications. Please set the heap size to the default value (10240) 
[1447441956.806697] [node004:24419:0]         sys.c:719  MXM  WARN  Conflicting CPU frequencies detected, using: 2396.16
[1447441956.809461] [node004:24419:0]         mxm.c:185  MXM  WARN  The 'ulimit -s' on the system is set to 'unlimited'. This may have negative performance implications. Please set the heap size to the default value (10240) 
[1447441956.799478] [node014:1659 :0]         sys.c:719  MXM  WARN  Conflicting CPU frequencies detected, using: 2394.75
[1447441956.804045] [node014:1659 :0]         mxm.c:185  MXM  WARN  The 'ulimit -s' on the system is set to 'unlimited'. This may have negative performance implications. Please set the heap size to the default value (10240) 
[1447441956.798335] [node002:15429:0]         sys.c:719  MXM  WARN  Conflicting CPU frequencies detected, using: 2295.28
[1447441956.801945] [node002:15429:0]         mxm.c:185  MXM  WARN  The 'ulimit -s' on the system is set to 'unlimited'. This may have negative performance implications. Please set the heap size to the default value (10240) 
[1447441956.817785] [node007:23736:0]         sys.c:719  MXM  WARN  Conflicting CPU frequencies detected, using: 2400.00
[1447441956.820954] [node007:23736:0]         mxm.c:185  MXM  WARN  The 'ulimit -s' on the system is set to 'unlimited'. This may have negative performance implications. Please set the heap size to the default value (10240) 
[1447441956.815420] [node006:5773 :0]         sys.c:719  MXM  WARN  Conflicting CPU frequencies detected, using: 2304.00
[1447441956.819195] [node006:5773 :0]         mxm.c:185  MXM  WARN  The 'ulimit -s' on the system is set to 'unlimited'. This may have negative performance implications. Please set the heap size to the default value (10240) 
[1447441956.793965] [node002:15415:0]         sys.c:719  MXM  WARN  Conflicting CPU frequencies detected, using: 2343.00
[1447441956.797774] [node002:15415:0]         mxm.c:185  MXM  WARN  The 'ulimit -s' on the system is set to 'unlimited'. This may have negative performance implications. Please set the heap size to the default value (10240) 
UPCR: UPC thread  3 of 32 on node001 (pshm node 0 of 8, process  3 of 32, pid=10464)
UPCR: UPC thread  2 of 32 on node001 (pshm node 0 of 8, process  2 of 32, pid=10463)
UPCR: UPC thread  0 of 32 on node001 (pshm node 0 of 8, process  0 of 32, pid=10461)
UPCR: UPC thread  1 of 32 on node001 (pshm node 0 of 8, process  1 of 32, pid=10462)
UPCR: UPC thread 29 of 32 on node015 (pshm node 7 of 8, process 29 of 32, pid=8517)
UPCR: UPC thread 30 of 32 on node015 (pshm node 7 of 8, process 30 of 32, pid=8518)
UPCR: UPC thread 16 of 32 on node006 (pshm node 4 of 8, process 16 of 32, pid=5773)
UPCR: UPC thread 14 of 32 on node005 (pshm node 3 of 8, process 14 of 32, pid=6544)
UPCR: UPC thread 27 of 32 on node014 (pshm node 6 of 8, process 27 of 32, pid=1650)
UPCR: UPC thread  7 of 32 on node002 (pshm node 1 of 8, process  7 of 32, pid=15412)
UPCR: UPC thread 23 of 32 on node007 (pshm node 5 of 8, process 23 of 32, pid=23728)
UPCR: UPC thread 10 of 32 on node004 (pshm node 2 of 8, process 10 of 32, pid=24412)
UPCR: UPC thread  4 of 32 on node002 (pshm node 1 of 8, process  4 of 32, pid=15415)
UPCR: UPC thread 28 of 32 on node015 (pshm node 7 of 8, process 28 of 32, pid=8513)
UPCR: UPC thread 31 of 32 on node015 (pshm node 7 of 8, process 31 of 32, pid=8514)
UPCR: UPC thread 25 of 32 on node014 (pshm node 6 of 8, process 25 of 32, pid=1658)
UPCR: UPC thread 12 of 32 on node005 (pshm node 3 of 8, process 12 of 32, pid=6542)
UPCR: UPC thread 19 of 32 on node006 (pshm node 4 of 8, process 19 of 32, pid=5775)
UPCR: UPC thread 22 of 32 on node007 (pshm node 5 of 8, process 22 of 32, pid=23738)
UPCR: UPC thread 13 of 32 on node005 (pshm node 3 of 8, process 13 of 32, pid=6533)
UPCR: UPC thread  8 of 32 on node004 (pshm node 2 of 8, process  8 of 32, pid=24421)
UPCR: UPC thread 21 of 32 on node007 (pshm node 5 of 8, process 21 of 32, pid=23737)
UPCR: UPC thread  5 of 32 on node002 (pshm node 1 of 8, process  5 of 32, pid=15416)
UPCR: UPC thread 24 of 32 on node014 (pshm node 6 of 8, process 24 of 32, pid=1660)
UPCR: UPC thread 15 of 32 on node005 (pshm node 3 of 8, process 15 of 32, pid=6529)
UPCR: UPC thread 17 of 32 on node006 (pshm node 4 of 8, process 17 of 32, pid=5778)
UPCR: UPC thread  9 of 32 on node004 (pshm node 2 of 8, process  9 of 32, pid=24419)
UPCR: UPC thread 20 of 32 on node007 (pshm node 5 of 8, process 20 of 32, pid=23736)
UPCR: UPC thread 18 of 32 on node006 (pshm node 4 of 8, process 18 of 32, pid=5776)
UPCR: UPC thread  6 of 32 on node002 (pshm node 1 of 8, process  6 of 32, pid=15429)
UPCR: UPC thread 26 of 32 on node014 (pshm node 6 of 8, process 26 of 32, pid=1659)
UPCR: UPC thread 11 of 32 on node004 (pshm node 2 of 8, process 11 of 32, pid=24408)
0/32 - htable initialized
0/32 - table size: 34359738368 bytes (32768 MB)
0/32 - total number of buckets: 4294967296
0/32 - block size: 1073741824 (1024 MB)
0/32 - number of buckets in block: 134217728
0/32 - number of blocks: 32
25/32 - Performed a throughput benchmark:
25/32 - Performed 2000000 find-or-put operations with random values from [0,...,147199999]
25/32 - Finds: 337314 (0.168657), Inserts: 1662686 (0.831343), Errors: 0 (0)
25/32 - Execution time: 10.0967 seconds
25/32 - Throughput: 198084 ops/sec
28/32 - Performed a throughput benchmark:
28/32 - Performed 2000000 find-or-put operations with random values from [0,...,147199999]
28/32 - Finds: 338239 (0.16912), Inserts: 1661761 (0.830881), Errors: 0 (0)
28/32 - Execution time: 10.1118 seconds
28/32 - Throughput: 197789 ops/sec
31/32 - Performed a throughput benchmark:
31/32 - Performed 2000000 find-or-put operations with random values from [0,...,147199999]
31/32 - Finds: 338223 (0.169111), Inserts: 1661777 (0.830889), Errors: 0 (0)
31/32 - Execution time: 10.1156 seconds
31/32 - Throughput: 197715 ops/sec
24/32 - Performed a throughput benchmark:
24/32 - Performed 2000000 find-or-put operations with random values from [0,...,147199999]
24/32 - Finds: 337175 (0.168588), Inserts: 1662825 (0.831412), Errors: 0 (0)
24/32 - Execution time: 10.1108 seconds
24/32 - Throughput: 197809 ops/sec
26/32 - Performed a throughput benchmark:
26/32 - Performed 2000000 find-or-put operations with random values from [0,...,147199999]
26/32 - Finds: 338339 (0.16917), Inserts: 1661661 (0.830831), Errors: 0 (0)
26/32 - Execution time: 10.1103 seconds
26/32 - Throughput: 197819 ops/sec
29/32 - Performed a throughput benchmark:
29/32 - Performed 2000000 find-or-put operations with random values from [0,...,147199999]
29/32 - Finds: 337746 (0.168873), Inserts: 1662254 (0.831127), Errors: 0 (0)
29/32 - Execution time: 10.1285 seconds
29/32 - Throughput: 197462 ops/sec
27/32 - Performed a throughput benchmark:
27/32 - Performed 2000000 find-or-put operations with random values from [0,...,147199999]
27/32 - Finds: 338220 (0.16911), Inserts: 1661780 (0.83089), Errors: 0 (0)
27/32 - Execution time: 10.1243 seconds
27/32 - Throughput: 197545 ops/sec
30/32 - Performed a throughput benchmark:
30/32 - Performed 2000000 find-or-put operations with random values from [0,...,147199999]
30/32 - Finds: 337659 (0.168829), Inserts: 1662341 (0.831171), Errors: 0 (0)
30/32 - Execution time: 10.1386 seconds
30/32 - Throughput: 197267 ops/sec
11/32 - Performed a throughput benchmark:
11/32 - Performed 2000000 find-or-put operations with random values from [0,...,147199999]
11/32 - Finds: 385026 (0.192513), Inserts: 1614974 (0.807487), Errors: 0 (0)
11/32 - Execution time: 11.6769 seconds
11/32 - Throughput: 171279 ops/sec
14/32 - Performed a throughput benchmark:
14/32 - Performed 2000000 find-or-put operations with random values from [0,...,147199999]
14/32 - Finds: 387158 (0.193579), Inserts: 1612842 (0.806421), Errors: 0 (0)
14/32 - Execution time: 11.779 seconds
14/32 - Throughput: 169794 ops/sec
17/32 - Performed a throughput benchmark:
17/32 - Performed 2000000 find-or-put operations with random values from [0,...,147199999]
17/32 - Finds: 388512 (0.194256), Inserts: 1611488 (0.805744), Errors: 0 (0)
17/32 - Execution time: 11.7805 seconds
17/32 - Throughput: 169772 ops/sec
15/32 - Performed a throughput benchmark:
15/32 - Performed 2000000 find-or-put operations with random values from [0,...,147199999]
15/32 - Finds: 388397 (0.194198), Inserts: 1611603 (0.805801), Errors: 0 (0)
15/32 - Execution time: 11.8085 seconds
15/32 - Throughput: 169370 ops/sec
6/32 - Performed a throughput benchmark:
6/32 - Performed 2000000 find-or-put operations with random values from [0,...,147199999]
6/32 - Finds: 387787 (0.193893), Inserts: 1612213 (0.806106), Errors: 0 (0)
6/32 - Execution time: 11.8006 seconds
6/32 - Throughput: 169483 ops/sec
7/32 - Performed a throughput benchmark:
7/32 - Performed 2000000 find-or-put operations with random values from [0,...,147199999]
7/32 - Finds: 388727 (0.194363), Inserts: 1611273 (0.805636), Errors: 0 (0)
7/32 - Execution time: 11.8011 seconds
7/32 - Throughput: 169476 ops/sec
23/32 - Performed a throughput benchmark:
23/32 - Performed 2000000 find-or-put operations with random values from [0,...,147199999]
23/32 - Finds: 386542 (0.193271), Inserts: 1613458 (0.806729), Errors: 0 (0)
23/32 - Execution time: 11.7932 seconds
23/32 - Throughput: 169589 ops/sec
9/32 - Performed a throughput benchmark:
9/32 - Performed 2000000 find-or-put operations with random values from [0,...,147199999]
9/32 - Finds: 387831 (0.193915), Inserts: 1612169 (0.806084), Errors: 0 (0)
9/32 - Execution time: 11.8449 seconds
9/32 - Throughput: 168849 ops/sec
10/32 - Performed a throughput benchmark:
10/32 - Performed 2000000 find-or-put operations with random values from [0,...,147199999]
10/32 - Finds: 390763 (0.195382), Inserts: 1609237 (0.804619), Errors: 0 (0)
10/32 - Execution time: 11.959 seconds
10/32 - Throughput: 167238 ops/sec
8/32 - Performed a throughput benchmark:
8/32 - Performed 2000000 find-or-put operations with random values from [0,...,147199999]
8/32 - Finds: 391247 (0.195624), Inserts: 1608753 (0.804377), Errors: 0 (0)
8/32 - Execution time: 11.9439 seconds
8/32 - Throughput: 167449 ops/sec
19/32 - Performed a throughput benchmark:
19/32 - Performed 2000000 find-or-put operations with random values from [0,...,147199999]
19/32 - Finds: 391517 (0.195759), Inserts: 1608483 (0.804242), Errors: 0 (0)
19/32 - Execution time: 11.9856 seconds
19/32 - Throughput: 166867 ops/sec
5/32 - Performed a throughput benchmark:
5/32 - Performed 2000000 find-or-put operations with random values from [0,...,147199999]
5/32 - Finds: 391207 (0.195604), Inserts: 1608793 (0.804396), Errors: 0 (0)
5/32 - Execution time: 11.9685 seconds
5/32 - Throughput: 167106 ops/sec
13/32 - Performed a throughput benchmark:
13/32 - Performed 2000000 find-or-put operations with random values from [0,...,147199999]
13/32 - Finds: 391878 (0.195939), Inserts: 1608122 (0.804061), Errors: 0 (0)
13/32 - Execution time: 11.9931 seconds
13/32 - Throughput: 166762 ops/sec
20/32 - Performed a throughput benchmark:
20/32 - Performed 2000000 find-or-put operations with random values from [0,...,147199999]
20/32 - Finds: 391240 (0.19562), Inserts: 1608760 (0.80438), Errors: 0 (0)
20/32 - Execution time: 12.0044 seconds
20/32 - Throughput: 166606 ops/sec
2/32 - Performed a throughput benchmark:
2/32 - Performed 2000000 find-or-put operations with random values from [0,...,147199999]
2/32 - Finds: 394145 (0.197073), Inserts: 1605855 (0.802928), Errors: 0 (0)
2/32 - Execution time: 12.058 seconds
2/32 - Throughput: 165866 ops/sec
12/32 - Performed a throughput benchmark:
12/32 - Performed 2000000 find-or-put operations with random values from [0,...,147199999]
12/32 - Finds: 394543 (0.197271), Inserts: 1605457 (0.802728), Errors: 0 (0)
12/32 - Execution time: 12.0679 seconds
12/32 - Throughput: 165729 ops/sec
0/32 - Performed a throughput benchmark:
0/32 - Performed 2000000 find-or-put operations with random values from [0,...,147199999]
0/32 - Finds: 394459 (0.19723), Inserts: 1605541 (0.802771), Errors: 0 (0)
0/32 - Execution time: 12.0664 seconds
0/32 - Throughput: 165749 ops/sec
22/32 - Performed a throughput benchmark:
22/32 - Performed 2000000 find-or-put operations with random values from [0,...,147199999]
22/32 - Finds: 392388 (0.196194), Inserts: 1607612 (0.803806), Errors: 0 (0)
22/32 - Execution time: 12.0242 seconds
22/32 - Throughput: 166331 ops/sec
16/32 - Performed a throughput benchmark:
16/32 - Performed 2000000 find-or-put operations with random values from [0,...,147199999]
16/32 - Finds: 396037 (0.198018), Inserts: 1603963 (0.801982), Errors: 0 (0)
16/32 - Execution time: 12.083 seconds
16/32 - Throughput: 165522 ops/sec
3/32 - Performed a throughput benchmark:
3/32 - Performed 2000000 find-or-put operations with random values from [0,...,147199999]
3/32 - Finds: 394286 (0.197143), Inserts: 1605714 (0.802857), Errors: 0 (0)
3/32 - Execution time: 12.0746 seconds
3/32 - Throughput: 165636 ops/sec
1/32 - Performed a throughput benchmark:
1/32 - Performed 2000000 find-or-put operations with random values from [0,...,147199999]
1/32 - Finds: 394475 (0.197238), Inserts: 1605525 (0.802763), Errors: 0 (0)
1/32 - Execution time: 12.0638 seconds
1/32 - Throughput: 165785 ops/sec
18/32 - Performed a throughput benchmark:
18/32 - Performed 2000000 find-or-put operations with random values from [0,...,147199999]
18/32 - Finds: 395623 (0.197812), Inserts: 1604377 (0.802188), Errors: 0 (0)
18/32 - Execution time: 12.08 seconds
18/32 - Throughput: 165562 ops/sec
21/32 - Performed a throughput benchmark:
21/32 - Performed 2000000 find-or-put operations with random values from [0,...,147199999]
21/32 - Finds: 395124 (0.197562), Inserts: 1604876 (0.802438), Errors: 0 (0)
21/32 - Execution time: 12.0847 seconds
21/32 - Throughput: 165498 ops/sec
4/32 - Performed a throughput benchmark:
4/32 - Performed 2000000 find-or-put operations with random values from [0,...,147199999]
4/32 - Finds: 396888 (0.198444), Inserts: 1603112 (0.801556), Errors: 0 (0)
4/32 - Execution time: 12.108 seconds
4/32 - Throughput: 165180 ops/sec
[1447441956.430682] [node001:10416:0]         sys.c:719  MXM  WARN  Conflicting CPU frequencies detected, using: 1664.53
