[1447442777.783482] [node030:17324:0]         sys.c:719  MXM  WARN  Conflicting CPU frequencies detected, using: 1548.09
[1447442777.793140] [node030:17324:0]         mxm.c:185  MXM  WARN  The 'ulimit -s' on the system is set to 'unlimited'. This may have negative performance implications. Please set the heap size to the default value (10240) 
[1447442777.783845] [node030:17323:0]         sys.c:719  MXM  WARN  Conflicting CPU frequencies detected, using: 1548.09
[1447442777.794122] [node030:17323:0]         mxm.c:185  MXM  WARN  The 'ulimit -s' on the system is set to 'unlimited'. This may have negative performance implications. Please set the heap size to the default value (10240) 
[1447442778.122806] [node039:16184:0]         sys.c:719  MXM  WARN  Conflicting CPU frequencies detected, using: 2096.53
[1447442778.129403] [node039:16184:0]         mxm.c:185  MXM  WARN  The 'ulimit -s' on the system is set to 'unlimited'. This may have negative performance implications. Please set the heap size to the default value (10240) 
[1447442778.130605] [node040:26952:0]         sys.c:719  MXM  WARN  Conflicting CPU frequencies detected, using: 1998.75
[1447442778.136338] [node040:26952:0]         mxm.c:185  MXM  WARN  The 'ulimit -s' on the system is set to 'unlimited'. This may have negative performance implications. Please set the heap size to the default value (10240) 
[1447442778.120935] [node033:24224:0]         sys.c:719  MXM  WARN  Conflicting CPU frequencies detected, using: 1991.72
[1447442778.127094] [node033:24224:0]         mxm.c:185  MXM  WARN  The 'ulimit -s' on the system is set to 'unlimited'. This may have negative performance implications. Please set the heap size to the default value (10240) 
[1447442778.126720] [node044:24329:0]         sys.c:719  MXM  WARN  Conflicting CPU frequencies detected, using: 2185.12
[1447442778.133436] [node044:24329:0]         mxm.c:185  MXM  WARN  The 'ulimit -s' on the system is set to 'unlimited'. This may have negative performance implications. Please set the heap size to the default value (10240) 
[1447442778.122607] [node042:12738:0]         sys.c:719  MXM  WARN  Conflicting CPU frequencies detected, using: 2097.56
[1447442778.129394] [node042:12738:0]         mxm.c:185  MXM  WARN  The 'ulimit -s' on the system is set to 'unlimited'. This may have negative performance implications. Please set the heap size to the default value (10240) 
[1447442778.129077] [node033:24223:0]         sys.c:719  MXM  WARN  Conflicting CPU frequencies detected, using: 1991.72
[1447442778.136401] [node033:24223:0]         mxm.c:185  MXM  WARN  The 'ulimit -s' on the system is set to 'unlimited'. This may have negative performance implications. Please set the heap size to the default value (10240) 
[1447442778.123292] [node032:19943:0]         sys.c:719  MXM  WARN  Conflicting CPU frequencies detected, using: 1998.00
[1447442778.130354] [node032:19943:0]         mxm.c:185  MXM  WARN  The 'ulimit -s' on the system is set to 'unlimited'. This may have negative performance implications. Please set the heap size to the default value (10240) 
[1447442778.126168] [node041:22730:0]         sys.c:719  MXM  WARN  Conflicting CPU frequencies detected, using: 2249.62
[1447442778.132833] [node041:22730:0]         mxm.c:185  MXM  WARN  The 'ulimit -s' on the system is set to 'unlimited'. This may have negative performance implications. Please set the heap size to the default value (10240) 
[1447442778.125693] [node032:19944:0]         sys.c:719  MXM  WARN  Conflicting CPU frequencies detected, using: 1998.00
[1447442778.132762] [node032:19944:0]         mxm.c:185  MXM  WARN  The 'ulimit -s' on the system is set to 'unlimited'. This may have negative performance implications. Please set the heap size to the default value (10240) 
[1447442778.134228] [node040:26951:0]         sys.c:719  MXM  WARN  Conflicting CPU frequencies detected, using: 1998.75
[1447442778.140311] [node040:26951:0]         mxm.c:185  MXM  WARN  The 'ulimit -s' on the system is set to 'unlimited'. This may have negative performance implications. Please set the heap size to the default value (10240) 
[1447442778.142056] [node045:22679:0]         sys.c:719  MXM  WARN  Conflicting CPU frequencies detected, using: 1999.50
[1447442778.147418] [node045:22679:0]         mxm.c:185  MXM  WARN  The 'ulimit -s' on the system is set to 'unlimited'. This may have negative performance implications. Please set the heap size to the default value (10240) 
[1447442778.136099] [node045:22680:0]         sys.c:719  MXM  WARN  Conflicting CPU frequencies detected, using: 1999.50
[1447442778.142396] [node045:22680:0]         mxm.c:185  MXM  WARN  The 'ulimit -s' on the system is set to 'unlimited'. This may have negative performance implications. Please set the heap size to the default value (10240) 
[1447442778.134894] [node038:22362:0]         sys.c:719  MXM  WARN  Conflicting CPU frequencies detected, using: 1998.56
[1447442778.140817] [node038:22362:0]         mxm.c:185  MXM  WARN  The 'ulimit -s' on the system is set to 'unlimited'. This may have negative performance implications. Please set the heap size to the default value (10240) 
[1447442778.138716] [node044:24330:0]         sys.c:719  MXM  WARN  Conflicting CPU frequencies detected, using: 2185.12
[1447442778.145726] [node044:24330:0]         mxm.c:185  MXM  WARN  The 'ulimit -s' on the system is set to 'unlimited'. This may have negative performance implications. Please set the heap size to the default value (10240) 
[1447442778.134459] [node042:12739:0]         sys.c:719  MXM  WARN  Conflicting CPU frequencies detected, using: 2097.56
[1447442778.141676] [node042:12739:0]         mxm.c:185  MXM  WARN  The 'ulimit -s' on the system is set to 'unlimited'. This may have negative performance implications. Please set the heap size to the default value (10240) 
[1447442778.130940] [node038:22363:0]         sys.c:719  MXM  WARN  Conflicting CPU frequencies detected, using: 1998.56
[1447442778.136891] [node038:22363:0]         mxm.c:185  MXM  WARN  The 'ulimit -s' on the system is set to 'unlimited'. This may have negative performance implications. Please set the heap size to the default value (10240) 
[1447442778.134637] [node043:23751:0]         sys.c:719  MXM  WARN  Conflicting CPU frequencies detected, using: 1959.94
[1447442778.140705] [node043:23751:0]         mxm.c:185  MXM  WARN  The 'ulimit -s' on the system is set to 'unlimited'. This may have negative performance implications. Please set the heap size to the default value (10240) 
[1447442778.146335] [node043:23750:0]         sys.c:719  MXM  WARN  Conflicting CPU frequencies detected, using: 1959.94
[1447442778.153579] [node043:23750:0]         mxm.c:185  MXM  WARN  The 'ulimit -s' on the system is set to 'unlimited'. This may have negative performance implications. Please set the heap size to the default value (10240) 
[1447442778.111601] [node031:21550:0]         sys.c:719  MXM  WARN  Conflicting CPU frequencies detected, using: 2146.59
[1447442778.117169] [node031:21550:0]         mxm.c:185  MXM  WARN  The 'ulimit -s' on the system is set to 'unlimited'. This may have negative performance implications. Please set the heap size to the default value (10240) 
[1447442778.106860] [node031:21549:0]         sys.c:719  MXM  WARN  Conflicting CPU frequencies detected, using: 2146.59
[1447442778.113220] [node031:21549:0]         mxm.c:185  MXM  WARN  The 'ulimit -s' on the system is set to 'unlimited'. This may have negative performance implications. Please set the heap size to the default value (10240) 
[1447442778.120918] [node036:22341:0]         sys.c:719  MXM  WARN  Conflicting CPU frequencies detected, using: 2182.97
[1447442778.125215] [node036:22341:0]         mxm.c:185  MXM  WARN  The 'ulimit -s' on the system is set to 'unlimited'. This may have negative performance implications. Please set the heap size to the default value (10240) 
[1447442778.120903] [node034:24526:0]         sys.c:719  MXM  WARN  Conflicting CPU frequencies detected, using: 2124.09
[1447442778.127819] [node034:24526:0]         mxm.c:185  MXM  WARN  The 'ulimit -s' on the system is set to 'unlimited'. This may have negative performance implications. Please set the heap size to the default value (10240) 
[1447442778.131230] [node036:22340:0]         sys.c:719  MXM  WARN  Conflicting CPU frequencies detected, using: 2182.97
[1447442778.135081] [node036:22340:0]         mxm.c:185  MXM  WARN  The 'ulimit -s' on the system is set to 'unlimited'. This may have negative performance implications. Please set the heap size to the default value (10240) 
[1447442778.119780] [node039:16183:0]         sys.c:719  MXM  WARN  Conflicting CPU frequencies detected, using: 2096.53
[1447442778.126567] [node039:16183:0]         mxm.c:185  MXM  WARN  The 'ulimit -s' on the system is set to 'unlimited'. This may have negative performance implications. Please set the heap size to the default value (10240) 
[1447442778.133298] [node041:22731:0]         sys.c:719  MXM  WARN  Conflicting CPU frequencies detected, using: 2249.62
[1447442778.138999] [node041:22731:0]         mxm.c:185  MXM  WARN  The 'ulimit -s' on the system is set to 'unlimited'. This may have negative performance implications. Please set the heap size to the default value (10240) 
[1447442778.113848] [node037:25999:0]         sys.c:719  MXM  WARN  Conflicting CPU frequencies detected, using: 3141.47
[1447442778.118535] [node037:25999:0]         mxm.c:185  MXM  WARN  The 'ulimit -s' on the system is set to 'unlimited'. This may have negative performance implications. Please set the heap size to the default value (10240) 
[1447442778.114613] [node037:25998:0]         sys.c:719  MXM  WARN  Conflicting CPU frequencies detected, using: 3141.47
[1447442778.119347] [node037:25998:0]         mxm.c:185  MXM  WARN  The 'ulimit -s' on the system is set to 'unlimited'. This may have negative performance implications. Please set the heap size to the default value (10240) 
[1447442778.114168] [node035:19728:0]         sys.c:719  MXM  WARN  Conflicting CPU frequencies detected, using: 3164.62
[1447442778.118410] [node035:19728:0]         mxm.c:185  MXM  WARN  The 'ulimit -s' on the system is set to 'unlimited'. This may have negative performance implications. Please set the heap size to the default value (10240) 
[1447442778.111678] [node034:24527:0]         sys.c:719  MXM  WARN  Conflicting CPU frequencies detected, using: 2124.09
[1447442778.118154] [node034:24527:0]         mxm.c:185  MXM  WARN  The 'ulimit -s' on the system is set to 'unlimited'. This may have negative performance implications. Please set the heap size to the default value (10240) 
[1447442778.117967] [node035:19727:0]         sys.c:719  MXM  WARN  Conflicting CPU frequencies detected, using: 3164.62
[1447442778.121705] [node035:19727:0]         mxm.c:185  MXM  WARN  The 'ulimit -s' on the system is set to 'unlimited'. This may have negative performance implications. Please set the heap size to the default value (10240) 
UPCR: UPC thread  1 of 32 on node030 (pshm node  0 of 16, process  1 of 32, pid=17324)
UPCR: UPC thread  0 of 32 on node030 (pshm node  0 of 16, process  0 of 32, pid=17323)
UPCR: UPC thread  2 of 32 on node031 (pshm node  1 of 16, process  2 of 32, pid=21549)
UPCR: UPC thread 21 of 32 on node040 (pshm node 10 of 16, process 21 of 32, pid=26951)
UPCR: UPC thread 20 of 32 on node040 (pshm node 10 of 16, process 20 of 32, pid=26952)
UPCR: UPC thread 18 of 32 on node039 (pshm node  9 of 16, process 18 of 32, pid=16183)
UPCR: UPC thread 27 of 32 on node043 (pshm node 13 of 16, process 27 of 32, pid=23750)
UPCR: UPC thread 16 of 32 on node038 (pshm node  8 of 16, process 16 of 32, pid=22362)
UPCR: UPC thread  3 of 32 on node031 (pshm node  1 of 16, process  3 of 32, pid=21550)
UPCR: UPC thread 26 of 32 on node043 (pshm node 13 of 16, process 26 of 32, pid=23751)
UPCR: UPC thread 19 of 32 on node039 (pshm node  9 of 16, process 19 of 32, pid=16184)
UPCR: UPC thread 10 of 32 on node035 (pshm node  5 of 16, process 10 of 32, pid=19727)
UPCR: UPC thread 22 of 32 on node041 (pshm node 11 of 16, process 22 of 32, pid=22730)
UPCR: UPC thread  6 of 32 on node033 (pshm node  3 of 16, process  6 of 32, pid=24223)
UPCR: UPC thread  9 of 32 on node034 (pshm node  4 of 16, process  9 of 32, pid=24527)
UPCR: UPC thread 25 of 32 on node042 (pshm node 12 of 16, process 25 of 32, pid=12738)
UPCR: UPC thread  4 of 32 on node032 (pshm node  2 of 16, process  4 of 32, pid=19944)
UPCR: UPC thread 14 of 32 on node037 (pshm node  7 of 16, process 14 of 32, pid=25998)
UPCR: UPC thread 15 of 32 on node037 (pshm node  7 of 16, process 15 of 32, pid=25999)
UPCR: UPC thread  8 of 32 on node034 (pshm node  4 of 16, process  8 of 32, pid=24526)
UPCR: UPC thread 23 of 32 on node041 (pshm node 11 of 16, process 23 of 32, pid=22731)
UPCR: UPC thread  5 of 32 on node032 (pshm node  2 of 16, process  5 of 32, pid=19943)
UPCR: UPC thread 29 of 32 on node044 (pshm node 14 of 16, process 29 of 32, pid=24329)
UPCR: UPC thread  7 of 32 on node033 (pshm node  3 of 16, process  7 of 32, pid=24224)
UPCR: UPC thread 30 of 32 on node045 (pshm node 15 of 16, process 30 of 32, pid=22680)
UPCR: UPC thread 13 of 32 on node036 (pshm node  6 of 16, process 13 of 32, pid=22341)
UPCR: UPC thread 31 of 32 on node045 (pshm node 15 of 16, process 31 of 32, pid=22679)
UPCR: UPC thread 24 of 32 on node042 (pshm node 12 of 16, process 24 of 32, pid=12739)
UPCR: UPC thread 17 of 32 on node038 (pshm node  8 of 16, process 17 of 32, pid=22363)
UPCR: UPC thread 28 of 32 on node044 (pshm node 14 of 16, process 28 of 32, pid=24330)
UPCR: UPC thread 11 of 32 on node035 (pshm node  5 of 16, process 11 of 32, pid=19728)
UPCR: UPC thread 12 of 32 on node036 (pshm node  6 of 16, process 12 of 32, pid=22340)
0/32 - htable initialized
0/32 - table size: 34359738368 bytes (32768 MB)
0/32 - total number of buckets: 4294967296
0/32 - block size: 1073741824 (1024 MB)
0/32 - number of buckets in block: 134217728
0/32 - number of blocks: 32
26/32 - Performed a throughput benchmark:
26/32 - Performed 2000000 find-or-put operations with random values from [0,...,147199999]
26/32 - Finds: 376932 (0.188466), Inserts: 1623068 (0.811534), Errors: 0 (0)
26/32 - Execution time: 7.64838 seconds
26/32 - Throughput: 261493 ops/sec
17/32 - Performed a throughput benchmark:
17/32 - Performed 2000000 find-or-put operations with random values from [0,...,147199999]
17/32 - Finds: 376489 (0.188245), Inserts: 1623511 (0.811755), Errors: 0 (0)
17/32 - Execution time: 7.65569 seconds
17/32 - Throughput: 261244 ops/sec
2/32 - Performed a throughput benchmark:
2/32 - Performed 2000000 find-or-put operations with random values from [0,...,147199999]
2/32 - Finds: 376469 (0.188234), Inserts: 1623531 (0.811766), Errors: 0 (0)
2/32 - Execution time: 7.66226 seconds
2/32 - Throughput: 261020 ops/sec
3/32 - Performed a throughput benchmark:
3/32 - Performed 2000000 find-or-put operations with random values from [0,...,147199999]
3/32 - Finds: 376020 (0.18801), Inserts: 1623980 (0.81199), Errors: 0 (0)
3/32 - Execution time: 7.66498 seconds
3/32 - Throughput: 260927 ops/sec
13/32 - Performed a throughput benchmark:
13/32 - Performed 2000000 find-or-put operations with random values from [0,...,147199999]
13/32 - Finds: 376809 (0.188405), Inserts: 1623191 (0.811596), Errors: 0 (0)
13/32 - Execution time: 7.66329 seconds
13/32 - Throughput: 260984 ops/sec
1/32 - Performed a throughput benchmark:
1/32 - Performed 2000000 find-or-put operations with random values from [0,...,147199999]
1/32 - Finds: 376130 (0.188065), Inserts: 1623870 (0.811935), Errors: 0 (0)
1/32 - Execution time: 7.65265 seconds
1/32 - Throughput: 261347 ops/sec
20/32 - Performed a throughput benchmark:
20/32 - Performed 2000000 find-or-put operations with random values from [0,...,147199999]
20/32 - Finds: 375989 (0.187995), Inserts: 1624011 (0.812006), Errors: 0 (0)
20/32 - Execution time: 7.65423 seconds
20/32 - Throughput: 261293 ops/sec
22/32 - Performed a throughput benchmark:
22/32 - Performed 2000000 find-or-put operations with random values from [0,...,147199999]
22/32 - Finds: 377455 (0.188727), Inserts: 1622545 (0.811272), Errors: 0 (0)
22/32 - Execution time: 7.66169 seconds
22/32 - Throughput: 261039 ops/sec
10/32 - Performed a throughput benchmark:
10/32 - Performed 2000000 find-or-put operations with random values from [0,...,147199999]
10/32 - Finds: 379038 (0.189519), Inserts: 1620962 (0.810481), Errors: 0 (0)
10/32 - Execution time: 7.68016 seconds
10/32 - Throughput: 260411 ops/sec
6/32 - Performed a throughput benchmark:
6/32 - Performed 2000000 find-or-put operations with random values from [0,...,147199999]
6/32 - Finds: 377409 (0.188704), Inserts: 1622591 (0.811295), Errors: 0 (0)
6/32 - Execution time: 7.67342 seconds
6/32 - Throughput: 260640 ops/sec
27/32 - Performed a throughput benchmark:
27/32 - Performed 2000000 find-or-put operations with random values from [0,...,147199999]
27/32 - Finds: 378450 (0.189225), Inserts: 1621550 (0.810775), Errors: 0 (0)
27/32 - Execution time: 7.66505 seconds
27/32 - Throughput: 260924 ops/sec
31/32 - Performed a throughput benchmark:
31/32 - Performed 2000000 find-or-put operations with random values from [0,...,147199999]
31/32 - Finds: 378229 (0.189114), Inserts: 1621771 (0.810886), Errors: 0 (0)
31/32 - Execution time: 7.66448 seconds
31/32 - Throughput: 260944 ops/sec
16/32 - Performed a throughput benchmark:
16/32 - Performed 2000000 find-or-put operations with random values from [0,...,147199999]
16/32 - Finds: 376212 (0.188106), Inserts: 1623788 (0.811894), Errors: 0 (0)
16/32 - Execution time: 7.66341 seconds
16/32 - Throughput: 260981 ops/sec
24/32 - Performed a throughput benchmark:
24/32 - Performed 2000000 find-or-put operations with random values from [0,...,147199999]
24/32 - Finds: 376468 (0.188234), Inserts: 1623532 (0.811766), Errors: 0 (0)
24/32 - Execution time: 7.66598 seconds
24/32 - Throughput: 260893 ops/sec
30/32 - Performed a throughput benchmark:
30/32 - Performed 2000000 find-or-put operations with random values from [0,...,147199999]
30/32 - Finds: 377534 (0.188767), Inserts: 1622466 (0.811233), Errors: 0 (0)
30/32 - Execution time: 7.67266 seconds
30/32 - Throughput: 260666 ops/sec
23/32 - Performed a throughput benchmark:
23/32 - Performed 2000000 find-or-put operations with random values from [0,...,147199999]
23/32 - Finds: 376641 (0.188321), Inserts: 1623359 (0.811679), Errors: 0 (0)
23/32 - Execution time: 7.66498 seconds
23/32 - Throughput: 260927 ops/sec
15/32 - Performed a throughput benchmark:
15/32 - Performed 2000000 find-or-put operations with random values from [0,...,147199999]
15/32 - Finds: 378726 (0.189363), Inserts: 1621274 (0.810637), Errors: 0 (0)
15/32 - Execution time: 7.67866 seconds
15/32 - Throughput: 260462 ops/sec
21/32 - Performed a throughput benchmark:
21/32 - Performed 2000000 find-or-put operations with random values from [0,...,147199999]
21/32 - Finds: 378097 (0.189049), Inserts: 1621903 (0.810952), Errors: 0 (0)
21/32 - Execution time: 7.66999 seconds
21/32 - Throughput: 260756 ops/sec
5/32 - Performed a throughput benchmark:
5/32 - Performed 2000000 find-or-put operations with random values from [0,...,147199999]
5/32 - Finds: 377944 (0.188972), Inserts: 1622056 (0.811028), Errors: 0 (0)
5/32 - Execution time: 7.68554 seconds
5/32 - Throughput: 260229 ops/sec
25/32 - Performed a throughput benchmark:
25/32 - Performed 2000000 find-or-put operations with random values from [0,...,147199999]
25/32 - Finds: 377318 (0.188659), Inserts: 1622682 (0.811341), Errors: 0 (0)
25/32 - Execution time: 7.66998 seconds
25/32 - Throughput: 260757 ops/sec
7/32 - Performed a throughput benchmark:
7/32 - Performed 2000000 find-or-put operations with random values from [0,...,147199999]
7/32 - Finds: 377930 (0.188965), Inserts: 1622070 (0.811035), Errors: 0 (0)
7/32 - Execution time: 7.67349 seconds
7/32 - Throughput: 260637 ops/sec
9/32 - Performed a throughput benchmark:
9/32 - Performed 2000000 find-or-put operations with random values from [0,...,147199999]
9/32 - Finds: 378956 (0.189478), Inserts: 1621044 (0.810522), Errors: 0 (0)
9/32 - Execution time: 7.69567 seconds
9/32 - Throughput: 259886 ops/sec
8/32 - Performed a throughput benchmark:
8/32 - Performed 2000000 find-or-put operations with random values from [0,...,147199999]
8/32 - Finds: 378520 (0.18926), Inserts: 1621480 (0.81074), Errors: 0 (0)
8/32 - Execution time: 7.69129 seconds
8/32 - Throughput: 260034 ops/sec
12/32 - Performed a throughput benchmark:
12/32 - Performed 2000000 find-or-put operations with random values from [0,...,147199999]
12/32 - Finds: 378752 (0.189376), Inserts: 1621248 (0.810624), Errors: 0 (0)
12/32 - Execution time: 7.68396 seconds
12/32 - Throughput: 260283 ops/sec
4/32 - Performed a throughput benchmark:
4/32 - Performed 2000000 find-or-put operations with random values from [0,...,147199999]
4/32 - Finds: 378723 (0.189361), Inserts: 1621277 (0.810639), Errors: 0 (0)
4/32 - Execution time: 7.685 seconds
4/32 - Throughput: 260247 ops/sec
14/32 - Performed a throughput benchmark:
14/32 - Performed 2000000 find-or-put operations with random values from [0,...,147199999]
14/32 - Finds: 377909 (0.188954), Inserts: 1622091 (0.811045), Errors: 0 (0)
14/32 - Execution time: 7.6751 seconds
14/32 - Throughput: 260583 ops/sec
18/32 - Performed a throughput benchmark:
18/32 - Performed 2000000 find-or-put operations with random values from [0,...,147199999]
18/32 - Finds: 379006 (0.189503), Inserts: 1620994 (0.810497), Errors: 0 (0)
18/32 - Execution time: 7.7264 seconds
18/32 - Throughput: 258853 ops/sec
28/32 - Performed a throughput benchmark:
28/32 - Performed 2000000 find-or-put operations with random values from [0,...,147199999]
28/32 - Finds: 381149 (0.190575), Inserts: 1618851 (0.809426), Errors: 0 (0)
28/32 - Execution time: 7.73226 seconds
28/32 - Throughput: 258656 ops/sec
11/32 - Performed a throughput benchmark:
11/32 - Performed 2000000 find-or-put operations with random values from [0,...,147199999]
11/32 - Finds: 379860 (0.18993), Inserts: 1620140 (0.81007), Errors: 0 (0)
11/32 - Execution time: 7.70517 seconds
11/32 - Throughput: 259566 ops/sec
29/32 - Performed a throughput benchmark:
29/32 - Performed 2000000 find-or-put operations with random values from [0,...,147199999]
29/32 - Finds: 381638 (0.190819), Inserts: 1618362 (0.809181), Errors: 0 (0)
29/32 - Execution time: 7.73058 seconds
29/32 - Throughput: 258713 ops/sec
19/32 - Performed a throughput benchmark:
19/32 - Performed 2000000 find-or-put operations with random values from [0,...,147199999]
19/32 - Finds: 381260 (0.19063), Inserts: 1618740 (0.80937), Errors: 0 (0)
19/32 - Execution time: 7.76018 seconds
19/32 - Throughput: 257726 ops/sec
[1447442777.767371] [node030:17278:0]         sys.c:719  MXM  WARN  Conflicting CPU frequencies detected, using: 1548.09
