[1447442176.851139] [node030:15047:0]         sys.c:719  MXM  WARN  Conflicting CPU frequencies detected, using: 1973.06
[1447442176.866678] [node030:15047:0]         mxm.c:185  MXM  WARN  The 'ulimit -s' on the system is set to 'unlimited'. This may have negative performance implications. Please set the heap size to the default value (10240) 
[1447442176.850121] [node030:15048:0]         sys.c:719  MXM  WARN  Conflicting CPU frequencies detected, using: 1973.06
[1447442176.868455] [node030:15048:0]         mxm.c:185  MXM  WARN  The 'ulimit -s' on the system is set to 'unlimited'. This may have negative performance implications. Please set the heap size to the default value (10240) 
[1447442176.849067] [node030:15046:0]         sys.c:719  MXM  WARN  Conflicting CPU frequencies detected, using: 1973.06
[1447442176.865146] [node030:15046:0]         mxm.c:185  MXM  WARN  The 'ulimit -s' on the system is set to 'unlimited'. This may have negative performance implications. Please set the heap size to the default value (10240) 
[1447442176.850960] [node030:15049:0]         sys.c:719  MXM  WARN  Conflicting CPU frequencies detected, using: 1973.06
[1447442176.869484] [node030:15049:0]         mxm.c:185  MXM  WARN  The 'ulimit -s' on the system is set to 'unlimited'. This may have negative performance implications. Please set the heap size to the default value (10240) 
[1447442177.168638] [node033:19791:0]         sys.c:719  MXM  WARN  Conflicting CPU frequencies detected, using: 2399.44
[1447442177.174472] [node033:19791:0]         mxm.c:185  MXM  WARN  The 'ulimit -s' on the system is set to 'unlimited'. This may have negative performance implications. Please set the heap size to the default value (10240) 
[1447442177.183148] [node035:15301:0]         sys.c:719  MXM  WARN  Conflicting CPU frequencies detected, using: 2198.06
[1447442177.186422] [node035:15301:0]         mxm.c:185  MXM  WARN  The 'ulimit -s' on the system is set to 'unlimited'. This may have negative performance implications. Please set the heap size to the default value (10240) 
[1447442177.172707] [node033:19790:0]         sys.c:719  MXM  WARN  Conflicting CPU frequencies detected, using: 2399.44
[1447442177.178230] [node033:19790:0]         mxm.c:185  MXM  WARN  The 'ulimit -s' on the system is set to 'unlimited'. This may have negative performance implications. Please set the heap size to the default value (10240) 
[1447442177.175214] [node032:15514:0]         sys.c:719  MXM  WARN  Conflicting CPU frequencies detected, using: 2399.91
[1447442177.180737] [node032:15514:0]         mxm.c:185  MXM  WARN  The 'ulimit -s' on the system is set to 'unlimited'. This may have negative performance implications. Please set the heap size to the default value (10240) 
[1447442177.176467] [node033:19818:0]         sys.c:719  MXM  WARN  Conflicting CPU frequencies detected, using: 2399.44
[1447442177.182346] [node033:19818:0]         mxm.c:185  MXM  WARN  The 'ulimit -s' on the system is set to 'unlimited'. This may have negative performance implications. Please set the heap size to the default value (10240) 
[1447442177.180354] [node032:15526:0]         sys.c:719  MXM  WARN  Conflicting CPU frequencies detected, using: 2399.62
[1447442177.185770] [node032:15526:0]         mxm.c:185  MXM  WARN  The 'ulimit -s' on the system is set to 'unlimited'. This may have negative performance implications. Please set the heap size to the default value (10240) 
[1447442177.183871] [node035:15297:0]         sys.c:719  MXM  WARN  Conflicting CPU frequencies detected, using: 2198.06
[1447442177.187764] [node035:15297:0]         mxm.c:185  MXM  WARN  The 'ulimit -s' on the system is set to 'unlimited'. This may have negative performance implications. Please set the heap size to the default value (10240) 
[1447442177.185042] [node034:20133:0]         sys.c:719  MXM  WARN  Conflicting CPU frequencies detected, using: 2400.00
[1447442177.190655] [node034:20133:0]         mxm.c:185  MXM  WARN  The 'ulimit -s' on the system is set to 'unlimited'. This may have negative performance implications. Please set the heap size to the default value (10240) 
[1447442177.195046] [node035:15323:0]         sys.c:719  MXM  WARN  Conflicting CPU frequencies detected, using: 2195.34
[1447442177.199073] [node035:15323:0]         mxm.c:185  MXM  WARN  The 'ulimit -s' on the system is set to 'unlimited'. This may have negative performance implications. Please set the heap size to the default value (10240) 
[1447442177.193044] [node041:18341:0]         sys.c:719  MXM  WARN  Conflicting CPU frequencies detected, using: 2300.34
[1447442177.198003] [node041:18341:0]         mxm.c:185  MXM  WARN  The 'ulimit -s' on the system is set to 'unlimited'. This may have negative performance implications. Please set the heap size to the default value (10240) 
[1447442177.187240] [node034:20134:0]         sys.c:719  MXM  WARN  Conflicting CPU frequencies detected, using: 2400.00
[1447442177.193870] [node034:20134:0]         mxm.c:185  MXM  WARN  The 'ulimit -s' on the system is set to 'unlimited'. This may have negative performance implications. Please set the heap size to the default value (10240) 
[1447442177.199085] [node034:20144:0]         sys.c:719  MXM  WARN  Conflicting CPU frequencies detected, using: 2400.00
[1447442177.207309] [node034:20144:0]         mxm.c:185  MXM  WARN  The 'ulimit -s' on the system is set to 'unlimited'. This may have negative performance implications. Please set the heap size to the default value (10240) 
[1447442177.200490] [node033:19819:0]         sys.c:719  MXM  WARN  Conflicting CPU frequencies detected, using: 2400.00
[1447442177.206384] [node033:19819:0]         mxm.c:185  MXM  WARN  The 'ulimit -s' on the system is set to 'unlimited'. This may have negative performance implications. Please set the heap size to the default value (10240) 
[1447442177.196383] [node032:15542:0]         sys.c:719  MXM  WARN  Conflicting CPU frequencies detected, using: 2399.62
[1447442177.202245] [node032:15542:0]         mxm.c:185  MXM  WARN  The 'ulimit -s' on the system is set to 'unlimited'. This may have negative performance implications. Please set the heap size to the default value (10240) 
[1447442177.200237] [node034:20156:0]         sys.c:719  MXM  WARN  Conflicting CPU frequencies detected, using: 2400.00
[1447442177.209577] [node034:20156:0]         mxm.c:185  MXM  WARN  The 'ulimit -s' on the system is set to 'unlimited'. This may have negative performance implications. Please set the heap size to the default value (10240) 
[1447442177.207932] [node035:15332:0]         sys.c:719  MXM  WARN  Conflicting CPU frequencies detected, using: 2198.25
[1447442177.212711] [node035:15332:0]         mxm.c:185  MXM  WARN  The 'ulimit -s' on the system is set to 'unlimited'. This may have negative performance implications. Please set the heap size to the default value (10240) 
[1447442177.206913] [node041:18358:0]         sys.c:719  MXM  WARN  Conflicting CPU frequencies detected, using: 2362.88
[1447442177.213572] [node041:18358:0]         mxm.c:185  MXM  WARN  The 'ulimit -s' on the system is set to 'unlimited'. This may have negative performance implications. Please set the heap size to the default value (10240) 
[1447442177.234037] [node037:21570:0]         sys.c:719  MXM  WARN  Conflicting CPU frequencies detected, using: 2372.25
[1447442177.238513] [node037:21570:0]         mxm.c:185  MXM  WARN  The 'ulimit -s' on the system is set to 'unlimited'. This may have negative performance implications. Please set the heap size to the default value (10240) 
[1447442177.241627] [node038:17935:0]         sys.c:719  MXM  WARN  Conflicting CPU frequencies detected, using: 2388.66
[1447442177.249275] [node038:17935:0]         mxm.c:185  MXM  WARN  The 'ulimit -s' on the system is set to 'unlimited'. This may have negative performance implications. Please set the heap size to the default value (10240) 
[1447442177.196757] [node031:17116:0]         sys.c:719  MXM  WARN  Conflicting CPU frequencies detected, using: 2139.28
[1447442177.203630] [node031:17116:0]         mxm.c:185  MXM  WARN  The 'ulimit -s' on the system is set to 'unlimited'. This may have negative performance implications. Please set the heap size to the default value (10240) 
[1447442177.200036] [node031:17117:0]         sys.c:719  MXM  WARN  Conflicting CPU frequencies detected, using: 2139.28
[1447442177.206449] [node031:17117:0]         mxm.c:185  MXM  WARN  The 'ulimit -s' on the system is set to 'unlimited'. This may have negative performance implications. Please set the heap size to the default value (10240) 
[1447442177.204715] [node031:17128:0]         sys.c:719  MXM  WARN  Conflicting CPU frequencies detected, using: 2139.28
[1447442177.210747] [node031:17128:0]         mxm.c:185  MXM  WARN  The 'ulimit -s' on the system is set to 'unlimited'. This may have negative performance implications. Please set the heap size to the default value (10240) 
[1447442177.230195] [node037:21568:0]         sys.c:719  MXM  WARN  Conflicting CPU frequencies detected, using: 2299.88
[1447442177.232960] [node037:21568:0]         mxm.c:185  MXM  WARN  The 'ulimit -s' on the system is set to 'unlimited'. This may have negative performance implications. Please set the heap size to the default value (10240) 
[1447442177.228519] [node037:21571:0]         sys.c:719  MXM  WARN  Conflicting CPU frequencies detected, using: 2299.88
[1447442177.231113] [node037:21571:0]         mxm.c:185  MXM  WARN  The 'ulimit -s' on the system is set to 'unlimited'. This may have negative performance implications. Please set the heap size to the default value (10240) 
[1447442177.226106] [node036:17904:0]         sys.c:719  MXM  WARN  Conflicting CPU frequencies detected, using: 2153.53
[1447442177.229870] [node036:17904:0]         mxm.c:185  MXM  WARN  The 'ulimit -s' on the system is set to 'unlimited'. This may have negative performance implications. Please set the heap size to the default value (10240) 
[1447442177.212515] [node040:22521:0]         sys.c:719  MXM  WARN  Conflicting CPU frequencies detected, using: 2400.00
[1447442177.219221] [node040:22521:0]         mxm.c:185  MXM  WARN  The 'ulimit -s' on the system is set to 'unlimited'. This may have negative performance implications. Please set the heap size to the default value (10240) 
[1447442177.208620] [node031:17139:0]         sys.c:719  MXM  WARN  Conflicting CPU frequencies detected, using: 2293.03
[1447442177.219241] [node031:17139:0]         mxm.c:185  MXM  WARN  The 'ulimit -s' on the system is set to 'unlimited'. This may have negative performance implications. Please set the heap size to the default value (10240) 
[1447442177.231842] [node036:17906:0]         sys.c:719  MXM  WARN  Conflicting CPU frequencies detected, using: 2188.78
[1447442177.236503] [node036:17906:0]         mxm.c:185  MXM  WARN  The 'ulimit -s' on the system is set to 'unlimited'. This may have negative performance implications. Please set the heap size to the default value (10240) 
[1447442177.225780] [node037:21569:0]         sys.c:719  MXM  WARN  Conflicting CPU frequencies detected, using: 2299.88
[1447442177.229813] [node037:21569:0]         mxm.c:185  MXM  WARN  The 'ulimit -s' on the system is set to 'unlimited'. This may have negative performance implications. Please set the heap size to the default value (10240) 
[1447442177.225434] [node038:17936:0]         sys.c:719  MXM  WARN  Conflicting CPU frequencies detected, using: 2384.06
[1447442177.231288] [node038:17936:0]         mxm.c:185  MXM  WARN  The 'ulimit -s' on the system is set to 'unlimited'. This may have negative performance implications. Please set the heap size to the default value (10240) 
[1447442177.216303] [node040:22529:0]         sys.c:719  MXM  WARN  Conflicting CPU frequencies detected, using: 2400.00
[1447442177.223577] [node040:22529:0]         mxm.c:185  MXM  WARN  The 'ulimit -s' on the system is set to 'unlimited'. This may have negative performance implications. Please set the heap size to the default value (10240) 
[1447442177.222784] [node040:22528:0]         sys.c:719  MXM  WARN  Conflicting CPU frequencies detected, using: 2400.00
[1447442177.232961] [node040:22528:0]         mxm.c:185  MXM  WARN  The 'ulimit -s' on the system is set to 'unlimited'. This may have negative performance implications. Please set the heap size to the default value (10240) 
[1447442177.226437] [node039:11794:0]         sys.c:719  MXM  WARN  Conflicting CPU frequencies detected, using: 2360.53
[1447442177.231980] [node039:11794:0]         mxm.c:185  MXM  WARN  The 'ulimit -s' on the system is set to 'unlimited'. This may have negative performance implications. Please set the heap size to the default value (10240) 
[1447442177.232250] [node039:11795:0]         sys.c:719  MXM  WARN  Conflicting CPU frequencies detected, using: 2337.47
[1447442177.237712] [node039:11795:0]         mxm.c:185  MXM  WARN  The 'ulimit -s' on the system is set to 'unlimited'. This may have negative performance implications. Please set the heap size to the default value (10240) 
[1447442177.232570] [node036:17905:0]         sys.c:719  MXM  WARN  Conflicting CPU frequencies detected, using: 2188.78
[1447442177.237722] [node036:17905:0]         mxm.c:185  MXM  WARN  The 'ulimit -s' on the system is set to 'unlimited'. This may have negative performance implications. Please set the heap size to the default value (10240) 
[1447442177.233066] [node036:17918:0]         sys.c:719  MXM  WARN  Conflicting CPU frequencies detected, using: 2188.78
[1447442177.238177] [node036:17918:0]         mxm.c:185  MXM  WARN  The 'ulimit -s' on the system is set to 'unlimited'. This may have negative performance implications. Please set the heap size to the default value (10240) 
[1447442177.233518] [node038:17928:0]         sys.c:719  MXM  WARN  Conflicting CPU frequencies detected, using: 2384.06
[1447442177.239756] [node038:17928:0]         mxm.c:185  MXM  WARN  The 'ulimit -s' on the system is set to 'unlimited'. This may have negative performance implications. Please set the heap size to the default value (10240) 
[1447442177.242790] [node038:17927:0]         sys.c:719  MXM  WARN  Conflicting CPU frequencies detected, using: 2388.66
[1447442177.251628] [node038:17927:0]         mxm.c:185  MXM  WARN  The 'ulimit -s' on the system is set to 'unlimited'. This may have negative performance implications. Please set the heap size to the default value (10240) 
[1447442177.240972] [node039:11802:0]         sys.c:719  MXM  WARN  Conflicting CPU frequencies detected, using: 2337.47
[1447442177.249391] [node039:11802:0]         mxm.c:185  MXM  WARN  The 'ulimit -s' on the system is set to 'unlimited'. This may have negative performance implications. Please set the heap size to the default value (10240) 
[1447442177.247548] [node039:11801:0]         sys.c:719  MXM  WARN  Conflicting CPU frequencies detected, using: 2337.47
[1447442177.252735] [node039:11801:0]         mxm.c:185  MXM  WARN  The 'ulimit -s' on the system is set to 'unlimited'. This may have negative performance implications. Please set the heap size to the default value (10240) 
[1447442177.204122] [node041:18349:0]         sys.c:719  MXM  WARN  Conflicting CPU frequencies detected, using: 2362.88
[1447442177.212601] [node041:18349:0]         mxm.c:185  MXM  WARN  The 'ulimit -s' on the system is set to 'unlimited'. This may have negative performance implications. Please set the heap size to the default value (10240) 
[1447442177.220438] [node041:18359:0]         sys.c:719  MXM  WARN  Conflicting CPU frequencies detected, using: 2362.88
[1447442177.228945] [node041:18359:0]         mxm.c:185  MXM  WARN  The 'ulimit -s' on the system is set to 'unlimited'. This may have negative performance implications. Please set the heap size to the default value (10240) 
[1447442177.206192] [node032:15528:0]         sys.c:719  MXM  WARN  Conflicting CPU frequencies detected, using: 2399.62
[1447442177.215311] [node032:15528:0]         mxm.c:185  MXM  WARN  The 'ulimit -s' on the system is set to 'unlimited'. This may have negative performance implications. Please set the heap size to the default value (10240) 
[1447442177.210426] [node040:22516:0]         sys.c:719  MXM  WARN  Conflicting CPU frequencies detected, using: 2400.00
[1447442177.217414] [node040:22516:0]         mxm.c:185  MXM  WARN  The 'ulimit -s' on the system is set to 'unlimited'. This may have negative performance implications. Please set the heap size to the default value (10240) 
UPCR: UPC thread  3 of 48 on node030 (pshm node  0 of 12, process  3 of 48, pid=15049)
UPCR: UPC thread  2 of 48 on node030 (pshm node  0 of 12, process  2 of 48, pid=15048)
UPCR: UPC thread  0 of 48 on node030 (pshm node  0 of 12, process  0 of 48, pid=15046)
UPCR: UPC thread  1 of 48 on node030 (pshm node  0 of 12, process  1 of 48, pid=15047)
UPCR: UPC thread  9 of 48 on node032 (pshm node  2 of 12, process  9 of 48, pid=15542)
UPCR: UPC thread 16 of 48 on node034 (pshm node  4 of 12, process 16 of 48, pid=20144)
UPCR: UPC thread 19 of 48 on node034 (pshm node  4 of 12, process 19 of 48, pid=20134)
UPCR: UPC thread 18 of 48 on node034 (pshm node  4 of 12, process 18 of 48, pid=20156)
UPCR: UPC thread 26 of 48 on node036 (pshm node  6 of 12, process 26 of 48, pid=17904)
UPCR: UPC thread  8 of 48 on node032 (pshm node  2 of 12, process  8 of 48, pid=15514)
UPCR: UPC thread 30 of 48 on node037 (pshm node  7 of 12, process 30 of 48, pid=21571)
UPCR: UPC thread 23 of 48 on node035 (pshm node  5 of 12, process 23 of 48, pid=15332)
UPCR: UPC thread 21 of 48 on node035 (pshm node  5 of 12, process 21 of 48, pid=15323)
UPCR: UPC thread 43 of 48 on node040 (pshm node 10 of 12, process 43 of 48, pid=22516)
UPCR: UPC thread 29 of 48 on node037 (pshm node  7 of 12, process 29 of 48, pid=21570)
UPCR: UPC thread 28 of 48 on node037 (pshm node  7 of 12, process 28 of 48, pid=21568)
UPCR: UPC thread 41 of 48 on node040 (pshm node 10 of 12, process 41 of 48, pid=22521)
UPCR: UPC thread 31 of 48 on node037 (pshm node  7 of 12, process 31 of 48, pid=21569)
UPCR: UPC thread 45 of 48 on node041 (pshm node 11 of 12, process 45 of 48, pid=18359)
UPCR: UPC thread 11 of 48 on node032 (pshm node  2 of 12, process 11 of 48, pid=15526)
UPCR: UPC thread 10 of 48 on node032 (pshm node  2 of 12, process 10 of 48, pid=15528)
UPCR: UPC thread 32 of 48 on node038 (pshm node  8 of 12, process 32 of 48, pid=17936)
UPCR: UPC thread 27 of 48 on node036 (pshm node  6 of 12, process 27 of 48, pid=17906)
UPCR: UPC thread 40 of 48 on node040 (pshm node 10 of 12, process 40 of 48, pid=22528)
UPCR: UPC thread 33 of 48 on node038 (pshm node  8 of 12, process 33 of 48, pid=17928)
UPCR: UPC thread  5 of 48 on node031 (pshm node  1 of 12, process  5 of 48, pid=17117)
UPCR: UPC thread  4 of 48 on node031 (pshm node  1 of 12, process  4 of 48, pid=17139)
UPCR: UPC thread 37 of 48 on node039 (pshm node  9 of 12, process 37 of 48, pid=11795)
UPCR: UPC thread 15 of 48 on node033 (pshm node  3 of 12, process 15 of 48, pid=19791)
UPCR: UPC thread 17 of 48 on node034 (pshm node  4 of 12, process 17 of 48, pid=20133)
UPCR: UPC thread  7 of 48 on node031 (pshm node  1 of 12, process  7 of 48, pid=17128)
UPCR: UPC thread  6 of 48 on node031 (pshm node  1 of 12, process  6 of 48, pid=17116)
UPCR: UPC thread 46 of 48 on node041 (pshm node 11 of 12, process 46 of 48, pid=18358)
UPCR: UPC thread 25 of 48 on node036 (pshm node  6 of 12, process 25 of 48, pid=17905)
UPCR: UPC thread 38 of 48 on node039 (pshm node  9 of 12, process 38 of 48, pid=11802)
UPCR: UPC thread 34 of 48 on node038 (pshm node  8 of 12, process 34 of 48, pid=17935)
UPCR: UPC thread 36 of 48 on node039 (pshm node  9 of 12, process 36 of 48, pid=11801)
UPCR: UPC thread 20 of 48 on node035 (pshm node  5 of 12, process 20 of 48, pid=15301)
UPCR: UPC thread 22 of 48 on node035 (pshm node  5 of 12, process 22 of 48, pid=15297)
UPCR: UPC thread 14 of 48 on node033 (pshm node  3 of 12, process 14 of 48, pid=19819)
UPCR: UPC thread 42 of 48 on node040 (pshm node 10 of 12, process 42 of 48, pid=22529)
UPCR: UPC thread 24 of 48 on node036 (pshm node  6 of 12, process 24 of 48, pid=17918)
UPCR: UPC thread 12 of 48 on node033 (pshm node  3 of 12, process 12 of 48, pid=19818)
UPCR: UPC thread 47 of 48 on node041 (pshm node 11 of 12, process 47 of 48, pid=18341)
UPCR: UPC thread 35 of 48 on node038 (pshm node  8 of 12, process 35 of 48, pid=17927)
UPCR: UPC thread 39 of 48 on node039 (pshm node  9 of 12, process 39 of 48, pid=11794)
UPCR: UPC thread 44 of 48 on node041 (pshm node 11 of 12, process 44 of 48, pid=18349)
UPCR: UPC thread 13 of 48 on node033 (pshm node  3 of 12, process 13 of 48, pid=19790)
0/48 - htable initialized
0/48 - table size: 51539607552 bytes (49152 MB)
0/48 - total number of buckets: 6442450944
0/48 - block size: 1073741824 (1024 MB)
0/48 - number of buckets in block: 134217728
0/48 - number of blocks: 48
31/48 - Performed a throughput benchmark:
31/48 - Performed 2000000 find-or-put operations with random values from [0,...,220799998]
31/48 - Finds: 375747 (0.187873), Inserts: 1624253 (0.812126), Errors: 0 (0)
31/48 - Execution time: 8.04655 seconds
31/48 - Throughput: 248554 ops/sec
46/48 - Performed a throughput benchmark:
46/48 - Performed 2000000 find-or-put operations with random values from [0,...,220799998]
46/48 - Finds: 376895 (0.188447), Inserts: 1623105 (0.811553), Errors: 0 (0)
46/48 - Execution time: 8.06264 seconds
46/48 - Throughput: 248058 ops/sec
29/48 - Performed a throughput benchmark:
29/48 - Performed 2000000 find-or-put operations with random values from [0,...,220799998]
29/48 - Finds: 376611 (0.188305), Inserts: 1623389 (0.811694), Errors: 0 (0)
29/48 - Execution time: 8.06586 seconds
29/48 - Throughput: 247959 ops/sec
28/48 - Performed a throughput benchmark:
28/48 - Performed 2000000 find-or-put operations with random values from [0,...,220799998]
28/48 - Finds: 377465 (0.188732), Inserts: 1622535 (0.811268), Errors: 0 (0)
28/48 - Execution time: 8.06467 seconds
28/48 - Throughput: 247995 ops/sec
3/48 - Performed a throughput benchmark:
3/48 - Performed 2000000 find-or-put operations with random values from [0,...,220799998]
3/48 - Finds: 377778 (0.188889), Inserts: 1622222 (0.811111), Errors: 0 (0)
3/48 - Execution time: 8.06312 seconds
3/48 - Throughput: 248043 ops/sec
47/48 - Performed a throughput benchmark:
47/48 - Performed 2000000 find-or-put operations with random values from [0,...,220799998]
47/48 - Finds: 376729 (0.188364), Inserts: 1623271 (0.811635), Errors: 0 (0)
47/48 - Execution time: 8.06216 seconds
47/48 - Throughput: 248072 ops/sec
25/48 - Performed a throughput benchmark:
25/48 - Performed 2000000 find-or-put operations with random values from [0,...,220799998]
25/48 - Finds: 377616 (0.188808), Inserts: 1622384 (0.811192), Errors: 0 (0)
25/48 - Execution time: 8.07376 seconds
25/48 - Throughput: 247716 ops/sec
2/48 - Performed a throughput benchmark:
2/48 - Performed 2000000 find-or-put operations with random values from [0,...,220799998]
2/48 - Finds: 377416 (0.188708), Inserts: 1622584 (0.811292), Errors: 0 (0)
2/48 - Execution time: 8.07438 seconds
2/48 - Throughput: 247697 ops/sec
24/48 - Performed a throughput benchmark:
24/48 - Performed 2000000 find-or-put operations with random values from [0,...,220799998]
24/48 - Finds: 377250 (0.188625), Inserts: 1622750 (0.811375), Errors: 0 (0)
24/48 - Execution time: 8.0759 seconds
24/48 - Throughput: 247650 ops/sec
27/48 - Performed a throughput benchmark:
27/48 - Performed 2000000 find-or-put operations with random values from [0,...,220799998]
27/48 - Finds: 377017 (0.188508), Inserts: 1622983 (0.811492), Errors: 0 (0)
27/48 - Execution time: 8.05489 seconds
27/48 - Throughput: 248296 ops/sec
45/48 - Performed a throughput benchmark:
45/48 - Performed 2000000 find-or-put operations with random values from [0,...,220799998]
45/48 - Finds: 378330 (0.189165), Inserts: 1621670 (0.810835), Errors: 0 (0)
45/48 - Execution time: 8.07518 seconds
45/48 - Throughput: 247673 ops/sec
30/48 - Performed a throughput benchmark:
30/48 - Performed 2000000 find-or-put operations with random values from [0,...,220799998]
30/48 - Finds: 376453 (0.188226), Inserts: 1623547 (0.811774), Errors: 0 (0)
30/48 - Execution time: 8.0588 seconds
30/48 - Throughput: 248176 ops/sec
26/48 - Performed a throughput benchmark:
26/48 - Performed 2000000 find-or-put operations with random values from [0,...,220799998]
26/48 - Finds: 376073 (0.188036), Inserts: 1623927 (0.811963), Errors: 0 (0)
26/48 - Execution time: 8.05664 seconds
26/48 - Throughput: 248242 ops/sec
23/48 - Performed a throughput benchmark:
23/48 - Performed 2000000 find-or-put operations with random values from [0,...,220799998]
23/48 - Finds: 378562 (0.189281), Inserts: 1621438 (0.810719), Errors: 0 (0)
23/48 - Execution time: 8.08268 seconds
23/48 - Throughput: 247443 ops/sec
36/48 - Performed a throughput benchmark:
36/48 - Performed 2000000 find-or-put operations with random values from [0,...,220799998]
36/48 - Finds: 378059 (0.189029), Inserts: 1621941 (0.810971), Errors: 0 (0)
36/48 - Execution time: 8.08883 seconds
36/48 - Throughput: 247254 ops/sec
12/48 - Performed a throughput benchmark:
12/48 - Performed 2000000 find-or-put operations with random values from [0,...,220799998]
12/48 - Finds: 378044 (0.189022), Inserts: 1621956 (0.810978), Errors: 0 (0)
12/48 - Execution time: 8.0847 seconds
12/48 - Throughput: 247381 ops/sec
38/48 - Performed a throughput benchmark:
38/48 - Performed 2000000 find-or-put operations with random values from [0,...,220799998]
38/48 - Finds: 376050 (0.188025), Inserts: 1623950 (0.811975), Errors: 0 (0)
38/48 - Execution time: 8.06302 seconds
38/48 - Throughput: 248046 ops/sec
5/48 - Performed a throughput benchmark:
5/48 - Performed 2000000 find-or-put operations with random values from [0,...,220799998]
5/48 - Finds: 377207 (0.188604), Inserts: 1622793 (0.811396), Errors: 0 (0)
5/48 - Execution time: 8.08741 seconds
5/48 - Throughput: 247298 ops/sec
42/48 - Performed a throughput benchmark:
42/48 - Performed 2000000 find-or-put operations with random values from [0,...,220799998]
42/48 - Finds: 377645 (0.188823), Inserts: 1622355 (0.811177), Errors: 0 (0)
42/48 - Execution time: 8.07494 seconds
42/48 - Throughput: 247680 ops/sec
6/48 - Performed a throughput benchmark:
6/48 - Performed 2000000 find-or-put operations with random values from [0,...,220799998]
6/48 - Finds: 377237 (0.188618), Inserts: 1622763 (0.811381), Errors: 0 (0)
6/48 - Execution time: 8.08683 seconds
6/48 - Throughput: 247316 ops/sec
33/48 - Performed a throughput benchmark:
33/48 - Performed 2000000 find-or-put operations with random values from [0,...,220799998]
33/48 - Finds: 378840 (0.18942), Inserts: 1621160 (0.81058), Errors: 0 (0)
33/48 - Execution time: 8.09158 seconds
33/48 - Throughput: 247171 ops/sec
34/48 - Performed a throughput benchmark:
34/48 - Performed 2000000 find-or-put operations with random values from [0,...,220799998]
34/48 - Finds: 376707 (0.188354), Inserts: 1623293 (0.811647), Errors: 0 (0)
34/48 - Execution time: 8.08072 seconds
34/48 - Throughput: 247503 ops/sec
44/48 - Performed a throughput benchmark:
44/48 - Performed 2000000 find-or-put operations with random values from [0,...,220799998]
44/48 - Finds: 377716 (0.188858), Inserts: 1622284 (0.811142), Errors: 0 (0)
44/48 - Execution time: 8.07685 seconds
44/48 - Throughput: 247621 ops/sec
4/48 - Performed a throughput benchmark:
4/48 - Performed 2000000 find-or-put operations with random values from [0,...,220799998]
4/48 - Finds: 377438 (0.188719), Inserts: 1622562 (0.811281), Errors: 0 (0)
4/48 - Execution time: 8.08061 seconds
4/48 - Throughput: 247506 ops/sec
41/48 - Performed a throughput benchmark:
41/48 - Performed 2000000 find-or-put operations with random values from [0,...,220799998]
41/48 - Finds: 376817 (0.188409), Inserts: 1623183 (0.811592), Errors: 0 (0)
41/48 - Execution time: 8.07137 seconds
41/48 - Throughput: 247789 ops/sec
13/48 - Performed a throughput benchmark:
13/48 - Performed 2000000 find-or-put operations with random values from [0,...,220799998]
13/48 - Finds: 376551 (0.188276), Inserts: 1623449 (0.811724), Errors: 0 (0)
13/48 - Execution time: 8.0804 seconds
13/48 - Throughput: 247513 ops/sec
21/48 - Performed a throughput benchmark:
21/48 - Performed 2000000 find-or-put operations with random values from [0,...,220799998]
21/48 - Finds: 377541 (0.188771), Inserts: 1622459 (0.81123), Errors: 0 (0)
21/48 - Execution time: 8.07776 seconds
21/48 - Throughput: 247593 ops/sec
20/48 - Performed a throughput benchmark:
20/48 - Performed 2000000 find-or-put operations with random values from [0,...,220799998]
20/48 - Finds: 376904 (0.188452), Inserts: 1623096 (0.811548), Errors: 0 (0)
20/48 - Execution time: 8.07912 seconds
20/48 - Throughput: 247552 ops/sec
32/48 - Performed a throughput benchmark:
32/48 - Performed 2000000 find-or-put operations with random values from [0,...,220799998]
32/48 - Finds: 378305 (0.189153), Inserts: 1621695 (0.810848), Errors: 0 (0)
32/48 - Execution time: 8.08756 seconds
32/48 - Throughput: 247293 ops/sec
37/48 - Performed a throughput benchmark:
37/48 - Performed 2000000 find-or-put operations with random values from [0,...,220799998]
37/48 - Finds: 377961 (0.18898), Inserts: 1622039 (0.81102), Errors: 0 (0)
37/48 - Execution time: 8.07653 seconds
37/48 - Throughput: 247631 ops/sec
39/48 - Performed a throughput benchmark:
39/48 - Performed 2000000 find-or-put operations with random values from [0,...,220799998]
39/48 - Finds: 377809 (0.188905), Inserts: 1622191 (0.811095), Errors: 0 (0)
39/48 - Execution time: 8.08327 seconds
39/48 - Throughput: 247425 ops/sec
18/48 - Performed a throughput benchmark:
18/48 - Performed 2000000 find-or-put operations with random values from [0,...,220799998]
18/48 - Finds: 379329 (0.189665), Inserts: 1620671 (0.810335), Errors: 0 (0)
18/48 - Execution time: 8.11601 seconds
18/48 - Throughput: 246427 ops/sec
22/48 - Performed a throughput benchmark:
22/48 - Performed 2000000 find-or-put operations with random values from [0,...,220799998]
22/48 - Finds: 378232 (0.189116), Inserts: 1621768 (0.810884), Errors: 0 (0)
22/48 - Execution time: 8.08285 seconds
22/48 - Throughput: 247438 ops/sec
7/48 - Performed a throughput benchmark:
7/48 - Performed 2000000 find-or-put operations with random values from [0,...,220799998]
7/48 - Finds: 378025 (0.189012), Inserts: 1621975 (0.810987), Errors: 0 (0)
7/48 - Execution time: 8.0863 seconds
7/48 - Throughput: 247332 ops/sec
17/48 - Performed a throughput benchmark:
17/48 - Performed 2000000 find-or-put operations with random values from [0,...,220799998]
17/48 - Finds: 378340 (0.18917), Inserts: 1621660 (0.81083), Errors: 0 (0)
17/48 - Execution time: 8.112 seconds
17/48 - Throughput: 246548 ops/sec
43/48 - Performed a throughput benchmark:
43/48 - Performed 2000000 find-or-put operations with random values from [0,...,220799998]
43/48 - Finds: 376290 (0.188145), Inserts: 1623710 (0.811855), Errors: 0 (0)
43/48 - Execution time: 8.07461 seconds
43/48 - Throughput: 247690 ops/sec
15/48 - Performed a throughput benchmark:
15/48 - Performed 2000000 find-or-put operations with random values from [0,...,220799998]
15/48 - Finds: 377762 (0.188881), Inserts: 1622238 (0.811119), Errors: 0 (0)
15/48 - Execution time: 8.07597 seconds
15/48 - Throughput: 247648 ops/sec
40/48 - Performed a throughput benchmark:
40/48 - Performed 2000000 find-or-put operations with random values from [0,...,220799998]
40/48 - Finds: 377397 (0.188698), Inserts: 1622603 (0.811302), Errors: 0 (0)
40/48 - Execution time: 8.07905 seconds
40/48 - Throughput: 247554 ops/sec
9/48 - Performed a throughput benchmark:
9/48 - Performed 2000000 find-or-put operations with random values from [0,...,220799998]
9/48 - Finds: 376883 (0.188442), Inserts: 1623117 (0.811558), Errors: 0 (0)
9/48 - Execution time: 8.07483 seconds
9/48 - Throughput: 247683 ops/sec
14/48 - Performed a throughput benchmark:
14/48 - Performed 2000000 find-or-put operations with random values from [0,...,220799998]
14/48 - Finds: 377861 (0.188931), Inserts: 1622139 (0.811069), Errors: 0 (0)
14/48 - Execution time: 8.07281 seconds
14/48 - Throughput: 247745 ops/sec
16/48 - Performed a throughput benchmark:
16/48 - Performed 2000000 find-or-put operations with random values from [0,...,220799998]
16/48 - Finds: 379084 (0.189542), Inserts: 1620916 (0.810458), Errors: 0 (0)
16/48 - Execution time: 8.1077 seconds
16/48 - Throughput: 246679 ops/sec
8/48 - Performed a throughput benchmark:
8/48 - Performed 2000000 find-or-put operations with random values from [0,...,220799998]
8/48 - Finds: 378709 (0.189355), Inserts: 1621291 (0.810646), Errors: 0 (0)
8/48 - Execution time: 8.12351 seconds
8/48 - Throughput: 246199 ops/sec
10/48 - Performed a throughput benchmark:
10/48 - Performed 2000000 find-or-put operations with random values from [0,...,220799998]
10/48 - Finds: 377533 (0.188767), Inserts: 1622467 (0.811234), Errors: 0 (0)
10/48 - Execution time: 8.07414 seconds
10/48 - Throughput: 247704 ops/sec
11/48 - Performed a throughput benchmark:
11/48 - Performed 2000000 find-or-put operations with random values from [0,...,220799998]
11/48 - Finds: 380278 (0.190139), Inserts: 1619722 (0.809861), Errors: 0 (0)
11/48 - Execution time: 8.15491 seconds
11/48 - Throughput: 245251 ops/sec
19/48 - Performed a throughput benchmark:
19/48 - Performed 2000000 find-or-put operations with random values from [0,...,220799998]
19/48 - Finds: 378127 (0.189063), Inserts: 1621873 (0.810936), Errors: 0 (0)
19/48 - Execution time: 8.10246 seconds
19/48 - Throughput: 246838 ops/sec
35/48 - Performed a throughput benchmark:
35/48 - Performed 2000000 find-or-put operations with random values from [0,...,220799998]
35/48 - Finds: 383534 (0.191767), Inserts: 1616466 (0.808233), Errors: 0 (0)
35/48 - Execution time: 8.19509 seconds
35/48 - Throughput: 244049 ops/sec
0/48 - Performed a throughput benchmark:
0/48 - Performed 2000000 find-or-put operations with random values from [0,...,220799998]
0/48 - Finds: 382587 (0.191294), Inserts: 1617413 (0.808706), Errors: 0 (0)
0/48 - Execution time: 8.20328 seconds
0/48 - Throughput: 243805 ops/sec
1/48 - Performed a throughput benchmark:
1/48 - Performed 2000000 find-or-put operations with random values from [0,...,220799998]
1/48 - Finds: 383980 (0.19199), Inserts: 1616020 (0.80801), Errors: 0 (0)
1/48 - Execution time: 8.23018 seconds
1/48 - Throughput: 243008 ops/sec
[1447442176.832525] [node030:15001:0]         sys.c:719  MXM  WARN  Conflicting CPU frequencies detected, using: 2409.66
