[1447426463.770122] [node008:26199:0]         sys.c:719  MXM  WARN  Conflicting CPU frequencies detected, using: 1381.41
[1447426463.805025] [node008:26199:0]         mxm.c:185  MXM  WARN  The 'ulimit -s' on the system is set to 'unlimited'. This may have negative performance implications. Please set the heap size to the default value (10240) 
[1447426463.770201] [node008:26200:0]         sys.c:719  MXM  WARN  Conflicting CPU frequencies detected, using: 1381.41
[1447426463.802549] [node008:26200:0]         mxm.c:185  MXM  WARN  The 'ulimit -s' on the system is set to 'unlimited'. This may have negative performance implications. Please set the heap size to the default value (10240) 
[1447426463.771531] [node008:26205:0]         sys.c:719  MXM  WARN  Conflicting CPU frequencies detected, using: 1381.41
[1447426463.810572] [node008:26205:0]         mxm.c:185  MXM  WARN  The 'ulimit -s' on the system is set to 'unlimited'. This may have negative performance implications. Please set the heap size to the default value (10240) 
[1447426463.770210] [node008:26201:0]         sys.c:719  MXM  WARN  Conflicting CPU frequencies detected, using: 1381.41
[1447426463.812176] [node008:26201:0]         mxm.c:185  MXM  WARN  The 'ulimit -s' on the system is set to 'unlimited'. This may have negative performance implications. Please set the heap size to the default value (10240) 
[1447426463.770543] [node008:26204:0]         sys.c:719  MXM  WARN  Conflicting CPU frequencies detected, using: 1381.41
[1447426463.806626] [node008:26204:0]         mxm.c:185  MXM  WARN  The 'ulimit -s' on the system is set to 'unlimited'. This may have negative performance implications. Please set the heap size to the default value (10240) 
[1447426463.772025] [node008:26206:0]         sys.c:719  MXM  WARN  Conflicting CPU frequencies detected, using: 1381.41
[1447426463.813947] [node008:26206:0]         mxm.c:185  MXM  WARN  The 'ulimit -s' on the system is set to 'unlimited'. This may have negative performance implications. Please set the heap size to the default value (10240) 
[1447426463.771182] [node008:26203:0]         sys.c:719  MXM  WARN  Conflicting CPU frequencies detected, using: 1381.41
[1447426463.819059] [node008:26203:0]         mxm.c:185  MXM  WARN  The 'ulimit -s' on the system is set to 'unlimited'. This may have negative performance implications. Please set the heap size to the default value (10240) 
[1447426463.769751] [node008:26202:0]         sys.c:719  MXM  WARN  Conflicting CPU frequencies detected, using: 1381.41
[1447426463.816428] [node008:26202:0]         mxm.c:185  MXM  WARN  The 'ulimit -s' on the system is set to 'unlimited'. This may have negative performance implications. Please set the heap size to the default value (10240) 
[1447426464.416310] [node010:9844 :0]         sys.c:719  MXM  WARN  Conflicting CPU frequencies detected, using: 2400.00
[1447426464.420729] [node010:9844 :0]         mxm.c:185  MXM  WARN  The 'ulimit -s' on the system is set to 'unlimited'. This may have negative performance implications. Please set the heap size to the default value (10240) 
[1447426464.417864] [node010:9842 :0]         sys.c:719  MXM  WARN  Conflicting CPU frequencies detected, using: 2400.00
[1447426464.421869] [node010:9842 :0]         mxm.c:185  MXM  WARN  The 'ulimit -s' on the system is set to 'unlimited'. This may have negative performance implications. Please set the heap size to the default value (10240) 
[1447426464.410951] [node011:27171:0]         sys.c:719  MXM  WARN  Conflicting CPU frequencies detected, using: 2380.69
[1447426464.416164] [node011:27171:0]         mxm.c:185  MXM  WARN  The 'ulimit -s' on the system is set to 'unlimited'. This may have negative performance implications. Please set the heap size to the default value (10240) 
[1447426464.416042] [node010:9843 :0]         sys.c:719  MXM  WARN  Conflicting CPU frequencies detected, using: 2400.00
[1447426464.420882] [node010:9843 :0]         mxm.c:185  MXM  WARN  The 'ulimit -s' on the system is set to 'unlimited'. This may have negative performance implications. Please set the heap size to the default value (10240) 
[1447426464.417522] [node009:22621:0]         sys.c:719  MXM  WARN  Conflicting CPU frequencies detected, using: 2400.00
[1447426464.422773] [node009:22621:0]         mxm.c:185  MXM  WARN  The 'ulimit -s' on the system is set to 'unlimited'. This may have negative performance implications. Please set the heap size to the default value (10240) 
[1447426464.403623] [node012:13401:0]         sys.c:719  MXM  WARN  Conflicting CPU frequencies detected, using: 1838.91
[1447426464.410089] [node012:13401:0]         mxm.c:185  MXM  WARN  The 'ulimit -s' on the system is set to 'unlimited'. This may have negative performance implications. Please set the heap size to the default value (10240) 
[1447426464.427799] [node010:9845 :0]         sys.c:719  MXM  WARN  Conflicting CPU frequencies detected, using: 2400.00
[1447426464.433111] [node010:9845 :0]         mxm.c:185  MXM  WARN  The 'ulimit -s' on the system is set to 'unlimited'. This may have negative performance implications. Please set the heap size to the default value (10240) 
[1447426464.425083] [node009:22623:0]         sys.c:719  MXM  WARN  Conflicting CPU frequencies detected, using: 2399.62
[1447426464.432645] [node009:22623:0]         mxm.c:185  MXM  WARN  The 'ulimit -s' on the system is set to 'unlimited'. This may have negative performance implications. Please set the heap size to the default value (10240) 
[1447426464.431976] [node009:22620:0]         sys.c:719  MXM  WARN  Conflicting CPU frequencies detected, using: 2399.62
[1447426464.439403] [node009:22620:0]         mxm.c:185  MXM  WARN  The 'ulimit -s' on the system is set to 'unlimited'. This may have negative performance implications. Please set the heap size to the default value (10240) 
[1447426464.434720] [node011:27179:0]         sys.c:719  MXM  WARN  Conflicting CPU frequencies detected, using: 2399.62
[1447426464.439882] [node011:27179:0]         mxm.c:185  MXM  WARN  The 'ulimit -s' on the system is set to 'unlimited'. This may have negative performance implications. Please set the heap size to the default value (10240) 
[1447426464.433270] [node009:22622:0]         sys.c:719  MXM  WARN  Conflicting CPU frequencies detected, using: 2399.62
[1447426464.441031] [node009:22622:0]         mxm.c:185  MXM  WARN  The 'ulimit -s' on the system is set to 'unlimited'. This may have negative performance implications. Please set the heap size to the default value (10240) 
[1447426464.436956] [node009:22624:0]         sys.c:719  MXM  WARN  Conflicting CPU frequencies detected, using: 2400.00
[1447426464.447022] [node009:22624:0]         mxm.c:185  MXM  WARN  The 'ulimit -s' on the system is set to 'unlimited'. This may have negative performance implications. Please set the heap size to the default value (10240) 
[1447426464.440906] [node011:27178:0]         sys.c:719  MXM  WARN  Conflicting CPU frequencies detected, using: 2400.00
[1447426464.450254] [node011:27178:0]         mxm.c:185  MXM  WARN  The 'ulimit -s' on the system is set to 'unlimited'. This may have negative performance implications. Please set the heap size to the default value (10240) 
[1447426464.440700] [node011:27202:0]         sys.c:719  MXM  WARN  Conflicting CPU frequencies detected, using: 2400.00
[1447426464.451154] [node011:27202:0]         mxm.c:185  MXM  WARN  The 'ulimit -s' on the system is set to 'unlimited'. This may have negative performance implications. Please set the heap size to the default value (10240) 
[1447426464.443000] [node011:27177:0]         sys.c:719  MXM  WARN  Conflicting CPU frequencies detected, using: 2400.00
[1447426464.455071] [node011:27177:0]         mxm.c:185  MXM  WARN  The 'ulimit -s' on the system is set to 'unlimited'. This may have negative performance implications. Please set the heap size to the default value (10240) 
[1447426464.545263] [node011:27351:0]         sys.c:719  MXM  WARN  Conflicting CPU frequencies detected, using: 2400.00
[1447426464.551977] [node011:27351:0]         mxm.c:185  MXM  WARN  The 'ulimit -s' on the system is set to 'unlimited'. This may have negative performance implications. Please set the heap size to the default value (10240) 
[1447426464.549247] [node009:22793:0]         sys.c:719  MXM  WARN  Conflicting CPU frequencies detected, using: 2400.56
[1447426464.554689] [node009:22793:0]         mxm.c:185  MXM  WARN  The 'ulimit -s' on the system is set to 'unlimited'. This may have negative performance implications. Please set the heap size to the default value (10240) 
[1447426464.548056] [node011:27342:0]         sys.c:719  MXM  WARN  Conflicting CPU frequencies detected, using: 2400.00
[1447426464.554627] [node011:27342:0]         mxm.c:185  MXM  WARN  The 'ulimit -s' on the system is set to 'unlimited'. This may have negative performance implications. Please set the heap size to the default value (10240) 
[1447426464.570304] [node010:9978 :0]         sys.c:719  MXM  WARN  Conflicting CPU frequencies detected, using: 2400.09
[1447426464.574120] [node010:9978 :0]         mxm.c:185  MXM  WARN  The 'ulimit -s' on the system is set to 'unlimited'. This may have negative performance implications. Please set the heap size to the default value (10240) 
[1447426464.560216] [node011:27343:0]         sys.c:719  MXM  WARN  Conflicting CPU frequencies detected, using: 2399.91
[1447426464.566244] [node011:27343:0]         mxm.c:185  MXM  WARN  The 'ulimit -s' on the system is set to 'unlimited'. This may have negative performance implications. Please set the heap size to the default value (10240) 
[1447426464.554740] [node009:22786:0]         sys.c:719  MXM  WARN  Conflicting CPU frequencies detected, using: 2400.56
[1447426464.560252] [node009:22786:0]         mxm.c:185  MXM  WARN  The 'ulimit -s' on the system is set to 'unlimited'. This may have negative performance implications. Please set the heap size to the default value (10240) 
[1447426464.566339] [node009:22794:0]         sys.c:719  MXM  WARN  Conflicting CPU frequencies detected, using: 2400.47
[1447426464.572703] [node009:22794:0]         mxm.c:185  MXM  WARN  The 'ulimit -s' on the system is set to 'unlimited'. This may have negative performance implications. Please set the heap size to the default value (10240) 
[1447426464.581537] [node019:32396:0]         sys.c:719  MXM  WARN  Conflicting CPU frequencies detected, using: 2400.00
[1447426464.584668] [node019:32396:0]         mxm.c:185  MXM  WARN  The 'ulimit -s' on the system is set to 'unlimited'. This may have negative performance implications. Please set the heap size to the default value (10240) 
[1447426464.590848] [node010:9979 :0]         sys.c:719  MXM  WARN  Conflicting CPU frequencies detected, using: 2400.09
[1447426464.593885] [node010:9979 :0]         mxm.c:185  MXM  WARN  The 'ulimit -s' on the system is set to 'unlimited'. This may have negative performance implications. Please set the heap size to the default value (10240) 
[1447426464.601225] [node010:9980 :0]         sys.c:719  MXM  WARN  Conflicting CPU frequencies detected, using: 2400.09
[1447426464.605035] [node010:9980 :0]         mxm.c:185  MXM  WARN  The 'ulimit -s' on the system is set to 'unlimited'. This may have negative performance implications. Please set the heap size to the default value (10240) 
[1447426464.616337] [node019:32406:0]         sys.c:719  MXM  WARN  Conflicting CPU frequencies detected, using: 2400.00
[1447426464.619301] [node019:32406:0]         mxm.c:185  MXM  WARN  The 'ulimit -s' on the system is set to 'unlimited'. This may have negative performance implications. Please set the heap size to the default value (10240) 
[1447426464.611337] [node016:31179:0]         sys.c:719  MXM  WARN  Conflicting CPU frequencies detected, using: 2400.00
[1447426464.615074] [node016:31179:0]         mxm.c:185  MXM  WARN  The 'ulimit -s' on the system is set to 'unlimited'. This may have negative performance implications. Please set the heap size to the default value (10240) 
[1447426464.601735] [node013:9559 :0]         sys.c:719  MXM  WARN  Conflicting CPU frequencies detected, using: 2400.28
[1447426464.606952] [node013:9559 :0]         mxm.c:185  MXM  WARN  The 'ulimit -s' on the system is set to 'unlimited'. This may have negative performance implications. Please set the heap size to the default value (10240) 
[1447426464.617785] [node010:9981 :0]         sys.c:719  MXM  WARN  Conflicting CPU frequencies detected, using: 2400.09
[1447426464.620925] [node010:9981 :0]         mxm.c:185  MXM  WARN  The 'ulimit -s' on the system is set to 'unlimited'. This may have negative performance implications. Please set the heap size to the default value (10240) 
[1447426464.619790] [node015:30866:0]         sys.c:719  MXM  WARN  Conflicting CPU frequencies detected, using: 2845.50
[1447426464.625329] [node015:30866:0]         mxm.c:185  MXM  WARN  The 'ulimit -s' on the system is set to 'unlimited'. This may have negative performance implications. Please set the heap size to the default value (10240) 
[1447426464.634768] [node016:31192:0]         sys.c:719  MXM  WARN  Conflicting CPU frequencies detected, using: 2400.00
[1447426464.638018] [node016:31192:0]         mxm.c:185  MXM  WARN  The 'ulimit -s' on the system is set to 'unlimited'. This may have negative performance implications. Please set the heap size to the default value (10240) 
[1447426464.636792] [node016:31195:0]         sys.c:719  MXM  WARN  Conflicting CPU frequencies detected, using: 2400.00
[1447426464.639818] [node016:31195:0]         mxm.c:185  MXM  WARN  The 'ulimit -s' on the system is set to 'unlimited'. This may have negative performance implications. Please set the heap size to the default value (10240) 
[1447426464.627950] [node018:27300:0]         sys.c:719  MXM  WARN  Conflicting CPU frequencies detected, using: 2400.00
[1447426464.632876] [node018:27300:0]         mxm.c:185  MXM  WARN  The 'ulimit -s' on the system is set to 'unlimited'. This may have negative performance implications. Please set the heap size to the default value (10240) 
[1447426464.642745] [node019:32448:0]         sys.c:719  MXM  WARN  Conflicting CPU frequencies detected, using: 2400.09
[1447426464.645253] [node019:32448:0]         mxm.c:185  MXM  WARN  The 'ulimit -s' on the system is set to 'unlimited'. This may have negative performance implications. Please set the heap size to the default value (10240) 
[1447426464.626945] [node013:9565 :0]         sys.c:719  MXM  WARN  Conflicting CPU frequencies detected, using: 2400.09
[1447426464.633158] [node013:9565 :0]         mxm.c:185  MXM  WARN  The 'ulimit -s' on the system is set to 'unlimited'. This may have negative performance implications. Please set the heap size to the default value (10240) 
[1447426464.641325] [node019:32417:0]         sys.c:719  MXM  WARN  Conflicting CPU frequencies detected, using: 2400.28
[1447426464.644583] [node019:32417:0]         mxm.c:185  MXM  WARN  The 'ulimit -s' on the system is set to 'unlimited'. This may have negative performance implications. Please set the heap size to the default value (10240) 
[1447426464.636910] [node016:31196:0]         sys.c:719  MXM  WARN  Conflicting CPU frequencies detected, using: 2400.00
[1447426464.640310] [node016:31196:0]         mxm.c:185  MXM  WARN  The 'ulimit -s' on the system is set to 'unlimited'. This may have negative performance implications. Please set the heap size to the default value (10240) 
[1447426464.645461] [node019:32418:0]         sys.c:719  MXM  WARN  Conflicting CPU frequencies detected, using: 2400.28
[1447426464.648209] [node019:32418:0]         mxm.c:185  MXM  WARN  The 'ulimit -s' on the system is set to 'unlimited'. This may have negative performance implications. Please set the heap size to the default value (10240) 
[1447426464.634594] [node013:9584 :0]         sys.c:719  MXM  WARN  Conflicting CPU frequencies detected, using: 2400.09
[1447426464.640944] [node013:9584 :0]         mxm.c:185  MXM  WARN  The 'ulimit -s' on the system is set to 'unlimited'. This may have negative performance implications. Please set the heap size to the default value (10240) 
[1447426464.638145] [node016:31202:0]         sys.c:719  MXM  WARN  Conflicting CPU frequencies detected, using: 2400.00
[1447426464.641310] [node016:31202:0]         mxm.c:185  MXM  WARN  The 'ulimit -s' on the system is set to 'unlimited'. This may have negative performance implications. Please set the heap size to the default value (10240) 
[1447426464.638074] [node016:31197:0]         sys.c:719  MXM  WARN  Conflicting CPU frequencies detected, using: 2400.00
[1447426464.641068] [node016:31197:0]         mxm.c:185  MXM  WARN  The 'ulimit -s' on the system is set to 'unlimited'. This may have negative performance implications. Please set the heap size to the default value (10240) 
[1447426464.632131] [node015:30877:0]         sys.c:719  MXM  WARN  Conflicting CPU frequencies detected, using: 2845.50
[1447426464.641158] [node015:30877:0]         mxm.c:185  MXM  WARN  The 'ulimit -s' on the system is set to 'unlimited'. This may have negative performance implications. Please set the heap size to the default value (10240) 
[1447426464.627526] [node015:30968:0]         sys.c:719  MXM  WARN  Conflicting CPU frequencies detected, using: 2845.50
[1447426464.634755] [node015:30968:0]         mxm.c:185  MXM  WARN  The 'ulimit -s' on the system is set to 'unlimited'. This may have negative performance implications. Please set the heap size to the default value (10240) 
[1447426464.650257] [node014:22145:0]         sys.c:719  MXM  WARN  Conflicting CPU frequencies detected, using: 2400.00
[1447426464.653782] [node014:22145:0]         mxm.c:185  MXM  WARN  The 'ulimit -s' on the system is set to 'unlimited'. This may have negative performance implications. Please set the heap size to the default value (10240) 
[1447426464.626040] [node012:13459:0]         sys.c:719  MXM  WARN  Conflicting CPU frequencies detected, using: 2400.00
[1447426464.633982] [node012:13459:0]         mxm.c:185  MXM  WARN  The 'ulimit -s' on the system is set to 'unlimited'. This may have negative performance implications. Please set the heap size to the default value (10240) 
[1447426464.649335] [node014:22141:0]         sys.c:719  MXM  WARN  Conflicting CPU frequencies detected, using: 2400.00
[1447426464.652234] [node014:22141:0]         mxm.c:185  MXM  WARN  The 'ulimit -s' on the system is set to 'unlimited'. This may have negative performance implications. Please set the heap size to the default value (10240) 
[1447426464.637203] [node015:30870:0]         sys.c:719  MXM  WARN  Conflicting CPU frequencies detected, using: 2845.50
[1447426464.646856] [node015:30870:0]         mxm.c:185  MXM  WARN  The 'ulimit -s' on the system is set to 'unlimited'. This may have negative performance implications. Please set the heap size to the default value (10240) 
[1447426464.652027] [node019:32450:0]         sys.c:719  MXM  WARN  Conflicting CPU frequencies detected, using: 2400.28
[1447426464.655500] [node019:32450:0]         mxm.c:185  MXM  WARN  The 'ulimit -s' on the system is set to 'unlimited'. This may have negative performance implications. Please set the heap size to the default value (10240) 
[1447426464.638163] [node018:27311:0]         sys.c:719  MXM  WARN  Conflicting CPU frequencies detected, using: 2400.00
[1447426464.645303] [node018:27311:0]         mxm.c:185  MXM  WARN  The 'ulimit -s' on the system is set to 'unlimited'. This may have negative performance implications. Please set the heap size to the default value (10240) 
[1447426464.656776] [node014:22149:0]         sys.c:719  MXM  WARN  Conflicting CPU frequencies detected, using: 2400.00
[1447426464.660057] [node014:22149:0]         mxm.c:185  MXM  WARN  The 'ulimit -s' on the system is set to 'unlimited'. This may have negative performance implications. Please set the heap size to the default value (10240) 
[1447426464.625114] [node012:13453:0]         sys.c:719  MXM  WARN  Conflicting CPU frequencies detected, using: 2400.00
[1447426464.633072] [node012:13453:0]         mxm.c:185  MXM  WARN  The 'ulimit -s' on the system is set to 'unlimited'. This may have negative performance implications. Please set the heap size to the default value (10240) 
[1447426464.656388] [node014:22207:0]         sys.c:719  MXM  WARN  Conflicting CPU frequencies detected, using: 2400.00
[1447426464.660639] [node014:22207:0]         mxm.c:185  MXM  WARN  The 'ulimit -s' on the system is set to 'unlimited'. This may have negative performance implications. Please set the heap size to the default value (10240) 
[1447426464.642640] [node018:27307:0]         sys.c:719  MXM  WARN  Conflicting CPU frequencies detected, using: 2400.47
[1447426464.650850] [node018:27307:0]         mxm.c:185  MXM  WARN  The 'ulimit -s' on the system is set to 'unlimited'. This may have negative performance implications. Please set the heap size to the default value (10240) 
[1447426464.661112] [node016:31194:0]         sys.c:719  MXM  WARN  Conflicting CPU frequencies detected, using: 2400.00
[1447426464.664677] [node016:31194:0]         mxm.c:185  MXM  WARN  The 'ulimit -s' on the system is set to 'unlimited'. This may have negative performance implications. Please set the heap size to the default value (10240) 
[1447426464.634694] [node015:30883:0]         sys.c:719  MXM  WARN  Conflicting CPU frequencies detected, using: 2845.50
[1447426464.649428] [node015:30883:0]         mxm.c:185  MXM  WARN  The 'ulimit -s' on the system is set to 'unlimited'. This may have negative performance implications. Please set the heap size to the default value (10240) 
[1447426464.664043] [node019:32431:0]         sys.c:719  MXM  WARN  Conflicting CPU frequencies detected, using: 2400.09
[1447426464.667580] [node019:32431:0]         mxm.c:185  MXM  WARN  The 'ulimit -s' on the system is set to 'unlimited'. This may have negative performance implications. Please set the heap size to the default value (10240) 
[1447426464.642620] [node018:27371:0]         sys.c:719  MXM  WARN  Conflicting CPU frequencies detected, using: 2400.47
[1447426464.652429] [node018:27371:0]         mxm.c:185  MXM  WARN  The 'ulimit -s' on the system is set to 'unlimited'. This may have negative performance implications. Please set the heap size to the default value (10240) 
[1447426464.666441] [node019:32430:0]         sys.c:719  MXM  WARN  Conflicting CPU frequencies detected, using: 2400.09
[1447426464.669142] [node019:32430:0]         mxm.c:185  MXM  WARN  The 'ulimit -s' on the system is set to 'unlimited'. This may have negative performance implications. Please set the heap size to the default value (10240) 
[1447426464.667723] [node016:31198:0]         sys.c:719  MXM  WARN  Conflicting CPU frequencies detected, using: 2400.00
[1447426464.671047] [node016:31198:0]         mxm.c:185  MXM  WARN  The 'ulimit -s' on the system is set to 'unlimited'. This may have negative performance implications. Please set the heap size to the default value (10240) 
[1447426464.658432] [node014:22144:0]         sys.c:719  MXM  WARN  Conflicting CPU frequencies detected, using: 2400.00
[1447426464.662040] [node014:22144:0]         mxm.c:185  MXM  WARN  The 'ulimit -s' on the system is set to 'unlimited'. This may have negative performance implications. Please set the heap size to the default value (10240) 
[1447426464.635269] [node012:13454:0]         sys.c:719  MXM  WARN  Conflicting CPU frequencies detected, using: 2400.00
[1447426464.641834] [node012:13454:0]         mxm.c:185  MXM  WARN  The 'ulimit -s' on the system is set to 'unlimited'. This may have negative performance implications. Please set the heap size to the default value (10240) 
[1447426464.652496] [node015:30882:0]         sys.c:719  MXM  WARN  Conflicting CPU frequencies detected, using: 2845.50
[1447426464.661856] [node015:30882:0]         mxm.c:185  MXM  WARN  The 'ulimit -s' on the system is set to 'unlimited'. This may have negative performance implications. Please set the heap size to the default value (10240) 
[1447426464.642417] [node017:24854:0]         sys.c:719  MXM  WARN  Conflicting CPU frequencies detected, using: 2400.09
[1447426464.648115] [node017:24854:0]         mxm.c:185  MXM  WARN  The 'ulimit -s' on the system is set to 'unlimited'. This may have negative performance implications. Please set the heap size to the default value (10240) 
[1447426464.661607] [node014:22143:0]         sys.c:719  MXM  WARN  Conflicting CPU frequencies detected, using: 2400.00
[1447426464.665304] [node014:22143:0]         mxm.c:185  MXM  WARN  The 'ulimit -s' on the system is set to 'unlimited'. This may have negative performance implications. Please set the heap size to the default value (10240) 
[1447426464.645380] [node013:9586 :0]         sys.c:719  MXM  WARN  Conflicting CPU frequencies detected, using: 2400.09
[1447426464.652639] [node013:9586 :0]         mxm.c:185  MXM  WARN  The 'ulimit -s' on the system is set to 'unlimited'. This may have negative performance implications. Please set the heap size to the default value (10240) 
[1447426464.672136] [node014:22142:0]         sys.c:719  MXM  WARN  Conflicting CPU frequencies detected, using: 2400.00
[1447426464.675774] [node014:22142:0]         mxm.c:185  MXM  WARN  The 'ulimit -s' on the system is set to 'unlimited'. This may have negative performance implications. Please set the heap size to the default value (10240) 
[1447426464.640756] [node012:13441:0]         sys.c:719  MXM  WARN  Conflicting CPU frequencies detected, using: 2400.19
[1447426464.654167] [node012:13441:0]         mxm.c:185  MXM  WARN  The 'ulimit -s' on the system is set to 'unlimited'. This may have negative performance implications. Please set the heap size to the default value (10240) 
[1447426464.649411] [node017:24856:0]         sys.c:719  MXM  WARN  Conflicting CPU frequencies detected, using: 2400.09
[1447426464.661789] [node017:24856:0]         mxm.c:185  MXM  WARN  The 'ulimit -s' on the system is set to 'unlimited'. This may have negative performance implications. Please set the heap size to the default value (10240) 
[1447426464.647248] [node013:9582 :0]         sys.c:719  MXM  WARN  Conflicting CPU frequencies detected, using: 2400.09
[1447426464.655899] [node013:9582 :0]         mxm.c:185  MXM  WARN  The 'ulimit -s' on the system is set to 'unlimited'. This may have negative performance implications. Please set the heap size to the default value (10240) 
[1447426464.659872] [node015:30880:0]         sys.c:719  MXM  WARN  Conflicting CPU frequencies detected, using: 2845.50
[1447426464.670241] [node015:30880:0]         mxm.c:185  MXM  WARN  The 'ulimit -s' on the system is set to 'unlimited'. This may have negative performance implications. Please set the heap size to the default value (10240) 
[1447426464.658209] [node015:30875:0]         sys.c:719  MXM  WARN  Conflicting CPU frequencies detected, using: 2845.50
[1447426464.666809] [node015:30875:0]         mxm.c:185  MXM  WARN  The 'ulimit -s' on the system is set to 'unlimited'. This may have negative performance implications. Please set the heap size to the default value (10240) 
[1447426464.651509] [node013:9581 :0]         sys.c:719  MXM  WARN  Conflicting CPU frequencies detected, using: 2400.09
[1447426464.658242] [node013:9581 :0]         mxm.c:185  MXM  WARN  The 'ulimit -s' on the system is set to 'unlimited'. This may have negative performance implications. Please set the heap size to the default value (10240) 
[1447426464.638876] [node012:13439:0]         sys.c:719  MXM  WARN  Conflicting CPU frequencies detected, using: 2400.19
[1447426464.652499] [node012:13439:0]         mxm.c:185  MXM  WARN  The 'ulimit -s' on the system is set to 'unlimited'. This may have negative performance implications. Please set the heap size to the default value (10240) 
[1447426464.670757] [node014:22146:0]         sys.c:719  MXM  WARN  Conflicting CPU frequencies detected, using: 2400.00
[1447426464.675609] [node014:22146:0]         mxm.c:185  MXM  WARN  The 'ulimit -s' on the system is set to 'unlimited'. This may have negative performance implications. Please set the heap size to the default value (10240) 
[1447426464.646809] [node012:13448:0]         sys.c:719  MXM  WARN  Conflicting CPU frequencies detected, using: 2400.19
[1447426464.658146] [node012:13448:0]         mxm.c:185  MXM  WARN  The 'ulimit -s' on the system is set to 'unlimited'. This may have negative performance implications. Please set the heap size to the default value (10240) 
[1447426464.659173] [node018:27313:0]         sys.c:719  MXM  WARN  Conflicting CPU frequencies detected, using: 2400.47
[1447426464.666626] [node018:27313:0]         mxm.c:185  MXM  WARN  The 'ulimit -s' on the system is set to 'unlimited'. This may have negative performance implications. Please set the heap size to the default value (10240) 
[1447426464.652710] [node012:13462:0]         sys.c:719  MXM  WARN  Conflicting CPU frequencies detected, using: 2400.19
[1447426464.665214] [node012:13462:0]         mxm.c:185  MXM  WARN  The 'ulimit -s' on the system is set to 'unlimited'. This may have negative performance implications. Please set the heap size to the default value (10240) 
[1447426464.649337] [node017:24855:0]         sys.c:719  MXM  WARN  Conflicting CPU frequencies detected, using: 2400.09
[1447426464.664722] [node017:24855:0]         mxm.c:185  MXM  WARN  The 'ulimit -s' on the system is set to 'unlimited'. This may have negative performance implications. Please set the heap size to the default value (10240) 
[1447426464.656627] [node013:9577 :0]         sys.c:719  MXM  WARN  Conflicting CPU frequencies detected, using: 2400.09
[1447426464.673346] [node013:9577 :0]         mxm.c:185  MXM  WARN  The 'ulimit -s' on the system is set to 'unlimited'. This may have negative performance implications. Please set the heap size to the default value (10240) 
[1447426464.650255] [node017:24857:0]         sys.c:719  MXM  WARN  Conflicting CPU frequencies detected, using: 2400.09
[1447426464.666240] [node017:24857:0]         mxm.c:185  MXM  WARN  The 'ulimit -s' on the system is set to 'unlimited'. This may have negative performance implications. Please set the heap size to the default value (10240) 
[1447426464.665714] [node018:27308:0]         sys.c:719  MXM  WARN  Conflicting CPU frequencies detected, using: 2400.47
[1447426464.675551] [node018:27308:0]         mxm.c:185  MXM  WARN  The 'ulimit -s' on the system is set to 'unlimited'. This may have negative performance implications. Please set the heap size to the default value (10240) 
[1447426464.661704] [node018:27312:0]         sys.c:719  MXM  WARN  Conflicting CPU frequencies detected, using: 2400.47
[1447426464.670730] [node018:27312:0]         mxm.c:185  MXM  WARN  The 'ulimit -s' on the system is set to 'unlimited'. This may have negative performance implications. Please set the heap size to the default value (10240) 
[1447426464.666437] [node018:27360:0]         sys.c:719  MXM  WARN  Conflicting CPU frequencies detected, using: 2400.47
[1447426464.680689] [node018:27360:0]         mxm.c:185  MXM  WARN  The 'ulimit -s' on the system is set to 'unlimited'. This may have negative performance implications. Please set the heap size to the default value (10240) 
[1447426464.660622] [node013:9576 :0]         sys.c:719  MXM  WARN  Conflicting CPU frequencies detected, using: 2400.09
[1447426464.674140] [node013:9576 :0]         mxm.c:185  MXM  WARN  The 'ulimit -s' on the system is set to 'unlimited'. This may have negative performance implications. Please set the heap size to the default value (10240) 
[1447426464.668161] [node017:24853:0]         sys.c:719  MXM  WARN  Conflicting CPU frequencies detected, using: 2400.09
[1447426464.678568] [node017:24853:0]         mxm.c:185  MXM  WARN  The 'ulimit -s' on the system is set to 'unlimited'. This may have negative performance implications. Please set the heap size to the default value (10240) 
[1447426464.650935] [node017:24905:0]         sys.c:719  MXM  WARN  Conflicting CPU frequencies detected, using: 2400.09
[1447426464.665727] [node017:24905:0]         mxm.c:185  MXM  WARN  The 'ulimit -s' on the system is set to 'unlimited'. This may have negative performance implications. Please set the heap size to the default value (10240) 
[1447426464.676417] [node017:24902:0]         sys.c:719  MXM  WARN  Conflicting CPU frequencies detected, using: 2400.09
[1447426464.689266] [node017:24902:0]         mxm.c:185  MXM  WARN  The 'ulimit -s' on the system is set to 'unlimited'. This may have negative performance implications. Please set the heap size to the default value (10240) 
[1447426464.680699] [node017:24871:0]         sys.c:719  MXM  WARN  Conflicting CPU frequencies detected, using: 2400.09
[1447426464.693287] [node017:24871:0]         mxm.c:185  MXM  WARN  The 'ulimit -s' on the system is set to 'unlimited'. This may have negative performance implications. Please set the heap size to the default value (10240) 
UPCR: UPC thread  5 of 96 on node008 (pshm node  0 of 12, process  5 of 96, pid=26204)
UPCR: UPC thread  4 of 96 on node008 (pshm node  0 of 12, process  4 of 96, pid=26203)
UPCR: UPC thread  3 of 96 on node008 (pshm node  0 of 12, process  3 of 96, pid=26202)
UPCR: UPC thread  6 of 96 on node008 (pshm node  0 of 12, process  6 of 96, pid=26205)
UPCR: UPC thread  2 of 96 on node008 (pshm node  0 of 12, process  2 of 96, pid=26201)
UPCR: UPC thread  0 of 96 on node008 (pshm node  0 of 12, process  0 of 96, pid=26199)
UPCR: UPC thread  7 of 96 on node008 (pshm node  0 of 12, process  7 of 96, pid=26206)
UPCR: UPC thread  1 of 96 on node008 (pshm node  0 of 12, process  1 of 96, pid=26200)
UPCR: UPC thread 78 of 96 on node017 (pshm node  9 of 12, process 78 of 96, pid=24855)
UPCR: UPC thread 72 of 96 on node017 (pshm node  9 of 12, process 72 of 96, pid=24856)
UPCR: UPC thread 13 of 96 on node009 (pshm node  1 of 12, process 13 of 96, pid=22623)
UPCR: UPC thread 73 of 96 on node017 (pshm node  9 of 12, process 73 of 96, pid=24902)
UPCR: UPC thread 76 of 96 on node017 (pshm node  9 of 12, process 76 of 96, pid=24853)
UPCR: UPC thread 74 of 96 on node017 (pshm node  9 of 12, process 74 of 96, pid=24854)
UPCR: UPC thread  8 of 96 on node009 (pshm node  1 of 12, process  8 of 96, pid=22624)
UPCR: UPC thread 45 of 96 on node013 (pshm node  5 of 12, process 45 of 96, pid=9582)
UPCR: UPC thread 40 of 96 on node013 (pshm node  5 of 12, process 40 of 96, pid=9576)
UPCR: UPC thread 22 of 96 on node010 (pshm node  2 of 12, process 22 of 96, pid=9978)
UPCR: UPC thread 10 of 96 on node009 (pshm node  1 of 12, process 10 of 96, pid=22786)
UPCR: UPC thread 19 of 96 on node010 (pshm node  2 of 12, process 19 of 96, pid=9843)
UPCR: UPC thread 17 of 96 on node010 (pshm node  2 of 12, process 17 of 96, pid=9981)
UPCR: UPC thread 66 of 96 on node016 (pshm node  8 of 12, process 66 of 96, pid=31196)
UPCR: UPC thread 81 of 96 on node018 (pshm node 10 of 12, process 81 of 96, pid=27313)
UPCR: UPC thread 23 of 96 on node010 (pshm node  2 of 12, process 23 of 96, pid=9845)
UPCR: UPC thread 70 of 96 on node016 (pshm node  8 of 12, process 70 of 96, pid=31202)
UPCR: UPC thread 18 of 96 on node010 (pshm node  2 of 12, process 18 of 96, pid=9842)
UPCR: UPC thread 64 of 96 on node016 (pshm node  8 of 12, process 64 of 96, pid=31179)
UPCR: UPC thread 20 of 96 on node010 (pshm node  2 of 12, process 20 of 96, pid=9980)
UPCR: UPC thread 67 of 96 on node016 (pshm node  8 of 12, process 67 of 96, pid=31194)
UPCR: UPC thread 16 of 96 on node010 (pshm node  2 of 12, process 16 of 96, pid=9844)
UPCR: UPC thread 46 of 96 on node013 (pshm node  5 of 12, process 46 of 96, pid=9581)
UPCR: UPC thread 85 of 96 on node018 (pshm node 10 of 12, process 85 of 96, pid=27300)
UPCR: UPC thread 77 of 96 on node017 (pshm node  9 of 12, process 77 of 96, pid=24871)
UPCR: UPC thread 38 of 96 on node012 (pshm node  4 of 12, process 38 of 96, pid=13439)
UPCR: UPC thread 36 of 96 on node012 (pshm node  4 of 12, process 36 of 96, pid=13448)
UPCR: UPC thread 35 of 96 on node012 (pshm node  4 of 12, process 35 of 96, pid=13441)
UPCR: UPC thread  9 of 96 on node009 (pshm node  1 of 12, process  9 of 96, pid=22794)
UPCR: UPC thread 41 of 96 on node013 (pshm node  5 of 12, process 41 of 96, pid=9559)
UPCR: UPC thread 53 of 96 on node014 (pshm node  6 of 12, process 53 of 96, pid=22207)
UPCR: UPC thread 86 of 96 on node018 (pshm node 10 of 12, process 86 of 96, pid=27371)
UPCR: UPC thread 34 of 96 on node012 (pshm node  4 of 12, process 34 of 96, pid=13462)
UPCR: UPC thread 87 of 96 on node018 (pshm node 10 of 12, process 87 of 96, pid=27360)
UPCR: UPC thread 33 of 96 on node012 (pshm node  4 of 12, process 33 of 96, pid=13401)
UPCR: UPC thread 95 of 96 on node019 (pshm node 11 of 12, process 95 of 96, pid=32448)
UPCR: UPC thread 83 of 96 on node018 (pshm node 10 of 12, process 83 of 96, pid=27312)
UPCR: UPC thread 25 of 96 on node011 (pshm node  3 of 12, process 25 of 96, pid=27202)
UPCR: UPC thread 80 of 96 on node018 (pshm node 10 of 12, process 80 of 96, pid=27307)
UPCR: UPC thread 54 of 96 on node014 (pshm node  6 of 12, process 54 of 96, pid=22146)
UPCR: UPC thread 43 of 96 on node013 (pshm node  5 of 12, process 43 of 96, pid=9584)
UPCR: UPC thread 69 of 96 on node016 (pshm node  8 of 12, process 69 of 96, pid=31195)
UPCR: UPC thread 11 of 96 on node009 (pshm node  1 of 12, process 11 of 96, pid=22622)
UPCR: UPC thread 58 of 96 on node015 (pshm node  7 of 12, process 58 of 96, pid=30882)
UPCR: UPC thread 51 of 96 on node014 (pshm node  6 of 12, process 51 of 96, pid=22144)
UPCR: UPC thread 92 of 96 on node019 (pshm node 11 of 12, process 92 of 96, pid=32450)
UPCR: UPC thread 44 of 96 on node013 (pshm node  5 of 12, process 44 of 96, pid=9565)
UPCR: UPC thread 82 of 96 on node018 (pshm node 10 of 12, process 82 of 96, pid=27308)
UPCR: UPC thread 52 of 96 on node014 (pshm node  6 of 12, process 52 of 96, pid=22145)
UPCR: UPC thread 79 of 96 on node017 (pshm node  9 of 12, process 79 of 96, pid=24905)
UPCR: UPC thread 14 of 96 on node009 (pshm node  1 of 12, process 14 of 96, pid=22793)
UPCR: UPC thread 49 of 96 on node014 (pshm node  6 of 12, process 49 of 96, pid=22141)
UPCR: UPC thread 60 of 96 on node015 (pshm node  7 of 12, process 60 of 96, pid=30968)
UPCR: UPC thread 75 of 96 on node017 (pshm node  9 of 12, process 75 of 96, pid=24857)
UPCR: UPC thread 91 of 96 on node019 (pshm node 11 of 12, process 91 of 96, pid=32417)
UPCR: UPC thread 31 of 96 on node011 (pshm node  3 of 12, process 31 of 96, pid=27179)
UPCR: UPC thread 42 of 96 on node013 (pshm node  5 of 12, process 42 of 96, pid=9577)
UPCR: UPC thread 94 of 96 on node019 (pshm node 11 of 12, process 94 of 96, pid=32430)
UPCR: UPC thread 55 of 96 on node014 (pshm node  6 of 12, process 55 of 96, pid=22149)
UPCR: UPC thread 47 of 96 on node013 (pshm node  5 of 12, process 47 of 96, pid=9586)
UPCR: UPC thread 28 of 96 on node011 (pshm node  3 of 12, process 28 of 96, pid=27177)
UPCR: UPC thread 50 of 96 on node014 (pshm node  6 of 12, process 50 of 96, pid=22142)
UPCR: UPC thread 30 of 96 on node011 (pshm node  3 of 12, process 30 of 96, pid=27343)
UPCR: UPC thread 32 of 96 on node012 (pshm node  4 of 12, process 32 of 96, pid=13459)
UPCR: UPC thread 12 of 96 on node009 (pshm node  1 of 12, process 12 of 96, pid=22620)
UPCR: UPC thread 15 of 96 on node009 (pshm node  1 of 12, process 15 of 96, pid=22621)
UPCR: UPC thread 57 of 96 on node015 (pshm node  7 of 12, process 57 of 96, pid=30866)
UPCR: UPC thread 29 of 96 on node011 (pshm node  3 of 12, process 29 of 96, pid=27171)
UPCR: UPC thread 48 of 96 on node014 (pshm node  6 of 12, process 48 of 96, pid=22143)
UPCR: UPC thread 62 of 96 on node015 (pshm node  7 of 12, process 62 of 96, pid=30877)
UPCR: UPC thread 26 of 96 on node011 (pshm node  3 of 12, process 26 of 96, pid=27342)
UPCR: UPC thread 24 of 96 on node011 (pshm node  3 of 12, process 24 of 96, pid=27178)
UPCR: UPC thread 56 of 96 on node015 (pshm node  7 of 12, process 56 of 96, pid=30870)
UPCR: UPC thread 84 of 96 on node018 (pshm node 10 of 12, process 84 of 96, pid=27311)
UPCR: UPC thread 39 of 96 on node012 (pshm node  4 of 12, process 39 of 96, pid=13454)
UPCR: UPC thread 65 of 96 on node016 (pshm node  8 of 12, process 65 of 96, pid=31192)
UPCR: UPC thread 63 of 96 on node015 (pshm node  7 of 12, process 63 of 96, pid=30883)
UPCR: UPC thread 71 of 96 on node016 (pshm node  8 of 12, process 71 of 96, pid=31198)
UPCR: UPC thread 59 of 96 on node015 (pshm node  7 of 12, process 59 of 96, pid=30875)
UPCR: UPC thread 61 of 96 on node015 (pshm node  7 of 12, process 61 of 96, pid=30880)
UPCR: UPC thread 93 of 96 on node019 (pshm node 11 of 12, process 93 of 96, pid=32406)
UPCR: UPC thread 68 of 96 on node016 (pshm node  8 of 12, process 68 of 96, pid=31197)
UPCR: UPC thread 90 of 96 on node019 (pshm node 11 of 12, process 90 of 96, pid=32418)
UPCR: UPC thread 27 of 96 on node011 (pshm node  3 of 12, process 27 of 96, pid=27351)
UPCR: UPC thread 89 of 96 on node019 (pshm node 11 of 12, process 89 of 96, pid=32431)
UPCR: UPC thread 37 of 96 on node012 (pshm node  4 of 12, process 37 of 96, pid=13453)
UPCR: UPC thread 21 of 96 on node010 (pshm node  2 of 12, process 21 of 96, pid=9979)
UPCR: UPC thread 88 of 96 on node019 (pshm node 11 of 12, process 88 of 96, pid=32396)
0/96 - htable initialized
0/96 - table size: 103079215104 bytes (98304 MB)
0/96 - total number of buckets: 12884901888
0/96 - block size: 1073741824 (1024 MB)
0/96 - number of buckets in block: 134217728
0/96 - number of blocks: 96
38/96 - Performed a throughput benchmark:
38/96 - Performed 2000000 find-or-put operations with random values from [0,...,38399999]
38/96 - Finds: 1600651 (0.800326), Inserts: 399349 (0.199675), Errors: 0 (0)
38/96 - Execution time: 6.33432 seconds
38/96 - Throughput: 315740 ops/sec
35/96 - Performed a throughput benchmark:
35/96 - Performed 2000000 find-or-put operations with random values from [0,...,38399999]
35/96 - Finds: 1599791 (0.799895), Inserts: 400209 (0.200104), Errors: 0 (0)
35/96 - Execution time: 6.33221 seconds
35/96 - Throughput: 315846 ops/sec
69/96 - Performed a throughput benchmark:
69/96 - Performed 2000000 find-or-put operations with random values from [0,...,38399999]
69/96 - Finds: 1598902 (0.799451), Inserts: 401098 (0.200549), Errors: 0 (0)
69/96 - Execution time: 6.34962 seconds
69/96 - Throughput: 314979 ops/sec
68/96 - Performed a throughput benchmark:
68/96 - Performed 2000000 find-or-put operations with random values from [0,...,38399999]
68/96 - Finds: 1598593 (0.799296), Inserts: 401407 (0.200704), Errors: 0 (0)
68/96 - Execution time: 6.35247 seconds
68/96 - Throughput: 314838 ops/sec
36/96 - Performed a throughput benchmark:
36/96 - Performed 2000000 find-or-put operations with random values from [0,...,38399999]
36/96 - Finds: 1601322 (0.800661), Inserts: 398678 (0.199339), Errors: 0 (0)
36/96 - Execution time: 6.34703 seconds
36/96 - Throughput: 315108 ops/sec
65/96 - Performed a throughput benchmark:
65/96 - Performed 2000000 find-or-put operations with random values from [0,...,38399999]
65/96 - Finds: 1599673 (0.799836), Inserts: 400327 (0.200163), Errors: 0 (0)
65/96 - Execution time: 6.36573 seconds
65/96 - Throughput: 314182 ops/sec
34/96 - Performed a throughput benchmark:
34/96 - Performed 2000000 find-or-put operations with random values from [0,...,38399999]
34/96 - Finds: 1600397 (0.800199), Inserts: 399603 (0.199801), Errors: 0 (0)
34/96 - Execution time: 6.33689 seconds
34/96 - Throughput: 315612 ops/sec
1/96 - Performed a throughput benchmark:
1/96 - Performed 2000000 find-or-put operations with random values from [0,...,38399999]
1/96 - Finds: 1603446 (0.801723), Inserts: 396554 (0.198277), Errors: 0 (0)
1/96 - Execution time: 6.38052 seconds
1/96 - Throughput: 313454 ops/sec
33/96 - Performed a throughput benchmark:
33/96 - Performed 2000000 find-or-put operations with random values from [0,...,38399999]
33/96 - Finds: 1601893 (0.800947), Inserts: 398107 (0.199053), Errors: 0 (0)
33/96 - Execution time: 6.36691 seconds
33/96 - Throughput: 314124 ops/sec
71/96 - Performed a throughput benchmark:
71/96 - Performed 2000000 find-or-put operations with random values from [0,...,38399999]
71/96 - Finds: 1598882 (0.799441), Inserts: 401118 (0.200559), Errors: 0 (0)
71/96 - Execution time: 6.36009 seconds
71/96 - Throughput: 314461 ops/sec
11/96 - Performed a throughput benchmark:
11/96 - Performed 2000000 find-or-put operations with random values from [0,...,38399999]
11/96 - Finds: 1603922 (0.801961), Inserts: 396078 (0.198039), Errors: 0 (0)
11/96 - Execution time: 6.38425 seconds
11/96 - Throughput: 313271 ops/sec
89/96 - Performed a throughput benchmark:
89/96 - Performed 2000000 find-or-put operations with random values from [0,...,38399999]
89/96 - Finds: 1602657 (0.801328), Inserts: 397343 (0.198672), Errors: 0 (0)
89/96 - Execution time: 6.39313 seconds
89/96 - Throughput: 312836 ops/sec
84/96 - Performed a throughput benchmark:
84/96 - Performed 2000000 find-or-put operations with random values from [0,...,38399999]
84/96 - Finds: 1603627 (0.801813), Inserts: 396373 (0.198186), Errors: 0 (0)
84/96 - Execution time: 6.39271 seconds
84/96 - Throughput: 312856 ops/sec
56/96 - Performed a throughput benchmark:
56/96 - Performed 2000000 find-or-put operations with random values from [0,...,38399999]
56/96 - Finds: 1599809 (0.799905), Inserts: 400191 (0.200096), Errors: 0 (0)
56/96 - Execution time: 6.36354 seconds
56/96 - Throughput: 314291 ops/sec
46/96 - Performed a throughput benchmark:
46/96 - Performed 2000000 find-or-put operations with random values from [0,...,38399999]
46/96 - Finds: 1601525 (0.800763), Inserts: 398475 (0.199238), Errors: 0 (0)
46/96 - Execution time: 6.37369 seconds
46/96 - Throughput: 313790 ops/sec
61/96 - Performed a throughput benchmark:
61/96 - Performed 2000000 find-or-put operations with random values from [0,...,38399999]
61/96 - Finds: 1600556 (0.800278), Inserts: 399444 (0.199722), Errors: 0 (0)
61/96 - Execution time: 6.37445 seconds
61/96 - Throughput: 313752 ops/sec
54/96 - Performed a throughput benchmark:
54/96 - Performed 2000000 find-or-put operations with random values from [0,...,38399999]
54/96 - Finds: 1602987 (0.801493), Inserts: 397013 (0.198507), Errors: 0 (0)
54/96 - Execution time: 6.39919 seconds
54/96 - Throughput: 312540 ops/sec
78/96 - Performed a throughput benchmark:
78/96 - Performed 2000000 find-or-put operations with random values from [0,...,38399999]
78/96 - Finds: 1601766 (0.800883), Inserts: 398234 (0.199117), Errors: 0 (0)
78/96 - Execution time: 6.39079 seconds
78/96 - Throughput: 312950 ops/sec
58/96 - Performed a throughput benchmark:
58/96 - Performed 2000000 find-or-put operations with random values from [0,...,38399999]
58/96 - Finds: 1599882 (0.799941), Inserts: 400118 (0.200059), Errors: 0 (0)
58/96 - Execution time: 6.35367 seconds
58/96 - Throughput: 314779 ops/sec
3/96 - Performed a throughput benchmark:
3/96 - Performed 2000000 find-or-put operations with random values from [0,...,38399999]
3/96 - Finds: 1604482 (0.802241), Inserts: 395518 (0.197759), Errors: 0 (0)
3/96 - Execution time: 6.37934 seconds
3/96 - Throughput: 313512 ops/sec
59/96 - Performed a throughput benchmark:
59/96 - Performed 2000000 find-or-put operations with random values from [0,...,38399999]
59/96 - Finds: 1599701 (0.799851), Inserts: 400299 (0.20015), Errors: 0 (0)
59/96 - Execution time: 6.36078 seconds
59/96 - Throughput: 314427 ops/sec
2/96 - Performed a throughput benchmark:
2/96 - Performed 2000000 find-or-put operations with random values from [0,...,38399999]
2/96 - Finds: 1605223 (0.802612), Inserts: 394777 (0.197388), Errors: 0 (0)
2/96 - Execution time: 6.40957 seconds
2/96 - Throughput: 312033 ops/sec
6/96 - Performed a throughput benchmark:
6/96 - Performed 2000000 find-or-put operations with random values from [0,...,38399999]
6/96 - Finds: 1604700 (0.80235), Inserts: 395300 (0.19765), Errors: 0 (0)
6/96 - Execution time: 6.39149 seconds
6/96 - Throughput: 312916 ops/sec
4/96 - Performed a throughput benchmark:
4/96 - Performed 2000000 find-or-put operations with random values from [0,...,38399999]
4/96 - Finds: 1604447 (0.802223), Inserts: 395553 (0.197776), Errors: 0 (0)
4/96 - Execution time: 6.39292 seconds
4/96 - Throughput: 312846 ops/sec
63/96 - Performed a throughput benchmark:
63/96 - Performed 2000000 find-or-put operations with random values from [0,...,38399999]
63/96 - Finds: 1601199 (0.8006), Inserts: 398801 (0.199401), Errors: 0 (0)
63/96 - Execution time: 6.37189 seconds
63/96 - Throughput: 313878 ops/sec
60/96 - Performed a throughput benchmark:
60/96 - Performed 2000000 find-or-put operations with random values from [0,...,38399999]
60/96 - Finds: 1601915 (0.800957), Inserts: 398085 (0.199043), Errors: 0 (0)
60/96 - Execution time: 6.38222 seconds
60/96 - Throughput: 313371 ops/sec
62/96 - Performed a throughput benchmark:
62/96 - Performed 2000000 find-or-put operations with random values from [0,...,38399999]
62/96 - Finds: 1602535 (0.801268), Inserts: 397465 (0.198733), Errors: 0 (0)
62/96 - Execution time: 6.37724 seconds
62/96 - Throughput: 313615 ops/sec
93/96 - Performed a throughput benchmark:
93/96 - Performed 2000000 find-or-put operations with random values from [0,...,38399999]
93/96 - Finds: 1602034 (0.801017), Inserts: 397966 (0.198983), Errors: 0 (0)
93/96 - Execution time: 6.37671 seconds
93/96 - Throughput: 313641 ops/sec
30/96 - Performed a throughput benchmark:
30/96 - Performed 2000000 find-or-put operations with random values from [0,...,38399999]
30/96 - Finds: 1603303 (0.801651), Inserts: 396697 (0.198349), Errors: 0 (0)
30/96 - Execution time: 6.40693 seconds
30/96 - Throughput: 312162 ops/sec
86/96 - Performed a throughput benchmark:
86/96 - Performed 2000000 find-or-put operations with random values from [0,...,38399999]
86/96 - Finds: 1602851 (0.801426), Inserts: 397149 (0.198574), Errors: 0 (0)
86/96 - Execution time: 6.3736 seconds
86/96 - Throughput: 313794 ops/sec
79/96 - Performed a throughput benchmark:
79/96 - Performed 2000000 find-or-put operations with random values from [0,...,38399999]
79/96 - Finds: 1600916 (0.800458), Inserts: 399084 (0.199542), Errors: 0 (0)
79/96 - Execution time: 6.36841 seconds
79/96 - Throughput: 314050 ops/sec
29/96 - Performed a throughput benchmark:
29/96 - Performed 2000000 find-or-put operations with random values from [0,...,38399999]
29/96 - Finds: 1605415 (0.802708), Inserts: 394585 (0.197293), Errors: 0 (0)
29/96 - Execution time: 6.41684 seconds
29/96 - Throughput: 311680 ops/sec
53/96 - Performed a throughput benchmark:
53/96 - Performed 2000000 find-or-put operations with random values from [0,...,38399999]
53/96 - Finds: 1602121 (0.80106), Inserts: 397879 (0.198939), Errors: 0 (0)
53/96 - Execution time: 6.39268 seconds
53/96 - Throughput: 312858 ops/sec
72/96 - Performed a throughput benchmark:
72/96 - Performed 2000000 find-or-put operations with random values from [0,...,38399999]
72/96 - Finds: 1601364 (0.800682), Inserts: 398636 (0.199318), Errors: 0 (0)
72/96 - Execution time: 6.40451 seconds
72/96 - Throughput: 312280 ops/sec
51/96 - Performed a throughput benchmark:
51/96 - Performed 2000000 find-or-put operations with random values from [0,...,38399999]
51/96 - Finds: 1600329 (0.800164), Inserts: 399671 (0.199835), Errors: 0 (0)
51/96 - Execution time: 6.36324 seconds
51/96 - Throughput: 314306 ops/sec
94/96 - Performed a throughput benchmark:
94/96 - Performed 2000000 find-or-put operations with random values from [0,...,38399999]
94/96 - Finds: 1600553 (0.800276), Inserts: 399447 (0.199723), Errors: 0 (0)
94/96 - Execution time: 6.38247 seconds
94/96 - Throughput: 313358 ops/sec
66/96 - Performed a throughput benchmark:
66/96 - Performed 2000000 find-or-put operations with random values from [0,...,38399999]
66/96 - Finds: 1598137 (0.799068), Inserts: 401863 (0.200932), Errors: 0 (0)
66/96 - Execution time: 6.35215 seconds
66/96 - Throughput: 314854 ops/sec
42/96 - Performed a throughput benchmark:
42/96 - Performed 2000000 find-or-put operations with random values from [0,...,38399999]
42/96 - Finds: 1602253 (0.801126), Inserts: 397747 (0.198874), Errors: 0 (0)
42/96 - Execution time: 6.38866 seconds
42/96 - Throughput: 313054 ops/sec
0/96 - Performed a throughput benchmark:
0/96 - Performed 2000000 find-or-put operations with random values from [0,...,38399999]
0/96 - Finds: 1605690 (0.802845), Inserts: 394310 (0.197155), Errors: 0 (0)
0/96 - Execution time: 6.42134 seconds
0/96 - Throughput: 311462 ops/sec
55/96 - Performed a throughput benchmark:
55/96 - Performed 2000000 find-or-put operations with random values from [0,...,38399999]
55/96 - Finds: 1598963 (0.799481), Inserts: 401037 (0.200518), Errors: 0 (0)
55/96 - Execution time: 6.38401 seconds
55/96 - Throughput: 313283 ops/sec
41/96 - Performed a throughput benchmark:
41/96 - Performed 2000000 find-or-put operations with random values from [0,...,38399999]
41/96 - Finds: 1602602 (0.801301), Inserts: 397398 (0.198699), Errors: 0 (0)
41/96 - Execution time: 6.37636 seconds
41/96 - Throughput: 313659 ops/sec
39/96 - Performed a throughput benchmark:
39/96 - Performed 2000000 find-or-put operations with random values from [0,...,38399999]
39/96 - Finds: 1601002 (0.800501), Inserts: 398998 (0.199499), Errors: 0 (0)
39/96 - Execution time: 6.33172 seconds
39/96 - Throughput: 315870 ops/sec
92/96 - Performed a throughput benchmark:
92/96 - Performed 2000000 find-or-put operations with random values from [0,...,38399999]
92/96 - Finds: 1600722 (0.800361), Inserts: 399278 (0.199639), Errors: 0 (0)
92/96 - Execution time: 6.35655 seconds
92/96 - Throughput: 314636 ops/sec
16/96 - Performed a throughput benchmark:
16/96 - Performed 2000000 find-or-put operations with random values from [0,...,38399999]
16/96 - Finds: 1602842 (0.801421), Inserts: 397158 (0.198579), Errors: 0 (0)
16/96 - Execution time: 6.39317 seconds
16/96 - Throughput: 312834 ops/sec
22/96 - Performed a throughput benchmark:
22/96 - Performed 2000000 find-or-put operations with random values from [0,...,38399999]
22/96 - Finds: 1604615 (0.802307), Inserts: 395385 (0.197692), Errors: 0 (0)
22/96 - Execution time: 6.40238 seconds
22/96 - Throughput: 312384 ops/sec
17/96 - Performed a throughput benchmark:
17/96 - Performed 2000000 find-or-put operations with random values from [0,...,38399999]
17/96 - Finds: 1603480 (0.80174), Inserts: 396520 (0.19826), Errors: 0 (0)
17/96 - Execution time: 6.39227 seconds
17/96 - Throughput: 312878 ops/sec
77/96 - Performed a throughput benchmark:
77/96 - Performed 2000000 find-or-put operations with random values from [0,...,38399999]
77/96 - Finds: 1601716 (0.800858), Inserts: 398284 (0.199142), Errors: 0 (0)
77/96 - Execution time: 6.38667 seconds
77/96 - Throughput: 313152 ops/sec
48/96 - Performed a throughput benchmark:
48/96 - Performed 2000000 find-or-put operations with random values from [0,...,38399999]
48/96 - Finds: 1601838 (0.800919), Inserts: 398162 (0.199081), Errors: 0 (0)
48/96 - Execution time: 6.38454 seconds
48/96 - Throughput: 313257 ops/sec
95/96 - Performed a throughput benchmark:
95/96 - Performed 2000000 find-or-put operations with random values from [0,...,38399999]
95/96 - Finds: 1602067 (0.801033), Inserts: 397933 (0.198966), Errors: 0 (0)
95/96 - Execution time: 6.37786 seconds
95/96 - Throughput: 313585 ops/sec
52/96 - Performed a throughput benchmark:
52/96 - Performed 2000000 find-or-put operations with random values from [0,...,38399999]
52/96 - Finds: 1600188 (0.800094), Inserts: 399812 (0.199906), Errors: 0 (0)
52/96 - Execution time: 6.38723 seconds
52/96 - Throughput: 313125 ops/sec
81/96 - Performed a throughput benchmark:
81/96 - Performed 2000000 find-or-put operations with random values from [0,...,38399999]
81/96 - Finds: 1603358 (0.801679), Inserts: 396642 (0.198321), Errors: 0 (0)
81/96 - Execution time: 6.38948 seconds
81/96 - Throughput: 313015 ops/sec
70/96 - Performed a throughput benchmark:
70/96 - Performed 2000000 find-or-put operations with random values from [0,...,38399999]
70/96 - Finds: 1598019 (0.79901), Inserts: 401981 (0.20099), Errors: 0 (0)
70/96 - Execution time: 6.36596 seconds
70/96 - Throughput: 314171 ops/sec
88/96 - Performed a throughput benchmark:
88/96 - Performed 2000000 find-or-put operations with random values from [0,...,38399999]
88/96 - Finds: 1601697 (0.800848), Inserts: 398303 (0.199152), Errors: 0 (0)
88/96 - Execution time: 6.39065 seconds
88/96 - Throughput: 312957 ops/sec
87/96 - Performed a throughput benchmark:
87/96 - Performed 2000000 find-or-put operations with random values from [0,...,38399999]
87/96 - Finds: 1603266 (0.801633), Inserts: 396734 (0.198367), Errors: 0 (0)
87/96 - Execution time: 6.37993 seconds
87/96 - Throughput: 313483 ops/sec
75/96 - Performed a throughput benchmark:
75/96 - Performed 2000000 find-or-put operations with random values from [0,...,38399999]
75/96 - Finds: 1599816 (0.799908), Inserts: 400184 (0.200092), Errors: 0 (0)
75/96 - Execution time: 6.38794 seconds
75/96 - Throughput: 313090 ops/sec
43/96 - Performed a throughput benchmark:
43/96 - Performed 2000000 find-or-put operations with random values from [0,...,38399999]
43/96 - Finds: 1602693 (0.801346), Inserts: 397307 (0.198654), Errors: 0 (0)
43/96 - Execution time: 6.39593 seconds
43/96 - Throughput: 312699 ops/sec
40/96 - Performed a throughput benchmark:
40/96 - Performed 2000000 find-or-put operations with random values from [0,...,38399999]
40/96 - Finds: 1603453 (0.801727), Inserts: 396547 (0.198273), Errors: 0 (0)
40/96 - Execution time: 6.38569 seconds
40/96 - Throughput: 313200 ops/sec
82/96 - Performed a throughput benchmark:
82/96 - Performed 2000000 find-or-put operations with random values from [0,...,38399999]
82/96 - Finds: 1603890 (0.801945), Inserts: 396110 (0.198055), Errors: 0 (0)
82/96 - Execution time: 6.3861 seconds
82/96 - Throughput: 313180 ops/sec
23/96 - Performed a throughput benchmark:
23/96 - Performed 2000000 find-or-put operations with random values from [0,...,38399999]
23/96 - Finds: 1602079 (0.80104), Inserts: 397921 (0.198961), Errors: 0 (0)
23/96 - Execution time: 6.37775 seconds
23/96 - Throughput: 313590 ops/sec
85/96 - Performed a throughput benchmark:
85/96 - Performed 2000000 find-or-put operations with random values from [0,...,38399999]
85/96 - Finds: 1602948 (0.801474), Inserts: 397052 (0.198526), Errors: 0 (0)
85/96 - Execution time: 6.37844 seconds
85/96 - Throughput: 313556 ops/sec
91/96 - Performed a throughput benchmark:
91/96 - Performed 2000000 find-or-put operations with random values from [0,...,38399999]
91/96 - Finds: 1602427 (0.801214), Inserts: 397573 (0.198787), Errors: 0 (0)
91/96 - Execution time: 6.40542 seconds
91/96 - Throughput: 312236 ops/sec
8/96 - Performed a throughput benchmark:
8/96 - Performed 2000000 find-or-put operations with random values from [0,...,38399999]
8/96 - Finds: 1603144 (0.801572), Inserts: 396856 (0.198428), Errors: 0 (0)
8/96 - Execution time: 6.38189 seconds
8/96 - Throughput: 313387 ops/sec
32/96 - Performed a throughput benchmark:
32/96 - Performed 2000000 find-or-put operations with random values from [0,...,38399999]
32/96 - Finds: 1600953 (0.800477), Inserts: 399047 (0.199523), Errors: 0 (0)
32/96 - Execution time: 6.34307 seconds
32/96 - Throughput: 315305 ops/sec
47/96 - Performed a throughput benchmark:
47/96 - Performed 2000000 find-or-put operations with random values from [0,...,38399999]
47/96 - Finds: 1601537 (0.800768), Inserts: 398463 (0.199232), Errors: 0 (0)
47/96 - Execution time: 6.38504 seconds
47/96 - Throughput: 313232 ops/sec
64/96 - Performed a throughput benchmark:
64/96 - Performed 2000000 find-or-put operations with random values from [0,...,38399999]
64/96 - Finds: 1600477 (0.800238), Inserts: 399523 (0.199762), Errors: 0 (0)
64/96 - Execution time: 6.37961 seconds
64/96 - Throughput: 313499 ops/sec
26/96 - Performed a throughput benchmark:
26/96 - Performed 2000000 find-or-put operations with random values from [0,...,38399999]
26/96 - Finds: 1602896 (0.801448), Inserts: 397104 (0.198552), Errors: 0 (0)
26/96 - Execution time: 6.41869 seconds
26/96 - Throughput: 311590 ops/sec
73/96 - Performed a throughput benchmark:
73/96 - Performed 2000000 find-or-put operations with random values from [0,...,38399999]
73/96 - Finds: 1602891 (0.801446), Inserts: 397109 (0.198554), Errors: 0 (0)
73/96 - Execution time: 6.3949 seconds
73/96 - Throughput: 312749 ops/sec
13/96 - Performed a throughput benchmark:
13/96 - Performed 2000000 find-or-put operations with random values from [0,...,38399999]
13/96 - Finds: 1603147 (0.801574), Inserts: 396853 (0.198427), Errors: 0 (0)
13/96 - Execution time: 6.37564 seconds
13/96 - Throughput: 313694 ops/sec
67/96 - Performed a throughput benchmark:
67/96 - Performed 2000000 find-or-put operations with random values from [0,...,38399999]
67/96 - Finds: 1600312 (0.800156), Inserts: 399688 (0.199844), Errors: 0 (0)
67/96 - Execution time: 6.3632 seconds
67/96 - Throughput: 314307 ops/sec
49/96 - Performed a throughput benchmark:
49/96 - Performed 2000000 find-or-put operations with random values from [0,...,38399999]
49/96 - Finds: 1602253 (0.801126), Inserts: 397747 (0.198874), Errors: 0 (0)
49/96 - Execution time: 6.38486 seconds
49/96 - Throughput: 313241 ops/sec
76/96 - Performed a throughput benchmark:
76/96 - Performed 2000000 find-or-put operations with random values from [0,...,38399999]
76/96 - Finds: 1601872 (0.800936), Inserts: 398128 (0.199064), Errors: 0 (0)
76/96 - Execution time: 6.37495 seconds
76/96 - Throughput: 313728 ops/sec
12/96 - Performed a throughput benchmark:
12/96 - Performed 2000000 find-or-put operations with random values from [0,...,38399999]
12/96 - Finds: 1603932 (0.801966), Inserts: 396068 (0.198034), Errors: 0 (0)
12/96 - Execution time: 6.38217 seconds
12/96 - Throughput: 313373 ops/sec
14/96 - Performed a throughput benchmark:
14/96 - Performed 2000000 find-or-put operations with random values from [0,...,38399999]
14/96 - Finds: 1604335 (0.802168), Inserts: 395665 (0.197832), Errors: 0 (0)
14/96 - Execution time: 6.39208 seconds
14/96 - Throughput: 312887 ops/sec
20/96 - Performed a throughput benchmark:
20/96 - Performed 2000000 find-or-put operations with random values from [0,...,38399999]
20/96 - Finds: 1603687 (0.801844), Inserts: 396313 (0.198157), Errors: 0 (0)
20/96 - Execution time: 6.39907 seconds
20/96 - Throughput: 312545 ops/sec
21/96 - Performed a throughput benchmark:
21/96 - Performed 2000000 find-or-put operations with random values from [0,...,38399999]
21/96 - Finds: 1603526 (0.801763), Inserts: 396474 (0.198237), Errors: 0 (0)
21/96 - Execution time: 6.3891 seconds
21/96 - Throughput: 313033 ops/sec
10/96 - Performed a throughput benchmark:
10/96 - Performed 2000000 find-or-put operations with random values from [0,...,38399999]
10/96 - Finds: 1603691 (0.801845), Inserts: 396309 (0.198155), Errors: 0 (0)
10/96 - Execution time: 6.37999 seconds
10/96 - Throughput: 313480 ops/sec
50/96 - Performed a throughput benchmark:
50/96 - Performed 2000000 find-or-put operations with random values from [0,...,38399999]
50/96 - Finds: 1600890 (0.800445), Inserts: 399110 (0.199555), Errors: 0 (0)
50/96 - Execution time: 6.38086 seconds
50/96 - Throughput: 313438 ops/sec
24/96 - Performed a throughput benchmark:
24/96 - Performed 2000000 find-or-put operations with random values from [0,...,38399999]
24/96 - Finds: 1606185 (0.803092), Inserts: 393815 (0.196908), Errors: 0 (0)
24/96 - Execution time: 6.44194 seconds
24/96 - Throughput: 310465 ops/sec
44/96 - Performed a throughput benchmark:
44/96 - Performed 2000000 find-or-put operations with random values from [0,...,38399999]
44/96 - Finds: 1603378 (0.801689), Inserts: 396622 (0.198311), Errors: 0 (0)
44/96 - Execution time: 6.40363 seconds
44/96 - Throughput: 312323 ops/sec
83/96 - Performed a throughput benchmark:
83/96 - Performed 2000000 find-or-put operations with random values from [0,...,38399999]
83/96 - Finds: 1604338 (0.802169), Inserts: 395662 (0.197831), Errors: 0 (0)
83/96 - Execution time: 6.3847 seconds
83/96 - Throughput: 313249 ops/sec
90/96 - Performed a throughput benchmark:
90/96 - Performed 2000000 find-or-put operations with random values from [0,...,38399999]
90/96 - Finds: 1602402 (0.801201), Inserts: 397598 (0.198799), Errors: 0 (0)
90/96 - Execution time: 6.38496 seconds
90/96 - Throughput: 313236 ops/sec
19/96 - Performed a throughput benchmark:
19/96 - Performed 2000000 find-or-put operations with random values from [0,...,38399999]
19/96 - Finds: 1602171 (0.801086), Inserts: 397829 (0.198914), Errors: 0 (0)
19/96 - Execution time: 6.38107 seconds
19/96 - Throughput: 313427 ops/sec
15/96 - Performed a throughput benchmark:
15/96 - Performed 2000000 find-or-put operations with random values from [0,...,38399999]
15/96 - Finds: 1603127 (0.801563), Inserts: 396873 (0.198436), Errors: 0 (0)
15/96 - Execution time: 6.38278 seconds
15/96 - Throughput: 313343 ops/sec
74/96 - Performed a throughput benchmark:
74/96 - Performed 2000000 find-or-put operations with random values from [0,...,38399999]
74/96 - Finds: 1602140 (0.80107), Inserts: 397860 (0.19893), Errors: 0 (0)
74/96 - Execution time: 6.38494 seconds
74/96 - Throughput: 313237 ops/sec
80/96 - Performed a throughput benchmark:
80/96 - Performed 2000000 find-or-put operations with random values from [0,...,38399999]
80/96 - Finds: 1605167 (0.802584), Inserts: 394833 (0.197416), Errors: 0 (0)
80/96 - Execution time: 6.40678 seconds
80/96 - Throughput: 312169 ops/sec
45/96 - Performed a throughput benchmark:
45/96 - Performed 2000000 find-or-put operations with random values from [0,...,38399999]
45/96 - Finds: 1603600 (0.8018), Inserts: 396400 (0.1982), Errors: 0 (0)
45/96 - Execution time: 6.40418 seconds
45/96 - Throughput: 312296 ops/sec
18/96 - Performed a throughput benchmark:
18/96 - Performed 2000000 find-or-put operations with random values from [0,...,38399999]
18/96 - Finds: 1602686 (0.801343), Inserts: 397314 (0.198657), Errors: 0 (0)
18/96 - Execution time: 6.38803 seconds
18/96 - Throughput: 313085 ops/sec
57/96 - Performed a throughput benchmark:
57/96 - Performed 2000000 find-or-put operations with random values from [0,...,38399999]
57/96 - Finds: 1602501 (0.80125), Inserts: 397499 (0.198749), Errors: 0 (0)
57/96 - Execution time: 6.39995 seconds
57/96 - Throughput: 312502 ops/sec
37/96 - Performed a throughput benchmark:
37/96 - Performed 2000000 find-or-put operations with random values from [0,...,38399999]
37/96 - Finds: 1608050 (0.804025), Inserts: 391950 (0.195975), Errors: 0 (0)
37/96 - Execution time: 6.46453 seconds
37/96 - Throughput: 309381 ops/sec
9/96 - Performed a throughput benchmark:
9/96 - Performed 2000000 find-or-put operations with random values from [0,...,38399999]
9/96 - Finds: 1609273 (0.804636), Inserts: 390727 (0.195363), Errors: 0 (0)
9/96 - Execution time: 6.48239 seconds
9/96 - Throughput: 308528 ops/sec
25/96 - Performed a throughput benchmark:
25/96 - Performed 2000000 find-or-put operations with random values from [0,...,38399999]
25/96 - Finds: 1606712 (0.803356), Inserts: 393288 (0.196644), Errors: 0 (0)
25/96 - Execution time: 6.42816 seconds
25/96 - Throughput: 311131 ops/sec
28/96 - Performed a throughput benchmark:
28/96 - Performed 2000000 find-or-put operations with random values from [0,...,38399999]
28/96 - Finds: 1603631 (0.801816), Inserts: 396369 (0.198185), Errors: 0 (0)
28/96 - Execution time: 6.41498 seconds
28/96 - Throughput: 311770 ops/sec
31/96 - Performed a throughput benchmark:
31/96 - Performed 2000000 find-or-put operations with random values from [0,...,38399999]
31/96 - Finds: 1604683 (0.802342), Inserts: 395317 (0.197658), Errors: 0 (0)
31/96 - Execution time: 6.41233 seconds
31/96 - Throughput: 311899 ops/sec
27/96 - Performed a throughput benchmark:
27/96 - Performed 2000000 find-or-put operations with random values from [0,...,38399999]
27/96 - Finds: 1603487 (0.801744), Inserts: 396513 (0.198257), Errors: 0 (0)
27/96 - Execution time: 6.42794 seconds
27/96 - Throughput: 311141 ops/sec
5/96 - Performed a throughput benchmark:
5/96 - Performed 2000000 find-or-put operations with random values from [0,...,38399999]
5/96 - Finds: 1616274 (0.808137), Inserts: 383726 (0.191863), Errors: 0 (0)
5/96 - Execution time: 6.61848 seconds
5/96 - Throughput: 302184 ops/sec
7/96 - Performed a throughput benchmark:
7/96 - Performed 2000000 find-or-put operations with random values from [0,...,38399999]
7/96 - Finds: 1615981 (0.80799), Inserts: 384019 (0.192009), Errors: 0 (0)
7/96 - Execution time: 6.62089 seconds
7/96 - Throughput: 302074 ops/sec
[1447426463.751754] [node008:26154:0]         sys.c:719  MXM  WARN  Conflicting CPU frequencies detected, using: 1390.31
