[1447426062.732436] [node053:26048:0]         sys.c:719  MXM  WARN  Conflicting CPU frequencies detected, using: 1653.56
[1447426062.736185] [node053:26048:0]         mxm.c:185  MXM  WARN  The 'ulimit -s' on the system is set to 'unlimited'. This may have negative performance implications. Please set the heap size to the default value (10240) 
[1447426062.733383] [node053:26047:0]         sys.c:719  MXM  WARN  Conflicting CPU frequencies detected, using: 1653.56
[1447426062.737119] [node053:26047:0]         mxm.c:185  MXM  WARN  The 'ulimit -s' on the system is set to 'unlimited'. This may have negative performance implications. Please set the heap size to the default value (10240) 
[1447426063.056929] [node054:26288:0]         sys.c:719  MXM  WARN  Conflicting CPU frequencies detected, using: 2184.66
[1447426063.063703] [node054:26288:0]         mxm.c:185  MXM  WARN  The 'ulimit -s' on the system is set to 'unlimited'. This may have negative performance implications. Please set the heap size to the default value (10240) 
[1447426063.069008] [node054:26287:0]         sys.c:719  MXM  WARN  Conflicting CPU frequencies detected, using: 2175.75
[1447426063.076496] [node054:26287:0]         mxm.c:185  MXM  WARN  The 'ulimit -s' on the system is set to 'unlimited'. This may have negative performance implications. Please set the heap size to the default value (10240) 
UPCR: UPC thread 0 of 4 on node053 (pshm node 0 of 2, process 0 of 4, pid=26047)
UPCR: UPC thread 1 of 4 on node053 (pshm node 0 of 2, process 1 of 4, pid=26048)
UPCR: UPC thread 3 of 4 on node054 (pshm node 1 of 2, process 3 of 4, pid=26287)
UPCR: UPC thread 2 of 4 on node054 (pshm node 1 of 2, process 2 of 4, pid=26288)
0/4 - htable initialized
0/4 - table size: 4294967296 bytes (4096 MB)
0/4 - total number of buckets: 536870912
0/4 - block size: 1073741824 (1024 MB)
0/4 - number of buckets in block: 134217728
0/4 - number of blocks: 4
2/4 - Performed a throughput benchmark:
2/4 - Performed 2000000 find-or-put operations with random values from [0,...,1599999]
2/4 - Finds: 1603778 (0.801889), Inserts: 396222 (0.198111), Errors: 0 (0)
2/4 - Execution time: 2.94138 seconds
2/4 - Throughput: 679953 ops/sec
3/4 - Performed a throughput benchmark:
3/4 - Performed 2000000 find-or-put operations with random values from [0,...,1599999]
3/4 - Finds: 1601758 (0.800879), Inserts: 398242 (0.199121), Errors: 0 (0)
3/4 - Execution time: 2.93594 seconds
3/4 - Throughput: 681214 ops/sec
0/4 - Performed a throughput benchmark:
0/4 - Performed 2000000 find-or-put operations with random values from [0,...,1599999]
0/4 - Finds: 1600891 (0.800446), Inserts: 399109 (0.199554), Errors: 0 (0)
0/4 - Execution time: 2.93222 seconds
0/4 - Throughput: 682076 ops/sec
1/4 - Performed a throughput benchmark:
1/4 - Performed 2000000 find-or-put operations with random values from [0,...,1599999]
1/4 - Finds: 1604272 (0.802136), Inserts: 395728 (0.197864), Errors: 0 (0)
1/4 - Execution time: 2.95355 seconds
1/4 - Throughput: 677150 ops/sec
[1447426062.715344] [node053:26002:0]         sys.c:719  MXM  WARN  Conflicting CPU frequencies detected, using: 1951.59
