[1447426042.661909] [node058:5492 :0]         sys.c:719  MXM  WARN  Conflicting CPU frequencies detected, using: 2616.66
[1447426042.666485] [node058:5492 :0]         mxm.c:185  MXM  WARN  The 'ulimit -s' on the system is set to 'unlimited'. This may have negative performance implications. Please set the heap size to the default value (10240) 
[1447426042.663531] [node058:5498 :0]         sys.c:719  MXM  WARN  Conflicting CPU frequencies detected, using: 2616.66
[1447426042.670000] [node058:5498 :0]         mxm.c:185  MXM  WARN  The 'ulimit -s' on the system is set to 'unlimited'. This may have negative performance implications. Please set the heap size to the default value (10240) 
[1447426042.661958] [node058:5488 :0]         sys.c:719  MXM  WARN  Conflicting CPU frequencies detected, using: 2616.66
[1447426042.668486] [node058:5488 :0]         mxm.c:185  MXM  WARN  The 'ulimit -s' on the system is set to 'unlimited'. This may have negative performance implications. Please set the heap size to the default value (10240) 
[1447426042.662865] [node058:5497 :0]         sys.c:719  MXM  WARN  Conflicting CPU frequencies detected, using: 2616.66
[1447426042.669751] [node058:5497 :0]         mxm.c:185  MXM  WARN  The 'ulimit -s' on the system is set to 'unlimited'. This may have negative performance implications. Please set the heap size to the default value (10240) 
[1447426042.662195] [node058:5491 :0]         sys.c:719  MXM  WARN  Conflicting CPU frequencies detected, using: 2616.66
[1447426042.669150] [node058:5491 :0]         mxm.c:185  MXM  WARN  The 'ulimit -s' on the system is set to 'unlimited'. This may have negative performance implications. Please set the heap size to the default value (10240) 
[1447426042.663131] [node058:5490 :0]         sys.c:719  MXM  WARN  Conflicting CPU frequencies detected, using: 2616.66
[1447426042.670075] [node058:5490 :0]         mxm.c:185  MXM  WARN  The 'ulimit -s' on the system is set to 'unlimited'. This may have negative performance implications. Please set the heap size to the default value (10240) 
[1447426042.662487] [node058:5496 :0]         sys.c:719  MXM  WARN  Conflicting CPU frequencies detected, using: 2616.66
[1447426042.667997] [node058:5496 :0]         mxm.c:185  MXM  WARN  The 'ulimit -s' on the system is set to 'unlimited'. This may have negative performance implications. Please set the heap size to the default value (10240) 
[1447426042.661909] [node058:5489 :0]         sys.c:719  MXM  WARN  Conflicting CPU frequencies detected, using: 2616.66
[1447426042.667274] [node058:5489 :0]         mxm.c:185  MXM  WARN  The 'ulimit -s' on the system is set to 'unlimited'. This may have negative performance implications. Please set the heap size to the default value (10240) 
[1447426042.663828] [node058:5499 :0]         sys.c:719  MXM  WARN  Conflicting CPU frequencies detected, using: 2616.66
[1447426042.670648] [node058:5499 :0]         mxm.c:185  MXM  WARN  The 'ulimit -s' on the system is set to 'unlimited'. This may have negative performance implications. Please set the heap size to the default value (10240) 
[1447426042.664457] [node058:5501 :0]         sys.c:719  MXM  WARN  Conflicting CPU frequencies detected, using: 2616.66
[1447426042.672062] [node058:5501 :0]         mxm.c:185  MXM  WARN  The 'ulimit -s' on the system is set to 'unlimited'. This may have negative performance implications. Please set the heap size to the default value (10240) 
[1447426042.663880] [node058:5500 :0]         sys.c:719  MXM  WARN  Conflicting CPU frequencies detected, using: 2616.66
[1447426042.670898] [node058:5500 :0]         mxm.c:185  MXM  WARN  The 'ulimit -s' on the system is set to 'unlimited'. This may have negative performance implications. Please set the heap size to the default value (10240) 
[1447426042.662009] [node058:5493 :0]         sys.c:719  MXM  WARN  Conflicting CPU frequencies detected, using: 2616.66
[1447426042.669007] [node058:5493 :0]         mxm.c:185  MXM  WARN  The 'ulimit -s' on the system is set to 'unlimited'. This may have negative performance implications. Please set the heap size to the default value (10240) 
[1447426042.662850] [node058:5494 :0]         sys.c:719  MXM  WARN  Conflicting CPU frequencies detected, using: 2616.66
[1447426042.669868] [node058:5494 :0]         mxm.c:185  MXM  WARN  The 'ulimit -s' on the system is set to 'unlimited'. This may have negative performance implications. Please set the heap size to the default value (10240) 
[1447426042.665890] [node058:5495 :0]         sys.c:719  MXM  WARN  Conflicting CPU frequencies detected, using: 2616.66
[1447426042.670766] [node058:5495 :0]         mxm.c:185  MXM  WARN  The 'ulimit -s' on the system is set to 'unlimited'. This may have negative performance implications. Please set the heap size to the default value (10240) 
[1447426042.664186] [node058:5503 :0]         sys.c:719  MXM  WARN  Conflicting CPU frequencies detected, using: 2616.66
[1447426042.670301] [node058:5503 :0]         mxm.c:185  MXM  WARN  The 'ulimit -s' on the system is set to 'unlimited'. This may have negative performance implications. Please set the heap size to the default value (10240) 
[1447426042.664526] [node058:5502 :0]         sys.c:719  MXM  WARN  Conflicting CPU frequencies detected, using: 2616.66
[1447426042.671286] [node058:5502 :0]         mxm.c:185  MXM  WARN  The 'ulimit -s' on the system is set to 'unlimited'. This may have negative performance implications. Please set the heap size to the default value (10240) 
UPCR: UPC thread  3 of 16 on node058 (pshm node 0 of 1, process  3 of 16, pid=5491)
UPCR: UPC thread 15 of 16 on node058 (pshm node 0 of 1, process 15 of 16, pid=5503)
UPCR: UPC thread 13 of 16 on node058 (pshm node 0 of 1, process 13 of 16, pid=5501)
UPCR: UPC thread  8 of 16 on node058 (pshm node 0 of 1, process  8 of 16, pid=5496)
UPCR: UPC thread 11 of 16 on node058 (pshm node 0 of 1, process 11 of 16, pid=5499)
UPCR: UPC thread  6 of 16 on node058 (pshm node 0 of 1, process  6 of 16, pid=5494)
UPCR: UPC thread  2 of 16 on node058 (pshm node 0 of 1, process  2 of 16, pid=5490)
UPCR: UPC thread  9 of 16 on node058 (pshm node 0 of 1, process  9 of 16, pid=5497)
UPCR: UPC thread 12 of 16 on node058 (pshm node 0 of 1, process 12 of 16, pid=5500)
UPCR: UPC thread 10 of 16 on node058 (pshm node 0 of 1, process 10 of 16, pid=5498)
UPCR: UPC thread  1 of 16 on node058 (pshm node 0 of 1, process  1 of 16, pid=5489)
UPCR: UPC thread  7 of 16 on node058 (pshm node 0 of 1, process  7 of 16, pid=5495)
UPCR: UPC thread  5 of 16 on node058 (pshm node 0 of 1, process  5 of 16, pid=5493)
UPCR: UPC thread  4 of 16 on node058 (pshm node 0 of 1, process  4 of 16, pid=5492)
UPCR: UPC thread 14 of 16 on node058 (pshm node 0 of 1, process 14 of 16, pid=5502)
UPCR: UPC thread  0 of 16 on node058 (pshm node 0 of 1, process  0 of 16, pid=5488)
0/16 - htable initialized
0/16 - table size: 17179869184 bytes (16384 MB)
0/16 - total number of buckets: 2147483648
0/16 - block size: 1073741824 (1024 MB)
0/16 - number of buckets in block: 134217728
0/16 - number of blocks: 16
4/16 - Performed a throughput benchmark:
4/16 - Performed 2000000 find-or-put operations with random values from [0,...,6399999]
4/16 - Finds: 1568346 (0.784173), Inserts: 431654 (0.215827), Errors: 0 (0)
4/16 - Execution time: 0.713207 seconds
4/16 - Throughput: 2.80423E+06 ops/sec
1/16 - Performed a throughput benchmark:
1/16 - Performed 2000000 find-or-put operations with random values from [0,...,6399999]
1/16 - Finds: 1570167 (0.785084), Inserts: 429833 (0.214917), Errors: 0 (0)
1/16 - Execution time: 0.745811 seconds
1/16 - Throughput: 2.68164E+06 ops/sec
7/16 - Performed a throughput benchmark:
7/16 - Performed 2000000 find-or-put operations with random values from [0,...,6399999]
7/16 - Finds: 1580167 (0.790084), Inserts: 419833 (0.209917), Errors: 0 (0)
7/16 - Execution time: 0.811589 seconds
7/16 - Throughput: 2.4643E+06 ops/sec
5/16 - Performed a throughput benchmark:
5/16 - Performed 2000000 find-or-put operations with random values from [0,...,6399999]
5/16 - Finds: 1581739 (0.79087), Inserts: 418261 (0.20913), Errors: 0 (0)
5/16 - Execution time: 0.806237 seconds
5/16 - Throughput: 2.48066E+06 ops/sec
0/16 - Performed a throughput benchmark:
0/16 - Performed 2000000 find-or-put operations with random values from [0,...,6399999]
0/16 - Finds: 1564495 (0.782247), Inserts: 435505 (0.217752), Errors: 0 (0)
0/16 - Execution time: 0.694933 seconds
0/16 - Throughput: 2.87798E+06 ops/sec
3/16 - Performed a throughput benchmark:
3/16 - Performed 2000000 find-or-put operations with random values from [0,...,6399999]
3/16 - Finds: 1565619 (0.78281), Inserts: 434381 (0.217191), Errors: 0 (0)
3/16 - Execution time: 0.722831 seconds
3/16 - Throughput: 2.7669E+06 ops/sec
2/16 - Performed a throughput benchmark:
2/16 - Performed 2000000 find-or-put operations with random values from [0,...,6399999]
2/16 - Finds: 1567890 (0.783945), Inserts: 432110 (0.216055), Errors: 0 (0)
2/16 - Execution time: 0.729315 seconds
2/16 - Throughput: 2.7423E+06 ops/sec
6/16 - Performed a throughput benchmark:
6/16 - Performed 2000000 find-or-put operations with random values from [0,...,6399999]
6/16 - Finds: 1560242 (0.780121), Inserts: 439758 (0.219879), Errors: 0 (0)
6/16 - Execution time: 0.734358 seconds
6/16 - Throughput: 2.72347E+06 ops/sec
13/16 - Performed a throughput benchmark:
13/16 - Performed 2000000 find-or-put operations with random values from [0,...,6399999]
13/16 - Finds: 1632093 (0.816047), Inserts: 367907 (0.183953), Errors: 0 (0)
13/16 - Execution time: 1.04726 seconds
13/16 - Throughput: 1.90974E+06 ops/sec
10/16 - Performed a throughput benchmark:
10/16 - Performed 2000000 find-or-put operations with random values from [0,...,6399999]
10/16 - Finds: 1630950 (0.815475), Inserts: 369050 (0.184525), Errors: 0 (0)
10/16 - Execution time: 1.04469 seconds
10/16 - Throughput: 1.91445E+06 ops/sec
12/16 - Performed a throughput benchmark:
12/16 - Performed 2000000 find-or-put operations with random values from [0,...,6399999]
12/16 - Finds: 1639095 (0.819547), Inserts: 360905 (0.180452), Errors: 0 (0)
12/16 - Execution time: 1.11946 seconds
12/16 - Throughput: 1.78658E+06 ops/sec
11/16 - Performed a throughput benchmark:
11/16 - Performed 2000000 find-or-put operations with random values from [0,...,6399999]
11/16 - Finds: 1638290 (0.819145), Inserts: 361710 (0.180855), Errors: 0 (0)
11/16 - Execution time: 1.12483 seconds
11/16 - Throughput: 1.77805E+06 ops/sec
14/16 - Performed a throughput benchmark:
14/16 - Performed 2000000 find-or-put operations with random values from [0,...,6399999]
14/16 - Finds: 1634664 (0.817332), Inserts: 365336 (0.182668), Errors: 0 (0)
14/16 - Execution time: 1.10598 seconds
14/16 - Throughput: 1.80835E+06 ops/sec
15/16 - Performed a throughput benchmark:
15/16 - Performed 2000000 find-or-put operations with random values from [0,...,6399999]
15/16 - Finds: 1630502 (0.815251), Inserts: 369498 (0.184749), Errors: 0 (0)
15/16 - Execution time: 1.09461 seconds
15/16 - Throughput: 1.82713E+06 ops/sec
8/16 - Performed a throughput benchmark:
8/16 - Performed 2000000 find-or-put operations with random values from [0,...,6399999]
8/16 - Finds: 1642675 (0.821338), Inserts: 357325 (0.178663), Errors: 0 (0)
8/16 - Execution time: 1.14653 seconds
8/16 - Throughput: 1.74439E+06 ops/sec
9/16 - Performed a throughput benchmark:
9/16 - Performed 2000000 find-or-put operations with random values from [0,...,6399999]
9/16 - Finds: 1635901 (0.817951), Inserts: 364099 (0.18205), Errors: 0 (0)
9/16 - Execution time: 1.09742 seconds
9/16 - Throughput: 1.82245E+06 ops/sec
[1447426042.644674] [node058:5443 :0]         sys.c:719  MXM  WARN  Conflicting CPU frequencies detected, using: 3183.84
