[1447426253.229568] [node008:24360:0]         sys.c:719  MXM  WARN  Conflicting CPU frequencies detected, using: 2978.25
[1447426253.254005] [node008:24360:0]         mxm.c:185  MXM  WARN  The 'ulimit -s' on the system is set to 'unlimited'. This may have negative performance implications. Please set the heap size to the default value (10240) 
[1447426253.223753] [node008:24348:0]         sys.c:719  MXM  WARN  Conflicting CPU frequencies detected, using: 2978.25
[1447426253.293236] [node008:24348:0]         mxm.c:185  MXM  WARN  The 'ulimit -s' on the system is set to 'unlimited'. This may have negative performance implications. Please set the heap size to the default value (10240) 
[1447426253.224401] [node008:24352:0]         sys.c:719  MXM  WARN  Conflicting CPU frequencies detected, using: 2978.25
[1447426253.293973] [node008:24352:0]         mxm.c:185  MXM  WARN  The 'ulimit -s' on the system is set to 'unlimited'. This may have negative performance implications. Please set the heap size to the default value (10240) 
[1447426253.224834] [node008:24350:0]         sys.c:719  MXM  WARN  Conflicting CPU frequencies detected, using: 2978.25
[1447426253.295794] [node008:24350:0]         mxm.c:185  MXM  WARN  The 'ulimit -s' on the system is set to 'unlimited'. This may have negative performance implications. Please set the heap size to the default value (10240) 
[1447426253.227132] [node008:24358:0]         sys.c:719  MXM  WARN  Conflicting CPU frequencies detected, using: 2978.25
[1447426253.298264] [node008:24358:0]         mxm.c:185  MXM  WARN  The 'ulimit -s' on the system is set to 'unlimited'. This may have negative performance implications. Please set the heap size to the default value (10240) 
[1447426253.226368] [node008:24355:0]         sys.c:719  MXM  WARN  Conflicting CPU frequencies detected, using: 2978.25
[1447426253.303494] [node008:24355:0]         mxm.c:185  MXM  WARN  The 'ulimit -s' on the system is set to 'unlimited'. This may have negative performance implications. Please set the heap size to the default value (10240) 
[1447426253.225677] [node008:24349:0]         sys.c:719  MXM  WARN  Conflicting CPU frequencies detected, using: 2978.25
[1447426253.265311] [node008:24349:0]         mxm.c:185  MXM  WARN  The 'ulimit -s' on the system is set to 'unlimited'. This may have negative performance implications. Please set the heap size to the default value (10240) 
[1447426253.224496] [node008:24347:0]         sys.c:719  MXM  WARN  Conflicting CPU frequencies detected, using: 2978.25
[1447426253.271770] [node008:24347:0]         mxm.c:185  MXM  WARN  The 'ulimit -s' on the system is set to 'unlimited'. This may have negative performance implications. Please set the heap size to the default value (10240) 
[1447426253.226280] [node008:24353:0]         sys.c:719  MXM  WARN  Conflicting CPU frequencies detected, using: 2978.25
[1447426253.272727] [node008:24353:0]         mxm.c:185  MXM  WARN  The 'ulimit -s' on the system is set to 'unlimited'. This may have negative performance implications. Please set the heap size to the default value (10240) 
[1447426253.222800] [node008:24346:0]         sys.c:719  MXM  WARN  Conflicting CPU frequencies detected, using: 2978.25
[1447426253.267591] [node008:24346:0]         mxm.c:185  MXM  WARN  The 'ulimit -s' on the system is set to 'unlimited'. This may have negative performance implications. Please set the heap size to the default value (10240) 
[1447426253.222233] [node008:24345:0]         sys.c:719  MXM  WARN  Conflicting CPU frequencies detected, using: 2978.25
[1447426253.287369] [node008:24345:0]         mxm.c:185  MXM  WARN  The 'ulimit -s' on the system is set to 'unlimited'. This may have negative performance implications. Please set the heap size to the default value (10240) 
[1447426253.227870] [node008:24359:0]         sys.c:719  MXM  WARN  Conflicting CPU frequencies detected, using: 2978.25
[1447426253.266099] [node008:24359:0]         mxm.c:185  MXM  WARN  The 'ulimit -s' on the system is set to 'unlimited'. This may have negative performance implications. Please set the heap size to the default value (10240) 
[1447426253.224413] [node008:24356:0]         sys.c:719  MXM  WARN  Conflicting CPU frequencies detected, using: 2978.25
[1447426253.276700] [node008:24356:0]         mxm.c:185  MXM  WARN  The 'ulimit -s' on the system is set to 'unlimited'. This may have negative performance implications. Please set the heap size to the default value (10240) 
[1447426253.226267] [node008:24357:0]         sys.c:719  MXM  WARN  Conflicting CPU frequencies detected, using: 2978.25
[1447426253.286592] [node008:24357:0]         mxm.c:185  MXM  WARN  The 'ulimit -s' on the system is set to 'unlimited'. This may have negative performance implications. Please set the heap size to the default value (10240) 
[1447426253.225333] [node008:24351:0]         sys.c:719  MXM  WARN  Conflicting CPU frequencies detected, using: 2978.25
[1447426253.285844] [node008:24351:0]         mxm.c:185  MXM  WARN  The 'ulimit -s' on the system is set to 'unlimited'. This may have negative performance implications. Please set the heap size to the default value (10240) 
[1447426253.226921] [node008:24354:0]         sys.c:719  MXM  WARN  Conflicting CPU frequencies detected, using: 2978.25
[1447426253.292467] [node008:24354:0]         mxm.c:185  MXM  WARN  The 'ulimit -s' on the system is set to 'unlimited'. This may have negative performance implications. Please set the heap size to the default value (10240) 
[1447426253.671010] [node010:4005 :0]         sys.c:719  MXM  WARN  Conflicting CPU frequencies detected, using: 2400.00
[1447426253.676655] [node010:4005 :0]         mxm.c:185  MXM  WARN  The 'ulimit -s' on the system is set to 'unlimited'. This may have negative performance implications. Please set the heap size to the default value (10240) 
[1447426253.677828] [node010:4004 :0]         sys.c:719  MXM  WARN  Conflicting CPU frequencies detected, using: 2400.00
[1447426253.684101] [node010:4004 :0]         mxm.c:185  MXM  WARN  The 'ulimit -s' on the system is set to 'unlimited'. This may have negative performance implications. Please set the heap size to the default value (10240) 
[1447426253.708739] [node011:21342:0]         sys.c:719  MXM  WARN  Conflicting CPU frequencies detected, using: 2400.00
[1447426253.715726] [node011:21342:0]         mxm.c:185  MXM  WARN  The 'ulimit -s' on the system is set to 'unlimited'. This may have negative performance implications. Please set the heap size to the default value (10240) 
[1447426253.744560] [node011:21360:0]         sys.c:719  MXM  WARN  Conflicting CPU frequencies detected, using: 2400.00
[1447426253.752992] [node011:21360:0]         mxm.c:185  MXM  WARN  The 'ulimit -s' on the system is set to 'unlimited'. This may have negative performance implications. Please set the heap size to the default value (10240) 
[1447426253.744560] [node011:21353:0]         sys.c:719  MXM  WARN  Conflicting CPU frequencies detected, using: 2400.00
[1447426253.751198] [node011:21353:0]         mxm.c:185  MXM  WARN  The 'ulimit -s' on the system is set to 'unlimited'. This may have negative performance implications. Please set the heap size to the default value (10240) 
[1447426253.777603] [node010:4039 :0]         sys.c:719  MXM  WARN  Conflicting CPU frequencies detected, using: 2400.00
[1447426253.781454] [node010:4039 :0]         mxm.c:185  MXM  WARN  The 'ulimit -s' on the system is set to 'unlimited'. This may have negative performance implications. Please set the heap size to the default value (10240) 
[1447426253.818466] [node010:4041 :0]         sys.c:719  MXM  WARN  Conflicting CPU frequencies detected, using: 2400.00
[1447426253.822062] [node010:4041 :0]         mxm.c:185  MXM  WARN  The 'ulimit -s' on the system is set to 'unlimited'. This may have negative performance implications. Please set the heap size to the default value (10240) 
[1447426253.827402] [node010:4070 :0]         sys.c:719  MXM  WARN  Conflicting CPU frequencies detected, using: 2400.00
[1447426253.830188] [node010:4070 :0]         mxm.c:185  MXM  WARN  The 'ulimit -s' on the system is set to 'unlimited'. This may have negative performance implications. Please set the heap size to the default value (10240) 
[1447426253.826280] [node010:4040 :0]         sys.c:719  MXM  WARN  Conflicting CPU frequencies detected, using: 2400.00
[1447426253.829518] [node010:4040 :0]         mxm.c:185  MXM  WARN  The 'ulimit -s' on the system is set to 'unlimited'. This may have negative performance implications. Please set the heap size to the default value (10240) 
[1447426253.833527] [node010:4183 :0]         sys.c:719  MXM  WARN  Conflicting CPU frequencies detected, using: 2400.00
[1447426253.836786] [node010:4183 :0]         mxm.c:185  MXM  WARN  The 'ulimit -s' on the system is set to 'unlimited'. This may have negative performance implications. Please set the heap size to the default value (10240) 
[1447426253.833019] [node010:4062 :0]         sys.c:719  MXM  WARN  Conflicting CPU frequencies detected, using: 2400.00
[1447426253.836277] [node010:4062 :0]         mxm.c:185  MXM  WARN  The 'ulimit -s' on the system is set to 'unlimited'. This may have negative performance implications. Please set the heap size to the default value (10240) 
[1447426253.832854] [node010:4068 :0]         sys.c:719  MXM  WARN  Conflicting CPU frequencies detected, using: 2400.00
[1447426253.836192] [node010:4068 :0]         mxm.c:185  MXM  WARN  The 'ulimit -s' on the system is set to 'unlimited'. This may have negative performance implications. Please set the heap size to the default value (10240) 
[1447426253.834355] [node010:4069 :0]         sys.c:719  MXM  WARN  Conflicting CPU frequencies detected, using: 2400.00
[1447426253.837419] [node010:4069 :0]         mxm.c:185  MXM  WARN  The 'ulimit -s' on the system is set to 'unlimited'. This may have negative performance implications. Please set the heap size to the default value (10240) 
[1447426253.810438] [node009:16799:0]         sys.c:719  MXM  WARN  Conflicting CPU frequencies detected, using: 2400.00
[1447426253.819439] [node009:16799:0]         mxm.c:185  MXM  WARN  The 'ulimit -s' on the system is set to 'unlimited'. This may have negative performance implications. Please set the heap size to the default value (10240) 
[1447426253.811046] [node009:16800:0]         sys.c:719  MXM  WARN  Conflicting CPU frequencies detected, using: 2400.00
[1447426253.820170] [node009:16800:0]         mxm.c:185  MXM  WARN  The 'ulimit -s' on the system is set to 'unlimited'. This may have negative performance implications. Please set the heap size to the default value (10240) 
[1447426253.854196] [node010:4249 :0]         sys.c:719  MXM  WARN  Conflicting CPU frequencies detected, using: 2400.00
[1447426253.857405] [node010:4249 :0]         mxm.c:185  MXM  WARN  The 'ulimit -s' on the system is set to 'unlimited'. This may have negative performance implications. Please set the heap size to the default value (10240) 
[1447426253.852452] [node010:4215 :0]         sys.c:719  MXM  WARN  Conflicting CPU frequencies detected, using: 2400.00
[1447426253.855830] [node010:4215 :0]         mxm.c:185  MXM  WARN  The 'ulimit -s' on the system is set to 'unlimited'. This may have negative performance implications. Please set the heap size to the default value (10240) 
[1447426253.850934] [node011:21370:0]         sys.c:719  MXM  WARN  Conflicting CPU frequencies detected, using: 2400.38
[1447426253.855950] [node011:21370:0]         mxm.c:185  MXM  WARN  The 'ulimit -s' on the system is set to 'unlimited'. This may have negative performance implications. Please set the heap size to the default value (10240) 
[1447426253.858260] [node010:4238 :0]         sys.c:719  MXM  WARN  Conflicting CPU frequencies detected, using: 2400.00
[1447426253.862359] [node010:4238 :0]         mxm.c:185  MXM  WARN  The 'ulimit -s' on the system is set to 'unlimited'. This may have negative performance implications. Please set the heap size to the default value (10240) 
[1447426253.858857] [node010:4203 :0]         sys.c:719  MXM  WARN  Conflicting CPU frequencies detected, using: 2400.00
[1447426253.862857] [node010:4203 :0]         mxm.c:185  MXM  WARN  The 'ulimit -s' on the system is set to 'unlimited'. This may have negative performance implications. Please set the heap size to the default value (10240) 
[1447426253.881787] [node010:4180 :0]         sys.c:719  MXM  WARN  Conflicting CPU frequencies detected, using: 2400.00
[1447426253.885777] [node010:4180 :0]         mxm.c:185  MXM  WARN  The 'ulimit -s' on the system is set to 'unlimited'. This may have negative performance implications. Please set the heap size to the default value (10240) 
[1447426253.895702] [node010:4222 :0]         sys.c:719  MXM  WARN  Conflicting CPU frequencies detected, using: 2400.09
[1447426253.898513] [node010:4222 :0]         mxm.c:185  MXM  WARN  The 'ulimit -s' on the system is set to 'unlimited'. This may have negative performance implications. Please set the heap size to the default value (10240) 
[1447426253.865136] [node011:21381:0]         sys.c:719  MXM  WARN  Conflicting CPU frequencies detected, using: 2400.00
[1447426253.874049] [node011:21381:0]         mxm.c:185  MXM  WARN  The 'ulimit -s' on the system is set to 'unlimited'. This may have negative performance implications. Please set the heap size to the default value (10240) 
[1447426253.871625] [node011:21435:0]         sys.c:719  MXM  WARN  Conflicting CPU frequencies detected, using: 2400.00
[1447426253.886989] [node011:21435:0]         mxm.c:185  MXM  WARN  The 'ulimit -s' on the system is set to 'unlimited'. This may have negative performance implications. Please set the heap size to the default value (10240) 
[1447426253.828819] [node009:16809:0]         sys.c:719  MXM  WARN  Conflicting CPU frequencies detected, using: 2400.00
[1447426253.893817] [node009:16809:0]         mxm.c:185  MXM  WARN  The 'ulimit -s' on the system is set to 'unlimited'. This may have negative performance implications. Please set the heap size to the default value (10240) 
[1447426253.882864] [node011:21442:0]         sys.c:719  MXM  WARN  Conflicting CPU frequencies detected, using: 2400.00
[1447426253.930978] [node011:21442:0]         mxm.c:185  MXM  WARN  The 'ulimit -s' on the system is set to 'unlimited'. This may have negative performance implications. Please set the heap size to the default value (10240) 
[1447426253.819660] [node009:16802:0]         sys.c:719  MXM  WARN  Conflicting CPU frequencies detected, using: 2400.19
[1447426253.854307] [node009:16802:0]         mxm.c:185  MXM  WARN  The 'ulimit -s' on the system is set to 'unlimited'. This may have negative performance implications. Please set the heap size to the default value (10240) 
[1447426253.813548] [node009:16798:0]         sys.c:719  MXM  WARN  Conflicting CPU frequencies detected, using: 2400.00
[1447426253.824207] [node009:16798:0]         mxm.c:185  MXM  WARN  The 'ulimit -s' on the system is set to 'unlimited'. This may have negative performance implications. Please set the heap size to the default value (10240) 
[1447426253.824964] [node009:16797:0]         sys.c:719  MXM  WARN  Conflicting CPU frequencies detected, using: 2400.19
[1447426253.856602] [node009:16797:0]         mxm.c:185  MXM  WARN  The 'ulimit -s' on the system is set to 'unlimited'. This may have negative performance implications. Please set the heap size to the default value (10240) 
[1447426253.817394] [node009:16801:0]         sys.c:719  MXM  WARN  Conflicting CPU frequencies detected, using: 2400.19
[1447426253.843016] [node009:16801:0]         mxm.c:185  MXM  WARN  The 'ulimit -s' on the system is set to 'unlimited'. This may have negative performance implications. Please set the heap size to the default value (10240) 
[1447426253.822342] [node009:16803:0]         sys.c:719  MXM  WARN  Conflicting CPU frequencies detected, using: 2400.19
[1447426253.847834] [node009:16803:0]         mxm.c:185  MXM  WARN  The 'ulimit -s' on the system is set to 'unlimited'. This may have negative performance implications. Please set the heap size to the default value (10240) 
[1447426253.832874] [node009:16979:0]         sys.c:719  MXM  WARN  Conflicting CPU frequencies detected, using: 2400.00
[1447426253.867512] [node009:16979:0]         mxm.c:185  MXM  WARN  The 'ulimit -s' on the system is set to 'unlimited'. This may have negative performance implications. Please set the heap size to the default value (10240) 
[1447426253.833092] [node009:16984:0]         sys.c:719  MXM  WARN  Conflicting CPU frequencies detected, using: 2400.00
[1447426253.871673] [node009:16984:0]         mxm.c:185  MXM  WARN  The 'ulimit -s' on the system is set to 'unlimited'. This may have negative performance implications. Please set the heap size to the default value (10240) 
[1447426253.833278] [node009:16977:0]         sys.c:719  MXM  WARN  Conflicting CPU frequencies detected, using: 2400.00
[1447426253.857612] [node009:16977:0]         mxm.c:185  MXM  WARN  The 'ulimit -s' on the system is set to 'unlimited'. This may have negative performance implications. Please set the heap size to the default value (10240) 
[1447426253.833169] [node009:17015:0]         sys.c:719  MXM  WARN  Conflicting CPU frequencies detected, using: 2400.00
[1447426253.855085] [node009:17015:0]         mxm.c:185  MXM  WARN  The 'ulimit -s' on the system is set to 'unlimited'. This may have negative performance implications. Please set the heap size to the default value (10240) 
[1447426253.864586] [node009:16980:0]         sys.c:719  MXM  WARN  Conflicting CPU frequencies detected, using: 2400.00
[1447426253.897220] [node009:16980:0]         mxm.c:185  MXM  WARN  The 'ulimit -s' on the system is set to 'unlimited'. This may have negative performance implications. Please set the heap size to the default value (10240) 
[1447426253.819302] [node009:16805:0]         sys.c:719  MXM  WARN  Conflicting CPU frequencies detected, using: 2400.19
[1447426253.845253] [node009:16805:0]         mxm.c:185  MXM  WARN  The 'ulimit -s' on the system is set to 'unlimited'. This may have negative performance implications. Please set the heap size to the default value (10240) 
[1447426253.849900] [node009:16807:0]         sys.c:719  MXM  WARN  Conflicting CPU frequencies detected, using: 2400.00
[1447426253.873380] [node009:16807:0]         mxm.c:185  MXM  WARN  The 'ulimit -s' on the system is set to 'unlimited'. This may have negative performance implications. Please set the heap size to the default value (10240) 
[1447426253.819512] [node009:16804:0]         sys.c:719  MXM  WARN  Conflicting CPU frequencies detected, using: 2400.19
[1447426253.865822] [node009:16804:0]         mxm.c:185  MXM  WARN  The 'ulimit -s' on the system is set to 'unlimited'. This may have negative performance implications. Please set the heap size to the default value (10240) 
[1447426253.882546] [node011:21437:0]         sys.c:719  MXM  WARN  Conflicting CPU frequencies detected, using: 2400.00
[1447426253.921459] [node011:21437:0]         mxm.c:185  MXM  WARN  The 'ulimit -s' on the system is set to 'unlimited'. This may have negative performance implications. Please set the heap size to the default value (10240) 
[1447426253.881296] [node011:21452:0]         sys.c:719  MXM  WARN  Conflicting CPU frequencies detected, using: 2400.00
[1447426253.910860] [node011:21452:0]         mxm.c:185  MXM  WARN  The 'ulimit -s' on the system is set to 'unlimited'. This may have negative performance implications. Please set the heap size to the default value (10240) 
[1447426253.865137] [node011:21382:0]         sys.c:719  MXM  WARN  Conflicting CPU frequencies detected, using: 2400.00
[1447426253.872486] [node011:21382:0]         mxm.c:185  MXM  WARN  The 'ulimit -s' on the system is set to 'unlimited'. This may have negative performance implications. Please set the heap size to the default value (10240) 
[1447426253.870267] [node011:21439:0]         sys.c:719  MXM  WARN  Conflicting CPU frequencies detected, using: 2400.00
[1447426253.889581] [node011:21439:0]         mxm.c:185  MXM  WARN  The 'ulimit -s' on the system is set to 'unlimited'. This may have negative performance implications. Please set the heap size to the default value (10240) 
[1447426253.871754] [node011:21412:0]         sys.c:719  MXM  WARN  Conflicting CPU frequencies detected, using: 2400.00
[1447426253.885356] [node011:21412:0]         mxm.c:185  MXM  WARN  The 'ulimit -s' on the system is set to 'unlimited'. This may have negative performance implications. Please set the heap size to the default value (10240) 
[1447426253.883658] [node011:21438:0]         sys.c:719  MXM  WARN  Conflicting CPU frequencies detected, using: 2400.00
[1447426253.917252] [node011:21438:0]         mxm.c:185  MXM  WARN  The 'ulimit -s' on the system is set to 'unlimited'. This may have negative performance implications. Please set the heap size to the default value (10240) 
[1447426253.882255] [node011:21544:0]         sys.c:719  MXM  WARN  Conflicting CPU frequencies detected, using: 2400.00
[1447426253.904267] [node011:21544:0]         mxm.c:185  MXM  WARN  The 'ulimit -s' on the system is set to 'unlimited'. This may have negative performance implications. Please set the heap size to the default value (10240) 
[1447426253.881282] [node011:21549:0]         sys.c:719  MXM  WARN  Conflicting CPU frequencies detected, using: 2400.00
[1447426253.908383] [node011:21549:0]         mxm.c:185  MXM  WARN  The 'ulimit -s' on the system is set to 'unlimited'. This may have negative performance implications. Please set the heap size to the default value (10240) 
[1447426253.893599] [node011:21420:0]         sys.c:719  MXM  WARN  Conflicting CPU frequencies detected, using: 2400.00
[1447426253.922194] [node011:21420:0]         mxm.c:185  MXM  WARN  The 'ulimit -s' on the system is set to 'unlimited'. This may have negative performance implications. Please set the heap size to the default value (10240) 
UPCR: UPC thread  0 of 64 on node008 (pshm node 0 of 4, process  0 of 64, pid=24345)
UPCR: UPC thread  5 of 64 on node008 (pshm node 0 of 4, process  5 of 64, pid=24350)
UPCR: UPC thread  2 of 64 on node008 (pshm node 0 of 4, process  2 of 64, pid=24347)
UPCR: UPC thread  4 of 64 on node008 (pshm node 0 of 4, process  4 of 64, pid=24349)
UPCR: UPC thread  7 of 64 on node008 (pshm node 0 of 4, process  7 of 64, pid=24352)
UPCR: UPC thread 10 of 64 on node008 (pshm node 0 of 4, process 10 of 64, pid=24355)
UPCR: UPC thread 15 of 64 on node008 (pshm node 0 of 4, process 15 of 64, pid=24360)
UPCR: UPC thread 11 of 64 on node008 (pshm node 0 of 4, process 11 of 64, pid=24356)
UPCR: UPC thread  8 of 64 on node008 (pshm node 0 of 4, process  8 of 64, pid=24353)
UPCR: UPC thread 42 of 64 on node010 (pshm node 2 of 4, process 42 of 64, pid=4215)
UPCR: UPC thread  6 of 64 on node008 (pshm node 0 of 4, process  6 of 64, pid=24351)
UPCR: UPC thread 44 of 64 on node010 (pshm node 2 of 4, process 44 of 64, pid=4180)
UPCR: UPC thread 23 of 64 on node009 (pshm node 1 of 4, process 23 of 64, pid=17015)
UPCR: UPC thread 12 of 64 on node008 (pshm node 0 of 4, process 12 of 64, pid=24357)
UPCR: UPC thread  9 of 64 on node008 (pshm node 0 of 4, process  9 of 64, pid=24354)
UPCR: UPC thread 13 of 64 on node008 (pshm node 0 of 4, process 13 of 64, pid=24358)
UPCR: UPC thread 16 of 64 on node009 (pshm node 1 of 4, process 16 of 64, pid=16807)
UPCR: UPC thread  1 of 64 on node008 (pshm node 0 of 4, process  1 of 64, pid=24346)
UPCR: UPC thread 14 of 64 on node008 (pshm node 0 of 4, process 14 of 64, pid=24359)
UPCR: UPC thread 57 of 64 on node011 (pshm node 3 of 4, process 57 of 64, pid=21544)
UPCR: UPC thread 49 of 64 on node011 (pshm node 3 of 4, process 49 of 64, pid=21412)
UPCR: UPC thread 63 of 64 on node011 (pshm node 3 of 4, process 63 of 64, pid=21549)
UPCR: UPC thread 58 of 64 on node011 (pshm node 3 of 4, process 58 of 64, pid=21437)
UPCR: UPC thread 30 of 64 on node009 (pshm node 1 of 4, process 30 of 64, pid=16984)
UPCR: UPC thread 54 of 64 on node011 (pshm node 3 of 4, process 54 of 64, pid=21452)
UPCR: UPC thread 21 of 64 on node009 (pshm node 1 of 4, process 21 of 64, pid=16802)
UPCR: UPC thread 60 of 64 on node011 (pshm node 3 of 4, process 60 of 64, pid=21439)
UPCR: UPC thread 56 of 64 on node011 (pshm node 3 of 4, process 56 of 64, pid=21382)
UPCR: UPC thread 53 of 64 on node011 (pshm node 3 of 4, process 53 of 64, pid=21360)
UPCR: UPC thread 51 of 64 on node011 (pshm node 3 of 4, process 51 of 64, pid=21342)
UPCR: UPC thread 27 of 64 on node009 (pshm node 1 of 4, process 27 of 64, pid=16799)
UPCR: UPC thread 62 of 64 on node011 (pshm node 3 of 4, process 62 of 64, pid=21435)
UPCR: UPC thread 59 of 64 on node011 (pshm node 3 of 4, process 59 of 64, pid=21420)
UPCR: UPC thread 61 of 64 on node011 (pshm node 3 of 4, process 61 of 64, pid=21442)
UPCR: UPC thread 50 of 64 on node011 (pshm node 3 of 4, process 50 of 64, pid=21438)
UPCR: UPC thread 25 of 64 on node009 (pshm node 1 of 4, process 25 of 64, pid=16980)
UPCR: UPC thread 31 of 64 on node009 (pshm node 1 of 4, process 31 of 64, pid=16979)
UPCR: UPC thread 33 of 64 on node010 (pshm node 2 of 4, process 33 of 64, pid=4222)
UPCR: UPC thread 36 of 64 on node010 (pshm node 2 of 4, process 36 of 64, pid=4039)
UPCR: UPC thread 46 of 64 on node010 (pshm node 2 of 4, process 46 of 64, pid=4249)
UPCR: UPC thread 34 of 64 on node010 (pshm node 2 of 4, process 34 of 64, pid=4005)
UPCR: UPC thread 26 of 64 on node009 (pshm node 1 of 4, process 26 of 64, pid=16803)
UPCR: UPC thread 52 of 64 on node011 (pshm node 3 of 4, process 52 of 64, pid=21353)
UPCR: UPC thread 39 of 64 on node010 (pshm node 2 of 4, process 39 of 64, pid=4040)
UPCR: UPC thread 43 of 64 on node010 (pshm node 2 of 4, process 43 of 64, pid=4068)
UPCR: UPC thread 35 of 64 on node010 (pshm node 2 of 4, process 35 of 64, pid=4070)
UPCR: UPC thread 24 of 64 on node009 (pshm node 1 of 4, process 24 of 64, pid=16977)
UPCR: UPC thread 20 of 64 on node009 (pshm node 1 of 4, process 20 of 64, pid=16800)
UPCR: UPC thread 40 of 64 on node010 (pshm node 2 of 4, process 40 of 64, pid=4062)
UPCR: UPC thread 55 of 64 on node011 (pshm node 3 of 4, process 55 of 64, pid=21381)
UPCR: UPC thread 45 of 64 on node010 (pshm node 2 of 4, process 45 of 64, pid=4183)
UPCR: UPC thread 28 of 64 on node009 (pshm node 1 of 4, process 28 of 64, pid=16809)
UPCR: UPC thread 22 of 64 on node009 (pshm node 1 of 4, process 22 of 64, pid=16798)
UPCR: UPC thread  3 of 64 on node008 (pshm node 0 of 4, process  3 of 64, pid=24348)
UPCR: UPC thread 29 of 64 on node009 (pshm node 1 of 4, process 29 of 64, pid=16805)
UPCR: UPC thread 38 of 64 on node010 (pshm node 2 of 4, process 38 of 64, pid=4069)
UPCR: UPC thread 47 of 64 on node010 (pshm node 2 of 4, process 47 of 64, pid=4238)
UPCR: UPC thread 41 of 64 on node010 (pshm node 2 of 4, process 41 of 64, pid=4203)
UPCR: UPC thread 18 of 64 on node009 (pshm node 1 of 4, process 18 of 64, pid=16797)
UPCR: UPC thread 48 of 64 on node011 (pshm node 3 of 4, process 48 of 64, pid=21370)
UPCR: UPC thread 32 of 64 on node010 (pshm node 2 of 4, process 32 of 64, pid=4004)
UPCR: UPC thread 37 of 64 on node010 (pshm node 2 of 4, process 37 of 64, pid=4041)
UPCR: UPC thread 17 of 64 on node009 (pshm node 1 of 4, process 17 of 64, pid=16801)
UPCR: UPC thread 19 of 64 on node009 (pshm node 1 of 4, process 19 of 64, pid=16804)
0/64 - htable initialized
0/64 - table size: 68719476736 bytes (65536 MB)
0/64 - total number of buckets: 8589934592
0/64 - block size: 1073741824 (1024 MB)
0/64 - number of buckets in block: 134217728
0/64 - number of blocks: 64
20/64 - Performed a throughput benchmark:
20/64 - Performed 2000000 find-or-put operations with random values from [0,...,25599999]
20/64 - Finds: 1581995 (0.790998), Inserts: 418005 (0.209003), Errors: 0 (0)
20/64 - Execution time: 6.75589 seconds
20/64 - Throughput: 296038 ops/sec
1/64 - Performed a throughput benchmark:
1/64 - Performed 2000000 find-or-put operations with random values from [0,...,25599999]
1/64 - Finds: 1582897 (0.791448), Inserts: 417103 (0.208552), Errors: 0 (0)
1/64 - Execution time: 6.76444 seconds
1/64 - Throughput: 295664 ops/sec
34/64 - Performed a throughput benchmark:
34/64 - Performed 2000000 find-or-put operations with random values from [0,...,25599999]
34/64 - Finds: 1583663 (0.791832), Inserts: 416337 (0.208169), Errors: 0 (0)
34/64 - Execution time: 6.771 seconds
34/64 - Throughput: 295377 ops/sec
5/64 - Performed a throughput benchmark:
5/64 - Performed 2000000 find-or-put operations with random values from [0,...,25599999]
5/64 - Finds: 1580199 (0.790099), Inserts: 419801 (0.2099), Errors: 0 (0)
5/64 - Execution time: 6.75646 seconds
5/64 - Throughput: 296013 ops/sec
36/64 - Performed a throughput benchmark:
36/64 - Performed 2000000 find-or-put operations with random values from [0,...,25599999]
36/64 - Finds: 1582423 (0.791211), Inserts: 417577 (0.208788), Errors: 0 (0)
36/64 - Execution time: 6.73868 seconds
36/64 - Throughput: 296794 ops/sec
37/64 - Performed a throughput benchmark:
37/64 - Performed 2000000 find-or-put operations with random values from [0,...,25599999]
37/64 - Finds: 1583268 (0.791634), Inserts: 416732 (0.208366), Errors: 0 (0)
37/64 - Execution time: 6.74527 seconds
37/64 - Throughput: 296504 ops/sec
35/64 - Performed a throughput benchmark:
35/64 - Performed 2000000 find-or-put operations with random values from [0,...,25599999]
35/64 - Finds: 1581489 (0.790744), Inserts: 418511 (0.209256), Errors: 0 (0)
35/64 - Execution time: 6.7245 seconds
35/64 - Throughput: 297420 ops/sec
33/64 - Performed a throughput benchmark:
33/64 - Performed 2000000 find-or-put operations with random values from [0,...,25599999]
33/64 - Finds: 1582795 (0.791397), Inserts: 417205 (0.208602), Errors: 0 (0)
33/64 - Execution time: 6.75666 seconds
33/64 - Throughput: 296004 ops/sec
19/64 - Performed a throughput benchmark:
19/64 - Performed 2000000 find-or-put operations with random values from [0,...,25599999]
19/64 - Finds: 1582800 (0.7914), Inserts: 417200 (0.2086), Errors: 0 (0)
19/64 - Execution time: 6.75479 seconds
19/64 - Throughput: 296086 ops/sec
23/64 - Performed a throughput benchmark:
23/64 - Performed 2000000 find-or-put operations with random values from [0,...,25599999]
23/64 - Finds: 1582722 (0.791361), Inserts: 417278 (0.208639), Errors: 0 (0)
23/64 - Execution time: 6.74609 seconds
23/64 - Throughput: 296468 ops/sec
18/64 - Performed a throughput benchmark:
18/64 - Performed 2000000 find-or-put operations with random values from [0,...,25599999]
18/64 - Finds: 1583637 (0.791818), Inserts: 416363 (0.208181), Errors: 0 (0)
18/64 - Execution time: 6.75717 seconds
18/64 - Throughput: 295982 ops/sec
7/64 - Performed a throughput benchmark:
7/64 - Performed 2000000 find-or-put operations with random values from [0,...,25599999]
7/64 - Finds: 1585748 (0.792874), Inserts: 414252 (0.207126), Errors: 0 (0)
7/64 - Execution time: 6.80834 seconds
7/64 - Throughput: 293757 ops/sec
0/64 - Performed a throughput benchmark:
0/64 - Performed 2000000 find-or-put operations with random values from [0,...,25599999]
0/64 - Finds: 1586005 (0.793003), Inserts: 413995 (0.206998), Errors: 0 (0)
0/64 - Execution time: 6.82482 seconds
0/64 - Throughput: 293048 ops/sec
17/64 - Performed a throughput benchmark:
17/64 - Performed 2000000 find-or-put operations with random values from [0,...,25599999]
17/64 - Finds: 1583216 (0.791608), Inserts: 416784 (0.208392), Errors: 0 (0)
17/64 - Execution time: 6.75292 seconds
17/64 - Throughput: 296168 ops/sec
6/64 - Performed a throughput benchmark:
6/64 - Performed 2000000 find-or-put operations with random values from [0,...,25599999]
6/64 - Finds: 1583785 (0.791892), Inserts: 416215 (0.208108), Errors: 0 (0)
6/64 - Execution time: 6.78146 seconds
6/64 - Throughput: 294922 ops/sec
22/64 - Performed a throughput benchmark:
22/64 - Performed 2000000 find-or-put operations with random values from [0,...,25599999]
22/64 - Finds: 1584829 (0.792415), Inserts: 415171 (0.207586), Errors: 0 (0)
22/64 - Execution time: 6.79467 seconds
22/64 - Throughput: 294348 ops/sec
21/64 - Performed a throughput benchmark:
21/64 - Performed 2000000 find-or-put operations with random values from [0,...,25599999]
21/64 - Finds: 1584013 (0.792006), Inserts: 415987 (0.207993), Errors: 0 (0)
21/64 - Execution time: 6.75051 seconds
21/64 - Throughput: 296274 ops/sec
39/64 - Performed a throughput benchmark:
39/64 - Performed 2000000 find-or-put operations with random values from [0,...,25599999]
39/64 - Finds: 1583079 (0.791539), Inserts: 416921 (0.20846), Errors: 0 (0)
39/64 - Execution time: 6.75021 seconds
39/64 - Throughput: 296287 ops/sec
32/64 - Performed a throughput benchmark:
32/64 - Performed 2000000 find-or-put operations with random values from [0,...,25599999]
32/64 - Finds: 1581906 (0.790953), Inserts: 418094 (0.209047), Errors: 0 (0)
32/64 - Execution time: 6.74881 seconds
32/64 - Throughput: 296348 ops/sec
16/64 - Performed a throughput benchmark:
16/64 - Performed 2000000 find-or-put operations with random values from [0,...,25599999]
16/64 - Finds: 1583471 (0.791736), Inserts: 416529 (0.208264), Errors: 0 (0)
16/64 - Execution time: 6.75261 seconds
16/64 - Throughput: 296182 ops/sec
38/64 - Performed a throughput benchmark:
38/64 - Performed 2000000 find-or-put operations with random values from [0,...,25599999]
38/64 - Finds: 1581525 (0.790763), Inserts: 418475 (0.209237), Errors: 0 (0)
38/64 - Execution time: 6.75213 seconds
38/64 - Throughput: 296203 ops/sec
2/64 - Performed a throughput benchmark:
2/64 - Performed 2000000 find-or-put operations with random values from [0,...,25599999]
2/64 - Finds: 1583713 (0.791856), Inserts: 416287 (0.208144), Errors: 0 (0)
2/64 - Execution time: 6.77934 seconds
2/64 - Throughput: 295014 ops/sec
4/64 - Performed a throughput benchmark:
4/64 - Performed 2000000 find-or-put operations with random values from [0,...,25599999]
4/64 - Finds: 1583701 (0.791851), Inserts: 416299 (0.208149), Errors: 0 (0)
4/64 - Execution time: 6.79213 seconds
4/64 - Throughput: 294459 ops/sec
50/64 - Performed a throughput benchmark:
50/64 - Performed 2000000 find-or-put operations with random values from [0,...,25599999]
50/64 - Finds: 1587582 (0.793791), Inserts: 412418 (0.206209), Errors: 0 (0)
50/64 - Execution time: 6.84404 seconds
50/64 - Throughput: 292225 ops/sec
51/64 - Performed a throughput benchmark:
51/64 - Performed 2000000 find-or-put operations with random values from [0,...,25599999]
51/64 - Finds: 1587548 (0.793774), Inserts: 412452 (0.206226), Errors: 0 (0)
51/64 - Execution time: 6.8522 seconds
51/64 - Throughput: 291877 ops/sec
52/64 - Performed a throughput benchmark:
52/64 - Performed 2000000 find-or-put operations with random values from [0,...,25599999]
52/64 - Finds: 1589805 (0.794902), Inserts: 410195 (0.205097), Errors: 0 (0)
52/64 - Execution time: 6.87925 seconds
52/64 - Throughput: 290729 ops/sec
54/64 - Performed a throughput benchmark:
54/64 - Performed 2000000 find-or-put operations with random values from [0,...,25599999]
54/64 - Finds: 1590292 (0.795146), Inserts: 409708 (0.204854), Errors: 0 (0)
54/64 - Execution time: 6.86454 seconds
54/64 - Throughput: 291352 ops/sec
53/64 - Performed a throughput benchmark:
53/64 - Performed 2000000 find-or-put operations with random values from [0,...,25599999]
53/64 - Finds: 1587403 (0.793701), Inserts: 412597 (0.206298), Errors: 0 (0)
53/64 - Execution time: 6.8527 seconds
53/64 - Throughput: 291856 ops/sec
48/64 - Performed a throughput benchmark:
48/64 - Performed 2000000 find-or-put operations with random values from [0,...,25599999]
48/64 - Finds: 1587844 (0.793922), Inserts: 412156 (0.206078), Errors: 0 (0)
48/64 - Execution time: 6.8601 seconds
48/64 - Throughput: 291541 ops/sec
3/64 - Performed a throughput benchmark:
3/64 - Performed 2000000 find-or-put operations with random values from [0,...,25599999]
3/64 - Finds: 1588542 (0.794271), Inserts: 411458 (0.205729), Errors: 0 (0)
3/64 - Execution time: 6.93795 seconds
3/64 - Throughput: 288270 ops/sec
49/64 - Performed a throughput benchmark:
49/64 - Performed 2000000 find-or-put operations with random values from [0,...,25599999]
49/64 - Finds: 1588012 (0.794006), Inserts: 411988 (0.205994), Errors: 0 (0)
49/64 - Execution time: 6.85916 seconds
49/64 - Throughput: 291581 ops/sec
55/64 - Performed a throughput benchmark:
55/64 - Performed 2000000 find-or-put operations with random values from [0,...,25599999]
55/64 - Finds: 1588807 (0.794404), Inserts: 411193 (0.205596), Errors: 0 (0)
55/64 - Execution time: 6.85249 seconds
55/64 - Throughput: 291865 ops/sec
59/64 - Performed a throughput benchmark:
59/64 - Performed 2000000 find-or-put operations with random values from [0,...,25599999]
59/64 - Finds: 1611815 (0.805907), Inserts: 388185 (0.194093), Errors: 0 (0)
59/64 - Execution time: 7.27193 seconds
59/64 - Throughput: 275030 ops/sec
62/64 - Performed a throughput benchmark:
62/64 - Performed 2000000 find-or-put operations with random values from [0,...,25599999]
62/64 - Finds: 1614737 (0.807369), Inserts: 385263 (0.192632), Errors: 0 (0)
62/64 - Execution time: 7.2908 seconds
62/64 - Throughput: 274318 ops/sec
11/64 - Performed a throughput benchmark:
11/64 - Performed 2000000 find-or-put operations with random values from [0,...,25599999]
11/64 - Finds: 1616756 (0.808378), Inserts: 383244 (0.191622), Errors: 0 (0)
11/64 - Execution time: 7.28639 seconds
11/64 - Throughput: 274484 ops/sec
45/64 - Performed a throughput benchmark:
45/64 - Performed 2000000 find-or-put operations with random values from [0,...,25599999]
45/64 - Finds: 1615184 (0.807592), Inserts: 384816 (0.192408), Errors: 0 (0)
45/64 - Execution time: 7.38644 seconds
45/64 - Throughput: 270767 ops/sec
41/64 - Performed a throughput benchmark:
41/64 - Performed 2000000 find-or-put operations with random values from [0,...,25599999]
41/64 - Finds: 1616868 (0.808434), Inserts: 383132 (0.191566), Errors: 0 (0)
41/64 - Execution time: 7.39732 seconds
41/64 - Throughput: 270368 ops/sec
25/64 - Performed a throughput benchmark:
25/64 - Performed 2000000 find-or-put operations with random values from [0,...,25599999]
25/64 - Finds: 1619104 (0.809552), Inserts: 380896 (0.190448), Errors: 0 (0)
25/64 - Execution time: 7.40166 seconds
25/64 - Throughput: 270210 ops/sec
56/64 - Performed a throughput benchmark:
56/64 - Performed 2000000 find-or-put operations with random values from [0,...,25599999]
56/64 - Finds: 1617083 (0.808542), Inserts: 382917 (0.191459), Errors: 0 (0)
56/64 - Execution time: 7.44281 seconds
56/64 - Throughput: 268716 ops/sec
43/64 - Performed a throughput benchmark:
43/64 - Performed 2000000 find-or-put operations with random values from [0,...,25599999]
43/64 - Finds: 1618187 (0.809094), Inserts: 381813 (0.190907), Errors: 0 (0)
43/64 - Execution time: 7.4256 seconds
43/64 - Throughput: 269338 ops/sec
15/64 - Performed a throughput benchmark:
15/64 - Performed 2000000 find-or-put operations with random values from [0,...,25599999]
15/64 - Finds: 1617830 (0.808915), Inserts: 382170 (0.191085), Errors: 0 (0)
15/64 - Execution time: 7.41191 seconds
15/64 - Throughput: 269836 ops/sec
24/64 - Performed a throughput benchmark:
24/64 - Performed 2000000 find-or-put operations with random values from [0,...,25599999]
24/64 - Finds: 1618319 (0.80916), Inserts: 381681 (0.19084), Errors: 0 (0)
24/64 - Execution time: 7.39788 seconds
24/64 - Throughput: 270348 ops/sec
57/64 - Performed a throughput benchmark:
57/64 - Performed 2000000 find-or-put operations with random values from [0,...,25599999]
57/64 - Finds: 1614954 (0.807477), Inserts: 385046 (0.192523), Errors: 0 (0)
57/64 - Execution time: 7.39336 seconds
57/64 - Throughput: 270513 ops/sec
60/64 - Performed a throughput benchmark:
60/64 - Performed 2000000 find-or-put operations with random values from [0,...,25599999]
60/64 - Finds: 1620547 (0.810273), Inserts: 379453 (0.189726), Errors: 0 (0)
60/64 - Execution time: 7.47758 seconds
60/64 - Throughput: 267466 ops/sec
58/64 - Performed a throughput benchmark:
58/64 - Performed 2000000 find-or-put operations with random values from [0,...,25599999]
58/64 - Finds: 1616160 (0.80808), Inserts: 383840 (0.19192), Errors: 0 (0)
58/64 - Execution time: 7.41493 seconds
58/64 - Throughput: 269726 ops/sec
14/64 - Performed a throughput benchmark:
14/64 - Performed 2000000 find-or-put operations with random values from [0,...,25599999]
14/64 - Finds: 1621027 (0.810513), Inserts: 378973 (0.189487), Errors: 0 (0)
14/64 - Execution time: 7.46269 seconds
14/64 - Throughput: 268000 ops/sec
63/64 - Performed a throughput benchmark:
63/64 - Performed 2000000 find-or-put operations with random values from [0,...,25599999]
63/64 - Finds: 1617117 (0.808558), Inserts: 382883 (0.191441), Errors: 0 (0)
63/64 - Execution time: 7.45751 seconds
63/64 - Throughput: 268186 ops/sec
13/64 - Performed a throughput benchmark:
13/64 - Performed 2000000 find-or-put operations with random values from [0,...,25599999]
13/64 - Finds: 1622575 (0.811288), Inserts: 377425 (0.188713), Errors: 0 (0)
13/64 - Execution time: 7.49323 seconds
13/64 - Throughput: 266908 ops/sec
47/64 - Performed a throughput benchmark:
47/64 - Performed 2000000 find-or-put operations with random values from [0,...,25599999]
47/64 - Finds: 1615346 (0.807673), Inserts: 384654 (0.192327), Errors: 0 (0)
47/64 - Execution time: 7.41048 seconds
47/64 - Throughput: 269888 ops/sec
61/64 - Performed a throughput benchmark:
61/64 - Performed 2000000 find-or-put operations with random values from [0,...,25599999]
61/64 - Finds: 1621916 (0.810958), Inserts: 378084 (0.189042), Errors: 0 (0)
61/64 - Execution time: 7.47113 seconds
61/64 - Throughput: 267697 ops/sec
40/64 - Performed a throughput benchmark:
40/64 - Performed 2000000 find-or-put operations with random values from [0,...,25599999]
40/64 - Finds: 1623527 (0.811763), Inserts: 376473 (0.188237), Errors: 0 (0)
40/64 - Execution time: 7.5327 seconds
40/64 - Throughput: 265509 ops/sec
44/64 - Performed a throughput benchmark:
44/64 - Performed 2000000 find-or-put operations with random values from [0,...,25599999]
44/64 - Finds: 1622635 (0.811318), Inserts: 377365 (0.188683), Errors: 0 (0)
44/64 - Execution time: 7.49254 seconds
44/64 - Throughput: 266932 ops/sec
30/64 - Performed a throughput benchmark:
30/64 - Performed 2000000 find-or-put operations with random values from [0,...,25599999]
30/64 - Finds: 1621004 (0.810502), Inserts: 378996 (0.189498), Errors: 0 (0)
30/64 - Execution time: 7.46127 seconds
30/64 - Throughput: 268051 ops/sec
27/64 - Performed a throughput benchmark:
27/64 - Performed 2000000 find-or-put operations with random values from [0,...,25599999]
27/64 - Finds: 1625979 (0.81299), Inserts: 374021 (0.18701), Errors: 0 (0)
27/64 - Execution time: 7.54925 seconds
27/64 - Throughput: 264927 ops/sec
46/64 - Performed a throughput benchmark:
46/64 - Performed 2000000 find-or-put operations with random values from [0,...,25599999]
46/64 - Finds: 1622694 (0.811347), Inserts: 377306 (0.188653), Errors: 0 (0)
46/64 - Execution time: 7.49553 seconds
46/64 - Throughput: 266826 ops/sec
42/64 - Performed a throughput benchmark:
42/64 - Performed 2000000 find-or-put operations with random values from [0,...,25599999]
42/64 - Finds: 1623168 (0.811584), Inserts: 376832 (0.188416), Errors: 0 (0)
42/64 - Execution time: 7.50917 seconds
42/64 - Throughput: 266341 ops/sec
28/64 - Performed a throughput benchmark:
28/64 - Performed 2000000 find-or-put operations with random values from [0,...,25599999]
28/64 - Finds: 1622433 (0.811217), Inserts: 377567 (0.188783), Errors: 0 (0)
28/64 - Execution time: 7.47738 seconds
28/64 - Throughput: 267473 ops/sec
31/64 - Performed a throughput benchmark:
31/64 - Performed 2000000 find-or-put operations with random values from [0,...,25599999]
31/64 - Finds: 1621953 (0.810976), Inserts: 378047 (0.189024), Errors: 0 (0)
31/64 - Execution time: 7.48582 seconds
31/64 - Throughput: 267172 ops/sec
8/64 - Performed a throughput benchmark:
8/64 - Performed 2000000 find-or-put operations with random values from [0,...,25599999]
8/64 - Finds: 1627015 (0.813508), Inserts: 372985 (0.186493), Errors: 0 (0)
8/64 - Execution time: 7.57177 seconds
8/64 - Throughput: 264139 ops/sec
12/64 - Performed a throughput benchmark:
12/64 - Performed 2000000 find-or-put operations with random values from [0,...,25599999]
12/64 - Finds: 1628366 (0.814183), Inserts: 371634 (0.185817), Errors: 0 (0)
12/64 - Execution time: 7.58178 seconds
12/64 - Throughput: 263790 ops/sec
10/64 - Performed a throughput benchmark:
10/64 - Performed 2000000 find-or-put operations with random values from [0,...,25599999]
10/64 - Finds: 1624067 (0.812033), Inserts: 375933 (0.187967), Errors: 0 (0)
10/64 - Execution time: 7.53568 seconds
10/64 - Throughput: 265404 ops/sec
9/64 - Performed a throughput benchmark:
9/64 - Performed 2000000 find-or-put operations with random values from [0,...,25599999]
9/64 - Finds: 1626890 (0.813445), Inserts: 373110 (0.186555), Errors: 0 (0)
9/64 - Execution time: 7.57249 seconds
9/64 - Throughput: 264114 ops/sec
29/64 - Performed a throughput benchmark:
29/64 - Performed 2000000 find-or-put operations with random values from [0,...,25599999]
29/64 - Finds: 1629803 (0.814901), Inserts: 370197 (0.185098), Errors: 0 (0)
29/64 - Execution time: 7.61017 seconds
29/64 - Throughput: 262806 ops/sec
26/64 - Performed a throughput benchmark:
26/64 - Performed 2000000 find-or-put operations with random values from [0,...,25599999]
26/64 - Finds: 1629055 (0.814527), Inserts: 370945 (0.185473), Errors: 0 (0)
26/64 - Execution time: 7.59082 seconds
26/64 - Throughput: 263476 ops/sec
[1447426253.206824] [node008:24300:0]         sys.c:719  MXM  WARN  Conflicting CPU frequencies detected, using: 3199.97
