[1447426233.182005] [node008:24162:0]         sys.c:719  MXM  WARN  Conflicting CPU frequencies detected, using: 1588.97
[1447426233.209192] [node008:24162:0]         mxm.c:185  MXM  WARN  The 'ulimit -s' on the system is set to 'unlimited'. This may have negative performance implications. Please set the heap size to the default value (10240) 
[1447426233.180879] [node008:24161:0]         sys.c:719  MXM  WARN  Conflicting CPU frequencies detected, using: 1588.97
[1447426233.202704] [node008:24161:0]         mxm.c:185  MXM  WARN  The 'ulimit -s' on the system is set to 'unlimited'. This may have negative performance implications. Please set the heap size to the default value (10240) 
[1447426233.182255] [node008:24167:0]         sys.c:719  MXM  WARN  Conflicting CPU frequencies detected, using: 1588.97
[1447426233.206825] [node008:24167:0]         mxm.c:185  MXM  WARN  The 'ulimit -s' on the system is set to 'unlimited'. This may have negative performance implications. Please set the heap size to the default value (10240) 
[1447426233.182682] [node008:24165:0]         sys.c:719  MXM  WARN  Conflicting CPU frequencies detected, using: 1588.97
[1447426233.216164] [node008:24165:0]         mxm.c:185  MXM  WARN  The 'ulimit -s' on the system is set to 'unlimited'. This may have negative performance implications. Please set the heap size to the default value (10240) 
[1447426233.182738] [node008:24168:0]         sys.c:719  MXM  WARN  Conflicting CPU frequencies detected, using: 1588.97
[1447426233.220403] [node008:24168:0]         mxm.c:185  MXM  WARN  The 'ulimit -s' on the system is set to 'unlimited'. This may have negative performance implications. Please set the heap size to the default value (10240) 
[1447426233.180782] [node008:24159:0]         sys.c:719  MXM  WARN  Conflicting CPU frequencies detected, using: 1588.97
[1447426233.217223] [node008:24159:0]         mxm.c:185  MXM  WARN  The 'ulimit -s' on the system is set to 'unlimited'. This may have negative performance implications. Please set the heap size to the default value (10240) 
[1447426233.181810] [node008:24160:0]         sys.c:719  MXM  WARN  Conflicting CPU frequencies detected, using: 1588.97
[1447426233.217696] [node008:24160:0]         mxm.c:185  MXM  WARN  The 'ulimit -s' on the system is set to 'unlimited'. This may have negative performance implications. Please set the heap size to the default value (10240) 
[1447426233.183455] [node008:24166:0]         sys.c:719  MXM  WARN  Conflicting CPU frequencies detected, using: 1588.97
[1447426233.236480] [node008:24166:0]         mxm.c:185  MXM  WARN  The 'ulimit -s' on the system is set to 'unlimited'. This may have negative performance implications. Please set the heap size to the default value (10240) 
[1447426233.182122] [node008:24164:0]         sys.c:719  MXM  WARN  Conflicting CPU frequencies detected, using: 1588.97
[1447426233.223874] [node008:24164:0]         mxm.c:185  MXM  WARN  The 'ulimit -s' on the system is set to 'unlimited'. This may have negative performance implications. Please set the heap size to the default value (10240) 
[1447426233.183580] [node008:24169:0]         sys.c:719  MXM  WARN  Conflicting CPU frequencies detected, using: 1588.97
[1447426233.239193] [node008:24169:0]         mxm.c:185  MXM  WARN  The 'ulimit -s' on the system is set to 'unlimited'. This may have negative performance implications. Please set the heap size to the default value (10240) 
[1447426233.182146] [node008:24163:0]         sys.c:719  MXM  WARN  Conflicting CPU frequencies detected, using: 1588.97
[1447426233.222431] [node008:24163:0]         mxm.c:185  MXM  WARN  The 'ulimit -s' on the system is set to 'unlimited'. This may have negative performance implications. Please set the heap size to the default value (10240) 
[1447426233.181236] [node008:24158:0]         sys.c:719  MXM  WARN  Conflicting CPU frequencies detected, using: 1588.97
[1447426233.232273] [node008:24158:0]         mxm.c:185  MXM  WARN  The 'ulimit -s' on the system is set to 'unlimited'. This may have negative performance implications. Please set the heap size to the default value (10240) 
[1447426233.518547] [node009:15738:0]         sys.c:719  MXM  WARN  Conflicting CPU frequencies detected, using: 2400.09
[1447426233.524099] [node009:15738:0]         mxm.c:185  MXM  WARN  The 'ulimit -s' on the system is set to 'unlimited'. This may have negative performance implications. Please set the heap size to the default value (10240) 
[1447426233.571450] [node010:2914 :0]         sys.c:719  MXM  WARN  Conflicting CPU frequencies detected, using: 2400.19
[1447426233.575179] [node010:2914 :0]         mxm.c:185  MXM  WARN  The 'ulimit -s' on the system is set to 'unlimited'. This may have negative performance implications. Please set the heap size to the default value (10240) 
[1447426233.578108] [node011:20285:0]         sys.c:719  MXM  WARN  Conflicting CPU frequencies detected, using: 2400.09
[1447426233.583352] [node011:20285:0]         mxm.c:185  MXM  WARN  The 'ulimit -s' on the system is set to 'unlimited'. This may have negative performance implications. Please set the heap size to the default value (10240) 
[1447426233.584664] [node010:2915 :0]         sys.c:719  MXM  WARN  Conflicting CPU frequencies detected, using: 2400.00
[1447426233.587924] [node010:2915 :0]         mxm.c:185  MXM  WARN  The 'ulimit -s' on the system is set to 'unlimited'. This may have negative performance implications. Please set the heap size to the default value (10240) 
[1447426233.581383] [node010:2921 :0]         sys.c:719  MXM  WARN  Conflicting CPU frequencies detected, using: 2400.19
[1447426233.584950] [node010:2921 :0]         mxm.c:185  MXM  WARN  The 'ulimit -s' on the system is set to 'unlimited'. This may have negative performance implications. Please set the heap size to the default value (10240) 
[1447426233.597083] [node010:2995 :0]         sys.c:719  MXM  WARN  Conflicting CPU frequencies detected, using: 2400.00
[1447426233.599673] [node010:2995 :0]         mxm.c:185  MXM  WARN  The 'ulimit -s' on the system is set to 'unlimited'. This may have negative performance implications. Please set the heap size to the default value (10240) 
[1447426233.574024] [node009:15747:0]         sys.c:719  MXM  WARN  Conflicting CPU frequencies detected, using: 2400.09
[1447426233.579299] [node009:15747:0]         mxm.c:185  MXM  WARN  The 'ulimit -s' on the system is set to 'unlimited'. This may have negative performance implications. Please set the heap size to the default value (10240) 
[1447426233.595575] [node010:2993 :0]         sys.c:719  MXM  WARN  Conflicting CPU frequencies detected, using: 2400.00
[1447426233.598972] [node010:2993 :0]         mxm.c:185  MXM  WARN  The 'ulimit -s' on the system is set to 'unlimited'. This may have negative performance implications. Please set the heap size to the default value (10240) 
[1447426233.600588] [node010:2942 :0]         sys.c:719  MXM  WARN  Conflicting CPU frequencies detected, using: 2400.00
[1447426233.603719] [node010:2942 :0]         mxm.c:185  MXM  WARN  The 'ulimit -s' on the system is set to 'unlimited'. This may have negative performance implications. Please set the heap size to the default value (10240) 
[1447426233.601328] [node010:2992 :0]         sys.c:719  MXM  WARN  Conflicting CPU frequencies detected, using: 2400.00
[1447426233.604706] [node010:2992 :0]         mxm.c:185  MXM  WARN  The 'ulimit -s' on the system is set to 'unlimited'. This may have negative performance implications. Please set the heap size to the default value (10240) 
[1447426233.597592] [node010:2999 :0]         sys.c:719  MXM  WARN  Conflicting CPU frequencies detected, using: 2400.00
[1447426233.601748] [node010:2999 :0]         mxm.c:185  MXM  WARN  The 'ulimit -s' on the system is set to 'unlimited'. This may have negative performance implications. Please set the heap size to the default value (10240) 
[1447426233.597886] [node010:2991 :0]         sys.c:719  MXM  WARN  Conflicting CPU frequencies detected, using: 2400.00
[1447426233.601830] [node010:2991 :0]         mxm.c:185  MXM  WARN  The 'ulimit -s' on the system is set to 'unlimited'. This may have negative performance implications. Please set the heap size to the default value (10240) 
[1447426233.600926] [node010:2986 :0]         sys.c:719  MXM  WARN  Conflicting CPU frequencies detected, using: 2400.00
[1447426233.606046] [node010:2986 :0]         mxm.c:185  MXM  WARN  The 'ulimit -s' on the system is set to 'unlimited'. This may have negative performance implications. Please set the heap size to the default value (10240) 
[1447426233.603396] [node010:2924 :0]         sys.c:719  MXM  WARN  Conflicting CPU frequencies detected, using: 2400.00
[1447426233.606951] [node010:2924 :0]         mxm.c:185  MXM  WARN  The 'ulimit -s' on the system is set to 'unlimited'. This may have negative performance implications. Please set the heap size to the default value (10240) 
[1447426233.609403] [node010:3000 :0]         sys.c:719  MXM  WARN  Conflicting CPU frequencies detected, using: 2400.00
[1447426233.613203] [node010:3000 :0]         mxm.c:185  MXM  WARN  The 'ulimit -s' on the system is set to 'unlimited'. This may have negative performance implications. Please set the heap size to the default value (10240) 
[1447426233.597481] [node011:20286:0]         sys.c:719  MXM  WARN  Conflicting CPU frequencies detected, using: 2400.47
[1447426233.603520] [node011:20286:0]         mxm.c:185  MXM  WARN  The 'ulimit -s' on the system is set to 'unlimited'. This may have negative performance implications. Please set the heap size to the default value (10240) 
[1447426233.603608] [node011:20288:0]         sys.c:719  MXM  WARN  Conflicting CPU frequencies detected, using: 2400.00
[1447426233.609848] [node011:20288:0]         mxm.c:185  MXM  WARN  The 'ulimit -s' on the system is set to 'unlimited'. This may have negative performance implications. Please set the heap size to the default value (10240) 
[1447426233.584099] [node009:15772:0]         sys.c:719  MXM  WARN  Conflicting CPU frequencies detected, using: 2400.00
[1447426233.608707] [node009:15772:0]         mxm.c:185  MXM  WARN  The 'ulimit -s' on the system is set to 'unlimited'. This may have negative performance implications. Please set the heap size to the default value (10240) 
[1447426233.594081] [node009:15752:0]         sys.c:719  MXM  WARN  Conflicting CPU frequencies detected, using: 2400.00
[1447426233.611466] [node009:15752:0]         mxm.c:185  MXM  WARN  The 'ulimit -s' on the system is set to 'unlimited'. This may have negative performance implications. Please set the heap size to the default value (10240) 
[1447426233.584669] [node009:15773:0]         sys.c:719  MXM  WARN  Conflicting CPU frequencies detected, using: 2400.00
[1447426233.607927] [node009:15773:0]         mxm.c:185  MXM  WARN  The 'ulimit -s' on the system is set to 'unlimited'. This may have negative performance implications. Please set the heap size to the default value (10240) 
[1447426233.598502] [node009:15745:0]         sys.c:719  MXM  WARN  Conflicting CPU frequencies detected, using: 2400.00
[1447426233.620542] [node009:15745:0]         mxm.c:185  MXM  WARN  The 'ulimit -s' on the system is set to 'unlimited'. This may have negative performance implications. Please set the heap size to the default value (10240) 
[1447426233.591552] [node009:15775:0]         sys.c:719  MXM  WARN  Conflicting CPU frequencies detected, using: 2400.00
[1447426233.626540] [node009:15775:0]         mxm.c:185  MXM  WARN  The 'ulimit -s' on the system is set to 'unlimited'. This may have negative performance implications. Please set the heap size to the default value (10240) 
[1447426233.583737] [node009:15771:0]         sys.c:719  MXM  WARN  Conflicting CPU frequencies detected, using: 2400.00
[1447426233.596921] [node009:15771:0]         mxm.c:185  MXM  WARN  The 'ulimit -s' on the system is set to 'unlimited'. This may have negative performance implications. Please set the heap size to the default value (10240) 
[1447426233.598292] [node009:15768:0]         sys.c:719  MXM  WARN  Conflicting CPU frequencies detected, using: 2400.00
[1447426233.629777] [node009:15768:0]         mxm.c:185  MXM  WARN  The 'ulimit -s' on the system is set to 'unlimited'. This may have negative performance implications. Please set the heap size to the default value (10240) 
[1447426233.588556] [node009:15778:0]         sys.c:719  MXM  WARN  Conflicting CPU frequencies detected, using: 2400.00
[1447426233.617958] [node009:15778:0]         mxm.c:185  MXM  WARN  The 'ulimit -s' on the system is set to 'unlimited'. This may have negative performance implications. Please set the heap size to the default value (10240) 
[1447426233.599246] [node009:15776:0]         sys.c:719  MXM  WARN  Conflicting CPU frequencies detected, using: 2400.00
[1447426233.614466] [node009:15776:0]         mxm.c:185  MXM  WARN  The 'ulimit -s' on the system is set to 'unlimited'. This may have negative performance implications. Please set the heap size to the default value (10240) 
[1447426233.585094] [node009:15777:0]         sys.c:719  MXM  WARN  Conflicting CPU frequencies detected, using: 2400.00
[1447426233.605676] [node009:15777:0]         mxm.c:185  MXM  WARN  The 'ulimit -s' on the system is set to 'unlimited'. This may have negative performance implications. Please set the heap size to the default value (10240) 
[1447426233.615654] [node011:20329:0]         sys.c:719  MXM  WARN  Conflicting CPU frequencies detected, using: 2400.00
[1447426233.639426] [node011:20329:0]         mxm.c:185  MXM  WARN  The 'ulimit -s' on the system is set to 'unlimited'. This may have negative performance implications. Please set the heap size to the default value (10240) 
[1447426233.637561] [node011:20313:0]         sys.c:719  MXM  WARN  Conflicting CPU frequencies detected, using: 2400.00
[1447426233.665330] [node011:20313:0]         mxm.c:185  MXM  WARN  The 'ulimit -s' on the system is set to 'unlimited'. This may have negative performance implications. Please set the heap size to the default value (10240) 
[1447426233.643278] [node011:20323:0]         sys.c:719  MXM  WARN  Conflicting CPU frequencies detected, using: 2400.00
[1447426233.666197] [node011:20323:0]         mxm.c:185  MXM  WARN  The 'ulimit -s' on the system is set to 'unlimited'. This may have negative performance implications. Please set the heap size to the default value (10240) 
[1447426233.608169] [node011:20300:0]         sys.c:719  MXM  WARN  Conflicting CPU frequencies detected, using: 2400.00
[1447426233.625442] [node011:20300:0]         mxm.c:185  MXM  WARN  The 'ulimit -s' on the system is set to 'unlimited'. This may have negative performance implications. Please set the heap size to the default value (10240) 
[1447426233.612389] [node011:20327:0]         sys.c:719  MXM  WARN  Conflicting CPU frequencies detected, using: 2400.00
[1447426233.630171] [node011:20327:0]         mxm.c:185  MXM  WARN  The 'ulimit -s' on the system is set to 'unlimited'. This may have negative performance implications. Please set the heap size to the default value (10240) 
[1447426233.622630] [node011:20325:0]         sys.c:719  MXM  WARN  Conflicting CPU frequencies detected, using: 2400.00
[1447426233.640192] [node011:20325:0]         mxm.c:185  MXM  WARN  The 'ulimit -s' on the system is set to 'unlimited'. This may have negative performance implications. Please set the heap size to the default value (10240) 
[1447426233.608768] [node011:20319:0]         sys.c:719  MXM  WARN  Conflicting CPU frequencies detected, using: 2400.00
[1447426233.618952] [node011:20319:0]         mxm.c:185  MXM  WARN  The 'ulimit -s' on the system is set to 'unlimited'. This may have negative performance implications. Please set the heap size to the default value (10240) 
[1447426233.630887] [node011:20332:0]         sys.c:719  MXM  WARN  Conflicting CPU frequencies detected, using: 2400.00
[1447426233.657790] [node011:20332:0]         mxm.c:185  MXM  WARN  The 'ulimit -s' on the system is set to 'unlimited'. This may have negative performance implications. Please set the heap size to the default value (10240) 
[1447426233.613632] [node011:20328:0]         sys.c:719  MXM  WARN  Conflicting CPU frequencies detected, using: 2400.00
[1447426233.636168] [node011:20328:0]         mxm.c:185  MXM  WARN  The 'ulimit -s' on the system is set to 'unlimited'. This may have negative performance implications. Please set the heap size to the default value (10240) 
UPCR: UPC thread  7 of 48 on node008 (pshm node 0 of 4, process  7 of 48, pid=24165)
UPCR: UPC thread  6 of 48 on node008 (pshm node 0 of 4, process  6 of 48, pid=24164)
UPCR: UPC thread  3 of 48 on node008 (pshm node 0 of 4, process  3 of 48, pid=24161)
UPCR: UPC thread 10 of 48 on node008 (pshm node 0 of 4, process 10 of 48, pid=24168)
UPCR: UPC thread  9 of 48 on node008 (pshm node 0 of 4, process  9 of 48, pid=24167)
UPCR: UPC thread  0 of 48 on node008 (pshm node 0 of 4, process  0 of 48, pid=24158)
UPCR: UPC thread  2 of 48 on node008 (pshm node 0 of 4, process  2 of 48, pid=24160)
UPCR: UPC thread 11 of 48 on node008 (pshm node 0 of 4, process 11 of 48, pid=24169)
UPCR: UPC thread  5 of 48 on node008 (pshm node 0 of 4, process  5 of 48, pid=24163)
UPCR: UPC thread  1 of 48 on node008 (pshm node 0 of 4, process  1 of 48, pid=24159)
UPCR: UPC thread  8 of 48 on node008 (pshm node 0 of 4, process  8 of 48, pid=24166)
UPCR: UPC thread  4 of 48 on node008 (pshm node 0 of 4, process  4 of 48, pid=24162)
UPCR: UPC thread 41 of 48 on node011 (pshm node 3 of 4, process 41 of 48, pid=20319)
UPCR: UPC thread 44 of 48 on node011 (pshm node 3 of 4, process 44 of 48, pid=20328)
UPCR: UPC thread 42 of 48 on node011 (pshm node 3 of 4, process 42 of 48, pid=20327)
UPCR: UPC thread 43 of 48 on node011 (pshm node 3 of 4, process 43 of 48, pid=20325)
UPCR: UPC thread 37 of 48 on node011 (pshm node 3 of 4, process 37 of 48, pid=20286)
UPCR: UPC thread 25 of 48 on node010 (pshm node 2 of 4, process 25 of 48, pid=2942)
UPCR: UPC thread 39 of 48 on node011 (pshm node 3 of 4, process 39 of 48, pid=20300)
UPCR: UPC thread 27 of 48 on node010 (pshm node 2 of 4, process 27 of 48, pid=2986)
UPCR: UPC thread 13 of 48 on node009 (pshm node 1 of 4, process 13 of 48, pid=15738)
UPCR: UPC thread 36 of 48 on node011 (pshm node 3 of 4, process 36 of 48, pid=20288)
UPCR: UPC thread 14 of 48 on node009 (pshm node 1 of 4, process 14 of 48, pid=15771)
UPCR: UPC thread 40 of 48 on node011 (pshm node 3 of 4, process 40 of 48, pid=20332)
UPCR: UPC thread 18 of 48 on node009 (pshm node 1 of 4, process 18 of 48, pid=15776)
UPCR: UPC thread 38 of 48 on node011 (pshm node 3 of 4, process 38 of 48, pid=20285)
UPCR: UPC thread 33 of 48 on node010 (pshm node 2 of 4, process 33 of 48, pid=2999)
UPCR: UPC thread 24 of 48 on node010 (pshm node 2 of 4, process 24 of 48, pid=2914)
UPCR: UPC thread 46 of 48 on node011 (pshm node 3 of 4, process 46 of 48, pid=20323)
UPCR: UPC thread 21 of 48 on node009 (pshm node 1 of 4, process 21 of 48, pid=15752)
UPCR: UPC thread 16 of 48 on node009 (pshm node 1 of 4, process 16 of 48, pid=15768)
UPCR: UPC thread 32 of 48 on node010 (pshm node 2 of 4, process 32 of 48, pid=2993)
UPCR: UPC thread 23 of 48 on node009 (pshm node 1 of 4, process 23 of 48, pid=15773)
UPCR: UPC thread 30 of 48 on node010 (pshm node 2 of 4, process 30 of 48, pid=2924)
UPCR: UPC thread 20 of 48 on node009 (pshm node 1 of 4, process 20 of 48, pid=15777)
UPCR: UPC thread 22 of 48 on node009 (pshm node 1 of 4, process 22 of 48, pid=15745)
UPCR: UPC thread 47 of 48 on node011 (pshm node 3 of 4, process 47 of 48, pid=20329)
UPCR: UPC thread 29 of 48 on node010 (pshm node 2 of 4, process 29 of 48, pid=3000)
UPCR: UPC thread 15 of 48 on node009 (pshm node 1 of 4, process 15 of 48, pid=15778)
UPCR: UPC thread 17 of 48 on node009 (pshm node 1 of 4, process 17 of 48, pid=15772)
UPCR: UPC thread 28 of 48 on node010 (pshm node 2 of 4, process 28 of 48, pid=2991)
UPCR: UPC thread 19 of 48 on node009 (pshm node 1 of 4, process 19 of 48, pid=15775)
UPCR: UPC thread 45 of 48 on node011 (pshm node 3 of 4, process 45 of 48, pid=20313)
UPCR: UPC thread 34 of 48 on node010 (pshm node 2 of 4, process 34 of 48, pid=2995)
UPCR: UPC thread 35 of 48 on node010 (pshm node 2 of 4, process 35 of 48, pid=2992)
UPCR: UPC thread 26 of 48 on node010 (pshm node 2 of 4, process 26 of 48, pid=2921)
UPCR: UPC thread 12 of 48 on node009 (pshm node 1 of 4, process 12 of 48, pid=15747)
UPCR: UPC thread 31 of 48 on node010 (pshm node 2 of 4, process 31 of 48, pid=2915)
0/48 - htable initialized
0/48 - table size: 51539607552 bytes (49152 MB)
0/48 - total number of buckets: 6442450944
0/48 - block size: 1073741824 (1024 MB)
0/48 - number of buckets in block: 134217728
0/48 - number of blocks: 48
25/48 - Performed a throughput benchmark:
25/48 - Performed 2000000 find-or-put operations with random values from [0,...,19199999]
25/48 - Finds: 1592756 (0.796378), Inserts: 407244 (0.203622), Errors: 0 (0)
25/48 - Execution time: 5.99252 seconds
25/48 - Throughput: 333749 ops/sec
29/48 - Performed a throughput benchmark:
29/48 - Performed 2000000 find-or-put operations with random values from [0,...,19199999]
29/48 - Finds: 1593653 (0.796826), Inserts: 406347 (0.203174), Errors: 0 (0)
29/48 - Execution time: 6.01333 seconds
29/48 - Throughput: 332595 ops/sec
28/48 - Performed a throughput benchmark:
28/48 - Performed 2000000 find-or-put operations with random values from [0,...,19199999]
28/48 - Finds: 1593231 (0.796616), Inserts: 406769 (0.203384), Errors: 0 (0)
28/48 - Execution time: 6.00991 seconds
28/48 - Throughput: 332784 ops/sec
24/48 - Performed a throughput benchmark:
24/48 - Performed 2000000 find-or-put operations with random values from [0,...,19199999]
24/48 - Finds: 1595033 (0.797516), Inserts: 404967 (0.202484), Errors: 0 (0)
24/48 - Execution time: 5.9955 seconds
24/48 - Throughput: 333584 ops/sec
12/48 - Performed a throughput benchmark:
12/48 - Performed 2000000 find-or-put operations with random values from [0,...,19199999]
12/48 - Finds: 1594694 (0.797347), Inserts: 405306 (0.202653), Errors: 0 (0)
12/48 - Execution time: 6.01641 seconds
12/48 - Throughput: 332424 ops/sec
17/48 - Performed a throughput benchmark:
17/48 - Performed 2000000 find-or-put operations with random values from [0,...,19199999]
17/48 - Finds: 1593055 (0.796528), Inserts: 406945 (0.203473), Errors: 0 (0)
17/48 - Execution time: 6.02166 seconds
17/48 - Throughput: 332134 ops/sec
3/48 - Performed a throughput benchmark:
3/48 - Performed 2000000 find-or-put operations with random values from [0,...,19199999]
3/48 - Finds: 1594248 (0.797124), Inserts: 405752 (0.202876), Errors: 0 (0)
3/48 - Execution time: 6.01916 seconds
3/48 - Throughput: 332272 ops/sec
31/48 - Performed a throughput benchmark:
31/48 - Performed 2000000 find-or-put operations with random values from [0,...,19199999]
31/48 - Finds: 1594431 (0.797215), Inserts: 405569 (0.202785), Errors: 0 (0)
31/48 - Execution time: 6.0198 seconds
31/48 - Throughput: 332237 ops/sec
30/48 - Performed a throughput benchmark:
30/48 - Performed 2000000 find-or-put operations with random values from [0,...,19199999]
30/48 - Finds: 1593533 (0.796767), Inserts: 406467 (0.203234), Errors: 0 (0)
30/48 - Execution time: 5.99672 seconds
30/48 - Throughput: 333516 ops/sec
27/48 - Performed a throughput benchmark:
27/48 - Performed 2000000 find-or-put operations with random values from [0,...,19199999]
27/48 - Finds: 1595444 (0.797722), Inserts: 404556 (0.202278), Errors: 0 (0)
27/48 - Execution time: 6.02051 seconds
27/48 - Throughput: 332198 ops/sec
15/48 - Performed a throughput benchmark:
15/48 - Performed 2000000 find-or-put operations with random values from [0,...,19199999]
15/48 - Finds: 1596738 (0.798369), Inserts: 403262 (0.201631), Errors: 0 (0)
15/48 - Execution time: 6.02968 seconds
15/48 - Throughput: 331693 ops/sec
0/48 - Performed a throughput benchmark:
0/48 - Performed 2000000 find-or-put operations with random values from [0,...,19199999]
0/48 - Finds: 1596139 (0.798069), Inserts: 403861 (0.201931), Errors: 0 (0)
0/48 - Execution time: 6.03642 seconds
0/48 - Throughput: 331322 ops/sec
5/48 - Performed a throughput benchmark:
5/48 - Performed 2000000 find-or-put operations with random values from [0,...,19199999]
5/48 - Finds: 1596411 (0.798206), Inserts: 403589 (0.201794), Errors: 0 (0)
5/48 - Execution time: 6.05096 seconds
5/48 - Throughput: 330526 ops/sec
19/48 - Performed a throughput benchmark:
19/48 - Performed 2000000 find-or-put operations with random values from [0,...,19199999]
19/48 - Finds: 1594357 (0.797179), Inserts: 405643 (0.202821), Errors: 0 (0)
19/48 - Execution time: 6.03335 seconds
19/48 - Throughput: 331491 ops/sec
7/48 - Performed a throughput benchmark:
7/48 - Performed 2000000 find-or-put operations with random values from [0,...,19199999]
7/48 - Finds: 1596176 (0.798088), Inserts: 403824 (0.201912), Errors: 0 (0)
7/48 - Execution time: 6.03557 seconds
7/48 - Throughput: 331369 ops/sec
6/48 - Performed a throughput benchmark:
6/48 - Performed 2000000 find-or-put operations with random values from [0,...,19199999]
6/48 - Finds: 1597398 (0.798699), Inserts: 402602 (0.201301), Errors: 0 (0)
6/48 - Execution time: 6.05985 seconds
6/48 - Throughput: 330041 ops/sec
18/48 - Performed a throughput benchmark:
18/48 - Performed 2000000 find-or-put operations with random values from [0,...,19199999]
18/48 - Finds: 1594963 (0.797481), Inserts: 405037 (0.202518), Errors: 0 (0)
18/48 - Execution time: 6.04264 seconds
18/48 - Throughput: 330981 ops/sec
1/48 - Performed a throughput benchmark:
1/48 - Performed 2000000 find-or-put operations with random values from [0,...,19199999]
1/48 - Finds: 1598625 (0.799312), Inserts: 401375 (0.200687), Errors: 0 (0)
1/48 - Execution time: 6.07323 seconds
1/48 - Throughput: 329314 ops/sec
41/48 - Performed a throughput benchmark:
41/48 - Performed 2000000 find-or-put operations with random values from [0,...,19199999]
41/48 - Finds: 1601390 (0.800695), Inserts: 398610 (0.199305), Errors: 0 (0)
41/48 - Execution time: 6.09932 seconds
41/48 - Throughput: 327905 ops/sec
26/48 - Performed a throughput benchmark:
26/48 - Performed 2000000 find-or-put operations with random values from [0,...,19199999]
26/48 - Finds: 1598983 (0.799492), Inserts: 401017 (0.200509), Errors: 0 (0)
26/48 - Execution time: 6.0613 seconds
26/48 - Throughput: 329962 ops/sec
36/48 - Performed a throughput benchmark:
36/48 - Performed 2000000 find-or-put operations with random values from [0,...,19199999]
36/48 - Finds: 1602311 (0.801156), Inserts: 397689 (0.198845), Errors: 0 (0)
36/48 - Execution time: 6.10219 seconds
36/48 - Throughput: 327751 ops/sec
16/48 - Performed a throughput benchmark:
16/48 - Performed 2000000 find-or-put operations with random values from [0,...,19199999]
16/48 - Finds: 1597180 (0.79859), Inserts: 402820 (0.20141), Errors: 0 (0)
16/48 - Execution time: 6.03803 seconds
16/48 - Throughput: 331234 ops/sec
14/48 - Performed a throughput benchmark:
14/48 - Performed 2000000 find-or-put operations with random values from [0,...,19199999]
14/48 - Finds: 1596995 (0.798497), Inserts: 403005 (0.201503), Errors: 0 (0)
14/48 - Execution time: 6.04211 seconds
14/48 - Throughput: 331010 ops/sec
2/48 - Performed a throughput benchmark:
2/48 - Performed 2000000 find-or-put operations with random values from [0,...,19199999]
2/48 - Finds: 1600396 (0.800198), Inserts: 399604 (0.199802), Errors: 0 (0)
2/48 - Execution time: 6.10886 seconds
2/48 - Throughput: 327393 ops/sec
42/48 - Performed a throughput benchmark:
42/48 - Performed 2000000 find-or-put operations with random values from [0,...,19199999]
42/48 - Finds: 1601533 (0.800767), Inserts: 398467 (0.199234), Errors: 0 (0)
42/48 - Execution time: 6.11168 seconds
42/48 - Throughput: 327242 ops/sec
43/48 - Performed a throughput benchmark:
43/48 - Performed 2000000 find-or-put operations with random values from [0,...,19199999]
43/48 - Finds: 1599713 (0.799856), Inserts: 400287 (0.200144), Errors: 0 (0)
43/48 - Execution time: 6.09444 seconds
43/48 - Throughput: 328168 ops/sec
40/48 - Performed a throughput benchmark:
40/48 - Performed 2000000 find-or-put operations with random values from [0,...,19199999]
40/48 - Finds: 1600873 (0.800436), Inserts: 399127 (0.199564), Errors: 0 (0)
40/48 - Execution time: 6.11251 seconds
40/48 - Throughput: 327198 ops/sec
37/48 - Performed a throughput benchmark:
37/48 - Performed 2000000 find-or-put operations with random values from [0,...,19199999]
37/48 - Finds: 1603133 (0.801566), Inserts: 396867 (0.198434), Errors: 0 (0)
37/48 - Execution time: 6.12621 seconds
37/48 - Throughput: 326466 ops/sec
39/48 - Performed a throughput benchmark:
39/48 - Performed 2000000 find-or-put operations with random values from [0,...,19199999]
39/48 - Finds: 1600164 (0.800082), Inserts: 399836 (0.199918), Errors: 0 (0)
39/48 - Execution time: 6.09487 seconds
39/48 - Throughput: 328145 ops/sec
13/48 - Performed a throughput benchmark:
13/48 - Performed 2000000 find-or-put operations with random values from [0,...,19199999]
13/48 - Finds: 1598582 (0.799291), Inserts: 401418 (0.200709), Errors: 0 (0)
13/48 - Execution time: 6.08099 seconds
13/48 - Throughput: 328894 ops/sec
38/48 - Performed a throughput benchmark:
38/48 - Performed 2000000 find-or-put operations with random values from [0,...,19199999]
38/48 - Finds: 1600327 (0.800164), Inserts: 399673 (0.199837), Errors: 0 (0)
38/48 - Execution time: 6.11935 seconds
38/48 - Throughput: 326832 ops/sec
44/48 - Performed a throughput benchmark:
44/48 - Performed 2000000 find-or-put operations with random values from [0,...,19199999]
44/48 - Finds: 1602244 (0.801122), Inserts: 397756 (0.198878), Errors: 0 (0)
44/48 - Execution time: 6.17957 seconds
44/48 - Throughput: 323647 ops/sec
10/48 - Performed a throughput benchmark:
10/48 - Performed 2000000 find-or-put operations with random values from [0,...,19199999]
10/48 - Finds: 1613774 (0.806887), Inserts: 386226 (0.193113), Errors: 0 (0)
10/48 - Execution time: 6.28222 seconds
10/48 - Throughput: 318359 ops/sec
4/48 - Performed a throughput benchmark:
4/48 - Performed 2000000 find-or-put operations with random values from [0,...,19199999]
4/48 - Finds: 1607921 (0.80396), Inserts: 392079 (0.19604), Errors: 0 (0)
4/48 - Execution time: 6.27716 seconds
4/48 - Throughput: 318616 ops/sec
47/48 - Performed a throughput benchmark:
47/48 - Performed 2000000 find-or-put operations with random values from [0,...,19199999]
47/48 - Finds: 1608653 (0.804327), Inserts: 391347 (0.195674), Errors: 0 (0)
47/48 - Execution time: 6.27763 seconds
47/48 - Throughput: 318591 ops/sec
23/48 - Performed a throughput benchmark:
23/48 - Performed 2000000 find-or-put operations with random values from [0,...,19199999]
23/48 - Finds: 1611068 (0.805534), Inserts: 388932 (0.194466), Errors: 0 (0)
23/48 - Execution time: 6.31988 seconds
23/48 - Throughput: 316462 ops/sec
11/48 - Performed a throughput benchmark:
11/48 - Performed 2000000 find-or-put operations with random values from [0,...,19199999]
11/48 - Finds: 1615854 (0.807927), Inserts: 384146 (0.192073), Errors: 0 (0)
11/48 - Execution time: 6.30498 seconds
11/48 - Throughput: 317209 ops/sec
46/48 - Performed a throughput benchmark:
46/48 - Performed 2000000 find-or-put operations with random values from [0,...,19199999]
46/48 - Finds: 1611961 (0.80598), Inserts: 388039 (0.19402), Errors: 0 (0)
46/48 - Execution time: 6.32984 seconds
46/48 - Throughput: 315964 ops/sec
35/48 - Performed a throughput benchmark:
35/48 - Performed 2000000 find-or-put operations with random values from [0,...,19199999]
35/48 - Finds: 1607496 (0.803748), Inserts: 392504 (0.196252), Errors: 0 (0)
35/48 - Execution time: 6.31247 seconds
35/48 - Throughput: 316833 ops/sec
45/48 - Performed a throughput benchmark:
45/48 - Performed 2000000 find-or-put operations with random values from [0,...,19199999]
45/48 - Finds: 1610660 (0.80533), Inserts: 389340 (0.19467), Errors: 0 (0)
45/48 - Execution time: 6.31466 seconds
45/48 - Throughput: 316723 ops/sec
20/48 - Performed a throughput benchmark:
20/48 - Performed 2000000 find-or-put operations with random values from [0,...,19199999]
20/48 - Finds: 1611680 (0.80584), Inserts: 388320 (0.19416), Errors: 0 (0)
20/48 - Execution time: 6.36683 seconds
20/48 - Throughput: 314128 ops/sec
9/48 - Performed a throughput benchmark:
9/48 - Performed 2000000 find-or-put operations with random values from [0,...,19199999]
9/48 - Finds: 1618079 (0.80904), Inserts: 381921 (0.190961), Errors: 0 (0)
9/48 - Execution time: 6.38959 seconds
9/48 - Throughput: 313009 ops/sec
8/48 - Performed a throughput benchmark:
8/48 - Performed 2000000 find-or-put operations with random values from [0,...,19199999]
8/48 - Finds: 1616229 (0.808114), Inserts: 383771 (0.191885), Errors: 0 (0)
8/48 - Execution time: 6.38748 seconds
8/48 - Throughput: 313113 ops/sec
33/48 - Performed a throughput benchmark:
33/48 - Performed 2000000 find-or-put operations with random values from [0,...,19199999]
33/48 - Finds: 1616968 (0.808484), Inserts: 383032 (0.191516), Errors: 0 (0)
33/48 - Execution time: 6.39292 seconds
33/48 - Throughput: 312846 ops/sec
22/48 - Performed a throughput benchmark:
22/48 - Performed 2000000 find-or-put operations with random values from [0,...,19199999]
22/48 - Finds: 1616765 (0.808383), Inserts: 383235 (0.191617), Errors: 0 (0)
22/48 - Execution time: 6.39063 seconds
22/48 - Throughput: 312958 ops/sec
32/48 - Performed a throughput benchmark:
32/48 - Performed 2000000 find-or-put operations with random values from [0,...,19199999]
32/48 - Finds: 1615862 (0.807931), Inserts: 384138 (0.192069), Errors: 0 (0)
32/48 - Execution time: 6.39575 seconds
32/48 - Throughput: 312708 ops/sec
34/48 - Performed a throughput benchmark:
34/48 - Performed 2000000 find-or-put operations with random values from [0,...,19199999]
34/48 - Finds: 1615183 (0.807592), Inserts: 384817 (0.192409), Errors: 0 (0)
34/48 - Execution time: 6.37844 seconds
34/48 - Throughput: 313556 ops/sec
21/48 - Performed a throughput benchmark:
21/48 - Performed 2000000 find-or-put operations with random values from [0,...,19199999]
21/48 - Finds: 1616156 (0.808078), Inserts: 383844 (0.191922), Errors: 0 (0)
21/48 - Execution time: 6.38899 seconds
21/48 - Throughput: 313039 ops/sec
[1447426233.162336] [node008:24113:0]         sys.c:719  MXM  WARN  Conflicting CPU frequencies detected, using: 3124.12
