[1447404438.559675] [node053:16939:0]         sys.c:719  MXM  WARN  Conflicting CPU frequencies detected, using: 2332.03
[1447404438.563637] [node053:16939:0]         mxm.c:185  MXM  WARN  The 'ulimit -s' on the system is set to 'unlimited'. This may have negative performance implications. Please set the heap size to the default value (10240) 
[1447404438.559372] [node053:16936:0]         sys.c:719  MXM  WARN  Conflicting CPU frequencies detected, using: 2332.03
[1447404438.562928] [node053:16936:0]         mxm.c:185  MXM  WARN  The 'ulimit -s' on the system is set to 'unlimited'. This may have negative performance implications. Please set the heap size to the default value (10240) 
[1447404438.560053] [node053:16938:0]         sys.c:719  MXM  WARN  Conflicting CPU frequencies detected, using: 2332.03
[1447404438.564204] [node053:16938:0]         mxm.c:185  MXM  WARN  The 'ulimit -s' on the system is set to 'unlimited'. This may have negative performance implications. Please set the heap size to the default value (10240) 
[1447404438.560737] [node053:16941:0]         sys.c:719  MXM  WARN  Conflicting CPU frequencies detected, using: 2332.03
[1447404438.565147] [node053:16941:0]         mxm.c:185  MXM  WARN  The 'ulimit -s' on the system is set to 'unlimited'. This may have negative performance implications. Please set the heap size to the default value (10240) 
[1447404438.560282] [node053:16940:0]         sys.c:719  MXM  WARN  Conflicting CPU frequencies detected, using: 2332.03
[1447404438.565256] [node053:16940:0]         mxm.c:185  MXM  WARN  The 'ulimit -s' on the system is set to 'unlimited'. This may have negative performance implications. Please set the heap size to the default value (10240) 
[1447404438.559557] [node053:16934:0]         sys.c:719  MXM  WARN  Conflicting CPU frequencies detected, using: 2332.03
[1447404438.563477] [node053:16934:0]         mxm.c:185  MXM  WARN  The 'ulimit -s' on the system is set to 'unlimited'. This may have negative performance implications. Please set the heap size to the default value (10240) 
[1447404438.559678] [node053:16937:0]         sys.c:719  MXM  WARN  Conflicting CPU frequencies detected, using: 2332.03
[1447404438.565060] [node053:16937:0]         mxm.c:185  MXM  WARN  The 'ulimit -s' on the system is set to 'unlimited'. This may have negative performance implications. Please set the heap size to the default value (10240) 
[1447404438.559771] [node053:16935:0]         sys.c:719  MXM  WARN  Conflicting CPU frequencies detected, using: 2332.03
[1447404438.565380] [node053:16935:0]         mxm.c:185  MXM  WARN  The 'ulimit -s' on the system is set to 'unlimited'. This may have negative performance implications. Please set the heap size to the default value (10240) 
[1447404438.969501] [node054:24263:0]         sys.c:719  MXM  WARN  Conflicting CPU frequencies detected, using: 2400.47
[1447404438.977327] [node054:24263:0]         mxm.c:185  MXM  WARN  The 'ulimit -s' on the system is set to 'unlimited'. This may have negative performance implications. Please set the heap size to the default value (10240) 
[1447404438.969101] [node054:24244:0]         sys.c:719  MXM  WARN  Conflicting CPU frequencies detected, using: 2400.47
[1447404438.978099] [node054:24244:0]         mxm.c:185  MXM  WARN  The 'ulimit -s' on the system is set to 'unlimited'. This may have negative performance implications. Please set the heap size to the default value (10240) 
[1447404438.973328] [node054:24262:0]         sys.c:719  MXM  WARN  Conflicting CPU frequencies detected, using: 2400.47
[1447404438.984496] [node054:24262:0]         mxm.c:185  MXM  WARN  The 'ulimit -s' on the system is set to 'unlimited'. This may have negative performance implications. Please set the heap size to the default value (10240) 
[1447404438.985962] [node054:24264:0]         sys.c:719  MXM  WARN  Conflicting CPU frequencies detected, using: 2400.47
[1447404439.000265] [node054:24264:0]         mxm.c:185  MXM  WARN  The 'ulimit -s' on the system is set to 'unlimited'. This may have negative performance implications. Please set the heap size to the default value (10240) 
[1447404438.977223] [node054:24260:0]         sys.c:719  MXM  WARN  Conflicting CPU frequencies detected, using: 2400.47
[1447404439.001261] [node054:24260:0]         mxm.c:185  MXM  WARN  The 'ulimit -s' on the system is set to 'unlimited'. This may have negative performance implications. Please set the heap size to the default value (10240) 
[1447404438.993583] [node054:24243:0]         sys.c:719  MXM  WARN  Conflicting CPU frequencies detected, using: 2400.47
[1447404439.010385] [node054:24243:0]         mxm.c:185  MXM  WARN  The 'ulimit -s' on the system is set to 'unlimited'. This may have negative performance implications. Please set the heap size to the default value (10240) 
[1447404438.972231] [node054:24261:0]         sys.c:719  MXM  WARN  Conflicting CPU frequencies detected, using: 2400.47
[1447404438.985305] [node054:24261:0]         mxm.c:185  MXM  WARN  The 'ulimit -s' on the system is set to 'unlimited'. This may have negative performance implications. Please set the heap size to the default value (10240) 
[1447404438.980392] [node054:24242:0]         sys.c:719  MXM  WARN  Conflicting CPU frequencies detected, using: 2400.47
[1447404438.999565] [node054:24242:0]         mxm.c:185  MXM  WARN  The 'ulimit -s' on the system is set to 'unlimited'. This may have negative performance implications. Please set the heap size to the default value (10240) 
UPCR: UPC thread  0 of 16 on node053 (pshm node 0 of 2, process  0 of 16, pid=16934)
UPCR: UPC thread  3 of 16 on node053 (pshm node 0 of 2, process  3 of 16, pid=16937)
UPCR: UPC thread  6 of 16 on node053 (pshm node 0 of 2, process  6 of 16, pid=16940)
UPCR: UPC thread  7 of 16 on node053 (pshm node 0 of 2, process  7 of 16, pid=16941)
UPCR: UPC thread  4 of 16 on node053 (pshm node 0 of 2, process  4 of 16, pid=16938)
UPCR: UPC thread  5 of 16 on node053 (pshm node 0 of 2, process  5 of 16, pid=16939)
UPCR: UPC thread  2 of 16 on node053 (pshm node 0 of 2, process  2 of 16, pid=16936)
UPCR: UPC thread  1 of 16 on node053 (pshm node 0 of 2, process  1 of 16, pid=16935)
UPCR: UPC thread 13 of 16 on node054 (pshm node 1 of 2, process 13 of 16, pid=24260)
UPCR: UPC thread 11 of 16 on node054 (pshm node 1 of 2, process 11 of 16, pid=24242)
UPCR: UPC thread  9 of 16 on node054 (pshm node 1 of 2, process  9 of 16, pid=24264)
UPCR: UPC thread 15 of 16 on node054 (pshm node 1 of 2, process 15 of 16, pid=24243)
UPCR: UPC thread 12 of 16 on node054 (pshm node 1 of 2, process 12 of 16, pid=24244)
UPCR: UPC thread 10 of 16 on node054 (pshm node 1 of 2, process 10 of 16, pid=24261)
UPCR: UPC thread  8 of 16 on node054 (pshm node 1 of 2, process  8 of 16, pid=24262)
UPCR: UPC thread 14 of 16 on node054 (pshm node 1 of 2, process 14 of 16, pid=24263)
0/16 - htable initialized
0/16 - table size: 17179869184 bytes (16384 MB)
0/16 - total number of buckets: 2147483648
0/16 - block size: 1073741824 (1024 MB)
0/16 - number of buckets in block: 134217728
0/16 - number of blocks: 16
1/16 - Performed a throughput benchmark:
1/16 - Performed 2000000 find-or-put operations with random values from [0,...,20799999]
1/16 - Finds: 969288 (0.484644), Inserts: 1030712 (0.515356), Errors: 0 (0)
1/16 - Execution time: 5.08319 seconds
1/16 - Throughput: 393454 ops/sec
4/16 - Performed a throughput benchmark:
4/16 - Performed 2000000 find-or-put operations with random values from [0,...,20799999]
4/16 - Finds: 971018 (0.485509), Inserts: 1028982 (0.514491), Errors: 0 (0)
4/16 - Execution time: 5.09293 seconds
4/16 - Throughput: 392701 ops/sec
2/16 - Performed a throughput benchmark:
2/16 - Performed 2000000 find-or-put operations with random values from [0,...,20799999]
2/16 - Finds: 969665 (0.484832), Inserts: 1030335 (0.515168), Errors: 0 (0)
2/16 - Execution time: 5.10095 seconds
2/16 - Throughput: 392084 ops/sec
5/16 - Performed a throughput benchmark:
5/16 - Performed 2000000 find-or-put operations with random values from [0,...,20799999]
5/16 - Finds: 968329 (0.484164), Inserts: 1031671 (0.515836), Errors: 0 (0)
5/16 - Execution time: 5.08922 seconds
5/16 - Throughput: 392988 ops/sec
0/16 - Performed a throughput benchmark:
0/16 - Performed 2000000 find-or-put operations with random values from [0,...,20799999]
0/16 - Finds: 972212 (0.486106), Inserts: 1027788 (0.513894), Errors: 0 (0)
0/16 - Execution time: 5.10397 seconds
0/16 - Throughput: 391852 ops/sec
10/16 - Performed a throughput benchmark:
10/16 - Performed 2000000 find-or-put operations with random values from [0,...,20799999]
10/16 - Finds: 978184 (0.489092), Inserts: 1021816 (0.510908), Errors: 0 (0)
10/16 - Execution time: 5.17756 seconds
10/16 - Throughput: 386282 ops/sec
14/16 - Performed a throughput benchmark:
14/16 - Performed 2000000 find-or-put operations with random values from [0,...,20799999]
14/16 - Finds: 980067 (0.490034), Inserts: 1019933 (0.509966), Errors: 0 (0)
14/16 - Execution time: 5.19236 seconds
14/16 - Throughput: 385182 ops/sec
12/16 - Performed a throughput benchmark:
12/16 - Performed 2000000 find-or-put operations with random values from [0,...,20799999]
12/16 - Finds: 978010 (0.489005), Inserts: 1021990 (0.510995), Errors: 0 (0)
12/16 - Execution time: 5.16937 seconds
12/16 - Throughput: 386894 ops/sec
8/16 - Performed a throughput benchmark:
8/16 - Performed 2000000 find-or-put operations with random values from [0,...,20799999]
8/16 - Finds: 983460 (0.49173), Inserts: 1016540 (0.50827), Errors: 0 (0)
8/16 - Execution time: 5.22553 seconds
8/16 - Throughput: 382737 ops/sec
13/16 - Performed a throughput benchmark:
13/16 - Performed 2000000 find-or-put operations with random values from [0,...,20799999]
13/16 - Finds: 980148 (0.490074), Inserts: 1019852 (0.509926), Errors: 0 (0)
13/16 - Execution time: 5.19294 seconds
13/16 - Throughput: 385139 ops/sec
9/16 - Performed a throughput benchmark:
9/16 - Performed 2000000 find-or-put operations with random values from [0,...,20799999]
9/16 - Finds: 976409 (0.488204), Inserts: 1023591 (0.511795), Errors: 0 (0)
9/16 - Execution time: 5.17035 seconds
9/16 - Throughput: 386821 ops/sec
11/16 - Performed a throughput benchmark:
11/16 - Performed 2000000 find-or-put operations with random values from [0,...,20799999]
11/16 - Finds: 977783 (0.488891), Inserts: 1022217 (0.511108), Errors: 0 (0)
11/16 - Execution time: 5.18499 seconds
11/16 - Throughput: 385729 ops/sec
15/16 - Performed a throughput benchmark:
15/16 - Performed 2000000 find-or-put operations with random values from [0,...,20799999]
15/16 - Finds: 983868 (0.491934), Inserts: 1016132 (0.508066), Errors: 0 (0)
15/16 - Execution time: 5.22745 seconds
15/16 - Throughput: 382596 ops/sec
7/16 - Performed a throughput benchmark:
7/16 - Performed 2000000 find-or-put operations with random values from [0,...,20799999]
7/16 - Finds: 989700 (0.49485), Inserts: 1010300 (0.50515), Errors: 0 (0)
7/16 - Execution time: 5.27478 seconds
7/16 - Throughput: 379163 ops/sec
6/16 - Performed a throughput benchmark:
6/16 - Performed 2000000 find-or-put operations with random values from [0,...,20799999]
6/16 - Finds: 991895 (0.495947), Inserts: 1008105 (0.504053), Errors: 0 (0)
6/16 - Execution time: 5.30246 seconds
6/16 - Throughput: 377183 ops/sec
3/16 - Performed a throughput benchmark:
3/16 - Performed 2000000 find-or-put operations with random values from [0,...,20799999]
3/16 - Finds: 995962 (0.497981), Inserts: 1004038 (0.502019), Errors: 0 (0)
3/16 - Execution time: 5.33012 seconds
3/16 - Throughput: 375226 ops/sec
[1447404438.542137] [node053:16889:0]         sys.c:719  MXM  WARN  Conflicting CPU frequencies detected, using: 2399.91
