[1447404689.194738] [node008:16470:0]         sys.c:719  MXM  WARN  Conflicting CPU frequencies detected, using: 2291.62
[1447404689.226643] [node008:16470:0]         mxm.c:185  MXM  WARN  The 'ulimit -s' on the system is set to 'unlimited'. This may have negative performance implications. Please set the heap size to the default value (10240) 
[1447404689.194395] [node008:16471:0]         sys.c:719  MXM  WARN  Conflicting CPU frequencies detected, using: 2291.62
[1447404689.224137] [node008:16471:0]         mxm.c:185  MXM  WARN  The 'ulimit -s' on the system is set to 'unlimited'. This may have negative performance implications. Please set the heap size to the default value (10240) 
[1447404689.194708] [node008:16474:0]         sys.c:719  MXM  WARN  Conflicting CPU frequencies detected, using: 2291.62
[1447404689.228345] [node008:16474:0]         mxm.c:185  MXM  WARN  The 'ulimit -s' on the system is set to 'unlimited'. This may have negative performance implications. Please set the heap size to the default value (10240) 
[1447404689.193883] [node008:16472:0]         sys.c:719  MXM  WARN  Conflicting CPU frequencies detected, using: 2291.62
[1447404689.232485] [node008:16472:0]         mxm.c:185  MXM  WARN  The 'ulimit -s' on the system is set to 'unlimited'. This may have negative performance implications. Please set the heap size to the default value (10240) 
[1447404689.195743] [node008:16473:0]         sys.c:719  MXM  WARN  Conflicting CPU frequencies detected, using: 2291.62
[1447404689.229131] [node008:16473:0]         mxm.c:185  MXM  WARN  The 'ulimit -s' on the system is set to 'unlimited'. This may have negative performance implications. Please set the heap size to the default value (10240) 
[1447404689.195812] [node008:16475:0]         sys.c:719  MXM  WARN  Conflicting CPU frequencies detected, using: 2291.62
[1447404689.240895] [node008:16475:0]         mxm.c:185  MXM  WARN  The 'ulimit -s' on the system is set to 'unlimited'. This may have negative performance implications. Please set the heap size to the default value (10240) 
[1447404689.194666] [node008:16476:0]         sys.c:719  MXM  WARN  Conflicting CPU frequencies detected, using: 2291.62
[1447404689.240247] [node008:16476:0]         mxm.c:185  MXM  WARN  The 'ulimit -s' on the system is set to 'unlimited'. This may have negative performance implications. Please set the heap size to the default value (10240) 
[1447404689.195686] [node008:16477:0]         sys.c:719  MXM  WARN  Conflicting CPU frequencies detected, using: 2291.62
[1447404689.220147] [node008:16477:0]         mxm.c:185  MXM  WARN  The 'ulimit -s' on the system is set to 'unlimited'. This may have negative performance implications. Please set the heap size to the default value (10240) 
[1447404689.539383] [node011:26586:0]         sys.c:719  MXM  WARN  Conflicting CPU frequencies detected, using: 2400.00
[1447404689.544752] [node011:26586:0]         mxm.c:185  MXM  WARN  The 'ulimit -s' on the system is set to 'unlimited'. This may have negative performance implications. Please set the heap size to the default value (10240) 
[1447404689.547354] [node012:21623:0]         sys.c:719  MXM  WARN  Conflicting CPU frequencies detected, using: 2400.00
[1447404689.553218] [node012:21623:0]         mxm.c:185  MXM  WARN  The 'ulimit -s' on the system is set to 'unlimited'. This may have negative performance implications. Please set the heap size to the default value (10240) 
[1447404689.547233] [node011:26585:0]         sys.c:719  MXM  WARN  Conflicting CPU frequencies detected, using: 2400.00
[1447404689.554329] [node011:26585:0]         mxm.c:185  MXM  WARN  The 'ulimit -s' on the system is set to 'unlimited'. This may have negative performance implications. Please set the heap size to the default value (10240) 
[1447404689.553823] [node012:21644:0]         sys.c:719  MXM  WARN  Conflicting CPU frequencies detected, using: 2400.00
[1447404689.559741] [node012:21644:0]         mxm.c:185  MXM  WARN  The 'ulimit -s' on the system is set to 'unlimited'. This may have negative performance implications. Please set the heap size to the default value (10240) 
[1447404689.585209] [node013:16359:0]         sys.c:719  MXM  WARN  Conflicting CPU frequencies detected, using: 2400.00
[1447404689.590348] [node013:16359:0]         mxm.c:185  MXM  WARN  The 'ulimit -s' on the system is set to 'unlimited'. This may have negative performance implications. Please set the heap size to the default value (10240) 
[1447404689.585765] [node012:21643:0]         sys.c:719  MXM  WARN  Conflicting CPU frequencies detected, using: 2400.47
[1447404689.591396] [node012:21643:0]         mxm.c:185  MXM  WARN  The 'ulimit -s' on the system is set to 'unlimited'. This may have negative performance implications. Please set the heap size to the default value (10240) 
[1447404689.580904] [node011:26604:0]         sys.c:719  MXM  WARN  Conflicting CPU frequencies detected, using: 2400.00
[1447404689.586559] [node011:26604:0]         mxm.c:185  MXM  WARN  The 'ulimit -s' on the system is set to 'unlimited'. This may have negative performance implications. Please set the heap size to the default value (10240) 
[1447404689.594386] [node010:9285 :0]         sys.c:719  MXM  WARN  Conflicting CPU frequencies detected, using: 2399.91
[1447404689.597264] [node010:9285 :0]         mxm.c:185  MXM  WARN  The 'ulimit -s' on the system is set to 'unlimited'. This may have negative performance implications. Please set the heap size to the default value (10240) 
[1447404689.583117] [node011:26629:0]         sys.c:719  MXM  WARN  Conflicting CPU frequencies detected, using: 2400.00
[1447404689.590370] [node011:26629:0]         mxm.c:185  MXM  WARN  The 'ulimit -s' on the system is set to 'unlimited'. This may have negative performance implications. Please set the heap size to the default value (10240) 
[1447404689.593620] [node010:9286 :0]         sys.c:719  MXM  WARN  Conflicting CPU frequencies detected, using: 2399.91
[1447404689.597475] [node010:9286 :0]         mxm.c:185  MXM  WARN  The 'ulimit -s' on the system is set to 'unlimited'. This may have negative performance implications. Please set the heap size to the default value (10240) 
[1447404689.605354] [node010:9315 :0]         sys.c:719  MXM  WARN  Conflicting CPU frequencies detected, using: 2400.00
[1447404689.607878] [node010:9315 :0]         mxm.c:185  MXM  WARN  The 'ulimit -s' on the system is set to 'unlimited'. This may have negative performance implications. Please set the heap size to the default value (10240) 
[1447404689.604258] [node010:9287 :0]         sys.c:719  MXM  WARN  Conflicting CPU frequencies detected, using: 2400.00
[1447404689.606787] [node010:9287 :0]         mxm.c:185  MXM  WARN  The 'ulimit -s' on the system is set to 'unlimited'. This may have negative performance implications. Please set the heap size to the default value (10240) 
[1447404689.584952] [node011:26606:0]         sys.c:719  MXM  WARN  Conflicting CPU frequencies detected, using: 2400.00
[1447404689.592944] [node011:26606:0]         mxm.c:185  MXM  WARN  The 'ulimit -s' on the system is set to 'unlimited'. This may have negative performance implications. Please set the heap size to the default value (10240) 
[1447404689.592478] [node011:26688:0]         sys.c:719  MXM  WARN  Conflicting CPU frequencies detected, using: 2400.00
[1447404689.601156] [node011:26688:0]         mxm.c:185  MXM  WARN  The 'ulimit -s' on the system is set to 'unlimited'. This may have negative performance implications. Please set the heap size to the default value (10240) 
[1447404689.601310] [node010:9277 :0]         sys.c:719  MXM  WARN  Conflicting CPU frequencies detected, using: 2400.00
[1447404689.605631] [node010:9277 :0]         mxm.c:185  MXM  WARN  The 'ulimit -s' on the system is set to 'unlimited'. This may have negative performance implications. Please set the heap size to the default value (10240) 
[1447404689.615271] [node012:21656:0]         sys.c:719  MXM  WARN  Conflicting CPU frequencies detected, using: 2400.00
[1447404689.620948] [node012:21656:0]         mxm.c:185  MXM  WARN  The 'ulimit -s' on the system is set to 'unlimited'. This may have negative performance implications. Please set the heap size to the default value (10240) 
[1447404689.594914] [node011:26628:0]         sys.c:719  MXM  WARN  Conflicting CPU frequencies detected, using: 2400.00
[1447404689.606102] [node011:26628:0]         mxm.c:185  MXM  WARN  The 'ulimit -s' on the system is set to 'unlimited'. This may have negative performance implications. Please set the heap size to the default value (10240) 
[1447404689.610460] [node011:26687:0]         sys.c:719  MXM  WARN  Conflicting CPU frequencies detected, using: 2400.00
[1447404689.618760] [node011:26687:0]         mxm.c:185  MXM  WARN  The 'ulimit -s' on the system is set to 'unlimited'. This may have negative performance implications. Please set the heap size to the default value (10240) 
[1447404689.626424] [node010:9351 :0]         sys.c:719  MXM  WARN  Conflicting CPU frequencies detected, using: 2400.00
[1447404689.629847] [node010:9351 :0]         mxm.c:185  MXM  WARN  The 'ulimit -s' on the system is set to 'unlimited'. This may have negative performance implications. Please set the heap size to the default value (10240) 
[1447404689.620713] [node012:21690:0]         sys.c:719  MXM  WARN  Conflicting CPU frequencies detected, using: 2400.00
[1447404689.626201] [node012:21690:0]         mxm.c:185  MXM  WARN  The 'ulimit -s' on the system is set to 'unlimited'. This may have negative performance implications. Please set the heap size to the default value (10240) 
[1447404689.588402] [node009:23538:0]         sys.c:719  MXM  WARN  Conflicting CPU frequencies detected, using: 2401.59
[1447404689.598229] [node009:23538:0]         mxm.c:185  MXM  WARN  The 'ulimit -s' on the system is set to 'unlimited'. This may have negative performance implications. Please set the heap size to the default value (10240) 
[1447404689.588061] [node009:23509:0]         sys.c:719  MXM  WARN  Conflicting CPU frequencies detected, using: 2401.59
[1447404689.596698] [node009:23509:0]         mxm.c:185  MXM  WARN  The 'ulimit -s' on the system is set to 'unlimited'. This may have negative performance implications. Please set the heap size to the default value (10240) 
[1447404689.591385] [node009:23506:0]         sys.c:719  MXM  WARN  Conflicting CPU frequencies detected, using: 2400.00
[1447404689.600075] [node009:23506:0]         mxm.c:185  MXM  WARN  The 'ulimit -s' on the system is set to 'unlimited'. This may have negative performance implications. Please set the heap size to the default value (10240) 
[1447404689.600196] [node009:23502:0]         sys.c:719  MXM  WARN  Conflicting CPU frequencies detected, using: 2400.00
[1447404689.616735] [node009:23502:0]         mxm.c:185  MXM  WARN  The 'ulimit -s' on the system is set to 'unlimited'. This may have negative performance implications. Please set the heap size to the default value (10240) 
[1447404689.643672] [node010:9396 :0]         sys.c:719  MXM  WARN  Conflicting CPU frequencies detected, using: 2400.00
[1447404689.646683] [node010:9396 :0]         mxm.c:185  MXM  WARN  The 'ulimit -s' on the system is set to 'unlimited'. This may have negative performance implications. Please set the heap size to the default value (10240) 
[1447404689.599236] [node009:23503:0]         sys.c:719  MXM  WARN  Conflicting CPU frequencies detected, using: 2400.00
[1447404689.611781] [node009:23503:0]         mxm.c:185  MXM  WARN  The 'ulimit -s' on the system is set to 'unlimited'. This may have negative performance implications. Please set the heap size to the default value (10240) 
[1447404689.629084] [node012:21662:0]         sys.c:719  MXM  WARN  Conflicting CPU frequencies detected, using: 2400.28
[1447404689.637463] [node012:21662:0]         mxm.c:185  MXM  WARN  The 'ulimit -s' on the system is set to 'unlimited'. This may have negative performance implications. Please set the heap size to the default value (10240) 
[1447404689.647125] [node013:16373:0]         sys.c:719  MXM  WARN  Conflicting CPU frequencies detected, using: 2400.09
[1447404689.652561] [node013:16373:0]         mxm.c:185  MXM  WARN  The 'ulimit -s' on the system is set to 'unlimited'. This may have negative performance implications. Please set the heap size to the default value (10240) 
[1447404689.631024] [node012:21657:0]         sys.c:719  MXM  WARN  Conflicting CPU frequencies detected, using: 2400.28
[1447404689.639584] [node012:21657:0]         mxm.c:185  MXM  WARN  The 'ulimit -s' on the system is set to 'unlimited'. This may have negative performance implications. Please set the heap size to the default value (10240) 
[1447404689.640407] [node012:21713:0]         sys.c:719  MXM  WARN  Conflicting CPU frequencies detected, using: 2400.28
[1447404689.648273] [node012:21713:0]         mxm.c:185  MXM  WARN  The 'ulimit -s' on the system is set to 'unlimited'. This may have negative performance implications. Please set the heap size to the default value (10240) 
[1447404689.607115] [node009:23513:0]         sys.c:719  MXM  WARN  Conflicting CPU frequencies detected, using: 2400.00
[1447404689.622396] [node009:23513:0]         mxm.c:185  MXM  WARN  The 'ulimit -s' on the system is set to 'unlimited'. This may have negative performance implications. Please set the heap size to the default value (10240) 
[1447404689.609493] [node009:23507:0]         sys.c:719  MXM  WARN  Conflicting CPU frequencies detected, using: 2400.00
[1447404689.632563] [node009:23507:0]         mxm.c:185  MXM  WARN  The 'ulimit -s' on the system is set to 'unlimited'. This may have negative performance implications. Please set the heap size to the default value (10240) 
[1447404689.605284] [node009:23514:0]         sys.c:719  MXM  WARN  Conflicting CPU frequencies detected, using: 2400.00
[1447404689.619802] [node009:23514:0]         mxm.c:185  MXM  WARN  The 'ulimit -s' on the system is set to 'unlimited'. This may have negative performance implications. Please set the heap size to the default value (10240) 
[1447404689.662671] [node010:9352 :0]         sys.c:719  MXM  WARN  Conflicting CPU frequencies detected, using: 2400.19
[1447404689.666219] [node010:9352 :0]         mxm.c:185  MXM  WARN  The 'ulimit -s' on the system is set to 'unlimited'. This may have negative performance implications. Please set the heap size to the default value (10240) 
[1447404689.692409] [node014:29011:0]         sys.c:719  MXM  WARN  Conflicting CPU frequencies detected, using: 2400.00
[1447404689.695701] [node014:29011:0]         mxm.c:185  MXM  WARN  The 'ulimit -s' on the system is set to 'unlimited'. This may have negative performance implications. Please set the heap size to the default value (10240) 
[1447404689.692747] [node014:29012:0]         sys.c:719  MXM  WARN  Conflicting CPU frequencies detected, using: 2400.00
[1447404689.696029] [node014:29012:0]         mxm.c:185  MXM  WARN  The 'ulimit -s' on the system is set to 'unlimited'. This may have negative performance implications. Please set the heap size to the default value (10240) 
[1447404689.661788] [node015:5454 :0]         sys.c:719  MXM  WARN  Conflicting CPU frequencies detected, using: 2400.00
[1447404689.667455] [node015:5454 :0]         mxm.c:185  MXM  WARN  The 'ulimit -s' on the system is set to 'unlimited'. This may have negative performance implications. Please set the heap size to the default value (10240) 
[1447404689.663061] [node013:16381:0]         sys.c:719  MXM  WARN  Conflicting CPU frequencies detected, using: 2400.00
[1447404689.675326] [node013:16381:0]         mxm.c:185  MXM  WARN  The 'ulimit -s' on the system is set to 'unlimited'. This may have negative performance implications. Please set the heap size to the default value (10240) 
[1447404689.663355] [node013:16385:0]         sys.c:719  MXM  WARN  Conflicting CPU frequencies detected, using: 2400.00
[1447404689.672838] [node013:16385:0]         mxm.c:185  MXM  WARN  The 'ulimit -s' on the system is set to 'unlimited'. This may have negative performance implications. Please set the heap size to the default value (10240) 
[1447404689.667523] [node015:5459 :0]         sys.c:719  MXM  WARN  Conflicting CPU frequencies detected, using: 2400.47
[1447404689.673296] [node015:5459 :0]         mxm.c:185  MXM  WARN  The 'ulimit -s' on the system is set to 'unlimited'. This may have negative performance implications. Please set the heap size to the default value (10240) 
[1447404689.678362] [node013:16386:0]         sys.c:719  MXM  WARN  Conflicting CPU frequencies detected, using: 2400.28
[1447404689.695604] [node013:16386:0]         mxm.c:185  MXM  WARN  The 'ulimit -s' on the system is set to 'unlimited'. This may have negative performance implications. Please set the heap size to the default value (10240) 
[1447404689.665817] [node013:16382:0]         sys.c:719  MXM  WARN  Conflicting CPU frequencies detected, using: 2400.00
[1447404689.679429] [node013:16382:0]         mxm.c:185  MXM  WARN  The 'ulimit -s' on the system is set to 'unlimited'. This may have negative performance implications. Please set the heap size to the default value (10240) 
[1447404689.666959] [node013:16384:0]         sys.c:719  MXM  WARN  Conflicting CPU frequencies detected, using: 2400.00
[1447404689.678459] [node013:16384:0]         mxm.c:185  MXM  WARN  The 'ulimit -s' on the system is set to 'unlimited'. This may have negative performance implications. Please set the heap size to the default value (10240) 
[1447404689.661020] [node013:16389:0]         sys.c:719  MXM  WARN  Conflicting CPU frequencies detected, using: 2400.00
[1447404689.681057] [node013:16389:0]         mxm.c:185  MXM  WARN  The 'ulimit -s' on the system is set to 'unlimited'. This may have negative performance implications. Please set the heap size to the default value (10240) 
[1447404689.710762] [node014:29033:0]         sys.c:719  MXM  WARN  Conflicting CPU frequencies detected, using: 2400.00
[1447404689.714027] [node014:29033:0]         mxm.c:185  MXM  WARN  The 'ulimit -s' on the system is set to 'unlimited'. This may have negative performance implications. Please set the heap size to the default value (10240) 
[1447404689.678477] [node015:5448 :0]         sys.c:719  MXM  WARN  Conflicting CPU frequencies detected, using: 2400.00
[1447404689.691225] [node015:5448 :0]         mxm.c:185  MXM  WARN  The 'ulimit -s' on the system is set to 'unlimited'. This may have negative performance implications. Please set the heap size to the default value (10240) 
[1447404689.712681] [node014:29028:0]         sys.c:719  MXM  WARN  Conflicting CPU frequencies detected, using: 2400.00
[1447404689.716242] [node014:29028:0]         mxm.c:185  MXM  WARN  The 'ulimit -s' on the system is set to 'unlimited'. This may have negative performance implications. Please set the heap size to the default value (10240) 
[1447404689.669309] [node015:5460 :0]         sys.c:719  MXM  WARN  Conflicting CPU frequencies detected, using: 2400.47
[1447404689.681337] [node015:5460 :0]         mxm.c:185  MXM  WARN  The 'ulimit -s' on the system is set to 'unlimited'. This may have negative performance implications. Please set the heap size to the default value (10240) 
[1447404689.723872] [node014:29030:0]         sys.c:719  MXM  WARN  Conflicting CPU frequencies detected, using: 2400.00
[1447404689.727222] [node014:29030:0]         mxm.c:185  MXM  WARN  The 'ulimit -s' on the system is set to 'unlimited'. This may have negative performance implications. Please set the heap size to the default value (10240) 
[1447404689.725609] [node014:29023:0]         sys.c:719  MXM  WARN  Conflicting CPU frequencies detected, using: 2400.00
[1447404689.728426] [node014:29023:0]         mxm.c:185  MXM  WARN  The 'ulimit -s' on the system is set to 'unlimited'. This may have negative performance implications. Please set the heap size to the default value (10240) 
[1447404689.687519] [node015:5462 :0]         sys.c:719  MXM  WARN  Conflicting CPU frequencies detected, using: 2400.09
[1447404689.699635] [node015:5462 :0]         mxm.c:185  MXM  WARN  The 'ulimit -s' on the system is set to 'unlimited'. This may have negative performance implications. Please set the heap size to the default value (10240) 
[1447404689.672635] [node015:5461 :0]         sys.c:719  MXM  WARN  Conflicting CPU frequencies detected, using: 2400.47
[1447404689.702329] [node015:5461 :0]         mxm.c:185  MXM  WARN  The 'ulimit -s' on the system is set to 'unlimited'. This may have negative performance implications. Please set the heap size to the default value (10240) 
[1447404689.672256] [node015:5458 :0]         sys.c:719  MXM  WARN  Conflicting CPU frequencies detected, using: 2400.47
[1447404689.693845] [node015:5458 :0]         mxm.c:185  MXM  WARN  The 'ulimit -s' on the system is set to 'unlimited'. This may have negative performance implications. Please set the heap size to the default value (10240) 
[1447404689.672141] [node015:5455 :0]         sys.c:719  MXM  WARN  Conflicting CPU frequencies detected, using: 2400.47
[1447404689.689705] [node015:5455 :0]         mxm.c:185  MXM  WARN  The 'ulimit -s' on the system is set to 'unlimited'. This may have negative performance implications. Please set the heap size to the default value (10240) 
[1447404689.730807] [node014:29032:0]         sys.c:719  MXM  WARN  Conflicting CPU frequencies detected, using: 2400.00
[1447404689.734679] [node014:29032:0]         mxm.c:185  MXM  WARN  The 'ulimit -s' on the system is set to 'unlimited'. This may have negative performance implications. Please set the heap size to the default value (10240) 
[1447404689.734702] [node014:29031:0]         sys.c:719  MXM  WARN  Conflicting CPU frequencies detected, using: 2400.00
[1447404689.739024] [node014:29031:0]         mxm.c:185  MXM  WARN  The 'ulimit -s' on the system is set to 'unlimited'. This may have negative performance implications. Please set the heap size to the default value (10240) 
UPCR: UPC thread  1 of 64 on node008 (pshm node 0 of 8, process  1 of 64, pid=16471)
UPCR: UPC thread  7 of 64 on node008 (pshm node 0 of 8, process  7 of 64, pid=16477)
UPCR: UPC thread  4 of 64 on node008 (pshm node 0 of 8, process  4 of 64, pid=16474)
UPCR: UPC thread  3 of 64 on node008 (pshm node 0 of 8, process  3 of 64, pid=16473)
UPCR: UPC thread  6 of 64 on node008 (pshm node 0 of 8, process  6 of 64, pid=16476)
UPCR: UPC thread  2 of 64 on node008 (pshm node 0 of 8, process  2 of 64, pid=16472)
UPCR: UPC thread  5 of 64 on node008 (pshm node 0 of 8, process  5 of 64, pid=16475)
UPCR: UPC thread  0 of 64 on node008 (pshm node 0 of 8, process  0 of 64, pid=16470)
UPCR: UPC thread 30 of 64 on node011 (pshm node 3 of 8, process 30 of 64, pid=26586)
UPCR: UPC thread 11 of 64 on node009 (pshm node 1 of 8, process 11 of 64, pid=23538)
UPCR: UPC thread 29 of 64 on node011 (pshm node 3 of 8, process 29 of 64, pid=26629)
UPCR: UPC thread  8 of 64 on node009 (pshm node 1 of 8, process  8 of 64, pid=23513)
UPCR: UPC thread 27 of 64 on node011 (pshm node 3 of 8, process 27 of 64, pid=26628)
UPCR: UPC thread 40 of 64 on node013 (pshm node 5 of 8, process 40 of 64, pid=16389)
UPCR: UPC thread  9 of 64 on node009 (pshm node 1 of 8, process  9 of 64, pid=23502)
UPCR: UPC thread 25 of 64 on node011 (pshm node 3 of 8, process 25 of 64, pid=26687)
UPCR: UPC thread 28 of 64 on node011 (pshm node 3 of 8, process 28 of 64, pid=26585)
UPCR: UPC thread 14 of 64 on node009 (pshm node 1 of 8, process 14 of 64, pid=23506)
UPCR: UPC thread 43 of 64 on node013 (pshm node 5 of 8, process 43 of 64, pid=16385)
UPCR: UPC thread 41 of 64 on node013 (pshm node 5 of 8, process 41 of 64, pid=16359)
UPCR: UPC thread 24 of 64 on node011 (pshm node 3 of 8, process 24 of 64, pid=26688)
UPCR: UPC thread 12 of 64 on node009 (pshm node 1 of 8, process 12 of 64, pid=23503)
UPCR: UPC thread 47 of 64 on node013 (pshm node 5 of 8, process 47 of 64, pid=16384)
UPCR: UPC thread 48 of 64 on node014 (pshm node 6 of 8, process 48 of 64, pid=29031)
UPCR: UPC thread 55 of 64 on node014 (pshm node 6 of 8, process 55 of 64, pid=29011)
UPCR: UPC thread 60 of 64 on node015 (pshm node 7 of 8, process 60 of 64, pid=5455)
UPCR: UPC thread 39 of 64 on node012 (pshm node 4 of 8, process 39 of 64, pid=21643)
UPCR: UPC thread 45 of 64 on node013 (pshm node 5 of 8, process 45 of 64, pid=16382)
UPCR: UPC thread 52 of 64 on node014 (pshm node 6 of 8, process 52 of 64, pid=29023)
UPCR: UPC thread 54 of 64 on node014 (pshm node 6 of 8, process 54 of 64, pid=29030)
UPCR: UPC thread 13 of 64 on node009 (pshm node 1 of 8, process 13 of 64, pid=23509)
UPCR: UPC thread 35 of 64 on node012 (pshm node 4 of 8, process 35 of 64, pid=21713)
UPCR: UPC thread 26 of 64 on node011 (pshm node 3 of 8, process 26 of 64, pid=26604)
UPCR: UPC thread 15 of 64 on node009 (pshm node 1 of 8, process 15 of 64, pid=23507)
UPCR: UPC thread 38 of 64 on node012 (pshm node 4 of 8, process 38 of 64, pid=21656)
UPCR: UPC thread 31 of 64 on node011 (pshm node 3 of 8, process 31 of 64, pid=26606)
UPCR: UPC thread 50 of 64 on node014 (pshm node 6 of 8, process 50 of 64, pid=29028)
UPCR: UPC thread 42 of 64 on node013 (pshm node 5 of 8, process 42 of 64, pid=16373)
UPCR: UPC thread 58 of 64 on node015 (pshm node 7 of 8, process 58 of 64, pid=5462)
UPCR: UPC thread 61 of 64 on node015 (pshm node 7 of 8, process 61 of 64, pid=5461)
UPCR: UPC thread 18 of 64 on node010 (pshm node 2 of 8, process 18 of 64, pid=9315)
UPCR: UPC thread 53 of 64 on node014 (pshm node 6 of 8, process 53 of 64, pid=29033)
UPCR: UPC thread 10 of 64 on node009 (pshm node 1 of 8, process 10 of 64, pid=23514)
UPCR: UPC thread 44 of 64 on node013 (pshm node 5 of 8, process 44 of 64, pid=16381)
UPCR: UPC thread 22 of 64 on node010 (pshm node 2 of 8, process 22 of 64, pid=9287)
UPCR: UPC thread 59 of 64 on node015 (pshm node 7 of 8, process 59 of 64, pid=5459)
UPCR: UPC thread 51 of 64 on node014 (pshm node 6 of 8, process 51 of 64, pid=29012)
UPCR: UPC thread 21 of 64 on node010 (pshm node 2 of 8, process 21 of 64, pid=9286)
UPCR: UPC thread 33 of 64 on node012 (pshm node 4 of 8, process 33 of 64, pid=21644)
UPCR: UPC thread 16 of 64 on node010 (pshm node 2 of 8, process 16 of 64, pid=9277)
UPCR: UPC thread 20 of 64 on node010 (pshm node 2 of 8, process 20 of 64, pid=9351)
UPCR: UPC thread 32 of 64 on node012 (pshm node 4 of 8, process 32 of 64, pid=21657)
UPCR: UPC thread 23 of 64 on node010 (pshm node 2 of 8, process 23 of 64, pid=9285)
UPCR: UPC thread 63 of 64 on node015 (pshm node 7 of 8, process 63 of 64, pid=5460)
UPCR: UPC thread 62 of 64 on node015 (pshm node 7 of 8, process 62 of 64, pid=5458)
UPCR: UPC thread 49 of 64 on node014 (pshm node 6 of 8, process 49 of 64, pid=29032)
UPCR: UPC thread 37 of 64 on node012 (pshm node 4 of 8, process 37 of 64, pid=21623)
UPCR: UPC thread 46 of 64 on node013 (pshm node 5 of 8, process 46 of 64, pid=16386)
UPCR: UPC thread 57 of 64 on node015 (pshm node 7 of 8, process 57 of 64, pid=5454)
UPCR: UPC thread 56 of 64 on node015 (pshm node 7 of 8, process 56 of 64, pid=5448)
UPCR: UPC thread 34 of 64 on node012 (pshm node 4 of 8, process 34 of 64, pid=21690)
UPCR: UPC thread 17 of 64 on node010 (pshm node 2 of 8, process 17 of 64, pid=9352)
UPCR: UPC thread 36 of 64 on node012 (pshm node 4 of 8, process 36 of 64, pid=21662)
UPCR: UPC thread 19 of 64 on node010 (pshm node 2 of 8, process 19 of 64, pid=9396)
0/64 - htable initialized
0/64 - table size: 68719476736 bytes (65536 MB)
0/64 - total number of buckets: 8589934592
0/64 - block size: 1073741824 (1024 MB)
0/64 - number of buckets in block: 134217728
0/64 - number of blocks: 64
63/64 - Performed a throughput benchmark:
63/64 - Performed 2000000 find-or-put operations with random values from [0,...,83199999]
63/64 - Finds: 973082 (0.486541), Inserts: 1026918 (0.513459), Errors: 0 (0)
63/64 - Execution time: 7.52569 seconds
63/64 - Throughput: 265757 ops/sec
58/64 - Performed a throughput benchmark:
58/64 - Performed 2000000 find-or-put operations with random values from [0,...,83199999]
58/64 - Finds: 974005 (0.487003), Inserts: 1025995 (0.512997), Errors: 0 (0)
58/64 - Execution time: 7.54007 seconds
58/64 - Throughput: 265249 ops/sec
61/64 - Performed a throughput benchmark:
61/64 - Performed 2000000 find-or-put operations with random values from [0,...,83199999]
61/64 - Finds: 971682 (0.485841), Inserts: 1028318 (0.514159), Errors: 0 (0)
61/64 - Execution time: 7.52603 seconds
61/64 - Throughput: 265744 ops/sec
1/64 - Performed a throughput benchmark:
1/64 - Performed 2000000 find-or-put operations with random values from [0,...,83199999]
1/64 - Finds: 976774 (0.488387), Inserts: 1023226 (0.511613), Errors: 0 (0)
1/64 - Execution time: 7.55418 seconds
1/64 - Throughput: 264754 ops/sec
59/64 - Performed a throughput benchmark:
59/64 - Performed 2000000 find-or-put operations with random values from [0,...,83199999]
59/64 - Finds: 975490 (0.487745), Inserts: 1024510 (0.512255), Errors: 0 (0)
59/64 - Execution time: 7.53716 seconds
59/64 - Throughput: 265352 ops/sec
15/64 - Performed a throughput benchmark:
15/64 - Performed 2000000 find-or-put operations with random values from [0,...,83199999]
15/64 - Finds: 973581 (0.486791), Inserts: 1026419 (0.513209), Errors: 0 (0)
15/64 - Execution time: 7.54055 seconds
15/64 - Throughput: 265233 ops/sec
43/64 - Performed a throughput benchmark:
43/64 - Performed 2000000 find-or-put operations with random values from [0,...,83199999]
43/64 - Finds: 976274 (0.488137), Inserts: 1023726 (0.511863), Errors: 0 (0)
43/64 - Execution time: 7.55039 seconds
43/64 - Throughput: 264887 ops/sec
40/64 - Performed a throughput benchmark:
40/64 - Performed 2000000 find-or-put operations with random values from [0,...,83199999]
40/64 - Finds: 977184 (0.488592), Inserts: 1022816 (0.511408), Errors: 0 (0)
40/64 - Execution time: 7.56334 seconds
40/64 - Throughput: 264434 ops/sec
14/64 - Performed a throughput benchmark:
14/64 - Performed 2000000 find-or-put operations with random values from [0,...,83199999]
14/64 - Finds: 976669 (0.488335), Inserts: 1023331 (0.511665), Errors: 0 (0)
14/64 - Execution time: 7.55483 seconds
14/64 - Throughput: 264731 ops/sec
0/64 - Performed a throughput benchmark:
0/64 - Performed 2000000 find-or-put operations with random values from [0,...,83199999]
0/64 - Finds: 977925 (0.488963), Inserts: 1022075 (0.511038), Errors: 0 (0)
0/64 - Execution time: 7.55244 seconds
0/64 - Throughput: 264815 ops/sec
60/64 - Performed a throughput benchmark:
60/64 - Performed 2000000 find-or-put operations with random values from [0,...,83199999]
60/64 - Finds: 972966 (0.486483), Inserts: 1027034 (0.513517), Errors: 0 (0)
60/64 - Execution time: 7.51928 seconds
60/64 - Throughput: 265983 ops/sec
17/64 - Performed a throughput benchmark:
17/64 - Performed 2000000 find-or-put operations with random values from [0,...,83199999]
17/64 - Finds: 977576 (0.488788), Inserts: 1022424 (0.511212), Errors: 0 (0)
17/64 - Execution time: 7.58157 seconds
17/64 - Throughput: 263798 ops/sec
38/64 - Performed a throughput benchmark:
38/64 - Performed 2000000 find-or-put operations with random values from [0,...,83199999]
38/64 - Finds: 977911 (0.488955), Inserts: 1022089 (0.511045), Errors: 0 (0)
38/64 - Execution time: 7.58562 seconds
38/64 - Throughput: 263657 ops/sec
57/64 - Performed a throughput benchmark:
57/64 - Performed 2000000 find-or-put operations with random values from [0,...,83199999]
57/64 - Finds: 972703 (0.486351), Inserts: 1027297 (0.513648), Errors: 0 (0)
57/64 - Execution time: 7.52562 seconds
57/64 - Throughput: 265759 ops/sec
6/64 - Performed a throughput benchmark:
6/64 - Performed 2000000 find-or-put operations with random values from [0,...,83199999]
6/64 - Finds: 977447 (0.488723), Inserts: 1022553 (0.511277), Errors: 0 (0)
6/64 - Execution time: 7.56186 seconds
6/64 - Throughput: 264485 ops/sec
52/64 - Performed a throughput benchmark:
52/64 - Performed 2000000 find-or-put operations with random values from [0,...,83199999]
52/64 - Finds: 979064 (0.489532), Inserts: 1020936 (0.510468), Errors: 0 (0)
52/64 - Execution time: 7.58703 seconds
52/64 - Throughput: 263608 ops/sec
53/64 - Performed a throughput benchmark:
53/64 - Performed 2000000 find-or-put operations with random values from [0,...,83199999]
53/64 - Finds: 978810 (0.489405), Inserts: 1021190 (0.510595), Errors: 0 (0)
53/64 - Execution time: 7.57772 seconds
53/64 - Throughput: 263932 ops/sec
2/64 - Performed a throughput benchmark:
2/64 - Performed 2000000 find-or-put operations with random values from [0,...,83199999]
2/64 - Finds: 980649 (0.490324), Inserts: 1019351 (0.509675), Errors: 0 (0)
2/64 - Execution time: 7.58936 seconds
2/64 - Throughput: 263527 ops/sec
21/64 - Performed a throughput benchmark:
21/64 - Performed 2000000 find-or-put operations with random values from [0,...,83199999]
21/64 - Finds: 975967 (0.487984), Inserts: 1024033 (0.512016), Errors: 0 (0)
21/64 - Execution time: 7.56589 seconds
21/64 - Throughput: 264344 ops/sec
32/64 - Performed a throughput benchmark:
32/64 - Performed 2000000 find-or-put operations with random values from [0,...,83199999]
32/64 - Finds: 974350 (0.487175), Inserts: 1025650 (0.512825), Errors: 0 (0)
32/64 - Execution time: 7.54769 seconds
32/64 - Throughput: 264982 ops/sec
39/64 - Performed a throughput benchmark:
39/64 - Performed 2000000 find-or-put operations with random values from [0,...,83199999]
39/64 - Finds: 977861 (0.48893), Inserts: 1022139 (0.511069), Errors: 0 (0)
39/64 - Execution time: 7.58083 seconds
39/64 - Throughput: 263823 ops/sec
35/64 - Performed a throughput benchmark:
35/64 - Performed 2000000 find-or-put operations with random values from [0,...,83199999]
35/64 - Finds: 975004 (0.487502), Inserts: 1024996 (0.512498), Errors: 0 (0)
35/64 - Execution time: 7.54612 seconds
35/64 - Throughput: 265037 ops/sec
23/64 - Performed a throughput benchmark:
23/64 - Performed 2000000 find-or-put operations with random values from [0,...,83199999]
23/64 - Finds: 977086 (0.488543), Inserts: 1022914 (0.511457), Errors: 0 (0)
23/64 - Execution time: 7.56695 seconds
23/64 - Throughput: 264307 ops/sec
36/64 - Performed a throughput benchmark:
36/64 - Performed 2000000 find-or-put operations with random values from [0,...,83199999]
36/64 - Finds: 972980 (0.48649), Inserts: 1027020 (0.51351), Errors: 0 (0)
36/64 - Execution time: 7.53662 seconds
36/64 - Throughput: 265371 ops/sec
44/64 - Performed a throughput benchmark:
44/64 - Performed 2000000 find-or-put operations with random values from [0,...,83199999]
44/64 - Finds: 976266 (0.488133), Inserts: 1023734 (0.511867), Errors: 0 (0)
44/64 - Execution time: 7.55268 seconds
44/64 - Throughput: 264807 ops/sec
49/64 - Performed a throughput benchmark:
49/64 - Performed 2000000 find-or-put operations with random values from [0,...,83199999]
49/64 - Finds: 978343 (0.489171), Inserts: 1021657 (0.510829), Errors: 0 (0)
49/64 - Execution time: 7.58217 seconds
49/64 - Throughput: 263777 ops/sec
20/64 - Performed a throughput benchmark:
20/64 - Performed 2000000 find-or-put operations with random values from [0,...,83199999]
20/64 - Finds: 976561 (0.488281), Inserts: 1023439 (0.511719), Errors: 0 (0)
20/64 - Execution time: 7.57885 seconds
20/64 - Throughput: 263892 ops/sec
56/64 - Performed a throughput benchmark:
56/64 - Performed 2000000 find-or-put operations with random values from [0,...,83199999]
56/64 - Finds: 974324 (0.487162), Inserts: 1025676 (0.512838), Errors: 0 (0)
56/64 - Execution time: 7.53683 seconds
56/64 - Throughput: 265364 ops/sec
47/64 - Performed a throughput benchmark:
47/64 - Performed 2000000 find-or-put operations with random values from [0,...,83199999]
47/64 - Finds: 975942 (0.487971), Inserts: 1024058 (0.512029), Errors: 0 (0)
47/64 - Execution time: 7.55807 seconds
47/64 - Throughput: 264618 ops/sec
3/64 - Performed a throughput benchmark:
3/64 - Performed 2000000 find-or-put operations with random values from [0,...,83199999]
3/64 - Finds: 981732 (0.490866), Inserts: 1018268 (0.509134), Errors: 0 (0)
3/64 - Execution time: 7.60702 seconds
3/64 - Throughput: 262915 ops/sec
26/64 - Performed a throughput benchmark:
26/64 - Performed 2000000 find-or-put operations with random values from [0,...,83199999]
26/64 - Finds: 983251 (0.491625), Inserts: 1016749 (0.508374), Errors: 0 (0)
26/64 - Execution time: 7.62203 seconds
26/64 - Throughput: 262397 ops/sec
62/64 - Performed a throughput benchmark:
62/64 - Performed 2000000 find-or-put operations with random values from [0,...,83199999]
62/64 - Finds: 972739 (0.48637), Inserts: 1027261 (0.51363), Errors: 0 (0)
62/64 - Execution time: 7.52989 seconds
62/64 - Throughput: 265608 ops/sec
50/64 - Performed a throughput benchmark:
50/64 - Performed 2000000 find-or-put operations with random values from [0,...,83199999]
50/64 - Finds: 978455 (0.489227), Inserts: 1021545 (0.510772), Errors: 0 (0)
50/64 - Execution time: 7.5857 seconds
50/64 - Throughput: 263654 ops/sec
42/64 - Performed a throughput benchmark:
42/64 - Performed 2000000 find-or-put operations with random values from [0,...,83199999]
42/64 - Finds: 978431 (0.489216), Inserts: 1021569 (0.510784), Errors: 0 (0)
42/64 - Execution time: 7.57966 seconds
42/64 - Throughput: 263864 ops/sec
55/64 - Performed a throughput benchmark:
55/64 - Performed 2000000 find-or-put operations with random values from [0,...,83199999]
55/64 - Finds: 976565 (0.488283), Inserts: 1023435 (0.511718), Errors: 0 (0)
55/64 - Execution time: 7.55877 seconds
55/64 - Throughput: 264593 ops/sec
51/64 - Performed a throughput benchmark:
51/64 - Performed 2000000 find-or-put operations with random values from [0,...,83199999]
51/64 - Finds: 978005 (0.489003), Inserts: 1021995 (0.510997), Errors: 0 (0)
51/64 - Execution time: 7.57909 seconds
51/64 - Throughput: 263884 ops/sec
29/64 - Performed a throughput benchmark:
29/64 - Performed 2000000 find-or-put operations with random values from [0,...,83199999]
29/64 - Finds: 985148 (0.492574), Inserts: 1014852 (0.507426), Errors: 0 (0)
29/64 - Execution time: 7.6254 seconds
29/64 - Throughput: 262281 ops/sec
27/64 - Performed a throughput benchmark:
27/64 - Performed 2000000 find-or-put operations with random values from [0,...,83199999]
27/64 - Finds: 982414 (0.491207), Inserts: 1017586 (0.508793), Errors: 0 (0)
27/64 - Execution time: 7.62758 seconds
27/64 - Throughput: 262206 ops/sec
37/64 - Performed a throughput benchmark:
37/64 - Performed 2000000 find-or-put operations with random values from [0,...,83199999]
37/64 - Finds: 976602 (0.488301), Inserts: 1023398 (0.511699), Errors: 0 (0)
37/64 - Execution time: 7.56514 seconds
37/64 - Throughput: 264371 ops/sec
10/64 - Performed a throughput benchmark:
10/64 - Performed 2000000 find-or-put operations with random values from [0,...,83199999]
10/64 - Finds: 975897 (0.487949), Inserts: 1024103 (0.512051), Errors: 0 (0)
10/64 - Execution time: 7.5572 seconds
10/64 - Throughput: 264648 ops/sec
45/64 - Performed a throughput benchmark:
45/64 - Performed 2000000 find-or-put operations with random values from [0,...,83199999]
45/64 - Finds: 976590 (0.488295), Inserts: 1023410 (0.511705), Errors: 0 (0)
45/64 - Execution time: 7.57141 seconds
45/64 - Throughput: 264152 ops/sec
13/64 - Performed a throughput benchmark:
13/64 - Performed 2000000 find-or-put operations with random values from [0,...,83199999]
13/64 - Finds: 976038 (0.488019), Inserts: 1023962 (0.511981), Errors: 0 (0)
13/64 - Execution time: 7.56387 seconds
13/64 - Throughput: 264415 ops/sec
33/64 - Performed a throughput benchmark:
33/64 - Performed 2000000 find-or-put operations with random values from [0,...,83199999]
33/64 - Finds: 977793 (0.488897), Inserts: 1022207 (0.511104), Errors: 0 (0)
33/64 - Execution time: 7.5769 seconds
33/64 - Throughput: 263960 ops/sec
28/64 - Performed a throughput benchmark:
28/64 - Performed 2000000 find-or-put operations with random values from [0,...,83199999]
28/64 - Finds: 984208 (0.492104), Inserts: 1015792 (0.507896), Errors: 0 (0)
28/64 - Execution time: 7.61479 seconds
28/64 - Throughput: 262647 ops/sec
22/64 - Performed a throughput benchmark:
22/64 - Performed 2000000 find-or-put operations with random values from [0,...,83199999]
22/64 - Finds: 977926 (0.488963), Inserts: 1022074 (0.511037), Errors: 0 (0)
22/64 - Execution time: 7.57648 seconds
22/64 - Throughput: 263975 ops/sec
12/64 - Performed a throughput benchmark:
12/64 - Performed 2000000 find-or-put operations with random values from [0,...,83199999]
12/64 - Finds: 975970 (0.487985), Inserts: 1024030 (0.512015), Errors: 0 (0)
12/64 - Execution time: 7.5616 seconds
12/64 - Throughput: 264494 ops/sec
46/64 - Performed a throughput benchmark:
46/64 - Performed 2000000 find-or-put operations with random values from [0,...,83199999]
46/64 - Finds: 977510 (0.488755), Inserts: 1022490 (0.511245), Errors: 0 (0)
46/64 - Execution time: 7.56532 seconds
46/64 - Throughput: 264364 ops/sec
48/64 - Performed a throughput benchmark:
48/64 - Performed 2000000 find-or-put operations with random values from [0,...,83199999]
48/64 - Finds: 976657 (0.488328), Inserts: 1023343 (0.511671), Errors: 0 (0)
48/64 - Execution time: 7.56866 seconds
48/64 - Throughput: 264247 ops/sec
11/64 - Performed a throughput benchmark:
11/64 - Performed 2000000 find-or-put operations with random values from [0,...,83199999]
11/64 - Finds: 977869 (0.488934), Inserts: 1022131 (0.511065), Errors: 0 (0)
11/64 - Execution time: 7.57649 seconds
11/64 - Throughput: 263974 ops/sec
54/64 - Performed a throughput benchmark:
54/64 - Performed 2000000 find-or-put operations with random values from [0,...,83199999]
54/64 - Finds: 977478 (0.488739), Inserts: 1022522 (0.511261), Errors: 0 (0)
54/64 - Execution time: 7.56845 seconds
54/64 - Throughput: 264255 ops/sec
16/64 - Performed a throughput benchmark:
16/64 - Performed 2000000 find-or-put operations with random values from [0,...,83199999]
16/64 - Finds: 977640 (0.48882), Inserts: 1022360 (0.51118), Errors: 0 (0)
16/64 - Execution time: 7.57369 seconds
16/64 - Throughput: 264072 ops/sec
8/64 - Performed a throughput benchmark:
8/64 - Performed 2000000 find-or-put operations with random values from [0,...,83199999]
8/64 - Finds: 977024 (0.488512), Inserts: 1022976 (0.511488), Errors: 0 (0)
8/64 - Execution time: 7.56747 seconds
8/64 - Throughput: 264289 ops/sec
18/64 - Performed a throughput benchmark:
18/64 - Performed 2000000 find-or-put operations with random values from [0,...,83199999]
18/64 - Finds: 976971 (0.488486), Inserts: 1023029 (0.511514), Errors: 0 (0)
18/64 - Execution time: 7.57156 seconds
18/64 - Throughput: 264146 ops/sec
19/64 - Performed a throughput benchmark:
19/64 - Performed 2000000 find-or-put operations with random values from [0,...,83199999]
19/64 - Finds: 984835 (0.492418), Inserts: 1015165 (0.507583), Errors: 0 (0)
19/64 - Execution time: 7.66902 seconds
19/64 - Throughput: 260789 ops/sec
41/64 - Performed a throughput benchmark:
41/64 - Performed 2000000 find-or-put operations with random values from [0,...,83199999]
41/64 - Finds: 978197 (0.489098), Inserts: 1021803 (0.510902), Errors: 0 (0)
41/64 - Execution time: 7.5763 seconds
41/64 - Throughput: 263981 ops/sec
30/64 - Performed a throughput benchmark:
30/64 - Performed 2000000 find-or-put operations with random values from [0,...,83199999]
30/64 - Finds: 984510 (0.492255), Inserts: 1015490 (0.507745), Errors: 0 (0)
30/64 - Execution time: 7.62108 seconds
30/64 - Throughput: 262430 ops/sec
24/64 - Performed a throughput benchmark:
24/64 - Performed 2000000 find-or-put operations with random values from [0,...,83199999]
24/64 - Finds: 984139 (0.492069), Inserts: 1015861 (0.50793), Errors: 0 (0)
24/64 - Execution time: 7.64481 seconds
24/64 - Throughput: 261615 ops/sec
31/64 - Performed a throughput benchmark:
31/64 - Performed 2000000 find-or-put operations with random values from [0,...,83199999]
31/64 - Finds: 983762 (0.491881), Inserts: 1016238 (0.508119), Errors: 0 (0)
31/64 - Execution time: 7.61607 seconds
31/64 - Throughput: 262602 ops/sec
34/64 - Performed a throughput benchmark:
34/64 - Performed 2000000 find-or-put operations with random values from [0,...,83199999]
34/64 - Finds: 989073 (0.494536), Inserts: 1010927 (0.505463), Errors: 0 (0)
34/64 - Execution time: 7.6915 seconds
34/64 - Throughput: 260027 ops/sec
25/64 - Performed a throughput benchmark:
25/64 - Performed 2000000 find-or-put operations with random values from [0,...,83199999]
25/64 - Finds: 984702 (0.492351), Inserts: 1015298 (0.507649), Errors: 0 (0)
25/64 - Execution time: 7.67376 seconds
25/64 - Throughput: 260628 ops/sec
9/64 - Performed a throughput benchmark:
9/64 - Performed 2000000 find-or-put operations with random values from [0,...,83199999]
9/64 - Finds: 988245 (0.494123), Inserts: 1011755 (0.505877), Errors: 0 (0)
9/64 - Execution time: 7.68946 seconds
9/64 - Throughput: 260096 ops/sec
5/64 - Performed a throughput benchmark:
5/64 - Performed 2000000 find-or-put operations with random values from [0,...,83199999]
5/64 - Finds: 997715 (0.498858), Inserts: 1002285 (0.501143), Errors: 0 (0)
5/64 - Execution time: 7.80393 seconds
5/64 - Throughput: 256281 ops/sec
4/64 - Performed a throughput benchmark:
4/64 - Performed 2000000 find-or-put operations with random values from [0,...,83199999]
4/64 - Finds: 1001052 (0.500526), Inserts: 998948 (0.499474), Errors: 0 (0)
4/64 - Execution time: 7.84357 seconds
4/64 - Throughput: 254986 ops/sec
7/64 - Performed a throughput benchmark:
7/64 - Performed 2000000 find-or-put operations with random values from [0,...,83199999]
7/64 - Finds: 1002337 (0.501169), Inserts: 997663 (0.498831), Errors: 0 (0)
7/64 - Execution time: 7.87322 seconds
7/64 - Throughput: 254026 ops/sec
[1447404689.176094] [node008:16425:0]         sys.c:719  MXM  WARN  Conflicting CPU frequencies detected, using: 2400.00
