[1447405050.300885] [node008:20827:0]         sys.c:719  MXM  WARN  Conflicting CPU frequencies detected, using: 2296.03
[1447405050.308181] [node008:20827:0]         mxm.c:185  MXM  WARN  The 'ulimit -s' on the system is set to 'unlimited'. This may have negative performance implications. Please set the heap size to the default value (10240) 
[1447405050.644716] [node014:7445 :0]         sys.c:719  MXM  WARN  Conflicting CPU frequencies detected, using: 2781.19
[1447405050.647586] [node014:7445 :0]         mxm.c:185  MXM  WARN  The 'ulimit -s' on the system is set to 'unlimited'. This may have negative performance implications. Please set the heap size to the default value (10240) 
[1447405050.643013] [node016:25305:0]         sys.c:719  MXM  WARN  Conflicting CPU frequencies detected, using: 2783.72
[1447405050.647077] [node016:25305:0]         mxm.c:185  MXM  WARN  The 'ulimit -s' on the system is set to 'unlimited'. This may have negative performance implications. Please set the heap size to the default value (10240) 
[1447405050.648507] [node020:24547:0]         sys.c:719  MXM  WARN  Conflicting CPU frequencies detected, using: 2872.31
[1447405050.654606] [node020:24547:0]         mxm.c:185  MXM  WARN  The 'ulimit -s' on the system is set to 'unlimited'. This may have negative performance implications. Please set the heap size to the default value (10240) 
[1447405050.640153] [node009:1852 :0]         sys.c:719  MXM  WARN  Conflicting CPU frequencies detected, using: 3182.06
[1447405050.646235] [node009:1852 :0]         mxm.c:185  MXM  WARN  The 'ulimit -s' on the system is set to 'unlimited'. This may have negative performance implications. Please set the heap size to the default value (10240) 
[1447405050.645494] [node021:1167 :0]         sys.c:719  MXM  WARN  Conflicting CPU frequencies detected, using: 2788.31
[1447405050.649739] [node021:1167 :0]         mxm.c:185  MXM  WARN  The 'ulimit -s' on the system is set to 'unlimited'. This may have negative performance implications. Please set the heap size to the default value (10240) 
[1447405050.652755] [node019:26621:0]         sys.c:719  MXM  WARN  Conflicting CPU frequencies detected, using: 3108.38
[1447405050.656531] [node019:26621:0]         mxm.c:185  MXM  WARN  The 'ulimit -s' on the system is set to 'unlimited'. This may have negative performance implications. Please set the heap size to the default value (10240) 
[1447405050.639969] [node013:27115:0]         sys.c:719  MXM  WARN  Conflicting CPU frequencies detected, using: 2655.28
[1447405050.646299] [node013:27115:0]         mxm.c:185  MXM  WARN  The 'ulimit -s' on the system is set to 'unlimited'. This may have negative performance implications. Please set the heap size to the default value (10240) 
[1447405050.647048] [node012:32376:0]         sys.c:719  MXM  WARN  Conflicting CPU frequencies detected, using: 2862.47
[1447405050.653597] [node012:32376:0]         mxm.c:185  MXM  WARN  The 'ulimit -s' on the system is set to 'unlimited'. This may have negative performance implications. Please set the heap size to the default value (10240) 
[1447405050.643147] [node011:5035 :0]         sys.c:719  MXM  WARN  Conflicting CPU frequencies detected, using: 2999.91
[1447405050.649208] [node011:5035 :0]         mxm.c:185  MXM  WARN  The 'ulimit -s' on the system is set to 'unlimited'. This may have negative performance implications. Please set the heap size to the default value (10240) 
[1447405050.644456] [node015:16207:0]         sys.c:719  MXM  WARN  Conflicting CPU frequencies detected, using: 2721.00
[1447405050.651130] [node015:16207:0]         mxm.c:185  MXM  WARN  The 'ulimit -s' on the system is set to 'unlimited'. This may have negative performance implications. Please set the heap size to the default value (10240) 
[1447405050.650278] [node010:20027:0]         sys.c:719  MXM  WARN  Conflicting CPU frequencies detected, using: 2891.62
[1447405050.654424] [node010:20027:0]         mxm.c:185  MXM  WARN  The 'ulimit -s' on the system is set to 'unlimited'. This may have negative performance implications. Please set the heap size to the default value (10240) 
[1447405050.652027] [node017:17581:0]         sys.c:719  MXM  WARN  Conflicting CPU frequencies detected, using: 3011.16
[1447405050.658341] [node017:17581:0]         mxm.c:185  MXM  WARN  The 'ulimit -s' on the system is set to 'unlimited'. This may have negative performance implications. Please set the heap size to the default value (10240) 
[1447405050.651023] [node023:16533:0]         sys.c:719  MXM  WARN  Conflicting CPU frequencies detected, using: 2781.47
[1447405050.657483] [node023:16533:0]         mxm.c:185  MXM  WARN  The 'ulimit -s' on the system is set to 'unlimited'. This may have negative performance implications. Please set the heap size to the default value (10240) 
[1447405050.649904] [node018:20014:0]         sys.c:719  MXM  WARN  Conflicting CPU frequencies detected, using: 2687.06
[1447405050.656284] [node018:20014:0]         mxm.c:185  MXM  WARN  The 'ulimit -s' on the system is set to 'unlimited'. This may have negative performance implications. Please set the heap size to the default value (10240) 
[1447405050.660631] [node022:28580:0]         sys.c:719  MXM  WARN  Conflicting CPU frequencies detected, using: 2666.06
[1447405050.667088] [node022:28580:0]         mxm.c:185  MXM  WARN  The 'ulimit -s' on the system is set to 'unlimited'. This may have negative performance implications. Please set the heap size to the default value (10240) 
[1447405050.727731] [node037:18391:0]         sys.c:719  MXM  WARN  Conflicting CPU frequencies detected, using: 1887.09
[1447405050.733089] [node037:18391:0]         mxm.c:185  MXM  WARN  The 'ulimit -s' on the system is set to 'unlimited'. This may have negative performance implications. Please set the heap size to the default value (10240) 
[1447405050.737958] [node035:12223:0]         sys.c:719  MXM  WARN  Conflicting CPU frequencies detected, using: 1806.66
[1447405050.743001] [node035:12223:0]         mxm.c:185  MXM  WARN  The 'ulimit -s' on the system is set to 'unlimited'. This may have negative performance implications. Please set the heap size to the default value (10240) 
[1447405050.740372] [node030:11923:0]         sys.c:719  MXM  WARN  Conflicting CPU frequencies detected, using: 1618.88
[1447405050.747516] [node030:11923:0]         mxm.c:185  MXM  WARN  The 'ulimit -s' on the system is set to 'unlimited'. This may have negative performance implications. Please set the heap size to the default value (10240) 
[1447405050.751588] [node036:14735:0]         sys.c:719  MXM  WARN  Conflicting CPU frequencies detected, using: 1641.47
[1447405050.757381] [node036:14735:0]         mxm.c:185  MXM  WARN  The 'ulimit -s' on the system is set to 'unlimited'. This may have negative performance implications. Please set the heap size to the default value (10240) 
[1447405050.758956] [node033:16632:0]         sys.c:719  MXM  WARN  Conflicting CPU frequencies detected, using: 1707.94
[1447405050.765423] [node033:16632:0]         mxm.c:185  MXM  WARN  The 'ulimit -s' on the system is set to 'unlimited'. This may have negative performance implications. Please set the heap size to the default value (10240) 
[1447405050.764568] [node038:14783:0]         sys.c:719  MXM  WARN  Conflicting CPU frequencies detected, using: 1869.84
[1447405050.771420] [node038:14783:0]         mxm.c:185  MXM  WARN  The 'ulimit -s' on the system is set to 'unlimited'. This may have negative performance implications. Please set the heap size to the default value (10240) 
[1447405050.775430] [node044:20516:0]         sys.c:719  MXM  WARN  Conflicting CPU frequencies detected, using: 1998.19
[1447405050.782581] [node044:20516:0]         mxm.c:185  MXM  WARN  The 'ulimit -s' on the system is set to 'unlimited'. This may have negative performance implications. Please set the heap size to the default value (10240) 
[1447405050.766598] [node045:18859:0]         sys.c:719  MXM  WARN  Conflicting CPU frequencies detected, using: 1492.78
[1447405050.773831] [node045:18859:0]         mxm.c:185  MXM  WARN  The 'ulimit -s' on the system is set to 'unlimited'. This may have negative performance implications. Please set the heap size to the default value (10240) 
[1447405050.782016] [node032:12434:0]         sys.c:719  MXM  WARN  Conflicting CPU frequencies detected, using: 1576.59
[1447405050.789518] [node032:12434:0]         mxm.c:185  MXM  WARN  The 'ulimit -s' on the system is set to 'unlimited'. This may have negative performance implications. Please set the heap size to the default value (10240) 
[1447405051.755327] [node040:19365:0]         sys.c:719  MXM  WARN  Conflicting CPU frequencies detected, using: 1489.69
[1447405051.763034] [node040:19365:0]         mxm.c:185  MXM  WARN  The 'ulimit -s' on the system is set to 'unlimited'. This may have negative performance implications. Please set the heap size to the default value (10240) 
[1447405051.782530] [node034:19601:0]         sys.c:719  MXM  WARN  Conflicting CPU frequencies detected, using: 1745.25
[1447405051.790950] [node034:19601:0]         mxm.c:185  MXM  WARN  The 'ulimit -s' on the system is set to 'unlimited'. This may have negative performance implications. Please set the heap size to the default value (10240) 
[1447405052.746757] [node042:11498:0]         sys.c:719  MXM  WARN  Conflicting CPU frequencies detected, using: 1557.66
[1447405052.755022] [node042:11498:0]         mxm.c:185  MXM  WARN  The 'ulimit -s' on the system is set to 'unlimited'. This may have negative performance implications. Please set the heap size to the default value (10240) 
[1447405052.759622] [node031:14019:0]         sys.c:719  MXM  WARN  Conflicting CPU frequencies detected, using: 1457.34
[1447405052.767314] [node031:14019:0]         mxm.c:185  MXM  WARN  The 'ulimit -s' on the system is set to 'unlimited'. This may have negative performance implications. Please set the heap size to the default value (10240) 
[1447405052.771674] [node041:17867:0]         sys.c:719  MXM  WARN  Conflicting CPU frequencies detected, using: 1693.78
[1447405052.780106] [node041:17867:0]         mxm.c:185  MXM  WARN  The 'ulimit -s' on the system is set to 'unlimited'. This may have negative performance implications. Please set the heap size to the default value (10240) 
[1447405053.766190] [node039:11205:0]         sys.c:719  MXM  WARN  Conflicting CPU frequencies detected, using: 1733.72
[1447405053.774854] [node039:11205:0]         mxm.c:185  MXM  WARN  The 'ulimit -s' on the system is set to 'unlimited'. This may have negative performance implications. Please set the heap size to the default value (10240) 
[1447405054.788952] [node043:22658:0]         sys.c:719  MXM  WARN  Conflicting CPU frequencies detected, using: 1654.03
[1447405054.797297] [node043:22658:0]         mxm.c:185  MXM  WARN  The 'ulimit -s' on the system is set to 'unlimited'. This may have negative performance implications. Please set the heap size to the default value (10240) 
UPCR: UPC thread  0 of 32 on node008 (pshm node  0 of 32, process  0 of 32, pid=20827)
UPCR: UPC thread  9 of 32 on node017 (pshm node  9 of 32, process  9 of 32, pid=17581)
UPCR: UPC thread 13 of 32 on node021 (pshm node 13 of 32, process 13 of 32, pid=1167)
UPCR: UPC thread  7 of 32 on node015 (pshm node  7 of 32, process  7 of 32, pid=16207)
UPCR: UPC thread  3 of 32 on node011 (pshm node  3 of 32, process  3 of 32, pid=5035)
UPCR: UPC thread 23 of 32 on node037 (pshm node 23 of 32, process 23 of 32, pid=18391)
UPCR: UPC thread 19 of 32 on node033 (pshm node 19 of 32, process 19 of 32, pid=16632)
UPCR: UPC thread  5 of 32 on node013 (pshm node  5 of 32, process  5 of 32, pid=27115)
UPCR: UPC thread 31 of 32 on node045 (pshm node 31 of 32, process 31 of 32, pid=18859)
UPCR: UPC thread 21 of 32 on node035 (pshm node 21 of 32, process 21 of 32, pid=12223)
UPCR: UPC thread 17 of 32 on node031 (pshm node 17 of 32, process 17 of 32, pid=14019)
UPCR: UPC thread 15 of 32 on node023 (pshm node 15 of 32, process 15 of 32, pid=16533)
UPCR: UPC thread  1 of 32 on node009 (pshm node  1 of 32, process  1 of 32, pid=1852)
UPCR: UPC thread 16 of 32 on node030 (pshm node 16 of 32, process 16 of 32, pid=11923)
UPCR: UPC thread 11 of 32 on node019 (pshm node 11 of 32, process 11 of 32, pid=26621)
UPCR: UPC thread 18 of 32 on node032 (pshm node 18 of 32, process 18 of 32, pid=12434)
UPCR: UPC thread 14 of 32 on node022 (pshm node 14 of 32, process 14 of 32, pid=28580)
UPCR: UPC thread 22 of 32 on node036 (pshm node 22 of 32, process 22 of 32, pid=14735)
UPCR: UPC thread  4 of 32 on node012 (pshm node  4 of 32, process  4 of 32, pid=32376)
UPCR: UPC thread  2 of 32 on node010 (pshm node  2 of 32, process  2 of 32, pid=20027)
UPCR: UPC thread 26 of 32 on node040 (pshm node 26 of 32, process 26 of 32, pid=19365)
UPCR: UPC thread 10 of 32 on node018 (pshm node 10 of 32, process 10 of 32, pid=20014)
UPCR: UPC thread  6 of 32 on node014 (pshm node  6 of 32, process  6 of 32, pid=7445)
UPCR: UPC thread 12 of 32 on node020 (pshm node 12 of 32, process 12 of 32, pid=24547)
UPCR: UPC thread  8 of 32 on node016 (pshm node  8 of 32, process  8 of 32, pid=25305)
UPCR: UPC thread 24 of 32 on node038 (pshm node 24 of 32, process 24 of 32, pid=14783)
UPCR: UPC thread 30 of 32 on node044 (pshm node 30 of 32, process 30 of 32, pid=20516)
UPCR: UPC thread 29 of 32 on node043 (pshm node 29 of 32, process 29 of 32, pid=22658)
UPCR: UPC thread 27 of 32 on node041 (pshm node 27 of 32, process 27 of 32, pid=17867)
UPCR: UPC thread 20 of 32 on node034 (pshm node 20 of 32, process 20 of 32, pid=19601)
UPCR: UPC thread 28 of 32 on node042 (pshm node 28 of 32, process 28 of 32, pid=11498)
UPCR: UPC thread 25 of 32 on node039 (pshm node 25 of 32, process 25 of 32, pid=11205)
0/32 - htable initialized
0/32 - table size: 34359738368 bytes (32768 MB)
0/32 - total number of buckets: 4294967296
0/32 - block size: 1073741824 (1024 MB)
0/32 - number of buckets in block: 134217728
0/32 - number of blocks: 32
8/32 - Performed a throughput benchmark:
8/32 - Performed 2000000 find-or-put operations with random values from [0,...,41599999]
8/32 - Finds: 973150 (0.486575), Inserts: 1026850 (0.513425), Errors: 0 (0)
8/32 - Execution time: 7.09462 seconds
8/32 - Throughput: 281904 ops/sec
16/32 - Performed a throughput benchmark:
16/32 - Performed 2000000 find-or-put operations with random values from [0,...,41599999]
16/32 - Finds: 977230 (0.488615), Inserts: 1022770 (0.511385), Errors: 0 (0)
16/32 - Execution time: 7.14558 seconds
16/32 - Throughput: 279893 ops/sec
25/32 - Performed a throughput benchmark:
25/32 - Performed 2000000 find-or-put operations with random values from [0,...,41599999]
25/32 - Finds: 979339 (0.489669), Inserts: 1020661 (0.510331), Errors: 0 (0)
25/32 - Execution time: 7.15816 seconds
25/32 - Throughput: 279401 ops/sec
19/32 - Performed a throughput benchmark:
19/32 - Performed 2000000 find-or-put operations with random values from [0,...,41599999]
19/32 - Finds: 978563 (0.489281), Inserts: 1021437 (0.510718), Errors: 0 (0)
19/32 - Execution time: 7.16045 seconds
19/32 - Throughput: 279312 ops/sec
29/32 - Performed a throughput benchmark:
29/32 - Performed 2000000 find-or-put operations with random values from [0,...,41599999]
29/32 - Finds: 978974 (0.489487), Inserts: 1021026 (0.510513), Errors: 0 (0)
29/32 - Execution time: 7.16998 seconds
29/32 - Throughput: 278941 ops/sec
1/32 - Performed a throughput benchmark:
1/32 - Performed 2000000 find-or-put operations with random values from [0,...,41599999]
1/32 - Finds: 977462 (0.488731), Inserts: 1022538 (0.511269), Errors: 0 (0)
1/32 - Execution time: 7.1481 seconds
1/32 - Throughput: 279795 ops/sec
18/32 - Performed a throughput benchmark:
18/32 - Performed 2000000 find-or-put operations with random values from [0,...,41599999]
18/32 - Finds: 979536 (0.489768), Inserts: 1020464 (0.510232), Errors: 0 (0)
18/32 - Execution time: 7.16503 seconds
18/32 - Throughput: 279134 ops/sec
9/32 - Performed a throughput benchmark:
9/32 - Performed 2000000 find-or-put operations with random values from [0,...,41599999]
9/32 - Finds: 979828 (0.489914), Inserts: 1020172 (0.510086), Errors: 0 (0)
9/32 - Execution time: 7.16941 seconds
9/32 - Throughput: 278963 ops/sec
24/32 - Performed a throughput benchmark:
24/32 - Performed 2000000 find-or-put operations with random values from [0,...,41599999]
24/32 - Finds: 978375 (0.489187), Inserts: 1021625 (0.510813), Errors: 0 (0)
24/32 - Execution time: 7.15492 seconds
24/32 - Throughput: 279528 ops/sec
3/32 - Performed a throughput benchmark:
3/32 - Performed 2000000 find-or-put operations with random values from [0,...,41599999]
3/32 - Finds: 975637 (0.487818), Inserts: 1024363 (0.512181), Errors: 0 (0)
3/32 - Execution time: 7.1496 seconds
3/32 - Throughput: 279736 ops/sec
28/32 - Performed a throughput benchmark:
28/32 - Performed 2000000 find-or-put operations with random values from [0,...,41599999]
28/32 - Finds: 981044 (0.490522), Inserts: 1018956 (0.509478), Errors: 0 (0)
28/32 - Execution time: 7.1738 seconds
28/32 - Throughput: 278792 ops/sec
22/32 - Performed a throughput benchmark:
22/32 - Performed 2000000 find-or-put operations with random values from [0,...,41599999]
22/32 - Finds: 982279 (0.49114), Inserts: 1017721 (0.508861), Errors: 0 (0)
22/32 - Execution time: 7.18679 seconds
22/32 - Throughput: 278288 ops/sec
23/32 - Performed a throughput benchmark:
23/32 - Performed 2000000 find-or-put operations with random values from [0,...,41599999]
23/32 - Finds: 979985 (0.489992), Inserts: 1020015 (0.510007), Errors: 0 (0)
23/32 - Execution time: 7.16671 seconds
23/32 - Throughput: 279068 ops/sec
4/32 - Performed a throughput benchmark:
4/32 - Performed 2000000 find-or-put operations with random values from [0,...,41599999]
4/32 - Finds: 979900 (0.48995), Inserts: 1020100 (0.51005), Errors: 0 (0)
4/32 - Execution time: 7.16321 seconds
4/32 - Throughput: 279204 ops/sec
12/32 - Performed a throughput benchmark:
12/32 - Performed 2000000 find-or-put operations with random values from [0,...,41599999]
12/32 - Finds: 976659 (0.48833), Inserts: 1023341 (0.511671), Errors: 0 (0)
12/32 - Execution time: 7.15444 seconds
12/32 - Throughput: 279547 ops/sec
2/32 - Performed a throughput benchmark:
2/32 - Performed 2000000 find-or-put operations with random values from [0,...,41599999]
2/32 - Finds: 977610 (0.488805), Inserts: 1022390 (0.511195), Errors: 0 (0)
2/32 - Execution time: 7.15606 seconds
2/32 - Throughput: 279483 ops/sec
30/32 - Performed a throughput benchmark:
30/32 - Performed 2000000 find-or-put operations with random values from [0,...,41599999]
30/32 - Finds: 979337 (0.489669), Inserts: 1020663 (0.510332), Errors: 0 (0)
30/32 - Execution time: 7.17641 seconds
30/32 - Throughput: 278691 ops/sec
21/32 - Performed a throughput benchmark:
21/32 - Performed 2000000 find-or-put operations with random values from [0,...,41599999]
21/32 - Finds: 980735 (0.490368), Inserts: 1019265 (0.509633), Errors: 0 (0)
21/32 - Execution time: 7.18143 seconds
21/32 - Throughput: 278496 ops/sec
20/32 - Performed a throughput benchmark:
20/32 - Performed 2000000 find-or-put operations with random values from [0,...,41599999]
20/32 - Finds: 980806 (0.490403), Inserts: 1019194 (0.509597), Errors: 0 (0)
20/32 - Execution time: 7.17513 seconds
20/32 - Throughput: 278741 ops/sec
27/32 - Performed a throughput benchmark:
27/32 - Performed 2000000 find-or-put operations with random values from [0,...,41599999]
27/32 - Finds: 979423 (0.489712), Inserts: 1020577 (0.510289), Errors: 0 (0)
27/32 - Execution time: 7.18855 seconds
27/32 - Throughput: 278220 ops/sec
31/32 - Performed a throughput benchmark:
31/32 - Performed 2000000 find-or-put operations with random values from [0,...,41599999]
31/32 - Finds: 979717 (0.489858), Inserts: 1020283 (0.510142), Errors: 0 (0)
31/32 - Execution time: 7.17149 seconds
31/32 - Throughput: 278882 ops/sec
26/32 - Performed a throughput benchmark:
26/32 - Performed 2000000 find-or-put operations with random values from [0,...,41599999]
26/32 - Finds: 981270 (0.490635), Inserts: 1018730 (0.509365), Errors: 0 (0)
26/32 - Execution time: 7.17747 seconds
26/32 - Throughput: 278650 ops/sec
17/32 - Performed a throughput benchmark:
17/32 - Performed 2000000 find-or-put operations with random values from [0,...,41599999]
17/32 - Finds: 984955 (0.492478), Inserts: 1015045 (0.507522), Errors: 0 (0)
17/32 - Execution time: 7.1955 seconds
17/32 - Throughput: 277952 ops/sec
13/32 - Performed a throughput benchmark:
13/32 - Performed 2000000 find-or-put operations with random values from [0,...,41599999]
13/32 - Finds: 978860 (0.48943), Inserts: 1021140 (0.51057), Errors: 0 (0)
13/32 - Execution time: 7.1498 seconds
13/32 - Throughput: 279728 ops/sec
6/32 - Performed a throughput benchmark:
6/32 - Performed 2000000 find-or-put operations with random values from [0,...,41599999]
6/32 - Finds: 979219 (0.489609), Inserts: 1020781 (0.51039), Errors: 0 (0)
6/32 - Execution time: 7.15265 seconds
6/32 - Throughput: 279617 ops/sec
0/32 - Performed a throughput benchmark:
0/32 - Performed 2000000 find-or-put operations with random values from [0,...,41599999]
0/32 - Finds: 981611 (0.490806), Inserts: 1018389 (0.509194), Errors: 0 (0)
0/32 - Execution time: 7.17635 seconds
0/32 - Throughput: 278693 ops/sec
15/32 - Performed a throughput benchmark:
15/32 - Performed 2000000 find-or-put operations with random values from [0,...,41599999]
15/32 - Finds: 974558 (0.487279), Inserts: 1025442 (0.512721), Errors: 0 (0)
15/32 - Execution time: 7.14695 seconds
15/32 - Throughput: 279840 ops/sec
10/32 - Performed a throughput benchmark:
10/32 - Performed 2000000 find-or-put operations with random values from [0,...,41599999]
10/32 - Finds: 982031 (0.491015), Inserts: 1017969 (0.508984), Errors: 0 (0)
10/32 - Execution time: 7.21197 seconds
10/32 - Throughput: 277317 ops/sec
11/32 - Performed a throughput benchmark:
11/32 - Performed 2000000 find-or-put operations with random values from [0,...,41599999]
11/32 - Finds: 979629 (0.489814), Inserts: 1020371 (0.510185), Errors: 0 (0)
11/32 - Execution time: 7.17105 seconds
11/32 - Throughput: 278899 ops/sec
5/32 - Performed a throughput benchmark:
5/32 - Performed 2000000 find-or-put operations with random values from [0,...,41599999]
5/32 - Finds: 978438 (0.489219), Inserts: 1021562 (0.510781), Errors: 0 (0)
5/32 - Execution time: 7.15156 seconds
5/32 - Throughput: 279659 ops/sec
14/32 - Performed a throughput benchmark:
14/32 - Performed 2000000 find-or-put operations with random values from [0,...,41599999]
14/32 - Finds: 979650 (0.489825), Inserts: 1020350 (0.510175), Errors: 0 (0)
14/32 - Execution time: 7.17462 seconds
14/32 - Throughput: 278760 ops/sec
7/32 - Performed a throughput benchmark:
7/32 - Performed 2000000 find-or-put operations with random values from [0,...,41599999]
7/32 - Finds: 980427 (0.490214), Inserts: 1019573 (0.509787), Errors: 0 (0)
7/32 - Execution time: 7.16707 seconds
7/32 - Throughput: 279054 ops/sec
[1447405050.283220] [node008:20782:0]         sys.c:719  MXM  WARN  Conflicting CPU frequencies detected, using: 3155.72
