[1447404969.887946] [node008:19380:0]         sys.c:719  MXM  WARN  Conflicting CPU frequencies detected, using: 1553.62
[1447404969.928352] [node008:19380:0]         mxm.c:185  MXM  WARN  The 'ulimit -s' on the system is set to 'unlimited'. This may have negative performance implications. Please set the heap size to the default value (10240) 
[1447404969.887835] [node008:19377:0]         sys.c:719  MXM  WARN  Conflicting CPU frequencies detected, using: 1553.62
[1447404969.925333] [node008:19377:0]         mxm.c:185  MXM  WARN  The 'ulimit -s' on the system is set to 'unlimited'. This may have negative performance implications. Please set the heap size to the default value (10240) 
[1447404969.888047] [node008:19382:0]         sys.c:719  MXM  WARN  Conflicting CPU frequencies detected, using: 1553.62
[1447404969.929365] [node008:19382:0]         mxm.c:185  MXM  WARN  The 'ulimit -s' on the system is set to 'unlimited'. This may have negative performance implications. Please set the heap size to the default value (10240) 
[1447404969.888232] [node008:19378:0]         sys.c:719  MXM  WARN  Conflicting CPU frequencies detected, using: 1553.62
[1447404969.941255] [node008:19378:0]         mxm.c:185  MXM  WARN  The 'ulimit -s' on the system is set to 'unlimited'. This may have negative performance implications. Please set the heap size to the default value (10240) 
[1447404969.888555] [node008:19383:0]         sys.c:719  MXM  WARN  Conflicting CPU frequencies detected, using: 1553.62
[1447404969.942795] [node008:19383:0]         mxm.c:185  MXM  WARN  The 'ulimit -s' on the system is set to 'unlimited'. This may have negative performance implications. Please set the heap size to the default value (10240) 
[1447404969.888575] [node008:19379:0]         sys.c:719  MXM  WARN  Conflicting CPU frequencies detected, using: 1553.62
[1447404969.942007] [node008:19379:0]         mxm.c:185  MXM  WARN  The 'ulimit -s' on the system is set to 'unlimited'. This may have negative performance implications. Please set the heap size to the default value (10240) 
[1447404969.889578] [node008:19384:0]         sys.c:719  MXM  WARN  Conflicting CPU frequencies detected, using: 1553.62
[1447404969.946254] [node008:19384:0]         mxm.c:185  MXM  WARN  The 'ulimit -s' on the system is set to 'unlimited'. This may have negative performance implications. Please set the heap size to the default value (10240) 
[1447404969.888451] [node008:19381:0]         sys.c:719  MXM  WARN  Conflicting CPU frequencies detected, using: 1553.62
[1447404969.938110] [node008:19381:0]         mxm.c:185  MXM  WARN  The 'ulimit -s' on the system is set to 'unlimited'. This may have negative performance implications. Please set the heap size to the default value (10240) 
[1447404970.416924] [node009:31119:0]         sys.c:719  MXM  WARN  Conflicting CPU frequencies detected, using: 2096.53
[1447404970.422336] [node009:31119:0]         mxm.c:185  MXM  WARN  The 'ulimit -s' on the system is set to 'unlimited'. This may have negative performance implications. Please set the heap size to the default value (10240) 
[1447404970.446280] [node009:31136:0]         sys.c:719  MXM  WARN  Conflicting CPU frequencies detected, using: 2114.91
[1447404970.451984] [node009:31136:0]         mxm.c:185  MXM  WARN  The 'ulimit -s' on the system is set to 'unlimited'. This may have negative performance implications. Please set the heap size to the default value (10240) 
[1447404970.526475] [node009:31187:0]         sys.c:719  MXM  WARN  Conflicting CPU frequencies detected, using: 2400.00
[1447404970.531911] [node009:31187:0]         mxm.c:185  MXM  WARN  The 'ulimit -s' on the system is set to 'unlimited'. This may have negative performance implications. Please set the heap size to the default value (10240) 
[1447404970.580890] [node009:31225:0]         sys.c:719  MXM  WARN  Conflicting CPU frequencies detected, using: 2400.00
[1447404970.585997] [node009:31225:0]         mxm.c:185  MXM  WARN  The 'ulimit -s' on the system is set to 'unlimited'. This may have negative performance implications. Please set the heap size to the default value (10240) 
[1447404970.644090] [node009:31250:0]         sys.c:719  MXM  WARN  Conflicting CPU frequencies detected, using: 2400.00
[1447404970.649130] [node009:31250:0]         mxm.c:185  MXM  WARN  The 'ulimit -s' on the system is set to 'unlimited'. This may have negative performance implications. Please set the heap size to the default value (10240) 
[1447404970.648695] [node009:31261:0]         sys.c:719  MXM  WARN  Conflicting CPU frequencies detected, using: 2400.00
[1447404970.654689] [node009:31261:0]         mxm.c:185  MXM  WARN  The 'ulimit -s' on the system is set to 'unlimited'. This may have negative performance implications. Please set the heap size to the default value (10240) 
[1447404970.666307] [node009:31301:0]         sys.c:719  MXM  WARN  Conflicting CPU frequencies detected, using: 2400.00
[1447404970.673824] [node009:31301:0]         mxm.c:185  MXM  WARN  The 'ulimit -s' on the system is set to 'unlimited'. This may have negative performance implications. Please set the heap size to the default value (10240) 
[1447404970.668054] [node013:23982:0]         sys.c:719  MXM  WARN  Conflicting CPU frequencies detected, using: 2386.59
[1447404970.674432] [node013:23982:0]         mxm.c:185  MXM  WARN  The 'ulimit -s' on the system is set to 'unlimited'. This may have negative performance implications. Please set the heap size to the default value (10240) 
[1447404970.687148] [node010:16900:0]         sys.c:719  MXM  WARN  Conflicting CPU frequencies detected, using: 2199.94
[1447404970.690871] [node010:16900:0]         mxm.c:185  MXM  WARN  The 'ulimit -s' on the system is set to 'unlimited'. This may have negative performance implications. Please set the heap size to the default value (10240) 
[1447404970.688854] [node010:16899:0]         sys.c:719  MXM  WARN  Conflicting CPU frequencies detected, using: 2218.97
[1447404970.692045] [node010:16899:0]         mxm.c:185  MXM  WARN  The 'ulimit -s' on the system is set to 'unlimited'. This may have negative performance implications. Please set the heap size to the default value (10240) 
[1447404970.681542] [node012:29240:0]         sys.c:719  MXM  WARN  Conflicting CPU frequencies detected, using: 2095.59
[1447404970.688424] [node012:29240:0]         mxm.c:185  MXM  WARN  The 'ulimit -s' on the system is set to 'unlimited'. This may have negative performance implications. Please set the heap size to the default value (10240) 
[1447404970.704754] [node010:16901:0]         sys.c:719  MXM  WARN  Conflicting CPU frequencies detected, using: 2280.94
[1447404970.707981] [node010:16901:0]         mxm.c:185  MXM  WARN  The 'ulimit -s' on the system is set to 'unlimited'. This may have negative performance implications. Please set the heap size to the default value (10240) 
[1447404970.697439] [node010:16902:0]         sys.c:719  MXM  WARN  Conflicting CPU frequencies detected, using: 2218.97
[1447404970.701533] [node010:16902:0]         mxm.c:185  MXM  WARN  The 'ulimit -s' on the system is set to 'unlimited'. This may have negative performance implications. Please set the heap size to the default value (10240) 
[1447404970.698890] [node011:1790 :0]         sys.c:719  MXM  WARN  Conflicting CPU frequencies detected, using: 2392.69
[1447404970.704057] [node011:1790 :0]         mxm.c:185  MXM  WARN  The 'ulimit -s' on the system is set to 'unlimited'. This may have negative performance implications. Please set the heap size to the default value (10240) 
[1447404970.682907] [node012:29254:0]         sys.c:719  MXM  WARN  Conflicting CPU frequencies detected, using: 2095.59
[1447404970.690528] [node012:29254:0]         mxm.c:185  MXM  WARN  The 'ulimit -s' on the system is set to 'unlimited'. This may have negative performance implications. Please set the heap size to the default value (10240) 
[1447404970.707532] [node011:1792 :0]         sys.c:719  MXM  WARN  Conflicting CPU frequencies detected, using: 2400.00
[1447404970.715305] [node011:1792 :0]         mxm.c:185  MXM  WARN  The 'ulimit -s' on the system is set to 'unlimited'. This may have negative performance implications. Please set the heap size to the default value (10240) 
[1447404970.716433] [node011:1793 :0]         sys.c:719  MXM  WARN  Conflicting CPU frequencies detected, using: 2400.00
[1447404970.723654] [node011:1793 :0]         mxm.c:185  MXM  WARN  The 'ulimit -s' on the system is set to 'unlimited'. This may have negative performance implications. Please set the heap size to the default value (10240) 
[1447404970.717388] [node011:1791 :0]         sys.c:719  MXM  WARN  Conflicting CPU frequencies detected, using: 2400.00
[1447404970.726078] [node011:1791 :0]         mxm.c:185  MXM  WARN  The 'ulimit -s' on the system is set to 'unlimited'. This may have negative performance implications. Please set the heap size to the default value (10240) 
[1447404970.725481] [node011:1794 :0]         sys.c:719  MXM  WARN  Conflicting CPU frequencies detected, using: 2400.00
[1447404970.734577] [node011:1794 :0]         mxm.c:185  MXM  WARN  The 'ulimit -s' on the system is set to 'unlimited'. This may have negative performance implications. Please set the heap size to the default value (10240) 
[1447404970.899383] [node011:1999 :0]         sys.c:719  MXM  WARN  Conflicting CPU frequencies detected, using: 2400.28
[1447404970.905307] [node011:1999 :0]         mxm.c:185  MXM  WARN  The 'ulimit -s' on the system is set to 'unlimited'. This may have negative performance implications. Please set the heap size to the default value (10240) 
[1447404970.919915] [node010:17059:0]         sys.c:719  MXM  WARN  Conflicting CPU frequencies detected, using: 2330.16
[1447404970.924320] [node010:17059:0]         mxm.c:185  MXM  WARN  The 'ulimit -s' on the system is set to 'unlimited'. This may have negative performance implications. Please set the heap size to the default value (10240) 
[1447404970.912286] [node018:16884:0]         sys.c:719  MXM  WARN  Conflicting CPU frequencies detected, using: 2400.19
[1447404970.917923] [node018:16884:0]         mxm.c:185  MXM  WARN  The 'ulimit -s' on the system is set to 'unlimited'. This may have negative performance implications. Please set the heap size to the default value (10240) 
[1447404970.908493] [node011:1998 :0]         sys.c:719  MXM  WARN  Conflicting CPU frequencies detected, using: 2400.00
[1447404970.914803] [node011:1998 :0]         mxm.c:185  MXM  WARN  The 'ulimit -s' on the system is set to 'unlimited'. This may have negative performance implications. Please set the heap size to the default value (10240) 
[1447404970.926837] [node022:25441:0]         sys.c:719  MXM  WARN  Conflicting CPU frequencies detected, using: 2400.09
[1447404970.932424] [node022:25441:0]         mxm.c:185  MXM  WARN  The 'ulimit -s' on the system is set to 'unlimited'. This may have negative performance implications. Please set the heap size to the default value (10240) 
[1447404970.931890] [node010:17065:0]         sys.c:719  MXM  WARN  Conflicting CPU frequencies detected, using: 2337.56
[1447404970.935064] [node010:17065:0]         mxm.c:185  MXM  WARN  The 'ulimit -s' on the system is set to 'unlimited'. This may have negative performance implications. Please set the heap size to the default value (10240) 
[1447404970.926086] [node010:17060:0]         sys.c:719  MXM  WARN  Conflicting CPU frequencies detected, using: 2218.69
[1447404970.929753] [node010:17060:0]         mxm.c:185  MXM  WARN  The 'ulimit -s' on the system is set to 'unlimited'. This may have negative performance implications. Please set the heap size to the default value (10240) 
[1447404970.918650] [node011:2006 :0]         sys.c:719  MXM  WARN  Conflicting CPU frequencies detected, using: 2394.28
[1447404970.925931] [node011:2006 :0]         mxm.c:185  MXM  WARN  The 'ulimit -s' on the system is set to 'unlimited'. This may have negative performance implications. Please set the heap size to the default value (10240) 
[1447404970.923393] [node009:31399:0]         sys.c:719  MXM  WARN  Conflicting CPU frequencies detected, using: 2400.00
[1447404970.929089] [node009:31399:0]         mxm.c:185  MXM  WARN  The 'ulimit -s' on the system is set to 'unlimited'. This may have negative performance implications. Please set the heap size to the default value (10240) 
[1447404970.931725] [node013:24025:0]         sys.c:719  MXM  WARN  Conflicting CPU frequencies detected, using: 2400.00
[1447404970.938222] [node013:24025:0]         mxm.c:185  MXM  WARN  The 'ulimit -s' on the system is set to 'unlimited'. This may have negative performance implications. Please set the heap size to the default value (10240) 
[1447404970.948641] [node010:17073:0]         sys.c:719  MXM  WARN  Conflicting CPU frequencies detected, using: 2399.91
[1447404970.952646] [node010:17073:0]         mxm.c:185  MXM  WARN  The 'ulimit -s' on the system is set to 'unlimited'. This may have negative performance implications. Please set the heap size to the default value (10240) 
[1447404970.939645] [node013:24033:0]         sys.c:719  MXM  WARN  Conflicting CPU frequencies detected, using: 2400.19
[1447404970.946712] [node013:24033:0]         mxm.c:185  MXM  WARN  The 'ulimit -s' on the system is set to 'unlimited'. This may have negative performance implications. Please set the heap size to the default value (10240) 
[1447404970.937330] [node013:24024:0]         sys.c:719  MXM  WARN  Conflicting CPU frequencies detected, using: 2400.19
[1447404970.944091] [node013:24024:0]         mxm.c:185  MXM  WARN  The 'ulimit -s' on the system is set to 'unlimited'. This may have negative performance implications. Please set the heap size to the default value (10240) 
[1447404970.967813] [node021:30444:0]         sys.c:719  MXM  WARN  Conflicting CPU frequencies detected, using: 2400.00
[1447404970.970679] [node021:30444:0]         mxm.c:185  MXM  WARN  The 'ulimit -s' on the system is set to 'unlimited'. This may have negative performance implications. Please set the heap size to the default value (10240) 
[1447404970.967636] [node019:23494:0]         sys.c:719  MXM  WARN  Conflicting CPU frequencies detected, using: 2399.91
[1447404970.970498] [node019:23494:0]         mxm.c:185  MXM  WARN  The 'ulimit -s' on the system is set to 'unlimited'. This may have negative performance implications. Please set the heap size to the default value (10240) 
[1447404970.971321] [node016:22168:0]         sys.c:719  MXM  WARN  Conflicting CPU frequencies detected, using: 2400.19
[1447404970.975258] [node016:22168:0]         mxm.c:185  MXM  WARN  The 'ulimit -s' on the system is set to 'unlimited'. This may have negative performance implications. Please set the heap size to the default value (10240) 
[1447404970.972202] [node021:30443:0]         sys.c:719  MXM  WARN  Conflicting CPU frequencies detected, using: 2400.00
[1447404970.975537] [node021:30443:0]         mxm.c:185  MXM  WARN  The 'ulimit -s' on the system is set to 'unlimited'. This may have negative performance implications. Please set the heap size to the default value (10240) 
[1447404970.971162] [node019:23501:0]         sys.c:719  MXM  WARN  Conflicting CPU frequencies detected, using: 2400.00
[1447404970.975003] [node019:23501:0]         mxm.c:185  MXM  WARN  The 'ulimit -s' on the system is set to 'unlimited'. This may have negative performance implications. Please set the heap size to the default value (10240) 
[1447404970.975274] [node021:30477:0]         sys.c:719  MXM  WARN  Conflicting CPU frequencies detected, using: 2400.00
[1447404970.977827] [node021:30477:0]         mxm.c:185  MXM  WARN  The 'ulimit -s' on the system is set to 'unlimited'. This may have negative performance implications. Please set the heap size to the default value (10240) 
[1447404970.963549] [node019:23492:0]         sys.c:719  MXM  WARN  Conflicting CPU frequencies detected, using: 2399.91
[1447404970.966874] [node019:23492:0]         mxm.c:185  MXM  WARN  The 'ulimit -s' on the system is set to 'unlimited'. This may have negative performance implications. Please set the heap size to the default value (10240) 
[1447404970.964178] [node019:23481:0]         sys.c:719  MXM  WARN  Conflicting CPU frequencies detected, using: 2399.91
[1447404970.967284] [node019:23481:0]         mxm.c:185  MXM  WARN  The 'ulimit -s' on the system is set to 'unlimited'. This may have negative performance implications. Please set the heap size to the default value (10240) 
[1447404970.972890] [node019:23539:0]         sys.c:719  MXM  WARN  Conflicting CPU frequencies detected, using: 2400.00
[1447404970.976167] [node019:23539:0]         mxm.c:185  MXM  WARN  The 'ulimit -s' on the system is set to 'unlimited'. This may have negative performance implications. Please set the heap size to the default value (10240) 
[1447404970.963689] [node018:16913:0]         sys.c:719  MXM  WARN  Conflicting CPU frequencies detected, using: 2400.19
[1447404970.968969] [node018:16913:0]         mxm.c:185  MXM  WARN  The 'ulimit -s' on the system is set to 'unlimited'. This may have negative performance implications. Please set the heap size to the default value (10240) 
[1447404970.976171] [node021:30476:0]         sys.c:719  MXM  WARN  Conflicting CPU frequencies detected, using: 2400.00
[1447404970.978991] [node021:30476:0]         mxm.c:185  MXM  WARN  The 'ulimit -s' on the system is set to 'unlimited'. This may have negative performance implications. Please set the heap size to the default value (10240) 
[1447404970.981248] [node014:4309 :0]         sys.c:719  MXM  WARN  Conflicting CPU frequencies detected, using: 2400.09
[1447404970.983790] [node014:4309 :0]         mxm.c:185  MXM  WARN  The 'ulimit -s' on the system is set to 'unlimited'. This may have negative performance implications. Please set the heap size to the default value (10240) 
[1447404970.972277] [node016:22174:0]         sys.c:719  MXM  WARN  Conflicting CPU frequencies detected, using: 2400.19
[1447404970.975714] [node016:22174:0]         mxm.c:185  MXM  WARN  The 'ulimit -s' on the system is set to 'unlimited'. This may have negative performance implications. Please set the heap size to the default value (10240) 
[1447404970.979265] [node016:22183:0]         sys.c:719  MXM  WARN  Conflicting CPU frequencies detected, using: 2400.28
[1447404970.982821] [node016:22183:0]         mxm.c:185  MXM  WARN  The 'ulimit -s' on the system is set to 'unlimited'. This may have negative performance implications. Please set the heap size to the default value (10240) 
[1447404970.973886] [node021:30452:0]         sys.c:719  MXM  WARN  Conflicting CPU frequencies detected, using: 2400.00
[1447404970.977076] [node021:30452:0]         mxm.c:185  MXM  WARN  The 'ulimit -s' on the system is set to 'unlimited'. This may have negative performance implications. Please set the heap size to the default value (10240) 
[1447404970.977612] [node014:4319 :0]         sys.c:719  MXM  WARN  Conflicting CPU frequencies detected, using: 2400.09
[1447404970.980515] [node014:4319 :0]         mxm.c:185  MXM  WARN  The 'ulimit -s' on the system is set to 'unlimited'. This may have negative performance implications. Please set the heap size to the default value (10240) 
[1447404970.979814] [node021:30524:0]         sys.c:719  MXM  WARN  Conflicting CPU frequencies detected, using: 2400.00
[1447404970.983963] [node021:30524:0]         mxm.c:185  MXM  WARN  The 'ulimit -s' on the system is set to 'unlimited'. This may have negative performance implications. Please set the heap size to the default value (10240) 
[1447404970.978822] [node019:23502:0]         sys.c:719  MXM  WARN  Conflicting CPU frequencies detected, using: 2400.00
[1447404970.982564] [node019:23502:0]         mxm.c:185  MXM  WARN  The 'ulimit -s' on the system is set to 'unlimited'. This may have negative performance implications. Please set the heap size to the default value (10240) 
[1447404970.967863] [node015:13079:0]         sys.c:719  MXM  WARN  Conflicting CPU frequencies detected, using: 2400.38
[1447404970.973410] [node015:13079:0]         mxm.c:185  MXM  WARN  The 'ulimit -s' on the system is set to 'unlimited'. This may have negative performance implications. Please set the heap size to the default value (10240) 
[1447404970.956662] [node013:24040:0]         sys.c:719  MXM  WARN  Conflicting CPU frequencies detected, using: 2400.00
[1447404970.962926] [node013:24040:0]         mxm.c:185  MXM  WARN  The 'ulimit -s' on the system is set to 'unlimited'. This may have negative performance implications. Please set the heap size to the default value (10240) 
[1447404970.976743] [node014:4329 :0]         sys.c:719  MXM  WARN  Conflicting CPU frequencies detected, using: 2400.09
[1447404970.980671] [node014:4329 :0]         mxm.c:185  MXM  WARN  The 'ulimit -s' on the system is set to 'unlimited'. This may have negative performance implications. Please set the heap size to the default value (10240) 
[1447404970.989200] [node014:4330 :0]         sys.c:719  MXM  WARN  Conflicting CPU frequencies detected, using: 2400.00
[1447404970.992144] [node014:4330 :0]         mxm.c:185  MXM  WARN  The 'ulimit -s' on the system is set to 'unlimited'. This may have negative performance implications. Please set the heap size to the default value (10240) 
[1447404970.979194] [node014:4318 :0]         sys.c:719  MXM  WARN  Conflicting CPU frequencies detected, using: 2400.09
[1447404970.982592] [node014:4318 :0]         mxm.c:185  MXM  WARN  The 'ulimit -s' on the system is set to 'unlimited'. This may have negative performance implications. Please set the heap size to the default value (10240) 
[1447404970.981033] [node016:22185:0]         sys.c:719  MXM  WARN  Conflicting CPU frequencies detected, using: 2400.28
[1447404970.984654] [node016:22185:0]         mxm.c:185  MXM  WARN  The 'ulimit -s' on the system is set to 'unlimited'. This may have negative performance implications. Please set the heap size to the default value (10240) 
[1447404970.958551] [node013:24039:0]         sys.c:719  MXM  WARN  Conflicting CPU frequencies detected, using: 2400.00
[1447404970.966329] [node013:24039:0]         mxm.c:185  MXM  WARN  The 'ulimit -s' on the system is set to 'unlimited'. This may have negative performance implications. Please set the heap size to the default value (10240) 
[1447404970.995905] [node019:23499:0]         sys.c:719  MXM  WARN  Conflicting CPU frequencies detected, using: 2400.00
[1447404970.998840] [node019:23499:0]         mxm.c:185  MXM  WARN  The 'ulimit -s' on the system is set to 'unlimited'. This may have negative performance implications. Please set the heap size to the default value (10240) 
[1447404970.991663] [node019:23493:0]         sys.c:719  MXM  WARN  Conflicting CPU frequencies detected, using: 2400.00
[1447404970.995847] [node019:23493:0]         mxm.c:185  MXM  WARN  The 'ulimit -s' on the system is set to 'unlimited'. This may have negative performance implications. Please set the heap size to the default value (10240) 
[1447404970.971167] [node018:16904:0]         sys.c:719  MXM  WARN  Conflicting CPU frequencies detected, using: 2400.00
[1447404970.977693] [node018:16904:0]         mxm.c:185  MXM  WARN  The 'ulimit -s' on the system is set to 'unlimited'. This may have negative performance implications. Please set the heap size to the default value (10240) 
[1447404970.966261] [node013:24036:0]         sys.c:719  MXM  WARN  Conflicting CPU frequencies detected, using: 2400.00
[1447404970.981254] [node013:24036:0]         mxm.c:185  MXM  WARN  The 'ulimit -s' on the system is set to 'unlimited'. This may have negative performance implications. Please set the heap size to the default value (10240) 
[1447404970.998345] [node021:30447:0]         sys.c:719  MXM  WARN  Conflicting CPU frequencies detected, using: 2400.00
[1447404971.001295] [node021:30447:0]         mxm.c:185  MXM  WARN  The 'ulimit -s' on the system is set to 'unlimited'. This may have negative performance implications. Please set the heap size to the default value (10240) 
[1447404970.973722] [node015:13087:0]         sys.c:719  MXM  WARN  Conflicting CPU frequencies detected, using: 2400.38
[1447404970.983486] [node015:13087:0]         mxm.c:185  MXM  WARN  The 'ulimit -s' on the system is set to 'unlimited'. This may have negative performance implications. Please set the heap size to the default value (10240) 
[1447404971.002575] [node021:30453:0]         sys.c:719  MXM  WARN  Conflicting CPU frequencies detected, using: 2400.00
[1447404971.005505] [node021:30453:0]         mxm.c:185  MXM  WARN  The 'ulimit -s' on the system is set to 'unlimited'. This may have negative performance implications. Please set the heap size to the default value (10240) 
[1447404970.973726] [node015:13100:0]         sys.c:719  MXM  WARN  Conflicting CPU frequencies detected, using: 2400.38
[1447404970.985783] [node015:13100:0]         mxm.c:185  MXM  WARN  The 'ulimit -s' on the system is set to 'unlimited'. This may have negative performance implications. Please set the heap size to the default value (10240) 
[1447404970.979218] [node022:25475:0]         sys.c:719  MXM  WARN  Conflicting CPU frequencies detected, using: 2400.09
[1447404970.985546] [node022:25475:0]         mxm.c:185  MXM  WARN  The 'ulimit -s' on the system is set to 'unlimited'. This may have negative performance implications. Please set the heap size to the default value (10240) 
[1447404970.960913] [node012:29334:0]         sys.c:719  MXM  WARN  Conflicting CPU frequencies detected, using: 2400.00
[1447404970.970055] [node012:29334:0]         mxm.c:185  MXM  WARN  The 'ulimit -s' on the system is set to 'unlimited'. This may have negative performance implications. Please set the heap size to the default value (10240) 
[1447404970.977911] [node017:14447:0]         sys.c:719  MXM  WARN  Conflicting CPU frequencies detected, using: 2400.09
[1447404970.984481] [node017:14447:0]         mxm.c:185  MXM  WARN  The 'ulimit -s' on the system is set to 'unlimited'. This may have negative performance implications. Please set the heap size to the default value (10240) 
[1447404970.975292] [node020:21426:0]         sys.c:719  MXM  WARN  Conflicting CPU frequencies detected, using: 2400.19
[1447404970.982663] [node020:21426:0]         mxm.c:185  MXM  WARN  The 'ulimit -s' on the system is set to 'unlimited'. This may have negative performance implications. Please set the heap size to the default value (10240) 
[1447404970.970163] [node023:13406:0]         sys.c:719  MXM  WARN  Conflicting CPU frequencies detected, using: 2400.00
[1447404970.981870] [node023:13406:0]         mxm.c:185  MXM  WARN  The 'ulimit -s' on the system is set to 'unlimited'. This may have negative performance implications. Please set the heap size to the default value (10240) 
[1447404970.999448] [node016:22188:0]         sys.c:719  MXM  WARN  Conflicting CPU frequencies detected, using: 2400.00
[1447404971.003271] [node016:22188:0]         mxm.c:185  MXM  WARN  The 'ulimit -s' on the system is set to 'unlimited'. This may have negative performance implications. Please set the heap size to the default value (10240) 
[1447404970.951388] [node013:24038:0]         sys.c:719  MXM  WARN  Conflicting CPU frequencies detected, using: 2400.00
[1447404970.959743] [node013:24038:0]         mxm.c:185  MXM  WARN  The 'ulimit -s' on the system is set to 'unlimited'. This may have negative performance implications. Please set the heap size to the default value (10240) 
[1447404971.001787] [node014:4328 :0]         sys.c:719  MXM  WARN  Conflicting CPU frequencies detected, using: 2400.00
[1447404971.005079] [node014:4328 :0]         mxm.c:185  MXM  WARN  The 'ulimit -s' on the system is set to 'unlimited'. This may have negative performance implications. Please set the heap size to the default value (10240) 
[1447404970.975455] [node017:14446:0]         sys.c:719  MXM  WARN  Conflicting CPU frequencies detected, using: 2400.09
[1447404970.982625] [node017:14446:0]         mxm.c:185  MXM  WARN  The 'ulimit -s' on the system is set to 'unlimited'. This may have negative performance implications. Please set the heap size to the default value (10240) 
[1447404970.960913] [node012:29326:0]         sys.c:719  MXM  WARN  Conflicting CPU frequencies detected, using: 2400.00
[1447404970.972383] [node012:29326:0]         mxm.c:185  MXM  WARN  The 'ulimit -s' on the system is set to 'unlimited'. This may have negative performance implications. Please set the heap size to the default value (10240) 
[1447404971.002638] [node016:22186:0]         sys.c:719  MXM  WARN  Conflicting CPU frequencies detected, using: 2400.00
[1447404971.005290] [node016:22186:0]         mxm.c:185  MXM  WARN  The 'ulimit -s' on the system is set to 'unlimited'. This may have negative performance implications. Please set the heap size to the default value (10240) 
[1447404971.006638] [node014:4327 :0]         sys.c:719  MXM  WARN  Conflicting CPU frequencies detected, using: 2400.00
[1447404971.009397] [node014:4327 :0]         mxm.c:185  MXM  WARN  The 'ulimit -s' on the system is set to 'unlimited'. This may have negative performance implications. Please set the heap size to the default value (10240) 
[1447404970.979694] [node018:16890:0]         sys.c:719  MXM  WARN  Conflicting CPU frequencies detected, using: 2400.00
[1447404970.989875] [node018:16890:0]         mxm.c:185  MXM  WARN  The 'ulimit -s' on the system is set to 'unlimited'. This may have negative performance implications. Please set the heap size to the default value (10240) 
[1447404970.969465] [node012:29327:0]         sys.c:719  MXM  WARN  Conflicting CPU frequencies detected, using: 2400.00
[1447404970.983738] [node012:29327:0]         mxm.c:185  MXM  WARN  The 'ulimit -s' on the system is set to 'unlimited'. This may have negative performance implications. Please set the heap size to the default value (10240) 
[1447404970.971737] [node012:29332:0]         sys.c:719  MXM  WARN  Conflicting CPU frequencies detected, using: 2400.00
[1447404970.986358] [node012:29332:0]         mxm.c:185  MXM  WARN  The 'ulimit -s' on the system is set to 'unlimited'. This may have negative performance implications. Please set the heap size to the default value (10240) 
[1447404970.980498] [node022:25461:0]         sys.c:719  MXM  WARN  Conflicting CPU frequencies detected, using: 2400.09
[1447404970.990321] [node022:25461:0]         mxm.c:185  MXM  WARN  The 'ulimit -s' on the system is set to 'unlimited'. This may have negative performance implications. Please set the heap size to the default value (10240) 
[1447404970.964282] [node012:29323:0]         sys.c:719  MXM  WARN  Conflicting CPU frequencies detected, using: 2400.00
[1447404970.975555] [node012:29323:0]         mxm.c:185  MXM  WARN  The 'ulimit -s' on the system is set to 'unlimited'. This may have negative performance implications. Please set the heap size to the default value (10240) 
[1447404970.982419] [node017:14445:0]         sys.c:719  MXM  WARN  Conflicting CPU frequencies detected, using: 2400.09
[1447404970.988116] [node017:14445:0]         mxm.c:185  MXM  WARN  The 'ulimit -s' on the system is set to 'unlimited'. This may have negative performance implications. Please set the heap size to the default value (10240) 
[1447404970.964485] [node012:29328:0]         sys.c:719  MXM  WARN  Conflicting CPU frequencies detected, using: 2400.00
[1447404970.977098] [node012:29328:0]         mxm.c:185  MXM  WARN  The 'ulimit -s' on the system is set to 'unlimited'. This may have negative performance implications. Please set the heap size to the default value (10240) 
[1447404971.012473] [node014:4323 :0]         sys.c:719  MXM  WARN  Conflicting CPU frequencies detected, using: 2400.00
[1447404971.016009] [node014:4323 :0]         mxm.c:185  MXM  WARN  The 'ulimit -s' on the system is set to 'unlimited'. This may have negative performance implications. Please set the heap size to the default value (10240) 
[1447404971.004620] [node016:22182:0]         sys.c:719  MXM  WARN  Conflicting CPU frequencies detected, using: 2400.00
[1447404971.009007] [node016:22182:0]         mxm.c:185  MXM  WARN  The 'ulimit -s' on the system is set to 'unlimited'. This may have negative performance implications. Please set the heap size to the default value (10240) 
[1447404970.977763] [node020:21413:0]         sys.c:719  MXM  WARN  Conflicting CPU frequencies detected, using: 2400.19
[1447404970.984902] [node020:21413:0]         mxm.c:185  MXM  WARN  The 'ulimit -s' on the system is set to 'unlimited'. This may have negative performance implications. Please set the heap size to the default value (10240) 
[1447404970.981124] [node022:25447:0]         sys.c:719  MXM  WARN  Conflicting CPU frequencies detected, using: 2400.09
[1447404970.993664] [node022:25447:0]         mxm.c:185  MXM  WARN  The 'ulimit -s' on the system is set to 'unlimited'. This may have negative performance implications. Please set the heap size to the default value (10240) 
[1447404970.985171] [node020:21436:0]         sys.c:719  MXM  WARN  Conflicting CPU frequencies detected, using: 2400.19
[1447404970.995707] [node020:21436:0]         mxm.c:185  MXM  WARN  The 'ulimit -s' on the system is set to 'unlimited'. This may have negative performance implications. Please set the heap size to the default value (10240) 
[1447404970.970458] [node023:13420:0]         sys.c:719  MXM  WARN  Conflicting CPU frequencies detected, using: 2400.00
[1447404970.984383] [node023:13420:0]         mxm.c:185  MXM  WARN  The 'ulimit -s' on the system is set to 'unlimited'. This may have negative performance implications. Please set the heap size to the default value (10240) 
[1447404970.983058] [node018:16903:0]         sys.c:719  MXM  WARN  Conflicting CPU frequencies detected, using: 2400.00
[1447404970.994750] [node018:16903:0]         mxm.c:185  MXM  WARN  The 'ulimit -s' on the system is set to 'unlimited'. This may have negative performance implications. Please set the heap size to the default value (10240) 
[1447404970.980647] [node022:25460:0]         sys.c:719  MXM  WARN  Conflicting CPU frequencies detected, using: 2400.09
[1447404970.995308] [node022:25460:0]         mxm.c:185  MXM  WARN  The 'ulimit -s' on the system is set to 'unlimited'. This may have negative performance implications. Please set the heap size to the default value (10240) 
[1447404971.009241] [node016:22190:0]         sys.c:719  MXM  WARN  Conflicting CPU frequencies detected, using: 2400.00
[1447404971.013118] [node016:22190:0]         mxm.c:185  MXM  WARN  The 'ulimit -s' on the system is set to 'unlimited'. This may have negative performance implications. Please set the heap size to the default value (10240) 
[1447404970.995224] [node018:16906:0]         sys.c:719  MXM  WARN  Conflicting CPU frequencies detected, using: 2400.00
[1447404971.008481] [node018:16906:0]         mxm.c:185  MXM  WARN  The 'ulimit -s' on the system is set to 'unlimited'. This may have negative performance implications. Please set the heap size to the default value (10240) 
[1447404970.978136] [node015:13097:0]         sys.c:719  MXM  WARN  Conflicting CPU frequencies detected, using: 2400.09
[1447404970.987666] [node015:13097:0]         mxm.c:185  MXM  WARN  The 'ulimit -s' on the system is set to 'unlimited'. This may have negative performance implications. Please set the heap size to the default value (10240) 
[1447404970.985428] [node015:13077:0]         sys.c:719  MXM  WARN  Conflicting CPU frequencies detected, using: 2400.09
[1447404970.994539] [node015:13077:0]         mxm.c:185  MXM  WARN  The 'ulimit -s' on the system is set to 'unlimited'. This may have negative performance implications. Please set the heap size to the default value (10240) 
[1447404970.974286] [node023:13455:0]         sys.c:719  MXM  WARN  Conflicting CPU frequencies detected, using: 2400.00
[1447404970.987387] [node023:13455:0]         mxm.c:185  MXM  WARN  The 'ulimit -s' on the system is set to 'unlimited'. This may have negative performance implications. Please set the heap size to the default value (10240) 
[1447404970.987827] [node017:14516:0]         sys.c:719  MXM  WARN  Conflicting CPU frequencies detected, using: 2400.09
[1447404971.001531] [node017:14516:0]         mxm.c:185  MXM  WARN  The 'ulimit -s' on the system is set to 'unlimited'. This may have negative performance implications. Please set the heap size to the default value (10240) 
[1447404970.980977] [node018:16909:0]         sys.c:719  MXM  WARN  Conflicting CPU frequencies detected, using: 2400.00
[1447404970.992890] [node018:16909:0]         mxm.c:185  MXM  WARN  The 'ulimit -s' on the system is set to 'unlimited'. This may have negative performance implications. Please set the heap size to the default value (10240) 
[1447404970.975951] [node023:13456:0]         sys.c:719  MXM  WARN  Conflicting CPU frequencies detected, using: 2400.00
[1447404970.994460] [node023:13456:0]         mxm.c:185  MXM  WARN  The 'ulimit -s' on the system is set to 'unlimited'. This may have negative performance implications. Please set the heap size to the default value (10240) 
[1447404970.988173] [node022:25478:0]         sys.c:719  MXM  WARN  Conflicting CPU frequencies detected, using: 2400.09
[1447404971.005529] [node022:25478:0]         mxm.c:185  MXM  WARN  The 'ulimit -s' on the system is set to 'unlimited'. This may have negative performance implications. Please set the heap size to the default value (10240) 
[1447404970.980845] [node020:21414:0]         sys.c:719  MXM  WARN  Conflicting CPU frequencies detected, using: 2400.19
[1447404970.988920] [node020:21414:0]         mxm.c:185  MXM  WARN  The 'ulimit -s' on the system is set to 'unlimited'. This may have negative performance implications. Please set the heap size to the default value (10240) 
[1447404970.987626] [node017:14456:0]         sys.c:719  MXM  WARN  Conflicting CPU frequencies detected, using: 2400.09
[1447404971.003189] [node017:14456:0]         mxm.c:185  MXM  WARN  The 'ulimit -s' on the system is set to 'unlimited'. This may have negative performance implications. Please set the heap size to the default value (10240) 
[1447404970.993310] [node015:13096:0]         sys.c:719  MXM  WARN  Conflicting CPU frequencies detected, using: 2400.19
[1447404971.004322] [node015:13096:0]         mxm.c:185  MXM  WARN  The 'ulimit -s' on the system is set to 'unlimited'. This may have negative performance implications. Please set the heap size to the default value (10240) 
[1447404970.989393] [node023:13454:0]         sys.c:719  MXM  WARN  Conflicting CPU frequencies detected, using: 2400.00
[1447404971.005395] [node023:13454:0]         mxm.c:185  MXM  WARN  The 'ulimit -s' on the system is set to 'unlimited'. This may have negative performance implications. Please set the heap size to the default value (10240) 
[1447404971.010233] [node022:25480:0]         sys.c:719  MXM  WARN  Conflicting CPU frequencies detected, using: 2400.09
[1447404971.018937] [node022:25480:0]         mxm.c:185  MXM  WARN  The 'ulimit -s' on the system is set to 'unlimited'. This may have negative performance implications. Please set the heap size to the default value (10240) 
[1447404970.975933] [node023:13424:0]         sys.c:719  MXM  WARN  Conflicting CPU frequencies detected, using: 2400.00
[1447404970.990837] [node023:13424:0]         mxm.c:185  MXM  WARN  The 'ulimit -s' on the system is set to 'unlimited'. This may have negative performance implications. Please set the heap size to the default value (10240) 
[1447404970.995346] [node018:16908:0]         sys.c:719  MXM  WARN  Conflicting CPU frequencies detected, using: 2400.00
[1447404971.011127] [node018:16908:0]         mxm.c:185  MXM  WARN  The 'ulimit -s' on the system is set to 'unlimited'. This may have negative performance implications. Please set the heap size to the default value (10240) 
[1447404971.001023] [node022:25479:0]         sys.c:719  MXM  WARN  Conflicting CPU frequencies detected, using: 2400.09
[1447404971.011203] [node022:25479:0]         mxm.c:185  MXM  WARN  The 'ulimit -s' on the system is set to 'unlimited'. This may have negative performance implications. Please set the heap size to the default value (10240) 
[1447404970.993307] [node015:13102:0]         sys.c:719  MXM  WARN  Conflicting CPU frequencies detected, using: 2400.19
[1447404971.007591] [node015:13102:0]         mxm.c:185  MXM  WARN  The 'ulimit -s' on the system is set to 'unlimited'. This may have negative performance implications. Please set the heap size to the default value (10240) 
[1447404970.990402] [node020:21465:0]         sys.c:719  MXM  WARN  Conflicting CPU frequencies detected, using: 2400.19
[1447404971.004038] [node020:21465:0]         mxm.c:185  MXM  WARN  The 'ulimit -s' on the system is set to 'unlimited'. This may have negative performance implications. Please set the heap size to the default value (10240) 
[1447404970.990493] [node020:21416:0]         sys.c:719  MXM  WARN  Conflicting CPU frequencies detected, using: 2400.19
[1447404971.007422] [node020:21416:0]         mxm.c:185  MXM  WARN  The 'ulimit -s' on the system is set to 'unlimited'. This may have negative performance implications. Please set the heap size to the default value (10240) 
[1447404970.997549] [node017:14448:0]         sys.c:719  MXM  WARN  Conflicting CPU frequencies detected, using: 2400.09
[1447404971.011495] [node017:14448:0]         mxm.c:185  MXM  WARN  The 'ulimit -s' on the system is set to 'unlimited'. This may have negative performance implications. Please set the heap size to the default value (10240) 
[1447404971.004265] [node020:21415:0]         sys.c:719  MXM  WARN  Conflicting CPU frequencies detected, using: 2400.19
[1447404971.016618] [node020:21415:0]         mxm.c:185  MXM  WARN  The 'ulimit -s' on the system is set to 'unlimited'. This may have negative performance implications. Please set the heap size to the default value (10240) 
[1447404971.017501] [node017:14454:0]         sys.c:719  MXM  WARN  Conflicting CPU frequencies detected, using: 2400.00
[1447404971.028075] [node017:14454:0]         mxm.c:185  MXM  WARN  The 'ulimit -s' on the system is set to 'unlimited'. This may have negative performance implications. Please set the heap size to the default value (10240) 
[1447404970.988974] [node017:14515:0]         sys.c:719  MXM  WARN  Conflicting CPU frequencies detected, using: 2400.09
[1447404971.007185] [node017:14515:0]         mxm.c:185  MXM  WARN  The 'ulimit -s' on the system is set to 'unlimited'. This may have negative performance implications. Please set the heap size to the default value (10240) 
[1447404970.993644] [node023:13421:0]         sys.c:719  MXM  WARN  Conflicting CPU frequencies detected, using: 2400.00
[1447404971.012746] [node023:13421:0]         mxm.c:185  MXM  WARN  The 'ulimit -s' on the system is set to 'unlimited'. This may have negative performance implications. Please set the heap size to the default value (10240) 
[1447404970.992819] [node015:13099:0]         sys.c:719  MXM  WARN  Conflicting CPU frequencies detected, using: 2400.19
[1447404971.019540] [node015:13099:0]         mxm.c:185  MXM  WARN  The 'ulimit -s' on the system is set to 'unlimited'. This may have negative performance implications. Please set the heap size to the default value (10240) 
[1447404970.969424] [node023:13405:0]         sys.c:719  MXM  WARN  Conflicting CPU frequencies detected, using: 2400.00
[1447404970.975635] [node023:13405:0]         mxm.c:185  MXM  WARN  The 'ulimit -s' on the system is set to 'unlimited'. This may have negative performance implications. Please set the heap size to the default value (10240) 
[1447404970.988840] [node020:21452:0]         sys.c:719  MXM  WARN  Conflicting CPU frequencies detected, using: 2400.19
[1447404971.020873] [node020:21452:0]         mxm.c:185  MXM  WARN  The 'ulimit -s' on the system is set to 'unlimited'. This may have negative performance implications. Please set the heap size to the default value (10240) 
UPCR: UPC thread   1 of 128 on node008 (pshm node  0 of 16, process   1 of 128, pid=19378)
UPCR: UPC thread   2 of 128 on node008 (pshm node  0 of 16, process   2 of 128, pid=19379)
UPCR: UPC thread   6 of 128 on node008 (pshm node  0 of 16, process   6 of 128, pid=19383)
UPCR: UPC thread   4 of 128 on node008 (pshm node  0 of 16, process   4 of 128, pid=19381)
UPCR: UPC thread   3 of 128 on node008 (pshm node  0 of 16, process   3 of 128, pid=19380)
UPCR: UPC thread   5 of 128 on node008 (pshm node  0 of 16, process   5 of 128, pid=19382)
UPCR: UPC thread   7 of 128 on node008 (pshm node  0 of 16, process   7 of 128, pid=19384)
UPCR: UPC thread   0 of 128 on node008 (pshm node  0 of 16, process   0 of 128, pid=19377)
UPCR: UPC thread  49 of 128 on node014 (pshm node  6 of 16, process  49 of 128, pid=4309)
UPCR: UPC thread  96 of 128 on node020 (pshm node 12 of 16, process  96 of 128, pid=21414)
UPCR: UPC thread  97 of 128 on node020 (pshm node 12 of 16, process  97 of 128, pid=21416)
UPCR: UPC thread  54 of 128 on node014 (pshm node  6 of 16, process  54 of 128, pid=4327)
UPCR: UPC thread  48 of 128 on node014 (pshm node  6 of 16, process  48 of 128, pid=4318)
UPCR: UPC thread  25 of 128 on node011 (pshm node  3 of 16, process  25 of 128, pid=1999)
UPCR: UPC thread  27 of 128 on node011 (pshm node  3 of 16, process  27 of 128, pid=2006)
UPCR: UPC thread 107 of 128 on node021 (pshm node 13 of 16, process 107 of 128, pid=30453)
UPCR: UPC thread  90 of 128 on node019 (pshm node 11 of 16, process  90 of 128, pid=23492)
UPCR: UPC thread  38 of 128 on node012 (pshm node  4 of 16, process  38 of 128, pid=29332)
UPCR: UPC thread  98 of 128 on node020 (pshm node 12 of 16, process  98 of 128, pid=21426)
UPCR: UPC thread  52 of 128 on node014 (pshm node  6 of 16, process  52 of 128, pid=4319)
UPCR: UPC thread  33 of 128 on node012 (pshm node  4 of 16, process  33 of 128, pid=29240)
UPCR: UPC thread  40 of 128 on node013 (pshm node  5 of 16, process  40 of 128, pid=24025)
UPCR: UPC thread  94 of 128 on node019 (pshm node 11 of 16, process  94 of 128, pid=23494)
UPCR: UPC thread  91 of 128 on node019 (pshm node 11 of 16, process  91 of 128, pid=23481)
UPCR: UPC thread 103 of 128 on node020 (pshm node 12 of 16, process 103 of 128, pid=21415)
UPCR: UPC thread  93 of 128 on node019 (pshm node 11 of 16, process  93 of 128, pid=23499)
UPCR: UPC thread  42 of 128 on node013 (pshm node  5 of 16, process  42 of 128, pid=23982)
UPCR: UPC thread  80 of 128 on node018 (pshm node 10 of 16, process  80 of 128, pid=16903)
UPCR: UPC thread  47 of 128 on node013 (pshm node  5 of 16, process  47 of 128, pid=24038)
UPCR: UPC thread  46 of 128 on node013 (pshm node  5 of 16, process  46 of 128, pid=24024)
UPCR: UPC thread  85 of 128 on node018 (pshm node 10 of 16, process  85 of 128, pid=16913)
UPCR: UPC thread  23 of 128 on node010 (pshm node  2 of 16, process  23 of 128, pid=16899)
UPCR: UPC thread 109 of 128 on node021 (pshm node 13 of 16, process 109 of 128, pid=30447)
UPCR: UPC thread 106 of 128 on node021 (pshm node 13 of 16, process 106 of 128, pid=30524)
UPCR: UPC thread 122 of 128 on node023 (pshm node 15 of 16, process 122 of 128, pid=13421)
UPCR: UPC thread 121 of 128 on node023 (pshm node 15 of 16, process 121 of 128, pid=13405)
UPCR: UPC thread  59 of 128 on node015 (pshm node  7 of 16, process  59 of 128, pid=13100)
UPCR: UPC thread  55 of 128 on node014 (pshm node  6 of 16, process  55 of 128, pid=4323)
UPCR: UPC thread  35 of 128 on node012 (pshm node  4 of 16, process  35 of 128, pid=29328)
UPCR: UPC thread  36 of 128 on node012 (pshm node  4 of 16, process  36 of 128, pid=29326)
UPCR: UPC thread 112 of 128 on node022 (pshm node 14 of 16, process 112 of 128, pid=25480)
UPCR: UPC thread 124 of 128 on node023 (pshm node 15 of 16, process 124 of 128, pid=13420)
UPCR: UPC thread 102 of 128 on node020 (pshm node 12 of 16, process 102 of 128, pid=21465)
UPCR: UPC thread  82 of 128 on node018 (pshm node 10 of 16, process  82 of 128, pid=16890)
UPCR: UPC thread 104 of 128 on node021 (pshm node 13 of 16, process 104 of 128, pid=30443)
UPCR: UPC thread 110 of 128 on node021 (pshm node 13 of 16, process 110 of 128, pid=30477)
UPCR: UPC thread 108 of 128 on node021 (pshm node 13 of 16, process 108 of 128, pid=30476)
UPCR: UPC thread  41 of 128 on node013 (pshm node  5 of 16, process  41 of 128, pid=24036)
UPCR: UPC thread  12 of 128 on node009 (pshm node  1 of 16, process  12 of 128, pid=31301)
UPCR: UPC thread  74 of 128 on node017 (pshm node  9 of 16, process  74 of 128, pid=14445)
UPCR: UPC thread  44 of 128 on node013 (pshm node  5 of 16, process  44 of 128, pid=24033)
UPCR: UPC thread  81 of 128 on node018 (pshm node 10 of 16, process  81 of 128, pid=16904)
UPCR: UPC thread  32 of 128 on node012 (pshm node  4 of 16, process  32 of 128, pid=29334)
UPCR: UPC thread 115 of 128 on node022 (pshm node 14 of 16, process 115 of 128, pid=25447)
UPCR: UPC thread  78 of 128 on node017 (pshm node  9 of 16, process  78 of 128, pid=14446)
UPCR: UPC thread  67 of 128 on node016 (pshm node  8 of 16, process  67 of 128, pid=22183)
UPCR: UPC thread  60 of 128 on node015 (pshm node  7 of 16, process  60 of 128, pid=13077)
UPCR: UPC thread  68 of 128 on node016 (pshm node  8 of 16, process  68 of 128, pid=22188)
UPCR: UPC thread  63 of 128 on node015 (pshm node  7 of 16, process  63 of 128, pid=13099)
UPCR: UPC thread  45 of 128 on node013 (pshm node  5 of 16, process  45 of 128, pid=24039)
UPCR: UPC thread  92 of 128 on node019 (pshm node 11 of 16, process  92 of 128, pid=23539)
UPCR: UPC thread 114 of 128 on node022 (pshm node 14 of 16, process 114 of 128, pid=25441)
UPCR: UPC thread  70 of 128 on node016 (pshm node  8 of 16, process  70 of 128, pid=22185)
UPCR: UPC thread  95 of 128 on node019 (pshm node 11 of 16, process  95 of 128, pid=23501)
UPCR: UPC thread  17 of 128 on node010 (pshm node  2 of 16, process  17 of 128, pid=16902)
UPCR: UPC thread  69 of 128 on node016 (pshm node  8 of 16, process  69 of 128, pid=22182)
UPCR: UPC thread  58 of 128 on node015 (pshm node  7 of 16, process  58 of 128, pid=13097)
UPCR: UPC thread  28 of 128 on node011 (pshm node  3 of 16, process  28 of 128, pid=1792)
UPCR: UPC thread 100 of 128 on node020 (pshm node 12 of 16, process 100 of 128, pid=21452)
UPCR: UPC thread  18 of 128 on node010 (pshm node  2 of 16, process  18 of 128, pid=16900)
UPCR: UPC thread  53 of 128 on node014 (pshm node  6 of 16, process  53 of 128, pid=4328)
UPCR: UPC thread  43 of 128 on node013 (pshm node  5 of 16, process  43 of 128, pid=24040)
UPCR: UPC thread  88 of 128 on node019 (pshm node 11 of 16, process  88 of 128, pid=23502)
UPCR: UPC thread  84 of 128 on node018 (pshm node 10 of 16, process  84 of 128, pid=16884)
UPCR: UPC thread  86 of 128 on node018 (pshm node 10 of 16, process  86 of 128, pid=16909)
UPCR: UPC thread  73 of 128 on node017 (pshm node  9 of 16, process  73 of 128, pid=14447)
UPCR: UPC thread  21 of 128 on node010 (pshm node  2 of 16, process  21 of 128, pid=17059)
UPCR: UPC thread 116 of 128 on node022 (pshm node 14 of 16, process 116 of 128, pid=25475)
UPCR: UPC thread   9 of 128 on node009 (pshm node  1 of 16, process   9 of 128, pid=31225)
UPCR: UPC thread  83 of 128 on node018 (pshm node 10 of 16, process  83 of 128, pid=16906)
UPCR: UPC thread 105 of 128 on node021 (pshm node 13 of 16, process 105 of 128, pid=30444)
UPCR: UPC thread  79 of 128 on node017 (pshm node  9 of 16, process  79 of 128, pid=14456)
UPCR: UPC thread  77 of 128 on node017 (pshm node  9 of 16, process  77 of 128, pid=14448)
UPCR: UPC thread  24 of 128 on node011 (pshm node  3 of 16, process  24 of 128, pid=1791)
UPCR: UPC thread  57 of 128 on node015 (pshm node  7 of 16, process  57 of 128, pid=13087)
UPCR: UPC thread  15 of 128 on node009 (pshm node  1 of 16, process  15 of 128, pid=31261)
UPCR: UPC thread  39 of 128 on node012 (pshm node  4 of 16, process  39 of 128, pid=29327)
UPCR: UPC thread  11 of 128 on node009 (pshm node  1 of 16, process  11 of 128, pid=31399)
UPCR: UPC thread 127 of 128 on node023 (pshm node 15 of 16, process 127 of 128, pid=13406)
UPCR: UPC thread 113 of 128 on node022 (pshm node 14 of 16, process 113 of 128, pid=25478)
UPCR: UPC thread  64 of 128 on node016 (pshm node  8 of 16, process  64 of 128, pid=22168)
UPCR: UPC thread  26 of 128 on node011 (pshm node  3 of 16, process  26 of 128, pid=1998)
UPCR: UPC thread  89 of 128 on node019 (pshm node 11 of 16, process  89 of 128, pid=23493)
UPCR: UPC thread 126 of 128 on node023 (pshm node 15 of 16, process 126 of 128, pid=13455)
UPCR: UPC thread  87 of 128 on node018 (pshm node 10 of 16, process  87 of 128, pid=16908)
UPCR: UPC thread 117 of 128 on node022 (pshm node 14 of 16, process 117 of 128, pid=25460)
UPCR: UPC thread  20 of 128 on node010 (pshm node  2 of 16, process  20 of 128, pid=17073)
UPCR: UPC thread  10 of 128 on node009 (pshm node  1 of 16, process  10 of 128, pid=31136)
UPCR: UPC thread  37 of 128 on node012 (pshm node  4 of 16, process  37 of 128, pid=29254)
UPCR: UPC thread 111 of 128 on node021 (pshm node 13 of 16, process 111 of 128, pid=30452)
UPCR: UPC thread  51 of 128 on node014 (pshm node  6 of 16, process  51 of 128, pid=4329)
UPCR: UPC thread  13 of 128 on node009 (pshm node  1 of 16, process  13 of 128, pid=31250)
UPCR: UPC thread  16 of 128 on node010 (pshm node  2 of 16, process  16 of 128, pid=17060)
UPCR: UPC thread 120 of 128 on node023 (pshm node 15 of 16, process 120 of 128, pid=13454)
UPCR: UPC thread  30 of 128 on node011 (pshm node  3 of 16, process  30 of 128, pid=1790)
UPCR: UPC thread 123 of 128 on node023 (pshm node 15 of 16, process 123 of 128, pid=13456)
UPCR: UPC thread  14 of 128 on node009 (pshm node  1 of 16, process  14 of 128, pid=31119)
UPCR: UPC thread 118 of 128 on node022 (pshm node 14 of 16, process 118 of 128, pid=25461)
UPCR: UPC thread 125 of 128 on node023 (pshm node 15 of 16, process 125 of 128, pid=13424)
UPCR: UPC thread 119 of 128 on node022 (pshm node 14 of 16, process 119 of 128, pid=25479)
UPCR: UPC thread  34 of 128 on node012 (pshm node  4 of 16, process  34 of 128, pid=29323)
UPCR: UPC thread  56 of 128 on node015 (pshm node  7 of 16, process  56 of 128, pid=13096)
UPCR: UPC thread  19 of 128 on node010 (pshm node  2 of 16, process  19 of 128, pid=17065)
UPCR: UPC thread  65 of 128 on node016 (pshm node  8 of 16, process  65 of 128, pid=22174)
UPCR: UPC thread  31 of 128 on node011 (pshm node  3 of 16, process  31 of 128, pid=1794)
UPCR: UPC thread  50 of 128 on node014 (pshm node  6 of 16, process  50 of 128, pid=4330)
UPCR: UPC thread  72 of 128 on node017 (pshm node  9 of 16, process  72 of 128, pid=14454)
UPCR: UPC thread  61 of 128 on node015 (pshm node  7 of 16, process  61 of 128, pid=13079)
UPCR: UPC thread   8 of 128 on node009 (pshm node  1 of 16, process   8 of 128, pid=31187)
UPCR: UPC thread  75 of 128 on node017 (pshm node  9 of 16, process  75 of 128, pid=14516)
UPCR: UPC thread  99 of 128 on node020 (pshm node 12 of 16, process  99 of 128, pid=21436)
UPCR: UPC thread  29 of 128 on node011 (pshm node  3 of 16, process  29 of 128, pid=1793)
UPCR: UPC thread  66 of 128 on node016 (pshm node  8 of 16, process  66 of 128, pid=22190)
UPCR: UPC thread  22 of 128 on node010 (pshm node  2 of 16, process  22 of 128, pid=16901)
UPCR: UPC thread  71 of 128 on node016 (pshm node  8 of 16, process  71 of 128, pid=22186)
UPCR: UPC thread  62 of 128 on node015 (pshm node  7 of 16, process  62 of 128, pid=13102)
UPCR: UPC thread  76 of 128 on node017 (pshm node  9 of 16, process  76 of 128, pid=14515)
UPCR: UPC thread 101 of 128 on node020 (pshm node 12 of 16, process 101 of 128, pid=21413)
0/128 - htable initialized
0/128 - table size: 137438953472 bytes (131072 MB)
0/128 - total number of buckets: 17179869184
0/128 - block size: 1073741824 (1024 MB)
0/128 - number of buckets in block: 134217728
0/128 - number of blocks: 128
66/128 - Performed a throughput benchmark:
66/128 - Performed 2000000 find-or-put operations with random values from [0,...,166399999]
66/128 - Finds: 971093 (0.485546), Inserts: 1028907 (0.514454), Errors: 0 (0)
66/128 - Execution time: 7.92273 seconds
66/128 - Throughput: 252438 ops/sec
64/128 - Performed a throughput benchmark:
64/128 - Performed 2000000 find-or-put operations with random values from [0,...,166399999]
64/128 - Finds: 973090 (0.486545), Inserts: 1026910 (0.513455), Errors: 0 (0)
64/128 - Execution time: 7.93858 seconds
64/128 - Throughput: 251934 ops/sec
69/128 - Performed a throughput benchmark:
69/128 - Performed 2000000 find-or-put operations with random values from [0,...,166399999]
69/128 - Finds: 972872 (0.486436), Inserts: 1027128 (0.513564), Errors: 0 (0)
69/128 - Execution time: 7.92858 seconds
69/128 - Throughput: 252252 ops/sec
116/128 - Performed a throughput benchmark:
116/128 - Performed 2000000 find-or-put operations with random values from [0,...,166399999]
116/128 - Finds: 975877 (0.487938), Inserts: 1024123 (0.512061), Errors: 0 (0)
116/128 - Execution time: 7.95579 seconds
116/128 - Throughput: 251389 ops/sec
37/128 - Performed a throughput benchmark:
37/128 - Performed 2000000 find-or-put operations with random values from [0,...,166399999]
37/128 - Finds: 975160 (0.48758), Inserts: 1024840 (0.51242), Errors: 0 (0)
37/128 - Execution time: 7.94696 seconds
37/128 - Throughput: 251668 ops/sec
119/128 - Performed a throughput benchmark:
119/128 - Performed 2000000 find-or-put operations with random values from [0,...,166399999]
119/128 - Finds: 975077 (0.487538), Inserts: 1024923 (0.512462), Errors: 0 (0)
119/128 - Execution time: 7.95326 seconds
119/128 - Throughput: 251469 ops/sec
67/128 - Performed a throughput benchmark:
67/128 - Performed 2000000 find-or-put operations with random values from [0,...,166399999]
67/128 - Finds: 972908 (0.486454), Inserts: 1027092 (0.513546), Errors: 0 (0)
67/128 - Execution time: 7.94711 seconds
67/128 - Throughput: 251664 ops/sec
112/128 - Performed a throughput benchmark:
112/128 - Performed 2000000 find-or-put operations with random values from [0,...,166399999]
112/128 - Finds: 975706 (0.487853), Inserts: 1024294 (0.512147), Errors: 0 (0)
112/128 - Execution time: 7.95842 seconds
112/128 - Throughput: 251306 ops/sec
10/128 - Performed a throughput benchmark:
10/128 - Performed 2000000 find-or-put operations with random values from [0,...,166399999]
10/128 - Finds: 976909 (0.488455), Inserts: 1023091 (0.511545), Errors: 0 (0)
10/128 - Execution time: 7.98619 seconds
10/128 - Throughput: 250432 ops/sec
11/128 - Performed a throughput benchmark:
11/128 - Performed 2000000 find-or-put operations with random values from [0,...,166399999]
11/128 - Finds: 977016 (0.488508), Inserts: 1022984 (0.511492), Errors: 0 (0)
11/128 - Execution time: 7.99301 seconds
11/128 - Throughput: 250219 ops/sec
120/128 - Performed a throughput benchmark:
120/128 - Performed 2000000 find-or-put operations with random values from [0,...,166399999]
120/128 - Finds: 977996 (0.488998), Inserts: 1022004 (0.511002), Errors: 0 (0)
120/128 - Execution time: 8.00125 seconds
120/128 - Throughput: 249961 ops/sec
33/128 - Performed a throughput benchmark:
33/128 - Performed 2000000 find-or-put operations with random values from [0,...,166399999]
33/128 - Finds: 976888 (0.488444), Inserts: 1023112 (0.511556), Errors: 0 (0)
33/128 - Execution time: 7.9726 seconds
33/128 - Throughput: 250859 ops/sec
46/128 - Performed a throughput benchmark:
46/128 - Performed 2000000 find-or-put operations with random values from [0,...,166399999]
46/128 - Finds: 979268 (0.489634), Inserts: 1020732 (0.510366), Errors: 0 (0)
46/128 - Execution time: 8.0081 seconds
46/128 - Throughput: 249747 ops/sec
55/128 - Performed a throughput benchmark:
55/128 - Performed 2000000 find-or-put operations with random values from [0,...,166399999]
55/128 - Finds: 978277 (0.489138), Inserts: 1021723 (0.510861), Errors: 0 (0)
55/128 - Execution time: 8.009 seconds
55/128 - Throughput: 249719 ops/sec
94/128 - Performed a throughput benchmark:
94/128 - Performed 2000000 find-or-put operations with random values from [0,...,166399999]
94/128 - Finds: 979766 (0.489883), Inserts: 1020234 (0.510117), Errors: 0 (0)
94/128 - Execution time: 8.00457 seconds
94/128 - Throughput: 249857 ops/sec
90/128 - Performed a throughput benchmark:
90/128 - Performed 2000000 find-or-put operations with random values from [0,...,166399999]
90/128 - Finds: 978980 (0.48949), Inserts: 1021020 (0.51051), Errors: 0 (0)
90/128 - Execution time: 8.00065 seconds
90/128 - Throughput: 249980 ops/sec
35/128 - Performed a throughput benchmark:
35/128 - Performed 2000000 find-or-put operations with random values from [0,...,166399999]
35/128 - Finds: 977625 (0.488812), Inserts: 1022375 (0.511188), Errors: 0 (0)
35/128 - Execution time: 7.96873 seconds
35/128 - Throughput: 250981 ops/sec
110/128 - Performed a throughput benchmark:
110/128 - Performed 2000000 find-or-put operations with random values from [0,...,166399999]
110/128 - Finds: 975819 (0.487909), Inserts: 1024181 (0.512091), Errors: 0 (0)
110/128 - Execution time: 7.97518 seconds
110/128 - Throughput: 250778 ops/sec
62/128 - Performed a throughput benchmark:
62/128 - Performed 2000000 find-or-put operations with random values from [0,...,166399999]
62/128 - Finds: 979892 (0.489946), Inserts: 1020108 (0.510054), Errors: 0 (0)
62/128 - Execution time: 8.00656 seconds
62/128 - Throughput: 249795 ops/sec
54/128 - Performed a throughput benchmark:
54/128 - Performed 2000000 find-or-put operations with random values from [0,...,166399999]
54/128 - Finds: 977716 (0.488858), Inserts: 1022284 (0.511142), Errors: 0 (0)
54/128 - Execution time: 7.9922 seconds
54/128 - Throughput: 250244 ops/sec
57/128 - Performed a throughput benchmark:
57/128 - Performed 2000000 find-or-put operations with random values from [0,...,166399999]
57/128 - Finds: 977230 (0.488615), Inserts: 1022770 (0.511385), Errors: 0 (0)
57/128 - Execution time: 7.99771 seconds
57/128 - Throughput: 250072 ops/sec
92/128 - Performed a throughput benchmark:
92/128 - Performed 2000000 find-or-put operations with random values from [0,...,166399999]
92/128 - Finds: 978570 (0.489285), Inserts: 1021430 (0.510715), Errors: 0 (0)
92/128 - Execution time: 8.00088 seconds
92/128 - Throughput: 249972 ops/sec
113/128 - Performed a throughput benchmark:
113/128 - Performed 2000000 find-or-put operations with random values from [0,...,166399999]
113/128 - Finds: 974572 (0.487286), Inserts: 1025428 (0.512714), Errors: 0 (0)
113/128 - Execution time: 7.96064 seconds
113/128 - Throughput: 251236 ops/sec
114/128 - Performed a throughput benchmark:
114/128 - Performed 2000000 find-or-put operations with random values from [0,...,166399999]
114/128 - Finds: 975105 (0.487552), Inserts: 1024895 (0.512447), Errors: 0 (0)
114/128 - Execution time: 7.95172 seconds
114/128 - Throughput: 251518 ops/sec
43/128 - Performed a throughput benchmark:
43/128 - Performed 2000000 find-or-put operations with random values from [0,...,166399999]
43/128 - Finds: 978942 (0.489471), Inserts: 1021058 (0.510529), Errors: 0 (0)
43/128 - Execution time: 8.01269 seconds
43/128 - Throughput: 249604 ops/sec
61/128 - Performed a throughput benchmark:
61/128 - Performed 2000000 find-or-put operations with random values from [0,...,166399999]
61/128 - Finds: 974908 (0.487454), Inserts: 1025092 (0.512546), Errors: 0 (0)
61/128 - Execution time: 7.97794 seconds
61/128 - Throughput: 250691 ops/sec
18/128 - Performed a throughput benchmark:
18/128 - Performed 2000000 find-or-put operations with random values from [0,...,166399999]
18/128 - Finds: 977936 (0.488968), Inserts: 1022064 (0.511032), Errors: 0 (0)
18/128 - Execution time: 8.00404 seconds
18/128 - Throughput: 249874 ops/sec
65/128 - Performed a throughput benchmark:
65/128 - Performed 2000000 find-or-put operations with random values from [0,...,166399999]
65/128 - Finds: 973095 (0.486548), Inserts: 1026905 (0.513452), Errors: 0 (0)
65/128 - Execution time: 7.94579 seconds
65/128 - Throughput: 251706 ops/sec
58/128 - Performed a throughput benchmark:
58/128 - Performed 2000000 find-or-put operations with random values from [0,...,166399999]
58/128 - Finds: 979309 (0.489654), Inserts: 1020691 (0.510346), Errors: 0 (0)
58/128 - Execution time: 8.00121 seconds
58/128 - Throughput: 249962 ops/sec
117/128 - Performed a throughput benchmark:
117/128 - Performed 2000000 find-or-put operations with random values from [0,...,166399999]
117/128 - Finds: 975649 (0.487824), Inserts: 1024351 (0.512176), Errors: 0 (0)
117/128 - Execution time: 7.9565 seconds
117/128 - Throughput: 251367 ops/sec
48/128 - Performed a throughput benchmark:
48/128 - Performed 2000000 find-or-put operations with random values from [0,...,166399999]
48/128 - Finds: 980137 (0.490069), Inserts: 1019863 (0.509931), Errors: 0 (0)
48/128 - Execution time: 8.01561 seconds
48/128 - Throughput: 249513 ops/sec
88/128 - Performed a throughput benchmark:
88/128 - Performed 2000000 find-or-put operations with random values from [0,...,166399999]
88/128 - Finds: 979031 (0.489515), Inserts: 1020969 (0.510485), Errors: 0 (0)
88/128 - Execution time: 7.99249 seconds
88/128 - Throughput: 250235 ops/sec
104/128 - Performed a throughput benchmark:
104/128 - Performed 2000000 find-or-put operations with random values from [0,...,166399999]
104/128 - Finds: 978089 (0.489044), Inserts: 1021911 (0.510956), Errors: 0 (0)
104/128 - Execution time: 8.00605 seconds
104/128 - Throughput: 249811 ops/sec
108/128 - Performed a throughput benchmark:
108/128 - Performed 2000000 find-or-put operations with random values from [0,...,166399999]
108/128 - Finds: 976329 (0.488165), Inserts: 1023671 (0.511835), Errors: 0 (0)
108/128 - Execution time: 7.97418 seconds
108/128 - Throughput: 250810 ops/sec
60/128 - Performed a throughput benchmark:
60/128 - Performed 2000000 find-or-put operations with random values from [0,...,166399999]
60/128 - Finds: 978252 (0.489126), Inserts: 1021748 (0.510874), Errors: 0 (0)
60/128 - Execution time: 8.00715 seconds
60/128 - Throughput: 249777 ops/sec
124/128 - Performed a throughput benchmark:
124/128 - Performed 2000000 find-or-put operations with random values from [0,...,166399999]
124/128 - Finds: 976028 (0.488014), Inserts: 1023972 (0.511986), Errors: 0 (0)
124/128 - Execution time: 7.99728 seconds
124/128 - Throughput: 250085 ops/sec
125/128 - Performed a throughput benchmark:
125/128 - Performed 2000000 find-or-put operations with random values from [0,...,166399999]
125/128 - Finds: 976232 (0.488116), Inserts: 1023768 (0.511884), Errors: 0 (0)
125/128 - Execution time: 7.9843 seconds
125/128 - Throughput: 250492 ops/sec
72/128 - Performed a throughput benchmark:
72/128 - Performed 2000000 find-or-put operations with random values from [0,...,166399999]
72/128 - Finds: 979520 (0.48976), Inserts: 1020480 (0.51024), Errors: 0 (0)
72/128 - Execution time: 8.01337 seconds
72/128 - Throughput: 249583 ops/sec
86/128 - Performed a throughput benchmark:
86/128 - Performed 2000000 find-or-put operations with random values from [0,...,166399999]
86/128 - Finds: 978399 (0.4892), Inserts: 1021601 (0.5108), Errors: 0 (0)
86/128 - Execution time: 8.00013 seconds
86/128 - Throughput: 249996 ops/sec
109/128 - Performed a throughput benchmark:
109/128 - Performed 2000000 find-or-put operations with random values from [0,...,166399999]
109/128 - Finds: 975556 (0.487778), Inserts: 1024444 (0.512222), Errors: 0 (0)
109/128 - Execution time: 7.96828 seconds
109/128 - Throughput: 250995 ops/sec
23/128 - Performed a throughput benchmark:
23/128 - Performed 2000000 find-or-put operations with random values from [0,...,166399999]
23/128 - Finds: 978095 (0.489048), Inserts: 1021905 (0.510953), Errors: 0 (0)
23/128 - Execution time: 8.00943 seconds
23/128 - Throughput: 249706 ops/sec
70/128 - Performed a throughput benchmark:
70/128 - Performed 2000000 find-or-put operations with random values from [0,...,166399999]
70/128 - Finds: 972143 (0.486071), Inserts: 1027857 (0.513929), Errors: 0 (0)
70/128 - Execution time: 7.92961 seconds
70/128 - Throughput: 252219 ops/sec
15/128 - Performed a throughput benchmark:
15/128 - Performed 2000000 find-or-put operations with random values from [0,...,166399999]
15/128 - Finds: 977865 (0.488932), Inserts: 1022135 (0.511068), Errors: 0 (0)
15/128 - Execution time: 7.99836 seconds
15/128 - Throughput: 250051 ops/sec
115/128 - Performed a throughput benchmark:
115/128 - Performed 2000000 find-or-put operations with random values from [0,...,166399999]
115/128 - Finds: 974192 (0.487096), Inserts: 1025808 (0.512904), Errors: 0 (0)
115/128 - Execution time: 7.94031 seconds
115/128 - Throughput: 251879 ops/sec
19/128 - Performed a throughput benchmark:
19/128 - Performed 2000000 find-or-put operations with random values from [0,...,166399999]
19/128 - Finds: 978334 (0.489167), Inserts: 1021666 (0.510833), Errors: 0 (0)
19/128 - Execution time: 8.00548 seconds
19/128 - Throughput: 249829 ops/sec
16/128 - Performed a throughput benchmark:
16/128 - Performed 2000000 find-or-put operations with random values from [0,...,166399999]
16/128 - Finds: 979220 (0.48961), Inserts: 1020780 (0.51039), Errors: 0 (0)
16/128 - Execution time: 8.02311 seconds
16/128 - Throughput: 249280 ops/sec
96/128 - Performed a throughput benchmark:
96/128 - Performed 2000000 find-or-put operations with random values from [0,...,166399999]
96/128 - Finds: 979549 (0.489775), Inserts: 1020451 (0.510225), Errors: 0 (0)
96/128 - Execution time: 8.01598 seconds
96/128 - Throughput: 249502 ops/sec
105/128 - Performed a throughput benchmark:
105/128 - Performed 2000000 find-or-put operations with random values from [0,...,166399999]
105/128 - Finds: 977085 (0.488542), Inserts: 1022915 (0.511458), Errors: 0 (0)
105/128 - Execution time: 7.99264 seconds
105/128 - Throughput: 250230 ops/sec
20/128 - Performed a throughput benchmark:
20/128 - Performed 2000000 find-or-put operations with random values from [0,...,166399999]
20/128 - Finds: 979087 (0.489544), Inserts: 1020913 (0.510456), Errors: 0 (0)
20/128 - Execution time: 8.00838 seconds
20/128 - Throughput: 249738 ops/sec
71/128 - Performed a throughput benchmark:
71/128 - Performed 2000000 find-or-put operations with random values from [0,...,166399999]
71/128 - Finds: 974485 (0.487243), Inserts: 1025515 (0.512757), Errors: 0 (0)
71/128 - Execution time: 7.95044 seconds
71/128 - Throughput: 251558 ops/sec
14/128 - Performed a throughput benchmark:
14/128 - Performed 2000000 find-or-put operations with random values from [0,...,166399999]
14/128 - Finds: 980220 (0.49011), Inserts: 1019780 (0.50989), Errors: 0 (0)
14/128 - Execution time: 8.00622 seconds
14/128 - Throughput: 249806 ops/sec
34/128 - Performed a throughput benchmark:
34/128 - Performed 2000000 find-or-put operations with random values from [0,...,166399999]
34/128 - Finds: 975494 (0.487747), Inserts: 1024506 (0.512253), Errors: 0 (0)
34/128 - Execution time: 7.95463 seconds
34/128 - Throughput: 251426 ops/sec
82/128 - Performed a throughput benchmark:
82/128 - Performed 2000000 find-or-put operations with random values from [0,...,166399999]
82/128 - Finds: 978716 (0.489358), Inserts: 1021284 (0.510642), Errors: 0 (0)
82/128 - Execution time: 8.01661 seconds
82/128 - Throughput: 249482 ops/sec
78/128 - Performed a throughput benchmark:
78/128 - Performed 2000000 find-or-put operations with random values from [0,...,166399999]
78/128 - Finds: 981274 (0.490637), Inserts: 1018726 (0.509363), Errors: 0 (0)
78/128 - Execution time: 8.03015 seconds
78/128 - Throughput: 249061 ops/sec
1/128 - Performed a throughput benchmark:
1/128 - Performed 2000000 find-or-put operations with random values from [0,...,166399999]
1/128 - Finds: 980167 (0.490084), Inserts: 1019833 (0.509916), Errors: 0 (0)
1/128 - Execution time: 8.0258 seconds
1/128 - Throughput: 249196 ops/sec
127/128 - Performed a throughput benchmark:
127/128 - Performed 2000000 find-or-put operations with random values from [0,...,166399999]
127/128 - Finds: 977817 (0.488909), Inserts: 1022183 (0.511092), Errors: 0 (0)
127/128 - Execution time: 8.01004 seconds
127/128 - Throughput: 249686 ops/sec
2/128 - Performed a throughput benchmark:
2/128 - Performed 2000000 find-or-put operations with random values from [0,...,166399999]
2/128 - Finds: 981367 (0.490683), Inserts: 1018633 (0.509316), Errors: 0 (0)
2/128 - Execution time: 8.02727 seconds
2/128 - Throughput: 249151 ops/sec
7/128 - Performed a throughput benchmark:
7/128 - Performed 2000000 find-or-put operations with random values from [0,...,166399999]
7/128 - Finds: 979869 (0.489934), Inserts: 1020131 (0.510065), Errors: 0 (0)
7/128 - Execution time: 8.02591 seconds
7/128 - Throughput: 249193 ops/sec
21/128 - Performed a throughput benchmark:
21/128 - Performed 2000000 find-or-put operations with random values from [0,...,166399999]
21/128 - Finds: 978243 (0.489121), Inserts: 1021757 (0.510879), Errors: 0 (0)
21/128 - Execution time: 8.00715 seconds
21/128 - Throughput: 249777 ops/sec
118/128 - Performed a throughput benchmark:
118/128 - Performed 2000000 find-or-put operations with random values from [0,...,166399999]
118/128 - Finds: 975851 (0.487926), Inserts: 1024149 (0.512074), Errors: 0 (0)
118/128 - Execution time: 7.95976 seconds
118/128 - Throughput: 251264 ops/sec
93/128 - Performed a throughput benchmark:
93/128 - Performed 2000000 find-or-put operations with random values from [0,...,166399999]
93/128 - Finds: 979535 (0.489768), Inserts: 1020465 (0.510232), Errors: 0 (0)
93/128 - Execution time: 8.01351 seconds
93/128 - Throughput: 249579 ops/sec
89/128 - Performed a throughput benchmark:
89/128 - Performed 2000000 find-or-put operations with random values from [0,...,166399999]
89/128 - Finds: 980138 (0.490069), Inserts: 1019862 (0.509931), Errors: 0 (0)
89/128 - Execution time: 8.02307 seconds
89/128 - Throughput: 249281 ops/sec
45/128 - Performed a throughput benchmark:
45/128 - Performed 2000000 find-or-put operations with random values from [0,...,166399999]
45/128 - Finds: 979750 (0.489875), Inserts: 1020250 (0.510125), Errors: 0 (0)
45/128 - Execution time: 8.01362 seconds
45/128 - Throughput: 249575 ops/sec
5/128 - Performed a throughput benchmark:
5/128 - Performed 2000000 find-or-put operations with random values from [0,...,166399999]
5/128 - Finds: 981767 (0.490883), Inserts: 1018233 (0.509116), Errors: 0 (0)
5/128 - Execution time: 8.03155 seconds
5/128 - Throughput: 249018 ops/sec
41/128 - Performed a throughput benchmark:
41/128 - Performed 2000000 find-or-put operations with random values from [0,...,166399999]
41/128 - Finds: 979182 (0.489591), Inserts: 1020818 (0.510409), Errors: 0 (0)
41/128 - Execution time: 8.0111 seconds
41/128 - Throughput: 249654 ops/sec
50/128 - Performed a throughput benchmark:
50/128 - Performed 2000000 find-or-put operations with random values from [0,...,166399999]
50/128 - Finds: 981998 (0.490999), Inserts: 1018002 (0.509001), Errors: 0 (0)
50/128 - Execution time: 8.04192 seconds
50/128 - Throughput: 248697 ops/sec
12/128 - Performed a throughput benchmark:
12/128 - Performed 2000000 find-or-put operations with random values from [0,...,166399999]
12/128 - Finds: 979864 (0.489932), Inserts: 1020136 (0.510068), Errors: 0 (0)
12/128 - Execution time: 8.01232 seconds
12/128 - Throughput: 249616 ops/sec
106/128 - Performed a throughput benchmark:
106/128 - Performed 2000000 find-or-put operations with random values from [0,...,166399999]
106/128 - Finds: 977762 (0.488881), Inserts: 1022238 (0.511119), Errors: 0 (0)
106/128 - Execution time: 7.99461 seconds
106/128 - Throughput: 250169 ops/sec
22/128 - Performed a throughput benchmark:
22/128 - Performed 2000000 find-or-put operations with random values from [0,...,166399999]
22/128 - Finds: 977131 (0.488565), Inserts: 1022869 (0.511435), Errors: 0 (0)
22/128 - Execution time: 8.01165 seconds
22/128 - Throughput: 249636 ops/sec
77/128 - Performed a throughput benchmark:
77/128 - Performed 2000000 find-or-put operations with random values from [0,...,166399999]
77/128 - Finds: 982575 (0.491287), Inserts: 1017425 (0.508713), Errors: 0 (0)
77/128 - Execution time: 8.04666 seconds
77/128 - Throughput: 248550 ops/sec
39/128 - Performed a throughput benchmark:
39/128 - Performed 2000000 find-or-put operations with random values from [0,...,166399999]
39/128 - Finds: 977636 (0.488818), Inserts: 1022364 (0.511182), Errors: 0 (0)
39/128 - Execution time: 7.97974 seconds
39/128 - Throughput: 250635 ops/sec
111/128 - Performed a throughput benchmark:
111/128 - Performed 2000000 find-or-put operations with random values from [0,...,166399999]
111/128 - Finds: 977520 (0.48876), Inserts: 1022480 (0.51124), Errors: 0 (0)
111/128 - Execution time: 7.99616 seconds
111/128 - Throughput: 250120 ops/sec
85/128 - Performed a throughput benchmark:
85/128 - Performed 2000000 find-or-put operations with random values from [0,...,166399999]
85/128 - Finds: 979028 (0.489514), Inserts: 1020972 (0.510486), Errors: 0 (0)
85/128 - Execution time: 8.00759 seconds
85/128 - Throughput: 249763 ops/sec
87/128 - Performed a throughput benchmark:
87/128 - Performed 2000000 find-or-put operations with random values from [0,...,166399999]
87/128 - Finds: 978641 (0.48932), Inserts: 1021359 (0.510679), Errors: 0 (0)
87/128 - Execution time: 8.00578 seconds
87/128 - Throughput: 249820 ops/sec
9/128 - Performed a throughput benchmark:
9/128 - Performed 2000000 find-or-put operations with random values from [0,...,166399999]
9/128 - Finds: 978760 (0.48938), Inserts: 1021240 (0.51062), Errors: 0 (0)
9/128 - Execution time: 8.00177 seconds
9/128 - Throughput: 249945 ops/sec
97/128 - Performed a throughput benchmark:
97/128 - Performed 2000000 find-or-put operations with random values from [0,...,166399999]
97/128 - Finds: 978606 (0.489303), Inserts: 1021394 (0.510697), Errors: 0 (0)
97/128 - Execution time: 7.99603 seconds
97/128 - Throughput: 250124 ops/sec
126/128 - Performed a throughput benchmark:
126/128 - Performed 2000000 find-or-put operations with random values from [0,...,166399999]
126/128 - Finds: 978202 (0.489101), Inserts: 1021798 (0.510899), Errors: 0 (0)
126/128 - Execution time: 8.01115 seconds
126/128 - Throughput: 249652 ops/sec
121/128 - Performed a throughput benchmark:
121/128 - Performed 2000000 find-or-put operations with random values from [0,...,166399999]
121/128 - Finds: 977468 (0.488734), Inserts: 1022532 (0.511266), Errors: 0 (0)
121/128 - Execution time: 8.00888 seconds
121/128 - Throughput: 249723 ops/sec
17/128 - Performed a throughput benchmark:
17/128 - Performed 2000000 find-or-put operations with random values from [0,...,166399999]
17/128 - Finds: 978993 (0.489497), Inserts: 1021007 (0.510503), Errors: 0 (0)
17/128 - Execution time: 8.01492 seconds
17/128 - Throughput: 249535 ops/sec
42/128 - Performed a throughput benchmark:
42/128 - Performed 2000000 find-or-put operations with random values from [0,...,166399999]
42/128 - Finds: 980110 (0.490055), Inserts: 1019890 (0.509945), Errors: 0 (0)
42/128 - Execution time: 8.02496 seconds
42/128 - Throughput: 249222 ops/sec
83/128 - Performed a throughput benchmark:
83/128 - Performed 2000000 find-or-put operations with random values from [0,...,166399999]
83/128 - Finds: 976439 (0.488219), Inserts: 1023561 (0.51178), Errors: 0 (0)
83/128 - Execution time: 7.97854 seconds
83/128 - Throughput: 250673 ops/sec
80/128 - Performed a throughput benchmark:
80/128 - Performed 2000000 find-or-put operations with random values from [0,...,166399999]
80/128 - Finds: 978873 (0.489436), Inserts: 1021127 (0.510563), Errors: 0 (0)
80/128 - Execution time: 8.01276 seconds
80/128 - Throughput: 249602 ops/sec
32/128 - Performed a throughput benchmark:
32/128 - Performed 2000000 find-or-put operations with random values from [0,...,166399999]
32/128 - Finds: 974797 (0.487399), Inserts: 1025203 (0.512602), Errors: 0 (0)
32/128 - Execution time: 7.96728 seconds
32/128 - Throughput: 251027 ops/sec
59/128 - Performed a throughput benchmark:
59/128 - Performed 2000000 find-or-put operations with random values from [0,...,166399999]
59/128 - Finds: 977788 (0.488894), Inserts: 1022212 (0.511106), Errors: 0 (0)
59/128 - Execution time: 7.97514 seconds
59/128 - Throughput: 250779 ops/sec
95/128 - Performed a throughput benchmark:
95/128 - Performed 2000000 find-or-put operations with random values from [0,...,166399999]
95/128 - Finds: 978726 (0.489363), Inserts: 1021274 (0.510637), Errors: 0 (0)
95/128 - Execution time: 8.00658 seconds
95/128 - Throughput: 249795 ops/sec
100/128 - Performed a throughput benchmark:
100/128 - Performed 2000000 find-or-put operations with random values from [0,...,166399999]
100/128 - Finds: 979471 (0.489735), Inserts: 1020529 (0.510265), Errors: 0 (0)
100/128 - Execution time: 8.00991 seconds
100/128 - Throughput: 249691 ops/sec
44/128 - Performed a throughput benchmark:
44/128 - Performed 2000000 find-or-put operations with random values from [0,...,166399999]
44/128 - Finds: 977840 (0.48892), Inserts: 1022160 (0.51108), Errors: 0 (0)
44/128 - Execution time: 7.99502 seconds
44/128 - Throughput: 250156 ops/sec
79/128 - Performed a throughput benchmark:
79/128 - Performed 2000000 find-or-put operations with random values from [0,...,166399999]
79/128 - Finds: 979992 (0.489996), Inserts: 1020008 (0.510004), Errors: 0 (0)
79/128 - Execution time: 8.02524 seconds
79/128 - Throughput: 249214 ops/sec
74/128 - Performed a throughput benchmark:
74/128 - Performed 2000000 find-or-put operations with random values from [0,...,166399999]
74/128 - Finds: 979374 (0.489687), Inserts: 1020626 (0.510313), Errors: 0 (0)
74/128 - Execution time: 8.00758 seconds
74/128 - Throughput: 249763 ops/sec
36/128 - Performed a throughput benchmark:
36/128 - Performed 2000000 find-or-put operations with random values from [0,...,166399999]
36/128 - Finds: 978670 (0.489335), Inserts: 1021330 (0.510665), Errors: 0 (0)
36/128 - Execution time: 7.9954 seconds
36/128 - Throughput: 250144 ops/sec
38/128 - Performed a throughput benchmark:
38/128 - Performed 2000000 find-or-put operations with random values from [0,...,166399999]
38/128 - Finds: 978451 (0.489225), Inserts: 1021549 (0.510775), Errors: 0 (0)
38/128 - Execution time: 7.99627 seconds
38/128 - Throughput: 250117 ops/sec
98/128 - Performed a throughput benchmark:
98/128 - Performed 2000000 find-or-put operations with random values from [0,...,166399999]
98/128 - Finds: 980881 (0.490441), Inserts: 1019119 (0.50956), Errors: 0 (0)
98/128 - Execution time: 8.02745 seconds
98/128 - Throughput: 249145 ops/sec
3/128 - Performed a throughput benchmark:
3/128 - Performed 2000000 find-or-put operations with random values from [0,...,166399999]
3/128 - Finds: 982547 (0.491273), Inserts: 1017453 (0.508726), Errors: 0 (0)
3/128 - Execution time: 8.04414 seconds
3/128 - Throughput: 248628 ops/sec
68/128 - Performed a throughput benchmark:
68/128 - Performed 2000000 find-or-put operations with random values from [0,...,166399999]
68/128 - Finds: 979077 (0.489538), Inserts: 1020923 (0.510462), Errors: 0 (0)
68/128 - Execution time: 8.02946 seconds
68/128 - Throughput: 249083 ops/sec
4/128 - Performed a throughput benchmark:
4/128 - Performed 2000000 find-or-put operations with random values from [0,...,166399999]
4/128 - Finds: 981955 (0.490978), Inserts: 1018045 (0.509023), Errors: 0 (0)
4/128 - Execution time: 8.04179 seconds
4/128 - Throughput: 248701 ops/sec
63/128 - Performed a throughput benchmark:
63/128 - Performed 2000000 find-or-put operations with random values from [0,...,166399999]
63/128 - Finds: 976647 (0.488324), Inserts: 1023353 (0.511676), Errors: 0 (0)
63/128 - Execution time: 7.98225 seconds
63/128 - Throughput: 250556 ops/sec
107/128 - Performed a throughput benchmark:
107/128 - Performed 2000000 find-or-put operations with random values from [0,...,166399999]
107/128 - Finds: 977460 (0.48873), Inserts: 1022540 (0.51127), Errors: 0 (0)
107/128 - Execution time: 7.99871 seconds
107/128 - Throughput: 250040 ops/sec
8/128 - Performed a throughput benchmark:
8/128 - Performed 2000000 find-or-put operations with random values from [0,...,166399999]
8/128 - Finds: 979322 (0.489661), Inserts: 1020678 (0.510339), Errors: 0 (0)
8/128 - Execution time: 7.98611 seconds
8/128 - Throughput: 250435 ops/sec
51/128 - Performed a throughput benchmark:
51/128 - Performed 2000000 find-or-put operations with random values from [0,...,166399999]
51/128 - Finds: 976746 (0.488373), Inserts: 1023254 (0.511627), Errors: 0 (0)
51/128 - Execution time: 7.98759 seconds
51/128 - Throughput: 250388 ops/sec
53/128 - Performed a throughput benchmark:
53/128 - Performed 2000000 find-or-put operations with random values from [0,...,166399999]
53/128 - Finds: 979631 (0.489816), Inserts: 1020369 (0.510185), Errors: 0 (0)
53/128 - Execution time: 8.0139 seconds
53/128 - Throughput: 249567 ops/sec
56/128 - Performed a throughput benchmark:
56/128 - Performed 2000000 find-or-put operations with random values from [0,...,166399999]
56/128 - Finds: 977260 (0.48863), Inserts: 1022740 (0.51137), Errors: 0 (0)
56/128 - Execution time: 7.98586 seconds
56/128 - Throughput: 250443 ops/sec
13/128 - Performed a throughput benchmark:
13/128 - Performed 2000000 find-or-put operations with random values from [0,...,166399999]
13/128 - Finds: 978351 (0.489175), Inserts: 1021649 (0.510825), Errors: 0 (0)
13/128 - Execution time: 8.00922 seconds
13/128 - Throughput: 249712 ops/sec
99/128 - Performed a throughput benchmark:
99/128 - Performed 2000000 find-or-put operations with random values from [0,...,166399999]
99/128 - Finds: 979634 (0.489817), Inserts: 1020366 (0.510183), Errors: 0 (0)
99/128 - Execution time: 7.99942 seconds
99/128 - Throughput: 250018 ops/sec
27/128 - Performed a throughput benchmark:
27/128 - Performed 2000000 find-or-put operations with random values from [0,...,166399999]
27/128 - Finds: 984880 (0.49244), Inserts: 1015120 (0.50756), Errors: 0 (0)
27/128 - Execution time: 8.07825 seconds
27/128 - Throughput: 247578 ops/sec
81/128 - Performed a throughput benchmark:
81/128 - Performed 2000000 find-or-put operations with random values from [0,...,166399999]
81/128 - Finds: 981035 (0.490517), Inserts: 1018965 (0.509482), Errors: 0 (0)
81/128 - Execution time: 8.02333 seconds
81/128 - Throughput: 249273 ops/sec
0/128 - Performed a throughput benchmark:
0/128 - Performed 2000000 find-or-put operations with random values from [0,...,166399999]
0/128 - Finds: 985924 (0.492962), Inserts: 1014076 (0.507038), Errors: 0 (0)
0/128 - Execution time: 8.08695 seconds
0/128 - Throughput: 247312 ops/sec
40/128 - Performed a throughput benchmark:
40/128 - Performed 2000000 find-or-put operations with random values from [0,...,166399999]
40/128 - Finds: 979043 (0.489521), Inserts: 1020957 (0.510478), Errors: 0 (0)
40/128 - Execution time: 8.01681 seconds
40/128 - Throughput: 249476 ops/sec
52/128 - Performed a throughput benchmark:
52/128 - Performed 2000000 find-or-put operations with random values from [0,...,166399999]
52/128 - Finds: 980531 (0.490266), Inserts: 1019469 (0.509734), Errors: 0 (0)
52/128 - Execution time: 8.03179 seconds
52/128 - Throughput: 249010 ops/sec
49/128 - Performed a throughput benchmark:
49/128 - Performed 2000000 find-or-put operations with random values from [0,...,166399999]
49/128 - Finds: 980476 (0.490238), Inserts: 1019524 (0.509762), Errors: 0 (0)
49/128 - Execution time: 8.03547 seconds
49/128 - Throughput: 248896 ops/sec
76/128 - Performed a throughput benchmark:
76/128 - Performed 2000000 find-or-put operations with random values from [0,...,166399999]
76/128 - Finds: 978824 (0.489412), Inserts: 1021176 (0.510588), Errors: 0 (0)
76/128 - Execution time: 8.0087 seconds
76/128 - Throughput: 249729 ops/sec
25/128 - Performed a throughput benchmark:
25/128 - Performed 2000000 find-or-put operations with random values from [0,...,166399999]
25/128 - Finds: 984278 (0.492139), Inserts: 1015722 (0.507861), Errors: 0 (0)
25/128 - Execution time: 8.07983 seconds
25/128 - Throughput: 247530 ops/sec
29/128 - Performed a throughput benchmark:
29/128 - Performed 2000000 find-or-put operations with random values from [0,...,166399999]
29/128 - Finds: 986740 (0.49337), Inserts: 1013260 (0.50663), Errors: 0 (0)
29/128 - Execution time: 8.09234 seconds
29/128 - Throughput: 247147 ops/sec
26/128 - Performed a throughput benchmark:
26/128 - Performed 2000000 find-or-put operations with random values from [0,...,166399999]
26/128 - Finds: 983640 (0.49182), Inserts: 1016360 (0.50818), Errors: 0 (0)
26/128 - Execution time: 8.07198 seconds
26/128 - Throughput: 247771 ops/sec
47/128 - Performed a throughput benchmark:
47/128 - Performed 2000000 find-or-put operations with random values from [0,...,166399999]
47/128 - Finds: 979146 (0.489573), Inserts: 1020854 (0.510427), Errors: 0 (0)
47/128 - Execution time: 8.01829 seconds
47/128 - Throughput: 249430 ops/sec
31/128 - Performed a throughput benchmark:
31/128 - Performed 2000000 find-or-put operations with random values from [0,...,166399999]
31/128 - Finds: 985022 (0.492511), Inserts: 1014978 (0.507489), Errors: 0 (0)
31/128 - Execution time: 8.07267 seconds
31/128 - Throughput: 247750 ops/sec
102/128 - Performed a throughput benchmark:
102/128 - Performed 2000000 find-or-put operations with random values from [0,...,166399999]
102/128 - Finds: 979589 (0.489795), Inserts: 1020411 (0.510205), Errors: 0 (0)
102/128 - Execution time: 8.01392 seconds
102/128 - Throughput: 249566 ops/sec
101/128 - Performed a throughput benchmark:
101/128 - Performed 2000000 find-or-put operations with random values from [0,...,166399999]
101/128 - Finds: 978760 (0.48938), Inserts: 1021240 (0.51062), Errors: 0 (0)
101/128 - Execution time: 8.01768 seconds
101/128 - Throughput: 249449 ops/sec
73/128 - Performed a throughput benchmark:
73/128 - Performed 2000000 find-or-put operations with random values from [0,...,166399999]
73/128 - Finds: 980208 (0.490104), Inserts: 1019792 (0.509896), Errors: 0 (0)
73/128 - Execution time: 8.0155 seconds
73/128 - Throughput: 249516 ops/sec
84/128 - Performed a throughput benchmark:
84/128 - Performed 2000000 find-or-put operations with random values from [0,...,166399999]
84/128 - Finds: 983824 (0.491912), Inserts: 1016176 (0.508088), Errors: 0 (0)
84/128 - Execution time: 8.07956 seconds
84/128 - Throughput: 247538 ops/sec
103/128 - Performed a throughput benchmark:
103/128 - Performed 2000000 find-or-put operations with random values from [0,...,166399999]
103/128 - Finds: 981249 (0.490625), Inserts: 1018751 (0.509375), Errors: 0 (0)
103/128 - Execution time: 8.01736 seconds
103/128 - Throughput: 249459 ops/sec
75/128 - Performed a throughput benchmark:
75/128 - Performed 2000000 find-or-put operations with random values from [0,...,166399999]
75/128 - Finds: 990147 (0.495073), Inserts: 1009853 (0.504926), Errors: 0 (0)
75/128 - Execution time: 8.131 seconds
75/128 - Throughput: 245972 ops/sec
123/128 - Performed a throughput benchmark:
123/128 - Performed 2000000 find-or-put operations with random values from [0,...,166399999]
123/128 - Finds: 979161 (0.48958), Inserts: 1020839 (0.51042), Errors: 0 (0)
123/128 - Execution time: 8.02025 seconds
123/128 - Throughput: 249369 ops/sec
91/128 - Performed a throughput benchmark:
91/128 - Performed 2000000 find-or-put operations with random values from [0,...,166399999]
91/128 - Finds: 978995 (0.489497), Inserts: 1021005 (0.510502), Errors: 0 (0)
91/128 - Execution time: 8.02181 seconds
91/128 - Throughput: 249320 ops/sec
28/128 - Performed a throughput benchmark:
28/128 - Performed 2000000 find-or-put operations with random values from [0,...,166399999]
28/128 - Finds: 986785 (0.493393), Inserts: 1013215 (0.506607), Errors: 0 (0)
28/128 - Execution time: 8.09398 seconds
28/128 - Throughput: 247097 ops/sec
30/128 - Performed a throughput benchmark:
30/128 - Performed 2000000 find-or-put operations with random values from [0,...,166399999]
30/128 - Finds: 988356 (0.494178), Inserts: 1011644 (0.505822), Errors: 0 (0)
30/128 - Execution time: 8.11335 seconds
30/128 - Throughput: 246507 ops/sec
24/128 - Performed a throughput benchmark:
24/128 - Performed 2000000 find-or-put operations with random values from [0,...,166399999]
24/128 - Finds: 987516 (0.493758), Inserts: 1012484 (0.506242), Errors: 0 (0)
24/128 - Execution time: 8.10515 seconds
24/128 - Throughput: 246757 ops/sec
122/128 - Performed a throughput benchmark:
122/128 - Performed 2000000 find-or-put operations with random values from [0,...,166399999]
122/128 - Finds: 988533 (0.494266), Inserts: 1011467 (0.505733), Errors: 0 (0)
122/128 - Execution time: 8.10445 seconds
122/128 - Throughput: 246778 ops/sec
6/128 - Performed a throughput benchmark:
6/128 - Performed 2000000 find-or-put operations with random values from [0,...,166399999]
6/128 - Finds: 1005164 (0.502582), Inserts: 994836 (0.497418), Errors: 0 (0)
6/128 - Execution time: 8.34036 seconds
6/128 - Throughput: 239798 ops/sec
[1447404969.869660] [node008:19332:0]         sys.c:719  MXM  WARN  Conflicting CPU frequencies detected, using: 1588.50
