[1447404739.351442] [node008:16982:0]         sys.c:719  MXM  WARN  Conflicting CPU frequencies detected, using: 2867.44
[1447404739.411665] [node008:16982:0]         mxm.c:185  MXM  WARN  The 'ulimit -s' on the system is set to 'unlimited'. This may have negative performance implications. Please set the heap size to the default value (10240) 
[1447404739.351624] [node008:16981:0]         sys.c:719  MXM  WARN  Conflicting CPU frequencies detected, using: 2867.44
[1447404739.455732] [node008:16981:0]         mxm.c:185  MXM  WARN  The 'ulimit -s' on the system is set to 'unlimited'. This may have negative performance implications. Please set the heap size to the default value (10240) 
[1447404739.351618] [node008:16980:0]         sys.c:719  MXM  WARN  Conflicting CPU frequencies detected, using: 2867.44
[1447404739.453385] [node008:16980:0]         mxm.c:185  MXM  WARN  The 'ulimit -s' on the system is set to 'unlimited'. This may have negative performance implications. Please set the heap size to the default value (10240) 
[1447404739.353189] [node008:16985:0]         sys.c:719  MXM  WARN  Conflicting CPU frequencies detected, using: 2867.44
[1447404739.475697] [node008:16985:0]         mxm.c:185  MXM  WARN  The 'ulimit -s' on the system is set to 'unlimited'. This may have negative performance implications. Please set the heap size to the default value (10240) 
[1447404739.348291] [node008:16974:0]         sys.c:719  MXM  WARN  Conflicting CPU frequencies detected, using: 2867.44
[1447404739.388630] [node008:16974:0]         mxm.c:185  MXM  WARN  The 'ulimit -s' on the system is set to 'unlimited'. This may have negative performance implications. Please set the heap size to the default value (10240) 
[1447404739.353614] [node008:16987:0]         sys.c:719  MXM  WARN  Conflicting CPU frequencies detected, using: 2867.44
[1447404739.416430] [node008:16987:0]         mxm.c:185  MXM  WARN  The 'ulimit -s' on the system is set to 'unlimited'. This may have negative performance implications. Please set the heap size to the default value (10240) 
[1447404739.351690] [node008:16979:0]         sys.c:719  MXM  WARN  Conflicting CPU frequencies detected, using: 2867.44
[1447404739.414863] [node008:16979:0]         mxm.c:185  MXM  WARN  The 'ulimit -s' on the system is set to 'unlimited'. This may have negative performance implications. Please set the heap size to the default value (10240) 
[1447404739.350703] [node008:16978:0]         sys.c:719  MXM  WARN  Conflicting CPU frequencies detected, using: 2867.44
[1447404739.398875] [node008:16978:0]         mxm.c:185  MXM  WARN  The 'ulimit -s' on the system is set to 'unlimited'. This may have negative performance implications. Please set the heap size to the default value (10240) 
[1447404739.349631] [node008:16975:0]         sys.c:719  MXM  WARN  Conflicting CPU frequencies detected, using: 2867.44
[1447404739.406896] [node008:16975:0]         mxm.c:185  MXM  WARN  The 'ulimit -s' on the system is set to 'unlimited'. This may have negative performance implications. Please set the heap size to the default value (10240) 
[1447404739.351279] [node008:16986:0]         sys.c:719  MXM  WARN  Conflicting CPU frequencies detected, using: 2867.44
[1447404739.426250] [node008:16986:0]         mxm.c:185  MXM  WARN  The 'ulimit -s' on the system is set to 'unlimited'. This may have negative performance implications. Please set the heap size to the default value (10240) 
[1447404739.352819] [node008:16988:0]         sys.c:719  MXM  WARN  Conflicting CPU frequencies detected, using: 2867.44
[1447404739.434587] [node008:16988:0]         mxm.c:185  MXM  WARN  The 'ulimit -s' on the system is set to 'unlimited'. This may have negative performance implications. Please set the heap size to the default value (10240) 
[1447404739.351223] [node008:16977:0]         sys.c:719  MXM  WARN  Conflicting CPU frequencies detected, using: 2867.44
[1447404739.427017] [node008:16977:0]         mxm.c:185  MXM  WARN  The 'ulimit -s' on the system is set to 'unlimited'. This may have negative performance implications. Please set the heap size to the default value (10240) 
[1447404739.352466] [node008:16984:0]         sys.c:719  MXM  WARN  Conflicting CPU frequencies detected, using: 2867.44
[1447404739.439725] [node008:16984:0]         mxm.c:185  MXM  WARN  The 'ulimit -s' on the system is set to 'unlimited'. This may have negative performance implications. Please set the heap size to the default value (10240) 
[1447404739.351605] [node008:16983:0]         sys.c:719  MXM  WARN  Conflicting CPU frequencies detected, using: 2867.44
[1447404739.442126] [node008:16983:0]         mxm.c:185  MXM  WARN  The 'ulimit -s' on the system is set to 'unlimited'. This may have negative performance implications. Please set the heap size to the default value (10240) 
[1447404739.351625] [node008:16976:0]         sys.c:719  MXM  WARN  Conflicting CPU frequencies detected, using: 2867.44
[1447404739.423104] [node008:16976:0]         mxm.c:185  MXM  WARN  The 'ulimit -s' on the system is set to 'unlimited'. This may have negative performance implications. Please set the heap size to the default value (10240) 
[1447404739.354123] [node008:16989:0]         sys.c:719  MXM  WARN  Conflicting CPU frequencies detected, using: 2419.12
[1447404739.423862] [node008:16989:0]         mxm.c:185  MXM  WARN  The 'ulimit -s' on the system is set to 'unlimited'. This may have negative performance implications. Please set the heap size to the default value (10240) 
[1447404739.988206] [node009:25264:0]         sys.c:719  MXM  WARN  Conflicting CPU frequencies detected, using: 1882.59
[1447404739.996353] [node009:25264:0]         mxm.c:185  MXM  WARN  The 'ulimit -s' on the system is set to 'unlimited'. This may have negative performance implications. Please set the heap size to the default value (10240) 
[1447404740.150076] [node010:11043:0]         sys.c:719  MXM  WARN  Conflicting CPU frequencies detected, using: 2400.00
[1447404740.152842] [node010:11043:0]         mxm.c:185  MXM  WARN  The 'ulimit -s' on the system is set to 'unlimited'. This may have negative performance implications. Please set the heap size to the default value (10240) 
[1447404740.150461] [node010:11088:0]         sys.c:719  MXM  WARN  Conflicting CPU frequencies detected, using: 2400.00
[1447404740.154242] [node010:11088:0]         mxm.c:185  MXM  WARN  The 'ulimit -s' on the system is set to 'unlimited'. This may have negative performance implications. Please set the heap size to the default value (10240) 
[1447404740.148833] [node010:11048:0]         sys.c:719  MXM  WARN  Conflicting CPU frequencies detected, using: 2400.00
[1447404740.152431] [node010:11048:0]         mxm.c:185  MXM  WARN  The 'ulimit -s' on the system is set to 'unlimited'. This may have negative performance implications. Please set the heap size to the default value (10240) 
[1447404740.153360] [node010:11049:0]         sys.c:719  MXM  WARN  Conflicting CPU frequencies detected, using: 2400.00
[1447404740.156366] [node010:11049:0]         mxm.c:185  MXM  WARN  The 'ulimit -s' on the system is set to 'unlimited'. This may have negative performance implications. Please set the heap size to the default value (10240) 
[1447404740.178549] [node009:25310:0]         sys.c:719  MXM  WARN  Conflicting CPU frequencies detected, using: 2400.00
[1447404740.185706] [node009:25310:0]         mxm.c:185  MXM  WARN  The 'ulimit -s' on the system is set to 'unlimited'. This may have negative performance implications. Please set the heap size to the default value (10240) 
[1447404740.195855] [node009:25307:0]         sys.c:719  MXM  WARN  Conflicting CPU frequencies detected, using: 2400.00
[1447404740.206075] [node009:25307:0]         mxm.c:185  MXM  WARN  The 'ulimit -s' on the system is set to 'unlimited'. This may have negative performance implications. Please set the heap size to the default value (10240) 
[1447404740.187593] [node009:25305:0]         sys.c:719  MXM  WARN  Conflicting CPU frequencies detected, using: 2400.00
[1447404740.195491] [node009:25305:0]         mxm.c:185  MXM  WARN  The 'ulimit -s' on the system is set to 'unlimited'. This may have negative performance implications. Please set the heap size to the default value (10240) 
[1447404740.192797] [node009:25308:0]         sys.c:719  MXM  WARN  Conflicting CPU frequencies detected, using: 2400.00
[1447404740.204490] [node009:25308:0]         mxm.c:185  MXM  WARN  The 'ulimit -s' on the system is set to 'unlimited'. This may have negative performance implications. Please set the heap size to the default value (10240) 
[1447404740.205861] [node009:25304:0]         sys.c:719  MXM  WARN  Conflicting CPU frequencies detected, using: 2400.00
[1447404740.219557] [node009:25304:0]         mxm.c:185  MXM  WARN  The 'ulimit -s' on the system is set to 'unlimited'. This may have negative performance implications. Please set the heap size to the default value (10240) 
[1447404740.187754] [node009:25309:0]         sys.c:719  MXM  WARN  Conflicting CPU frequencies detected, using: 2400.00
[1447404740.198137] [node009:25309:0]         mxm.c:185  MXM  WARN  The 'ulimit -s' on the system is set to 'unlimited'. This may have negative performance implications. Please set the heap size to the default value (10240) 
[1447404740.200745] [node009:25323:0]         sys.c:719  MXM  WARN  Conflicting CPU frequencies detected, using: 2400.00
[1447404740.216165] [node009:25323:0]         mxm.c:185  MXM  WARN  The 'ulimit -s' on the system is set to 'unlimited'. This may have negative performance implications. Please set the heap size to the default value (10240) 
[1447404740.360999] [node009:25577:0]         sys.c:719  MXM  WARN  Conflicting CPU frequencies detected, using: 2660.16
[1447404740.366170] [node009:25577:0]         mxm.c:185  MXM  WARN  The 'ulimit -s' on the system is set to 'unlimited'. This may have negative performance implications. Please set the heap size to the default value (10240) 
[1447404740.478096] [node009:25615:0]         sys.c:719  MXM  WARN  Conflicting CPU frequencies detected, using: 2725.59
[1447404740.483415] [node009:25615:0]         mxm.c:185  MXM  WARN  The 'ulimit -s' on the system is set to 'unlimited'. This may have negative performance implications. Please set the heap size to the default value (10240) 
[1447404740.496163] [node010:11203:0]         sys.c:719  MXM  WARN  Conflicting CPU frequencies detected, using: 2400.00
[1447404740.498931] [node010:11203:0]         mxm.c:185  MXM  WARN  The 'ulimit -s' on the system is set to 'unlimited'. This may have negative performance implications. Please set the heap size to the default value (10240) 
[1447404740.481197] [node009:25632:0]         sys.c:719  MXM  WARN  Conflicting CPU frequencies detected, using: 2725.59
[1447404740.489794] [node009:25632:0]         mxm.c:185  MXM  WARN  The 'ulimit -s' on the system is set to 'unlimited'. This may have negative performance implications. Please set the heap size to the default value (10240) 
[1447404740.485333] [node011:28356:0]         sys.c:719  MXM  WARN  Conflicting CPU frequencies detected, using: 2400.19
[1447404740.490948] [node011:28356:0]         mxm.c:185  MXM  WARN  The 'ulimit -s' on the system is set to 'unlimited'. This may have negative performance implications. Please set the heap size to the default value (10240) 
[1447404740.481727] [node009:25636:0]         sys.c:719  MXM  WARN  Conflicting CPU frequencies detected, using: 2725.59
[1447404740.490550] [node009:25636:0]         mxm.c:185  MXM  WARN  The 'ulimit -s' on the system is set to 'unlimited'. This may have negative performance implications. Please set the heap size to the default value (10240) 
[1447404740.513680] [node012:23394:0]         sys.c:719  MXM  WARN  Conflicting CPU frequencies detected, using: 2400.00
[1447404740.519722] [node012:23394:0]         mxm.c:185  MXM  WARN  The 'ulimit -s' on the system is set to 'unlimited'. This may have negative performance implications. Please set the heap size to the default value (10240) 
[1447404740.493916] [node009:25627:0]         sys.c:719  MXM  WARN  Conflicting CPU frequencies detected, using: 2725.59
[1447404740.506641] [node009:25627:0]         mxm.c:185  MXM  WARN  The 'ulimit -s' on the system is set to 'unlimited'. This may have negative performance implications. Please set the heap size to the default value (10240) 
[1447404740.500481] [node009:25641:0]         sys.c:719  MXM  WARN  Conflicting CPU frequencies detected, using: 2725.59
[1447404740.513200] [node009:25641:0]         mxm.c:185  MXM  WARN  The 'ulimit -s' on the system is set to 'unlimited'. This may have negative performance implications. Please set the heap size to the default value (10240) 
[1447404740.493170] [node009:25637:0]         sys.c:719  MXM  WARN  Conflicting CPU frequencies detected, using: 2725.59
[1447404740.510739] [node009:25637:0]         mxm.c:185  MXM  WARN  The 'ulimit -s' on the system is set to 'unlimited'. This may have negative performance implications. Please set the heap size to the default value (10240) 
[1447404740.521353] [node015:7217 :0]         sys.c:719  MXM  WARN  Conflicting CPU frequencies detected, using: 2400.00
[1447404740.527085] [node015:7217 :0]         mxm.c:185  MXM  WARN  The 'ulimit -s' on the system is set to 'unlimited'. This may have negative performance implications. Please set the heap size to the default value (10240) 
[1447404740.524735] [node011:28355:0]         sys.c:719  MXM  WARN  Conflicting CPU frequencies detected, using: 2400.00
[1447404740.530810] [node011:28355:0]         mxm.c:185  MXM  WARN  The 'ulimit -s' on the system is set to 'unlimited'. This may have negative performance implications. Please set the heap size to the default value (10240) 
[1447404740.498546] [node009:25625:0]         sys.c:719  MXM  WARN  Conflicting CPU frequencies detected, using: 2725.59
[1447404740.511473] [node009:25625:0]         mxm.c:185  MXM  WARN  The 'ulimit -s' on the system is set to 'unlimited'. This may have negative performance implications. Please set the heap size to the default value (10240) 
[1447404740.532755] [node013:18130:0]         sys.c:719  MXM  WARN  Conflicting CPU frequencies detected, using: 2400.00
[1447404740.538548] [node013:18130:0]         mxm.c:185  MXM  WARN  The 'ulimit -s' on the system is set to 'unlimited'. This may have negative performance implications. Please set the heap size to the default value (10240) 
[1447404740.555976] [node012:23402:0]         sys.c:719  MXM  WARN  Conflicting CPU frequencies detected, using: 2400.00
[1447404740.562388] [node012:23402:0]         mxm.c:185  MXM  WARN  The 'ulimit -s' on the system is set to 'unlimited'. This may have negative performance implications. Please set the heap size to the default value (10240) 
[1447404740.553593] [node012:23399:0]         sys.c:719  MXM  WARN  Conflicting CPU frequencies detected, using: 2400.00
[1447404740.560527] [node012:23399:0]         mxm.c:185  MXM  WARN  The 'ulimit -s' on the system is set to 'unlimited'. This may have negative performance implications. Please set the heap size to the default value (10240) 
[1447404740.574827] [node010:11226:0]         sys.c:719  MXM  WARN  Conflicting CPU frequencies detected, using: 2400.00
[1447404740.577946] [node010:11226:0]         mxm.c:185  MXM  WARN  The 'ulimit -s' on the system is set to 'unlimited'. This may have negative performance implications. Please set the heap size to the default value (10240) 
[1447404740.577449] [node010:11224:0]         sys.c:719  MXM  WARN  Conflicting CPU frequencies detected, using: 2400.00
[1447404740.580586] [node010:11224:0]         mxm.c:185  MXM  WARN  The 'ulimit -s' on the system is set to 'unlimited'. This may have negative performance implications. Please set the heap size to the default value (10240) 
[1447404740.576529] [node010:11229:0]         sys.c:719  MXM  WARN  Conflicting CPU frequencies detected, using: 2400.00
[1447404740.579736] [node010:11229:0]         mxm.c:185  MXM  WARN  The 'ulimit -s' on the system is set to 'unlimited'. This may have negative performance implications. Please set the heap size to the default value (10240) 
[1447404740.577426] [node010:11237:0]         sys.c:719  MXM  WARN  Conflicting CPU frequencies detected, using: 2400.00
[1447404740.581041] [node010:11237:0]         mxm.c:185  MXM  WARN  The 'ulimit -s' on the system is set to 'unlimited'. This may have negative performance implications. Please set the heap size to the default value (10240) 
[1447404740.577083] [node010:11236:0]         sys.c:719  MXM  WARN  Conflicting CPU frequencies detected, using: 2400.00
[1447404740.580868] [node010:11236:0]         mxm.c:185  MXM  WARN  The 'ulimit -s' on the system is set to 'unlimited'. This may have negative performance implications. Please set the heap size to the default value (10240) 
[1447404740.579027] [node010:11227:0]         sys.c:719  MXM  WARN  Conflicting CPU frequencies detected, using: 2400.00
[1447404740.581558] [node010:11227:0]         mxm.c:185  MXM  WARN  The 'ulimit -s' on the system is set to 'unlimited'. This may have negative performance implications. Please set the heap size to the default value (10240) 
[1447404740.574998] [node010:11234:0]         sys.c:719  MXM  WARN  Conflicting CPU frequencies detected, using: 2400.00
[1447404740.578422] [node010:11234:0]         mxm.c:185  MXM  WARN  The 'ulimit -s' on the system is set to 'unlimited'. This may have negative performance implications. Please set the heap size to the default value (10240) 
[1447404740.578136] [node015:7222 :0]         sys.c:719  MXM  WARN  Conflicting CPU frequencies detected, using: 2400.19
[1447404740.583531] [node015:7222 :0]         mxm.c:185  MXM  WARN  The 'ulimit -s' on the system is set to 'unlimited'. This may have negative performance implications. Please set the heap size to the default value (10240) 
[1447404740.590190] [node010:11232:0]         sys.c:719  MXM  WARN  Conflicting CPU frequencies detected, using: 2412.00
[1447404740.593131] [node010:11232:0]         mxm.c:185  MXM  WARN  The 'ulimit -s' on the system is set to 'unlimited'. This may have negative performance implications. Please set the heap size to the default value (10240) 
[1447404740.576906] [node010:11233:0]         sys.c:719  MXM  WARN  Conflicting CPU frequencies detected, using: 2400.00
[1447404740.580185] [node010:11233:0]         mxm.c:185  MXM  WARN  The 'ulimit -s' on the system is set to 'unlimited'. This may have negative performance implications. Please set the heap size to the default value (10240) 
[1447404740.585147] [node010:11209:0]         sys.c:719  MXM  WARN  Conflicting CPU frequencies detected, using: 2400.00
[1447404740.589850] [node010:11209:0]         mxm.c:185  MXM  WARN  The 'ulimit -s' on the system is set to 'unlimited'. This may have negative performance implications. Please set the heap size to the default value (10240) 
[1447404740.592265] [node010:11235:0]         sys.c:719  MXM  WARN  Conflicting CPU frequencies detected, using: 2412.00
[1447404740.596501] [node010:11235:0]         mxm.c:185  MXM  WARN  The 'ulimit -s' on the system is set to 'unlimited'. This may have negative performance implications. Please set the heap size to the default value (10240) 
[1447404740.598173] [node014:30777:0]         sys.c:719  MXM  WARN  Conflicting CPU frequencies detected, using: 2400.00
[1447404740.601640] [node014:30777:0]         mxm.c:185  MXM  WARN  The 'ulimit -s' on the system is set to 'unlimited'. This may have negative performance implications. Please set the heap size to the default value (10240) 
[1447404740.590226] [node015:7231 :0]         sys.c:719  MXM  WARN  Conflicting CPU frequencies detected, using: 2400.09
[1447404740.596739] [node015:7231 :0]         mxm.c:185  MXM  WARN  The 'ulimit -s' on the system is set to 'unlimited'. This may have negative performance implications. Please set the heap size to the default value (10240) 
[1447404740.585411] [node011:28366:0]         sys.c:719  MXM  WARN  Conflicting CPU frequencies detected, using: 2400.00
[1447404740.591203] [node011:28366:0]         mxm.c:185  MXM  WARN  The 'ulimit -s' on the system is set to 'unlimited'. This may have negative performance implications. Please set the heap size to the default value (10240) 
[1447404740.592049] [node015:7223 :0]         sys.c:719  MXM  WARN  Conflicting CPU frequencies detected, using: 2400.09
[1447404740.598847] [node015:7223 :0]         mxm.c:185  MXM  WARN  The 'ulimit -s' on the system is set to 'unlimited'. This may have negative performance implications. Please set the heap size to the default value (10240) 
[1447404740.591234] [node011:28413:0]         sys.c:719  MXM  WARN  Conflicting CPU frequencies detected, using: 2400.00
[1447404740.596728] [node011:28413:0]         mxm.c:185  MXM  WARN  The 'ulimit -s' on the system is set to 'unlimited'. This may have negative performance implications. Please set the heap size to the default value (10240) 
[1447404740.594548] [node011:28368:0]         sys.c:719  MXM  WARN  Conflicting CPU frequencies detected, using: 2400.00
[1447404740.605697] [node011:28368:0]         mxm.c:185  MXM  WARN  The 'ulimit -s' on the system is set to 'unlimited'. This may have negative performance implications. Please set the heap size to the default value (10240) 
[1447404740.652321] [node014:30800:0]         sys.c:719  MXM  WARN  Conflicting CPU frequencies detected, using: 2400.19
[1447404740.655649] [node014:30800:0]         mxm.c:185  MXM  WARN  The 'ulimit -s' on the system is set to 'unlimited'. This may have negative performance implications. Please set the heap size to the default value (10240) 
[1447404740.651871] [node014:30797:0]         sys.c:719  MXM  WARN  Conflicting CPU frequencies detected, using: 2400.19
[1447404740.655050] [node014:30797:0]         mxm.c:185  MXM  WARN  The 'ulimit -s' on the system is set to 'unlimited'. This may have negative performance implications. Please set the heap size to the default value (10240) 
[1447404740.662487] [node014:30809:0]         sys.c:719  MXM  WARN  Conflicting CPU frequencies detected, using: 2400.00
[1447404740.665779] [node014:30809:0]         mxm.c:185  MXM  WARN  The 'ulimit -s' on the system is set to 'unlimited'. This may have negative performance implications. Please set the heap size to the default value (10240) 
[1447404740.615409] [node015:7284 :0]         sys.c:719  MXM  WARN  Conflicting CPU frequencies detected, using: 2400.00
[1447404740.626347] [node015:7284 :0]         mxm.c:185  MXM  WARN  The 'ulimit -s' on the system is set to 'unlimited'. This may have negative performance implications. Please set the heap size to the default value (10240) 
[1447404740.614884] [node015:7304 :0]         sys.c:719  MXM  WARN  Conflicting CPU frequencies detected, using: 2400.00
[1447404740.625626] [node015:7304 :0]         mxm.c:185  MXM  WARN  The 'ulimit -s' on the system is set to 'unlimited'. This may have negative performance implications. Please set the heap size to the default value (10240) 
[1447404740.659400] [node014:30804:0]         sys.c:719  MXM  WARN  Conflicting CPU frequencies detected, using: 2400.00
[1447404740.662638] [node014:30804:0]         mxm.c:185  MXM  WARN  The 'ulimit -s' on the system is set to 'unlimited'. This may have negative performance implications. Please set the heap size to the default value (10240) 
[1447404740.627486] [node013:18152:0]         sys.c:719  MXM  WARN  Conflicting CPU frequencies detected, using: 2400.09
[1447404740.634743] [node013:18152:0]         mxm.c:185  MXM  WARN  The 'ulimit -s' on the system is set to 'unlimited'. This may have negative performance implications. Please set the heap size to the default value (10240) 
[1447404740.661565] [node014:30803:0]         sys.c:719  MXM  WARN  Conflicting CPU frequencies detected, using: 2400.00
[1447404740.665023] [node014:30803:0]         mxm.c:185  MXM  WARN  The 'ulimit -s' on the system is set to 'unlimited'. This may have negative performance implications. Please set the heap size to the default value (10240) 
[1447404740.667333] [node014:30798:0]         sys.c:719  MXM  WARN  Conflicting CPU frequencies detected, using: 2400.00
[1447404740.671248] [node014:30798:0]         mxm.c:185  MXM  WARN  The 'ulimit -s' on the system is set to 'unlimited'. This may have negative performance implications. Please set the heap size to the default value (10240) 
[1447404740.672064] [node014:30799:0]         sys.c:719  MXM  WARN  Conflicting CPU frequencies detected, using: 2400.09
[1447404740.675275] [node014:30799:0]         mxm.c:185  MXM  WARN  The 'ulimit -s' on the system is set to 'unlimited'. This may have negative performance implications. Please set the heap size to the default value (10240) 
[1447404740.664158] [node014:30806:0]         sys.c:719  MXM  WARN  Conflicting CPU frequencies detected, using: 2400.00
[1447404740.666707] [node014:30806:0]         mxm.c:185  MXM  WARN  The 'ulimit -s' on the system is set to 'unlimited'. This may have negative performance implications. Please set the heap size to the default value (10240) 
[1447404740.673561] [node014:30811:0]         sys.c:719  MXM  WARN  Conflicting CPU frequencies detected, using: 2400.09
[1447404740.677174] [node014:30811:0]         mxm.c:185  MXM  WARN  The 'ulimit -s' on the system is set to 'unlimited'. This may have negative performance implications. Please set the heap size to the default value (10240) 
[1447404740.666120] [node014:30795:0]         sys.c:719  MXM  WARN  Conflicting CPU frequencies detected, using: 2400.00
[1447404740.669935] [node014:30795:0]         mxm.c:185  MXM  WARN  The 'ulimit -s' on the system is set to 'unlimited'. This may have negative performance implications. Please set the heap size to the default value (10240) 
[1447404740.615157] [node011:28412:0]         sys.c:719  MXM  WARN  Conflicting CPU frequencies detected, using: 2400.00
[1447404740.663454] [node011:28412:0]         mxm.c:185  MXM  WARN  The 'ulimit -s' on the system is set to 'unlimited'. This may have negative performance implications. Please set the heap size to the default value (10240) 
[1447404740.676392] [node014:30802:0]         sys.c:719  MXM  WARN  Conflicting CPU frequencies detected, using: 2400.09
[1447404740.680143] [node014:30802:0]         mxm.c:185  MXM  WARN  The 'ulimit -s' on the system is set to 'unlimited'. This may have negative performance implications. Please set the heap size to the default value (10240) 
[1447404740.667346] [node014:30808:0]         sys.c:719  MXM  WARN  Conflicting CPU frequencies detected, using: 2400.00
[1447404740.671299] [node014:30808:0]         mxm.c:185  MXM  WARN  The 'ulimit -s' on the system is set to 'unlimited'. This may have negative performance implications. Please set the heap size to the default value (10240) 
[1447404740.606196] [node011:28414:0]         sys.c:719  MXM  WARN  Conflicting CPU frequencies detected, using: 2400.00
[1447404740.656480] [node011:28414:0]         mxm.c:185  MXM  WARN  The 'ulimit -s' on the system is set to 'unlimited'. This may have negative performance implications. Please set the heap size to the default value (10240) 
[1447404740.676261] [node014:30805:0]         sys.c:719  MXM  WARN  Conflicting CPU frequencies detected, using: 2400.09
[1447404740.680247] [node014:30805:0]         mxm.c:185  MXM  WARN  The 'ulimit -s' on the system is set to 'unlimited'. This may have negative performance implications. Please set the heap size to the default value (10240) 
[1447404740.622321] [node015:7293 :0]         sys.c:719  MXM  WARN  Conflicting CPU frequencies detected, using: 2400.00
[1447404740.678388] [node015:7293 :0]         mxm.c:185  MXM  WARN  The 'ulimit -s' on the system is set to 'unlimited'. This may have negative performance implications. Please set the heap size to the default value (10240) 
[1447404740.611138] [node012:23458:0]         sys.c:719  MXM  WARN  Conflicting CPU frequencies detected, using: 2400.00
[1447404740.668904] [node012:23458:0]         mxm.c:185  MXM  WARN  The 'ulimit -s' on the system is set to 'unlimited'. This may have negative performance implications. Please set the heap size to the default value (10240) 
[1447404740.710019] [node014:30807:0]         sys.c:719  MXM  WARN  Conflicting CPU frequencies detected, using: 2400.28
[1447404740.712846] [node014:30807:0]         mxm.c:185  MXM  WARN  The 'ulimit -s' on the system is set to 'unlimited'. This may have negative performance implications. Please set the heap size to the default value (10240) 
[1447404740.594357] [node011:28402:0]         sys.c:719  MXM  WARN  Conflicting CPU frequencies detected, using: 2400.00
[1447404740.608275] [node011:28402:0]         mxm.c:185  MXM  WARN  The 'ulimit -s' on the system is set to 'unlimited'. This may have negative performance implications. Please set the heap size to the default value (10240) 
[1447404740.717617] [node014:30810:0]         sys.c:719  MXM  WARN  Conflicting CPU frequencies detected, using: 2401.41
[1447404740.720402] [node014:30810:0]         mxm.c:185  MXM  WARN  The 'ulimit -s' on the system is set to 'unlimited'. This may have negative performance implications. Please set the heap size to the default value (10240) 
[1447404740.646007] [node013:18161:0]         sys.c:719  MXM  WARN  Conflicting CPU frequencies detected, using: 2400.00
[1447404740.701290] [node013:18161:0]         mxm.c:185  MXM  WARN  The 'ulimit -s' on the system is set to 'unlimited'. This may have negative performance implications. Please set the heap size to the default value (10240) 
[1447404740.601708] [node011:28405:0]         sys.c:719  MXM  WARN  Conflicting CPU frequencies detected, using: 2400.00
[1447404740.618222] [node011:28405:0]         mxm.c:185  MXM  WARN  The 'ulimit -s' on the system is set to 'unlimited'. This may have negative performance implications. Please set the heap size to the default value (10240) 
[1447404740.604551] [node012:23468:0]         sys.c:719  MXM  WARN  Conflicting CPU frequencies detected, using: 2400.00
[1447404740.620140] [node012:23468:0]         mxm.c:185  MXM  WARN  The 'ulimit -s' on the system is set to 'unlimited'. This may have negative performance implications. Please set the heap size to the default value (10240) 
[1447404740.606188] [node011:28428:0]         sys.c:719  MXM  WARN  Conflicting CPU frequencies detected, using: 2400.00
[1447404740.632680] [node011:28428:0]         mxm.c:185  MXM  WARN  The 'ulimit -s' on the system is set to 'unlimited'. This may have negative performance implications. Please set the heap size to the default value (10240) 
[1447404740.606368] [node012:23465:0]         sys.c:719  MXM  WARN  Conflicting CPU frequencies detected, using: 2400.00
[1447404740.639254] [node012:23465:0]         mxm.c:185  MXM  WARN  The 'ulimit -s' on the system is set to 'unlimited'. This may have negative performance implications. Please set the heap size to the default value (10240) 
[1447404740.604288] [node012:23462:0]         sys.c:719  MXM  WARN  Conflicting CPU frequencies detected, using: 2400.00
[1447404740.616901] [node012:23462:0]         mxm.c:185  MXM  WARN  The 'ulimit -s' on the system is set to 'unlimited'. This may have negative performance implications. Please set the heap size to the default value (10240) 
[1447404740.611160] [node012:23461:0]         sys.c:719  MXM  WARN  Conflicting CPU frequencies detected, using: 2400.00
[1447404740.632109] [node012:23461:0]         mxm.c:185  MXM  WARN  The 'ulimit -s' on the system is set to 'unlimited'. This may have negative performance implications. Please set the heap size to the default value (10240) 
[1447404740.656261] [node013:18162:0]         sys.c:719  MXM  WARN  Conflicting CPU frequencies detected, using: 2400.00
[1447404740.709612] [node013:18162:0]         mxm.c:185  MXM  WARN  The 'ulimit -s' on the system is set to 'unlimited'. This may have negative performance implications. Please set the heap size to the default value (10240) 
[1447404740.610169] [node012:23457:0]         sys.c:719  MXM  WARN  Conflicting CPU frequencies detected, using: 2400.00
[1447404740.632860] [node012:23457:0]         mxm.c:185  MXM  WARN  The 'ulimit -s' on the system is set to 'unlimited'. This may have negative performance implications. Please set the heap size to the default value (10240) 
[1447404740.640665] [node013:18156:0]         sys.c:719  MXM  WARN  Conflicting CPU frequencies detected, using: 2400.00
[1447404740.691553] [node013:18156:0]         mxm.c:185  MXM  WARN  The 'ulimit -s' on the system is set to 'unlimited'. This may have negative performance implications. Please set the heap size to the default value (10240) 
[1447404740.607271] [node012:23417:0]         sys.c:719  MXM  WARN  Conflicting CPU frequencies detected, using: 2400.00
[1447404740.646729] [node012:23417:0]         mxm.c:185  MXM  WARN  The 'ulimit -s' on the system is set to 'unlimited'. This may have negative performance implications. Please set the heap size to the default value (10240) 
[1447404740.647923] [node013:18151:0]         sys.c:719  MXM  WARN  Conflicting CPU frequencies detected, using: 2400.00
[1447404740.699531] [node013:18151:0]         mxm.c:185  MXM  WARN  The 'ulimit -s' on the system is set to 'unlimited'. This may have negative performance implications. Please set the heap size to the default value (10240) 
[1447404740.619849] [node015:7285 :0]         sys.c:719  MXM  WARN  Conflicting CPU frequencies detected, using: 2400.00
[1447404740.645200] [node015:7285 :0]         mxm.c:185  MXM  WARN  The 'ulimit -s' on the system is set to 'unlimited'. This may have negative performance implications. Please set the heap size to the default value (10240) 
[1447404740.605895] [node011:28422:0]         sys.c:719  MXM  WARN  Conflicting CPU frequencies detected, using: 2400.00
[1447404740.634305] [node011:28422:0]         mxm.c:185  MXM  WARN  The 'ulimit -s' on the system is set to 'unlimited'. This may have negative performance implications. Please set the heap size to the default value (10240) 
[1447404740.603933] [node011:28425:0]         sys.c:719  MXM  WARN  Conflicting CPU frequencies detected, using: 2400.00
[1447404740.648275] [node011:28425:0]         mxm.c:185  MXM  WARN  The 'ulimit -s' on the system is set to 'unlimited'. This may have negative performance implications. Please set the heap size to the default value (10240) 
[1447404740.613930] [node011:28420:0]         sys.c:719  MXM  WARN  Conflicting CPU frequencies detected, using: 2400.00
[1447404740.647321] [node011:28420:0]         mxm.c:185  MXM  WARN  The 'ulimit -s' on the system is set to 'unlimited'. This may have negative performance implications. Please set the heap size to the default value (10240) 
[1447404740.608588] [node011:28415:0]         sys.c:719  MXM  WARN  Conflicting CPU frequencies detected, using: 2400.00
[1447404740.650609] [node011:28415:0]         mxm.c:185  MXM  WARN  The 'ulimit -s' on the system is set to 'unlimited'. This may have negative performance implications. Please set the heap size to the default value (10240) 
[1447404740.612462] [node012:23463:0]         sys.c:719  MXM  WARN  Conflicting CPU frequencies detected, using: 2400.00
[1447404740.636220] [node012:23463:0]         mxm.c:185  MXM  WARN  The 'ulimit -s' on the system is set to 'unlimited'. This may have negative performance implications. Please set the heap size to the default value (10240) 
[1447404740.615160] [node012:23454:0]         sys.c:719  MXM  WARN  Conflicting CPU frequencies detected, using: 2400.00
[1447404740.643390] [node012:23454:0]         mxm.c:185  MXM  WARN  The 'ulimit -s' on the system is set to 'unlimited'. This may have negative performance implications. Please set the heap size to the default value (10240) 
[1447404740.600704] [node011:28421:0]         sys.c:719  MXM  WARN  Conflicting CPU frequencies detected, using: 2400.00
[1447404740.641623] [node011:28421:0]         mxm.c:185  MXM  WARN  The 'ulimit -s' on the system is set to 'unlimited'. This may have negative performance implications. Please set the heap size to the default value (10240) 
[1447404740.631018] [node013:18154:0]         sys.c:719  MXM  WARN  Conflicting CPU frequencies detected, using: 2400.00
[1447404740.644331] [node013:18154:0]         mxm.c:185  MXM  WARN  The 'ulimit -s' on the system is set to 'unlimited'. This may have negative performance implications. Please set the heap size to the default value (10240) 
[1447404740.619279] [node015:7302 :0]         sys.c:719  MXM  WARN  Conflicting CPU frequencies detected, using: 2400.00
[1447404740.640466] [node015:7302 :0]         mxm.c:185  MXM  WARN  The 'ulimit -s' on the system is set to 'unlimited'. This may have negative performance implications. Please set the heap size to the default value (10240) 
[1447404740.621961] [node015:7243 :0]         sys.c:719  MXM  WARN  Conflicting CPU frequencies detected, using: 2400.00
[1447404740.653497] [node015:7243 :0]         mxm.c:185  MXM  WARN  The 'ulimit -s' on the system is set to 'unlimited'. This may have negative performance implications. Please set the heap size to the default value (10240) 
[1447404740.612042] [node012:23456:0]         sys.c:719  MXM  WARN  Conflicting CPU frequencies detected, using: 2400.00
[1447404740.656158] [node012:23456:0]         mxm.c:185  MXM  WARN  The 'ulimit -s' on the system is set to 'unlimited'. This may have negative performance implications. Please set the heap size to the default value (10240) 
[1447404740.612294] [node012:23466:0]         sys.c:719  MXM  WARN  Conflicting CPU frequencies detected, using: 2400.00
[1447404740.637723] [node012:23466:0]         mxm.c:185  MXM  WARN  The 'ulimit -s' on the system is set to 'unlimited'. This may have negative performance implications. Please set the heap size to the default value (10240) 
[1447404740.613025] [node012:23464:0]         sys.c:719  MXM  WARN  Conflicting CPU frequencies detected, using: 2400.00
[1447404740.644190] [node012:23464:0]         mxm.c:185  MXM  WARN  The 'ulimit -s' on the system is set to 'unlimited'. This may have negative performance implications. Please set the heap size to the default value (10240) 
[1447404740.624291] [node015:7309 :0]         sys.c:719  MXM  WARN  Conflicting CPU frequencies detected, using: 2400.00
[1447404740.659057] [node015:7309 :0]         mxm.c:185  MXM  WARN  The 'ulimit -s' on the system is set to 'unlimited'. This may have negative performance implications. Please set the heap size to the default value (10240) 
[1447404740.621564] [node015:7267 :0]         sys.c:719  MXM  WARN  Conflicting CPU frequencies detected, using: 2400.00
[1447404740.657357] [node015:7267 :0]         mxm.c:185  MXM  WARN  The 'ulimit -s' on the system is set to 'unlimited'. This may have negative performance implications. Please set the heap size to the default value (10240) 
[1447404740.599979] [node011:28403:0]         sys.c:719  MXM  WARN  Conflicting CPU frequencies detected, using: 2400.00
[1447404740.638341] [node011:28403:0]         mxm.c:185  MXM  WARN  The 'ulimit -s' on the system is set to 'unlimited'. This may have negative performance implications. Please set the heap size to the default value (10240) 
[1447404740.635058] [node013:18157:0]         sys.c:719  MXM  WARN  Conflicting CPU frequencies detected, using: 2400.00
[1447404740.656551] [node013:18157:0]         mxm.c:185  MXM  WARN  The 'ulimit -s' on the system is set to 'unlimited'. This may have negative performance implications. Please set the heap size to the default value (10240) 
[1447404740.634178] [node013:18150:0]         sys.c:719  MXM  WARN  Conflicting CPU frequencies detected, using: 2400.00
[1447404740.666285] [node013:18150:0]         mxm.c:185  MXM  WARN  The 'ulimit -s' on the system is set to 'unlimited'. This may have negative performance implications. Please set the heap size to the default value (10240) 
[1447404740.621915] [node015:7264 :0]         sys.c:719  MXM  WARN  Conflicting CPU frequencies detected, using: 2400.00
[1447404740.662286] [node015:7264 :0]         mxm.c:185  MXM  WARN  The 'ulimit -s' on the system is set to 'unlimited'. This may have negative performance implications. Please set the heap size to the default value (10240) 
[1447404740.633815] [node012:23459:0]         sys.c:719  MXM  WARN  Conflicting CPU frequencies detected, using: 2400.19
[1447404740.669798] [node012:23459:0]         mxm.c:185  MXM  WARN  The 'ulimit -s' on the system is set to 'unlimited'. This may have negative performance implications. Please set the heap size to the default value (10240) 
[1447404740.624939] [node015:7307 :0]         sys.c:719  MXM  WARN  Conflicting CPU frequencies detected, using: 2400.00
[1447404740.670773] [node015:7307 :0]         mxm.c:185  MXM  WARN  The 'ulimit -s' on the system is set to 'unlimited'. This may have negative performance implications. Please set the heap size to the default value (10240) 
[1447404740.633106] [node015:7297 :0]         sys.c:719  MXM  WARN  Conflicting CPU frequencies detected, using: 2400.00
[1447404740.672257] [node015:7297 :0]         mxm.c:185  MXM  WARN  The 'ulimit -s' on the system is set to 'unlimited'. This may have negative performance implications. Please set the heap size to the default value (10240) 
[1447404740.636436] [node013:18160:0]         sys.c:719  MXM  WARN  Conflicting CPU frequencies detected, using: 2400.00
[1447404740.652548] [node013:18160:0]         mxm.c:185  MXM  WARN  The 'ulimit -s' on the system is set to 'unlimited'. This may have negative performance implications. Please set the heap size to the default value (10240) 
[1447404740.633727] [node013:18165:0]         sys.c:719  MXM  WARN  Conflicting CPU frequencies detected, using: 2400.00
[1447404740.663685] [node013:18165:0]         mxm.c:185  MXM  WARN  The 'ulimit -s' on the system is set to 'unlimited'. This may have negative performance implications. Please set the heap size to the default value (10240) 
[1447404740.628312] [node013:18153:0]         sys.c:719  MXM  WARN  Conflicting CPU frequencies detected, using: 2400.00
[1447404740.650906] [node013:18153:0]         mxm.c:185  MXM  WARN  The 'ulimit -s' on the system is set to 'unlimited'. This may have negative performance implications. Please set the heap size to the default value (10240) 
[1447404740.626423] [node015:7308 :0]         sys.c:719  MXM  WARN  Conflicting CPU frequencies detected, using: 2400.00
[1447404740.663223] [node015:7308 :0]         mxm.c:185  MXM  WARN  The 'ulimit -s' on the system is set to 'unlimited'. This may have negative performance implications. Please set the heap size to the default value (10240) 
[1447404740.644648] [node013:18168:0]         sys.c:719  MXM  WARN  Conflicting CPU frequencies detected, using: 2400.00
[1447404740.672143] [node013:18168:0]         mxm.c:185  MXM  WARN  The 'ulimit -s' on the system is set to 'unlimited'. This may have negative performance implications. Please set the heap size to the default value (10240) 
[1447404740.635638] [node013:18159:0]         sys.c:719  MXM  WARN  Conflicting CPU frequencies detected, using: 2400.00
[1447404740.658060] [node013:18159:0]         mxm.c:185  MXM  WARN  The 'ulimit -s' on the system is set to 'unlimited'. This may have negative performance implications. Please set the heap size to the default value (10240) 
[1447404740.648877] [node013:18158:0]         sys.c:719  MXM  WARN  Conflicting CPU frequencies detected, using: 2400.00
[1447404740.685834] [node013:18158:0]         mxm.c:185  MXM  WARN  The 'ulimit -s' on the system is set to 'unlimited'. This may have negative performance implications. Please set the heap size to the default value (10240) 
[1447404740.680592] [node013:18164:0]         sys.c:719  MXM  WARN  Conflicting CPU frequencies detected, using: 2400.00
[1447404740.705480] [node013:18164:0]         mxm.c:185  MXM  WARN  The 'ulimit -s' on the system is set to 'unlimited'. This may have negative performance implications. Please set the heap size to the default value (10240) 
UPCR: UPC thread   1 of 128 on node008 (pshm node 0 of 8, process   1 of 128, pid=16975)
UPCR: UPC thread   2 of 128 on node008 (pshm node 0 of 8, process   2 of 128, pid=16976)
UPCR: UPC thread  15 of 128 on node008 (pshm node 0 of 8, process  15 of 128, pid=16989)
UPCR: UPC thread  14 of 128 on node008 (pshm node 0 of 8, process  14 of 128, pid=16988)
UPCR: UPC thread   5 of 128 on node008 (pshm node 0 of 8, process   5 of 128, pid=16979)
UPCR: UPC thread   4 of 128 on node008 (pshm node 0 of 8, process   4 of 128, pid=16978)
UPCR: UPC thread   0 of 128 on node008 (pshm node 0 of 8, process   0 of 128, pid=16974)
UPCR: UPC thread   6 of 128 on node008 (pshm node 0 of 8, process   6 of 128, pid=16980)
UPCR: UPC thread   9 of 128 on node008 (pshm node 0 of 8, process   9 of 128, pid=16983)
UPCR: UPC thread   8 of 128 on node008 (pshm node 0 of 8, process   8 of 128, pid=16982)
UPCR: UPC thread  13 of 128 on node008 (pshm node 0 of 8, process  13 of 128, pid=16987)
UPCR: UPC thread  11 of 128 on node008 (pshm node 0 of 8, process  11 of 128, pid=16985)
UPCR: UPC thread  12 of 128 on node008 (pshm node 0 of 8, process  12 of 128, pid=16986)
UPCR: UPC thread   7 of 128 on node008 (pshm node 0 of 8, process   7 of 128, pid=16981)
UPCR: UPC thread  10 of 128 on node008 (pshm node 0 of 8, process  10 of 128, pid=16984)
UPCR: UPC thread   3 of 128 on node008 (pshm node 0 of 8, process   3 of 128, pid=16977)
UPCR: UPC thread  68 of 128 on node012 (pshm node 4 of 8, process  68 of 128, pid=23417)
UPCR: UPC thread  78 of 128 on node012 (pshm node 4 of 8, process  78 of 128, pid=23464)
UPCR: UPC thread  67 of 128 on node012 (pshm node 4 of 8, process  67 of 128, pid=23468)
UPCR: UPC thread  65 of 128 on node012 (pshm node 4 of 8, process  65 of 128, pid=23399)
UPCR: UPC thread  69 of 128 on node012 (pshm node 4 of 8, process  69 of 128, pid=23466)
UPCR: UPC thread  75 of 128 on node012 (pshm node 4 of 8, process  75 of 128, pid=23463)
UPCR: UPC thread  72 of 128 on node012 (pshm node 4 of 8, process  72 of 128, pid=23458)
UPCR: UPC thread  79 of 128 on node012 (pshm node 4 of 8, process  79 of 128, pid=23456)
UPCR: UPC thread  70 of 128 on node012 (pshm node 4 of 8, process  70 of 128, pid=23465)
UPCR: UPC thread  76 of 128 on node012 (pshm node 4 of 8, process  76 of 128, pid=23459)
UPCR: UPC thread  74 of 128 on node012 (pshm node 4 of 8, process  74 of 128, pid=23461)
UPCR: UPC thread  38 of 128 on node010 (pshm node 2 of 8, process  38 of 128, pid=11203)
UPCR: UPC thread  43 of 128 on node010 (pshm node 2 of 8, process  43 of 128, pid=11234)
UPCR: UPC thread  71 of 128 on node012 (pshm node 4 of 8, process  71 of 128, pid=23462)
UPCR: UPC thread  32 of 128 on node010 (pshm node 2 of 8, process  32 of 128, pid=11043)
UPCR: UPC thread  66 of 128 on node012 (pshm node 4 of 8, process  66 of 128, pid=23394)
UPCR: UPC thread  45 of 128 on node010 (pshm node 2 of 8, process  45 of 128, pid=11048)
UPCR: UPC thread  73 of 128 on node012 (pshm node 4 of 8, process  73 of 128, pid=23402)
UPCR: UPC thread  77 of 128 on node012 (pshm node 4 of 8, process  77 of 128, pid=23457)
UPCR: UPC thread  40 of 128 on node010 (pshm node 2 of 8, process  40 of 128, pid=11209)
UPCR: UPC thread  47 of 128 on node010 (pshm node 2 of 8, process  47 of 128, pid=11224)
UPCR: UPC thread  36 of 128 on node010 (pshm node 2 of 8, process  36 of 128, pid=11236)
UPCR: UPC thread  96 of 128 on node014 (pshm node 6 of 8, process  96 of 128, pid=30795)
UPCR: UPC thread  64 of 128 on node012 (pshm node 4 of 8, process  64 of 128, pid=23454)
UPCR: UPC thread 102 of 128 on node014 (pshm node 6 of 8, process 102 of 128, pid=30800)
UPCR: UPC thread  35 of 128 on node010 (pshm node 2 of 8, process  35 of 128, pid=11235)
UPCR: UPC thread  44 of 128 on node010 (pshm node 2 of 8, process  44 of 128, pid=11229)
UPCR: UPC thread  37 of 128 on node010 (pshm node 2 of 8, process  37 of 128, pid=11227)
UPCR: UPC thread 106 of 128 on node014 (pshm node 6 of 8, process 106 of 128, pid=30806)
UPCR: UPC thread 111 of 128 on node014 (pshm node 6 of 8, process 111 of 128, pid=30799)
UPCR: UPC thread 108 of 128 on node014 (pshm node 6 of 8, process 108 of 128, pid=30807)
UPCR: UPC thread 105 of 128 on node014 (pshm node 6 of 8, process 105 of 128, pid=30802)
UPCR: UPC thread  34 of 128 on node010 (pshm node 2 of 8, process  34 of 128, pid=11233)
UPCR: UPC thread 103 of 128 on node014 (pshm node 6 of 8, process 103 of 128, pid=30811)
UPCR: UPC thread  82 of 128 on node013 (pshm node 5 of 8, process  82 of 128, pid=18156)
UPCR: UPC thread  27 of 128 on node009 (pshm node 1 of 8, process  27 of 128, pid=25625)
UPCR: UPC thread  20 of 128 on node009 (pshm node 1 of 8, process  20 of 128, pid=25323)
UPCR: UPC thread  91 of 128 on node013 (pshm node 5 of 8, process  91 of 128, pid=18162)
UPCR: UPC thread  33 of 128 on node010 (pshm node 2 of 8, process  33 of 128, pid=11049)
UPCR: UPC thread 126 of 128 on node015 (pshm node 7 of 8, process 126 of 128, pid=7307)
UPCR: UPC thread 107 of 128 on node014 (pshm node 6 of 8, process 107 of 128, pid=30810)
UPCR: UPC thread 118 of 128 on node015 (pshm node 7 of 8, process 118 of 128, pid=7264)
UPCR: UPC thread  99 of 128 on node014 (pshm node 6 of 8, process  99 of 128, pid=30803)
UPCR: UPC thread  93 of 128 on node013 (pshm node 5 of 8, process  93 of 128, pid=18161)
UPCR: UPC thread 104 of 128 on node014 (pshm node 6 of 8, process 104 of 128, pid=30798)
UPCR: UPC thread  88 of 128 on node013 (pshm node 5 of 8, process  88 of 128, pid=18154)
UPCR: UPC thread  22 of 128 on node009 (pshm node 1 of 8, process  22 of 128, pid=25310)
UPCR: UPC thread  31 of 128 on node009 (pshm node 1 of 8, process  31 of 128, pid=25637)
UPCR: UPC thread  87 of 128 on node013 (pshm node 5 of 8, process  87 of 128, pid=18153)
UPCR: UPC thread 114 of 128 on node015 (pshm node 7 of 8, process 114 of 128, pid=7243)
UPCR: UPC thread 122 of 128 on node015 (pshm node 7 of 8, process 122 of 128, pid=7267)
UPCR: UPC thread 100 of 128 on node014 (pshm node 6 of 8, process 100 of 128, pid=30797)
UPCR: UPC thread 110 of 128 on node014 (pshm node 6 of 8, process 110 of 128, pid=30805)
UPCR: UPC thread 115 of 128 on node015 (pshm node 7 of 8, process 115 of 128, pid=7223)
UPCR: UPC thread  97 of 128 on node014 (pshm node 6 of 8, process  97 of 128, pid=30804)
UPCR: UPC thread  90 of 128 on node013 (pshm node 5 of 8, process  90 of 128, pid=18151)
UPCR: UPC thread  51 of 128 on node011 (pshm node 3 of 8, process  51 of 128, pid=28405)
UPCR: UPC thread  81 of 128 on node013 (pshm node 5 of 8, process  81 of 128, pid=18168)
UPCR: UPC thread  28 of 128 on node009 (pshm node 1 of 8, process  28 of 128, pid=25632)
UPCR: UPC thread 112 of 128 on node015 (pshm node 7 of 8, process 112 of 128, pid=7217)
UPCR: UPC thread  62 of 128 on node011 (pshm node 3 of 8, process  62 of 128, pid=28413)
UPCR: UPC thread 117 of 128 on node015 (pshm node 7 of 8, process 117 of 128, pid=7231)
UPCR: UPC thread 109 of 128 on node014 (pshm node 6 of 8, process 109 of 128, pid=30809)
UPCR: UPC thread  46 of 128 on node010 (pshm node 2 of 8, process  46 of 128, pid=11237)
UPCR: UPC thread  83 of 128 on node013 (pshm node 5 of 8, process  83 of 128, pid=18160)
UPCR: UPC thread  16 of 128 on node009 (pshm node 1 of 8, process  16 of 128, pid=25308)
UPCR: UPC thread  86 of 128 on node013 (pshm node 5 of 8, process  86 of 128, pid=18165)
UPCR: UPC thread  58 of 128 on node011 (pshm node 3 of 8, process  58 of 128, pid=28420)
UPCR: UPC thread  39 of 128 on node010 (pshm node 2 of 8, process  39 of 128, pid=11232)
UPCR: UPC thread  95 of 128 on node013 (pshm node 5 of 8, process  95 of 128, pid=18164)
UPCR: UPC thread  84 of 128 on node013 (pshm node 5 of 8, process  84 of 128, pid=18150)
UPCR: UPC thread  80 of 128 on node013 (pshm node 5 of 8, process  80 of 128, pid=18157)
UPCR: UPC thread  63 of 128 on node011 (pshm node 3 of 8, process  63 of 128, pid=28421)
UPCR: UPC thread  94 of 128 on node013 (pshm node 5 of 8, process  94 of 128, pid=18159)
UPCR: UPC thread  92 of 128 on node013 (pshm node 5 of 8, process  92 of 128, pid=18158)
UPCR: UPC thread  17 of 128 on node009 (pshm node 1 of 8, process  17 of 128, pid=25264)
UPCR: UPC thread 127 of 128 on node015 (pshm node 7 of 8, process 127 of 128, pid=7222)
UPCR: UPC thread  18 of 128 on node009 (pshm node 1 of 8, process  18 of 128, pid=25304)
UPCR: UPC thread  26 of 128 on node009 (pshm node 1 of 8, process  26 of 128, pid=25309)
UPCR: UPC thread  61 of 128 on node011 (pshm node 3 of 8, process  61 of 128, pid=28414)
UPCR: UPC thread  56 of 128 on node011 (pshm node 3 of 8, process  56 of 128, pid=28415)
UPCR: UPC thread  89 of 128 on node013 (pshm node 5 of 8, process  89 of 128, pid=18152)
UPCR: UPC thread  42 of 128 on node010 (pshm node 2 of 8, process  42 of 128, pid=11088)
UPCR: UPC thread  41 of 128 on node010 (pshm node 2 of 8, process  41 of 128, pid=11226)
UPCR: UPC thread 116 of 128 on node015 (pshm node 7 of 8, process 116 of 128, pid=7297)
UPCR: UPC thread  24 of 128 on node009 (pshm node 1 of 8, process  24 of 128, pid=25305)
UPCR: UPC thread 113 of 128 on node015 (pshm node 7 of 8, process 113 of 128, pid=7309)
UPCR: UPC thread  54 of 128 on node011 (pshm node 3 of 8, process  54 of 128, pid=28366)
UPCR: UPC thread  29 of 128 on node009 (pshm node 1 of 8, process  29 of 128, pid=25627)
UPCR: UPC thread  19 of 128 on node009 (pshm node 1 of 8, process  19 of 128, pid=25307)
UPCR: UPC thread  59 of 128 on node011 (pshm node 3 of 8, process  59 of 128, pid=28422)
UPCR: UPC thread 123 of 128 on node015 (pshm node 7 of 8, process 123 of 128, pid=7285)
UPCR: UPC thread  25 of 128 on node009 (pshm node 1 of 8, process  25 of 128, pid=25577)
UPCR: UPC thread  50 of 128 on node011 (pshm node 3 of 8, process  50 of 128, pid=28402)
UPCR: UPC thread  98 of 128 on node014 (pshm node 6 of 8, process  98 of 128, pid=30777)
UPCR: UPC thread 124 of 128 on node015 (pshm node 7 of 8, process 124 of 128, pid=7302)
UPCR: UPC thread  49 of 128 on node011 (pshm node 3 of 8, process  49 of 128, pid=28403)
UPCR: UPC thread 120 of 128 on node015 (pshm node 7 of 8, process 120 of 128, pid=7304)
UPCR: UPC thread  53 of 128 on node011 (pshm node 3 of 8, process  53 of 128, pid=28368)
UPCR: UPC thread  57 of 128 on node011 (pshm node 3 of 8, process  57 of 128, pid=28428)
UPCR: UPC thread  48 of 128 on node011 (pshm node 3 of 8, process  48 of 128, pid=28356)
UPCR: UPC thread 119 of 128 on node015 (pshm node 7 of 8, process 119 of 128, pid=7284)
UPCR: UPC thread  30 of 128 on node009 (pshm node 1 of 8, process  30 of 128, pid=25615)
UPCR: UPC thread  23 of 128 on node009 (pshm node 1 of 8, process  23 of 128, pid=25641)
UPCR: UPC thread  52 of 128 on node011 (pshm node 3 of 8, process  52 of 128, pid=28355)
UPCR: UPC thread 121 of 128 on node015 (pshm node 7 of 8, process 121 of 128, pid=7308)
UPCR: UPC thread  55 of 128 on node011 (pshm node 3 of 8, process  55 of 128, pid=28412)
UPCR: UPC thread  60 of 128 on node011 (pshm node 3 of 8, process  60 of 128, pid=28425)
UPCR: UPC thread  85 of 128 on node013 (pshm node 5 of 8, process  85 of 128, pid=18130)
UPCR: UPC thread  21 of 128 on node009 (pshm node 1 of 8, process  21 of 128, pid=25636)
UPCR: UPC thread 101 of 128 on node014 (pshm node 6 of 8, process 101 of 128, pid=30808)
UPCR: UPC thread 125 of 128 on node015 (pshm node 7 of 8, process 125 of 128, pid=7293)
0/128 - htable initialized
0/128 - table size: 137438953472 bytes (131072 MB)
0/128 - total number of buckets: 17179869184
0/128 - block size: 1073741824 (1024 MB)
0/128 - number of buckets in block: 134217728
0/128 - number of blocks: 128
0/128 - Performed a throughput benchmark:
0/128 - Performed 2000000 find-or-put operations with random values from [0,...,166399999]
0/128 - Finds: 947506 (0.473753), Inserts: 1052494 (0.526247), Errors: 0 (0)
0/128 - Execution time: 9.45679 seconds
0/128 - Throughput: 211488 ops/sec
80/128 - Performed a throughput benchmark:
80/128 - Performed 2000000 find-or-put operations with random values from [0,...,166399999]
80/128 - Finds: 945990 (0.472995), Inserts: 1054010 (0.527005), Errors: 0 (0)
80/128 - Execution time: 9.43682 seconds
80/128 - Throughput: 211936 ops/sec
83/128 - Performed a throughput benchmark:
83/128 - Performed 2000000 find-or-put operations with random values from [0,...,166399999]
83/128 - Finds: 946254 (0.473127), Inserts: 1053746 (0.526873), Errors: 0 (0)
83/128 - Execution time: 9.44423 seconds
83/128 - Throughput: 211770 ops/sec
7/128 - Performed a throughput benchmark:
7/128 - Performed 2000000 find-or-put operations with random values from [0,...,166399999]
7/128 - Finds: 945217 (0.472608), Inserts: 1054783 (0.527392), Errors: 0 (0)
7/128 - Execution time: 9.42409 seconds
7/128 - Throughput: 212222 ops/sec
2/128 - Performed a throughput benchmark:
2/128 - Performed 2000000 find-or-put operations with random values from [0,...,166399999]
2/128 - Finds: 945335 (0.472668), Inserts: 1054665 (0.527332), Errors: 0 (0)
2/128 - Execution time: 9.4514 seconds
2/128 - Throughput: 211609 ops/sec
4/128 - Performed a throughput benchmark:
4/128 - Performed 2000000 find-or-put operations with random values from [0,...,166399999]
4/128 - Finds: 944938 (0.472469), Inserts: 1055062 (0.527531), Errors: 0 (0)
4/128 - Execution time: 9.43103 seconds
4/128 - Throughput: 212066 ops/sec
1/128 - Performed a throughput benchmark:
1/128 - Performed 2000000 find-or-put operations with random values from [0,...,166399999]
1/128 - Finds: 946631 (0.473316), Inserts: 1053369 (0.526684), Errors: 0 (0)
1/128 - Execution time: 9.45916 seconds
1/128 - Throughput: 211435 ops/sec
5/128 - Performed a throughput benchmark:
5/128 - Performed 2000000 find-or-put operations with random values from [0,...,166399999]
5/128 - Finds: 948208 (0.474104), Inserts: 1051792 (0.525896), Errors: 0 (0)
5/128 - Execution time: 9.4493 seconds
5/128 - Throughput: 211656 ops/sec
18/128 - Performed a throughput benchmark:
18/128 - Performed 2000000 find-or-put operations with random values from [0,...,166399999]
18/128 - Finds: 948165 (0.474083), Inserts: 1051835 (0.525918), Errors: 0 (0)
18/128 - Execution time: 9.48916 seconds
18/128 - Throughput: 210767 ops/sec
82/128 - Performed a throughput benchmark:
82/128 - Performed 2000000 find-or-put operations with random values from [0,...,166399999]
82/128 - Finds: 947164 (0.473582), Inserts: 1052836 (0.526418), Errors: 0 (0)
82/128 - Execution time: 9.44628 seconds
82/128 - Throughput: 211724 ops/sec
71/128 - Performed a throughput benchmark:
71/128 - Performed 2000000 find-or-put operations with random values from [0,...,166399999]
71/128 - Finds: 949497 (0.474749), Inserts: 1050503 (0.525251), Errors: 0 (0)
71/128 - Execution time: 9.49026 seconds
71/128 - Throughput: 210742 ops/sec
66/128 - Performed a throughput benchmark:
66/128 - Performed 2000000 find-or-put operations with random values from [0,...,166399999]
66/128 - Finds: 949996 (0.474998), Inserts: 1050004 (0.525002), Errors: 0 (0)
66/128 - Execution time: 9.49659 seconds
66/128 - Throughput: 210602 ops/sec
64/128 - Performed a throughput benchmark:
64/128 - Performed 2000000 find-or-put operations with random values from [0,...,166399999]
64/128 - Finds: 947323 (0.473662), Inserts: 1052677 (0.526339), Errors: 0 (0)
64/128 - Execution time: 9.44383 seconds
64/128 - Throughput: 211778 ops/sec
116/128 - Performed a throughput benchmark:
116/128 - Performed 2000000 find-or-put operations with random values from [0,...,166399999]
116/128 - Finds: 950938 (0.475469), Inserts: 1049062 (0.524531), Errors: 0 (0)
116/128 - Execution time: 9.49975 seconds
116/128 - Throughput: 210532 ops/sec
17/128 - Performed a throughput benchmark:
17/128 - Performed 2000000 find-or-put operations with random values from [0,...,166399999]
17/128 - Finds: 949844 (0.474922), Inserts: 1050156 (0.525078), Errors: 0 (0)
17/128 - Execution time: 9.50356 seconds
17/128 - Throughput: 210447 ops/sec
20/128 - Performed a throughput benchmark:
20/128 - Performed 2000000 find-or-put operations with random values from [0,...,166399999]
20/128 - Finds: 950391 (0.475195), Inserts: 1049609 (0.524805), Errors: 0 (0)
20/128 - Execution time: 9.5134 seconds
20/128 - Throughput: 210230 ops/sec
81/128 - Performed a throughput benchmark:
81/128 - Performed 2000000 find-or-put operations with random values from [0,...,166399999]
81/128 - Finds: 946387 (0.473193), Inserts: 1053613 (0.526806), Errors: 0 (0)
81/128 - Execution time: 9.45588 seconds
81/128 - Throughput: 211509 ops/sec
68/128 - Performed a throughput benchmark:
68/128 - Performed 2000000 find-or-put operations with random values from [0,...,166399999]
68/128 - Finds: 947707 (0.473853), Inserts: 1052293 (0.526146), Errors: 0 (0)
68/128 - Execution time: 9.44194 seconds
68/128 - Throughput: 211821 ops/sec
118/128 - Performed a throughput benchmark:
118/128 - Performed 2000000 find-or-put operations with random values from [0,...,166399999]
118/128 - Finds: 948349 (0.474174), Inserts: 1051651 (0.525825), Errors: 0 (0)
118/128 - Execution time: 9.48934 seconds
118/128 - Throughput: 210763 ops/sec
70/128 - Performed a throughput benchmark:
70/128 - Performed 2000000 find-or-put operations with random values from [0,...,166399999]
70/128 - Finds: 947298 (0.473649), Inserts: 1052702 (0.526351), Errors: 0 (0)
70/128 - Execution time: 9.46011 seconds
70/128 - Throughput: 211414 ops/sec
86/128 - Performed a throughput benchmark:
86/128 - Performed 2000000 find-or-put operations with random values from [0,...,166399999]
86/128 - Finds: 950774 (0.475387), Inserts: 1049226 (0.524613), Errors: 0 (0)
86/128 - Execution time: 9.49671 seconds
86/128 - Throughput: 210599 ops/sec
115/128 - Performed a throughput benchmark:
115/128 - Performed 2000000 find-or-put operations with random values from [0,...,166399999]
115/128 - Finds: 950547 (0.475274), Inserts: 1049453 (0.524726), Errors: 0 (0)
115/128 - Execution time: 9.50148 seconds
115/128 - Throughput: 210494 ops/sec
35/128 - Performed a throughput benchmark:
35/128 - Performed 2000000 find-or-put operations with random values from [0,...,166399999]
35/128 - Finds: 950303 (0.475152), Inserts: 1049697 (0.524849), Errors: 0 (0)
35/128 - Execution time: 9.49492 seconds
35/128 - Throughput: 210639 ops/sec
16/128 - Performed a throughput benchmark:
16/128 - Performed 2000000 find-or-put operations with random values from [0,...,166399999]
16/128 - Finds: 949604 (0.474802), Inserts: 1050396 (0.525198), Errors: 0 (0)
16/128 - Execution time: 9.50353 seconds
16/128 - Throughput: 210448 ops/sec
36/128 - Performed a throughput benchmark:
36/128 - Performed 2000000 find-or-put operations with random values from [0,...,166399999]
36/128 - Finds: 946282 (0.473141), Inserts: 1053718 (0.526859), Errors: 0 (0)
36/128 - Execution time: 9.45363 seconds
36/128 - Throughput: 211559 ops/sec
112/128 - Performed a throughput benchmark:
112/128 - Performed 2000000 find-or-put operations with random values from [0,...,166399999]
112/128 - Finds: 951169 (0.475585), Inserts: 1048831 (0.524416), Errors: 0 (0)
112/128 - Execution time: 9.50342 seconds
112/128 - Throughput: 210450 ops/sec
69/128 - Performed a throughput benchmark:
69/128 - Performed 2000000 find-or-put operations with random values from [0,...,166399999]
69/128 - Finds: 948150 (0.474075), Inserts: 1051850 (0.525925), Errors: 0 (0)
69/128 - Execution time: 9.47266 seconds
69/128 - Throughput: 211134 ops/sec
114/128 - Performed a throughput benchmark:
114/128 - Performed 2000000 find-or-put operations with random values from [0,...,166399999]
114/128 - Finds: 947862 (0.473931), Inserts: 1052138 (0.526069), Errors: 0 (0)
114/128 - Execution time: 9.46126 seconds
114/128 - Throughput: 211388 ops/sec
117/128 - Performed a throughput benchmark:
117/128 - Performed 2000000 find-or-put operations with random values from [0,...,166399999]
117/128 - Finds: 951217 (0.475608), Inserts: 1048783 (0.524392), Errors: 0 (0)
117/128 - Execution time: 9.51848 seconds
117/128 - Throughput: 210118 ops/sec
85/128 - Performed a throughput benchmark:
85/128 - Performed 2000000 find-or-put operations with random values from [0,...,166399999]
85/128 - Finds: 947834 (0.473917), Inserts: 1052166 (0.526083), Errors: 0 (0)
85/128 - Execution time: 9.46079 seconds
85/128 - Throughput: 211399 ops/sec
34/128 - Performed a throughput benchmark:
34/128 - Performed 2000000 find-or-put operations with random values from [0,...,166399999]
34/128 - Finds: 946332 (0.473166), Inserts: 1053668 (0.526834), Errors: 0 (0)
34/128 - Execution time: 9.47161 seconds
34/128 - Throughput: 211157 ops/sec
23/128 - Performed a throughput benchmark:
23/128 - Performed 2000000 find-or-put operations with random values from [0,...,166399999]
23/128 - Finds: 948717 (0.474359), Inserts: 1051283 (0.525641), Errors: 0 (0)
23/128 - Execution time: 9.51384 seconds
23/128 - Throughput: 210220 ops/sec
38/128 - Performed a throughput benchmark:
38/128 - Performed 2000000 find-or-put operations with random values from [0,...,166399999]
38/128 - Finds: 946859 (0.47343), Inserts: 1053141 (0.526571), Errors: 0 (0)
38/128 - Execution time: 9.46363 seconds
38/128 - Throughput: 211335 ops/sec
65/128 - Performed a throughput benchmark:
65/128 - Performed 2000000 find-or-put operations with random values from [0,...,166399999]
65/128 - Finds: 946321 (0.47316), Inserts: 1053679 (0.52684), Errors: 0 (0)
65/128 - Execution time: 9.44582 seconds
65/128 - Throughput: 211734 ops/sec
87/128 - Performed a throughput benchmark:
87/128 - Performed 2000000 find-or-put operations with random values from [0,...,166399999]
87/128 - Finds: 948432 (0.474216), Inserts: 1051568 (0.525784), Errors: 0 (0)
87/128 - Execution time: 9.45678 seconds
87/128 - Throughput: 211488 ops/sec
37/128 - Performed a throughput benchmark:
37/128 - Performed 2000000 find-or-put operations with random values from [0,...,166399999]
37/128 - Finds: 946849 (0.473425), Inserts: 1053151 (0.526575), Errors: 0 (0)
37/128 - Execution time: 9.46127 seconds
37/128 - Throughput: 211388 ops/sec
113/128 - Performed a throughput benchmark:
113/128 - Performed 2000000 find-or-put operations with random values from [0,...,166399999]
113/128 - Finds: 948683 (0.474342), Inserts: 1051317 (0.525659), Errors: 0 (0)
113/128 - Execution time: 9.46434 seconds
113/128 - Throughput: 211320 ops/sec
32/128 - Performed a throughput benchmark:
32/128 - Performed 2000000 find-or-put operations with random values from [0,...,166399999]
32/128 - Finds: 947930 (0.473965), Inserts: 1052070 (0.526035), Errors: 0 (0)
32/128 - Execution time: 9.45389 seconds
32/128 - Throughput: 211553 ops/sec
84/128 - Performed a throughput benchmark:
84/128 - Performed 2000000 find-or-put operations with random values from [0,...,166399999]
84/128 - Finds: 948069 (0.474035), Inserts: 1051931 (0.525965), Errors: 0 (0)
84/128 - Execution time: 9.44915 seconds
84/128 - Throughput: 211659 ops/sec
22/128 - Performed a throughput benchmark:
22/128 - Performed 2000000 find-or-put operations with random values from [0,...,166399999]
22/128 - Finds: 949128 (0.474564), Inserts: 1050872 (0.525436), Errors: 0 (0)
22/128 - Execution time: 9.49647 seconds
22/128 - Throughput: 210604 ops/sec
33/128 - Performed a throughput benchmark:
33/128 - Performed 2000000 find-or-put operations with random values from [0,...,166399999]
33/128 - Finds: 947405 (0.473703), Inserts: 1052595 (0.526297), Errors: 0 (0)
33/128 - Execution time: 9.46602 seconds
33/128 - Throughput: 211282 ops/sec
96/128 - Performed a throughput benchmark:
96/128 - Performed 2000000 find-or-put operations with random values from [0,...,166399999]
96/128 - Finds: 953021 (0.476511), Inserts: 1046979 (0.52349), Errors: 0 (0)
96/128 - Execution time: 9.55442 seconds
96/128 - Throughput: 209327 ops/sec
3/128 - Performed a throughput benchmark:
3/128 - Performed 2000000 find-or-put operations with random values from [0,...,166399999]
3/128 - Finds: 948759 (0.47438), Inserts: 1051241 (0.525621), Errors: 0 (0)
3/128 - Execution time: 9.48338 seconds
3/128 - Throughput: 210895 ops/sec
6/128 - Performed a throughput benchmark:
6/128 - Performed 2000000 find-or-put operations with random values from [0,...,166399999]
6/128 - Finds: 949221 (0.47461), Inserts: 1050779 (0.525389), Errors: 0 (0)
6/128 - Execution time: 9.47748 seconds
6/128 - Throughput: 211027 ops/sec
21/128 - Performed a throughput benchmark:
21/128 - Performed 2000000 find-or-put operations with random values from [0,...,166399999]
21/128 - Finds: 949379 (0.474689), Inserts: 1050621 (0.525311), Errors: 0 (0)
21/128 - Execution time: 9.49974 seconds
21/128 - Throughput: 210532 ops/sec
67/128 - Performed a throughput benchmark:
67/128 - Performed 2000000 find-or-put operations with random values from [0,...,166399999]
67/128 - Finds: 951542 (0.475771), Inserts: 1048458 (0.524229), Errors: 0 (0)
67/128 - Execution time: 9.49938 seconds
67/128 - Throughput: 210540 ops/sec
101/128 - Performed a throughput benchmark:
101/128 - Performed 2000000 find-or-put operations with random values from [0,...,166399999]
101/128 - Finds: 950571 (0.475286), Inserts: 1049429 (0.524714), Errors: 0 (0)
101/128 - Execution time: 9.54236 seconds
101/128 - Throughput: 209592 ops/sec
99/128 - Performed a throughput benchmark:
99/128 - Performed 2000000 find-or-put operations with random values from [0,...,166399999]
99/128 - Finds: 953542 (0.476771), Inserts: 1046458 (0.523229), Errors: 0 (0)
99/128 - Execution time: 9.56057 seconds
99/128 - Throughput: 209193 ops/sec
52/128 - Performed a throughput benchmark:
52/128 - Performed 2000000 find-or-put operations with random values from [0,...,166399999]
52/128 - Finds: 957015 (0.478507), Inserts: 1042985 (0.521493), Errors: 0 (0)
52/128 - Execution time: 9.60467 seconds
52/128 - Throughput: 208232 ops/sec
19/128 - Performed a throughput benchmark:
19/128 - Performed 2000000 find-or-put operations with random values from [0,...,166399999]
19/128 - Finds: 951404 (0.475702), Inserts: 1048596 (0.524298), Errors: 0 (0)
19/128 - Execution time: 9.52124 seconds
19/128 - Throughput: 210057 ops/sec
51/128 - Performed a throughput benchmark:
51/128 - Performed 2000000 find-or-put operations with random values from [0,...,166399999]
51/128 - Finds: 955596 (0.477798), Inserts: 1044404 (0.522202), Errors: 0 (0)
51/128 - Execution time: 9.59518 seconds
51/128 - Throughput: 208438 ops/sec
39/128 - Performed a throughput benchmark:
39/128 - Performed 2000000 find-or-put operations with random values from [0,...,166399999]
39/128 - Finds: 951372 (0.475686), Inserts: 1048628 (0.524314), Errors: 0 (0)
39/128 - Execution time: 9.51935 seconds
39/128 - Throughput: 210098 ops/sec
102/128 - Performed a throughput benchmark:
102/128 - Performed 2000000 find-or-put operations with random values from [0,...,166399999]
102/128 - Finds: 952641 (0.47632), Inserts: 1047359 (0.523679), Errors: 0 (0)
102/128 - Execution time: 9.56825 seconds
102/128 - Throughput: 209025 ops/sec
50/128 - Performed a throughput benchmark:
50/128 - Performed 2000000 find-or-put operations with random values from [0,...,166399999]
50/128 - Finds: 956782 (0.478391), Inserts: 1043218 (0.521609), Errors: 0 (0)
50/128 - Execution time: 9.61147 seconds
50/128 - Throughput: 208085 ops/sec
119/128 - Performed a throughput benchmark:
119/128 - Performed 2000000 find-or-put operations with random values from [0,...,166399999]
119/128 - Finds: 952238 (0.476119), Inserts: 1047762 (0.523881), Errors: 0 (0)
119/128 - Execution time: 9.51708 seconds
119/128 - Throughput: 210149 ops/sec
54/128 - Performed a throughput benchmark:
54/128 - Performed 2000000 find-or-put operations with random values from [0,...,166399999]
54/128 - Finds: 956118 (0.478059), Inserts: 1043882 (0.521941), Errors: 0 (0)
54/128 - Execution time: 9.59259 seconds
54/128 - Throughput: 208494 ops/sec
48/128 - Performed a throughput benchmark:
48/128 - Performed 2000000 find-or-put operations with random values from [0,...,166399999]
48/128 - Finds: 956064 (0.478032), Inserts: 1043936 (0.521968), Errors: 0 (0)
48/128 - Execution time: 9.61009 seconds
48/128 - Throughput: 208115 ops/sec
98/128 - Performed a throughput benchmark:
98/128 - Performed 2000000 find-or-put operations with random values from [0,...,166399999]
98/128 - Finds: 951678 (0.475839), Inserts: 1048322 (0.524161), Errors: 0 (0)
98/128 - Execution time: 9.54796 seconds
98/128 - Throughput: 209469 ops/sec
103/128 - Performed a throughput benchmark:
103/128 - Performed 2000000 find-or-put operations with random values from [0,...,166399999]
103/128 - Finds: 953360 (0.47668), Inserts: 1046640 (0.52332), Errors: 0 (0)
103/128 - Execution time: 9.55591 seconds
103/128 - Throughput: 209295 ops/sec
49/128 - Performed a throughput benchmark:
49/128 - Performed 2000000 find-or-put operations with random values from [0,...,166399999]
49/128 - Finds: 959557 (0.479778), Inserts: 1040443 (0.520222), Errors: 0 (0)
49/128 - Execution time: 9.64817 seconds
49/128 - Throughput: 207293 ops/sec
100/128 - Performed a throughput benchmark:
100/128 - Performed 2000000 find-or-put operations with random values from [0,...,166399999]
100/128 - Finds: 952645 (0.476322), Inserts: 1047355 (0.523678), Errors: 0 (0)
100/128 - Execution time: 9.55156 seconds
100/128 - Throughput: 209390 ops/sec
97/128 - Performed a throughput benchmark:
97/128 - Performed 2000000 find-or-put operations with random values from [0,...,166399999]
97/128 - Finds: 954434 (0.477217), Inserts: 1045566 (0.522783), Errors: 0 (0)
97/128 - Execution time: 9.57307 seconds
97/128 - Throughput: 208919 ops/sec
55/128 - Performed a throughput benchmark:
55/128 - Performed 2000000 find-or-put operations with random values from [0,...,166399999]
55/128 - Finds: 956446 (0.478223), Inserts: 1043554 (0.521777), Errors: 0 (0)
55/128 - Execution time: 9.60207 seconds
55/128 - Throughput: 208288 ops/sec
53/128 - Performed a throughput benchmark:
53/128 - Performed 2000000 find-or-put operations with random values from [0,...,166399999]
53/128 - Finds: 957684 (0.478842), Inserts: 1042316 (0.521158), Errors: 0 (0)
53/128 - Execution time: 9.622 seconds
53/128 - Throughput: 207857 ops/sec
57/128 - Performed a throughput benchmark:
57/128 - Performed 2000000 find-or-put operations with random values from [0,...,166399999]
57/128 - Finds: 993881 (0.496941), Inserts: 1006119 (0.503059), Errors: 0 (0)
57/128 - Execution time: 10.0943 seconds
57/128 - Throughput: 198131 ops/sec
56/128 - Performed a throughput benchmark:
56/128 - Performed 2000000 find-or-put operations with random values from [0,...,166399999]
56/128 - Finds: 990544 (0.495272), Inserts: 1009456 (0.504728), Errors: 0 (0)
56/128 - Execution time: 10.0814 seconds
56/128 - Throughput: 198385 ops/sec
58/128 - Performed a throughput benchmark:
58/128 - Performed 2000000 find-or-put operations with random values from [0,...,166399999]
58/128 - Finds: 993569 (0.496785), Inserts: 1006431 (0.503216), Errors: 0 (0)
58/128 - Execution time: 10.0977 seconds
58/128 - Throughput: 198064 ops/sec
59/128 - Performed a throughput benchmark:
59/128 - Performed 2000000 find-or-put operations with random values from [0,...,166399999]
59/128 - Finds: 992786 (0.496393), Inserts: 1007214 (0.503607), Errors: 0 (0)
59/128 - Execution time: 10.0962 seconds
59/128 - Throughput: 198094 ops/sec
77/128 - Performed a throughput benchmark:
77/128 - Performed 2000000 find-or-put operations with random values from [0,...,166399999]
77/128 - Finds: 1001111 (0.500556), Inserts: 998889 (0.499445), Errors: 0 (0)
77/128 - Execution time: 10.253 seconds
77/128 - Throughput: 195065 ops/sec
75/128 - Performed a throughput benchmark:
75/128 - Performed 2000000 find-or-put operations with random values from [0,...,166399999]
75/128 - Finds: 1000873 (0.500436), Inserts: 999127 (0.499563), Errors: 0 (0)
75/128 - Execution time: 10.2573 seconds
75/128 - Throughput: 194984 ops/sec
31/128 - Performed a throughput benchmark:
31/128 - Performed 2000000 find-or-put operations with random values from [0,...,166399999]
31/128 - Finds: 1002921 (0.50146), Inserts: 997079 (0.49854), Errors: 0 (0)
31/128 - Execution time: 10.2608 seconds
31/128 - Throughput: 194916 ops/sec
61/128 - Performed a throughput benchmark:
61/128 - Performed 2000000 find-or-put operations with random values from [0,...,166399999]
61/128 - Finds: 1001661 (0.50083), Inserts: 998339 (0.499169), Errors: 0 (0)
61/128 - Execution time: 10.2532 seconds
61/128 - Throughput: 195061 ops/sec
104/128 - Performed a throughput benchmark:
104/128 - Performed 2000000 find-or-put operations with random values from [0,...,166399999]
104/128 - Finds: 1003238 (0.501619), Inserts: 996762 (0.498381), Errors: 0 (0)
104/128 - Execution time: 10.2299 seconds
104/128 - Throughput: 195506 ops/sec
105/128 - Performed a throughput benchmark:
105/128 - Performed 2000000 find-or-put operations with random values from [0,...,166399999]
105/128 - Finds: 999710 (0.499855), Inserts: 1000290 (0.500145), Errors: 0 (0)
105/128 - Execution time: 10.2051 seconds
105/128 - Throughput: 195980 ops/sec
110/128 - Performed a throughput benchmark:
110/128 - Performed 2000000 find-or-put operations with random values from [0,...,166399999]
110/128 - Finds: 999912 (0.499956), Inserts: 1000088 (0.500044), Errors: 0 (0)
110/128 - Execution time: 10.2103 seconds
110/128 - Throughput: 195880 ops/sec
62/128 - Performed a throughput benchmark:
62/128 - Performed 2000000 find-or-put operations with random values from [0,...,166399999]
62/128 - Finds: 1004555 (0.502278), Inserts: 995445 (0.497723), Errors: 0 (0)
62/128 - Execution time: 10.2931 seconds
62/128 - Throughput: 194305 ops/sec
42/128 - Performed a throughput benchmark:
42/128 - Performed 2000000 find-or-put operations with random values from [0,...,166399999]
42/128 - Finds: 1002589 (0.501294), Inserts: 997411 (0.498706), Errors: 0 (0)
42/128 - Execution time: 10.2804 seconds
42/128 - Throughput: 194545 ops/sec
107/128 - Performed a throughput benchmark:
107/128 - Performed 2000000 find-or-put operations with random values from [0,...,166399999]
107/128 - Finds: 1004387 (0.502193), Inserts: 995613 (0.497806), Errors: 0 (0)
107/128 - Execution time: 10.2326 seconds
107/128 - Throughput: 195454 ops/sec
122/128 - Performed a throughput benchmark:
122/128 - Performed 2000000 find-or-put operations with random values from [0,...,166399999]
122/128 - Finds: 1003833 (0.501916), Inserts: 996167 (0.498084), Errors: 0 (0)
122/128 - Execution time: 10.2912 seconds
122/128 - Throughput: 194341 ops/sec
25/128 - Performed a throughput benchmark:
25/128 - Performed 2000000 find-or-put operations with random values from [0,...,166399999]
25/128 - Finds: 1002268 (0.501134), Inserts: 997732 (0.498866), Errors: 0 (0)
25/128 - Execution time: 10.2791 seconds
25/128 - Throughput: 194569 ops/sec
60/128 - Performed a throughput benchmark:
60/128 - Performed 2000000 find-or-put operations with random values from [0,...,166399999]
60/128 - Finds: 1003433 (0.501717), Inserts: 996567 (0.498283), Errors: 0 (0)
60/128 - Execution time: 10.2971 seconds
60/128 - Throughput: 194230 ops/sec
14/128 - Performed a throughput benchmark:
14/128 - Performed 2000000 find-or-put operations with random values from [0,...,166399999]
14/128 - Finds: 1002899 (0.501449), Inserts: 997101 (0.498551), Errors: 0 (0)
14/128 - Execution time: 10.2515 seconds
14/128 - Throughput: 195094 ops/sec
8/128 - Performed a throughput benchmark:
8/128 - Performed 2000000 find-or-put operations with random values from [0,...,166399999]
8/128 - Finds: 1005017 (0.502509), Inserts: 994983 (0.497491), Errors: 0 (0)
8/128 - Execution time: 10.2844 seconds
8/128 - Throughput: 194470 ops/sec
43/128 - Performed a throughput benchmark:
43/128 - Performed 2000000 find-or-put operations with random values from [0,...,166399999]
43/128 - Finds: 1003545 (0.501772), Inserts: 996455 (0.498227), Errors: 0 (0)
43/128 - Execution time: 10.301 seconds
43/128 - Throughput: 194155 ops/sec
63/128 - Performed a throughput benchmark:
63/128 - Performed 2000000 find-or-put operations with random values from [0,...,166399999]
63/128 - Finds: 1003208 (0.501604), Inserts: 996792 (0.498396), Errors: 0 (0)
63/128 - Execution time: 10.287 seconds
63/128 - Throughput: 194419 ops/sec
106/128 - Performed a throughput benchmark:
106/128 - Performed 2000000 find-or-put operations with random values from [0,...,166399999]
106/128 - Finds: 1003717 (0.501858), Inserts: 996283 (0.498142), Errors: 0 (0)
106/128 - Execution time: 10.3272 seconds
106/128 - Throughput: 193664 ops/sec
26/128 - Performed a throughput benchmark:
26/128 - Performed 2000000 find-or-put operations with random values from [0,...,166399999]
26/128 - Finds: 1003979 (0.501989), Inserts: 996021 (0.498011), Errors: 0 (0)
26/128 - Execution time: 10.2933 seconds
26/128 - Throughput: 194302 ops/sec
45/128 - Performed a throughput benchmark:
45/128 - Performed 2000000 find-or-put operations with random values from [0,...,166399999]
45/128 - Finds: 1001952 (0.500976), Inserts: 998048 (0.499024), Errors: 0 (0)
45/128 - Execution time: 10.2732 seconds
45/128 - Throughput: 194681 ops/sec
111/128 - Performed a throughput benchmark:
111/128 - Performed 2000000 find-or-put operations with random values from [0,...,166399999]
111/128 - Finds: 1005276 (0.502638), Inserts: 994724 (0.497362), Errors: 0 (0)
111/128 - Execution time: 10.3228 seconds
111/128 - Throughput: 193746 ops/sec
28/128 - Performed a throughput benchmark:
28/128 - Performed 2000000 find-or-put operations with random values from [0,...,166399999]
28/128 - Finds: 1006283 (0.503142), Inserts: 993717 (0.496858), Errors: 0 (0)
28/128 - Execution time: 10.323 seconds
28/128 - Throughput: 193742 ops/sec
78/128 - Performed a throughput benchmark:
78/128 - Performed 2000000 find-or-put operations with random values from [0,...,166399999]
78/128 - Finds: 1010317 (0.505158), Inserts: 989683 (0.494841), Errors: 0 (0)
78/128 - Execution time: 10.3849 seconds
78/128 - Throughput: 192587 ops/sec
30/128 - Performed a throughput benchmark:
30/128 - Performed 2000000 find-or-put operations with random values from [0,...,166399999]
30/128 - Finds: 1011161 (0.50558), Inserts: 988839 (0.49442), Errors: 0 (0)
30/128 - Execution time: 10.3726 seconds
30/128 - Throughput: 192815 ops/sec
29/128 - Performed a throughput benchmark:
29/128 - Performed 2000000 find-or-put operations with random values from [0,...,166399999]
29/128 - Finds: 1011525 (0.505763), Inserts: 988475 (0.494237), Errors: 0 (0)
29/128 - Execution time: 10.3935 seconds
29/128 - Throughput: 192428 ops/sec
74/128 - Performed a throughput benchmark:
74/128 - Performed 2000000 find-or-put operations with random values from [0,...,166399999]
74/128 - Finds: 1010912 (0.505456), Inserts: 989088 (0.494544), Errors: 0 (0)
74/128 - Execution time: 10.3917 seconds
74/128 - Throughput: 192462 ops/sec
27/128 - Performed a throughput benchmark:
27/128 - Performed 2000000 find-or-put operations with random values from [0,...,166399999]
27/128 - Finds: 1011138 (0.505569), Inserts: 988862 (0.494431), Errors: 0 (0)
27/128 - Execution time: 10.4002 seconds
27/128 - Throughput: 192304 ops/sec
15/128 - Performed a throughput benchmark:
15/128 - Performed 2000000 find-or-put operations with random values from [0,...,166399999]
15/128 - Finds: 1014049 (0.507024), Inserts: 985951 (0.492976), Errors: 0 (0)
15/128 - Execution time: 10.3983 seconds
15/128 - Throughput: 192338 ops/sec
93/128 - Performed a throughput benchmark:
93/128 - Performed 2000000 find-or-put operations with random values from [0,...,166399999]
93/128 - Finds: 1007475 (0.503737), Inserts: 992525 (0.496262), Errors: 0 (0)
93/128 - Execution time: 10.3545 seconds
93/128 - Throughput: 193153 ops/sec
108/128 - Performed a throughput benchmark:
108/128 - Performed 2000000 find-or-put operations with random values from [0,...,166399999]
108/128 - Finds: 1006881 (0.50344), Inserts: 993119 (0.496559), Errors: 0 (0)
108/128 - Execution time: 10.3386 seconds
108/128 - Throughput: 193450 ops/sec
123/128 - Performed a throughput benchmark:
123/128 - Performed 2000000 find-or-put operations with random values from [0,...,166399999]
123/128 - Finds: 1012053 (0.506027), Inserts: 987947 (0.493974), Errors: 0 (0)
123/128 - Execution time: 10.4043 seconds
123/128 - Throughput: 192227 ops/sec
72/128 - Performed a throughput benchmark:
72/128 - Performed 2000000 find-or-put operations with random values from [0,...,166399999]
72/128 - Finds: 1008187 (0.504093), Inserts: 991813 (0.495906), Errors: 0 (0)
72/128 - Execution time: 10.3694 seconds
72/128 - Throughput: 192876 ops/sec
9/128 - Performed a throughput benchmark:
9/128 - Performed 2000000 find-or-put operations with random values from [0,...,166399999]
9/128 - Finds: 1016821 (0.50841), Inserts: 983179 (0.49159), Errors: 0 (0)
9/128 - Execution time: 10.4225 seconds
9/128 - Throughput: 191893 ops/sec
124/128 - Performed a throughput benchmark:
124/128 - Performed 2000000 find-or-put operations with random values from [0,...,166399999]
124/128 - Finds: 1012092 (0.506046), Inserts: 987908 (0.493954), Errors: 0 (0)
124/128 - Execution time: 10.4114 seconds
124/128 - Throughput: 192097 ops/sec
13/128 - Performed a throughput benchmark:
13/128 - Performed 2000000 find-or-put operations with random values from [0,...,166399999]
13/128 - Finds: 1012250 (0.506125), Inserts: 987750 (0.493875), Errors: 0 (0)
13/128 - Execution time: 10.3833 seconds
13/128 - Throughput: 192617 ops/sec
47/128 - Performed a throughput benchmark:
47/128 - Performed 2000000 find-or-put operations with random values from [0,...,166399999]
47/128 - Finds: 1011516 (0.505758), Inserts: 988484 (0.494242), Errors: 0 (0)
47/128 - Execution time: 10.4239 seconds
47/128 - Throughput: 191868 ops/sec
44/128 - Performed a throughput benchmark:
44/128 - Performed 2000000 find-or-put operations with random values from [0,...,166399999]
44/128 - Finds: 1009607 (0.504803), Inserts: 990393 (0.495196), Errors: 0 (0)
44/128 - Execution time: 10.3808 seconds
44/128 - Throughput: 192663 ops/sec
41/128 - Performed a throughput benchmark:
41/128 - Performed 2000000 find-or-put operations with random values from [0,...,166399999]
41/128 - Finds: 1011676 (0.505838), Inserts: 988324 (0.494162), Errors: 0 (0)
41/128 - Execution time: 10.4123 seconds
41/128 - Throughput: 192081 ops/sec
89/128 - Performed a throughput benchmark:
89/128 - Performed 2000000 find-or-put operations with random values from [0,...,166399999]
89/128 - Finds: 1009621 (0.504811), Inserts: 990379 (0.49519), Errors: 0 (0)
89/128 - Execution time: 10.3717 seconds
89/128 - Throughput: 192832 ops/sec
120/128 - Performed a throughput benchmark:
120/128 - Performed 2000000 find-or-put operations with random values from [0,...,166399999]
120/128 - Finds: 1009310 (0.504655), Inserts: 990690 (0.495345), Errors: 0 (0)
120/128 - Execution time: 10.3736 seconds
120/128 - Throughput: 192797 ops/sec
79/128 - Performed a throughput benchmark:
79/128 - Performed 2000000 find-or-put operations with random values from [0,...,166399999]
79/128 - Finds: 1008856 (0.504428), Inserts: 991144 (0.495572), Errors: 0 (0)
79/128 - Execution time: 10.3418 seconds
79/128 - Throughput: 193389 ops/sec
76/128 - Performed a throughput benchmark:
76/128 - Performed 2000000 find-or-put operations with random values from [0,...,166399999]
76/128 - Finds: 1010197 (0.505099), Inserts: 989803 (0.494901), Errors: 0 (0)
76/128 - Execution time: 10.3952 seconds
76/128 - Throughput: 192396 ops/sec
46/128 - Performed a throughput benchmark:
46/128 - Performed 2000000 find-or-put operations with random values from [0,...,166399999]
46/128 - Finds: 1009582 (0.504791), Inserts: 990418 (0.495209), Errors: 0 (0)
46/128 - Execution time: 10.3929 seconds
46/128 - Throughput: 192438 ops/sec
125/128 - Performed a throughput benchmark:
125/128 - Performed 2000000 find-or-put operations with random values from [0,...,166399999]
125/128 - Finds: 1013895 (0.506947), Inserts: 986105 (0.493053), Errors: 0 (0)
125/128 - Execution time: 10.4329 seconds
125/128 - Throughput: 191702 ops/sec
73/128 - Performed a throughput benchmark:
73/128 - Performed 2000000 find-or-put operations with random values from [0,...,166399999]
73/128 - Finds: 1009982 (0.504991), Inserts: 990018 (0.495009), Errors: 0 (0)
73/128 - Execution time: 10.3737 seconds
73/128 - Throughput: 192796 ops/sec
88/128 - Performed a throughput benchmark:
88/128 - Performed 2000000 find-or-put operations with random values from [0,...,166399999]
88/128 - Finds: 1014746 (0.507373), Inserts: 985254 (0.492627), Errors: 0 (0)
88/128 - Execution time: 10.4627 seconds
88/128 - Throughput: 191156 ops/sec
121/128 - Performed a throughput benchmark:
121/128 - Performed 2000000 find-or-put operations with random values from [0,...,166399999]
121/128 - Finds: 1013139 (0.50657), Inserts: 986861 (0.49343), Errors: 0 (0)
121/128 - Execution time: 10.4227 seconds
121/128 - Throughput: 191889 ops/sec
126/128 - Performed a throughput benchmark:
126/128 - Performed 2000000 find-or-put operations with random values from [0,...,166399999]
126/128 - Finds: 1013297 (0.506648), Inserts: 986703 (0.493351), Errors: 0 (0)
126/128 - Execution time: 10.426 seconds
126/128 - Throughput: 191828 ops/sec
24/128 - Performed a throughput benchmark:
24/128 - Performed 2000000 find-or-put operations with random values from [0,...,166399999]
24/128 - Finds: 1009960 (0.50498), Inserts: 990040 (0.49502), Errors: 0 (0)
24/128 - Execution time: 10.3921 seconds
24/128 - Throughput: 192453 ops/sec
109/128 - Performed a throughput benchmark:
109/128 - Performed 2000000 find-or-put operations with random values from [0,...,166399999]
109/128 - Finds: 1015198 (0.507599), Inserts: 984802 (0.492401), Errors: 0 (0)
109/128 - Execution time: 10.4399 seconds
109/128 - Throughput: 191573 ops/sec
90/128 - Performed a throughput benchmark:
90/128 - Performed 2000000 find-or-put operations with random values from [0,...,166399999]
90/128 - Finds: 1014270 (0.507135), Inserts: 985730 (0.492865), Errors: 0 (0)
90/128 - Execution time: 10.4145 seconds
90/128 - Throughput: 192041 ops/sec
40/128 - Performed a throughput benchmark:
40/128 - Performed 2000000 find-or-put operations with random values from [0,...,166399999]
40/128 - Finds: 1013783 (0.506892), Inserts: 986217 (0.493109), Errors: 0 (0)
40/128 - Execution time: 10.4315 seconds
40/128 - Throughput: 191727 ops/sec
10/128 - Performed a throughput benchmark:
10/128 - Performed 2000000 find-or-put operations with random values from [0,...,166399999]
10/128 - Finds: 1015938 (0.507969), Inserts: 984062 (0.492031), Errors: 0 (0)
10/128 - Execution time: 10.4308 seconds
10/128 - Throughput: 191741 ops/sec
12/128 - Performed a throughput benchmark:
12/128 - Performed 2000000 find-or-put operations with random values from [0,...,166399999]
12/128 - Finds: 1017622 (0.508811), Inserts: 982378 (0.491189), Errors: 0 (0)
12/128 - Execution time: 10.4351 seconds
12/128 - Throughput: 191662 ops/sec
11/128 - Performed a throughput benchmark:
11/128 - Performed 2000000 find-or-put operations with random values from [0,...,166399999]
11/128 - Finds: 1018660 (0.50933), Inserts: 981340 (0.49067), Errors: 0 (0)
11/128 - Execution time: 10.4436 seconds
11/128 - Throughput: 191505 ops/sec
94/128 - Performed a throughput benchmark:
94/128 - Performed 2000000 find-or-put operations with random values from [0,...,166399999]
94/128 - Finds: 1022034 (0.511017), Inserts: 977966 (0.488983), Errors: 0 (0)
94/128 - Execution time: 10.5173 seconds
94/128 - Throughput: 190163 ops/sec
127/128 - Performed a throughput benchmark:
127/128 - Performed 2000000 find-or-put operations with random values from [0,...,166399999]
127/128 - Finds: 1014190 (0.507095), Inserts: 985810 (0.492905), Errors: 0 (0)
127/128 - Execution time: 10.421 seconds
127/128 - Throughput: 191921 ops/sec
92/128 - Performed a throughput benchmark:
92/128 - Performed 2000000 find-or-put operations with random values from [0,...,166399999]
92/128 - Finds: 1017803 (0.508902), Inserts: 982197 (0.491098), Errors: 0 (0)
92/128 - Execution time: 10.4625 seconds
92/128 - Throughput: 191158 ops/sec
95/128 - Performed a throughput benchmark:
95/128 - Performed 2000000 find-or-put operations with random values from [0,...,166399999]
95/128 - Finds: 1018625 (0.509312), Inserts: 981375 (0.490687), Errors: 0 (0)
95/128 - Execution time: 10.4988 seconds
95/128 - Throughput: 190499 ops/sec
91/128 - Performed a throughput benchmark:
91/128 - Performed 2000000 find-or-put operations with random values from [0,...,166399999]
91/128 - Finds: 1018903 (0.509451), Inserts: 981097 (0.490548), Errors: 0 (0)
91/128 - Execution time: 10.5067 seconds
91/128 - Throughput: 190355 ops/sec
[1447404739.333603] [node008:16929:0]         sys.c:719  MXM  WARN  Conflicting CPU frequencies detected, using: 3000.00
