[1447430278.425971] [node008:8216 :0]         sys.c:719  MXM  WARN  Conflicting CPU frequencies detected, using: 2413.50
[1447430278.459701] [node008:8216 :0]         mxm.c:185  MXM  WARN  The 'ulimit -s' on the system is set to 'unlimited'. This may have negative performance implications. Please set the heap size to the default value (10240) 
[1447430278.425790] [node008:8219 :0]         sys.c:719  MXM  WARN  Conflicting CPU frequencies detected, using: 2413.50
[1447430278.457953] [node008:8219 :0]         mxm.c:185  MXM  WARN  The 'ulimit -s' on the system is set to 'unlimited'. This may have negative performance implications. Please set the heap size to the default value (10240) 
[1447430278.428115] [node008:8227 :0]         sys.c:719  MXM  WARN  Conflicting CPU frequencies detected, using: 2413.50
[1447430278.503115] [node008:8227 :0]         mxm.c:185  MXM  WARN  The 'ulimit -s' on the system is set to 'unlimited'. This may have negative performance implications. Please set the heap size to the default value (10240) 
[1447430278.427218] [node008:8218 :0]         sys.c:719  MXM  WARN  Conflicting CPU frequencies detected, using: 2413.50
[1447430278.493622] [node008:8218 :0]         mxm.c:185  MXM  WARN  The 'ulimit -s' on the system is set to 'unlimited'. This may have negative performance implications. Please set the heap size to the default value (10240) 
[1447430278.426880] [node008:8222 :0]         sys.c:719  MXM  WARN  Conflicting CPU frequencies detected, using: 2413.50
[1447430278.462711] [node008:8222 :0]         mxm.c:185  MXM  WARN  The 'ulimit -s' on the system is set to 'unlimited'. This may have negative performance implications. Please set the heap size to the default value (10240) 
[1447430278.426428] [node008:8220 :0]         sys.c:719  MXM  WARN  Conflicting CPU frequencies detected, using: 2413.50
[1447430278.476272] [node008:8220 :0]         mxm.c:185  MXM  WARN  The 'ulimit -s' on the system is set to 'unlimited'. This may have negative performance implications. Please set the heap size to the default value (10240) 
[1447430278.428594] [node008:8226 :0]         sys.c:719  MXM  WARN  Conflicting CPU frequencies detected, using: 2413.50
[1447430278.487058] [node008:8226 :0]         mxm.c:185  MXM  WARN  The 'ulimit -s' on the system is set to 'unlimited'. This may have negative performance implications. Please set the heap size to the default value (10240) 
[1447430278.427760] [node008:8224 :0]         sys.c:719  MXM  WARN  Conflicting CPU frequencies detected, using: 2413.50
[1447430278.482830] [node008:8224 :0]         mxm.c:185  MXM  WARN  The 'ulimit -s' on the system is set to 'unlimited'. This may have negative performance implications. Please set the heap size to the default value (10240) 
[1447430278.428092] [node008:8225 :0]         sys.c:719  MXM  WARN  Conflicting CPU frequencies detected, using: 2413.50
[1447430278.489469] [node008:8225 :0]         mxm.c:185  MXM  WARN  The 'ulimit -s' on the system is set to 'unlimited'. This may have negative performance implications. Please set the heap size to the default value (10240) 
[1447430278.427218] [node008:8217 :0]         sys.c:719  MXM  WARN  Conflicting CPU frequencies detected, using: 2413.50
[1447430278.461956] [node008:8217 :0]         mxm.c:185  MXM  WARN  The 'ulimit -s' on the system is set to 'unlimited'. This may have negative performance implications. Please set the heap size to the default value (10240) 
[1447430278.427422] [node008:8223 :0]         sys.c:719  MXM  WARN  Conflicting CPU frequencies detected, using: 2413.50
[1447430278.497026] [node008:8223 :0]         mxm.c:185  MXM  WARN  The 'ulimit -s' on the system is set to 'unlimited'. This may have negative performance implications. Please set the heap size to the default value (10240) 
[1447430278.425931] [node008:8221 :0]         sys.c:719  MXM  WARN  Conflicting CPU frequencies detected, using: 2413.50
[1447430278.481322] [node008:8221 :0]         mxm.c:185  MXM  WARN  The 'ulimit -s' on the system is set to 'unlimited'. This may have negative performance implications. Please set the heap size to the default value (10240) 
[1447430279.028515] [node011:17092:0]         sys.c:719  MXM  WARN  Conflicting CPU frequencies detected, using: 2400.00
[1447430279.036552] [node011:17092:0]         mxm.c:185  MXM  WARN  The 'ulimit -s' on the system is set to 'unlimited'. This may have negative performance implications. Please set the heap size to the default value (10240) 
[1447430279.051526] [node010:32046:0]         sys.c:719  MXM  WARN  Conflicting CPU frequencies detected, using: 2400.00
[1447430279.054576] [node010:32046:0]         mxm.c:185  MXM  WARN  The 'ulimit -s' on the system is set to 'unlimited'. This may have negative performance implications. Please set the heap size to the default value (10240) 
[1447430279.051520] [node010:32047:0]         sys.c:719  MXM  WARN  Conflicting CPU frequencies detected, using: 2400.00
[1447430279.054937] [node010:32047:0]         mxm.c:185  MXM  WARN  The 'ulimit -s' on the system is set to 'unlimited'. This may have negative performance implications. Please set the heap size to the default value (10240) 
[1447430279.054739] [node010:32048:0]         sys.c:719  MXM  WARN  Conflicting CPU frequencies detected, using: 2400.00
[1447430279.058089] [node010:32048:0]         mxm.c:185  MXM  WARN  The 'ulimit -s' on the system is set to 'unlimited'. This may have negative performance implications. Please set the heap size to the default value (10240) 
[1447430279.045930] [node009:12302:0]         sys.c:719  MXM  WARN  Conflicting CPU frequencies detected, using: 2400.00
[1447430279.051072] [node009:12302:0]         mxm.c:185  MXM  WARN  The 'ulimit -s' on the system is set to 'unlimited'. This may have negative performance implications. Please set the heap size to the default value (10240) 
[1447430279.062077] [node010:32049:0]         sys.c:719  MXM  WARN  Conflicting CPU frequencies detected, using: 2400.00
[1447430279.065649] [node010:32049:0]         mxm.c:185  MXM  WARN  The 'ulimit -s' on the system is set to 'unlimited'. This may have negative performance implications. Please set the heap size to the default value (10240) 
[1447430279.068493] [node010:32050:0]         sys.c:719  MXM  WARN  Conflicting CPU frequencies detected, using: 2400.00
[1447430279.071711] [node010:32050:0]         mxm.c:185  MXM  WARN  The 'ulimit -s' on the system is set to 'unlimited'. This may have negative performance implications. Please set the heap size to the default value (10240) 
[1447430279.068420] [node010:32045:0]         sys.c:719  MXM  WARN  Conflicting CPU frequencies detected, using: 2400.00
[1447430279.071785] [node010:32045:0]         mxm.c:185  MXM  WARN  The 'ulimit -s' on the system is set to 'unlimited'. This may have negative performance implications. Please set the heap size to the default value (10240) 
[1447430279.048611] [node009:12307:0]         sys.c:719  MXM  WARN  Conflicting CPU frequencies detected, using: 2400.00
[1447430279.058229] [node009:12307:0]         mxm.c:185  MXM  WARN  The 'ulimit -s' on the system is set to 'unlimited'. This may have negative performance implications. Please set the heap size to the default value (10240) 
[1447430279.048489] [node009:12306:0]         sys.c:719  MXM  WARN  Conflicting CPU frequencies detected, using: 2400.00
[1447430279.057498] [node009:12306:0]         mxm.c:185  MXM  WARN  The 'ulimit -s' on the system is set to 'unlimited'. This may have negative performance implications. Please set the heap size to the default value (10240) 
[1447430279.059262] [node009:12300:0]         sys.c:719  MXM  WARN  Conflicting CPU frequencies detected, using: 2400.00
[1447430279.069699] [node009:12300:0]         mxm.c:185  MXM  WARN  The 'ulimit -s' on the system is set to 'unlimited'. This may have negative performance implications. Please set the heap size to the default value (10240) 
[1447430279.056508] [node009:12301:0]         sys.c:719  MXM  WARN  Conflicting CPU frequencies detected, using: 2400.00
[1447430279.070667] [node009:12301:0]         mxm.c:185  MXM  WARN  The 'ulimit -s' on the system is set to 'unlimited'. This may have negative performance implications. Please set the heap size to the default value (10240) 
[1447430279.061959] [node009:12304:0]         sys.c:719  MXM  WARN  Conflicting CPU frequencies detected, using: 2400.00
[1447430279.076494] [node009:12304:0]         mxm.c:185  MXM  WARN  The 'ulimit -s' on the system is set to 'unlimited'. This may have negative performance implications. Please set the heap size to the default value (10240) 
[1447430279.155882] [node012:31668:0]         sys.c:719  MXM  WARN  Conflicting CPU frequencies detected, using: 2400.09
[1447430279.161569] [node012:31668:0]         mxm.c:185  MXM  WARN  The 'ulimit -s' on the system is set to 'unlimited'. This may have negative performance implications. Please set the heap size to the default value (10240) 
[1447430279.165367] [node014:8288 :0]         sys.c:719  MXM  WARN  Conflicting CPU frequencies detected, using: 2400.00
[1447430279.169044] [node014:8288 :0]         mxm.c:185  MXM  WARN  The 'ulimit -s' on the system is set to 'unlimited'. This may have negative performance implications. Please set the heap size to the default value (10240) 
[1447430279.151835] [node015:17035:0]         sys.c:719  MXM  WARN  Conflicting CPU frequencies detected, using: 2400.00
[1447430279.158189] [node015:17035:0]         mxm.c:185  MXM  WARN  The 'ulimit -s' on the system is set to 'unlimited'. This may have negative performance implications. Please set the heap size to the default value (10240) 
[1447430279.165941] [node012:31667:0]         sys.c:719  MXM  WARN  Conflicting CPU frequencies detected, using: 2400.00
[1447430279.173050] [node012:31667:0]         mxm.c:185  MXM  WARN  The 'ulimit -s' on the system is set to 'unlimited'. This may have negative performance implications. Please set the heap size to the default value (10240) 
[1447430279.183637] [node010:32251:0]         sys.c:719  MXM  WARN  Conflicting CPU frequencies detected, using: 2400.00
[1447430279.186164] [node010:32251:0]         mxm.c:185  MXM  WARN  The 'ulimit -s' on the system is set to 'unlimited'. This may have negative performance implications. Please set the heap size to the default value (10240) 
[1447430279.179572] [node010:32253:0]         sys.c:719  MXM  WARN  Conflicting CPU frequencies detected, using: 2400.00
[1447430279.182935] [node010:32253:0]         mxm.c:185  MXM  WARN  The 'ulimit -s' on the system is set to 'unlimited'. This may have negative performance implications. Please set the heap size to the default value (10240) 
[1447430279.186401] [node010:32256:0]         sys.c:719  MXM  WARN  Conflicting CPU frequencies detected, using: 2400.00
[1447430279.189714] [node010:32256:0]         mxm.c:185  MXM  WARN  The 'ulimit -s' on the system is set to 'unlimited'. This may have negative performance implications. Please set the heap size to the default value (10240) 
[1447430279.180186] [node010:32255:0]         sys.c:719  MXM  WARN  Conflicting CPU frequencies detected, using: 2400.00
[1447430279.183984] [node010:32255:0]         mxm.c:185  MXM  WARN  The 'ulimit -s' on the system is set to 'unlimited'. This may have negative performance implications. Please set the heap size to the default value (10240) 
[1447430279.177609] [node010:32250:0]         sys.c:719  MXM  WARN  Conflicting CPU frequencies detected, using: 2400.00
[1447430279.181650] [node010:32250:0]         mxm.c:185  MXM  WARN  The 'ulimit -s' on the system is set to 'unlimited'. This may have negative performance implications. Please set the heap size to the default value (10240) 
[1447430279.191234] [node010:32252:0]         sys.c:719  MXM  WARN  Conflicting CPU frequencies detected, using: 2400.00
[1447430279.195079] [node010:32252:0]         mxm.c:185  MXM  WARN  The 'ulimit -s' on the system is set to 'unlimited'. This may have negative performance implications. Please set the heap size to the default value (10240) 
[1447430279.179383] [node009:12514:0]         sys.c:719  MXM  WARN  Conflicting CPU frequencies detected, using: 2400.28
[1447430279.186156] [node009:12514:0]         mxm.c:185  MXM  WARN  The 'ulimit -s' on the system is set to 'unlimited'. This may have negative performance implications. Please set the heap size to the default value (10240) 
[1447430279.181728] [node009:12511:0]         sys.c:719  MXM  WARN  Conflicting CPU frequencies detected, using: 2400.28
[1447430279.192391] [node009:12511:0]         mxm.c:185  MXM  WARN  The 'ulimit -s' on the system is set to 'unlimited'. This may have negative performance implications. Please set the heap size to the default value (10240) 
[1447430279.189128] [node009:12506:0]         sys.c:719  MXM  WARN  Conflicting CPU frequencies detected, using: 2400.28
[1447430279.201522] [node009:12506:0]         mxm.c:185  MXM  WARN  The 'ulimit -s' on the system is set to 'unlimited'. This may have negative performance implications. Please set the heap size to the default value (10240) 
[1447430279.181729] [node009:12512:0]         sys.c:719  MXM  WARN  Conflicting CPU frequencies detected, using: 2400.28
[1447430279.196557] [node009:12512:0]         mxm.c:185  MXM  WARN  The 'ulimit -s' on the system is set to 'unlimited'. This may have negative performance implications. Please set the heap size to the default value (10240) 
[1447430279.182429] [node009:12509:0]         sys.c:719  MXM  WARN  Conflicting CPU frequencies detected, using: 2400.28
[1447430279.195774] [node009:12509:0]         mxm.c:185  MXM  WARN  The 'ulimit -s' on the system is set to 'unlimited'. This may have negative performance implications. Please set the heap size to the default value (10240) 
[1447430279.191791] [node009:12505:0]         sys.c:719  MXM  WARN  Conflicting CPU frequencies detected, using: 2400.28
[1447430279.208264] [node009:12505:0]         mxm.c:185  MXM  WARN  The 'ulimit -s' on the system is set to 'unlimited'. This may have negative performance implications. Please set the heap size to the default value (10240) 
[1447430279.227490] [node013:28050:0]         sys.c:719  MXM  WARN  Conflicting CPU frequencies detected, using: 2400.09
[1447430279.234487] [node013:28050:0]         mxm.c:185  MXM  WARN  The 'ulimit -s' on the system is set to 'unlimited'. This may have negative performance implications. Please set the heap size to the default value (10240) 
[1447430279.226226] [node013:28049:0]         sys.c:719  MXM  WARN  Conflicting CPU frequencies detected, using: 2400.09
[1447430279.233759] [node013:28049:0]         mxm.c:185  MXM  WARN  The 'ulimit -s' on the system is set to 'unlimited'. This may have negative performance implications. Please set the heap size to the default value (10240) 
[1447430279.237857] [node011:17130:0]         sys.c:719  MXM  WARN  Conflicting CPU frequencies detected, using: 2400.09
[1447430279.243059] [node011:17130:0]         mxm.c:185  MXM  WARN  The 'ulimit -s' on the system is set to 'unlimited'. This may have negative performance implications. Please set the heap size to the default value (10240) 
[1447430279.247715] [node012:31694:0]         sys.c:719  MXM  WARN  Conflicting CPU frequencies detected, using: 2400.09
[1447430279.252956] [node012:31694:0]         mxm.c:185  MXM  WARN  The 'ulimit -s' on the system is set to 'unlimited'. This may have negative performance implications. Please set the heap size to the default value (10240) 
[1447430279.242565] [node011:17132:0]         sys.c:719  MXM  WARN  Conflicting CPU frequencies detected, using: 2400.09
[1447430279.249705] [node011:17132:0]         mxm.c:185  MXM  WARN  The 'ulimit -s' on the system is set to 'unlimited'. This may have negative performance implications. Please set the heap size to the default value (10240) 
[1447430279.243435] [node011:17129:0]         sys.c:719  MXM  WARN  Conflicting CPU frequencies detected, using: 2400.09
[1447430279.252341] [node011:17129:0]         mxm.c:185  MXM  WARN  The 'ulimit -s' on the system is set to 'unlimited'. This may have negative performance implications. Please set the heap size to the default value (10240) 
[1447430279.269704] [node014:8297 :0]         sys.c:719  MXM  WARN  Conflicting CPU frequencies detected, using: 2400.00
[1447430279.273231] [node014:8297 :0]         mxm.c:185  MXM  WARN  The 'ulimit -s' on the system is set to 'unlimited'. This may have negative performance implications. Please set the heap size to the default value (10240) 
[1447430279.273034] [node014:8307 :0]         sys.c:719  MXM  WARN  Conflicting CPU frequencies detected, using: 2400.00
[1447430279.275886] [node014:8307 :0]         mxm.c:185  MXM  WARN  The 'ulimit -s' on the system is set to 'unlimited'. This may have negative performance implications. Please set the heap size to the default value (10240) 
[1447430279.277666] [node014:8320 :0]         sys.c:719  MXM  WARN  Conflicting CPU frequencies detected, using: 2400.00
[1447430279.280975] [node014:8320 :0]         mxm.c:185  MXM  WARN  The 'ulimit -s' on the system is set to 'unlimited'. This may have negative performance implications. Please set the heap size to the default value (10240) 
[1447430279.277779] [node014:8317 :0]         sys.c:719  MXM  WARN  Conflicting CPU frequencies detected, using: 2400.00
[1447430279.281460] [node014:8317 :0]         mxm.c:185  MXM  WARN  The 'ulimit -s' on the system is set to 'unlimited'. This may have negative performance implications. Please set the heap size to the default value (10240) 
[1447430279.254468] [node012:31709:0]         sys.c:719  MXM  WARN  Conflicting CPU frequencies detected, using: 2400.00
[1447430279.261007] [node012:31709:0]         mxm.c:185  MXM  WARN  The 'ulimit -s' on the system is set to 'unlimited'. This may have negative performance implications. Please set the heap size to the default value (10240) 
[1447430279.264601] [node014:8296 :0]         sys.c:719  MXM  WARN  Conflicting CPU frequencies detected, using: 2400.00
[1447430279.269051] [node014:8296 :0]         mxm.c:185  MXM  WARN  The 'ulimit -s' on the system is set to 'unlimited'. This may have negative performance implications. Please set the heap size to the default value (10240) 
[1447430279.258789] [node013:28056:0]         sys.c:719  MXM  WARN  Conflicting CPU frequencies detected, using: 2400.00
[1447430279.265417] [node013:28056:0]         mxm.c:185  MXM  WARN  The 'ulimit -s' on the system is set to 'unlimited'. This may have negative performance implications. Please set the heap size to the default value (10240) 
[1447430279.282849] [node014:8329 :0]         sys.c:719  MXM  WARN  Conflicting CPU frequencies detected, using: 2400.00
[1447430279.285802] [node014:8329 :0]         mxm.c:185  MXM  WARN  The 'ulimit -s' on the system is set to 'unlimited'. This may have negative performance implications. Please set the heap size to the default value (10240) 
[1447430279.284331] [node014:8330 :0]         sys.c:719  MXM  WARN  Conflicting CPU frequencies detected, using: 2400.00
[1447430279.288907] [node014:8330 :0]         mxm.c:185  MXM  WARN  The 'ulimit -s' on the system is set to 'unlimited'. This may have negative performance implications. Please set the heap size to the default value (10240) 
[1447430279.277323] [node014:8325 :0]         sys.c:719  MXM  WARN  Conflicting CPU frequencies detected, using: 2400.00
[1447430279.280585] [node014:8325 :0]         mxm.c:185  MXM  WARN  The 'ulimit -s' on the system is set to 'unlimited'. This may have negative performance implications. Please set the heap size to the default value (10240) 
[1447430279.277575] [node014:8328 :0]         sys.c:719  MXM  WARN  Conflicting CPU frequencies detected, using: 2400.00
[1447430279.281105] [node014:8328 :0]         mxm.c:185  MXM  WARN  The 'ulimit -s' on the system is set to 'unlimited'. This may have negative performance implications. Please set the heap size to the default value (10240) 
[1447430279.287458] [node014:8319 :0]         sys.c:719  MXM  WARN  Conflicting CPU frequencies detected, using: 2400.00
[1447430279.293182] [node014:8319 :0]         mxm.c:185  MXM  WARN  The 'ulimit -s' on the system is set to 'unlimited'. This may have negative performance implications. Please set the heap size to the default value (10240) 
[1447430279.253873] [node011:17163:0]         sys.c:719  MXM  WARN  Conflicting CPU frequencies detected, using: 2400.00
[1447430279.268537] [node011:17163:0]         mxm.c:185  MXM  WARN  The 'ulimit -s' on the system is set to 'unlimited'. This may have negative performance implications. Please set the heap size to the default value (10240) 
[1447430279.295915] [node014:8324 :0]         sys.c:719  MXM  WARN  Conflicting CPU frequencies detected, using: 2400.00
[1447430279.301818] [node014:8324 :0]         mxm.c:185  MXM  WARN  The 'ulimit -s' on the system is set to 'unlimited'. This may have negative performance implications. Please set the heap size to the default value (10240) 
[1447430279.281034] [node015:17076:0]         sys.c:719  MXM  WARN  Conflicting CPU frequencies detected, using: 2400.00
[1447430279.298269] [node015:17076:0]         mxm.c:185  MXM  WARN  The 'ulimit -s' on the system is set to 'unlimited'. This may have negative performance implications. Please set the heap size to the default value (10240) 
[1447430279.257539] [node011:17131:0]         sys.c:719  MXM  WARN  Conflicting CPU frequencies detected, using: 2400.09
[1447430279.271793] [node011:17131:0]         mxm.c:185  MXM  WARN  The 'ulimit -s' on the system is set to 'unlimited'. This may have negative performance implications. Please set the heap size to the default value (10240) 
[1447430279.262625] [node012:31707:0]         sys.c:719  MXM  WARN  Conflicting CPU frequencies detected, using: 2400.00
[1447430279.282640] [node012:31707:0]         mxm.c:185  MXM  WARN  The 'ulimit -s' on the system is set to 'unlimited'. This may have negative performance implications. Please set the heap size to the default value (10240) 
[1447430279.267827] [node013:28091:0]         sys.c:719  MXM  WARN  Conflicting CPU frequencies detected, using: 2400.00
[1447430279.280448] [node013:28091:0]         mxm.c:185  MXM  WARN  The 'ulimit -s' on the system is set to 'unlimited'. This may have negative performance implications. Please set the heap size to the default value (10240) 
[1447430279.292762] [node013:28102:0]         sys.c:719  MXM  WARN  Conflicting CPU frequencies detected, using: 2400.00
[1447430279.313467] [node013:28102:0]         mxm.c:185  MXM  WARN  The 'ulimit -s' on the system is set to 'unlimited'. This may have negative performance implications. Please set the heap size to the default value (10240) 
[1447430279.260161] [node012:31712:0]         sys.c:719  MXM  WARN  Conflicting CPU frequencies detected, using: 2400.00
[1447430279.273001] [node012:31712:0]         mxm.c:185  MXM  WARN  The 'ulimit -s' on the system is set to 'unlimited'. This may have negative performance implications. Please set the heap size to the default value (10240) 
[1447430279.260288] [node011:17164:0]         sys.c:719  MXM  WARN  Conflicting CPU frequencies detected, using: 2400.09
[1447430279.285782] [node011:17164:0]         mxm.c:185  MXM  WARN  The 'ulimit -s' on the system is set to 'unlimited'. This may have negative performance implications. Please set the heap size to the default value (10240) 
[1447430279.255738] [node011:17161:0]         sys.c:719  MXM  WARN  Conflicting CPU frequencies detected, using: 2400.09
[1447430279.286565] [node011:17161:0]         mxm.c:185  MXM  WARN  The 'ulimit -s' on the system is set to 'unlimited'. This may have negative performance implications. Please set the heap size to the default value (10240) 
[1447430279.263604] [node011:17169:0]         sys.c:719  MXM  WARN  Conflicting CPU frequencies detected, using: 2400.09
[1447430279.291524] [node011:17169:0]         mxm.c:185  MXM  WARN  The 'ulimit -s' on the system is set to 'unlimited'. This may have negative performance implications. Please set the heap size to the default value (10240) 
[1447430279.263310] [node012:31706:0]         sys.c:719  MXM  WARN  Conflicting CPU frequencies detected, using: 2400.00
[1447430279.285216] [node012:31706:0]         mxm.c:185  MXM  WARN  The 'ulimit -s' on the system is set to 'unlimited'. This may have negative performance implications. Please set the heap size to the default value (10240) 
[1447430279.263741] [node011:17162:0]         sys.c:719  MXM  WARN  Conflicting CPU frequencies detected, using: 2400.09
[1447430279.294654] [node011:17162:0]         mxm.c:185  MXM  WARN  The 'ulimit -s' on the system is set to 'unlimited'. This may have negative performance implications. Please set the heap size to the default value (10240) 
[1447430279.262664] [node012:31832:0]         sys.c:719  MXM  WARN  Conflicting CPU frequencies detected, using: 2400.00
[1447430279.290182] [node012:31832:0]         mxm.c:185  MXM  WARN  The 'ulimit -s' on the system is set to 'unlimited'. This may have negative performance implications. Please set the heap size to the default value (10240) 
[1447430279.267508] [node012:31715:0]         sys.c:719  MXM  WARN  Conflicting CPU frequencies detected, using: 2400.09
[1447430279.288347] [node012:31715:0]         mxm.c:185  MXM  WARN  The 'ulimit -s' on the system is set to 'unlimited'. This may have negative performance implications. Please set the heap size to the default value (10240) 
[1447430279.257210] [node011:17168:0]         sys.c:719  MXM  WARN  Conflicting CPU frequencies detected, using: 2400.09
[1447430279.284029] [node011:17168:0]         mxm.c:185  MXM  WARN  The 'ulimit -s' on the system is set to 'unlimited'. This may have negative performance implications. Please set the heap size to the default value (10240) 
[1447430279.260456] [node012:31699:0]         sys.c:719  MXM  WARN  Conflicting CPU frequencies detected, using: 2400.00
[1447430279.274499] [node012:31699:0]         mxm.c:185  MXM  WARN  The 'ulimit -s' on the system is set to 'unlimited'. This may have negative performance implications. Please set the heap size to the default value (10240) 
[1447430279.270826] [node013:28081:0]         sys.c:719  MXM  WARN  Conflicting CPU frequencies detected, using: 2400.00
[1447430279.289363] [node013:28081:0]         mxm.c:185  MXM  WARN  The 'ulimit -s' on the system is set to 'unlimited'. This may have negative performance implications. Please set the heap size to the default value (10240) 
[1447430279.271285] [node013:28082:0]         sys.c:719  MXM  WARN  Conflicting CPU frequencies detected, using: 2400.00
[1447430279.290133] [node013:28082:0]         mxm.c:185  MXM  WARN  The 'ulimit -s' on the system is set to 'unlimited'. This may have negative performance implications. Please set the heap size to the default value (10240) 
[1447430279.270406] [node013:28085:0]         sys.c:719  MXM  WARN  Conflicting CPU frequencies detected, using: 2400.00
[1447430279.291603] [node013:28085:0]         mxm.c:185  MXM  WARN  The 'ulimit -s' on the system is set to 'unlimited'. This may have negative performance implications. Please set the heap size to the default value (10240) 
[1447430279.269127] [node012:31708:0]         sys.c:719  MXM  WARN  Conflicting CPU frequencies detected, using: 2400.09
[1447430279.293515] [node012:31708:0]         mxm.c:185  MXM  WARN  The 'ulimit -s' on the system is set to 'unlimited'. This may have negative performance implications. Please set the heap size to the default value (10240) 
[1447430279.274279] [node012:31716:0]         sys.c:719  MXM  WARN  Conflicting CPU frequencies detected, using: 2400.09
[1447430279.305573] [node012:31716:0]         mxm.c:185  MXM  WARN  The 'ulimit -s' on the system is set to 'unlimited'. This may have negative performance implications. Please set the heap size to the default value (10240) 
[1447430279.272490] [node011:17171:0]         sys.c:719  MXM  WARN  Conflicting CPU frequencies detected, using: 2400.00
[1447430279.303564] [node011:17171:0]         mxm.c:185  MXM  WARN  The 'ulimit -s' on the system is set to 'unlimited'. This may have negative performance implications. Please set the heap size to the default value (10240) 
[1447430279.280118] [node013:28080:0]         sys.c:719  MXM  WARN  Conflicting CPU frequencies detected, using: 2400.00
[1447430279.303414] [node013:28080:0]         mxm.c:185  MXM  WARN  The 'ulimit -s' on the system is set to 'unlimited'. This may have negative performance implications. Please set the heap size to the default value (10240) 
[1447430279.279695] [node015:17073:0]         sys.c:719  MXM  WARN  Conflicting CPU frequencies detected, using: 2400.00
[1447430279.288656] [node015:17073:0]         mxm.c:185  MXM  WARN  The 'ulimit -s' on the system is set to 'unlimited'. This may have negative performance implications. Please set the heap size to the default value (10240) 
[1447430279.273075] [node013:28106:0]         sys.c:719  MXM  WARN  Conflicting CPU frequencies detected, using: 2400.00
[1447430279.305705] [node013:28106:0]         mxm.c:185  MXM  WARN  The 'ulimit -s' on the system is set to 'unlimited'. This may have negative performance implications. Please set the heap size to the default value (10240) 
[1447430279.280916] [node013:28089:0]         sys.c:719  MXM  WARN  Conflicting CPU frequencies detected, using: 2400.00
[1447430279.301632] [node013:28089:0]         mxm.c:185  MXM  WARN  The 'ulimit -s' on the system is set to 'unlimited'. This may have negative performance implications. Please set the heap size to the default value (10240) 
[1447430279.281120] [node015:17070:0]         sys.c:719  MXM  WARN  Conflicting CPU frequencies detected, using: 2400.00
[1447430279.303165] [node015:17070:0]         mxm.c:185  MXM  WARN  The 'ulimit -s' on the system is set to 'unlimited'. This may have negative performance implications. Please set the heap size to the default value (10240) 
[1447430279.283038] [node015:17069:0]         sys.c:719  MXM  WARN  Conflicting CPU frequencies detected, using: 2400.00
[1447430279.303916] [node015:17069:0]         mxm.c:185  MXM  WARN  The 'ulimit -s' on the system is set to 'unlimited'. This may have negative performance implications. Please set the heap size to the default value (10240) 
[1447430279.279568] [node015:17071:0]         sys.c:719  MXM  WARN  Conflicting CPU frequencies detected, using: 2400.00
[1447430279.298969] [node015:17071:0]         mxm.c:185  MXM  WARN  The 'ulimit -s' on the system is set to 'unlimited'. This may have negative performance implications. Please set the heap size to the default value (10240) 
[1447430279.270248] [node013:28093:0]         sys.c:719  MXM  WARN  Conflicting CPU frequencies detected, using: 2400.00
[1447430279.294252] [node013:28093:0]         mxm.c:185  MXM  WARN  The 'ulimit -s' on the system is set to 'unlimited'. This may have negative performance implications. Please set the heap size to the default value (10240) 
[1447430279.294832] [node015:17052:0]         sys.c:719  MXM  WARN  Conflicting CPU frequencies detected, using: 2400.00
[1447430279.319736] [node015:17052:0]         mxm.c:185  MXM  WARN  The 'ulimit -s' on the system is set to 'unlimited'. This may have negative performance implications. Please set the heap size to the default value (10240) 
[1447430279.284052] [node015:17074:0]         sys.c:719  MXM  WARN  Conflicting CPU frequencies detected, using: 2400.00
[1447430279.306300] [node015:17074:0]         mxm.c:185  MXM  WARN  The 'ulimit -s' on the system is set to 'unlimited'. This may have negative performance implications. Please set the heap size to the default value (10240) 
[1447430279.298399] [node015:17129:0]         sys.c:719  MXM  WARN  Conflicting CPU frequencies detected, using: 2400.09
[1447430279.329878] [node015:17129:0]         mxm.c:185  MXM  WARN  The 'ulimit -s' on the system is set to 'unlimited'. This may have negative performance implications. Please set the heap size to the default value (10240) 
[1447430279.295779] [node015:17054:0]         sys.c:719  MXM  WARN  Conflicting CPU frequencies detected, using: 2400.00
[1447430279.335013] [node015:17054:0]         mxm.c:185  MXM  WARN  The 'ulimit -s' on the system is set to 'unlimited'. This may have negative performance implications. Please set the heap size to the default value (10240) 
[1447430279.282907] [node015:17051:0]         sys.c:719  MXM  WARN  Conflicting CPU frequencies detected, using: 2400.00
[1447430279.316373] [node015:17051:0]         mxm.c:185  MXM  WARN  The 'ulimit -s' on the system is set to 'unlimited'. This may have negative performance implications. Please set the heap size to the default value (10240) 
[1447430279.290235] [node015:17045:0]         sys.c:719  MXM  WARN  Conflicting CPU frequencies detected, using: 2400.00
[1447430279.318187] [node015:17045:0]         mxm.c:185  MXM  WARN  The 'ulimit -s' on the system is set to 'unlimited'. This may have negative performance implications. Please set the heap size to the default value (10240) 
UPCR: UPC thread  6 of 96 on node008 (pshm node 0 of 8, process  6 of 96, pid=8222)
UPCR: UPC thread 11 of 96 on node008 (pshm node 0 of 8, process 11 of 96, pid=8227)
UPCR: UPC thread  0 of 96 on node008 (pshm node 0 of 8, process  0 of 96, pid=8216)
UPCR: UPC thread  8 of 96 on node008 (pshm node 0 of 8, process  8 of 96, pid=8224)
UPCR: UPC thread  7 of 96 on node008 (pshm node 0 of 8, process  7 of 96, pid=8223)
UPCR: UPC thread  3 of 96 on node008 (pshm node 0 of 8, process  3 of 96, pid=8219)
UPCR: UPC thread  2 of 96 on node008 (pshm node 0 of 8, process  2 of 96, pid=8218)
UPCR: UPC thread  1 of 96 on node008 (pshm node 0 of 8, process  1 of 96, pid=8217)
UPCR: UPC thread  9 of 96 on node008 (pshm node 0 of 8, process  9 of 96, pid=8225)
UPCR: UPC thread  4 of 96 on node008 (pshm node 0 of 8, process  4 of 96, pid=8220)
UPCR: UPC thread  5 of 96 on node008 (pshm node 0 of 8, process  5 of 96, pid=8221)
UPCR: UPC thread 10 of 96 on node008 (pshm node 0 of 8, process 10 of 96, pid=8226)
UPCR: UPC thread 71 of 96 on node013 (pshm node 5 of 8, process 71 of 96, pid=28049)
UPCR: UPC thread 65 of 96 on node013 (pshm node 5 of 8, process 65 of 96, pid=28080)
UPCR: UPC thread 88 of 96 on node015 (pshm node 7 of 8, process 88 of 96, pid=17070)
UPCR: UPC thread 68 of 96 on node013 (pshm node 5 of 8, process 68 of 96, pid=28081)
UPCR: UPC thread 69 of 96 on node013 (pshm node 5 of 8, process 69 of 96, pid=28106)
UPCR: UPC thread 17 of 96 on node009 (pshm node 1 of 8, process 17 of 96, pid=12509)
UPCR: UPC thread 53 of 96 on node012 (pshm node 4 of 8, process 53 of 96, pid=31699)
UPCR: UPC thread 15 of 96 on node009 (pshm node 1 of 8, process 15 of 96, pid=12511)
UPCR: UPC thread 54 of 96 on node012 (pshm node 4 of 8, process 54 of 96, pid=31708)
UPCR: UPC thread 58 of 96 on node012 (pshm node 4 of 8, process 58 of 96, pid=31709)
UPCR: UPC thread 67 of 96 on node013 (pshm node 5 of 8, process 67 of 96, pid=28085)
UPCR: UPC thread 62 of 96 on node013 (pshm node 5 of 8, process 62 of 96, pid=28056)
UPCR: UPC thread 52 of 96 on node012 (pshm node 4 of 8, process 52 of 96, pid=31694)
UPCR: UPC thread 70 of 96 on node013 (pshm node 5 of 8, process 70 of 96, pid=28102)
UPCR: UPC thread 24 of 96 on node010 (pshm node 2 of 8, process 24 of 96, pid=32256)
UPCR: UPC thread 60 of 96 on node013 (pshm node 5 of 8, process 60 of 96, pid=28082)
UPCR: UPC thread 87 of 96 on node015 (pshm node 7 of 8, process 87 of 96, pid=17073)
UPCR: UPC thread 50 of 96 on node012 (pshm node 4 of 8, process 50 of 96, pid=31707)
UPCR: UPC thread 21 of 96 on node009 (pshm node 1 of 8, process 21 of 96, pid=12302)
UPCR: UPC thread 91 of 96 on node015 (pshm node 7 of 8, process 91 of 96, pid=17051)
UPCR: UPC thread 16 of 96 on node009 (pshm node 1 of 8, process 16 of 96, pid=12505)
UPCR: UPC thread 59 of 96 on node012 (pshm node 4 of 8, process 59 of 96, pid=31832)
UPCR: UPC thread 80 of 96 on node014 (pshm node 6 of 8, process 80 of 96, pid=8307)
UPCR: UPC thread 55 of 96 on node012 (pshm node 4 of 8, process 55 of 96, pid=31712)
UPCR: UPC thread 28 of 96 on node010 (pshm node 2 of 8, process 28 of 96, pid=32252)
UPCR: UPC thread 79 of 96 on node014 (pshm node 6 of 8, process 79 of 96, pid=8325)
UPCR: UPC thread 76 of 96 on node014 (pshm node 6 of 8, process 76 of 96, pid=8324)
UPCR: UPC thread 92 of 96 on node015 (pshm node 7 of 8, process 92 of 96, pid=17071)
UPCR: UPC thread 66 of 96 on node013 (pshm node 5 of 8, process 66 of 96, pid=28089)
UPCR: UPC thread 94 of 96 on node015 (pshm node 7 of 8, process 94 of 96, pid=17069)
UPCR: UPC thread 12 of 96 on node009 (pshm node 1 of 8, process 12 of 96, pid=12514)
UPCR: UPC thread 84 of 96 on node015 (pshm node 7 of 8, process 84 of 96, pid=17074)
UPCR: UPC thread 74 of 96 on node014 (pshm node 6 of 8, process 74 of 96, pid=8330)
UPCR: UPC thread 48 of 96 on node012 (pshm node 4 of 8, process 48 of 96, pid=31667)
UPCR: UPC thread 33 of 96 on node010 (pshm node 2 of 8, process 33 of 96, pid=32253)
UPCR: UPC thread 51 of 96 on node012 (pshm node 4 of 8, process 51 of 96, pid=31715)
UPCR: UPC thread 63 of 96 on node013 (pshm node 5 of 8, process 63 of 96, pid=28050)
UPCR: UPC thread 29 of 96 on node010 (pshm node 2 of 8, process 29 of 96, pid=32047)
UPCR: UPC thread 61 of 96 on node013 (pshm node 5 of 8, process 61 of 96, pid=28093)
UPCR: UPC thread 46 of 96 on node011 (pshm node 3 of 8, process 46 of 96, pid=17163)
UPCR: UPC thread 75 of 96 on node014 (pshm node 6 of 8, process 75 of 96, pid=8319)
UPCR: UPC thread 35 of 96 on node010 (pshm node 2 of 8, process 35 of 96, pid=32255)
UPCR: UPC thread 23 of 96 on node009 (pshm node 1 of 8, process 23 of 96, pid=12304)
UPCR: UPC thread 73 of 96 on node014 (pshm node 6 of 8, process 73 of 96, pid=8288)
UPCR: UPC thread 22 of 96 on node009 (pshm node 1 of 8, process 22 of 96, pid=12300)
UPCR: UPC thread 43 of 96 on node011 (pshm node 3 of 8, process 43 of 96, pid=17161)
UPCR: UPC thread 27 of 96 on node010 (pshm node 2 of 8, process 27 of 96, pid=32046)
UPCR: UPC thread 82 of 96 on node014 (pshm node 6 of 8, process 82 of 96, pid=8328)
UPCR: UPC thread 64 of 96 on node013 (pshm node 5 of 8, process 64 of 96, pid=28091)
UPCR: UPC thread 32 of 96 on node010 (pshm node 2 of 8, process 32 of 96, pid=32049)
UPCR: UPC thread 31 of 96 on node010 (pshm node 2 of 8, process 31 of 96, pid=32050)
UPCR: UPC thread 72 of 96 on node014 (pshm node 6 of 8, process 72 of 96, pid=8317)
UPCR: UPC thread 95 of 96 on node015 (pshm node 7 of 8, process 95 of 96, pid=17045)
UPCR: UPC thread 13 of 96 on node009 (pshm node 1 of 8, process 13 of 96, pid=12306)
UPCR: UPC thread 14 of 96 on node009 (pshm node 1 of 8, process 14 of 96, pid=12512)
UPCR: UPC thread 49 of 96 on node012 (pshm node 4 of 8, process 49 of 96, pid=31668)
UPCR: UPC thread 18 of 96 on node009 (pshm node 1 of 8, process 18 of 96, pid=12301)
UPCR: UPC thread 36 of 96 on node011 (pshm node 3 of 8, process 36 of 96, pid=17092)
UPCR: UPC thread 38 of 96 on node011 (pshm node 3 of 8, process 38 of 96, pid=17129)
UPCR: UPC thread 40 of 96 on node011 (pshm node 3 of 8, process 40 of 96, pid=17169)
UPCR: UPC thread 37 of 96 on node011 (pshm node 3 of 8, process 37 of 96, pid=17132)
UPCR: UPC thread 93 of 96 on node015 (pshm node 7 of 8, process 93 of 96, pid=17076)
UPCR: UPC thread 47 of 96 on node011 (pshm node 3 of 8, process 47 of 96, pid=17162)
UPCR: UPC thread 41 of 96 on node011 (pshm node 3 of 8, process 41 of 96, pid=17131)
UPCR: UPC thread 81 of 96 on node014 (pshm node 6 of 8, process 81 of 96, pid=8297)
UPCR: UPC thread 30 of 96 on node010 (pshm node 2 of 8, process 30 of 96, pid=32251)
UPCR: UPC thread 78 of 96 on node014 (pshm node 6 of 8, process 78 of 96, pid=8320)
UPCR: UPC thread 85 of 96 on node015 (pshm node 7 of 8, process 85 of 96, pid=17052)
UPCR: UPC thread 26 of 96 on node010 (pshm node 2 of 8, process 26 of 96, pid=32045)
UPCR: UPC thread 42 of 96 on node011 (pshm node 3 of 8, process 42 of 96, pid=17164)
UPCR: UPC thread 83 of 96 on node014 (pshm node 6 of 8, process 83 of 96, pid=8296)
UPCR: UPC thread 90 of 96 on node015 (pshm node 7 of 8, process 90 of 96, pid=17129)
UPCR: UPC thread 45 of 96 on node011 (pshm node 3 of 8, process 45 of 96, pid=17171)
UPCR: UPC thread 19 of 96 on node009 (pshm node 1 of 8, process 19 of 96, pid=12506)
UPCR: UPC thread 20 of 96 on node009 (pshm node 1 of 8, process 20 of 96, pid=12307)
UPCR: UPC thread 44 of 96 on node011 (pshm node 3 of 8, process 44 of 96, pid=17130)
UPCR: UPC thread 77 of 96 on node014 (pshm node 6 of 8, process 77 of 96, pid=8329)
UPCR: UPC thread 86 of 96 on node015 (pshm node 7 of 8, process 86 of 96, pid=17035)
UPCR: UPC thread 56 of 96 on node012 (pshm node 4 of 8, process 56 of 96, pid=31716)
UPCR: UPC thread 57 of 96 on node012 (pshm node 4 of 8, process 57 of 96, pid=31706)
UPCR: UPC thread 25 of 96 on node010 (pshm node 2 of 8, process 25 of 96, pid=32048)
UPCR: UPC thread 89 of 96 on node015 (pshm node 7 of 8, process 89 of 96, pid=17054)
UPCR: UPC thread 34 of 96 on node010 (pshm node 2 of 8, process 34 of 96, pid=32250)
UPCR: UPC thread 39 of 96 on node011 (pshm node 3 of 8, process 39 of 96, pid=17168)
0/96 - htable initialized
0/96 - table size: 103079215104 bytes (98304 MB)
0/96 - total number of buckets: 12884901888
0/96 - block size: 1073741824 (1024 MB)
0/96 - number of buckets in block: 134217728
0/96 - number of blocks: 96
31/96 - Performed a throughput benchmark:
31/96 - Performed 2000000 find-or-put operations with random values from [0,...,38399999]
31/96 - Finds: 1596194 (0.798097), Inserts: 403806 (0.201903), Errors: 0 (0)
31/96 - Execution time: 6.80199 seconds
31/96 - Throughput: 294032 ops/sec
27/96 - Performed a throughput benchmark:
27/96 - Performed 2000000 find-or-put operations with random values from [0,...,38399999]
27/96 - Finds: 1596583 (0.798292), Inserts: 403417 (0.201709), Errors: 0 (0)
27/96 - Execution time: 6.80642 seconds
27/96 - Throughput: 293840 ops/sec
88/96 - Performed a throughput benchmark:
88/96 - Performed 2000000 find-or-put operations with random values from [0,...,38399999]
88/96 - Finds: 1595784 (0.797892), Inserts: 404216 (0.202108), Errors: 0 (0)
88/96 - Execution time: 6.81649 seconds
88/96 - Throughput: 293406 ops/sec
60/96 - Performed a throughput benchmark:
60/96 - Performed 2000000 find-or-put operations with random values from [0,...,38399999]
60/96 - Finds: 1595670 (0.797835), Inserts: 404330 (0.202165), Errors: 0 (0)
60/96 - Execution time: 6.80216 seconds
60/96 - Throughput: 294024 ops/sec
62/96 - Performed a throughput benchmark:
62/96 - Performed 2000000 find-or-put operations with random values from [0,...,38399999]
62/96 - Finds: 1595380 (0.79769), Inserts: 404620 (0.20231), Errors: 0 (0)
62/96 - Execution time: 6.80856 seconds
62/96 - Throughput: 293748 ops/sec
26/96 - Performed a throughput benchmark:
26/96 - Performed 2000000 find-or-put operations with random values from [0,...,38399999]
26/96 - Finds: 1594929 (0.797465), Inserts: 405071 (0.202536), Errors: 0 (0)
26/96 - Execution time: 6.80347 seconds
26/96 - Throughput: 293967 ops/sec
50/96 - Performed a throughput benchmark:
50/96 - Performed 2000000 find-or-put operations with random values from [0,...,38399999]
50/96 - Finds: 1597109 (0.798554), Inserts: 402891 (0.201445), Errors: 0 (0)
50/96 - Execution time: 6.82973 seconds
50/96 - Throughput: 292838 ops/sec
53/96 - Performed a throughput benchmark:
53/96 - Performed 2000000 find-or-put operations with random values from [0,...,38399999]
53/96 - Finds: 1595909 (0.797955), Inserts: 404091 (0.202045), Errors: 0 (0)
53/96 - Execution time: 6.82205 seconds
53/96 - Throughput: 293167 ops/sec
17/96 - Performed a throughput benchmark:
17/96 - Performed 2000000 find-or-put operations with random values from [0,...,38399999]
17/96 - Finds: 1596449 (0.798225), Inserts: 403551 (0.201775), Errors: 0 (0)
17/96 - Execution time: 6.82184 seconds
17/96 - Throughput: 293176 ops/sec
91/96 - Performed a throughput benchmark:
91/96 - Performed 2000000 find-or-put operations with random values from [0,...,38399999]
91/96 - Finds: 1595977 (0.797988), Inserts: 404023 (0.202012), Errors: 0 (0)
91/96 - Execution time: 6.83243 seconds
91/96 - Throughput: 292722 ops/sec
30/96 - Performed a throughput benchmark:
30/96 - Performed 2000000 find-or-put operations with random values from [0,...,38399999]
30/96 - Finds: 1596445 (0.798222), Inserts: 403555 (0.201777), Errors: 0 (0)
30/96 - Execution time: 6.82025 seconds
30/96 - Throughput: 293245 ops/sec
15/96 - Performed a throughput benchmark:
15/96 - Performed 2000000 find-or-put operations with random values from [0,...,38399999]
15/96 - Finds: 1596667 (0.798334), Inserts: 403333 (0.201666), Errors: 0 (0)
15/96 - Execution time: 6.82814 seconds
15/96 - Throughput: 292906 ops/sec
73/96 - Performed a throughput benchmark:
73/96 - Performed 2000000 find-or-put operations with random values from [0,...,38399999]
73/96 - Finds: 1596916 (0.798458), Inserts: 403084 (0.201542), Errors: 0 (0)
73/96 - Execution time: 6.83938 seconds
73/96 - Throughput: 292424 ops/sec
29/96 - Performed a throughput benchmark:
29/96 - Performed 2000000 find-or-put operations with random values from [0,...,38399999]
29/96 - Finds: 1595530 (0.797765), Inserts: 404470 (0.202235), Errors: 0 (0)
29/96 - Execution time: 6.80054 seconds
29/96 - Throughput: 294094 ops/sec
48/96 - Performed a throughput benchmark:
48/96 - Performed 2000000 find-or-put operations with random values from [0,...,38399999]
48/96 - Finds: 1597042 (0.798521), Inserts: 402958 (0.201479), Errors: 0 (0)
48/96 - Execution time: 6.81837 seconds
48/96 - Throughput: 293325 ops/sec
52/96 - Performed a throughput benchmark:
52/96 - Performed 2000000 find-or-put operations with random values from [0,...,38399999]
52/96 - Finds: 1596118 (0.798059), Inserts: 403882 (0.201941), Errors: 0 (0)
52/96 - Execution time: 6.83018 seconds
52/96 - Throughput: 292818 ops/sec
0/96 - Performed a throughput benchmark:
0/96 - Performed 2000000 find-or-put operations with random values from [0,...,38399999]
0/96 - Finds: 1596975 (0.798488), Inserts: 403025 (0.201513), Errors: 0 (0)
0/96 - Execution time: 6.83999 seconds
0/96 - Throughput: 292398 ops/sec
78/96 - Performed a throughput benchmark:
78/96 - Performed 2000000 find-or-put operations with random values from [0,...,38399999]
78/96 - Finds: 1595752 (0.797876), Inserts: 404248 (0.202124), Errors: 0 (0)
78/96 - Execution time: 6.82488 seconds
78/96 - Throughput: 293046 ops/sec
16/96 - Performed a throughput benchmark:
16/96 - Performed 2000000 find-or-put operations with random values from [0,...,38399999]
16/96 - Finds: 1597113 (0.798557), Inserts: 402887 (0.201443), Errors: 0 (0)
16/96 - Execution time: 6.83075 seconds
16/96 - Throughput: 292793 ops/sec
67/96 - Performed a throughput benchmark:
67/96 - Performed 2000000 find-or-put operations with random values from [0,...,38399999]
67/96 - Finds: 1594320 (0.79716), Inserts: 405680 (0.20284), Errors: 0 (0)
67/96 - Execution time: 6.79516 seconds
67/96 - Throughput: 294327 ops/sec
85/96 - Performed a throughput benchmark:
85/96 - Performed 2000000 find-or-put operations with random values from [0,...,38399999]
85/96 - Finds: 1594810 (0.797405), Inserts: 405190 (0.202595), Errors: 0 (0)
85/96 - Execution time: 6.81992 seconds
85/96 - Throughput: 293259 ops/sec
51/96 - Performed a throughput benchmark:
51/96 - Performed 2000000 find-or-put operations with random values from [0,...,38399999]
51/96 - Finds: 1597557 (0.798778), Inserts: 402443 (0.201221), Errors: 0 (0)
51/96 - Execution time: 6.8134 seconds
51/96 - Throughput: 293539 ops/sec
55/96 - Performed a throughput benchmark:
55/96 - Performed 2000000 find-or-put operations with random values from [0,...,38399999]
55/96 - Finds: 1599819 (0.79991), Inserts: 400181 (0.200091), Errors: 0 (0)
55/96 - Execution time: 6.87474 seconds
55/96 - Throughput: 290920 ops/sec
3/96 - Performed a throughput benchmark:
3/96 - Performed 2000000 find-or-put operations with random values from [0,...,38399999]
3/96 - Finds: 1595165 (0.797582), Inserts: 404835 (0.202418), Errors: 0 (0)
3/96 - Execution time: 6.82346 seconds
3/96 - Throughput: 293106 ops/sec
2/96 - Performed a throughput benchmark:
2/96 - Performed 2000000 find-or-put operations with random values from [0,...,38399999]
2/96 - Finds: 1598650 (0.799325), Inserts: 401350 (0.200675), Errors: 0 (0)
2/96 - Execution time: 6.8581 seconds
2/96 - Throughput: 291626 ops/sec
5/96 - Performed a throughput benchmark:
5/96 - Performed 2000000 find-or-put operations with random values from [0,...,38399999]
5/96 - Finds: 1598553 (0.799276), Inserts: 401447 (0.200723), Errors: 0 (0)
5/96 - Execution time: 6.86665 seconds
5/96 - Throughput: 291263 ops/sec
14/96 - Performed a throughput benchmark:
14/96 - Performed 2000000 find-or-put operations with random values from [0,...,38399999]
14/96 - Finds: 1597359 (0.798679), Inserts: 402641 (0.201321), Errors: 0 (0)
14/96 - Execution time: 6.83829 seconds
14/96 - Throughput: 292471 ops/sec
89/96 - Performed a throughput benchmark:
89/96 - Performed 2000000 find-or-put operations with random values from [0,...,38399999]
89/96 - Finds: 1595872 (0.797936), Inserts: 404128 (0.202064), Errors: 0 (0)
89/96 - Execution time: 6.829 seconds
89/96 - Throughput: 292869 ops/sec
7/96 - Performed a throughput benchmark:
7/96 - Performed 2000000 find-or-put operations with random values from [0,...,38399999]
7/96 - Finds: 1595411 (0.797705), Inserts: 404589 (0.202294), Errors: 0 (0)
7/96 - Execution time: 6.806 seconds
7/96 - Throughput: 293859 ops/sec
64/96 - Performed a throughput benchmark:
64/96 - Performed 2000000 find-or-put operations with random values from [0,...,38399999]
64/96 - Finds: 1597438 (0.798719), Inserts: 402562 (0.201281), Errors: 0 (0)
64/96 - Execution time: 6.84636 seconds
64/96 - Throughput: 292126 ops/sec
63/96 - Performed a throughput benchmark:
63/96 - Performed 2000000 find-or-put operations with random values from [0,...,38399999]
63/96 - Finds: 1595712 (0.797856), Inserts: 404288 (0.202144), Errors: 0 (0)
63/96 - Execution time: 6.8185 seconds
63/96 - Throughput: 293320 ops/sec
86/96 - Performed a throughput benchmark:
86/96 - Performed 2000000 find-or-put operations with random values from [0,...,38399999]
86/96 - Finds: 1595696 (0.797848), Inserts: 404304 (0.202152), Errors: 0 (0)
86/96 - Execution time: 6.83287 seconds
86/96 - Throughput: 292703 ops/sec
18/96 - Performed a throughput benchmark:
18/96 - Performed 2000000 find-or-put operations with random values from [0,...,38399999]
18/96 - Finds: 1596647 (0.798323), Inserts: 403353 (0.201677), Errors: 0 (0)
18/96 - Execution time: 6.82817 seconds
18/96 - Throughput: 292904 ops/sec
65/96 - Performed a throughput benchmark:
65/96 - Performed 2000000 find-or-put operations with random values from [0,...,38399999]
65/96 - Finds: 1594096 (0.797048), Inserts: 405904 (0.202952), Errors: 0 (0)
65/96 - Execution time: 6.80549 seconds
65/96 - Throughput: 293880 ops/sec
38/96 - Performed a throughput benchmark:
38/96 - Performed 2000000 find-or-put operations with random values from [0,...,38399999]
38/96 - Finds: 1600011 (0.800006), Inserts: 399989 (0.199994), Errors: 0 (0)
38/96 - Execution time: 6.90368 seconds
38/96 - Throughput: 289701 ops/sec
4/96 - Performed a throughput benchmark:
4/96 - Performed 2000000 find-or-put operations with random values from [0,...,38399999]
4/96 - Finds: 1595672 (0.797836), Inserts: 404328 (0.202164), Errors: 0 (0)
4/96 - Execution time: 6.8096 seconds
4/96 - Throughput: 293703 ops/sec
19/96 - Performed a throughput benchmark:
19/96 - Performed 2000000 find-or-put operations with random values from [0,...,38399999]
19/96 - Finds: 1597055 (0.798527), Inserts: 402945 (0.201472), Errors: 0 (0)
19/96 - Execution time: 6.81909 seconds
19/96 - Throughput: 293294 ops/sec
77/96 - Performed a throughput benchmark:
77/96 - Performed 2000000 find-or-put operations with random values from [0,...,38399999]
77/96 - Finds: 1598564 (0.799282), Inserts: 401436 (0.200718), Errors: 0 (0)
77/96 - Execution time: 6.84342 seconds
77/96 - Throughput: 292252 ops/sec
75/96 - Performed a throughput benchmark:
75/96 - Performed 2000000 find-or-put operations with random values from [0,...,38399999]
75/96 - Finds: 1596188 (0.798094), Inserts: 403812 (0.201906), Errors: 0 (0)
75/96 - Execution time: 6.8342 seconds
75/96 - Throughput: 292646 ops/sec
66/96 - Performed a throughput benchmark:
66/96 - Performed 2000000 find-or-put operations with random values from [0,...,38399999]
66/96 - Finds: 1595117 (0.797558), Inserts: 404883 (0.202441), Errors: 0 (0)
66/96 - Execution time: 6.80487 seconds
66/96 - Throughput: 293907 ops/sec
1/96 - Performed a throughput benchmark:
1/96 - Performed 2000000 find-or-put operations with random values from [0,...,38399999]
1/96 - Finds: 1596539 (0.798269), Inserts: 403461 (0.201731), Errors: 0 (0)
1/96 - Execution time: 6.81084 seconds
1/96 - Throughput: 293649 ops/sec
90/96 - Performed a throughput benchmark:
90/96 - Performed 2000000 find-or-put operations with random values from [0,...,38399999]
90/96 - Finds: 1598720 (0.79936), Inserts: 401280 (0.20064), Errors: 0 (0)
90/96 - Execution time: 6.89044 seconds
90/96 - Throughput: 290257 ops/sec
87/96 - Performed a throughput benchmark:
87/96 - Performed 2000000 find-or-put operations with random values from [0,...,38399999]
87/96 - Finds: 1595751 (0.797875), Inserts: 404249 (0.202125), Errors: 0 (0)
87/96 - Execution time: 6.82716 seconds
87/96 - Throughput: 292948 ops/sec
74/96 - Performed a throughput benchmark:
74/96 - Performed 2000000 find-or-put operations with random values from [0,...,38399999]
74/96 - Finds: 1598277 (0.799138), Inserts: 401723 (0.200861), Errors: 0 (0)
74/96 - Execution time: 6.84416 seconds
74/96 - Throughput: 292220 ops/sec
79/96 - Performed a throughput benchmark:
79/96 - Performed 2000000 find-or-put operations with random values from [0,...,38399999]
79/96 - Finds: 1597570 (0.798785), Inserts: 402430 (0.201215), Errors: 0 (0)
79/96 - Execution time: 6.83648 seconds
79/96 - Throughput: 292548 ops/sec
39/96 - Performed a throughput benchmark:
39/96 - Performed 2000000 find-or-put operations with random values from [0,...,38399999]
39/96 - Finds: 1601118 (0.800559), Inserts: 398882 (0.199441), Errors: 0 (0)
39/96 - Execution time: 6.90585 seconds
39/96 - Throughput: 289610 ops/sec
40/96 - Performed a throughput benchmark:
40/96 - Performed 2000000 find-or-put operations with random values from [0,...,38399999]
40/96 - Finds: 1598805 (0.799403), Inserts: 401195 (0.200598), Errors: 0 (0)
40/96 - Execution time: 6.8923 seconds
40/96 - Throughput: 290179 ops/sec
6/96 - Performed a throughput benchmark:
6/96 - Performed 2000000 find-or-put operations with random values from [0,...,38399999]
6/96 - Finds: 1594986 (0.797493), Inserts: 405014 (0.202507), Errors: 0 (0)
6/96 - Execution time: 6.82279 seconds
6/96 - Throughput: 293135 ops/sec
12/96 - Performed a throughput benchmark:
12/96 - Performed 2000000 find-or-put operations with random values from [0,...,38399999]
12/96 - Finds: 1600103 (0.800052), Inserts: 399897 (0.199949), Errors: 0 (0)
12/96 - Execution time: 6.87837 seconds
12/96 - Throughput: 290766 ops/sec
24/96 - Performed a throughput benchmark:
24/96 - Performed 2000000 find-or-put operations with random values from [0,...,38399999]
24/96 - Finds: 1598310 (0.799155), Inserts: 401690 (0.200845), Errors: 0 (0)
24/96 - Execution time: 6.8273 seconds
24/96 - Throughput: 292941 ops/sec
72/96 - Performed a throughput benchmark:
72/96 - Performed 2000000 find-or-put operations with random values from [0,...,38399999]
72/96 - Finds: 1598576 (0.799288), Inserts: 401424 (0.200712), Errors: 0 (0)
72/96 - Execution time: 6.85865 seconds
72/96 - Throughput: 291603 ops/sec
49/96 - Performed a throughput benchmark:
49/96 - Performed 2000000 find-or-put operations with random values from [0,...,38399999]
49/96 - Finds: 1596739 (0.798369), Inserts: 403261 (0.20163), Errors: 0 (0)
49/96 - Execution time: 6.81239 seconds
49/96 - Throughput: 293583 ops/sec
84/96 - Performed a throughput benchmark:
84/96 - Performed 2000000 find-or-put operations with random values from [0,...,38399999]
84/96 - Finds: 1593901 (0.796951), Inserts: 406099 (0.203049), Errors: 0 (0)
84/96 - Execution time: 6.82449 seconds
84/96 - Throughput: 293062 ops/sec
25/96 - Performed a throughput benchmark:
25/96 - Performed 2000000 find-or-put operations with random values from [0,...,38399999]
25/96 - Finds: 1599745 (0.799872), Inserts: 400255 (0.200128), Errors: 0 (0)
25/96 - Execution time: 6.86731 seconds
25/96 - Throughput: 291235 ops/sec
28/96 - Performed a throughput benchmark:
28/96 - Performed 2000000 find-or-put operations with random values from [0,...,38399999]
28/96 - Finds: 1596935 (0.798467), Inserts: 403065 (0.201533), Errors: 0 (0)
28/96 - Execution time: 6.83849 seconds
28/96 - Throughput: 292462 ops/sec
61/96 - Performed a throughput benchmark:
61/96 - Performed 2000000 find-or-put operations with random values from [0,...,38399999]
61/96 - Finds: 1599008 (0.799504), Inserts: 400992 (0.200496), Errors: 0 (0)
61/96 - Execution time: 6.87149 seconds
61/96 - Throughput: 291058 ops/sec
13/96 - Performed a throughput benchmark:
13/96 - Performed 2000000 find-or-put operations with random values from [0,...,38399999]
13/96 - Finds: 1598001 (0.799001), Inserts: 401999 (0.200999), Errors: 0 (0)
13/96 - Execution time: 6.85322 seconds
13/96 - Throughput: 291834 ops/sec
36/96 - Performed a throughput benchmark:
36/96 - Performed 2000000 find-or-put operations with random values from [0,...,38399999]
36/96 - Finds: 1602071 (0.801036), Inserts: 397929 (0.198964), Errors: 0 (0)
36/96 - Execution time: 6.92643 seconds
36/96 - Throughput: 288749 ops/sec
54/96 - Performed a throughput benchmark:
54/96 - Performed 2000000 find-or-put operations with random values from [0,...,38399999]
54/96 - Finds: 1599924 (0.799962), Inserts: 400076 (0.200038), Errors: 0 (0)
54/96 - Execution time: 6.88398 seconds
54/96 - Throughput: 290529 ops/sec
76/96 - Performed a throughput benchmark:
76/96 - Performed 2000000 find-or-put operations with random values from [0,...,38399999]
76/96 - Finds: 1599414 (0.799707), Inserts: 400586 (0.200293), Errors: 0 (0)
76/96 - Execution time: 6.87039 seconds
76/96 - Throughput: 291104 ops/sec
37/96 - Performed a throughput benchmark:
37/96 - Performed 2000000 find-or-put operations with random values from [0,...,38399999]
37/96 - Finds: 1600180 (0.80009), Inserts: 399820 (0.19991), Errors: 0 (0)
37/96 - Execution time: 6.91151 seconds
37/96 - Throughput: 289372 ops/sec
42/96 - Performed a throughput benchmark:
42/96 - Performed 2000000 find-or-put operations with random values from [0,...,38399999]
42/96 - Finds: 1599275 (0.799638), Inserts: 400725 (0.200362), Errors: 0 (0)
42/96 - Execution time: 6.90307 seconds
42/96 - Throughput: 289726 ops/sec
10/96 - Performed a throughput benchmark:
10/96 - Performed 2000000 find-or-put operations with random values from [0,...,38399999]
10/96 - Finds: 1608533 (0.804266), Inserts: 391467 (0.195734), Errors: 0 (0)
10/96 - Execution time: 7.01279 seconds
10/96 - Throughput: 285193 ops/sec
43/96 - Performed a throughput benchmark:
43/96 - Performed 2000000 find-or-put operations with random values from [0,...,38399999]
43/96 - Finds: 1602496 (0.801248), Inserts: 397504 (0.198752), Errors: 0 (0)
43/96 - Execution time: 6.91833 seconds
43/96 - Throughput: 289087 ops/sec
41/96 - Performed a throughput benchmark:
41/96 - Performed 2000000 find-or-put operations with random values from [0,...,38399999]
41/96 - Finds: 1600049 (0.800025), Inserts: 399951 (0.199976), Errors: 0 (0)
41/96 - Execution time: 6.91576 seconds
41/96 - Throughput: 289195 ops/sec
93/96 - Performed a throughput benchmark:
93/96 - Performed 2000000 find-or-put operations with random values from [0,...,38399999]
93/96 - Finds: 1608406 (0.804203), Inserts: 391594 (0.195797), Errors: 0 (0)
93/96 - Execution time: 7.10127 seconds
93/96 - Throughput: 281640 ops/sec
92/96 - Performed a throughput benchmark:
92/96 - Performed 2000000 find-or-put operations with random values from [0,...,38399999]
92/96 - Finds: 1612965 (0.806482), Inserts: 387035 (0.193518), Errors: 0 (0)
92/96 - Execution time: 7.13293 seconds
92/96 - Throughput: 280390 ops/sec
69/96 - Performed a throughput benchmark:
69/96 - Performed 2000000 find-or-put operations with random values from [0,...,38399999]
69/96 - Finds: 1609081 (0.80454), Inserts: 390919 (0.19546), Errors: 0 (0)
69/96 - Execution time: 7.07312 seconds
69/96 - Throughput: 282761 ops/sec
44/96 - Performed a throughput benchmark:
44/96 - Performed 2000000 find-or-put operations with random values from [0,...,38399999]
44/96 - Finds: 1607197 (0.803598), Inserts: 392803 (0.196402), Errors: 0 (0)
44/96 - Execution time: 7.05186 seconds
44/96 - Throughput: 283613 ops/sec
34/96 - Performed a throughput benchmark:
34/96 - Performed 2000000 find-or-put operations with random values from [0,...,38399999]
34/96 - Finds: 1611145 (0.805573), Inserts: 388855 (0.194428), Errors: 0 (0)
34/96 - Execution time: 7.09639 seconds
34/96 - Throughput: 281833 ops/sec
9/96 - Performed a throughput benchmark:
9/96 - Performed 2000000 find-or-put operations with random values from [0,...,38399999]
9/96 - Finds: 1613225 (0.806612), Inserts: 386775 (0.193387), Errors: 0 (0)
9/96 - Execution time: 7.13212 seconds
9/96 - Throughput: 280422 ops/sec
11/96 - Performed a throughput benchmark:
11/96 - Performed 2000000 find-or-put operations with random values from [0,...,38399999]
11/96 - Finds: 1610496 (0.805248), Inserts: 389504 (0.194752), Errors: 0 (0)
11/96 - Execution time: 7.10444 seconds
11/96 - Throughput: 281514 ops/sec
8/96 - Performed a throughput benchmark:
8/96 - Performed 2000000 find-or-put operations with random values from [0,...,38399999]
8/96 - Finds: 1617813 (0.808906), Inserts: 382187 (0.191093), Errors: 0 (0)
8/96 - Execution time: 7.14116 seconds
8/96 - Throughput: 280067 ops/sec
23/96 - Performed a throughput benchmark:
23/96 - Performed 2000000 find-or-put operations with random values from [0,...,38399999]
23/96 - Finds: 1612813 (0.806407), Inserts: 387187 (0.193594), Errors: 0 (0)
23/96 - Execution time: 7.12357 seconds
23/96 - Throughput: 280758 ops/sec
58/96 - Performed a throughput benchmark:
58/96 - Performed 2000000 find-or-put operations with random values from [0,...,38399999]
58/96 - Finds: 1613762 (0.806881), Inserts: 386238 (0.193119), Errors: 0 (0)
58/96 - Execution time: 7.18488 seconds
58/96 - Throughput: 278362 ops/sec
57/96 - Performed a throughput benchmark:
57/96 - Performed 2000000 find-or-put operations with random values from [0,...,38399999]
57/96 - Finds: 1611736 (0.805868), Inserts: 388264 (0.194132), Errors: 0 (0)
57/96 - Execution time: 7.13545 seconds
57/96 - Throughput: 280291 ops/sec
21/96 - Performed a throughput benchmark:
21/96 - Performed 2000000 find-or-put operations with random values from [0,...,38399999]
21/96 - Finds: 1617614 (0.808807), Inserts: 382386 (0.191193), Errors: 0 (0)
21/96 - Execution time: 7.1937 seconds
21/96 - Throughput: 278021 ops/sec
45/96 - Performed a throughput benchmark:
45/96 - Performed 2000000 find-or-put operations with random values from [0,...,38399999]
45/96 - Finds: 1610465 (0.805233), Inserts: 389535 (0.194768), Errors: 0 (0)
45/96 - Execution time: 7.15832 seconds
45/96 - Throughput: 279395 ops/sec
59/96 - Performed a throughput benchmark:
59/96 - Performed 2000000 find-or-put operations with random values from [0,...,38399999]
59/96 - Finds: 1613119 (0.806559), Inserts: 386881 (0.19344), Errors: 0 (0)
59/96 - Execution time: 7.1895 seconds
59/96 - Throughput: 278183 ops/sec
56/96 - Performed a throughput benchmark:
56/96 - Performed 2000000 find-or-put operations with random values from [0,...,38399999]
56/96 - Finds: 1613233 (0.806616), Inserts: 386767 (0.193384), Errors: 0 (0)
56/96 - Execution time: 7.14453 seconds
56/96 - Throughput: 279934 ops/sec
46/96 - Performed a throughput benchmark:
46/96 - Performed 2000000 find-or-put operations with random values from [0,...,38399999]
46/96 - Finds: 1611720 (0.80586), Inserts: 388280 (0.19414), Errors: 0 (0)
46/96 - Execution time: 7.17019 seconds
46/96 - Throughput: 278933 ops/sec
32/96 - Performed a throughput benchmark:
32/96 - Performed 2000000 find-or-put operations with random values from [0,...,38399999]
32/96 - Finds: 1619476 (0.809738), Inserts: 380524 (0.190262), Errors: 0 (0)
32/96 - Execution time: 7.22044 seconds
32/96 - Throughput: 276991 ops/sec
80/96 - Performed a throughput benchmark:
80/96 - Performed 2000000 find-or-put operations with random values from [0,...,38399999]
80/96 - Finds: 1616770 (0.808385), Inserts: 383230 (0.191615), Errors: 0 (0)
80/96 - Execution time: 7.18785 seconds
80/96 - Throughput: 278247 ops/sec
20/96 - Performed a throughput benchmark:
20/96 - Performed 2000000 find-or-put operations with random values from [0,...,38399999]
20/96 - Finds: 1617778 (0.808889), Inserts: 382222 (0.191111), Errors: 0 (0)
20/96 - Execution time: 7.22348 seconds
20/96 - Throughput: 276875 ops/sec
95/96 - Performed a throughput benchmark:
95/96 - Performed 2000000 find-or-put operations with random values from [0,...,38399999]
95/96 - Finds: 1607790 (0.803895), Inserts: 392210 (0.196105), Errors: 0 (0)
95/96 - Execution time: 7.11689 seconds
95/96 - Throughput: 281021 ops/sec
22/96 - Performed a throughput benchmark:
22/96 - Performed 2000000 find-or-put operations with random values from [0,...,38399999]
22/96 - Finds: 1612752 (0.806376), Inserts: 387248 (0.193624), Errors: 0 (0)
22/96 - Execution time: 7.12371 seconds
22/96 - Throughput: 280753 ops/sec
47/96 - Performed a throughput benchmark:
47/96 - Performed 2000000 find-or-put operations with random values from [0,...,38399999]
47/96 - Finds: 1606715 (0.803357), Inserts: 393285 (0.196642), Errors: 0 (0)
47/96 - Execution time: 7.12857 seconds
47/96 - Throughput: 280561 ops/sec
94/96 - Performed a throughput benchmark:
94/96 - Performed 2000000 find-or-put operations with random values from [0,...,38399999]
94/96 - Finds: 1615260 (0.80763), Inserts: 384740 (0.19237), Errors: 0 (0)
94/96 - Execution time: 7.20331 seconds
94/96 - Throughput: 277650 ops/sec
35/96 - Performed a throughput benchmark:
35/96 - Performed 2000000 find-or-put operations with random values from [0,...,38399999]
35/96 - Finds: 1619597 (0.809798), Inserts: 380403 (0.190201), Errors: 0 (0)
35/96 - Execution time: 7.21528 seconds
35/96 - Throughput: 277190 ops/sec
33/96 - Performed a throughput benchmark:
33/96 - Performed 2000000 find-or-put operations with random values from [0,...,38399999]
33/96 - Finds: 1616552 (0.808276), Inserts: 383448 (0.191724), Errors: 0 (0)
33/96 - Execution time: 7.19532 seconds
33/96 - Throughput: 277958 ops/sec
70/96 - Performed a throughput benchmark:
70/96 - Performed 2000000 find-or-put operations with random values from [0,...,38399999]
70/96 - Finds: 1615966 (0.807983), Inserts: 384034 (0.192017), Errors: 0 (0)
70/96 - Execution time: 7.1961 seconds
70/96 - Throughput: 277928 ops/sec
82/96 - Performed a throughput benchmark:
82/96 - Performed 2000000 find-or-put operations with random values from [0,...,38399999]
82/96 - Finds: 1616400 (0.8082), Inserts: 383600 (0.1918), Errors: 0 (0)
82/96 - Execution time: 7.1982 seconds
82/96 - Throughput: 277847 ops/sec
83/96 - Performed a throughput benchmark:
83/96 - Performed 2000000 find-or-put operations with random values from [0,...,38399999]
83/96 - Finds: 1616350 (0.808175), Inserts: 383650 (0.191825), Errors: 0 (0)
83/96 - Execution time: 7.1943 seconds
83/96 - Throughput: 277998 ops/sec
81/96 - Performed a throughput benchmark:
81/96 - Performed 2000000 find-or-put operations with random values from [0,...,38399999]
81/96 - Finds: 1616445 (0.808222), Inserts: 383555 (0.191777), Errors: 0 (0)
81/96 - Execution time: 7.20245 seconds
81/96 - Throughput: 277683 ops/sec
68/96 - Performed a throughput benchmark:
68/96 - Performed 2000000 find-or-put operations with random values from [0,...,38399999]
68/96 - Finds: 1617098 (0.808549), Inserts: 382902 (0.191451), Errors: 0 (0)
68/96 - Execution time: 7.20734 seconds
68/96 - Throughput: 277495 ops/sec
71/96 - Performed a throughput benchmark:
71/96 - Performed 2000000 find-or-put operations with random values from [0,...,38399999]
71/96 - Finds: 1615757 (0.807879), Inserts: 384243 (0.192122), Errors: 0 (0)
71/96 - Execution time: 7.18656 seconds
71/96 - Throughput: 278297 ops/sec
[1447430278.407823] [node008:8171 :0]         sys.c:719  MXM  WARN  Conflicting CPU frequencies detected, using: 2400.00
