[1447430328.596119] [node008:8857 :0]         sys.c:719  MXM  WARN  Conflicting CPU frequencies detected, using: 2769.56
[1447430328.601969] [node008:8857 :0]         mxm.c:185  MXM  WARN  The 'ulimit -s' on the system is set to 'unlimited'. This may have negative performance implications. Please set the heap size to the default value (10240) 
[1447430328.927773] [node009:14701:0]         sys.c:719  MXM  WARN  Conflicting CPU frequencies detected, using: 3199.97
[1447430328.933627] [node009:14701:0]         mxm.c:185  MXM  WARN  The 'ulimit -s' on the system is set to 'unlimited'. This may have negative performance implications. Please set the heap size to the default value (10240) 
[1447430328.929669] [node013:30460:0]         sys.c:719  MXM  WARN  Conflicting CPU frequencies detected, using: 3199.97
[1447430328.936278] [node013:30460:0]         mxm.c:185  MXM  WARN  The 'ulimit -s' on the system is set to 'unlimited'. This may have negative performance implications. Please set the heap size to the default value (10240) 
[1447430328.932536] [node011:19504:0]         sys.c:719  MXM  WARN  Conflicting CPU frequencies detected, using: 3186.19
[1447430328.939242] [node011:19504:0]         mxm.c:185  MXM  WARN  The 'ulimit -s' on the system is set to 'unlimited'. This may have negative performance implications. Please set the heap size to the default value (10240) 
[1447430328.942411] [node010:2067 :0]         sys.c:719  MXM  WARN  Conflicting CPU frequencies detected, using: 2928.84
[1447430328.946790] [node010:2067 :0]         mxm.c:185  MXM  WARN  The 'ulimit -s' on the system is set to 'unlimited'. This may have negative performance implications. Please set the heap size to the default value (10240) 
[1447430328.946456] [node014:10706:0]         sys.c:719  MXM  WARN  Conflicting CPU frequencies detected, using: 2685.84
[1447430328.950856] [node014:10706:0]         mxm.c:185  MXM  WARN  The 'ulimit -s' on the system is set to 'unlimited'. This may have negative performance implications. Please set the heap size to the default value (10240) 
[1447430328.937709] [node012:1663 :0]         sys.c:719  MXM  WARN  Conflicting CPU frequencies detected, using: 2999.91
[1447430328.944209] [node012:1663 :0]         mxm.c:185  MXM  WARN  The 'ulimit -s' on the system is set to 'unlimited'. This may have negative performance implications. Please set the heap size to the default value (10240) 
[1447430328.943600] [node015:19441:0]         sys.c:719  MXM  WARN  Conflicting CPU frequencies detected, using: 2940.56
[1447430328.949726] [node015:19441:0]         mxm.c:185  MXM  WARN  The 'ulimit -s' on the system is set to 'unlimited'. This may have negative performance implications. Please set the heap size to the default value (10240) 
[1447430328.953730] [node016:15835:0]         sys.c:719  MXM  WARN  Conflicting CPU frequencies detected, using: 1888.97
[1447430328.958020] [node016:15835:0]         mxm.c:185  MXM  WARN  The 'ulimit -s' on the system is set to 'unlimited'. This may have negative performance implications. Please set the heap size to the default value (10240) 
[1447430329.957505] [node018:12171:0]         sys.c:719  MXM  WARN  Conflicting CPU frequencies detected, using: 2090.06
[1447430329.964214] [node018:12171:0]         mxm.c:185  MXM  WARN  The 'ulimit -s' on the system is set to 'unlimited'. This may have negative performance implications. Please set the heap size to the default value (10240) 
[1447430329.962294] [node017:9722 :0]         sys.c:719  MXM  WARN  Conflicting CPU frequencies detected, using: 1947.19
[1447430329.969138] [node017:9722 :0]         mxm.c:185  MXM  WARN  The 'ulimit -s' on the system is set to 'unlimited'. This may have negative performance implications. Please set the heap size to the default value (10240) 
[1447430331.957491] [node019:17033:0]         sys.c:719  MXM  WARN  Conflicting CPU frequencies detected, using: 1996.22
[1447430331.962074] [node019:17033:0]         mxm.c:185  MXM  WARN  The 'ulimit -s' on the system is set to 'unlimited'. This may have negative performance implications. Please set the heap size to the default value (10240) 
UPCR: UPC thread  0 of 12 on node008 (pshm node  0 of 12, process  0 of 12, pid=8857)
UPCR: UPC thread  4 of 12 on node012 (pshm node  4 of 12, process  4 of 12, pid=1663)
UPCR: UPC thread  6 of 12 on node014 (pshm node  6 of 12, process  6 of 12, pid=10706)
UPCR: UPC thread  1 of 12 on node009 (pshm node  1 of 12, process  1 of 12, pid=14701)
UPCR: UPC thread  7 of 12 on node015 (pshm node  7 of 12, process  7 of 12, pid=19441)
UPCR: UPC thread  3 of 12 on node011 (pshm node  3 of 12, process  3 of 12, pid=19504)
UPCR: UPC thread  2 of 12 on node010 (pshm node  2 of 12, process  2 of 12, pid=2067)
UPCR: UPC thread  8 of 12 on node016 (pshm node  8 of 12, process  8 of 12, pid=15835)
UPCR: UPC thread 10 of 12 on node018 (pshm node 10 of 12, process 10 of 12, pid=12171)
UPCR: UPC thread  5 of 12 on node013 (pshm node  5 of 12, process  5 of 12, pid=30460)
UPCR: UPC thread 11 of 12 on node019 (pshm node 11 of 12, process 11 of 12, pid=17033)
UPCR: UPC thread  9 of 12 on node017 (pshm node  9 of 12, process  9 of 12, pid=9722)
0/12 - htable initialized
0/12 - table size: 12884901888 bytes (12288 MB)
0/12 - total number of buckets: 1610612736
0/12 - block size: 1073741824 (1024 MB)
0/12 - number of buckets in block: 134217728
0/12 - number of blocks: 12
8/12 - Performed a throughput benchmark:
8/12 - Performed 2000000 find-or-put operations with random values from [0,...,4799999]
8/12 - Finds: 1598645 (0.799323), Inserts: 401355 (0.200678), Errors: 0 (0)
8/12 - Execution time: 4.81366 seconds
8/12 - Throughput: 415485 ops/sec
10/12 - Performed a throughput benchmark:
10/12 - Performed 2000000 find-or-put operations with random values from [0,...,4799999]
10/12 - Finds: 1602957 (0.801478), Inserts: 397043 (0.198521), Errors: 0 (0)
10/12 - Execution time: 4.84474 seconds
10/12 - Throughput: 412819 ops/sec
9/12 - Performed a throughput benchmark:
9/12 - Performed 2000000 find-or-put operations with random values from [0,...,4799999]
9/12 - Finds: 1603122 (0.801561), Inserts: 396878 (0.198439), Errors: 0 (0)
9/12 - Execution time: 4.85432 seconds
9/12 - Throughput: 412004 ops/sec
0/12 - Performed a throughput benchmark:
0/12 - Performed 2000000 find-or-put operations with random values from [0,...,4799999]
0/12 - Finds: 1601607 (0.800804), Inserts: 398393 (0.199196), Errors: 0 (0)
0/12 - Execution time: 4.82939 seconds
0/12 - Throughput: 414131 ops/sec
3/12 - Performed a throughput benchmark:
3/12 - Performed 2000000 find-or-put operations with random values from [0,...,4799999]
3/12 - Finds: 1603304 (0.801652), Inserts: 396696 (0.198348), Errors: 0 (0)
3/12 - Execution time: 4.83919 seconds
3/12 - Throughput: 413292 ops/sec
11/12 - Performed a throughput benchmark:
11/12 - Performed 2000000 find-or-put operations with random values from [0,...,4799999]
11/12 - Finds: 1604452 (0.802226), Inserts: 395548 (0.197774), Errors: 0 (0)
11/12 - Execution time: 4.84281 seconds
11/12 - Throughput: 412983 ops/sec
1/12 - Performed a throughput benchmark:
1/12 - Performed 2000000 find-or-put operations with random values from [0,...,4799999]
1/12 - Finds: 1602206 (0.801103), Inserts: 397794 (0.198897), Errors: 0 (0)
1/12 - Execution time: 4.83664 seconds
1/12 - Throughput: 413510 ops/sec
7/12 - Performed a throughput benchmark:
7/12 - Performed 2000000 find-or-put operations with random values from [0,...,4799999]
7/12 - Finds: 1603407 (0.801704), Inserts: 396593 (0.198296), Errors: 0 (0)
7/12 - Execution time: 4.85997 seconds
7/12 - Throughput: 411526 ops/sec
4/12 - Performed a throughput benchmark:
4/12 - Performed 2000000 find-or-put operations with random values from [0,...,4799999]
4/12 - Finds: 1603095 (0.801547), Inserts: 396905 (0.198453), Errors: 0 (0)
4/12 - Execution time: 4.83867 seconds
4/12 - Throughput: 413337 ops/sec
6/12 - Performed a throughput benchmark:
6/12 - Performed 2000000 find-or-put operations with random values from [0,...,4799999]
6/12 - Finds: 1604103 (0.802052), Inserts: 395897 (0.197948), Errors: 0 (0)
6/12 - Execution time: 4.8449 seconds
6/12 - Throughput: 412806 ops/sec
5/12 - Performed a throughput benchmark:
5/12 - Performed 2000000 find-or-put operations with random values from [0,...,4799999]
5/12 - Finds: 1602369 (0.801184), Inserts: 397631 (0.198816), Errors: 0 (0)
5/12 - Execution time: 4.84596 seconds
5/12 - Throughput: 412715 ops/sec
2/12 - Performed a throughput benchmark:
2/12 - Performed 2000000 find-or-put operations with random values from [0,...,4799999]
2/12 - Finds: 1602740 (0.80137), Inserts: 397260 (0.19863), Errors: 0 (0)
2/12 - Execution time: 4.83346 seconds
2/12 - Throughput: 413782 ops/sec
[1447430328.579337] [node008:8812 :0]         sys.c:719  MXM  WARN  Conflicting CPU frequencies detected, using: 3198.47
