[1447430158.110448] [node008:7242 :0]         sys.c:719  MXM  WARN  Conflicting CPU frequencies detected, using: 2467.97
[1447430158.176982] [node008:7242 :0]         mxm.c:185  MXM  WARN  The 'ulimit -s' on the system is set to 'unlimited'. This may have negative performance implications. Please set the heap size to the default value (10240) 
[1447430158.108907] [node008:7233 :0]         sys.c:719  MXM  WARN  Conflicting CPU frequencies detected, using: 2467.97
[1447430158.131118] [node008:7233 :0]         mxm.c:185  MXM  WARN  The 'ulimit -s' on the system is set to 'unlimited'. This may have negative performance implications. Please set the heap size to the default value (10240) 
[1447430158.109007] [node008:7239 :0]         sys.c:719  MXM  WARN  Conflicting CPU frequencies detected, using: 2467.97
[1447430158.140698] [node008:7239 :0]         mxm.c:185  MXM  WARN  The 'ulimit -s' on the system is set to 'unlimited'. This may have negative performance implications. Please set the heap size to the default value (10240) 
[1447430158.107474] [node008:7232 :0]         sys.c:719  MXM  WARN  Conflicting CPU frequencies detected, using: 2467.97
[1447430158.139639] [node008:7232 :0]         mxm.c:185  MXM  WARN  The 'ulimit -s' on the system is set to 'unlimited'. This may have negative performance implications. Please set the heap size to the default value (10240) 
[1447430158.109391] [node008:7237 :0]         sys.c:719  MXM  WARN  Conflicting CPU frequencies detected, using: 2467.97
[1447430158.143710] [node008:7237 :0]         mxm.c:185  MXM  WARN  The 'ulimit -s' on the system is set to 'unlimited'. This may have negative performance implications. Please set the heap size to the default value (10240) 
[1447430158.109077] [node008:7240 :0]         sys.c:719  MXM  WARN  Conflicting CPU frequencies detected, using: 2467.97
[1447430158.147746] [node008:7240 :0]         mxm.c:185  MXM  WARN  The 'ulimit -s' on the system is set to 'unlimited'. This may have negative performance implications. Please set the heap size to the default value (10240) 
[1447430158.111381] [node008:7243 :0]         sys.c:719  MXM  WARN  Conflicting CPU frequencies detected, using: 2467.97
[1447430158.146995] [node008:7243 :0]         mxm.c:185  MXM  WARN  The 'ulimit -s' on the system is set to 'unlimited'. This may have negative performance implications. Please set the heap size to the default value (10240) 
[1447430158.109494] [node008:7234 :0]         sys.c:719  MXM  WARN  Conflicting CPU frequencies detected, using: 2467.97
[1447430158.160737] [node008:7234 :0]         mxm.c:185  MXM  WARN  The 'ulimit -s' on the system is set to 'unlimited'. This may have negative performance implications. Please set the heap size to the default value (10240) 
[1447430158.109650] [node008:7238 :0]         sys.c:719  MXM  WARN  Conflicting CPU frequencies detected, using: 2467.97
[1447430158.142957] [node008:7238 :0]         mxm.c:185  MXM  WARN  The 'ulimit -s' on the system is set to 'unlimited'. This may have negative performance implications. Please set the heap size to the default value (10240) 
[1447430158.108056] [node008:7236 :0]         sys.c:719  MXM  WARN  Conflicting CPU frequencies detected, using: 2467.97
[1447430158.132644] [node008:7236 :0]         mxm.c:185  MXM  WARN  The 'ulimit -s' on the system is set to 'unlimited'. This may have negative performance implications. Please set the heap size to the default value (10240) 
[1447430158.109766] [node008:7235 :0]         sys.c:719  MXM  WARN  Conflicting CPU frequencies detected, using: 2467.97
[1447430158.159963] [node008:7235 :0]         mxm.c:185  MXM  WARN  The 'ulimit -s' on the system is set to 'unlimited'. This may have negative performance implications. Please set the heap size to the default value (10240) 
[1447430158.110238] [node008:7241 :0]         sys.c:719  MXM  WARN  Conflicting CPU frequencies detected, using: 2467.97
[1447430158.151157] [node008:7241 :0]         mxm.c:185  MXM  WARN  The 'ulimit -s' on the system is set to 'unlimited'. This may have negative performance implications. Please set the heap size to the default value (10240) 
[1447430158.502189] [node009:8507 :0]         sys.c:719  MXM  WARN  Conflicting CPU frequencies detected, using: 2400.00
[1447430158.507426] [node009:8507 :0]         mxm.c:185  MXM  WARN  The 'ulimit -s' on the system is set to 'unlimited'. This may have negative performance implications. Please set the heap size to the default value (10240) 
[1447430158.529197] [node009:8510 :0]         sys.c:719  MXM  WARN  Conflicting CPU frequencies detected, using: 2400.19
[1447430158.536095] [node009:8510 :0]         mxm.c:185  MXM  WARN  The 'ulimit -s' on the system is set to 'unlimited'. This may have negative performance implications. Please set the heap size to the default value (10240) 
[1447430158.572014] [node011:13300:0]         sys.c:719  MXM  WARN  Conflicting CPU frequencies detected, using: 2595.00
[1447430158.576952] [node011:13300:0]         mxm.c:185  MXM  WARN  The 'ulimit -s' on the system is set to 'unlimited'. This may have negative performance implications. Please set the heap size to the default value (10240) 
[1447430158.584763] [node010:28248:0]         sys.c:719  MXM  WARN  Conflicting CPU frequencies detected, using: 2677.12
[1447430158.588324] [node010:28248:0]         mxm.c:185  MXM  WARN  The 'ulimit -s' on the system is set to 'unlimited'. This may have negative performance implications. Please set the heap size to the default value (10240) 
[1447430158.603499] [node010:28267:0]         sys.c:719  MXM  WARN  Conflicting CPU frequencies detected, using: 2609.16
[1447430158.606283] [node010:28267:0]         mxm.c:185  MXM  WARN  The 'ulimit -s' on the system is set to 'unlimited'. This may have negative performance implications. Please set the heap size to the default value (10240) 
[1447430158.586055] [node011:13302:0]         sys.c:719  MXM  WARN  Conflicting CPU frequencies detected, using: 2639.44
[1447430158.590847] [node011:13302:0]         mxm.c:185  MXM  WARN  The 'ulimit -s' on the system is set to 'unlimited'. This may have negative performance implications. Please set the heap size to the default value (10240) 
[1447430158.560711] [node009:8528 :0]         sys.c:719  MXM  WARN  Conflicting CPU frequencies detected, using: 2400.09
[1447430158.569428] [node009:8528 :0]         mxm.c:185  MXM  WARN  The 'ulimit -s' on the system is set to 'unlimited'. This may have negative performance implications. Please set the heap size to the default value (10240) 
[1447430158.602945] [node010:28265:0]         sys.c:719  MXM  WARN  Conflicting CPU frequencies detected, using: 2609.16
[1447430158.607765] [node010:28265:0]         mxm.c:185  MXM  WARN  The 'ulimit -s' on the system is set to 'unlimited'. This may have negative performance implications. Please set the heap size to the default value (10240) 
[1447430158.560711] [node009:8518 :0]         sys.c:719  MXM  WARN  Conflicting CPU frequencies detected, using: 2400.09
[1447430158.568697] [node009:8518 :0]         mxm.c:185  MXM  WARN  The 'ulimit -s' on the system is set to 'unlimited'. This may have negative performance implications. Please set the heap size to the default value (10240) 
[1447430158.611802] [node010:28269:0]         sys.c:719  MXM  WARN  Conflicting CPU frequencies detected, using: 2609.16
[1447430158.614753] [node010:28269:0]         mxm.c:185  MXM  WARN  The 'ulimit -s' on the system is set to 'unlimited'. This may have negative performance implications. Please set the heap size to the default value (10240) 
[1447430158.612875] [node010:28260:0]         sys.c:719  MXM  WARN  Conflicting CPU frequencies detected, using: 2654.06
[1447430158.615533] [node010:28260:0]         mxm.c:185  MXM  WARN  The 'ulimit -s' on the system is set to 'unlimited'. This may have negative performance implications. Please set the heap size to the default value (10240) 
[1447430158.608390] [node010:28278:0]         sys.c:719  MXM  WARN  Conflicting CPU frequencies detected, using: 2609.16
[1447430158.611619] [node010:28278:0]         mxm.c:185  MXM  WARN  The 'ulimit -s' on the system is set to 'unlimited'. This may have negative performance implications. Please set the heap size to the default value (10240) 
[1447430158.608449] [node010:28271:0]         sys.c:719  MXM  WARN  Conflicting CPU frequencies detected, using: 2609.16
[1447430158.611845] [node010:28271:0]         mxm.c:185  MXM  WARN  The 'ulimit -s' on the system is set to 'unlimited'. This may have negative performance implications. Please set the heap size to the default value (10240) 
[1447430158.606960] [node010:28261:0]         sys.c:719  MXM  WARN  Conflicting CPU frequencies detected, using: 2609.16
[1447430158.611461] [node010:28261:0]         mxm.c:185  MXM  WARN  The 'ulimit -s' on the system is set to 'unlimited'. This may have negative performance implications. Please set the heap size to the default value (10240) 
[1447430158.565167] [node009:8544 :0]         sys.c:719  MXM  WARN  Conflicting CPU frequencies detected, using: 2400.09
[1447430158.572682] [node009:8544 :0]         mxm.c:185  MXM  WARN  The 'ulimit -s' on the system is set to 'unlimited'. This may have negative performance implications. Please set the heap size to the default value (10240) 
[1447430158.570121] [node009:8588 :0]         sys.c:719  MXM  WARN  Conflicting CPU frequencies detected, using: 2400.09
[1447430158.587522] [node009:8588 :0]         mxm.c:185  MXM  WARN  The 'ulimit -s' on the system is set to 'unlimited'. This may have negative performance implications. Please set the heap size to the default value (10240) 
[1447430158.615393] [node010:28268:0]         sys.c:719  MXM  WARN  Conflicting CPU frequencies detected, using: 2654.06
[1447430158.619093] [node010:28268:0]         mxm.c:185  MXM  WARN  The 'ulimit -s' on the system is set to 'unlimited'. This may have negative performance implications. Please set the heap size to the default value (10240) 
[1447430158.592982] [node009:8608 :0]         sys.c:719  MXM  WARN  Conflicting CPU frequencies detected, using: 2400.00
[1447430158.615009] [node009:8608 :0]         mxm.c:185  MXM  WARN  The 'ulimit -s' on the system is set to 'unlimited'. This may have negative performance implications. Please set the heap size to the default value (10240) 
[1447430158.577073] [node009:8609 :0]         sys.c:719  MXM  WARN  Conflicting CPU frequencies detected, using: 2400.19
[1447430158.599660] [node009:8609 :0]         mxm.c:185  MXM  WARN  The 'ulimit -s' on the system is set to 'unlimited'. This may have negative performance implications. Please set the heap size to the default value (10240) 
[1447430158.571727] [node009:8606 :0]         sys.c:719  MXM  WARN  Conflicting CPU frequencies detected, using: 2400.09
[1447430158.598118] [node009:8606 :0]         mxm.c:185  MXM  WARN  The 'ulimit -s' on the system is set to 'unlimited'. This may have negative performance implications. Please set the heap size to the default value (10240) 
[1447430158.624196] [node010:28270:0]         sys.c:719  MXM  WARN  Conflicting CPU frequencies detected, using: 2654.06
[1447430158.627214] [node010:28270:0]         mxm.c:185  MXM  WARN  The 'ulimit -s' on the system is set to 'unlimited'. This may have negative performance implications. Please set the heap size to the default value (10240) 
[1447430158.585597] [node009:8526 :0]         sys.c:719  MXM  WARN  Conflicting CPU frequencies detected, using: 2400.19
[1447430158.604628] [node009:8526 :0]         mxm.c:185  MXM  WARN  The 'ulimit -s' on the system is set to 'unlimited'. This may have negative performance implications. Please set the heap size to the default value (10240) 
[1447430158.606310] [node011:13423:0]         sys.c:719  MXM  WARN  Conflicting CPU frequencies detected, using: 2627.62
[1447430158.626057] [node011:13423:0]         mxm.c:185  MXM  WARN  The 'ulimit -s' on the system is set to 'unlimited'. This may have negative performance implications. Please set the heap size to the default value (10240) 
[1447430158.571685] [node009:8610 :0]         sys.c:719  MXM  WARN  Conflicting CPU frequencies detected, using: 2400.09
[1447430158.593901] [node009:8610 :0]         mxm.c:185  MXM  WARN  The 'ulimit -s' on the system is set to 'unlimited'. This may have negative performance implications. Please set the heap size to the default value (10240) 
[1447430158.569981] [node009:8532 :0]         sys.c:719  MXM  WARN  Conflicting CPU frequencies detected, using: 2400.09
[1447430158.581026] [node009:8532 :0]         mxm.c:185  MXM  WARN  The 'ulimit -s' on the system is set to 'unlimited'. This may have negative performance implications. Please set the heap size to the default value (10240) 
[1447430158.600287] [node011:13339:0]         sys.c:719  MXM  WARN  Conflicting CPU frequencies detected, using: 2605.78
[1447430158.637738] [node011:13339:0]         mxm.c:185  MXM  WARN  The 'ulimit -s' on the system is set to 'unlimited'. This may have negative performance implications. Please set the heap size to the default value (10240) 
[1447430158.624163] [node010:28277:0]         sys.c:719  MXM  WARN  Conflicting CPU frequencies detected, using: 2654.06
[1447430158.628719] [node010:28277:0]         mxm.c:185  MXM  WARN  The 'ulimit -s' on the system is set to 'unlimited'. This may have negative performance implications. Please set the heap size to the default value (10240) 
[1447430158.639513] [node010:28276:0]         sys.c:719  MXM  WARN  Conflicting CPU frequencies detected, using: 2654.06
[1447430158.642987] [node010:28276:0]         mxm.c:185  MXM  WARN  The 'ulimit -s' on the system is set to 'unlimited'. This may have negative performance implications. Please set the heap size to the default value (10240) 
[1447430158.599388] [node011:13301:0]         sys.c:719  MXM  WARN  Conflicting CPU frequencies detected, using: 2605.78
[1447430158.612363] [node011:13301:0]         mxm.c:185  MXM  WARN  The 'ulimit -s' on the system is set to 'unlimited'. This may have negative performance implications. Please set the heap size to the default value (10240) 
[1447430158.612607] [node011:13387:0]         sys.c:719  MXM  WARN  Conflicting CPU frequencies detected, using: 2627.62
[1447430158.639252] [node011:13387:0]         mxm.c:185  MXM  WARN  The 'ulimit -s' on the system is set to 'unlimited'. This may have negative performance implications. Please set the heap size to the default value (10240) 
[1447430158.592782] [node011:13303:0]         sys.c:719  MXM  WARN  Conflicting CPU frequencies detected, using: 2677.22
[1447430158.605792] [node011:13303:0]         mxm.c:185  MXM  WARN  The 'ulimit -s' on the system is set to 'unlimited'. This may have negative performance implications. Please set the heap size to the default value (10240) 
[1447430158.594281] [node011:13318:0]         sys.c:719  MXM  WARN  Conflicting CPU frequencies detected, using: 2677.22
[1447430158.632849] [node011:13318:0]         mxm.c:185  MXM  WARN  The 'ulimit -s' on the system is set to 'unlimited'. This may have negative performance implications. Please set the heap size to the default value (10240) 
[1447430158.591701] [node011:13316:0]         sys.c:719  MXM  WARN  Conflicting CPU frequencies detected, using: 2677.22
[1447430158.601943] [node011:13316:0]         mxm.c:185  MXM  WARN  The 'ulimit -s' on the system is set to 'unlimited'. This may have negative performance implications. Please set the heap size to the default value (10240) 
[1447430158.598770] [node011:13421:0]         sys.c:719  MXM  WARN  Conflicting CPU frequencies detected, using: 2605.78
[1447430158.613883] [node011:13421:0]         mxm.c:185  MXM  WARN  The 'ulimit -s' on the system is set to 'unlimited'. This may have negative performance implications. Please set the heap size to the default value (10240) 
[1447430158.612103] [node011:13422:0]         sys.c:719  MXM  WARN  Conflicting CPU frequencies detected, using: 2627.62
[1447430158.647120] [node011:13422:0]         mxm.c:185  MXM  WARN  The 'ulimit -s' on the system is set to 'unlimited'. This may have negative performance implications. Please set the heap size to the default value (10240) 
[1447430158.600149] [node011:13321:0]         sys.c:719  MXM  WARN  Conflicting CPU frequencies detected, using: 2605.78
[1447430158.635222] [node011:13321:0]         mxm.c:185  MXM  WARN  The 'ulimit -s' on the system is set to 'unlimited'. This may have negative performance implications. Please set the heap size to the default value (10240) 
UPCR: UPC thread  1 of 48 on node008 (pshm node 0 of 4, process  1 of 48, pid=7233)
UPCR: UPC thread  2 of 48 on node008 (pshm node 0 of 4, process  2 of 48, pid=7234)
UPCR: UPC thread 11 of 48 on node008 (pshm node 0 of 4, process 11 of 48, pid=7243)
UPCR: UPC thread  4 of 48 on node008 (pshm node 0 of 4, process  4 of 48, pid=7236)
UPCR: UPC thread  8 of 48 on node008 (pshm node 0 of 4, process  8 of 48, pid=7240)
UPCR: UPC thread  3 of 48 on node008 (pshm node 0 of 4, process  3 of 48, pid=7235)
UPCR: UPC thread  0 of 48 on node008 (pshm node 0 of 4, process  0 of 48, pid=7232)
UPCR: UPC thread  5 of 48 on node008 (pshm node 0 of 4, process  5 of 48, pid=7237)
UPCR: UPC thread 10 of 48 on node008 (pshm node 0 of 4, process 10 of 48, pid=7242)
UPCR: UPC thread  9 of 48 on node008 (pshm node 0 of 4, process  9 of 48, pid=7241)
UPCR: UPC thread  7 of 48 on node008 (pshm node 0 of 4, process  7 of 48, pid=7239)
UPCR: UPC thread  6 of 48 on node008 (pshm node 0 of 4, process  6 of 48, pid=7238)
UPCR: UPC thread 44 of 48 on node011 (pshm node 3 of 4, process 44 of 48, pid=13303)
UPCR: UPC thread 40 of 48 on node011 (pshm node 3 of 4, process 40 of 48, pid=13316)
UPCR: UPC thread 47 of 48 on node011 (pshm node 3 of 4, process 47 of 48, pid=13421)
UPCR: UPC thread 38 of 48 on node011 (pshm node 3 of 4, process 38 of 48, pid=13318)
UPCR: UPC thread 46 of 48 on node011 (pshm node 3 of 4, process 46 of 48, pid=13339)
UPCR: UPC thread 39 of 48 on node011 (pshm node 3 of 4, process 39 of 48, pid=13423)
UPCR: UPC thread 43 of 48 on node011 (pshm node 3 of 4, process 43 of 48, pid=13321)
UPCR: UPC thread 23 of 48 on node009 (pshm node 1 of 4, process 23 of 48, pid=8608)
UPCR: UPC thread 36 of 48 on node011 (pshm node 3 of 4, process 36 of 48, pid=13302)
UPCR: UPC thread 45 of 48 on node011 (pshm node 3 of 4, process 45 of 48, pid=13422)
UPCR: UPC thread 24 of 48 on node010 (pshm node 2 of 4, process 24 of 48, pid=28271)
UPCR: UPC thread 15 of 48 on node009 (pshm node 1 of 4, process 15 of 48, pid=8606)
UPCR: UPC thread 20 of 48 on node009 (pshm node 1 of 4, process 20 of 48, pid=8526)
UPCR: UPC thread 12 of 48 on node009 (pshm node 1 of 4, process 12 of 48, pid=8507)
UPCR: UPC thread 34 of 48 on node010 (pshm node 2 of 4, process 34 of 48, pid=28270)
UPCR: UPC thread 42 of 48 on node011 (pshm node 3 of 4, process 42 of 48, pid=13387)
UPCR: UPC thread 33 of 48 on node010 (pshm node 2 of 4, process 33 of 48, pid=28276)
UPCR: UPC thread 13 of 48 on node009 (pshm node 1 of 4, process 13 of 48, pid=8532)
UPCR: UPC thread 41 of 48 on node011 (pshm node 3 of 4, process 41 of 48, pid=13300)
UPCR: UPC thread 17 of 48 on node009 (pshm node 1 of 4, process 17 of 48, pid=8588)
UPCR: UPC thread 31 of 48 on node010 (pshm node 2 of 4, process 31 of 48, pid=28268)
UPCR: UPC thread 35 of 48 on node010 (pshm node 2 of 4, process 35 of 48, pid=28277)
UPCR: UPC thread 32 of 48 on node010 (pshm node 2 of 4, process 32 of 48, pid=28278)
UPCR: UPC thread 18 of 48 on node009 (pshm node 1 of 4, process 18 of 48, pid=8544)
UPCR: UPC thread 30 of 48 on node010 (pshm node 2 of 4, process 30 of 48, pid=28267)
UPCR: UPC thread 21 of 48 on node009 (pshm node 1 of 4, process 21 of 48, pid=8528)
UPCR: UPC thread 27 of 48 on node010 (pshm node 2 of 4, process 27 of 48, pid=28265)
UPCR: UPC thread 37 of 48 on node011 (pshm node 3 of 4, process 37 of 48, pid=13301)
UPCR: UPC thread 14 of 48 on node009 (pshm node 1 of 4, process 14 of 48, pid=8610)
UPCR: UPC thread 26 of 48 on node010 (pshm node 2 of 4, process 26 of 48, pid=28261)
UPCR: UPC thread 28 of 48 on node010 (pshm node 2 of 4, process 28 of 48, pid=28248)
UPCR: UPC thread 29 of 48 on node010 (pshm node 2 of 4, process 29 of 48, pid=28260)
UPCR: UPC thread 25 of 48 on node010 (pshm node 2 of 4, process 25 of 48, pid=28269)
UPCR: UPC thread 19 of 48 on node009 (pshm node 1 of 4, process 19 of 48, pid=8609)
UPCR: UPC thread 22 of 48 on node009 (pshm node 1 of 4, process 22 of 48, pid=8510)
UPCR: UPC thread 16 of 48 on node009 (pshm node 1 of 4, process 16 of 48, pid=8518)
0/48 - htable initialized
0/48 - table size: 51539607552 bytes (49152 MB)
0/48 - total number of buckets: 6442450944
0/48 - block size: 1073741824 (1024 MB)
0/48 - number of buckets in block: 134217728
0/48 - number of blocks: 48
29/48 - Performed a throughput benchmark:
29/48 - Performed 2000000 find-or-put operations with random values from [0,...,19199999]
29/48 - Finds: 1593681 (0.79684), Inserts: 406319 (0.203159), Errors: 0 (0)
29/48 - Execution time: 6.01925 seconds
29/48 - Throughput: 332267 ops/sec
25/48 - Performed a throughput benchmark:
25/48 - Performed 2000000 find-or-put operations with random values from [0,...,19199999]
25/48 - Finds: 1595899 (0.797949), Inserts: 404101 (0.20205), Errors: 0 (0)
25/48 - Execution time: 6.0405 seconds
25/48 - Throughput: 331099 ops/sec
24/48 - Performed a throughput benchmark:
24/48 - Performed 2000000 find-or-put operations with random values from [0,...,19199999]
24/48 - Finds: 1595319 (0.797659), Inserts: 404681 (0.202341), Errors: 0 (0)
24/48 - Execution time: 6.03427 seconds
24/48 - Throughput: 331440 ops/sec
14/48 - Performed a throughput benchmark:
14/48 - Performed 2000000 find-or-put operations with random values from [0,...,19199999]
14/48 - Finds: 1596051 (0.798026), Inserts: 403949 (0.201975), Errors: 0 (0)
14/48 - Execution time: 6.03879 seconds
14/48 - Throughput: 331192 ops/sec
13/48 - Performed a throughput benchmark:
13/48 - Performed 2000000 find-or-put operations with random values from [0,...,19199999]
13/48 - Finds: 1595979 (0.79799), Inserts: 404021 (0.202011), Errors: 0 (0)
13/48 - Execution time: 6.03673 seconds
13/48 - Throughput: 331305 ops/sec
1/48 - Performed a throughput benchmark:
1/48 - Performed 2000000 find-or-put operations with random values from [0,...,19199999]
1/48 - Finds: 1596402 (0.798201), Inserts: 403598 (0.201799), Errors: 0 (0)
1/48 - Execution time: 6.05985 seconds
1/48 - Throughput: 330041 ops/sec
6/48 - Performed a throughput benchmark:
6/48 - Performed 2000000 find-or-put operations with random values from [0,...,19199999]
6/48 - Finds: 1593917 (0.796959), Inserts: 406083 (0.203042), Errors: 0 (0)
6/48 - Execution time: 6.05792 seconds
6/48 - Throughput: 330146 ops/sec
2/48 - Performed a throughput benchmark:
2/48 - Performed 2000000 find-or-put operations with random values from [0,...,19199999]
2/48 - Finds: 1594934 (0.797467), Inserts: 405066 (0.202533), Errors: 0 (0)
2/48 - Execution time: 6.04513 seconds
2/48 - Throughput: 330845 ops/sec
7/48 - Performed a throughput benchmark:
7/48 - Performed 2000000 find-or-put operations with random values from [0,...,19199999]
7/48 - Finds: 1594396 (0.797198), Inserts: 405604 (0.202802), Errors: 0 (0)
7/48 - Execution time: 6.04582 seconds
7/48 - Throughput: 330807 ops/sec
4/48 - Performed a throughput benchmark:
4/48 - Performed 2000000 find-or-put operations with random values from [0,...,19199999]
4/48 - Finds: 1595395 (0.797697), Inserts: 404605 (0.202302), Errors: 0 (0)
4/48 - Execution time: 6.04234 seconds
4/48 - Throughput: 330998 ops/sec
15/48 - Performed a throughput benchmark:
15/48 - Performed 2000000 find-or-put operations with random values from [0,...,19199999]
15/48 - Finds: 1595766 (0.797883), Inserts: 404234 (0.202117), Errors: 0 (0)
15/48 - Execution time: 6.04303 seconds
15/48 - Throughput: 330960 ops/sec
3/48 - Performed a throughput benchmark:
3/48 - Performed 2000000 find-or-put operations with random values from [0,...,19199999]
3/48 - Finds: 1596567 (0.798284), Inserts: 403433 (0.201716), Errors: 0 (0)
3/48 - Execution time: 6.07327 seconds
3/48 - Throughput: 329312 ops/sec
19/48 - Performed a throughput benchmark:
19/48 - Performed 2000000 find-or-put operations with random values from [0,...,19199999]
19/48 - Finds: 1595597 (0.797798), Inserts: 404403 (0.202202), Errors: 0 (0)
19/48 - Execution time: 6.04422 seconds
19/48 - Throughput: 330895 ops/sec
28/48 - Performed a throughput benchmark:
28/48 - Performed 2000000 find-or-put operations with random values from [0,...,19199999]
28/48 - Finds: 1594825 (0.797412), Inserts: 405175 (0.202588), Errors: 0 (0)
28/48 - Execution time: 6.02349 seconds
28/48 - Throughput: 332033 ops/sec
12/48 - Performed a throughput benchmark:
12/48 - Performed 2000000 find-or-put operations with random values from [0,...,19199999]
12/48 - Finds: 1596432 (0.798216), Inserts: 403568 (0.201784), Errors: 0 (0)
12/48 - Execution time: 6.04703 seconds
12/48 - Throughput: 330741 ops/sec
17/48 - Performed a throughput benchmark:
17/48 - Performed 2000000 find-or-put operations with random values from [0,...,19199999]
17/48 - Finds: 1598641 (0.79932), Inserts: 401359 (0.20068), Errors: 0 (0)
17/48 - Execution time: 6.08561 seconds
17/48 - Throughput: 328644 ops/sec
18/48 - Performed a throughput benchmark:
18/48 - Performed 2000000 find-or-put operations with random values from [0,...,19199999]
18/48 - Finds: 1595421 (0.79771), Inserts: 404579 (0.20229), Errors: 0 (0)
18/48 - Execution time: 6.03793 seconds
18/48 - Throughput: 331239 ops/sec
31/48 - Performed a throughput benchmark:
31/48 - Performed 2000000 find-or-put operations with random values from [0,...,19199999]
31/48 - Finds: 1597674 (0.798837), Inserts: 402326 (0.201163), Errors: 0 (0)
31/48 - Execution time: 6.0649 seconds
31/48 - Throughput: 329766 ops/sec
27/48 - Performed a throughput benchmark:
27/48 - Performed 2000000 find-or-put operations with random values from [0,...,19199999]
27/48 - Finds: 1595519 (0.797759), Inserts: 404481 (0.20224), Errors: 0 (0)
27/48 - Execution time: 6.05099 seconds
27/48 - Throughput: 330524 ops/sec
26/48 - Performed a throughput benchmark:
26/48 - Performed 2000000 find-or-put operations with random values from [0,...,19199999]
26/48 - Finds: 1596392 (0.798196), Inserts: 403608 (0.201804), Errors: 0 (0)
26/48 - Execution time: 6.06839 seconds
26/48 - Throughput: 329577 ops/sec
42/48 - Performed a throughput benchmark:
42/48 - Performed 2000000 find-or-put operations with random values from [0,...,19199999]
42/48 - Finds: 1602310 (0.801155), Inserts: 397690 (0.198845), Errors: 0 (0)
42/48 - Execution time: 6.12739 seconds
42/48 - Throughput: 326403 ops/sec
36/48 - Performed a throughput benchmark:
36/48 - Performed 2000000 find-or-put operations with random values from [0,...,19199999]
36/48 - Finds: 1601222 (0.800611), Inserts: 398778 (0.199389), Errors: 0 (0)
36/48 - Execution time: 6.11402 seconds
36/48 - Throughput: 327117 ops/sec
30/48 - Performed a throughput benchmark:
30/48 - Performed 2000000 find-or-put operations with random values from [0,...,19199999]
30/48 - Finds: 1597849 (0.798925), Inserts: 402151 (0.201075), Errors: 0 (0)
30/48 - Execution time: 6.0744 seconds
30/48 - Throughput: 329251 ops/sec
16/48 - Performed a throughput benchmark:
16/48 - Performed 2000000 find-or-put operations with random values from [0,...,19199999]
16/48 - Finds: 1598125 (0.799063), Inserts: 401875 (0.200937), Errors: 0 (0)
16/48 - Execution time: 6.09189 seconds
16/48 - Throughput: 328305 ops/sec
39/48 - Performed a throughput benchmark:
39/48 - Performed 2000000 find-or-put operations with random values from [0,...,19199999]
39/48 - Finds: 1602861 (0.801431), Inserts: 397139 (0.19857), Errors: 0 (0)
39/48 - Execution time: 6.14548 seconds
39/48 - Throughput: 325442 ops/sec
0/48 - Performed a throughput benchmark:
0/48 - Performed 2000000 find-or-put operations with random values from [0,...,19199999]
0/48 - Finds: 1597096 (0.798548), Inserts: 402904 (0.201452), Errors: 0 (0)
0/48 - Execution time: 6.088 seconds
0/48 - Throughput: 328515 ops/sec
5/48 - Performed a throughput benchmark:
5/48 - Performed 2000000 find-or-put operations with random values from [0,...,19199999]
5/48 - Finds: 1597540 (0.79877), Inserts: 402460 (0.20123), Errors: 0 (0)
5/48 - Execution time: 6.08577 seconds
5/48 - Throughput: 328636 ops/sec
41/48 - Performed a throughput benchmark:
41/48 - Performed 2000000 find-or-put operations with random values from [0,...,19199999]
41/48 - Finds: 1599895 (0.799948), Inserts: 400105 (0.200052), Errors: 0 (0)
41/48 - Execution time: 6.12725 seconds
41/48 - Throughput: 326411 ops/sec
43/48 - Performed a throughput benchmark:
43/48 - Performed 2000000 find-or-put operations with random values from [0,...,19199999]
43/48 - Finds: 1600094 (0.800047), Inserts: 399906 (0.199953), Errors: 0 (0)
43/48 - Execution time: 6.12669 seconds
43/48 - Throughput: 326441 ops/sec
38/48 - Performed a throughput benchmark:
38/48 - Performed 2000000 find-or-put operations with random values from [0,...,19199999]
38/48 - Finds: 1600954 (0.800477), Inserts: 399046 (0.199523), Errors: 0 (0)
38/48 - Execution time: 6.12174 seconds
38/48 - Throughput: 326705 ops/sec
40/48 - Performed a throughput benchmark:
40/48 - Performed 2000000 find-or-put operations with random values from [0,...,19199999]
40/48 - Finds: 1600606 (0.800303), Inserts: 399394 (0.199697), Errors: 0 (0)
40/48 - Execution time: 6.12222 seconds
40/48 - Throughput: 326679 ops/sec
37/48 - Performed a throughput benchmark:
37/48 - Performed 2000000 find-or-put operations with random values from [0,...,19199999]
37/48 - Finds: 1600704 (0.800352), Inserts: 399296 (0.199648), Errors: 0 (0)
37/48 - Execution time: 6.12798 seconds
37/48 - Throughput: 326372 ops/sec
11/48 - Performed a throughput benchmark:
11/48 - Performed 2000000 find-or-put operations with random values from [0,...,19199999]
11/48 - Finds: 1613351 (0.806675), Inserts: 386649 (0.193325), Errors: 0 (0)
11/48 - Execution time: 6.27948 seconds
11/48 - Throughput: 318498 ops/sec
47/48 - Performed a throughput benchmark:
47/48 - Performed 2000000 find-or-put operations with random values from [0,...,19199999]
47/48 - Finds: 1607001 (0.8035), Inserts: 392999 (0.196499), Errors: 0 (0)
47/48 - Execution time: 6.31124 seconds
47/48 - Throughput: 316895 ops/sec
44/48 - Performed a throughput benchmark:
44/48 - Performed 2000000 find-or-put operations with random values from [0,...,19199999]
44/48 - Finds: 1606756 (0.803378), Inserts: 393244 (0.196622), Errors: 0 (0)
44/48 - Execution time: 6.30705 seconds
44/48 - Throughput: 317105 ops/sec
45/48 - Performed a throughput benchmark:
45/48 - Performed 2000000 find-or-put operations with random values from [0,...,19199999]
45/48 - Finds: 1607815 (0.803907), Inserts: 392185 (0.196093), Errors: 0 (0)
45/48 - Execution time: 6.27694 seconds
45/48 - Throughput: 318627 ops/sec
21/48 - Performed a throughput benchmark:
21/48 - Performed 2000000 find-or-put operations with random values from [0,...,19199999]
21/48 - Finds: 1614281 (0.807141), Inserts: 385719 (0.192859), Errors: 0 (0)
21/48 - Execution time: 6.37689 seconds
21/48 - Throughput: 313633 ops/sec
9/48 - Performed a throughput benchmark:
9/48 - Performed 2000000 find-or-put operations with random values from [0,...,19199999]
9/48 - Finds: 1616275 (0.808137), Inserts: 383725 (0.191862), Errors: 0 (0)
9/48 - Execution time: 6.38893 seconds
9/48 - Throughput: 313041 ops/sec
46/48 - Performed a throughput benchmark:
46/48 - Performed 2000000 find-or-put operations with random values from [0,...,19199999]
46/48 - Finds: 1609809 (0.804905), Inserts: 390191 (0.195096), Errors: 0 (0)
46/48 - Execution time: 6.31495 seconds
46/48 - Throughput: 316709 ops/sec
10/48 - Performed a throughput benchmark:
10/48 - Performed 2000000 find-or-put operations with random values from [0,...,19199999]
10/48 - Finds: 1615017 (0.807508), Inserts: 384983 (0.192492), Errors: 0 (0)
10/48 - Execution time: 6.3903 seconds
10/48 - Throughput: 312974 ops/sec
8/48 - Performed a throughput benchmark:
8/48 - Performed 2000000 find-or-put operations with random values from [0,...,19199999]
8/48 - Finds: 1618664 (0.809332), Inserts: 381336 (0.190668), Errors: 0 (0)
8/48 - Execution time: 6.42605 seconds
8/48 - Throughput: 311233 ops/sec
22/48 - Performed a throughput benchmark:
22/48 - Performed 2000000 find-or-put operations with random values from [0,...,19199999]
22/48 - Finds: 1609892 (0.804946), Inserts: 390108 (0.195054), Errors: 0 (0)
22/48 - Execution time: 6.33459 seconds
22/48 - Throughput: 315727 ops/sec
23/48 - Performed a throughput benchmark:
23/48 - Performed 2000000 find-or-put operations with random values from [0,...,19199999]
23/48 - Finds: 1616133 (0.808067), Inserts: 383867 (0.191934), Errors: 0 (0)
23/48 - Execution time: 6.4112 seconds
23/48 - Throughput: 311954 ops/sec
33/48 - Performed a throughput benchmark:
33/48 - Performed 2000000 find-or-put operations with random values from [0,...,19199999]
33/48 - Finds: 1614161 (0.80708), Inserts: 385839 (0.192919), Errors: 0 (0)
33/48 - Execution time: 6.39725 seconds
33/48 - Throughput: 312635 ops/sec
34/48 - Performed a throughput benchmark:
34/48 - Performed 2000000 find-or-put operations with random values from [0,...,19199999]
34/48 - Finds: 1616344 (0.808172), Inserts: 383656 (0.191828), Errors: 0 (0)
34/48 - Execution time: 6.39563 seconds
34/48 - Throughput: 312713 ops/sec
20/48 - Performed a throughput benchmark:
20/48 - Performed 2000000 find-or-put operations with random values from [0,...,19199999]
20/48 - Finds: 1616389 (0.808195), Inserts: 383611 (0.191805), Errors: 0 (0)
20/48 - Execution time: 6.40642 seconds
20/48 - Throughput: 312187 ops/sec
35/48 - Performed a throughput benchmark:
35/48 - Performed 2000000 find-or-put operations with random values from [0,...,19199999]
35/48 - Finds: 1616634 (0.808317), Inserts: 383366 (0.191683), Errors: 0 (0)
35/48 - Execution time: 6.41212 seconds
35/48 - Throughput: 311910 ops/sec
32/48 - Performed a throughput benchmark:
32/48 - Performed 2000000 find-or-put operations with random values from [0,...,19199999]
32/48 - Finds: 1616724 (0.808362), Inserts: 383276 (0.191638), Errors: 0 (0)
32/48 - Execution time: 6.39747 seconds
32/48 - Throughput: 312623 ops/sec
[1447430158.090789] [node008:7187 :0]         sys.c:719  MXM  WARN  Conflicting CPU frequencies detected, using: 2400.00
