[1447430609.338613] [node008:12723:0]         sys.c:719  MXM  WARN  Conflicting CPU frequencies detected, using: 1525.59
[1447430609.353219] [node008:12723:0]         mxm.c:185  MXM  WARN  The 'ulimit -s' on the system is set to 'unlimited'. This may have negative performance implications. Please set the heap size to the default value (10240) 
[1447430609.339411] [node008:12724:0]         sys.c:719  MXM  WARN  Conflicting CPU frequencies detected, using: 1525.59
[1447430609.355805] [node008:12724:0]         mxm.c:185  MXM  WARN  The 'ulimit -s' on the system is set to 'unlimited'. This may have negative performance implications. Please set the heap size to the default value (10240) 
[1447430609.790116] [node009:22511:0]         sys.c:719  MXM  WARN  Conflicting CPU frequencies detected, using: 2194.41
[1447430609.796853] [node009:22511:0]         mxm.c:185  MXM  WARN  The 'ulimit -s' on the system is set to 'unlimited'. This may have negative performance implications. Please set the heap size to the default value (10240) 
[1447430609.803973] [node019:24840:0]         sys.c:719  MXM  WARN  Conflicting CPU frequencies detected, using: 2704.88
[1447430609.808151] [node019:24840:0]         mxm.c:185  MXM  WARN  The 'ulimit -s' on the system is set to 'unlimited'. This may have negative performance implications. Please set the heap size to the default value (10240) 
[1447430609.787249] [node009:22512:0]         sys.c:719  MXM  WARN  Conflicting CPU frequencies detected, using: 2194.41
[1447430609.793621] [node009:22512:0]         mxm.c:185  MXM  WARN  The 'ulimit -s' on the system is set to 'unlimited'. This may have negative performance implications. Please set the heap size to the default value (10240) 
[1447430609.802433] [node023:5322 :0]         sys.c:719  MXM  WARN  Conflicting CPU frequencies detected, using: 3079.50
[1447430609.808776] [node023:5322 :0]         mxm.c:185  MXM  WARN  The 'ulimit -s' on the system is set to 'unlimited'. This may have negative performance implications. Please set the heap size to the default value (10240) 
[1447430609.802597] [node010:10019:0]         sys.c:719  MXM  WARN  Conflicting CPU frequencies detected, using: 2279.34
[1447430609.806744] [node010:10019:0]         mxm.c:185  MXM  WARN  The 'ulimit -s' on the system is set to 'unlimited'. This may have negative performance implications. Please set the heap size to the default value (10240) 
[1447430609.805410] [node011:27367:0]         sys.c:719  MXM  WARN  Conflicting CPU frequencies detected, using: 2966.72
[1447430609.811769] [node011:27367:0]         mxm.c:185  MXM  WARN  The 'ulimit -s' on the system is set to 'unlimited'. This may have negative performance implications. Please set the heap size to the default value (10240) 
[1447430609.803203] [node014:18568:0]         sys.c:719  MXM  WARN  Conflicting CPU frequencies detected, using: 2013.75
[1447430609.807605] [node014:18568:0]         mxm.c:185  MXM  WARN  The 'ulimit -s' on the system is set to 'unlimited'. This may have negative performance implications. Please set the heap size to the default value (10240) 
[1447430609.804165] [node013:6021 :0]         sys.c:719  MXM  WARN  Conflicting CPU frequencies detected, using: 2514.00
[1447430609.810684] [node013:6021 :0]         mxm.c:185  MXM  WARN  The 'ulimit -s' on the system is set to 'unlimited'. This may have negative performance implications. Please set the heap size to the default value (10240) 
[1447430609.804106] [node017:17587:0]         sys.c:719  MXM  WARN  Conflicting CPU frequencies detected, using: 2685.38
[1447430609.810350] [node017:17587:0]         mxm.c:185  MXM  WARN  The 'ulimit -s' on the system is set to 'unlimited'. This may have negative performance implications. Please set the heap size to the default value (10240) 
[1447430609.798008] [node015:27313:0]         sys.c:719  MXM  WARN  Conflicting CPU frequencies detected, using: 2134.03
[1447430609.803807] [node015:27313:0]         mxm.c:185  MXM  WARN  The 'ulimit -s' on the system is set to 'unlimited'. This may have negative performance implications. Please set the heap size to the default value (10240) 
[1447430609.806139] [node015:27312:0]         sys.c:719  MXM  WARN  Conflicting CPU frequencies detected, using: 2134.03
[1447430609.812233] [node015:27312:0]         mxm.c:185  MXM  WARN  The 'ulimit -s' on the system is set to 'unlimited'. This may have negative performance implications. Please set the heap size to the default value (10240) 
[1447430609.825273] [node016:23641:0]         sys.c:719  MXM  WARN  Conflicting CPU frequencies detected, using: 2097.66
[1447430609.829707] [node016:23641:0]         mxm.c:185  MXM  WARN  The 'ulimit -s' on the system is set to 'unlimited'. This may have negative performance implications. Please set the heap size to the default value (10240) 
[1447430609.854566] [node019:24874:0]         sys.c:719  MXM  WARN  Conflicting CPU frequencies detected, using: 2704.88
[1447430609.858672] [node019:24874:0]         mxm.c:185  MXM  WARN  The 'ulimit -s' on the system is set to 'unlimited'. This may have negative performance implications. Please set the heap size to the default value (10240) 
[1447430609.855830] [node013:6055 :0]         sys.c:719  MXM  WARN  Conflicting CPU frequencies detected, using: 2514.00
[1447430609.861617] [node013:6055 :0]         mxm.c:185  MXM  WARN  The 'ulimit -s' on the system is set to 'unlimited'. This may have negative performance implications. Please set the heap size to the default value (10240) 
[1447430609.874992] [node016:23658:0]         sys.c:719  MXM  WARN  Conflicting CPU frequencies detected, using: 2097.66
[1447430609.878979] [node016:23658:0]         mxm.c:185  MXM  WARN  The 'ulimit -s' on the system is set to 'unlimited'. This may have negative performance implications. Please set the heap size to the default value (10240) 
[1447430609.884437] [node037:28519:0]         sys.c:719  MXM  WARN  Conflicting CPU frequencies detected, using: 2199.38
[1447430609.888056] [node037:28519:0]         mxm.c:185  MXM  WARN  The 'ulimit -s' on the system is set to 'unlimited'. This may have negative performance implications. Please set the heap size to the default value (10240) 
[1447430609.873946] [node033:26756:0]         sys.c:719  MXM  WARN  Conflicting CPU frequencies detected, using: 2291.72
[1447430609.879776] [node033:26756:0]         mxm.c:185  MXM  WARN  The 'ulimit -s' on the system is set to 'unlimited'. This may have negative performance implications. Please set the heap size to the default value (10240) 
[1447430609.887875] [node010:10053:0]         sys.c:719  MXM  WARN  Conflicting CPU frequencies detected, using: 2279.34
[1447430609.892006] [node010:10053:0]         mxm.c:185  MXM  WARN  The 'ulimit -s' on the system is set to 'unlimited'. This may have negative performance implications. Please set the heap size to the default value (10240) 
[1447430609.884666] [node014:18602:0]         sys.c:719  MXM  WARN  Conflicting CPU frequencies detected, using: 2013.75
[1447430609.888641] [node014:18602:0]         mxm.c:185  MXM  WARN  The 'ulimit -s' on the system is set to 'unlimited'. This may have negative performance implications. Please set the heap size to the default value (10240) 
[1447430609.887105] [node023:5356 :0]         sys.c:719  MXM  WARN  Conflicting CPU frequencies detected, using: 3079.50
[1447430609.893329] [node023:5356 :0]         mxm.c:185  MXM  WARN  The 'ulimit -s' on the system is set to 'unlimited'. This may have negative performance implications. Please set the heap size to the default value (10240) 
[1447430609.883950] [node017:17621:0]         sys.c:719  MXM  WARN  Conflicting CPU frequencies detected, using: 2685.38
[1447430609.890409] [node017:17621:0]         mxm.c:185  MXM  WARN  The 'ulimit -s' on the system is set to 'unlimited'. This may have negative performance implications. Please set the heap size to the default value (10240) 
[1447430609.893114] [node037:28509:0]         sys.c:719  MXM  WARN  Conflicting CPU frequencies detected, using: 1919.81
[1447430609.896845] [node037:28509:0]         mxm.c:185  MXM  WARN  The 'ulimit -s' on the system is set to 'unlimited'. This may have negative performance implications. Please set the heap size to the default value (10240) 
[1447430609.886421] [node038:24866:0]         sys.c:719  MXM  WARN  Conflicting CPU frequencies detected, using: 2093.25
[1447430609.892278] [node038:24866:0]         mxm.c:185  MXM  WARN  The 'ulimit -s' on the system is set to 'unlimited'. This may have negative performance implications. Please set the heap size to the default value (10240) 
[1447430609.885899] [node044:30564:0]         sys.c:719  MXM  WARN  Conflicting CPU frequencies detected, using: 1995.84
[1447430609.891286] [node044:30564:0]         mxm.c:185  MXM  WARN  The 'ulimit -s' on the system is set to 'unlimited'. This may have negative performance implications. Please set the heap size to the default value (10240) 
[1447430609.885094] [node034:27879:0]         sys.c:719  MXM  WARN  Conflicting CPU frequencies detected, using: 2094.19
[1447430609.890935] [node034:27879:0]         mxm.c:185  MXM  WARN  The 'ulimit -s' on the system is set to 'unlimited'. This may have negative performance implications. Please set the heap size to the default value (10240) 
[1447430609.889825] [node032:22486:0]         sys.c:719  MXM  WARN  Conflicting CPU frequencies detected, using: 1998.00
[1447430609.895712] [node032:22486:0]         mxm.c:185  MXM  WARN  The 'ulimit -s' on the system is set to 'unlimited'. This may have negative performance implications. Please set the heap size to the default value (10240) 
[1447430609.888577] [node031:24081:0]         sys.c:719  MXM  WARN  Conflicting CPU frequencies detected, using: 2099.06
[1447430609.896083] [node031:24081:0]         mxm.c:185  MXM  WARN  The 'ulimit -s' on the system is set to 'unlimited'. This may have negative performance implications. Please set the heap size to the default value (10240) 
[1447430609.883833] [node033:26753:0]         sys.c:719  MXM  WARN  Conflicting CPU frequencies detected, using: 1575.84
[1447430609.890090] [node033:26753:0]         mxm.c:185  MXM  WARN  The 'ulimit -s' on the system is set to 'unlimited'. This may have negative performance implications. Please set the heap size to the default value (10240) 
[1447430609.896827] [node035:22266:0]         sys.c:719  MXM  WARN  Conflicting CPU frequencies detected, using: 2098.31
[1447430609.901058] [node035:22266:0]         mxm.c:185  MXM  WARN  The 'ulimit -s' on the system is set to 'unlimited'. This may have negative performance implications. Please set the heap size to the default value (10240) 
[1447430609.891994] [node034:27878:0]         sys.c:719  MXM  WARN  Conflicting CPU frequencies detected, using: 2094.19
[1447430609.898537] [node034:27878:0]         mxm.c:185  MXM  WARN  The 'ulimit -s' on the system is set to 'unlimited'. This may have negative performance implications. Please set the heap size to the default value (10240) 
[1447430609.893795] [node011:27403:0]         sys.c:719  MXM  WARN  Conflicting CPU frequencies detected, using: 2400.09
[1447430609.900469] [node011:27403:0]         mxm.c:185  MXM  WARN  The 'ulimit -s' on the system is set to 'unlimited'. This may have negative performance implications. Please set the heap size to the default value (10240) 
[1447430609.898562] [node021:22354:0]         sys.c:719  MXM  WARN  Conflicting CPU frequencies detected, using: 1995.38
[1447430609.902270] [node021:22354:0]         mxm.c:185  MXM  WARN  The 'ulimit -s' on the system is set to 'unlimited'. This may have negative performance implications. Please set the heap size to the default value (10240) 
[1447430609.897488] [node036:24828:0]         sys.c:719  MXM  WARN  Conflicting CPU frequencies detected, using: 1798.88
[1447430609.901646] [node036:24828:0]         mxm.c:185  MXM  WARN  The 'ulimit -s' on the system is set to 'unlimited'. This may have negative performance implications. Please set the heap size to the default value (10240) 
[1447430609.902827] [node035:22279:0]         sys.c:719  MXM  WARN  Conflicting CPU frequencies detected, using: 2098.31
[1447430609.907223] [node035:22279:0]         mxm.c:185  MXM  WARN  The 'ulimit -s' on the system is set to 'unlimited'. This may have negative performance implications. Please set the heap size to the default value (10240) 
[1447430609.886781] [node022:17409:0]         sys.c:719  MXM  WARN  Conflicting CPU frequencies detected, using: 2099.16
[1447430609.893127] [node022:17409:0]         mxm.c:185  MXM  WARN  The 'ulimit -s' on the system is set to 'unlimited'. This may have negative performance implications. Please set the heap size to the default value (10240) 
[1447430609.889052] [node031:24069:0]         sys.c:719  MXM  WARN  Conflicting CPU frequencies detected, using: 2099.06
[1447430609.897064] [node031:24069:0]         mxm.c:185  MXM  WARN  The 'ulimit -s' on the system is set to 'unlimited'. This may have negative performance implications. Please set the heap size to the default value (10240) 
[1447430609.891534] [node022:17408:0]         sys.c:719  MXM  WARN  Conflicting CPU frequencies detected, using: 2099.16
[1447430609.897807] [node022:17408:0]         mxm.c:185  MXM  WARN  The 'ulimit -s' on the system is set to 'unlimited'. This may have negative performance implications. Please set the heap size to the default value (10240) 
[1447430609.895323] [node021:22355:0]         sys.c:719  MXM  WARN  Conflicting CPU frequencies detected, using: 1995.38
[1447430609.899475] [node021:22355:0]         mxm.c:185  MXM  WARN  The 'ulimit -s' on the system is set to 'unlimited'. This may have negative performance implications. Please set the heap size to the default value (10240) 
[1447430609.894102] [node038:24867:0]         sys.c:719  MXM  WARN  Conflicting CPU frequencies detected, using: 2093.25
[1447430609.900919] [node038:24867:0]         mxm.c:185  MXM  WARN  The 'ulimit -s' on the system is set to 'unlimited'. This may have negative performance implications. Please set the heap size to the default value (10240) 
[1447430609.888313] [node018:20044:0]         sys.c:719  MXM  WARN  Conflicting CPU frequencies detected, using: 2397.84
[1447430609.894617] [node018:20044:0]         mxm.c:185  MXM  WARN  The 'ulimit -s' on the system is set to 'unlimited'. This may have negative performance implications. Please set the heap size to the default value (10240) 
[1447430609.894230] [node030:21947:0]         sys.c:719  MXM  WARN  Conflicting CPU frequencies detected, using: 2095.41
[1447430609.900456] [node030:21947:0]         mxm.c:185  MXM  WARN  The 'ulimit -s' on the system is set to 'unlimited'. This may have negative performance implications. Please set the heap size to the default value (10240) 
[1447430609.889586] [node012:9597 :0]         sys.c:719  MXM  WARN  Conflicting CPU frequencies detected, using: 1993.12
[1447430609.895858] [node012:9597 :0]         mxm.c:185  MXM  WARN  The 'ulimit -s' on the system is set to 'unlimited'. This may have negative performance implications. Please set the heap size to the default value (10240) 
[1447430609.887864] [node020:13346:0]         sys.c:719  MXM  WARN  Conflicting CPU frequencies detected, using: 2107.41
[1447430609.894182] [node020:13346:0]         mxm.c:185  MXM  WARN  The 'ulimit -s' on the system is set to 'unlimited'. This may have negative performance implications. Please set the heap size to the default value (10240) 
[1447430609.902531] [node030:21946:0]         sys.c:719  MXM  WARN  Conflicting CPU frequencies detected, using: 2095.41
[1447430609.908488] [node030:21946:0]         mxm.c:185  MXM  WARN  The 'ulimit -s' on the system is set to 'unlimited'. This may have negative performance implications. Please set the heap size to the default value (10240) 
[1447430609.896973] [node032:22485:0]         sys.c:719  MXM  WARN  Conflicting CPU frequencies detected, using: 1998.00
[1447430609.904276] [node032:22485:0]         mxm.c:185  MXM  WARN  The 'ulimit -s' on the system is set to 'unlimited'. This may have negative performance implications. Please set the heap size to the default value (10240) 
[1447430609.894477] [node042:19807:0]         sys.c:719  MXM  WARN  Conflicting CPU frequencies detected, using: 2098.31
[1447430609.902687] [node042:19807:0]         mxm.c:185  MXM  WARN  The 'ulimit -s' on the system is set to 'unlimited'. This may have negative performance implications. Please set the heap size to the default value (10240) 
[1447430609.895180] [node018:20045:0]         sys.c:719  MXM  WARN  Conflicting CPU frequencies detected, using: 2397.84
[1447430609.903419] [node018:20045:0]         mxm.c:185  MXM  WARN  The 'ulimit -s' on the system is set to 'unlimited'. This may have negative performance implications. Please set the heap size to the default value (10240) 
[1447430609.898574] [node020:13345:0]         sys.c:719  MXM  WARN  Conflicting CPU frequencies detected, using: 2107.41
[1447430609.906169] [node020:13345:0]         mxm.c:185  MXM  WARN  The 'ulimit -s' on the system is set to 'unlimited'. This may have negative performance implications. Please set the heap size to the default value (10240) 
[1447430609.903027] [node044:30578:0]         sys.c:719  MXM  WARN  Conflicting CPU frequencies detected, using: 1995.84
[1447430609.908959] [node044:30578:0]         mxm.c:185  MXM  WARN  The 'ulimit -s' on the system is set to 'unlimited'. This may have negative performance implications. Please set the heap size to the default value (10240) 
[1447430609.893784] [node042:19797:0]         sys.c:719  MXM  WARN  Conflicting CPU frequencies detected, using: 2098.31
[1447430609.901926] [node042:19797:0]         mxm.c:185  MXM  WARN  The 'ulimit -s' on the system is set to 'unlimited'. This may have negative performance implications. Please set the heap size to the default value (10240) 
[1447430609.898013] [node012:9596 :0]         sys.c:719  MXM  WARN  Conflicting CPU frequencies detected, using: 1993.12
[1447430609.905820] [node012:9596 :0]         mxm.c:185  MXM  WARN  The 'ulimit -s' on the system is set to 'unlimited'. This may have negative performance implications. Please set the heap size to the default value (10240) 
[1447430609.913088] [node040:29452:0]         sys.c:719  MXM  WARN  Conflicting CPU frequencies detected, using: 2290.03
[1447430609.918268] [node040:29452:0]         mxm.c:185  MXM  WARN  The 'ulimit -s' on the system is set to 'unlimited'. This may have negative performance implications. Please set the heap size to the default value (10240) 
[1447430609.907279] [node040:29440:0]         sys.c:719  MXM  WARN  Conflicting CPU frequencies detected, using: 2290.03
[1447430609.913837] [node040:29440:0]         mxm.c:185  MXM  WARN  The 'ulimit -s' on the system is set to 'unlimited'. This may have negative performance implications. Please set the heap size to the default value (10240) 
[1447430609.927185] [node043:30850:0]         sys.c:719  MXM  WARN  Conflicting CPU frequencies detected, using: 3177.66
[1447430609.933230] [node043:30850:0]         mxm.c:185  MXM  WARN  The 'ulimit -s' on the system is set to 'unlimited'. This may have negative performance implications. Please set the heap size to the default value (10240) 
[1447430609.930934] [node036:24845:0]         sys.c:719  MXM  WARN  Conflicting CPU frequencies detected, using: 1798.88
[1447430609.934792] [node036:24845:0]         mxm.c:185  MXM  WARN  The 'ulimit -s' on the system is set to 'unlimited'. This may have negative performance implications. Please set the heap size to the default value (10240) 
[1447430609.922840] [node041:26086:0]         sys.c:719  MXM  WARN  Conflicting CPU frequencies detected, using: 2199.38
[1447430609.929760] [node041:26086:0]         mxm.c:185  MXM  WARN  The 'ulimit -s' on the system is set to 'unlimited'. This may have negative performance implications. Please set the heap size to the default value (10240) 
[1447430609.925998] [node041:26083:0]         sys.c:719  MXM  WARN  Conflicting CPU frequencies detected, using: 2199.38
[1447430609.933013] [node041:26083:0]         mxm.c:185  MXM  WARN  The 'ulimit -s' on the system is set to 'unlimited'. This may have negative performance implications. Please set the heap size to the default value (10240) 
[1447430609.933340] [node045:28912:0]         sys.c:719  MXM  WARN  Conflicting CPU frequencies detected, using: 1998.66
[1447430609.939591] [node045:28912:0]         mxm.c:185  MXM  WARN  The 'ulimit -s' on the system is set to 'unlimited'. This may have negative performance implications. Please set the heap size to the default value (10240) 
[1447430609.919927] [node039:19517:0]         sys.c:719  MXM  WARN  Conflicting CPU frequencies detected, using: 1962.09
[1447430609.928271] [node039:19517:0]         mxm.c:185  MXM  WARN  The 'ulimit -s' on the system is set to 'unlimited'. This may have negative performance implications. Please set the heap size to the default value (10240) 
[1447430609.920087] [node039:19523:0]         sys.c:719  MXM  WARN  Conflicting CPU frequencies detected, using: 1962.09
[1447430609.929281] [node039:19523:0]         mxm.c:185  MXM  WARN  The 'ulimit -s' on the system is set to 'unlimited'. This may have negative performance implications. Please set the heap size to the default value (10240) 
[1447430609.935663] [node045:28913:0]         sys.c:719  MXM  WARN  Conflicting CPU frequencies detected, using: 1998.66
[1447430609.942539] [node045:28913:0]         mxm.c:185  MXM  WARN  The 'ulimit -s' on the system is set to 'unlimited'. This may have negative performance implications. Please set the heap size to the default value (10240) 
[1447430610.916407] [node043:30890:0]         sys.c:719  MXM  WARN  Conflicting CPU frequencies detected, using: 3177.66
[1447430610.922899] [node043:30890:0]         mxm.c:185  MXM  WARN  The 'ulimit -s' on the system is set to 'unlimited'. This may have negative performance implications. Please set the heap size to the default value (10240) 
UPCR: UPC thread  1 of 64 on node008 (pshm node  0 of 32, process  1 of 64, pid=12724)
UPCR: UPC thread  0 of 64 on node008 (pshm node  0 of 32, process  0 of 64, pid=12723)
UPCR: UPC thread 31 of 64 on node023 (pshm node 15 of 32, process 31 of 64, pid=5356)
UPCR: UPC thread 14 of 64 on node015 (pshm node  7 of 32, process 14 of 64, pid=27312)
UPCR: UPC thread 16 of 64 on node016 (pshm node  8 of 32, process 16 of 64, pid=23658)
UPCR: UPC thread 49 of 64 on node038 (pshm node 24 of 32, process 49 of 64, pid=24867)
UPCR: UPC thread 47 of 64 on node037 (pshm node 23 of 32, process 47 of 64, pid=28519)
UPCR: UPC thread 15 of 64 on node015 (pshm node  7 of 32, process 15 of 64, pid=27313)
UPCR: UPC thread 52 of 64 on node040 (pshm node 26 of 32, process 52 of 64, pid=29452)
UPCR: UPC thread 30 of 64 on node023 (pshm node 15 of 32, process 30 of 64, pid=5322)
UPCR: UPC thread 53 of 64 on node040 (pshm node 26 of 32, process 53 of 64, pid=29440)
UPCR: UPC thread 33 of 64 on node030 (pshm node 16 of 32, process 33 of 64, pid=21947)
UPCR: UPC thread 26 of 64 on node021 (pshm node 13 of 32, process 26 of 64, pid=22355)
UPCR: UPC thread 27 of 64 on node021 (pshm node 13 of 32, process 27 of 64, pid=22354)
UPCR: UPC thread 54 of 64 on node041 (pshm node 27 of 32, process 54 of 64, pid=26083)
UPCR: UPC thread 32 of 64 on node030 (pshm node 16 of 32, process 32 of 64, pid=21946)
UPCR: UPC thread  9 of 64 on node012 (pshm node  4 of 32, process  9 of 64, pid=9596)
UPCR: UPC thread 58 of 64 on node043 (pshm node 29 of 32, process 58 of 64, pid=30850)
UPCR: UPC thread 38 of 64 on node033 (pshm node 19 of 32, process 38 of 64, pid=26756)
UPCR: UPC thread 56 of 64 on node042 (pshm node 28 of 32, process 56 of 64, pid=19797)
UPCR: UPC thread 60 of 64 on node044 (pshm node 30 of 32, process 60 of 64, pid=30578)
UPCR: UPC thread  6 of 64 on node011 (pshm node  3 of 32, process  6 of 64, pid=27403)
UPCR: UPC thread  8 of 64 on node012 (pshm node  4 of 32, process  8 of 64, pid=9597)
UPCR: UPC thread 18 of 64 on node017 (pshm node  9 of 32, process 18 of 64, pid=17621)
UPCR: UPC thread 34 of 64 on node031 (pshm node 17 of 32, process 34 of 64, pid=24081)
UPCR: UPC thread 39 of 64 on node033 (pshm node 19 of 32, process 39 of 64, pid=26753)
UPCR: UPC thread 20 of 64 on node018 (pshm node 10 of 32, process 20 of 64, pid=20045)
UPCR: UPC thread 22 of 64 on node019 (pshm node 11 of 32, process 22 of 64, pid=24840)
UPCR: UPC thread 36 of 64 on node032 (pshm node 18 of 32, process 36 of 64, pid=22486)
UPCR: UPC thread 29 of 64 on node022 (pshm node 14 of 32, process 29 of 64, pid=17408)
UPCR: UPC thread  7 of 64 on node011 (pshm node  3 of 32, process  7 of 64, pid=27367)
UPCR: UPC thread 19 of 64 on node017 (pshm node  9 of 32, process 19 of 64, pid=17587)
UPCR: UPC thread 12 of 64 on node014 (pshm node  6 of 32, process 12 of 64, pid=18568)
UPCR: UPC thread 62 of 64 on node045 (pshm node 31 of 32, process 62 of 64, pid=28913)
UPCR: UPC thread 11 of 64 on node013 (pshm node  5 of 32, process 11 of 64, pid=6021)
UPCR: UPC thread 17 of 64 on node016 (pshm node  8 of 32, process 17 of 64, pid=23641)
UPCR: UPC thread  4 of 64 on node010 (pshm node  2 of 32, process  4 of 64, pid=10053)
UPCR: UPC thread 43 of 64 on node035 (pshm node 21 of 32, process 43 of 64, pid=22279)
UPCR: UPC thread 59 of 64 on node043 (pshm node 29 of 32, process 59 of 64, pid=30890)
UPCR: UPC thread 13 of 64 on node014 (pshm node  6 of 32, process 13 of 64, pid=18602)
UPCR: UPC thread  3 of 64 on node009 (pshm node  1 of 32, process  3 of 64, pid=22511)
UPCR: UPC thread 57 of 64 on node042 (pshm node 28 of 32, process 57 of 64, pid=19807)
UPCR: UPC thread 48 of 64 on node038 (pshm node 24 of 32, process 48 of 64, pid=24866)
UPCR: UPC thread 21 of 64 on node018 (pshm node 10 of 32, process 21 of 64, pid=20044)
UPCR: UPC thread 63 of 64 on node045 (pshm node 31 of 32, process 63 of 64, pid=28912)
UPCR: UPC thread 35 of 64 on node031 (pshm node 17 of 32, process 35 of 64, pid=24069)
UPCR: UPC thread 37 of 64 on node032 (pshm node 18 of 32, process 37 of 64, pid=22485)
UPCR: UPC thread 41 of 64 on node034 (pshm node 20 of 32, process 41 of 64, pid=27879)
UPCR: UPC thread 40 of 64 on node034 (pshm node 20 of 32, process 40 of 64, pid=27878)
UPCR: UPC thread  2 of 64 on node009 (pshm node  1 of 32, process  2 of 64, pid=22512)
UPCR: UPC thread  5 of 64 on node010 (pshm node  2 of 32, process  5 of 64, pid=10019)
UPCR: UPC thread 25 of 64 on node020 (pshm node 12 of 32, process 25 of 64, pid=13345)
UPCR: UPC thread 23 of 64 on node019 (pshm node 11 of 32, process 23 of 64, pid=24874)
UPCR: UPC thread 55 of 64 on node041 (pshm node 27 of 32, process 55 of 64, pid=26086)
UPCR: UPC thread 24 of 64 on node020 (pshm node 12 of 32, process 24 of 64, pid=13346)
UPCR: UPC thread 61 of 64 on node044 (pshm node 30 of 32, process 61 of 64, pid=30564)
UPCR: UPC thread 45 of 64 on node036 (pshm node 22 of 32, process 45 of 64, pid=24828)
UPCR: UPC thread 10 of 64 on node013 (pshm node  5 of 32, process 10 of 64, pid=6055)
UPCR: UPC thread 50 of 64 on node039 (pshm node 25 of 32, process 50 of 64, pid=19523)
UPCR: UPC thread 51 of 64 on node039 (pshm node 25 of 32, process 51 of 64, pid=19517)
UPCR: UPC thread 42 of 64 on node035 (pshm node 21 of 32, process 42 of 64, pid=22266)
UPCR: UPC thread 46 of 64 on node037 (pshm node 23 of 32, process 46 of 64, pid=28509)
UPCR: UPC thread 28 of 64 on node022 (pshm node 14 of 32, process 28 of 64, pid=17409)
UPCR: UPC thread 44 of 64 on node036 (pshm node 22 of 32, process 44 of 64, pid=24845)
0/64 - htable initialized
0/64 - table size: 68719476736 bytes (65536 MB)
0/64 - total number of buckets: 8589934592
0/64 - block size: 1073741824 (1024 MB)
0/64 - number of buckets in block: 134217728
0/64 - number of blocks: 64
17/64 - Performed a throughput benchmark:
17/64 - Performed 2000000 find-or-put operations with random values from [0,...,25599999]
17/64 - Finds: 1598992 (0.799496), Inserts: 401008 (0.200504), Errors: 0 (0)
17/64 - Execution time: 6.03665 seconds
17/64 - Throughput: 331310 ops/sec
5/64 - Performed a throughput benchmark:
5/64 - Performed 2000000 find-or-put operations with random values from [0,...,25599999]
5/64 - Finds: 1599984 (0.799992), Inserts: 400016 (0.200008), Errors: 0 (0)
5/64 - Execution time: 6.05233 seconds
5/64 - Throughput: 330451 ops/sec
16/64 - Performed a throughput benchmark:
16/64 - Performed 2000000 find-or-put operations with random values from [0,...,25599999]
16/64 - Finds: 1598437 (0.799219), Inserts: 401563 (0.200782), Errors: 0 (0)
16/64 - Execution time: 6.04261 seconds
16/64 - Throughput: 330983 ops/sec
20/64 - Performed a throughput benchmark:
20/64 - Performed 2000000 find-or-put operations with random values from [0,...,25599999]
20/64 - Finds: 1603167 (0.801584), Inserts: 396833 (0.198416), Errors: 0 (0)
20/64 - Execution time: 6.07193 seconds
20/64 - Throughput: 329384 ops/sec
57/64 - Performed a throughput benchmark:
57/64 - Performed 2000000 find-or-put operations with random values from [0,...,25599999]
57/64 - Finds: 1601686 (0.800843), Inserts: 398314 (0.199157), Errors: 0 (0)
57/64 - Execution time: 6.07154 seconds
57/64 - Throughput: 329406 ops/sec
50/64 - Performed a throughput benchmark:
50/64 - Performed 2000000 find-or-put operations with random values from [0,...,25599999]
50/64 - Finds: 1601343 (0.800671), Inserts: 398657 (0.199328), Errors: 0 (0)
50/64 - Execution time: 6.06643 seconds
50/64 - Throughput: 329683 ops/sec
9/64 - Performed a throughput benchmark:
9/64 - Performed 2000000 find-or-put operations with random values from [0,...,25599999]
9/64 - Finds: 1602301 (0.80115), Inserts: 397699 (0.19885), Errors: 0 (0)
9/64 - Execution time: 6.07012 seconds
9/64 - Throughput: 329483 ops/sec
35/64 - Performed a throughput benchmark:
35/64 - Performed 2000000 find-or-put operations with random values from [0,...,25599999]
35/64 - Finds: 1601595 (0.800798), Inserts: 398405 (0.199203), Errors: 0 (0)
35/64 - Execution time: 6.0761 seconds
35/64 - Throughput: 329159 ops/sec
15/64 - Performed a throughput benchmark:
15/64 - Performed 2000000 find-or-put operations with random values from [0,...,25599999]
15/64 - Finds: 1601645 (0.800822), Inserts: 398355 (0.199178), Errors: 0 (0)
15/64 - Execution time: 6.08167 seconds
15/64 - Throughput: 328857 ops/sec
25/64 - Performed a throughput benchmark:
25/64 - Performed 2000000 find-or-put operations with random values from [0,...,25599999]
25/64 - Finds: 1601177 (0.800589), Inserts: 398823 (0.199411), Errors: 0 (0)
25/64 - Execution time: 6.06253 seconds
25/64 - Throughput: 329895 ops/sec
33/64 - Performed a throughput benchmark:
33/64 - Performed 2000000 find-or-put operations with random values from [0,...,25599999]
33/64 - Finds: 1600852 (0.800426), Inserts: 399148 (0.199574), Errors: 0 (0)
33/64 - Execution time: 6.08976 seconds
33/64 - Throughput: 328420 ops/sec
24/64 - Performed a throughput benchmark:
24/64 - Performed 2000000 find-or-put operations with random values from [0,...,25599999]
24/64 - Finds: 1601427 (0.800713), Inserts: 398573 (0.199287), Errors: 0 (0)
24/64 - Execution time: 6.07665 seconds
24/64 - Throughput: 329129 ops/sec
8/64 - Performed a throughput benchmark:
8/64 - Performed 2000000 find-or-put operations with random values from [0,...,25599999]
8/64 - Finds: 1601705 (0.800852), Inserts: 398295 (0.199148), Errors: 0 (0)
8/64 - Execution time: 6.07477 seconds
8/64 - Throughput: 329231 ops/sec
56/64 - Performed a throughput benchmark:
56/64 - Performed 2000000 find-or-put operations with random values from [0,...,25599999]
56/64 - Finds: 1603008 (0.801504), Inserts: 396992 (0.198496), Errors: 0 (0)
56/64 - Execution time: 6.08873 seconds
56/64 - Throughput: 328476 ops/sec
32/64 - Performed a throughput benchmark:
32/64 - Performed 2000000 find-or-put operations with random values from [0,...,25599999]
32/64 - Finds: 1597882 (0.798941), Inserts: 402118 (0.201059), Errors: 0 (0)
32/64 - Execution time: 6.06923 seconds
32/64 - Throughput: 329531 ops/sec
42/64 - Performed a throughput benchmark:
42/64 - Performed 2000000 find-or-put operations with random values from [0,...,25599999]
42/64 - Finds: 1600814 (0.800407), Inserts: 399186 (0.199593), Errors: 0 (0)
42/64 - Execution time: 6.06815 seconds
42/64 - Throughput: 329590 ops/sec
43/64 - Performed a throughput benchmark:
43/64 - Performed 2000000 find-or-put operations with random values from [0,...,25599999]
43/64 - Finds: 1602001 (0.801001), Inserts: 397999 (0.198999), Errors: 0 (0)
43/64 - Execution time: 6.06908 seconds
43/64 - Throughput: 329539 ops/sec
26/64 - Performed a throughput benchmark:
26/64 - Performed 2000000 find-or-put operations with random values from [0,...,25599999]
26/64 - Finds: 1602110 (0.801055), Inserts: 397890 (0.198945), Errors: 0 (0)
26/64 - Execution time: 6.0963 seconds
26/64 - Throughput: 328068 ops/sec
62/64 - Performed a throughput benchmark:
62/64 - Performed 2000000 find-or-put operations with random values from [0,...,25599999]
62/64 - Finds: 1603102 (0.801551), Inserts: 396898 (0.198449), Errors: 0 (0)
62/64 - Execution time: 6.09819 seconds
62/64 - Throughput: 327966 ops/sec
45/64 - Performed a throughput benchmark:
45/64 - Performed 2000000 find-or-put operations with random values from [0,...,25599999]
45/64 - Finds: 1602033 (0.801017), Inserts: 397967 (0.198984), Errors: 0 (0)
45/64 - Execution time: 6.08631 seconds
45/64 - Throughput: 328606 ops/sec
23/64 - Performed a throughput benchmark:
23/64 - Performed 2000000 find-or-put operations with random values from [0,...,25599999]
23/64 - Finds: 1601126 (0.800563), Inserts: 398874 (0.199437), Errors: 0 (0)
23/64 - Execution time: 6.08039 seconds
23/64 - Throughput: 328926 ops/sec
22/64 - Performed a throughput benchmark:
22/64 - Performed 2000000 find-or-put operations with random values from [0,...,25599999]
22/64 - Finds: 1600651 (0.800326), Inserts: 399349 (0.199675), Errors: 0 (0)
22/64 - Execution time: 6.0762 seconds
22/64 - Throughput: 329153 ops/sec
19/64 - Performed a throughput benchmark:
19/64 - Performed 2000000 find-or-put operations with random values from [0,...,25599999]
19/64 - Finds: 1601193 (0.800597), Inserts: 398807 (0.199404), Errors: 0 (0)
19/64 - Execution time: 6.07599 seconds
19/64 - Throughput: 329165 ops/sec
52/64 - Performed a throughput benchmark:
52/64 - Performed 2000000 find-or-put operations with random values from [0,...,25599999]
52/64 - Finds: 1603176 (0.801588), Inserts: 396824 (0.198412), Errors: 0 (0)
52/64 - Execution time: 6.07894 seconds
52/64 - Throughput: 329005 ops/sec
18/64 - Performed a throughput benchmark:
18/64 - Performed 2000000 find-or-put operations with random values from [0,...,25599999]
18/64 - Finds: 1600861 (0.800431), Inserts: 399139 (0.19957), Errors: 0 (0)
18/64 - Execution time: 6.0644 seconds
18/64 - Throughput: 329794 ops/sec
14/64 - Performed a throughput benchmark:
14/64 - Performed 2000000 find-or-put operations with random values from [0,...,25599999]
14/64 - Finds: 1601549 (0.800774), Inserts: 398451 (0.199225), Errors: 0 (0)
14/64 - Execution time: 6.08976 seconds
14/64 - Throughput: 328420 ops/sec
41/64 - Performed a throughput benchmark:
41/64 - Performed 2000000 find-or-put operations with random values from [0,...,25599999]
41/64 - Finds: 1601943 (0.800971), Inserts: 398057 (0.199028), Errors: 0 (0)
41/64 - Execution time: 6.08353 seconds
41/64 - Throughput: 328757 ops/sec
51/64 - Performed a throughput benchmark:
51/64 - Performed 2000000 find-or-put operations with random values from [0,...,25599999]
51/64 - Finds: 1600729 (0.800365), Inserts: 399271 (0.199635), Errors: 0 (0)
51/64 - Execution time: 6.0708 seconds
51/64 - Throughput: 329446 ops/sec
39/64 - Performed a throughput benchmark:
39/64 - Performed 2000000 find-or-put operations with random values from [0,...,25599999]
39/64 - Finds: 1604529 (0.802265), Inserts: 395471 (0.197736), Errors: 0 (0)
39/64 - Execution time: 6.09673 seconds
39/64 - Throughput: 328045 ops/sec
63/64 - Performed a throughput benchmark:
63/64 - Performed 2000000 find-or-put operations with random values from [0,...,25599999]
63/64 - Finds: 1603302 (0.801651), Inserts: 396698 (0.198349), Errors: 0 (0)
63/64 - Execution time: 6.09203 seconds
63/64 - Throughput: 328298 ops/sec
7/64 - Performed a throughput benchmark:
7/64 - Performed 2000000 find-or-put operations with random values from [0,...,25599999]
7/64 - Finds: 1600506 (0.800253), Inserts: 399494 (0.199747), Errors: 0 (0)
7/64 - Execution time: 6.06783 seconds
7/64 - Throughput: 329607 ops/sec
4/64 - Performed a throughput benchmark:
4/64 - Performed 2000000 find-or-put operations with random values from [0,...,25599999]
4/64 - Finds: 1601000 (0.8005), Inserts: 399000 (0.1995), Errors: 0 (0)
4/64 - Execution time: 6.08402 seconds
4/64 - Throughput: 328730 ops/sec
47/64 - Performed a throughput benchmark:
47/64 - Performed 2000000 find-or-put operations with random values from [0,...,25599999]
47/64 - Finds: 1603612 (0.801806), Inserts: 396388 (0.198194), Errors: 0 (0)
47/64 - Execution time: 6.10712 seconds
47/64 - Throughput: 327486 ops/sec
44/64 - Performed a throughput benchmark:
44/64 - Performed 2000000 find-or-put operations with random values from [0,...,25599999]
44/64 - Finds: 1601719 (0.800859), Inserts: 398281 (0.19914), Errors: 0 (0)
44/64 - Execution time: 6.08459 seconds
44/64 - Throughput: 328699 ops/sec
53/64 - Performed a throughput benchmark:
53/64 - Performed 2000000 find-or-put operations with random values from [0,...,25599999]
53/64 - Finds: 1602647 (0.801323), Inserts: 397353 (0.198677), Errors: 0 (0)
53/64 - Execution time: 6.08335 seconds
53/64 - Throughput: 328766 ops/sec
1/64 - Performed a throughput benchmark:
1/64 - Performed 2000000 find-or-put operations with random values from [0,...,25599999]
1/64 - Finds: 1605445 (0.802723), Inserts: 394555 (0.197277), Errors: 0 (0)
1/64 - Execution time: 6.12055 seconds
1/64 - Throughput: 326768 ops/sec
48/64 - Performed a throughput benchmark:
48/64 - Performed 2000000 find-or-put operations with random values from [0,...,25599999]
48/64 - Finds: 1604650 (0.802325), Inserts: 395350 (0.197675), Errors: 0 (0)
48/64 - Execution time: 6.12156 seconds
48/64 - Throughput: 326714 ops/sec
2/64 - Performed a throughput benchmark:
2/64 - Performed 2000000 find-or-put operations with random values from [0,...,25599999]
2/64 - Finds: 1603515 (0.801758), Inserts: 396485 (0.198242), Errors: 0 (0)
2/64 - Execution time: 6.10358 seconds
2/64 - Throughput: 327676 ops/sec
36/64 - Performed a throughput benchmark:
36/64 - Performed 2000000 find-or-put operations with random values from [0,...,25599999]
36/64 - Finds: 1602120 (0.80106), Inserts: 397880 (0.19894), Errors: 0 (0)
36/64 - Execution time: 6.10816 seconds
36/64 - Throughput: 327431 ops/sec
34/64 - Performed a throughput benchmark:
34/64 - Performed 2000000 find-or-put operations with random values from [0,...,25599999]
34/64 - Finds: 1602895 (0.801447), Inserts: 397105 (0.198552), Errors: 0 (0)
34/64 - Execution time: 6.09017 seconds
34/64 - Throughput: 328398 ops/sec
0/64 - Performed a throughput benchmark:
0/64 - Performed 2000000 find-or-put operations with random values from [0,...,25599999]
0/64 - Finds: 1605530 (0.802765), Inserts: 394470 (0.197235), Errors: 0 (0)
0/64 - Execution time: 6.11968 seconds
0/64 - Throughput: 326815 ops/sec
49/64 - Performed a throughput benchmark:
49/64 - Performed 2000000 find-or-put operations with random values from [0,...,25599999]
49/64 - Finds: 1603867 (0.801933), Inserts: 396133 (0.198067), Errors: 0 (0)
49/64 - Execution time: 6.12011 seconds
49/64 - Throughput: 326791 ops/sec
28/64 - Performed a throughput benchmark:
28/64 - Performed 2000000 find-or-put operations with random values from [0,...,25599999]
28/64 - Finds: 1605471 (0.802736), Inserts: 394529 (0.197265), Errors: 0 (0)
28/64 - Execution time: 6.11195 seconds
28/64 - Throughput: 327228 ops/sec
37/64 - Performed a throughput benchmark:
37/64 - Performed 2000000 find-or-put operations with random values from [0,...,25599999]
37/64 - Finds: 1602372 (0.801186), Inserts: 397628 (0.198814), Errors: 0 (0)
37/64 - Execution time: 6.10172 seconds
37/64 - Throughput: 327777 ops/sec
60/64 - Performed a throughput benchmark:
60/64 - Performed 2000000 find-or-put operations with random values from [0,...,25599999]
60/64 - Finds: 1603996 (0.801998), Inserts: 396004 (0.198002), Errors: 0 (0)
60/64 - Execution time: 6.12014 seconds
60/64 - Throughput: 326790 ops/sec
27/64 - Performed a throughput benchmark:
27/64 - Performed 2000000 find-or-put operations with random values from [0,...,25599999]
27/64 - Finds: 1601696 (0.800848), Inserts: 398304 (0.199152), Errors: 0 (0)
27/64 - Execution time: 6.10429 seconds
27/64 - Throughput: 327638 ops/sec
29/64 - Performed a throughput benchmark:
29/64 - Performed 2000000 find-or-put operations with random values from [0,...,25599999]
29/64 - Finds: 1605685 (0.802843), Inserts: 394315 (0.197158), Errors: 0 (0)
29/64 - Execution time: 6.1096 seconds
29/64 - Throughput: 327354 ops/sec
10/64 - Performed a throughput benchmark:
10/64 - Performed 2000000 find-or-put operations with random values from [0,...,25599999]
10/64 - Finds: 1601862 (0.800931), Inserts: 398138 (0.199069), Errors: 0 (0)
10/64 - Execution time: 6.08436 seconds
10/64 - Throughput: 328712 ops/sec
30/64 - Performed a throughput benchmark:
30/64 - Performed 2000000 find-or-put operations with random values from [0,...,25599999]
30/64 - Finds: 1604148 (0.802074), Inserts: 395852 (0.197926), Errors: 0 (0)
30/64 - Execution time: 6.09121 seconds
30/64 - Throughput: 328342 ops/sec
40/64 - Performed a throughput benchmark:
40/64 - Performed 2000000 find-or-put operations with random values from [0,...,25599999]
40/64 - Finds: 1602420 (0.80121), Inserts: 397580 (0.19879), Errors: 0 (0)
40/64 - Execution time: 6.09996 seconds
40/64 - Throughput: 327871 ops/sec
11/64 - Performed a throughput benchmark:
11/64 - Performed 2000000 find-or-put operations with random values from [0,...,25599999]
11/64 - Finds: 1601249 (0.800624), Inserts: 398751 (0.199376), Errors: 0 (0)
11/64 - Execution time: 6.0858 seconds
11/64 - Throughput: 328634 ops/sec
3/64 - Performed a throughput benchmark:
3/64 - Performed 2000000 find-or-put operations with random values from [0,...,25599999]
3/64 - Finds: 1604157 (0.802079), Inserts: 395843 (0.197922), Errors: 0 (0)
3/64 - Execution time: 6.10531 seconds
3/64 - Throughput: 327584 ops/sec
31/64 - Performed a throughput benchmark:
31/64 - Performed 2000000 find-or-put operations with random values from [0,...,25599999]
31/64 - Finds: 1605155 (0.802578), Inserts: 394845 (0.197423), Errors: 0 (0)
31/64 - Execution time: 6.10027 seconds
31/64 - Throughput: 327855 ops/sec
61/64 - Performed a throughput benchmark:
61/64 - Performed 2000000 find-or-put operations with random values from [0,...,25599999]
61/64 - Finds: 1602978 (0.801489), Inserts: 397022 (0.198511), Errors: 0 (0)
61/64 - Execution time: 6.11203 seconds
61/64 - Throughput: 327224 ops/sec
55/64 - Performed a throughput benchmark:
55/64 - Performed 2000000 find-or-put operations with random values from [0,...,25599999]
55/64 - Finds: 1603450 (0.801725), Inserts: 396550 (0.198275), Errors: 0 (0)
55/64 - Execution time: 6.10721 seconds
55/64 - Throughput: 327482 ops/sec
13/64 - Performed a throughput benchmark:
13/64 - Performed 2000000 find-or-put operations with random values from [0,...,25599999]
13/64 - Finds: 1604542 (0.802271), Inserts: 395458 (0.197729), Errors: 0 (0)
13/64 - Execution time: 6.13993 seconds
13/64 - Throughput: 325736 ops/sec
54/64 - Performed a throughput benchmark:
54/64 - Performed 2000000 find-or-put operations with random values from [0,...,25599999]
54/64 - Finds: 1604740 (0.80237), Inserts: 395260 (0.19763), Errors: 0 (0)
54/64 - Execution time: 6.1305 seconds
54/64 - Throughput: 326237 ops/sec
21/64 - Performed a throughput benchmark:
21/64 - Performed 2000000 find-or-put operations with random values from [0,...,25599999]
21/64 - Finds: 1607746 (0.803873), Inserts: 392254 (0.196127), Errors: 0 (0)
21/64 - Execution time: 6.15428 seconds
21/64 - Throughput: 324977 ops/sec
59/64 - Performed a throughput benchmark:
59/64 - Performed 2000000 find-or-put operations with random values from [0,...,25599999]
59/64 - Finds: 1601128 (0.800564), Inserts: 398872 (0.199436), Errors: 0 (0)
59/64 - Execution time: 6.09272 seconds
59/64 - Throughput: 328261 ops/sec
12/64 - Performed a throughput benchmark:
12/64 - Performed 2000000 find-or-put operations with random values from [0,...,25599999]
12/64 - Finds: 1604916 (0.802458), Inserts: 395084 (0.197542), Errors: 0 (0)
12/64 - Execution time: 6.15647 seconds
12/64 - Throughput: 324861 ops/sec
38/64 - Performed a throughput benchmark:
38/64 - Performed 2000000 find-or-put operations with random values from [0,...,25599999]
38/64 - Finds: 1608642 (0.804321), Inserts: 391358 (0.195679), Errors: 0 (0)
38/64 - Execution time: 6.17051 seconds
38/64 - Throughput: 324122 ops/sec
58/64 - Performed a throughput benchmark:
58/64 - Performed 2000000 find-or-put operations with random values from [0,...,25599999]
58/64 - Finds: 1597799 (0.798899), Inserts: 402201 (0.2011), Errors: 0 (0)
58/64 - Execution time: 6.08687 seconds
58/64 - Throughput: 328576 ops/sec
6/64 - Performed a throughput benchmark:
6/64 - Performed 2000000 find-or-put operations with random values from [0,...,25599999]
6/64 - Finds: 1606662 (0.803331), Inserts: 393338 (0.196669), Errors: 0 (0)
6/64 - Execution time: 6.15862 seconds
6/64 - Throughput: 324748 ops/sec
46/64 - Performed a throughput benchmark:
46/64 - Performed 2000000 find-or-put operations with random values from [0,...,25599999]
46/64 - Finds: 1610099 (0.805049), Inserts: 389901 (0.19495), Errors: 0 (0)
46/64 - Execution time: 6.21518 seconds
46/64 - Throughput: 321793 ops/sec
[1447430609.320269] [node008:12678:0]         sys.c:719  MXM  WARN  Conflicting CPU frequencies detected, using: 1587.28
