[1447430750.705407] [node004:9866 :0]         sys.c:719  MXM  WARN  Conflicting CPU frequencies detected, using: 1521.75
[1447430750.716115] [node004:9866 :0]         mxm.c:185  MXM  WARN  The 'ulimit -s' on the system is set to 'unlimited'. This may have negative performance implications. Please set the heap size to the default value (10240) 
[1447430751.073198] [node011:31117:0]         sys.c:719  MXM  WARN  Conflicting CPU frequencies detected, using: 1497.75
[1447430751.079954] [node011:31117:0]         mxm.c:185  MXM  WARN  The 'ulimit -s' on the system is set to 'unlimited'. This may have negative performance implications. Please set the heap size to the default value (10240) 
[1447430751.071660] [node015:31042:0]         sys.c:719  MXM  WARN  Conflicting CPU frequencies detected, using: 1499.72
[1447430751.078403] [node015:31042:0]         mxm.c:185  MXM  WARN  The 'ulimit -s' on the system is set to 'unlimited'. This may have negative performance implications. Please set the heap size to the default value (10240) 
[1447430751.049147] [node020:17070:0]         sys.c:719  MXM  WARN  Conflicting CPU frequencies detected, using: 2390.34
[1447430751.055292] [node020:17070:0]         mxm.c:185  MXM  WARN  The 'ulimit -s' on the system is set to 'unlimited'. This may have negative performance implications. Please set the heap size to the default value (10240) 
[1447430751.066289] [node031:27806:0]         sys.c:719  MXM  WARN  Conflicting CPU frequencies detected, using: 2408.53
[1447430751.071697] [node031:27806:0]         mxm.c:185  MXM  WARN  The 'ulimit -s' on the system is set to 'unlimited'. This may have negative performance implications. Please set the heap size to the default value (10240) 
[1447430751.062580] [node032:26222:0]         sys.c:719  MXM  WARN  Conflicting CPU frequencies detected, using: 2652.00
[1447430751.068908] [node032:26222:0]         mxm.c:185  MXM  WARN  The 'ulimit -s' on the system is set to 'unlimited'. This may have negative performance implications. Please set the heap size to the default value (10240) 
[1447430751.063269] [node009:26235:0]         sys.c:719  MXM  WARN  Conflicting CPU frequencies detected, using: 2889.47
[1447430751.069285] [node009:26235:0]         mxm.c:185  MXM  WARN  The 'ulimit -s' on the system is set to 'unlimited'. This may have negative performance implications. Please set the heap size to the default value (10240) 
[1447430751.057980] [node012:13327:0]         sys.c:719  MXM  WARN  Conflicting CPU frequencies detected, using: 2165.44
[1447430751.064565] [node012:13327:0]         mxm.c:185  MXM  WARN  The 'ulimit -s' on the system is set to 'unlimited'. This may have negative performance implications. Please set the heap size to the default value (10240) 
[1447430751.073824] [node010:13749:0]         sys.c:719  MXM  WARN  Conflicting CPU frequencies detected, using: 2804.25
[1447430751.078132] [node010:13749:0]         mxm.c:185  MXM  WARN  The 'ulimit -s' on the system is set to 'unlimited'. This may have negative performance implications. Please set the heap size to the default value (10240) 
[1447430751.063282] [node013:9752 :0]         sys.c:719  MXM  WARN  Conflicting CPU frequencies detected, using: 2061.75
[1447430751.069544] [node013:9752 :0]         mxm.c:185  MXM  WARN  The 'ulimit -s' on the system is set to 'unlimited'. This may have negative performance implications. Please set the heap size to the default value (10240) 
[1447430751.080926] [node037:32239:0]         sys.c:719  MXM  WARN  Conflicting CPU frequencies detected, using: 2628.84
[1447430751.085199] [node037:32239:0]         mxm.c:185  MXM  WARN  The 'ulimit -s' on the system is set to 'unlimited'. This may have negative performance implications. Please set the heap size to the default value (10240) 
[1447430751.077536] [node021:26094:0]         sys.c:719  MXM  WARN  Conflicting CPU frequencies detected, using: 2699.25
[1447430751.081881] [node021:26094:0]         mxm.c:185  MXM  WARN  The 'ulimit -s' on the system is set to 'unlimited'. This may have negative performance implications. Please set the heap size to the default value (10240) 
[1447430751.079063] [node023:9043 :0]         sys.c:719  MXM  WARN  Conflicting CPU frequencies detected, using: 3169.59
[1447430751.085299] [node023:9043 :0]         mxm.c:185  MXM  WARN  The 'ulimit -s' on the system is set to 'unlimited'. This may have negative performance implications. Please set the heap size to the default value (10240) 
[1447430751.077302] [node042:23531:0]         sys.c:719  MXM  WARN  Conflicting CPU frequencies detected, using: 3200.34
[1447430751.083587] [node042:23531:0]         mxm.c:185  MXM  WARN  The 'ulimit -s' on the system is set to 'unlimited'. This may have negative performance implications. Please set the heap size to the default value (10240) 
[1447430751.080949] [node040:729  :0]         sys.c:719  MXM  WARN  Conflicting CPU frequencies detected, using: 2925.66
[1447430751.087311] [node040:729  :0]         mxm.c:185  MXM  WARN  The 'ulimit -s' on the system is set to 'unlimited'. This may have negative performance implications. Please set the heap size to the default value (10240) 
[1447430751.082442] [node035:25997:0]         sys.c:719  MXM  WARN  Conflicting CPU frequencies detected, using: 2507.81
[1447430751.086677] [node035:25997:0]         mxm.c:185  MXM  WARN  The 'ulimit -s' on the system is set to 'unlimited'. This may have negative performance implications. Please set the heap size to the default value (10240) 
[1447430751.077315] [node008:16281:0]         sys.c:719  MXM  WARN  Conflicting CPU frequencies detected, using: 2626.69
[1447430751.083283] [node008:16281:0]         mxm.c:185  MXM  WARN  The 'ulimit -s' on the system is set to 'unlimited'. This may have negative performance implications. Please set the heap size to the default value (10240) 
[1447430751.089360] [node036:28550:0]         sys.c:719  MXM  WARN  Conflicting CPU frequencies detected, using: 2925.94
[1447430751.093656] [node036:28550:0]         mxm.c:185  MXM  WARN  The 'ulimit -s' on the system is set to 'unlimited'. This may have negative performance implications. Please set the heap size to the default value (10240) 
[1447430751.074581] [node014:22315:0]         sys.c:719  MXM  WARN  Conflicting CPU frequencies detected, using: 1887.00
[1447430751.078356] [node014:22315:0]         mxm.c:185  MXM  WARN  The 'ulimit -s' on the system is set to 'unlimited'. This may have negative performance implications. Please set the heap size to the default value (10240) 
[1447430751.077696] [node030:25680:0]         sys.c:719  MXM  WARN  Conflicting CPU frequencies detected, using: 2380.03
[1447430751.083908] [node030:25680:0]         mxm.c:185  MXM  WARN  The 'ulimit -s' on the system is set to 'unlimited'. This may have negative performance implications. Please set the heap size to the default value (10240) 
[1447430751.070962] [node017:21333:0]         sys.c:719  MXM  WARN  Conflicting CPU frequencies detected, using: 2344.22
[1447430751.077339] [node017:21333:0]         mxm.c:185  MXM  WARN  The 'ulimit -s' on the system is set to 'unlimited'. This may have negative performance implications. Please set the heap size to the default value (10240) 
[1447430751.087946] [node034:31609:0]         sys.c:719  MXM  WARN  Conflicting CPU frequencies detected, using: 2667.75
[1447430751.093794] [node034:31609:0]         mxm.c:185  MXM  WARN  The 'ulimit -s' on the system is set to 'unlimited'. This may have negative performance implications. Please set the heap size to the default value (10240) 
[1447430751.083703] [node033:30479:0]         sys.c:719  MXM  WARN  Conflicting CPU frequencies detected, using: 2400.00
[1447430751.089866] [node033:30479:0]         mxm.c:185  MXM  WARN  The 'ulimit -s' on the system is set to 'unlimited'. This may have negative performance implications. Please set the heap size to the default value (10240) 
[1447430751.099210] [node043:2182 :0]         sys.c:719  MXM  WARN  Conflicting CPU frequencies detected, using: 3017.72
[1447430751.105659] [node043:2182 :0]         mxm.c:185  MXM  WARN  The 'ulimit -s' on the system is set to 'unlimited'. This may have negative performance implications. Please set the heap size to the default value (10240) 
[1447430751.086877] [node016:27374:0]         sys.c:719  MXM  WARN  Conflicting CPU frequencies detected, using: 2177.91
[1447430751.091097] [node016:27374:0]         mxm.c:185  MXM  WARN  The 'ulimit -s' on the system is set to 'unlimited'. This may have negative performance implications. Please set the heap size to the default value (10240) 
[1447430751.088258] [node053:1814 :0]         sys.c:719  MXM  WARN  Conflicting CPU frequencies detected, using: 2077.03
[1447430751.092605] [node053:1814 :0]         mxm.c:185  MXM  WARN  The 'ulimit -s' on the system is set to 'unlimited'. This may have negative performance implications. Please set the heap size to the default value (10240) 
[1447430751.091037] [node044:1874 :0]         sys.c:719  MXM  WARN  Conflicting CPU frequencies detected, using: 2693.16
[1447430751.097519] [node044:1874 :0]         mxm.c:185  MXM  WARN  The 'ulimit -s' on the system is set to 'unlimited'. This may have negative performance implications. Please set the heap size to the default value (10240) 
[1447430751.089530] [node045:32644:0]         sys.c:719  MXM  WARN  Conflicting CPU frequencies detected, using: 2400.00
[1447430751.095223] [node045:32644:0]         mxm.c:185  MXM  WARN  The 'ulimit -s' on the system is set to 'unlimited'. This may have negative performance implications. Please set the heap size to the default value (10240) 
[1447430751.093189] [node039:23244:0]         sys.c:719  MXM  WARN  Conflicting CPU frequencies detected, using: 2599.97
[1447430751.099519] [node039:23244:0]         mxm.c:185  MXM  WARN  The 'ulimit -s' on the system is set to 'unlimited'. This may have negative performance implications. Please set the heap size to the default value (10240) 
[1447430751.095518] [node041:29807:0]         sys.c:719  MXM  WARN  Conflicting CPU frequencies detected, using: 2542.88
[1447430751.101547] [node041:29807:0]         mxm.c:185  MXM  WARN  The 'ulimit -s' on the system is set to 'unlimited'. This may have negative performance implications. Please set the heap size to the default value (10240) 
[1447430751.084350] [node006:21785:0]         sys.c:719  MXM  WARN  Conflicting CPU frequencies detected, using: 1693.22
[1447430751.088605] [node006:21785:0]         mxm.c:185  MXM  WARN  The 'ulimit -s' on the system is set to 'unlimited'. This may have negative performance implications. Please set the heap size to the default value (10240) 
[1447430751.089259] [node019:28572:0]         sys.c:719  MXM  WARN  Conflicting CPU frequencies detected, using: 1671.38
[1447430751.093515] [node019:28572:0]         mxm.c:185  MXM  WARN  The 'ulimit -s' on the system is set to 'unlimited'. This may have negative performance implications. Please set the heap size to the default value (10240) 
[1447430751.096162] [node038:28592:0]         sys.c:719  MXM  WARN  Conflicting CPU frequencies detected, using: 2400.09
[1447430751.102948] [node038:28592:0]         mxm.c:185  MXM  WARN  The 'ulimit -s' on the system is set to 'unlimited'. This may have negative performance implications. Please set the heap size to the default value (10240) 
[1447430751.095731] [node022:21139:0]         sys.c:719  MXM  WARN  Conflicting CPU frequencies detected, using: 2400.00
[1447430751.101841] [node022:21139:0]         mxm.c:185  MXM  WARN  The 'ulimit -s' on the system is set to 'unlimited'. This may have negative performance implications. Please set the heap size to the default value (10240) 
[1447430751.106999] [node048:26536:0]         sys.c:719  MXM  WARN  Conflicting CPU frequencies detected, using: 2195.62
[1447430751.111381] [node048:26536:0]         mxm.c:185  MXM  WARN  The 'ulimit -s' on the system is set to 'unlimited'. This may have negative performance implications. Please set the heap size to the default value (10240) 
[1447430751.095564] [node049:13806:0]         sys.c:719  MXM  WARN  Conflicting CPU frequencies detected, using: 1494.94
[1447430751.099930] [node049:13806:0]         mxm.c:185  MXM  WARN  The 'ulimit -s' on the system is set to 'unlimited'. This may have negative performance implications. Please set the heap size to the default value (10240) 
[1447430751.092015] [node018:23763:0]         sys.c:719  MXM  WARN  Conflicting CPU frequencies detected, using: 1995.38
[1447430751.098591] [node018:23763:0]         mxm.c:185  MXM  WARN  The 'ulimit -s' on the system is set to 'unlimited'. This may have negative performance implications. Please set the heap size to the default value (10240) 
[1447430751.106451] [node065:30895:0]         sys.c:719  MXM  WARN  Conflicting CPU frequencies detected, using: 1469.72
[1447430751.111230] [node065:30895:0]         mxm.c:185  MXM  WARN  The 'ulimit -s' on the system is set to 'unlimited'. This may have negative performance implications. Please set the heap size to the default value (10240) 
[1447430751.125103] [node047:25381:0]         sys.c:719  MXM  WARN  Conflicting CPU frequencies detected, using: 2393.25
[1447430751.129391] [node047:25381:0]         mxm.c:185  MXM  WARN  The 'ulimit -s' on the system is set to 'unlimited'. This may have negative performance implications. Please set the heap size to the default value (10240) 
[1447430751.132435] [node046:13673:0]         sys.c:719  MXM  WARN  Conflicting CPU frequencies detected, using: 2186.44
[1447430751.136784] [node046:13673:0]         mxm.c:185  MXM  WARN  The 'ulimit -s' on the system is set to 'unlimited'. This may have negative performance implications. Please set the heap size to the default value (10240) 
[1447430751.127159] [node051:16572:0]         sys.c:719  MXM  WARN  Conflicting CPU frequencies detected, using: 1902.19
[1447430751.131591] [node051:16572:0]         mxm.c:185  MXM  WARN  The 'ulimit -s' on the system is set to 'unlimited'. This may have negative performance implications. Please set the heap size to the default value (10240) 
[1447430751.122466] [node054:8743 :0]         sys.c:719  MXM  WARN  Conflicting CPU frequencies detected, using: 2043.84
[1447430751.129115] [node054:8743 :0]         mxm.c:185  MXM  WARN  The 'ulimit -s' on the system is set to 'unlimited'. This may have negative performance implications. Please set the heap size to the default value (10240) 
[1447430752.114731] [node066:27169:0]         sys.c:719  MXM  WARN  Conflicting CPU frequencies detected, using: 1396.97
[1447430752.121254] [node066:27169:0]         mxm.c:185  MXM  WARN  The 'ulimit -s' on the system is set to 'unlimited'. This may have negative performance implications. Please set the heap size to the default value (10240) 
[1447430752.100656] [node005:22474:0]         sys.c:719  MXM  WARN  Conflicting CPU frequencies detected, using: 1856.91
[1447430752.106865] [node005:22474:0]         mxm.c:185  MXM  WARN  The 'ulimit -s' on the system is set to 'unlimited'. This may have negative performance implications. Please set the heap size to the default value (10240) 
[1447430752.109112] [node067:16107:0]         sys.c:719  MXM  WARN  Conflicting CPU frequencies detected, using: 1483.69
[1447430752.115601] [node067:16107:0]         mxm.c:185  MXM  WARN  The 'ulimit -s' on the system is set to 'unlimited'. This may have negative performance implications. Please set the heap size to the default value (10240) 
[1447430752.123805] [node050:7985 :0]         sys.c:719  MXM  WARN  Conflicting CPU frequencies detected, using: 1524.19
[1447430752.129613] [node050:7985 :0]         mxm.c:185  MXM  WARN  The 'ulimit -s' on the system is set to 'unlimited'. This may have negative performance implications. Please set the heap size to the default value (10240) 
[1447430752.119350] [node052:25454:0]         sys.c:719  MXM  WARN  Conflicting CPU frequencies detected, using: 1797.56
[1447430752.124376] [node052:25454:0]         mxm.c:185  MXM  WARN  The 'ulimit -s' on the system is set to 'unlimited'. This may have negative performance implications. Please set the heap size to the default value (10240) 
[1447430753.076325] [node007:7411 :0]         sys.c:719  MXM  WARN  Conflicting CPU frequencies detected, using: 2183.06
[1447430753.080787] [node007:7411 :0]         mxm.c:185  MXM  WARN  The 'ulimit -s' on the system is set to 'unlimited'. This may have negative performance implications. Please set the heap size to the default value (10240) 
UPCR: UPC thread  0 of 48 on node004 (pshm node  0 of 48, process  0 of 48, pid=9866)
UPCR: UPC thread 30 of 48 on node040 (pshm node 30 of 48, process 30 of 48, pid=729)
UPCR: UPC thread 14 of 48 on node018 (pshm node 14 of 48, process 14 of 48, pid=23763)
UPCR: UPC thread  7 of 48 on node011 (pshm node  7 of 48, process  7 of 48, pid=31117)
UPCR: UPC thread 20 of 48 on node030 (pshm node 20 of 48, process 20 of 48, pid=25680)
UPCR: UPC thread 29 of 48 on node039 (pshm node 29 of 48, process 29 of 48, pid=23244)
UPCR: UPC thread 47 of 48 on node067 (pshm node 47 of 48, process 47 of 48, pid=16107)
UPCR: UPC thread 39 of 48 on node049 (pshm node 39 of 48, process 39 of 48, pid=13806)
UPCR: UPC thread 35 of 48 on node045 (pshm node 35 of 48, process 35 of 48, pid=32644)
UPCR: UPC thread 12 of 48 on node016 (pshm node 12 of 48, process 12 of 48, pid=27374)
UPCR: UPC thread 43 of 48 on node053 (pshm node 43 of 48, process 43 of 48, pid=1814)
UPCR: UPC thread 27 of 48 on node037 (pshm node 27 of 48, process 27 of 48, pid=32239)
UPCR: UPC thread  6 of 48 on node010 (pshm node  6 of 48, process  6 of 48, pid=13749)
UPCR: UPC thread  3 of 48 on node007 (pshm node  3 of 48, process  3 of 48, pid=7411)
UPCR: UPC thread  8 of 48 on node012 (pshm node  8 of 48, process  8 of 48, pid=13327)
UPCR: UPC thread  9 of 48 on node013 (pshm node  9 of 48, process  9 of 48, pid=9752)
UPCR: UPC thread 40 of 48 on node050 (pshm node 40 of 48, process 40 of 48, pid=7985)
UPCR: UPC thread 13 of 48 on node017 (pshm node 13 of 48, process 13 of 48, pid=21333)
UPCR: UPC thread 38 of 48 on node048 (pshm node 38 of 48, process 38 of 48, pid=26536)
UPCR: UPC thread 21 of 48 on node031 (pshm node 21 of 48, process 21 of 48, pid=27806)
UPCR: UPC thread 34 of 48 on node044 (pshm node 34 of 48, process 34 of 48, pid=1874)
UPCR: UPC thread 11 of 48 on node015 (pshm node 11 of 48, process 11 of 48, pid=31042)
UPCR: UPC thread  2 of 48 on node006 (pshm node  2 of 48, process  2 of 48, pid=21785)
UPCR: UPC thread  1 of 48 on node005 (pshm node  1 of 48, process  1 of 48, pid=22474)
UPCR: UPC thread 10 of 48 on node014 (pshm node 10 of 48, process 10 of 48, pid=22315)
UPCR: UPC thread 18 of 48 on node022 (pshm node 18 of 48, process 18 of 48, pid=21139)
UPCR: UPC thread  4 of 48 on node008 (pshm node  4 of 48, process  4 of 48, pid=16281)
UPCR: UPC thread 36 of 48 on node046 (pshm node 36 of 48, process 36 of 48, pid=13673)
UPCR: UPC thread 19 of 48 on node023 (pshm node 19 of 48, process 19 of 48, pid=9043)
UPCR: UPC thread 44 of 48 on node054 (pshm node 44 of 48, process 44 of 48, pid=8743)
UPCR: UPC thread 33 of 48 on node043 (pshm node 33 of 48, process 33 of 48, pid=2182)
UPCR: UPC thread 16 of 48 on node020 (pshm node 16 of 48, process 16 of 48, pid=17070)
UPCR: UPC thread 31 of 48 on node041 (pshm node 31 of 48, process 31 of 48, pid=29807)
UPCR: UPC thread 22 of 48 on node032 (pshm node 22 of 48, process 22 of 48, pid=26222)
UPCR: UPC thread 24 of 48 on node034 (pshm node 24 of 48, process 24 of 48, pid=31609)
UPCR: UPC thread  5 of 48 on node009 (pshm node  5 of 48, process  5 of 48, pid=26235)
UPCR: UPC thread 37 of 48 on node047 (pshm node 37 of 48, process 37 of 48, pid=25381)
UPCR: UPC thread 25 of 48 on node035 (pshm node 25 of 48, process 25 of 48, pid=25997)
UPCR: UPC thread 26 of 48 on node036 (pshm node 26 of 48, process 26 of 48, pid=28550)
UPCR: UPC thread 23 of 48 on node033 (pshm node 23 of 48, process 23 of 48, pid=30479)
UPCR: UPC thread 41 of 48 on node051 (pshm node 41 of 48, process 41 of 48, pid=16572)
UPCR: UPC thread 17 of 48 on node021 (pshm node 17 of 48, process 17 of 48, pid=26094)
UPCR: UPC thread 15 of 48 on node019 (pshm node 15 of 48, process 15 of 48, pid=28572)
UPCR: UPC thread 45 of 48 on node065 (pshm node 45 of 48, process 45 of 48, pid=30895)
UPCR: UPC thread 28 of 48 on node038 (pshm node 28 of 48, process 28 of 48, pid=28592)
UPCR: UPC thread 42 of 48 on node052 (pshm node 42 of 48, process 42 of 48, pid=25454)
UPCR: UPC thread 46 of 48 on node066 (pshm node 46 of 48, process 46 of 48, pid=27169)
UPCR: UPC thread 32 of 48 on node042 (pshm node 32 of 48, process 32 of 48, pid=23531)
0/48 - htable initialized
0/48 - table size: 51539607552 bytes (49152 MB)
0/48 - total number of buckets: 6442450944
0/48 - block size: 1073741824 (1024 MB)
0/48 - number of buckets in block: 134217728
0/48 - number of blocks: 48
12/48 - Performed a throughput benchmark:
12/48 - Performed 2000000 find-or-put operations with random values from [0,...,19199999]
12/48 - Finds: 1580812 (0.790406), Inserts: 419188 (0.209594), Errors: 0 (0)
12/48 - Execution time: 6.14081 seconds
12/48 - Throughput: 325690 ops/sec
5/48 - Performed a throughput benchmark:
5/48 - Performed 2000000 find-or-put operations with random values from [0,...,19199999]
5/48 - Finds: 1584159 (0.79208), Inserts: 415841 (0.207921), Errors: 0 (0)
5/48 - Execution time: 6.18807 seconds
5/48 - Throughput: 323203 ops/sec
10/48 - Performed a throughput benchmark:
10/48 - Performed 2000000 find-or-put operations with random values from [0,...,19199999]
10/48 - Finds: 1585886 (0.792943), Inserts: 414114 (0.207057), Errors: 0 (0)
10/48 - Execution time: 6.20304 seconds
10/48 - Throughput: 322423 ops/sec
11/48 - Performed a throughput benchmark:
11/48 - Performed 2000000 find-or-put operations with random values from [0,...,19199999]
11/48 - Finds: 1584636 (0.792318), Inserts: 415364 (0.207682), Errors: 0 (0)
11/48 - Execution time: 6.18866 seconds
11/48 - Throughput: 323172 ops/sec
14/48 - Performed a throughput benchmark:
14/48 - Performed 2000000 find-or-put operations with random values from [0,...,19199999]
14/48 - Finds: 1585847 (0.792924), Inserts: 414153 (0.207076), Errors: 0 (0)
14/48 - Execution time: 6.20386 seconds
14/48 - Throughput: 322380 ops/sec
7/48 - Performed a throughput benchmark:
7/48 - Performed 2000000 find-or-put operations with random values from [0,...,19199999]
7/48 - Finds: 1586015 (0.793007), Inserts: 413985 (0.206992), Errors: 0 (0)
7/48 - Execution time: 6.2092 seconds
7/48 - Throughput: 322103 ops/sec
16/48 - Performed a throughput benchmark:
16/48 - Performed 2000000 find-or-put operations with random values from [0,...,19199999]
16/48 - Finds: 1584308 (0.792154), Inserts: 415692 (0.207846), Errors: 0 (0)
16/48 - Execution time: 6.19816 seconds
16/48 - Throughput: 322676 ops/sec
4/48 - Performed a throughput benchmark:
4/48 - Performed 2000000 find-or-put operations with random values from [0,...,19199999]
4/48 - Finds: 1583762 (0.791881), Inserts: 416238 (0.208119), Errors: 0 (0)
4/48 - Execution time: 6.1816 seconds
4/48 - Throughput: 323541 ops/sec
8/48 - Performed a throughput benchmark:
8/48 - Performed 2000000 find-or-put operations with random values from [0,...,19199999]
8/48 - Finds: 1585362 (0.792681), Inserts: 414638 (0.207319), Errors: 0 (0)
8/48 - Execution time: 6.19186 seconds
8/48 - Throughput: 323005 ops/sec
9/48 - Performed a throughput benchmark:
9/48 - Performed 2000000 find-or-put operations with random values from [0,...,19199999]
9/48 - Finds: 1584801 (0.7924), Inserts: 415199 (0.207599), Errors: 0 (0)
9/48 - Execution time: 6.19876 seconds
9/48 - Throughput: 322645 ops/sec
13/48 - Performed a throughput benchmark:
13/48 - Performed 2000000 find-or-put operations with random values from [0,...,19199999]
13/48 - Finds: 1586097 (0.793049), Inserts: 413903 (0.206952), Errors: 0 (0)
13/48 - Execution time: 6.20798 seconds
13/48 - Throughput: 322166 ops/sec
15/48 - Performed a throughput benchmark:
15/48 - Performed 2000000 find-or-put operations with random values from [0,...,19199999]
15/48 - Finds: 1586392 (0.793196), Inserts: 413608 (0.206804), Errors: 0 (0)
15/48 - Execution time: 6.24463 seconds
15/48 - Throughput: 320275 ops/sec
19/48 - Performed a throughput benchmark:
19/48 - Performed 2000000 find-or-put operations with random values from [0,...,19199999]
19/48 - Finds: 1586672 (0.793336), Inserts: 413328 (0.206664), Errors: 0 (0)
19/48 - Execution time: 6.22736 seconds
19/48 - Throughput: 321163 ops/sec
17/48 - Performed a throughput benchmark:
17/48 - Performed 2000000 find-or-put operations with random values from [0,...,19199999]
17/48 - Finds: 1585108 (0.792554), Inserts: 414892 (0.207446), Errors: 0 (0)
17/48 - Execution time: 6.20857 seconds
17/48 - Throughput: 322135 ops/sec
6/48 - Performed a throughput benchmark:
6/48 - Performed 2000000 find-or-put operations with random values from [0,...,19199999]
6/48 - Finds: 1586149 (0.793075), Inserts: 413851 (0.206926), Errors: 0 (0)
6/48 - Execution time: 6.20904 seconds
6/48 - Throughput: 322111 ops/sec
18/48 - Performed a throughput benchmark:
18/48 - Performed 2000000 find-or-put operations with random values from [0,...,19199999]
18/48 - Finds: 1585221 (0.79261), Inserts: 414779 (0.20739), Errors: 0 (0)
18/48 - Execution time: 6.21088 seconds
18/48 - Throughput: 322016 ops/sec
25/48 - Performed a throughput benchmark:
25/48 - Performed 2000000 find-or-put operations with random values from [0,...,19199999]
25/48 - Finds: 1592222 (0.796111), Inserts: 407778 (0.203889), Errors: 0 (0)
25/48 - Execution time: 6.3182 seconds
25/48 - Throughput: 316546 ops/sec
27/48 - Performed a throughput benchmark:
27/48 - Performed 2000000 find-or-put operations with random values from [0,...,19199999]
27/48 - Finds: 1591342 (0.795671), Inserts: 408658 (0.204329), Errors: 0 (0)
27/48 - Execution time: 6.31928 seconds
27/48 - Throughput: 316492 ops/sec
31/48 - Performed a throughput benchmark:
31/48 - Performed 2000000 find-or-put operations with random values from [0,...,19199999]
31/48 - Finds: 1590571 (0.795285), Inserts: 409429 (0.204714), Errors: 0 (0)
31/48 - Execution time: 6.3307 seconds
31/48 - Throughput: 315921 ops/sec
35/48 - Performed a throughput benchmark:
35/48 - Performed 2000000 find-or-put operations with random values from [0,...,19199999]
35/48 - Finds: 1591714 (0.795857), Inserts: 408286 (0.204143), Errors: 0 (0)
35/48 - Execution time: 6.32581 seconds
35/48 - Throughput: 316165 ops/sec
20/48 - Performed a throughput benchmark:
20/48 - Performed 2000000 find-or-put operations with random values from [0,...,19199999]
20/48 - Finds: 1591762 (0.795881), Inserts: 408238 (0.204119), Errors: 0 (0)
20/48 - Execution time: 6.32802 seconds
20/48 - Throughput: 316055 ops/sec
33/48 - Performed a throughput benchmark:
33/48 - Performed 2000000 find-or-put operations with random values from [0,...,19199999]
33/48 - Finds: 1592897 (0.796449), Inserts: 407103 (0.203551), Errors: 0 (0)
33/48 - Execution time: 6.3307 seconds
33/48 - Throughput: 315921 ops/sec
32/48 - Performed a throughput benchmark:
32/48 - Performed 2000000 find-or-put operations with random values from [0,...,19199999]
32/48 - Finds: 1591711 (0.795856), Inserts: 408289 (0.204145), Errors: 0 (0)
32/48 - Execution time: 6.31836 seconds
32/48 - Throughput: 316538 ops/sec
29/48 - Performed a throughput benchmark:
29/48 - Performed 2000000 find-or-put operations with random values from [0,...,19199999]
29/48 - Finds: 1591055 (0.795528), Inserts: 408945 (0.204473), Errors: 0 (0)
29/48 - Execution time: 6.32691 seconds
29/48 - Throughput: 316110 ops/sec
28/48 - Performed a throughput benchmark:
28/48 - Performed 2000000 find-or-put operations with random values from [0,...,19199999]
28/48 - Finds: 1592699 (0.79635), Inserts: 407301 (0.203651), Errors: 0 (0)
28/48 - Execution time: 6.31968 seconds
28/48 - Throughput: 316472 ops/sec
24/48 - Performed a throughput benchmark:
24/48 - Performed 2000000 find-or-put operations with random values from [0,...,19199999]
24/48 - Finds: 1591962 (0.795981), Inserts: 408038 (0.204019), Errors: 0 (0)
24/48 - Execution time: 6.3217 seconds
24/48 - Throughput: 316371 ops/sec
34/48 - Performed a throughput benchmark:
34/48 - Performed 2000000 find-or-put operations with random values from [0,...,19199999]
34/48 - Finds: 1591814 (0.795907), Inserts: 408186 (0.204093), Errors: 0 (0)
34/48 - Execution time: 6.31385 seconds
34/48 - Throughput: 316764 ops/sec
26/48 - Performed a throughput benchmark:
26/48 - Performed 2000000 find-or-put operations with random values from [0,...,19199999]
26/48 - Finds: 1592691 (0.796346), Inserts: 407309 (0.203654), Errors: 0 (0)
26/48 - Execution time: 6.3218 seconds
26/48 - Throughput: 316365 ops/sec
30/48 - Performed a throughput benchmark:
30/48 - Performed 2000000 find-or-put operations with random values from [0,...,19199999]
30/48 - Finds: 1592839 (0.796419), Inserts: 407161 (0.20358), Errors: 0 (0)
30/48 - Execution time: 6.33456 seconds
30/48 - Throughput: 315728 ops/sec
23/48 - Performed a throughput benchmark:
23/48 - Performed 2000000 find-or-put operations with random values from [0,...,19199999]
23/48 - Finds: 1593826 (0.796913), Inserts: 406174 (0.203087), Errors: 0 (0)
23/48 - Execution time: 6.32856 seconds
23/48 - Throughput: 316028 ops/sec
47/48 - Performed a throughput benchmark:
47/48 - Performed 2000000 find-or-put operations with random values from [0,...,19199999]
47/48 - Finds: 1599912 (0.799956), Inserts: 400088 (0.200044), Errors: 0 (0)
47/48 - Execution time: 6.3275 seconds
47/48 - Throughput: 316081 ops/sec
21/48 - Performed a throughput benchmark:
21/48 - Performed 2000000 find-or-put operations with random values from [0,...,19199999]
21/48 - Finds: 1593500 (0.79675), Inserts: 406500 (0.20325), Errors: 0 (0)
21/48 - Execution time: 6.35124 seconds
21/48 - Throughput: 314899 ops/sec
44/48 - Performed a throughput benchmark:
44/48 - Performed 2000000 find-or-put operations with random values from [0,...,19199999]
44/48 - Finds: 1600854 (0.800427), Inserts: 399146 (0.199573), Errors: 0 (0)
44/48 - Execution time: 6.33564 seconds
44/48 - Throughput: 315674 ops/sec
43/48 - Performed a throughput benchmark:
43/48 - Performed 2000000 find-or-put operations with random values from [0,...,19199999]
43/48 - Finds: 1600380 (0.80019), Inserts: 399620 (0.19981), Errors: 0 (0)
43/48 - Execution time: 6.33399 seconds
43/48 - Throughput: 315757 ops/sec
22/48 - Performed a throughput benchmark:
22/48 - Performed 2000000 find-or-put operations with random values from [0,...,19199999]
22/48 - Finds: 1594090 (0.797045), Inserts: 405910 (0.202955), Errors: 0 (0)
22/48 - Execution time: 6.39476 seconds
22/48 - Throughput: 312756 ops/sec
45/48 - Performed a throughput benchmark:
45/48 - Performed 2000000 find-or-put operations with random values from [0,...,19199999]
45/48 - Finds: 1600135 (0.800068), Inserts: 399865 (0.199933), Errors: 0 (0)
45/48 - Execution time: 6.33477 seconds
45/48 - Throughput: 315718 ops/sec
46/48 - Performed a throughput benchmark:
46/48 - Performed 2000000 find-or-put operations with random values from [0,...,19199999]
46/48 - Finds: 1601243 (0.800621), Inserts: 398757 (0.199378), Errors: 0 (0)
46/48 - Execution time: 6.36605 seconds
46/48 - Throughput: 314166 ops/sec
1/48 - Performed a throughput benchmark:
1/48 - Performed 2000000 find-or-put operations with random values from [0,...,19199999]
1/48 - Finds: 1636610 (0.818305), Inserts: 363390 (0.181695), Errors: 0 (0)
1/48 - Execution time: 7.05653 seconds
1/48 - Throughput: 283425 ops/sec
3/48 - Performed a throughput benchmark:
3/48 - Performed 2000000 find-or-put operations with random values from [0,...,19199999]
3/48 - Finds: 1637754 (0.818877), Inserts: 362246 (0.181123), Errors: 0 (0)
3/48 - Execution time: 7.06738 seconds
3/48 - Throughput: 282990 ops/sec
0/48 - Performed a throughput benchmark:
0/48 - Performed 2000000 find-or-put operations with random values from [0,...,19199999]
0/48 - Finds: 1638331 (0.819165), Inserts: 361669 (0.180835), Errors: 0 (0)
0/48 - Execution time: 7.07936 seconds
0/48 - Throughput: 282511 ops/sec
2/48 - Performed a throughput benchmark:
2/48 - Performed 2000000 find-or-put operations with random values from [0,...,19199999]
2/48 - Finds: 1637835 (0.818917), Inserts: 362165 (0.181083), Errors: 0 (0)
2/48 - Execution time: 7.10494 seconds
2/48 - Throughput: 281494 ops/sec
36/48 - Performed a throughput benchmark:
36/48 - Performed 2000000 find-or-put operations with random values from [0,...,19199999]
36/48 - Finds: 1646913 (0.823457), Inserts: 353087 (0.176543), Errors: 0 (0)
36/48 - Execution time: 7.33464 seconds
36/48 - Throughput: 272679 ops/sec
42/48 - Performed a throughput benchmark:
42/48 - Performed 2000000 find-or-put operations with random values from [0,...,19199999]
42/48 - Finds: 1647547 (0.823774), Inserts: 352453 (0.176227), Errors: 0 (0)
42/48 - Execution time: 7.33347 seconds
42/48 - Throughput: 272722 ops/sec
40/48 - Performed a throughput benchmark:
40/48 - Performed 2000000 find-or-put operations with random values from [0,...,19199999]
40/48 - Finds: 1647065 (0.823533), Inserts: 352935 (0.176467), Errors: 0 (0)
40/48 - Execution time: 7.32954 seconds
40/48 - Throughput: 272869 ops/sec
38/48 - Performed a throughput benchmark:
38/48 - Performed 2000000 find-or-put operations with random values from [0,...,19199999]
38/48 - Finds: 1647044 (0.823522), Inserts: 352956 (0.176478), Errors: 0 (0)
38/48 - Execution time: 7.34504 seconds
38/48 - Throughput: 272292 ops/sec
39/48 - Performed a throughput benchmark:
39/48 - Performed 2000000 find-or-put operations with random values from [0,...,19199999]
39/48 - Finds: 1647864 (0.823932), Inserts: 352136 (0.176068), Errors: 0 (0)
39/48 - Execution time: 7.34281 seconds
39/48 - Throughput: 272375 ops/sec
37/48 - Performed a throughput benchmark:
37/48 - Performed 2000000 find-or-put operations with random values from [0,...,19199999]
37/48 - Finds: 1647853 (0.823927), Inserts: 352147 (0.176073), Errors: 0 (0)
37/48 - Execution time: 7.34215 seconds
37/48 - Throughput: 272400 ops/sec
41/48 - Performed a throughput benchmark:
41/48 - Performed 2000000 find-or-put operations with random values from [0,...,19199999]
41/48 - Finds: 1654230 (0.827115), Inserts: 345770 (0.172885), Errors: 0 (0)
41/48 - Execution time: 7.43501 seconds
41/48 - Throughput: 268998 ops/sec
[1447430750.684327] [node004:9821 :0]         sys.c:719  MXM  WARN  Conflicting CPU frequencies detected, using: 1500.28
