[1447430037.810087] [node053:1028 :0]         sys.c:719  MXM  WARN  Conflicting CPU frequencies detected, using: 2460.19
[1447430037.813974] [node053:1028 :0]         mxm.c:185  MXM  WARN  The 'ulimit -s' on the system is set to 'unlimited'. This may have negative performance implications. Please set the heap size to the default value (10240) 
[1447430037.811533] [node053:1025 :0]         sys.c:719  MXM  WARN  Conflicting CPU frequencies detected, using: 2460.19
[1447430037.817159] [node053:1025 :0]         mxm.c:185  MXM  WARN  The 'ulimit -s' on the system is set to 'unlimited'. This may have negative performance implications. Please set the heap size to the default value (10240) 
[1447430037.810292] [node053:1019 :0]         sys.c:719  MXM  WARN  Conflicting CPU frequencies detected, using: 2460.19
[1447430037.815765] [node053:1019 :0]         mxm.c:185  MXM  WARN  The 'ulimit -s' on the system is set to 'unlimited'. This may have negative performance implications. Please set the heap size to the default value (10240) 
[1447430037.809110] [node053:1023 :0]         sys.c:719  MXM  WARN  Conflicting CPU frequencies detected, using: 2460.19
[1447430037.812771] [node053:1023 :0]         mxm.c:185  MXM  WARN  The 'ulimit -s' on the system is set to 'unlimited'. This may have negative performance implications. Please set the heap size to the default value (10240) 
[1447430037.810813] [node053:1021 :0]         sys.c:719  MXM  WARN  Conflicting CPU frequencies detected, using: 2460.19
[1447430037.817384] [node053:1021 :0]         mxm.c:185  MXM  WARN  The 'ulimit -s' on the system is set to 'unlimited'. This may have negative performance implications. Please set the heap size to the default value (10240) 
[1447430037.810813] [node053:1022 :0]         sys.c:719  MXM  WARN  Conflicting CPU frequencies detected, using: 2460.19
[1447430037.816755] [node053:1022 :0]         mxm.c:185  MXM  WARN  The 'ulimit -s' on the system is set to 'unlimited'. This may have negative performance implications. Please set the heap size to the default value (10240) 
[1447430037.810607] [node053:1030 :0]         sys.c:719  MXM  WARN  Conflicting CPU frequencies detected, using: 2460.19
[1447430037.816294] [node053:1030 :0]         mxm.c:185  MXM  WARN  The 'ulimit -s' on the system is set to 'unlimited'. This may have negative performance implications. Please set the heap size to the default value (10240) 
[1447430037.810870] [node053:1020 :0]         sys.c:719  MXM  WARN  Conflicting CPU frequencies detected, using: 2460.19
[1447430037.817279] [node053:1020 :0]         mxm.c:185  MXM  WARN  The 'ulimit -s' on the system is set to 'unlimited'. This may have negative performance implications. Please set the heap size to the default value (10240) 
[1447430037.810966] [node053:1026 :0]         sys.c:719  MXM  WARN  Conflicting CPU frequencies detected, using: 2460.19
[1447430037.817811] [node053:1026 :0]         mxm.c:185  MXM  WARN  The 'ulimit -s' on the system is set to 'unlimited'. This may have negative performance implications. Please set the heap size to the default value (10240) 
[1447430037.812083] [node053:1029 :0]         sys.c:719  MXM  WARN  Conflicting CPU frequencies detected, using: 2460.19
[1447430037.817499] [node053:1029 :0]         mxm.c:185  MXM  WARN  The 'ulimit -s' on the system is set to 'unlimited'. This may have negative performance implications. Please set the heap size to the default value (10240) 
[1447430037.809782] [node053:1024 :0]         sys.c:719  MXM  WARN  Conflicting CPU frequencies detected, using: 2460.19
[1447430037.813455] [node053:1024 :0]         mxm.c:185  MXM  WARN  The 'ulimit -s' on the system is set to 'unlimited'. This may have negative performance implications. Please set the heap size to the default value (10240) 
[1447430037.810088] [node053:1027 :0]         sys.c:719  MXM  WARN  Conflicting CPU frequencies detected, using: 2460.19
[1447430037.814334] [node053:1027 :0]         mxm.c:185  MXM  WARN  The 'ulimit -s' on the system is set to 'unlimited'. This may have negative performance implications. Please set the heap size to the default value (10240) 
[1447430038.122299] [node054:5752 :0]         sys.c:719  MXM  WARN  Conflicting CPU frequencies detected, using: 2400.00
[1447430038.128036] [node054:5752 :0]         mxm.c:185  MXM  WARN  The 'ulimit -s' on the system is set to 'unlimited'. This may have negative performance implications. Please set the heap size to the default value (10240) 
[1447430038.235419] [node054:5761 :0]         sys.c:719  MXM  WARN  Conflicting CPU frequencies detected, using: 2400.09
[1447430038.240807] [node054:5761 :0]         mxm.c:185  MXM  WARN  The 'ulimit -s' on the system is set to 'unlimited'. This may have negative performance implications. Please set the heap size to the default value (10240) 
[1447430038.247274] [node054:5781 :0]         sys.c:719  MXM  WARN  Conflicting CPU frequencies detected, using: 2400.09
[1447430038.282742] [node054:5781 :0]         mxm.c:185  MXM  WARN  The 'ulimit -s' on the system is set to 'unlimited'. This may have negative performance implications. Please set the heap size to the default value (10240) 
[1447430038.243028] [node054:5786 :0]         sys.c:719  MXM  WARN  Conflicting CPU frequencies detected, using: 2400.09
[1447430038.253355] [node054:5786 :0]         mxm.c:185  MXM  WARN  The 'ulimit -s' on the system is set to 'unlimited'. This may have negative performance implications. Please set the heap size to the default value (10240) 
[1447430038.246975] [node054:5793 :0]         sys.c:719  MXM  WARN  Conflicting CPU frequencies detected, using: 2400.09
[1447430038.277199] [node054:5793 :0]         mxm.c:185  MXM  WARN  The 'ulimit -s' on the system is set to 'unlimited'. This may have negative performance implications. Please set the heap size to the default value (10240) 
[1447430038.248517] [node054:5780 :0]         sys.c:719  MXM  WARN  Conflicting CPU frequencies detected, using: 2400.09
[1447430038.281982] [node054:5780 :0]         mxm.c:185  MXM  WARN  The 'ulimit -s' on the system is set to 'unlimited'. This may have negative performance implications. Please set the heap size to the default value (10240) 
[1447430038.242516] [node054:5754 :0]         sys.c:719  MXM  WARN  Conflicting CPU frequencies detected, using: 2400.09
[1447430038.273868] [node054:5754 :0]         mxm.c:185  MXM  WARN  The 'ulimit -s' on the system is set to 'unlimited'. This may have negative performance implications. Please set the heap size to the default value (10240) 
[1447430038.250918] [node054:5788 :0]         sys.c:719  MXM  WARN  Conflicting CPU frequencies detected, using: 2400.09
[1447430038.291062] [node054:5788 :0]         mxm.c:185  MXM  WARN  The 'ulimit -s' on the system is set to 'unlimited'. This may have negative performance implications. Please set the heap size to the default value (10240) 
[1447430038.243551] [node054:5787 :0]         sys.c:719  MXM  WARN  Conflicting CPU frequencies detected, using: 2400.09
[1447430038.283509] [node054:5787 :0]         mxm.c:185  MXM  WARN  The 'ulimit -s' on the system is set to 'unlimited'. This may have negative performance implications. Please set the heap size to the default value (10240) 
[1447430038.244890] [node054:5792 :0]         sys.c:719  MXM  WARN  Conflicting CPU frequencies detected, using: 2400.09
[1447430038.260582] [node054:5792 :0]         mxm.c:185  MXM  WARN  The 'ulimit -s' on the system is set to 'unlimited'. This may have negative performance implications. Please set the heap size to the default value (10240) 
[1447430038.255651] [node054:5784 :0]         sys.c:719  MXM  WARN  Conflicting CPU frequencies detected, using: 2400.09
[1447430038.286067] [node054:5784 :0]         mxm.c:185  MXM  WARN  The 'ulimit -s' on the system is set to 'unlimited'. This may have negative performance implications. Please set the heap size to the default value (10240) 
[1447430038.240803] [node054:5785 :0]         sys.c:719  MXM  WARN  Conflicting CPU frequencies detected, using: 2400.09
[1447430038.247735] [node054:5785 :0]         mxm.c:185  MXM  WARN  The 'ulimit -s' on the system is set to 'unlimited'. This may have negative performance implications. Please set the heap size to the default value (10240) 
UPCR: UPC thread  4 of 24 on node053 (pshm node 0 of 2, process  4 of 24, pid=1023)
UPCR: UPC thread  8 of 24 on node053 (pshm node 0 of 2, process  8 of 24, pid=1027)
UPCR: UPC thread  9 of 24 on node053 (pshm node 0 of 2, process  9 of 24, pid=1028)
UPCR: UPC thread 11 of 24 on node053 (pshm node 0 of 2, process 11 of 24, pid=1030)
UPCR: UPC thread  7 of 24 on node053 (pshm node 0 of 2, process  7 of 24, pid=1026)
UPCR: UPC thread  2 of 24 on node053 (pshm node 0 of 2, process  2 of 24, pid=1021)
UPCR: UPC thread  5 of 24 on node053 (pshm node 0 of 2, process  5 of 24, pid=1024)
UPCR: UPC thread  3 of 24 on node053 (pshm node 0 of 2, process  3 of 24, pid=1022)
UPCR: UPC thread  0 of 24 on node053 (pshm node 0 of 2, process  0 of 24, pid=1019)
UPCR: UPC thread 10 of 24 on node053 (pshm node 0 of 2, process 10 of 24, pid=1029)
UPCR: UPC thread  6 of 24 on node053 (pshm node 0 of 2, process  6 of 24, pid=1025)
UPCR: UPC thread  1 of 24 on node053 (pshm node 0 of 2, process  1 of 24, pid=1020)
UPCR: UPC thread 18 of 24 on node054 (pshm node 1 of 2, process 18 of 24, pid=5787)
UPCR: UPC thread 22 of 24 on node054 (pshm node 1 of 2, process 22 of 24, pid=5754)
UPCR: UPC thread 19 of 24 on node054 (pshm node 1 of 2, process 19 of 24, pid=5785)
UPCR: UPC thread 20 of 24 on node054 (pshm node 1 of 2, process 20 of 24, pid=5784)
UPCR: UPC thread 14 of 24 on node054 (pshm node 1 of 2, process 14 of 24, pid=5752)
UPCR: UPC thread 17 of 24 on node054 (pshm node 1 of 2, process 17 of 24, pid=5792)
UPCR: UPC thread 15 of 24 on node054 (pshm node 1 of 2, process 15 of 24, pid=5781)
UPCR: UPC thread 23 of 24 on node054 (pshm node 1 of 2, process 23 of 24, pid=5793)
UPCR: UPC thread 16 of 24 on node054 (pshm node 1 of 2, process 16 of 24, pid=5786)
UPCR: UPC thread 13 of 24 on node054 (pshm node 1 of 2, process 13 of 24, pid=5788)
UPCR: UPC thread 12 of 24 on node054 (pshm node 1 of 2, process 12 of 24, pid=5780)
UPCR: UPC thread 21 of 24 on node054 (pshm node 1 of 2, process 21 of 24, pid=5761)
0/24 - htable initialized
0/24 - table size: 25769803776 bytes (24576 MB)
0/24 - total number of buckets: 3221225472
0/24 - block size: 1073741824 (1024 MB)
0/24 - number of buckets in block: 134217728
0/24 - number of blocks: 24
14/24 - Performed a throughput benchmark:
14/24 - Performed 2000000 find-or-put operations with random values from [0,...,9599999]
14/24 - Finds: 1595720 (0.79786), Inserts: 404280 (0.20214), Errors: 0 (0)
14/24 - Execution time: 4.5893 seconds
14/24 - Throughput: 435796 ops/sec
16/24 - Performed a throughput benchmark:
16/24 - Performed 2000000 find-or-put operations with random values from [0,...,9599999]
16/24 - Finds: 1595374 (0.797687), Inserts: 404626 (0.202313), Errors: 0 (0)
16/24 - Execution time: 4.59285 seconds
16/24 - Throughput: 435460 ops/sec
3/24 - Performed a throughput benchmark:
3/24 - Performed 2000000 find-or-put operations with random values from [0,...,9599999]
3/24 - Finds: 1593865 (0.796933), Inserts: 406135 (0.203068), Errors: 0 (0)
3/24 - Execution time: 4.55335 seconds
3/24 - Throughput: 439238 ops/sec
7/24 - Performed a throughput benchmark:
7/24 - Performed 2000000 find-or-put operations with random values from [0,...,9599999]
7/24 - Finds: 1591243 (0.795621), Inserts: 408757 (0.204378), Errors: 0 (0)
7/24 - Execution time: 4.53989 seconds
7/24 - Throughput: 440540 ops/sec
2/24 - Performed a throughput benchmark:
2/24 - Performed 2000000 find-or-put operations with random values from [0,...,9599999]
2/24 - Finds: 1594496 (0.797248), Inserts: 405504 (0.202752), Errors: 0 (0)
2/24 - Execution time: 4.55862 seconds
2/24 - Throughput: 438729 ops/sec
1/24 - Performed a throughput benchmark:
1/24 - Performed 2000000 find-or-put operations with random values from [0,...,9599999]
1/24 - Finds: 1595250 (0.797625), Inserts: 404750 (0.202375), Errors: 0 (0)
1/24 - Execution time: 4.58279 seconds
1/24 - Throughput: 436415 ops/sec
18/24 - Performed a throughput benchmark:
18/24 - Performed 2000000 find-or-put operations with random values from [0,...,9599999]
18/24 - Finds: 1594031 (0.797015), Inserts: 405969 (0.202985), Errors: 0 (0)
18/24 - Execution time: 4.57358 seconds
18/24 - Throughput: 437294 ops/sec
13/24 - Performed a throughput benchmark:
13/24 - Performed 2000000 find-or-put operations with random values from [0,...,9599999]
13/24 - Finds: 1599390 (0.799695), Inserts: 400610 (0.200305), Errors: 0 (0)
13/24 - Execution time: 4.64719 seconds
13/24 - Throughput: 430368 ops/sec
15/24 - Performed a throughput benchmark:
15/24 - Performed 2000000 find-or-put operations with random values from [0,...,9599999]
15/24 - Finds: 1596410 (0.798205), Inserts: 403590 (0.201795), Errors: 0 (0)
15/24 - Execution time: 4.63945 seconds
15/24 - Throughput: 431086 ops/sec
17/24 - Performed a throughput benchmark:
17/24 - Performed 2000000 find-or-put operations with random values from [0,...,9599999]
17/24 - Finds: 1597236 (0.798618), Inserts: 402764 (0.201382), Errors: 0 (0)
17/24 - Execution time: 4.65299 seconds
17/24 - Throughput: 429831 ops/sec
19/24 - Performed a throughput benchmark:
19/24 - Performed 2000000 find-or-put operations with random values from [0,...,9599999]
19/24 - Finds: 1600441 (0.800221), Inserts: 399559 (0.199779), Errors: 0 (0)
19/24 - Execution time: 4.68157 seconds
19/24 - Throughput: 427207 ops/sec
12/24 - Performed a throughput benchmark:
12/24 - Performed 2000000 find-or-put operations with random values from [0,...,9599999]
12/24 - Finds: 1597251 (0.798625), Inserts: 402749 (0.201375), Errors: 0 (0)
12/24 - Execution time: 4.65313 seconds
12/24 - Throughput: 429819 ops/sec
5/24 - Performed a throughput benchmark:
5/24 - Performed 2000000 find-or-put operations with random values from [0,...,9599999]
5/24 - Finds: 1605855 (0.802928), Inserts: 394145 (0.197073), Errors: 0 (0)
5/24 - Execution time: 4.70761 seconds
5/24 - Throughput: 424844 ops/sec
4/24 - Performed a throughput benchmark:
4/24 - Performed 2000000 find-or-put operations with random values from [0,...,9599999]
4/24 - Finds: 1601293 (0.800647), Inserts: 398707 (0.199353), Errors: 0 (0)
4/24 - Execution time: 4.73003 seconds
4/24 - Throughput: 422830 ops/sec
10/24 - Performed a throughput benchmark:
10/24 - Performed 2000000 find-or-put operations with random values from [0,...,9599999]
10/24 - Finds: 1608832 (0.804416), Inserts: 391168 (0.195584), Errors: 0 (0)
10/24 - Execution time: 4.68033 seconds
10/24 - Throughput: 427320 ops/sec
8/24 - Performed a throughput benchmark:
8/24 - Performed 2000000 find-or-put operations with random values from [0,...,9599999]
8/24 - Finds: 1606323 (0.803161), Inserts: 393677 (0.196838), Errors: 0 (0)
8/24 - Execution time: 4.69165 seconds
8/24 - Throughput: 426289 ops/sec
11/24 - Performed a throughput benchmark:
11/24 - Performed 2000000 find-or-put operations with random values from [0,...,9599999]
11/24 - Finds: 1610344 (0.805172), Inserts: 389656 (0.194828), Errors: 0 (0)
11/24 - Execution time: 4.75137 seconds
11/24 - Throughput: 420931 ops/sec
0/24 - Performed a throughput benchmark:
0/24 - Performed 2000000 find-or-put operations with random values from [0,...,9599999]
0/24 - Finds: 1602682 (0.801341), Inserts: 397318 (0.198659), Errors: 0 (0)
0/24 - Execution time: 4.72972 seconds
0/24 - Throughput: 422858 ops/sec
9/24 - Performed a throughput benchmark:
9/24 - Performed 2000000 find-or-put operations with random values from [0,...,9599999]
9/24 - Finds: 1609790 (0.804895), Inserts: 390210 (0.195105), Errors: 0 (0)
9/24 - Execution time: 4.7554 seconds
9/24 - Throughput: 420575 ops/sec
6/24 - Performed a throughput benchmark:
6/24 - Performed 2000000 find-or-put operations with random values from [0,...,9599999]
6/24 - Finds: 1609942 (0.804971), Inserts: 390058 (0.195029), Errors: 0 (0)
6/24 - Execution time: 4.79049 seconds
6/24 - Throughput: 417494 ops/sec
21/24 - Performed a throughput benchmark:
21/24 - Performed 2000000 find-or-put operations with random values from [0,...,9599999]
21/24 - Finds: 1615886 (0.807943), Inserts: 384114 (0.192057), Errors: 0 (0)
21/24 - Execution time: 4.84654 seconds
21/24 - Throughput: 412666 ops/sec
22/24 - Performed a throughput benchmark:
22/24 - Performed 2000000 find-or-put operations with random values from [0,...,9599999]
22/24 - Finds: 1614352 (0.807176), Inserts: 385648 (0.192824), Errors: 0 (0)
22/24 - Execution time: 4.82505 seconds
22/24 - Throughput: 414504 ops/sec
23/24 - Performed a throughput benchmark:
23/24 - Performed 2000000 find-or-put operations with random values from [0,...,9599999]
23/24 - Finds: 1615045 (0.807523), Inserts: 384955 (0.192477), Errors: 0 (0)
23/24 - Execution time: 4.8373 seconds
23/24 - Throughput: 413454 ops/sec
20/24 - Performed a throughput benchmark:
20/24 - Performed 2000000 find-or-put operations with random values from [0,...,9599999]
20/24 - Finds: 1613822 (0.806911), Inserts: 386178 (0.193089), Errors: 0 (0)
20/24 - Execution time: 4.85313 seconds
20/24 - Throughput: 412105 ops/sec
[1447430037.791396] [node053:973  :0]         sys.c:719  MXM  WARN  Conflicting CPU frequencies detected, using: 2562.94
