[1447417586.759172] [node008:10703:0]         sys.c:719  MXM  WARN  Conflicting CPU frequencies detected, using: 1509.75
[1447417586.802450] [node008:10703:0]         mxm.c:185  MXM  WARN  The 'ulimit -s' on the system is set to 'unlimited'. This may have negative performance implications. Please set the heap size to the default value (10240) 
[1447417586.759191] [node008:10702:0]         sys.c:719  MXM  WARN  Conflicting CPU frequencies detected, using: 1509.75
[1447417586.801697] [node008:10702:0]         mxm.c:185  MXM  WARN  The 'ulimit -s' on the system is set to 'unlimited'. This may have negative performance implications. Please set the heap size to the default value (10240) 
[1447417586.759724] [node008:10700:0]         sys.c:719  MXM  WARN  Conflicting CPU frequencies detected, using: 1509.75
[1447417586.803453] [node008:10700:0]         mxm.c:185  MXM  WARN  The 'ulimit -s' on the system is set to 'unlimited'. This may have negative performance implications. Please set the heap size to the default value (10240) 
[1447417586.759394] [node008:10701:0]         sys.c:719  MXM  WARN  Conflicting CPU frequencies detected, using: 1509.75
[1447417586.801016] [node008:10701:0]         mxm.c:185  MXM  WARN  The 'ulimit -s' on the system is set to 'unlimited'. This may have negative performance implications. Please set the heap size to the default value (10240) 
[1447417587.480003] [node009:1001 :0]         sys.c:719  MXM  WARN  Conflicting CPU frequencies detected, using: 2196.84
[1447417587.486053] [node009:1001 :0]         mxm.c:185  MXM  WARN  The 'ulimit -s' on the system is set to 'unlimited'. This may have negative performance implications. Please set the heap size to the default value (10240) 
[1447417587.566806] [node009:1035 :0]         sys.c:719  MXM  WARN  Conflicting CPU frequencies detected, using: 2220.19
[1447417587.572481] [node009:1035 :0]         mxm.c:185  MXM  WARN  The 'ulimit -s' on the system is set to 'unlimited'. This may have negative performance implications. Please set the heap size to the default value (10240) 
[1447417587.628606] [node009:1054 :0]         sys.c:719  MXM  WARN  Conflicting CPU frequencies detected, using: 2187.00
[1447417587.635015] [node009:1054 :0]         mxm.c:185  MXM  WARN  The 'ulimit -s' on the system is set to 'unlimited'. This may have negative performance implications. Please set the heap size to the default value (10240) 
[1447417587.630535] [node009:1060 :0]         sys.c:719  MXM  WARN  Conflicting CPU frequencies detected, using: 2187.00
[1447417587.638071] [node009:1060 :0]         mxm.c:185  MXM  WARN  The 'ulimit -s' on the system is set to 'unlimited'. This may have negative performance implications. Please set the heap size to the default value (10240) 
[1447417587.647974] [node010:20025:0]         sys.c:719  MXM  WARN  Conflicting CPU frequencies detected, using: 1996.69
[1447417587.652146] [node010:20025:0]         mxm.c:185  MXM  WARN  The 'ulimit -s' on the system is set to 'unlimited'. This may have negative performance implications. Please set the heap size to the default value (10240) 
[1447417587.649740] [node010:20024:0]         sys.c:719  MXM  WARN  Conflicting CPU frequencies detected, using: 1996.69
[1447417587.653457] [node010:20024:0]         mxm.c:185  MXM  WARN  The 'ulimit -s' on the system is set to 'unlimited'. This may have negative performance implications. Please set the heap size to the default value (10240) 
[1447417587.645242] [node013:23463:0]         sys.c:719  MXM  WARN  Conflicting CPU frequencies detected, using: 2184.84
[1447417587.651223] [node013:23463:0]         mxm.c:185  MXM  WARN  The 'ulimit -s' on the system is set to 'unlimited'. This may have negative performance implications. Please set the heap size to the default value (10240) 
[1447417587.651338] [node012:27878:0]         sys.c:719  MXM  WARN  Conflicting CPU frequencies detected, using: 1998.28
[1447417587.657168] [node012:27878:0]         mxm.c:185  MXM  WARN  The 'ulimit -s' on the system is set to 'unlimited'. This may have negative performance implications. Please set the heap size to the default value (10240) 
[1447417587.657149] [node012:27877:0]         sys.c:719  MXM  WARN  Conflicting CPU frequencies detected, using: 1998.28
[1447417587.663733] [node012:27877:0]         mxm.c:185  MXM  WARN  The 'ulimit -s' on the system is set to 'unlimited'. This may have negative performance implications. Please set the heap size to the default value (10240) 
[1447417587.657049] [node013:23462:0]         sys.c:719  MXM  WARN  Conflicting CPU frequencies detected, using: 2184.84
[1447417587.665328] [node013:23462:0]         mxm.c:185  MXM  WARN  The 'ulimit -s' on the system is set to 'unlimited'. This may have negative performance implications. Please set the heap size to the default value (10240) 
[1447417587.662137] [node014:3720 :0]         sys.c:719  MXM  WARN  Conflicting CPU frequencies detected, using: 1790.62
[1447417587.666482] [node014:3720 :0]         mxm.c:185  MXM  WARN  The 'ulimit -s' on the system is set to 'unlimited'. This may have negative performance implications. Please set the heap size to the default value (10240) 
[1447417587.658617] [node011:5063 :0]         sys.c:719  MXM  WARN  Conflicting CPU frequencies detected, using: 1599.38
[1447417587.664813] [node011:5063 :0]         mxm.c:185  MXM  WARN  The 'ulimit -s' on the system is set to 'unlimited'. This may have negative performance implications. Please set the heap size to the default value (10240) 
[1447417588.088354] [node030:29367:0]         sys.c:719  MXM  WARN  Conflicting CPU frequencies detected, using: 2395.59
[1447417588.093832] [node030:29367:0]         mxm.c:185  MXM  WARN  The 'ulimit -s' on the system is set to 'unlimited'. This may have negative performance implications. Please set the heap size to the default value (10240) 
[1447417588.101604] [node019:18338:0]         sys.c:719  MXM  WARN  Conflicting CPU frequencies detected, using: 2381.81
[1447417588.105703] [node019:18338:0]         mxm.c:185  MXM  WARN  The 'ulimit -s' on the system is set to 'unlimited'. This may have negative performance implications. Please set the heap size to the default value (10240) 
[1447417588.103029] [node010:20104:0]         sys.c:719  MXM  WARN  Conflicting CPU frequencies detected, using: 2097.09
[1447417588.106985] [node010:20104:0]         mxm.c:185  MXM  WARN  The 'ulimit -s' on the system is set to 'unlimited'. This may have negative performance implications. Please set the heap size to the default value (10240) 
[1447417588.107661] [node019:18358:0]         sys.c:719  MXM  WARN  Conflicting CPU frequencies detected, using: 2381.81
[1447417588.111009] [node019:18358:0]         mxm.c:185  MXM  WARN  The 'ulimit -s' on the system is set to 'unlimited'. This may have negative performance implications. Please set the heap size to the default value (10240) 
[1447417588.103397] [node019:18357:0]         sys.c:719  MXM  WARN  Conflicting CPU frequencies detected, using: 2381.81
[1447417588.107325] [node019:18357:0]         mxm.c:185  MXM  WARN  The 'ulimit -s' on the system is set to 'unlimited'. This may have negative performance implications. Please set the heap size to the default value (10240) 
[1447417588.103009] [node019:18344:0]         sys.c:719  MXM  WARN  Conflicting CPU frequencies detected, using: 2381.81
[1447417588.106869] [node019:18344:0]         mxm.c:185  MXM  WARN  The 'ulimit -s' on the system is set to 'unlimited'. This may have negative performance implications. Please set the heap size to the default value (10240) 
[1447417588.099784] [node032:29906:0]         sys.c:719  MXM  WARN  Conflicting CPU frequencies detected, using: 2341.69
[1447417588.105935] [node032:29906:0]         mxm.c:185  MXM  WARN  The 'ulimit -s' on the system is set to 'unlimited'. This may have negative performance implications. Please set the heap size to the default value (10240) 
[1447417588.095309] [node012:27964:0]         sys.c:719  MXM  WARN  Conflicting CPU frequencies detected, using: 2162.81
[1447417588.101848] [node012:27964:0]         mxm.c:185  MXM  WARN  The 'ulimit -s' on the system is set to 'unlimited'. This may have negative performance implications. Please set the heap size to the default value (10240) 
[1447417588.100003] [node017:10173:0]         sys.c:719  MXM  WARN  Conflicting CPU frequencies detected, using: 2297.91
[1447417588.107725] [node017:10173:0]         mxm.c:185  MXM  WARN  The 'ulimit -s' on the system is set to 'unlimited'. This may have negative performance implications. Please set the heap size to the default value (10240) 
[1447417588.105652] [node010:20105:0]         sys.c:719  MXM  WARN  Conflicting CPU frequencies detected, using: 2097.09
[1447417588.109445] [node010:20105:0]         mxm.c:185  MXM  WARN  The 'ulimit -s' on the system is set to 'unlimited'. This may have negative performance implications. Please set the heap size to the default value (10240) 
[1447417588.118348] [node016:17082:0]         sys.c:719  MXM  WARN  Conflicting CPU frequencies detected, using: 2352.56
[1447417588.121285] [node016:17082:0]         mxm.c:185  MXM  WARN  The 'ulimit -s' on the system is set to 'unlimited'. This may have negative performance implications. Please set the heap size to the default value (10240) 
[1447417588.091472] [node011:5103 :0]         sys.c:719  MXM  WARN  Conflicting CPU frequencies detected, using: 1999.41
[1447417588.098770] [node011:5103 :0]         mxm.c:185  MXM  WARN  The 'ulimit -s' on the system is set to 'unlimited'. This may have negative performance implications. Please set the heap size to the default value (10240) 
[1447417588.090078] [node011:5111 :0]         sys.c:719  MXM  WARN  Conflicting CPU frequencies detected, using: 1999.41
[1447417588.096899] [node011:5111 :0]         mxm.c:185  MXM  WARN  The 'ulimit -s' on the system is set to 'unlimited'. This may have negative performance implications. Please set the heap size to the default value (10240) 
[1447417588.094884] [node017:10163:0]         sys.c:719  MXM  WARN  Conflicting CPU frequencies detected, using: 2297.91
[1447417588.101846] [node017:10163:0]         mxm.c:185  MXM  WARN  The 'ulimit -s' on the system is set to 'unlimited'. This may have negative performance implications. Please set the heap size to the default value (10240) 
[1447417588.110042] [node033:1726 :0]         sys.c:719  MXM  WARN  Conflicting CPU frequencies detected, using: 2399.91
[1447417588.115921] [node033:1726 :0]         mxm.c:185  MXM  WARN  The 'ulimit -s' on the system is set to 'unlimited'. This may have negative performance implications. Please set the heap size to the default value (10240) 
[1447417588.098556] [node017:10168:0]         sys.c:719  MXM  WARN  Conflicting CPU frequencies detected, using: 2297.91
[1447417588.105828] [node017:10168:0]         mxm.c:185  MXM  WARN  The 'ulimit -s' on the system is set to 'unlimited'. This may have negative performance implications. Please set the heap size to the default value (10240) 
[1447417588.092837] [node013:23547:0]         sys.c:719  MXM  WARN  Conflicting CPU frequencies detected, using: 1999.97
[1447417588.099803] [node013:23547:0]         mxm.c:185  MXM  WARN  The 'ulimit -s' on the system is set to 'unlimited'. This may have negative performance implications. Please set the heap size to the default value (10240) 
[1447417588.120811] [node016:17091:0]         sys.c:719  MXM  WARN  Conflicting CPU frequencies detected, using: 2352.56
[1447417588.124525] [node016:17091:0]         mxm.c:185  MXM  WARN  The 'ulimit -s' on the system is set to 'unlimited'. This may have negative performance implications. Please set the heap size to the default value (10240) 
[1447417588.112032] [node014:3762 :0]         sys.c:719  MXM  WARN  Conflicting CPU frequencies detected, using: 2198.34
[1447417588.116157] [node014:3762 :0]         mxm.c:185  MXM  WARN  The 'ulimit -s' on the system is set to 'unlimited'. This may have negative performance implications. Please set the heap size to the default value (10240) 
[1447417588.100451] [node012:27956:0]         sys.c:719  MXM  WARN  Conflicting CPU frequencies detected, using: 2162.81
[1447417588.106536] [node012:27956:0]         mxm.c:185  MXM  WARN  The 'ulimit -s' on the system is set to 'unlimited'. This may have negative performance implications. Please set the heap size to the default value (10240) 
[1447417588.095889] [node013:23542:0]         sys.c:719  MXM  WARN  Conflicting CPU frequencies detected, using: 1999.97
[1447417588.103024] [node013:23542:0]         mxm.c:185  MXM  WARN  The 'ulimit -s' on the system is set to 'unlimited'. This may have negative performance implications. Please set the heap size to the default value (10240) 
[1447417588.113707] [node016:17084:0]         sys.c:719  MXM  WARN  Conflicting CPU frequencies detected, using: 2352.56
[1447417588.118229] [node016:17084:0]         mxm.c:185  MXM  WARN  The 'ulimit -s' on the system is set to 'unlimited'. This may have negative performance implications. Please set the heap size to the default value (10240) 
[1447417588.110211] [node020:13382:0]         sys.c:719  MXM  WARN  Conflicting CPU frequencies detected, using: 2399.91
[1447417588.116343] [node020:13382:0]         mxm.c:185  MXM  WARN  The 'ulimit -s' on the system is set to 'unlimited'. This may have negative performance implications. Please set the heap size to the default value (10240) 
[1447417588.114195] [node017:10174:0]         sys.c:719  MXM  WARN  Conflicting CPU frequencies detected, using: 2297.91
[1447417588.120956] [node017:10174:0]         mxm.c:185  MXM  WARN  The 'ulimit -s' on the system is set to 'unlimited'. This may have negative performance implications. Please set the heap size to the default value (10240) 
[1447417588.112199] [node033:1725 :0]         sys.c:719  MXM  WARN  Conflicting CPU frequencies detected, using: 2399.91
[1447417588.118516] [node033:1725 :0]         mxm.c:185  MXM  WARN  The 'ulimit -s' on the system is set to 'unlimited'. This may have negative performance implications. Please set the heap size to the default value (10240) 
[1447417588.113147] [node016:17083:0]         sys.c:719  MXM  WARN  Conflicting CPU frequencies detected, using: 2352.56
[1447417588.117300] [node016:17083:0]         mxm.c:185  MXM  WARN  The 'ulimit -s' on the system is set to 'unlimited'. This may have negative performance implications. Please set the heap size to the default value (10240) 
[1447417588.101271] [node011:5126 :0]         sys.c:719  MXM  WARN  Conflicting CPU frequencies detected, using: 1999.41
[1447417588.110523] [node011:5126 :0]         mxm.c:185  MXM  WARN  The 'ulimit -s' on the system is set to 'unlimited'. This may have negative performance implications. Please set the heap size to the default value (10240) 
[1447417588.106509] [node020:13392:0]         sys.c:719  MXM  WARN  Conflicting CPU frequencies detected, using: 2399.91
[1447417588.111839] [node020:13392:0]         mxm.c:185  MXM  WARN  The 'ulimit -s' on the system is set to 'unlimited'. This may have negative performance implications. Please set the heap size to the default value (10240) 
[1447417588.107875] [node018:12609:0]         sys.c:719  MXM  WARN  Conflicting CPU frequencies detected, using: 2400.00
[1447417588.116621] [node018:12609:0]         mxm.c:185  MXM  WARN  The 'ulimit -s' on the system is set to 'unlimited'. This may have negative performance implications. Please set the heap size to the default value (10240) 
[1447417588.122580] [node021:22422:0]         sys.c:719  MXM  WARN  Conflicting CPU frequencies detected, using: 2399.91
[1447417588.126705] [node021:22422:0]         mxm.c:185  MXM  WARN  The 'ulimit -s' on the system is set to 'unlimited'. This may have negative performance implications. Please set the heap size to the default value (10240) 
[1447417588.119158] [node030:29373:0]         sys.c:719  MXM  WARN  Conflicting CPU frequencies detected, using: 2395.59
[1447417588.124895] [node030:29373:0]         mxm.c:185  MXM  WARN  The 'ulimit -s' on the system is set to 'unlimited'. This may have negative performance implications. Please set the heap size to the default value (10240) 
[1447417588.103700] [node018:12608:0]         sys.c:719  MXM  WARN  Conflicting CPU frequencies detected, using: 2400.00
[1447417588.111146] [node018:12608:0]         mxm.c:185  MXM  WARN  The 'ulimit -s' on the system is set to 'unlimited'. This may have negative performance implications. Please set the heap size to the default value (10240) 
[1447417588.114222] [node018:12619:0]         sys.c:719  MXM  WARN  Conflicting CPU frequencies detected, using: 2400.00
[1447417588.121613] [node018:12619:0]         mxm.c:185  MXM  WARN  The 'ulimit -s' on the system is set to 'unlimited'. This may have negative performance implications. Please set the heap size to the default value (10240) 
[1447417588.101744] [node020:13395:0]         sys.c:719  MXM  WARN  Conflicting CPU frequencies detected, using: 2399.91
[1447417588.108214] [node020:13395:0]         mxm.c:185  MXM  WARN  The 'ulimit -s' on the system is set to 'unlimited'. This may have negative performance implications. Please set the heap size to the default value (10240) 
[1447417588.111977] [node014:3772 :0]         sys.c:719  MXM  WARN  Conflicting CPU frequencies detected, using: 2198.34
[1447417588.116639] [node014:3772 :0]         mxm.c:185  MXM  WARN  The 'ulimit -s' on the system is set to 'unlimited'. This may have negative performance implications. Please set the heap size to the default value (10240) 
[1447417588.112810] [node014:3761 :0]         sys.c:719  MXM  WARN  Conflicting CPU frequencies detected, using: 2198.34
[1447417588.117590] [node014:3761 :0]         mxm.c:185  MXM  WARN  The 'ulimit -s' on the system is set to 'unlimited'. This may have negative performance implications. Please set the heap size to the default value (10240) 
[1447417588.107724] [node018:12638:0]         sys.c:719  MXM  WARN  Conflicting CPU frequencies detected, using: 2400.00
[1447417588.115842] [node018:12638:0]         mxm.c:185  MXM  WARN  The 'ulimit -s' on the system is set to 'unlimited'. This may have negative performance implications. Please set the heap size to the default value (10240) 
[1447417588.129166] [node021:22424:0]         sys.c:719  MXM  WARN  Conflicting CPU frequencies detected, using: 2400.00
[1447417588.132270] [node021:22424:0]         mxm.c:185  MXM  WARN  The 'ulimit -s' on the system is set to 'unlimited'. This may have negative performance implications. Please set the heap size to the default value (10240) 
[1447417588.109640] [node015:12488:0]         sys.c:719  MXM  WARN  Conflicting CPU frequencies detected, using: 2381.06
[1447417588.115037] [node015:12488:0]         mxm.c:185  MXM  WARN  The 'ulimit -s' on the system is set to 'unlimited'. This may have negative performance implications. Please set the heap size to the default value (10240) 
[1447417588.132835] [node037:3588 :0]         sys.c:719  MXM  WARN  Conflicting CPU frequencies detected, using: 2400.94
[1447417588.136263] [node037:3588 :0]         mxm.c:185  MXM  WARN  The 'ulimit -s' on the system is set to 'unlimited'. This may have negative performance implications. Please set the heap size to the default value (10240) 
[1447417588.118952] [node039:27847:0]         sys.c:719  MXM  WARN  Conflicting CPU frequencies detected, using: 2299.78
[1447417588.125610] [node039:27847:0]         mxm.c:185  MXM  WARN  The 'ulimit -s' on the system is set to 'unlimited'. This may have negative performance implications. Please set the heap size to the default value (10240) 
[1447417588.144542] [node037:3591 :0]         sys.c:719  MXM  WARN  Conflicting CPU frequencies detected, using: 2400.09
[1447417588.147030] [node037:3591 :0]         mxm.c:185  MXM  WARN  The 'ulimit -s' on the system is set to 'unlimited'. This may have negative performance implications. Please set the heap size to the default value (10240) 
[1447417588.136100] [node021:22423:0]         sys.c:719  MXM  WARN  Conflicting CPU frequencies detected, using: 2400.00
[1447417588.139455] [node021:22423:0]         mxm.c:185  MXM  WARN  The 'ulimit -s' on the system is set to 'unlimited'. This may have negative performance implications. Please set the heap size to the default value (10240) 
[1447417588.120850] [node039:27834:0]         sys.c:719  MXM  WARN  Conflicting CPU frequencies detected, using: 2316.38
[1447417588.127293] [node039:27834:0]         mxm.c:185  MXM  WARN  The 'ulimit -s' on the system is set to 'unlimited'. This may have negative performance implications. Please set the heap size to the default value (10240) 
[1447417588.133105] [node033:1718 :0]         sys.c:719  MXM  WARN  Conflicting CPU frequencies detected, using: 2400.00
[1447417588.138316] [node033:1718 :0]         mxm.c:185  MXM  WARN  The 'ulimit -s' on the system is set to 'unlimited'. This may have negative performance implications. Please set the heap size to the default value (10240) 
[1447417588.124150] [node020:13396:0]         sys.c:719  MXM  WARN  Conflicting CPU frequencies detected, using: 2399.91
[1447417588.130305] [node020:13396:0]         mxm.c:185  MXM  WARN  The 'ulimit -s' on the system is set to 'unlimited'. This may have negative performance implications. Please set the heap size to the default value (10240) 
[1447417588.126871] [node039:27837:0]         sys.c:719  MXM  WARN  Conflicting CPU frequencies detected, using: 2316.38
[1447417588.132845] [node039:27837:0]         mxm.c:185  MXM  WARN  The 'ulimit -s' on the system is set to 'unlimited'. This may have negative performance implications. Please set the heap size to the default value (10240) 
[1447417588.145282] [node035:29697:0]         sys.c:719  MXM  WARN  Conflicting CPU frequencies detected, using: 2331.56
[1447417588.148330] [node035:29697:0]         mxm.c:185  MXM  WARN  The 'ulimit -s' on the system is set to 'unlimited'. This may have negative performance implications. Please set the heap size to the default value (10240) 
[1447417588.139262] [node021:22421:0]         sys.c:719  MXM  WARN  Conflicting CPU frequencies detected, using: 2400.00
[1447417588.143311] [node021:22421:0]         mxm.c:185  MXM  WARN  The 'ulimit -s' on the system is set to 'unlimited'. This may have negative performance implications. Please set the heap size to the default value (10240) 
[1447417588.117854] [node015:12489:0]         sys.c:719  MXM  WARN  Conflicting CPU frequencies detected, using: 2381.06
[1447417588.126687] [node015:12489:0]         mxm.c:185  MXM  WARN  The 'ulimit -s' on the system is set to 'unlimited'. This may have negative performance implications. Please set the heap size to the default value (10240) 
[1447417588.121899] [node032:29917:0]         sys.c:719  MXM  WARN  Conflicting CPU frequencies detected, using: 2218.59
[1447417588.129210] [node032:29917:0]         mxm.c:185  MXM  WARN  The 'ulimit -s' on the system is set to 'unlimited'. This may have negative performance implications. Please set the heap size to the default value (10240) 
[1447417588.134511] [node042:28113:0]         sys.c:719  MXM  WARN  Conflicting CPU frequencies detected, using: 2399.34
[1447417588.140432] [node042:28113:0]         mxm.c:185  MXM  WARN  The 'ulimit -s' on the system is set to 'unlimited'. This may have negative performance implications. Please set the heap size to the default value (10240) 
[1447417588.128090] [node038:32263:0]         sys.c:719  MXM  WARN  Conflicting CPU frequencies detected, using: 2263.69
[1447417588.133654] [node038:32263:0]         mxm.c:185  MXM  WARN  The 'ulimit -s' on the system is set to 'unlimited'. This may have negative performance implications. Please set the heap size to the default value (10240) 
[1447417588.128566] [node040:4548 :0]         sys.c:719  MXM  WARN  Conflicting CPU frequencies detected, using: 2313.75
[1447417588.138707] [node040:4548 :0]         mxm.c:185  MXM  WARN  The 'ulimit -s' on the system is set to 'unlimited'. This may have negative performance implications. Please set the heap size to the default value (10240) 
[1447417588.143158] [node037:3590 :0]         sys.c:719  MXM  WARN  Conflicting CPU frequencies detected, using: 2400.00
[1447417588.146663] [node037:3590 :0]         mxm.c:185  MXM  WARN  The 'ulimit -s' on the system is set to 'unlimited'. This may have negative performance implications. Please set the heap size to the default value (10240) 
[1447417588.131417] [node038:32275:0]         sys.c:719  MXM  WARN  Conflicting CPU frequencies detected, using: 2226.38
[1447417588.137230] [node038:32275:0]         mxm.c:185  MXM  WARN  The 'ulimit -s' on the system is set to 'unlimited'. This may have negative performance implications. Please set the heap size to the default value (10240) 
[1447417588.133893] [node030:29378:0]         sys.c:719  MXM  WARN  Conflicting CPU frequencies detected, using: 2395.59
[1447417588.141297] [node030:29378:0]         mxm.c:185  MXM  WARN  The 'ulimit -s' on the system is set to 'unlimited'. This may have negative performance implications. Please set the heap size to the default value (10240) 
[1447417588.125268] [node032:29909:0]         sys.c:719  MXM  WARN  Conflicting CPU frequencies detected, using: 2218.59
[1447417588.134978] [node032:29909:0]         mxm.c:185  MXM  WARN  The 'ulimit -s' on the system is set to 'unlimited'. This may have negative performance implications. Please set the heap size to the default value (10240) 
[1447417588.141431] [node035:29696:0]         sys.c:719  MXM  WARN  Conflicting CPU frequencies detected, using: 2331.56
[1447417588.145835] [node035:29696:0]         mxm.c:185  MXM  WARN  The 'ulimit -s' on the system is set to 'unlimited'. This may have negative performance implications. Please set the heap size to the default value (10240) 
[1447417588.117192] [node015:12506:0]         sys.c:719  MXM  WARN  Conflicting CPU frequencies detected, using: 2381.06
[1447417588.127449] [node015:12506:0]         mxm.c:185  MXM  WARN  The 'ulimit -s' on the system is set to 'unlimited'. This may have negative performance implications. Please set the heap size to the default value (10240) 
[1447417588.136708] [node023:5372 :0]         sys.c:719  MXM  WARN  Conflicting CPU frequencies detected, using: 2400.00
[1447417588.144521] [node023:5372 :0]         mxm.c:185  MXM  WARN  The 'ulimit -s' on the system is set to 'unlimited'. This may have negative performance implications. Please set the heap size to the default value (10240) 
[1447417588.143411] [node035:29695:0]         sys.c:719  MXM  WARN  Conflicting CPU frequencies detected, using: 2331.56
[1447417588.147204] [node035:29695:0]         mxm.c:185  MXM  WARN  The 'ulimit -s' on the system is set to 'unlimited'. This may have negative performance implications. Please set the heap size to the default value (10240) 
[1447417588.125536] [node023:5363 :0]         sys.c:719  MXM  WARN  Conflicting CPU frequencies detected, using: 2400.00
[1447417588.132781] [node023:5363 :0]         mxm.c:185  MXM  WARN  The 'ulimit -s' on the system is set to 'unlimited'. This may have negative performance implications. Please set the heap size to the default value (10240) 
[1447417588.153819] [node037:3589 :0]         sys.c:719  MXM  WARN  Conflicting CPU frequencies detected, using: 2400.09
[1447417588.156695] [node037:3589 :0]         mxm.c:185  MXM  WARN  The 'ulimit -s' on the system is set to 'unlimited'. This may have negative performance implications. Please set the heap size to the default value (10240) 
[1447417588.133364] [node030:29377:0]         sys.c:719  MXM  WARN  Conflicting CPU frequencies detected, using: 2395.59
[1447417588.142087] [node030:29377:0]         mxm.c:185  MXM  WARN  The 'ulimit -s' on the system is set to 'unlimited'. This may have negative performance implications. Please set the heap size to the default value (10240) 
[1447417588.123459] [node031:31473:0]         sys.c:719  MXM  WARN  Conflicting CPU frequencies detected, using: 2400.09
[1447417588.131670] [node031:31473:0]         mxm.c:185  MXM  WARN  The 'ulimit -s' on the system is set to 'unlimited'. This may have negative performance implications. Please set the heap size to the default value (10240) 
[1447417588.144737] [node035:29698:0]         sys.c:719  MXM  WARN  Conflicting CPU frequencies detected, using: 2331.56
[1447417588.148864] [node035:29698:0]         mxm.c:185  MXM  WARN  The 'ulimit -s' on the system is set to 'unlimited'. This may have negative performance implications. Please set the heap size to the default value (10240) 
[1447417588.123934] [node031:31478:0]         sys.c:719  MXM  WARN  Conflicting CPU frequencies detected, using: 2400.09
[1447417588.130910] [node031:31478:0]         mxm.c:185  MXM  WARN  The 'ulimit -s' on the system is set to 'unlimited'. This may have negative performance implications. Please set the heap size to the default value (10240) 
[1447417588.130936] [node040:4558 :0]         sys.c:719  MXM  WARN  Conflicting CPU frequencies detected, using: 2313.75
[1447417588.142610] [node040:4558 :0]         mxm.c:185  MXM  WARN  The 'ulimit -s' on the system is set to 'unlimited'. This may have negative performance implications. Please set the heap size to the default value (10240) 
[1447417588.127043] [node040:4567 :0]         sys.c:719  MXM  WARN  Conflicting CPU frequencies detected, using: 2196.00
[1447417588.135455] [node040:4567 :0]         mxm.c:185  MXM  WARN  The 'ulimit -s' on the system is set to 'unlimited'. This may have negative performance implications. Please set the heap size to the default value (10240) 
[1447417588.126932] [node034:3930 :0]         sys.c:719  MXM  WARN  Conflicting CPU frequencies detected, using: 2347.88
[1447417588.133236] [node034:3930 :0]         mxm.c:185  MXM  WARN  The 'ulimit -s' on the system is set to 'unlimited'. This may have negative performance implications. Please set the heap size to the default value (10240) 
[1447417588.124023] [node023:5371 :0]         sys.c:719  MXM  WARN  Conflicting CPU frequencies detected, using: 2400.00
[1447417588.131842] [node023:5371 :0]         mxm.c:185  MXM  WARN  The 'ulimit -s' on the system is set to 'unlimited'. This may have negative performance implications. Please set the heap size to the default value (10240) 
[1447417588.138974] [node042:28114:0]         sys.c:719  MXM  WARN  Conflicting CPU frequencies detected, using: 2399.34
[1447417588.144028] [node042:28114:0]         mxm.c:185  MXM  WARN  The 'ulimit -s' on the system is set to 'unlimited'. This may have negative performance implications. Please set the heap size to the default value (10240) 
[1447417588.141818] [node042:28120:0]         sys.c:719  MXM  WARN  Conflicting CPU frequencies detected, using: 2399.91
[1447417588.149097] [node042:28120:0]         mxm.c:185  MXM  WARN  The 'ulimit -s' on the system is set to 'unlimited'. This may have negative performance implications. Please set the heap size to the default value (10240) 
[1447417588.143994] [node033:1717 :0]         sys.c:719  MXM  WARN  Conflicting CPU frequencies detected, using: 2400.00
[1447417588.151229] [node033:1717 :0]         mxm.c:185  MXM  WARN  The 'ulimit -s' on the system is set to 'unlimited'. This may have negative performance implications. Please set the heap size to the default value (10240) 
[1447417588.130601] [node043:6949 :0]         sys.c:719  MXM  WARN  Conflicting CPU frequencies detected, using: 2399.34
[1447417588.136511] [node043:6949 :0]         mxm.c:185  MXM  WARN  The 'ulimit -s' on the system is set to 'unlimited'. This may have negative performance implications. Please set the heap size to the default value (10240) 
[1447417588.130185] [node015:12500:0]         sys.c:719  MXM  WARN  Conflicting CPU frequencies detected, using: 2381.06
[1447417588.141222] [node015:12500:0]         mxm.c:185  MXM  WARN  The 'ulimit -s' on the system is set to 'unlimited'. This may have negative performance implications. Please set the heap size to the default value (10240) 
[1447417588.134195] [node034:3933 :0]         sys.c:719  MXM  WARN  Conflicting CPU frequencies detected, using: 2347.88
[1447417588.140582] [node034:3933 :0]         mxm.c:185  MXM  WARN  The 'ulimit -s' on the system is set to 'unlimited'. This may have negative performance implications. Please set the heap size to the default value (10240) 
[1447417588.130904] [node041:2036 :0]         sys.c:719  MXM  WARN  Conflicting CPU frequencies detected, using: 2293.50
[1447417588.137036] [node041:2036 :0]         mxm.c:185  MXM  WARN  The 'ulimit -s' on the system is set to 'unlimited'. This may have negative performance implications. Please set the heap size to the default value (10240) 
[1447417588.139350] [node039:27844:0]         sys.c:719  MXM  WARN  Conflicting CPU frequencies detected, using: 2400.00
[1447417588.145582] [node039:27844:0]         mxm.c:185  MXM  WARN  The 'ulimit -s' on the system is set to 'unlimited'. This may have negative performance implications. Please set the heap size to the default value (10240) 
[1447417588.139175] [node045:4028 :0]         sys.c:719  MXM  WARN  Conflicting CPU frequencies detected, using: 2345.25
[1447417588.145012] [node045:4028 :0]         mxm.c:185  MXM  WARN  The 'ulimit -s' on the system is set to 'unlimited'. This may have negative performance implications. Please set the heap size to the default value (10240) 
[1447417588.134675] [node041:2042 :0]         sys.c:719  MXM  WARN  Conflicting CPU frequencies detected, using: 2293.50
[1447417588.141533] [node041:2042 :0]         mxm.c:185  MXM  WARN  The 'ulimit -s' on the system is set to 'unlimited'. This may have negative performance implications. Please set the heap size to the default value (10240) 
[1447417588.122199] [node032:29916:0]         sys.c:719  MXM  WARN  Conflicting CPU frequencies detected, using: 2218.59
[1447417588.133379] [node032:29916:0]         mxm.c:185  MXM  WARN  The 'ulimit -s' on the system is set to 'unlimited'. This may have negative performance implications. Please set the heap size to the default value (10240) 
[1447417588.129234] [node040:4550 :0]         sys.c:719  MXM  WARN  Conflicting CPU frequencies detected, using: 2313.75
[1447417588.141856] [node040:4550 :0]         mxm.c:185  MXM  WARN  The 'ulimit -s' on the system is set to 'unlimited'. This may have negative performance implications. Please set the heap size to the default value (10240) 
[1447417588.156919] [node036:32223:0]         sys.c:719  MXM  WARN  Conflicting CPU frequencies detected, using: 2199.19
[1447417588.160635] [node036:32223:0]         mxm.c:185  MXM  WARN  The 'ulimit -s' on the system is set to 'unlimited'. This may have negative performance implications. Please set the heap size to the default value (10240) 
[1447417588.137342] [node043:6942 :0]         sys.c:719  MXM  WARN  Conflicting CPU frequencies detected, using: 2389.50
[1447417588.146013] [node043:6942 :0]         mxm.c:185  MXM  WARN  The 'ulimit -s' on the system is set to 'unlimited'. This may have negative performance implications. Please set the heap size to the default value (10240) 
[1447417588.141914] [node023:5376 :0]         sys.c:719  MXM  WARN  Conflicting CPU frequencies detected, using: 2400.00
[1447417588.150084] [node023:5376 :0]         mxm.c:185  MXM  WARN  The 'ulimit -s' on the system is set to 'unlimited'. This may have negative performance implications. Please set the heap size to the default value (10240) 
[1447417588.134709] [node038:32264:0]         sys.c:719  MXM  WARN  Conflicting CPU frequencies detected, using: 2226.38
[1447417588.143006] [node038:32264:0]         mxm.c:185  MXM  WARN  The 'ulimit -s' on the system is set to 'unlimited'. This may have negative performance implications. Please set the heap size to the default value (10240) 
[1447417588.142986] [node041:2050 :0]         sys.c:719  MXM  WARN  Conflicting CPU frequencies detected, using: 2293.50
[1447417588.150271] [node041:2050 :0]         mxm.c:185  MXM  WARN  The 'ulimit -s' on the system is set to 'unlimited'. This may have negative performance implications. Please set the heap size to the default value (10240) 
[1447417588.160903] [node036:32225:0]         sys.c:719  MXM  WARN  Conflicting CPU frequencies detected, using: 2199.19
[1447417588.163836] [node036:32225:0]         mxm.c:185  MXM  WARN  The 'ulimit -s' on the system is set to 'unlimited'. This may have negative performance implications. Please set the heap size to the default value (10240) 
[1447417588.143549] [node045:4031 :0]         sys.c:719  MXM  WARN  Conflicting CPU frequencies detected, using: 2345.25
[1447417588.149343] [node045:4031 :0]         mxm.c:185  MXM  WARN  The 'ulimit -s' on the system is set to 'unlimited'. This may have negative performance implications. Please set the heap size to the default value (10240) 
[1447417588.139298] [node043:6943 :0]         sys.c:719  MXM  WARN  Conflicting CPU frequencies detected, using: 2389.50
[1447417588.149358] [node043:6943 :0]         mxm.c:185  MXM  WARN  The 'ulimit -s' on the system is set to 'unlimited'. This may have negative performance implications. Please set the heap size to the default value (10240) 
[1447417588.138349] [node034:3936 :0]         sys.c:719  MXM  WARN  Conflicting CPU frequencies detected, using: 2347.88
[1447417588.149612] [node034:3936 :0]         mxm.c:185  MXM  WARN  The 'ulimit -s' on the system is set to 'unlimited'. This may have negative performance implications. Please set the heap size to the default value (10240) 
[1447417588.135327] [node031:31479:0]         sys.c:719  MXM  WARN  Conflicting CPU frequencies detected, using: 2177.34
[1447417588.147635] [node031:31479:0]         mxm.c:185  MXM  WARN  The 'ulimit -s' on the system is set to 'unlimited'. This may have negative performance implications. Please set the heap size to the default value (10240) 
[1447417588.135974] [node041:2048 :0]         sys.c:719  MXM  WARN  Conflicting CPU frequencies detected, using: 2293.50
[1447417588.144529] [node041:2048 :0]         mxm.c:185  MXM  WARN  The 'ulimit -s' on the system is set to 'unlimited'. This may have negative performance implications. Please set the heap size to the default value (10240) 
[1447417588.140134] [node043:6947 :0]         sys.c:719  MXM  WARN  Conflicting CPU frequencies detected, using: 2389.50
[1447417588.151643] [node043:6947 :0]         mxm.c:185  MXM  WARN  The 'ulimit -s' on the system is set to 'unlimited'. This may have negative performance implications. Please set the heap size to the default value (10240) 
[1447417588.138953] [node034:3934 :0]         sys.c:719  MXM  WARN  Conflicting CPU frequencies detected, using: 2347.88
[1447417588.148861] [node034:3934 :0]         mxm.c:185  MXM  WARN  The 'ulimit -s' on the system is set to 'unlimited'. This may have negative performance implications. Please set the heap size to the default value (10240) 
[1447417588.141886] [node044:5702 :0]         sys.c:719  MXM  WARN  Conflicting CPU frequencies detected, using: 2187.84
[1447417588.150054] [node044:5702 :0]         mxm.c:185  MXM  WARN  The 'ulimit -s' on the system is set to 'unlimited'. This may have negative performance implications. Please set the heap size to the default value (10240) 
[1447417588.142054] [node044:5700 :0]         sys.c:719  MXM  WARN  Conflicting CPU frequencies detected, using: 2187.84
[1447417588.151007] [node044:5700 :0]         mxm.c:185  MXM  WARN  The 'ulimit -s' on the system is set to 'unlimited'. This may have negative performance implications. Please set the heap size to the default value (10240) 
[1447417588.146192] [node042:28112:0]         sys.c:719  MXM  WARN  Conflicting CPU frequencies detected, using: 2399.91
[1447417588.156460] [node042:28112:0]         mxm.c:185  MXM  WARN  The 'ulimit -s' on the system is set to 'unlimited'. This may have negative performance implications. Please set the heap size to the default value (10240) 
[1447417588.134269] [node031:31472:0]         sys.c:719  MXM  WARN  Conflicting CPU frequencies detected, using: 2177.34
[1447417588.146120] [node031:31472:0]         mxm.c:185  MXM  WARN  The 'ulimit -s' on the system is set to 'unlimited'. This may have negative performance implications. Please set the heap size to the default value (10240) 
[1447417588.138347] [node038:32276:0]         sys.c:719  MXM  WARN  Conflicting CPU frequencies detected, using: 2226.38
[1447417588.149782] [node038:32276:0]         mxm.c:185  MXM  WARN  The 'ulimit -s' on the system is set to 'unlimited'. This may have negative performance implications. Please set the heap size to the default value (10240) 
[1447417588.161360] [node036:32226:0]         sys.c:719  MXM  WARN  Conflicting CPU frequencies detected, using: 2199.19
[1447417588.165525] [node036:32226:0]         mxm.c:185  MXM  WARN  The 'ulimit -s' on the system is set to 'unlimited'. This may have negative performance implications. Please set the heap size to the default value (10240) 
[1447417588.145194] [node044:5701 :0]         sys.c:719  MXM  WARN  Conflicting CPU frequencies detected, using: 2389.97
[1447417588.155783] [node044:5701 :0]         mxm.c:185  MXM  WARN  The 'ulimit -s' on the system is set to 'unlimited'. This may have negative performance implications. Please set the heap size to the default value (10240) 
[1447417588.147669] [node044:5699 :0]         sys.c:719  MXM  WARN  Conflicting CPU frequencies detected, using: 2389.97
[1447417588.157435] [node044:5699 :0]         mxm.c:185  MXM  WARN  The 'ulimit -s' on the system is set to 'unlimited'. This may have negative performance implications. Please set the heap size to the default value (10240) 
[1447417588.142995] [node022:17423:0]         sys.c:719  MXM  WARN  Conflicting CPU frequencies detected, using: 2183.91
[1447417588.153137] [node022:17423:0]         mxm.c:185  MXM  WARN  The 'ulimit -s' on the system is set to 'unlimited'. This may have negative performance implications. Please set the heap size to the default value (10240) 
[1447417588.168037] [node036:32224:0]         sys.c:719  MXM  WARN  Conflicting CPU frequencies detected, using: 2292.28
[1447417588.172117] [node036:32224:0]         mxm.c:185  MXM  WARN  The 'ulimit -s' on the system is set to 'unlimited'. This may have negative performance implications. Please set the heap size to the default value (10240) 
[1447417588.144391] [node022:17420:0]         sys.c:719  MXM  WARN  Conflicting CPU frequencies detected, using: 2183.91
[1447417588.157943] [node022:17420:0]         mxm.c:185  MXM  WARN  The 'ulimit -s' on the system is set to 'unlimited'. This may have negative performance implications. Please set the heap size to the default value (10240) 
[1447417588.151271] [node045:4029 :0]         sys.c:719  MXM  WARN  Conflicting CPU frequencies detected, using: 2345.25
[1447417588.159614] [node045:4029 :0]         mxm.c:185  MXM  WARN  The 'ulimit -s' on the system is set to 'unlimited'. This may have negative performance implications. Please set the heap size to the default value (10240) 
[1447417588.155958] [node045:4026 :0]         sys.c:719  MXM  WARN  Conflicting CPU frequencies detected, using: 2345.25
[1447417588.162991] [node045:4026 :0]         mxm.c:185  MXM  WARN  The 'ulimit -s' on the system is set to 'unlimited'. This may have negative performance implications. Please set the heap size to the default value (10240) 
[1447417588.144091] [node022:17425:0]         sys.c:719  MXM  WARN  Conflicting CPU frequencies detected, using: 2183.91
[1447417588.154891] [node022:17425:0]         mxm.c:185  MXM  WARN  The 'ulimit -s' on the system is set to 'unlimited'. This may have negative performance implications. Please set the heap size to the default value (10240) 
[1447417588.144266] [node022:17422:0]         sys.c:719  MXM  WARN  Conflicting CPU frequencies detected, using: 2183.91
[1447417588.157175] [node022:17422:0]         mxm.c:185  MXM  WARN  The 'ulimit -s' on the system is set to 'unlimited'. This may have negative performance implications. Please set the heap size to the default value (10240) 
UPCR: UPC thread   2 of 128 on node008 (pshm node  0 of 32, process   2 of 128, pid=10702)
UPCR: UPC thread   3 of 128 on node008 (pshm node  0 of 32, process   3 of 128, pid=10703)
UPCR: UPC thread   0 of 128 on node008 (pshm node  0 of 32, process   0 of 128, pid=10700)
UPCR: UPC thread   1 of 128 on node008 (pshm node  0 of 32, process   1 of 128, pid=10701)
UPCR: UPC thread   7 of 128 on node009 (pshm node  1 of 32, process   7 of 128, pid=1035)
UPCR: UPC thread 122 of 128 on node044 (pshm node 30 of 32, process 122 of 128, pid=5699)
UPCR: UPC thread 121 of 128 on node044 (pshm node 30 of 32, process 121 of 128, pid=5701)
UPCR: UPC thread 112 of 128 on node042 (pshm node 28 of 32, process 112 of 128, pid=28114)
UPCR: UPC thread  59 of 128 on node022 (pshm node 14 of 32, process  59 of 128, pid=17425)
UPCR: UPC thread   9 of 128 on node010 (pshm node  2 of 32, process   9 of 128, pid=20105)
UPCR: UPC thread 115 of 128 on node042 (pshm node 28 of 32, process 115 of 128, pid=28113)
UPCR: UPC thread   5 of 128 on node009 (pshm node  1 of 32, process   5 of 128, pid=1060)
UPCR: UPC thread  82 of 128 on node034 (pshm node 20 of 32, process  82 of 128, pid=3934)
UPCR: UPC thread  56 of 128 on node022 (pshm node 14 of 32, process  56 of 128, pid=17422)
UPCR: UPC thread 103 of 128 on node039 (pshm node 25 of 32, process 103 of 128, pid=27834)
UPCR: UPC thread  21 of 128 on node013 (pshm node  5 of 32, process  21 of 128, pid=23542)
UPCR: UPC thread 123 of 128 on node044 (pshm node 30 of 32, process 123 of 128, pid=5702)
UPCR: UPC thread 114 of 128 on node042 (pshm node 28 of 32, process 114 of 128, pid=28120)
UPCR: UPC thread  26 of 128 on node014 (pshm node  6 of 32, process  26 of 128, pid=3772)
UPCR: UPC thread  17 of 128 on node012 (pshm node  4 of 32, process  17 of 128, pid=27956)
UPCR: UPC thread  83 of 128 on node034 (pshm node 20 of 32, process  83 of 128, pid=3933)
UPCR: UPC thread  91 of 128 on node036 (pshm node 22 of 32, process  91 of 128, pid=32224)
UPCR: UPC thread  20 of 128 on node013 (pshm node  5 of 32, process  20 of 128, pid=23462)
UPCR: UPC thread  88 of 128 on node036 (pshm node 22 of 32, process  88 of 128, pid=32223)
UPCR: UPC thread  24 of 128 on node014 (pshm node  6 of 32, process  24 of 128, pid=3720)
UPCR: UPC thread 106 of 128 on node040 (pshm node 26 of 32, process 106 of 128, pid=4548)
UPCR: UPC thread  67 of 128 on node030 (pshm node 16 of 32, process  67 of 128, pid=29378)
UPCR: UPC thread  49 of 128 on node020 (pshm node 12 of 32, process  49 of 128, pid=13395)
UPCR: UPC thread 101 of 128 on node039 (pshm node 25 of 32, process 101 of 128, pid=27837)
UPCR: UPC thread  57 of 128 on node022 (pshm node 14 of 32, process  57 of 128, pid=17423)
UPCR: UPC thread  50 of 128 on node020 (pshm node 12 of 32, process  50 of 128, pid=13396)
UPCR: UPC thread  54 of 128 on node021 (pshm node 13 of 32, process  54 of 128, pid=22421)
UPCR: UPC thread  95 of 128 on node037 (pshm node 23 of 32, process  95 of 128, pid=3589)
UPCR: UPC thread 127 of 128 on node045 (pshm node 31 of 32, process 127 of 128, pid=4031)
UPCR: UPC thread  32 of 128 on node016 (pshm node  8 of 32, process  32 of 128, pid=17083)
UPCR: UPC thread   6 of 128 on node009 (pshm node  1 of 32, process   6 of 128, pid=1001)
UPCR: UPC thread  18 of 128 on node012 (pshm node  4 of 32, process  18 of 128, pid=27878)
UPCR: UPC thread  39 of 128 on node017 (pshm node  9 of 32, process  39 of 128, pid=10173)
UPCR: UPC thread  25 of 128 on node014 (pshm node  6 of 32, process  25 of 128, pid=3761)
UPCR: UPC thread 104 of 128 on node040 (pshm node 26 of 32, process 104 of 128, pid=4550)
UPCR: UPC thread 100 of 128 on node039 (pshm node 25 of 32, process 100 of 128, pid=27847)
UPCR: UPC thread  80 of 128 on node034 (pshm node 20 of 32, process  80 of 128, pid=3936)
UPCR: UPC thread  11 of 128 on node010 (pshm node  2 of 32, process  11 of 128, pid=20104)
UPCR: UPC thread  23 of 128 on node013 (pshm node  5 of 32, process  23 of 128, pid=23547)
UPCR: UPC thread   4 of 128 on node009 (pshm node  1 of 32, process   4 of 128, pid=1054)
UPCR: UPC thread  81 of 128 on node034 (pshm node 20 of 32, process  81 of 128, pid=3930)
UPCR: UPC thread  37 of 128 on node017 (pshm node  9 of 32, process  37 of 128, pid=10168)
UPCR: UPC thread  63 of 128 on node023 (pshm node 15 of 32, process  63 of 128, pid=5372)
UPCR: UPC thread  40 of 128 on node018 (pshm node 10 of 32, process  40 of 128, pid=12608)
UPCR: UPC thread  42 of 128 on node018 (pshm node 10 of 32, process  42 of 128, pid=12609)
UPCR: UPC thread  30 of 128 on node015 (pshm node  7 of 32, process  30 of 128, pid=12506)
UPCR: UPC thread  45 of 128 on node019 (pshm node 11 of 32, process  45 of 128, pid=18338)
UPCR: UPC thread  69 of 128 on node031 (pshm node 17 of 32, process  69 of 128, pid=31479)
UPCR: UPC thread  10 of 128 on node010 (pshm node  2 of 32, process  10 of 128, pid=20024)
UPCR: UPC thread  62 of 128 on node023 (pshm node 15 of 32, process  62 of 128, pid=5363)
UPCR: UPC thread  38 of 128 on node017 (pshm node  9 of 32, process  38 of 128, pid=10163)
UPCR: UPC thread 102 of 128 on node039 (pshm node 25 of 32, process 102 of 128, pid=27844)
UPCR: UPC thread  72 of 128 on node032 (pshm node 18 of 32, process  72 of 128, pid=29917)
UPCR: UPC thread  46 of 128 on node019 (pshm node 11 of 32, process  46 of 128, pid=18358)
UPCR: UPC thread 105 of 128 on node040 (pshm node 26 of 32, process 105 of 128, pid=4558)
UPCR: UPC thread 125 of 128 on node045 (pshm node 31 of 32, process 125 of 128, pid=4028)
UPCR: UPC thread  71 of 128 on node031 (pshm node 17 of 32, process  71 of 128, pid=31473)
UPCR: UPC thread  92 of 128 on node037 (pshm node 23 of 32, process  92 of 128, pid=3591)
UPCR: UPC thread  76 of 128 on node033 (pshm node 19 of 32, process  76 of 128, pid=1717)
UPCR: UPC thread 116 of 128 on node043 (pshm node 29 of 32, process 116 of 128, pid=6949)
UPCR: UPC thread 118 of 128 on node043 (pshm node 29 of 32, process 118 of 128, pid=6942)
UPCR: UPC thread  55 of 128 on node021 (pshm node 13 of 32, process  55 of 128, pid=22424)
UPCR: UPC thread   8 of 128 on node010 (pshm node  2 of 32, process   8 of 128, pid=20025)
UPCR: UPC thread  51 of 128 on node020 (pshm node 12 of 32, process  51 of 128, pid=13392)
UPCR: UPC thread 109 of 128 on node041 (pshm node 27 of 32, process 109 of 128, pid=2036)
UPCR: UPC thread  94 of 128 on node037 (pshm node 23 of 32, process  94 of 128, pid=3590)
UPCR: UPC thread 107 of 128 on node040 (pshm node 26 of 32, process 107 of 128, pid=4567)
UPCR: UPC thread  78 of 128 on node033 (pshm node 19 of 32, process  78 of 128, pid=1726)
UPCR: UPC thread 120 of 128 on node044 (pshm node 30 of 32, process 120 of 128, pid=5700)
UPCR: UPC thread  19 of 128 on node012 (pshm node  4 of 32, process  19 of 128, pid=27877)
UPCR: UPC thread  93 of 128 on node037 (pshm node 23 of 32, process  93 of 128, pid=3588)
UPCR: UPC thread  58 of 128 on node022 (pshm node 14 of 32, process  58 of 128, pid=17420)
UPCR: UPC thread  13 of 128 on node011 (pshm node  3 of 32, process  13 of 128, pid=5111)
UPCR: UPC thread  15 of 128 on node011 (pshm node  3 of 32, process  15 of 128, pid=5103)
UPCR: UPC thread  84 of 128 on node035 (pshm node 21 of 32, process  84 of 128, pid=29698)
UPCR: UPC thread  87 of 128 on node035 (pshm node 21 of 32, process  87 of 128, pid=29695)
UPCR: UPC thread  35 of 128 on node016 (pshm node  8 of 32, process  35 of 128, pid=17082)
UPCR: UPC thread 126 of 128 on node045 (pshm node 31 of 32, process 126 of 128, pid=4029)
UPCR: UPC thread  86 of 128 on node035 (pshm node 21 of 32, process  86 of 128, pid=29696)
UPCR: UPC thread  73 of 128 on node032 (pshm node 18 of 32, process  73 of 128, pid=29906)
UPCR: UPC thread  41 of 128 on node018 (pshm node 10 of 32, process  41 of 128, pid=12638)
UPCR: UPC thread  48 of 128 on node020 (pshm node 12 of 32, process  48 of 128, pid=13382)
UPCR: UPC thread  64 of 128 on node030 (pshm node 16 of 32, process  64 of 128, pid=29377)
UPCR: UPC thread  77 of 128 on node033 (pshm node 19 of 32, process  77 of 128, pid=1725)
UPCR: UPC thread  12 of 128 on node011 (pshm node  3 of 32, process  12 of 128, pid=5126)
UPCR: UPC thread  90 of 128 on node036 (pshm node 22 of 32, process  90 of 128, pid=32225)
UPCR: UPC thread 119 of 128 on node043 (pshm node 29 of 32, process 119 of 128, pid=6947)
UPCR: UPC thread 117 of 128 on node043 (pshm node 29 of 32, process 117 of 128, pid=6943)
UPCR: UPC thread  65 of 128 on node030 (pshm node 16 of 32, process  65 of 128, pid=29373)
UPCR: UPC thread  70 of 128 on node031 (pshm node 17 of 32, process  70 of 128, pid=31472)
UPCR: UPC thread  79 of 128 on node033 (pshm node 19 of 32, process  79 of 128, pid=1718)
UPCR: UPC thread  28 of 128 on node015 (pshm node  7 of 32, process  28 of 128, pid=12500)
UPCR: UPC thread  98 of 128 on node038 (pshm node 24 of 32, process  98 of 128, pid=32275)
UPCR: UPC thread  74 of 128 on node032 (pshm node 18 of 32, process  74 of 128, pid=29916)
UPCR: UPC thread  96 of 128 on node038 (pshm node 24 of 32, process  96 of 128, pid=32264)
UPCR: UPC thread  89 of 128 on node036 (pshm node 22 of 32, process  89 of 128, pid=32226)
UPCR: UPC thread  68 of 128 on node031 (pshm node 17 of 32, process  68 of 128, pid=31478)
UPCR: UPC thread 124 of 128 on node045 (pshm node 31 of 32, process 124 of 128, pid=4026)
UPCR: UPC thread 110 of 128 on node041 (pshm node 27 of 32, process 110 of 128, pid=2042)
UPCR: UPC thread  97 of 128 on node038 (pshm node 24 of 32, process  97 of 128, pid=32263)
UPCR: UPC thread  75 of 128 on node032 (pshm node 18 of 32, process  75 of 128, pid=29909)
UPCR: UPC thread 108 of 128 on node041 (pshm node 27 of 32, process 108 of 128, pid=2048)
UPCR: UPC thread  27 of 128 on node014 (pshm node  6 of 32, process  27 of 128, pid=3762)
UPCR: UPC thread  61 of 128 on node023 (pshm node 15 of 32, process  61 of 128, pid=5376)
UPCR: UPC thread  33 of 128 on node016 (pshm node  8 of 32, process  33 of 128, pid=17091)
UPCR: UPC thread 113 of 128 on node042 (pshm node 28 of 32, process 113 of 128, pid=28112)
UPCR: UPC thread  22 of 128 on node013 (pshm node  5 of 32, process  22 of 128, pid=23463)
UPCR: UPC thread  29 of 128 on node015 (pshm node  7 of 32, process  29 of 128, pid=12489)
UPCR: UPC thread  66 of 128 on node030 (pshm node 16 of 32, process  66 of 128, pid=29367)
UPCR: UPC thread  16 of 128 on node012 (pshm node  4 of 32, process  16 of 128, pid=27964)
UPCR: UPC thread  31 of 128 on node015 (pshm node  7 of 32, process  31 of 128, pid=12488)
UPCR: UPC thread  43 of 128 on node018 (pshm node 10 of 32, process  43 of 128, pid=12619)
UPCR: UPC thread  99 of 128 on node038 (pshm node 24 of 32, process  99 of 128, pid=32276)
UPCR: UPC thread  36 of 128 on node017 (pshm node  9 of 32, process  36 of 128, pid=10174)
UPCR: UPC thread  53 of 128 on node021 (pshm node 13 of 32, process  53 of 128, pid=22422)
UPCR: UPC thread  44 of 128 on node019 (pshm node 11 of 32, process  44 of 128, pid=18344)
UPCR: UPC thread  60 of 128 on node023 (pshm node 15 of 32, process  60 of 128, pid=5371)
UPCR: UPC thread  34 of 128 on node016 (pshm node  8 of 32, process  34 of 128, pid=17084)
UPCR: UPC thread  14 of 128 on node011 (pshm node  3 of 32, process  14 of 128, pid=5063)
UPCR: UPC thread  47 of 128 on node019 (pshm node 11 of 32, process  47 of 128, pid=18357)
UPCR: UPC thread  85 of 128 on node035 (pshm node 21 of 32, process  85 of 128, pid=29697)
UPCR: UPC thread  52 of 128 on node021 (pshm node 13 of 32, process  52 of 128, pid=22423)
UPCR: UPC thread 111 of 128 on node041 (pshm node 27 of 32, process 111 of 128, pid=2050)
0/128 - htable initialized
0/128 - table size: 137438953472 bytes (131072 MB)
0/128 - total number of buckets: 17179869184
0/128 - block size: 1073741824 (1024 MB)
0/128 - number of buckets in block: 134217728
0/128 - number of blocks: 128
33/128 - Performed a throughput benchmark:
33/128 - Performed 2000000 find-or-put operations with random values from [0,...,166399999]
33/128 - Finds: 973360 (0.48668), Inserts: 1026640 (0.51332), Errors: 0 (0)
33/128 - Execution time: 8.10478 seconds
33/128 - Throughput: 246768 ops/sec
34/128 - Performed a throughput benchmark:
34/128 - Performed 2000000 find-or-put operations with random values from [0,...,166399999]
34/128 - Finds: 974072 (0.487036), Inserts: 1025928 (0.512964), Errors: 0 (0)
34/128 - Execution time: 8.10895 seconds
34/128 - Throughput: 246641 ops/sec
35/128 - Performed a throughput benchmark:
35/128 - Performed 2000000 find-or-put operations with random values from [0,...,166399999]
35/128 - Finds: 974970 (0.487485), Inserts: 1025030 (0.512515), Errors: 0 (0)
35/128 - Execution time: 8.10182 seconds
35/128 - Throughput: 246858 ops/sec
67/128 - Performed a throughput benchmark:
67/128 - Performed 2000000 find-or-put operations with random values from [0,...,166399999]
67/128 - Finds: 973777 (0.486889), Inserts: 1026223 (0.513112), Errors: 0 (0)
67/128 - Execution time: 8.11059 seconds
67/128 - Throughput: 246591 ops/sec
126/128 - Performed a throughput benchmark:
126/128 - Performed 2000000 find-or-put operations with random values from [0,...,166399999]
126/128 - Finds: 978074 (0.489037), Inserts: 1021926 (0.510963), Errors: 0 (0)
126/128 - Execution time: 8.14931 seconds
126/128 - Throughput: 245420 ops/sec
113/128 - Performed a throughput benchmark:
113/128 - Performed 2000000 find-or-put operations with random values from [0,...,166399999]
113/128 - Finds: 976582 (0.488291), Inserts: 1023418 (0.511709), Errors: 0 (0)
113/128 - Execution time: 8.14841 seconds
113/128 - Throughput: 245447 ops/sec
32/128 - Performed a throughput benchmark:
32/128 - Performed 2000000 find-or-put operations with random values from [0,...,166399999]
32/128 - Finds: 975111 (0.487555), Inserts: 1024889 (0.512444), Errors: 0 (0)
32/128 - Execution time: 8.12289 seconds
32/128 - Throughput: 246218 ops/sec
36/128 - Performed a throughput benchmark:
36/128 - Performed 2000000 find-or-put operations with random values from [0,...,166399999]
36/128 - Finds: 976637 (0.488318), Inserts: 1023363 (0.511682), Errors: 0 (0)
36/128 - Execution time: 8.1447 seconds
36/128 - Throughput: 245559 ops/sec
57/128 - Performed a throughput benchmark:
57/128 - Performed 2000000 find-or-put operations with random values from [0,...,166399999]
57/128 - Finds: 978497 (0.489248), Inserts: 1021503 (0.510752), Errors: 0 (0)
57/128 - Execution time: 8.15486 seconds
57/128 - Throughput: 245252 ops/sec
38/128 - Performed a throughput benchmark:
38/128 - Performed 2000000 find-or-put operations with random values from [0,...,166399999]
38/128 - Finds: 978327 (0.489163), Inserts: 1021673 (0.510837), Errors: 0 (0)
38/128 - Execution time: 8.14957 seconds
38/128 - Throughput: 245412 ops/sec
9/128 - Performed a throughput benchmark:
9/128 - Performed 2000000 find-or-put operations with random values from [0,...,166399999]
9/128 - Finds: 979227 (0.489613), Inserts: 1020773 (0.510386), Errors: 0 (0)
9/128 - Execution time: 8.15701 seconds
9/128 - Throughput: 245188 ops/sec
10/128 - Performed a throughput benchmark:
10/128 - Performed 2000000 find-or-put operations with random values from [0,...,166399999]
10/128 - Finds: 978051 (0.489026), Inserts: 1021949 (0.510974), Errors: 0 (0)
10/128 - Execution time: 8.15267 seconds
10/128 - Throughput: 245318 ops/sec
89/128 - Performed a throughput benchmark:
89/128 - Performed 2000000 find-or-put operations with random values from [0,...,166399999]
89/128 - Finds: 977957 (0.488978), Inserts: 1022043 (0.511022), Errors: 0 (0)
89/128 - Execution time: 8.14818 seconds
89/128 - Throughput: 245453 ops/sec
12/128 - Performed a throughput benchmark:
12/128 - Performed 2000000 find-or-put operations with random values from [0,...,166399999]
12/128 - Finds: 978794 (0.489397), Inserts: 1021206 (0.510603), Errors: 0 (0)
12/128 - Execution time: 8.15449 seconds
12/128 - Throughput: 245264 ops/sec
39/128 - Performed a throughput benchmark:
39/128 - Performed 2000000 find-or-put operations with random values from [0,...,166399999]
39/128 - Finds: 974832 (0.487416), Inserts: 1025168 (0.512584), Errors: 0 (0)
39/128 - Execution time: 8.14076 seconds
39/128 - Throughput: 245677 ops/sec
83/128 - Performed a throughput benchmark:
83/128 - Performed 2000000 find-or-put operations with random values from [0,...,166399999]
83/128 - Finds: 977118 (0.488559), Inserts: 1022882 (0.511441), Errors: 0 (0)
83/128 - Execution time: 8.14499 seconds
83/128 - Throughput: 245550 ops/sec
118/128 - Performed a throughput benchmark:
118/128 - Performed 2000000 find-or-put operations with random values from [0,...,166399999]
118/128 - Finds: 978846 (0.489423), Inserts: 1021154 (0.510577), Errors: 0 (0)
118/128 - Execution time: 8.15675 seconds
118/128 - Throughput: 245196 ops/sec
45/128 - Performed a throughput benchmark:
45/128 - Performed 2000000 find-or-put operations with random values from [0,...,166399999]
45/128 - Finds: 980908 (0.490454), Inserts: 1019092 (0.509546), Errors: 0 (0)
45/128 - Execution time: 8.16261 seconds
45/128 - Throughput: 245020 ops/sec
90/128 - Performed a throughput benchmark:
90/128 - Performed 2000000 find-or-put operations with random values from [0,...,166399999]
90/128 - Finds: 978573 (0.489287), Inserts: 1021427 (0.510714), Errors: 0 (0)
90/128 - Execution time: 8.15409 seconds
90/128 - Throughput: 245276 ops/sec
127/128 - Performed a throughput benchmark:
127/128 - Performed 2000000 find-or-put operations with random values from [0,...,166399999]
127/128 - Finds: 978027 (0.489013), Inserts: 1021973 (0.510987), Errors: 0 (0)
127/128 - Execution time: 8.15128 seconds
127/128 - Throughput: 245360 ops/sec
66/128 - Performed a throughput benchmark:
66/128 - Performed 2000000 find-or-put operations with random values from [0,...,166399999]
66/128 - Finds: 977433 (0.488716), Inserts: 1022567 (0.511284), Errors: 0 (0)
66/128 - Execution time: 8.12665 seconds
66/128 - Throughput: 246104 ops/sec
111/128 - Performed a throughput benchmark:
111/128 - Performed 2000000 find-or-put operations with random values from [0,...,166399999]
111/128 - Finds: 979905 (0.489953), Inserts: 1020095 (0.510047), Errors: 0 (0)
111/128 - Execution time: 8.1613 seconds
111/128 - Throughput: 245059 ops/sec
84/128 - Performed a throughput benchmark:
84/128 - Performed 2000000 find-or-put operations with random values from [0,...,166399999]
84/128 - Finds: 979327 (0.489663), Inserts: 1020673 (0.510336), Errors: 0 (0)
84/128 - Execution time: 8.1596 seconds
84/128 - Throughput: 245110 ops/sec
81/128 - Performed a throughput benchmark:
81/128 - Performed 2000000 find-or-put operations with random values from [0,...,166399999]
81/128 - Finds: 979454 (0.489727), Inserts: 1020546 (0.510273), Errors: 0 (0)
81/128 - Execution time: 8.16538 seconds
81/128 - Throughput: 244936 ops/sec
4/128 - Performed a throughput benchmark:
4/128 - Performed 2000000 find-or-put operations with random values from [0,...,166399999]
4/128 - Finds: 979279 (0.48964), Inserts: 1020721 (0.51036), Errors: 0 (0)
4/128 - Execution time: 8.16225 seconds
4/128 - Throughput: 245031 ops/sec
5/128 - Performed a throughput benchmark:
5/128 - Performed 2000000 find-or-put operations with random values from [0,...,166399999]
5/128 - Finds: 977500 (0.48875), Inserts: 1022500 (0.51125), Errors: 0 (0)
5/128 - Execution time: 8.16067 seconds
5/128 - Throughput: 245078 ops/sec
109/128 - Performed a throughput benchmark:
109/128 - Performed 2000000 find-or-put operations with random values from [0,...,166399999]
109/128 - Finds: 979285 (0.489642), Inserts: 1020715 (0.510358), Errors: 0 (0)
109/128 - Execution time: 8.15612 seconds
109/128 - Throughput: 245215 ops/sec
125/128 - Performed a throughput benchmark:
125/128 - Performed 2000000 find-or-put operations with random values from [0,...,166399999]
125/128 - Finds: 978543 (0.489272), Inserts: 1021457 (0.510729), Errors: 0 (0)
125/128 - Execution time: 8.14692 seconds
125/128 - Throughput: 245491 ops/sec
110/128 - Performed a throughput benchmark:
110/128 - Performed 2000000 find-or-put operations with random values from [0,...,166399999]
110/128 - Finds: 980320 (0.49016), Inserts: 1019680 (0.50984), Errors: 0 (0)
110/128 - Execution time: 8.15967 seconds
110/128 - Throughput: 245108 ops/sec
87/128 - Performed a throughput benchmark:
87/128 - Performed 2000000 find-or-put operations with random values from [0,...,166399999]
87/128 - Finds: 979663 (0.489831), Inserts: 1020337 (0.510169), Errors: 0 (0)
87/128 - Execution time: 8.16833 seconds
87/128 - Throughput: 244848 ops/sec
86/128 - Performed a throughput benchmark:
86/128 - Performed 2000000 find-or-put operations with random values from [0,...,166399999]
86/128 - Finds: 979614 (0.489807), Inserts: 1020386 (0.510193), Errors: 0 (0)
86/128 - Execution time: 8.16986 seconds
86/128 - Throughput: 244802 ops/sec
106/128 - Performed a throughput benchmark:
106/128 - Performed 2000000 find-or-put operations with random values from [0,...,166399999]
106/128 - Finds: 980269 (0.490134), Inserts: 1019731 (0.509865), Errors: 0 (0)
106/128 - Execution time: 8.16656 seconds
106/128 - Throughput: 244901 ops/sec
64/128 - Performed a throughput benchmark:
64/128 - Performed 2000000 find-or-put operations with random values from [0,...,166399999]
64/128 - Finds: 977120 (0.48856), Inserts: 1022880 (0.51144), Errors: 0 (0)
64/128 - Execution time: 8.14686 seconds
64/128 - Throughput: 245493 ops/sec
6/128 - Performed a throughput benchmark:
6/128 - Performed 2000000 find-or-put operations with random values from [0,...,166399999]
6/128 - Finds: 980397 (0.490198), Inserts: 1019603 (0.509802), Errors: 0 (0)
6/128 - Execution time: 8.17204 seconds
6/128 - Throughput: 244737 ops/sec
98/128 - Performed a throughput benchmark:
98/128 - Performed 2000000 find-or-put operations with random values from [0,...,166399999]
98/128 - Finds: 979131 (0.489565), Inserts: 1020869 (0.510435), Errors: 0 (0)
98/128 - Execution time: 8.16111 seconds
98/128 - Throughput: 245065 ops/sec
28/128 - Performed a throughput benchmark:
28/128 - Performed 2000000 find-or-put operations with random values from [0,...,166399999]
28/128 - Finds: 978397 (0.489198), Inserts: 1021603 (0.510802), Errors: 0 (0)
28/128 - Execution time: 8.1643 seconds
28/128 - Throughput: 244969 ops/sec
29/128 - Performed a throughput benchmark:
29/128 - Performed 2000000 find-or-put operations with random values from [0,...,166399999]
29/128 - Finds: 979798 (0.489899), Inserts: 1020202 (0.510101), Errors: 0 (0)
29/128 - Execution time: 8.16832 seconds
29/128 - Throughput: 244848 ops/sec
14/128 - Performed a throughput benchmark:
14/128 - Performed 2000000 find-or-put operations with random values from [0,...,166399999]
14/128 - Finds: 978796 (0.489398), Inserts: 1021204 (0.510602), Errors: 0 (0)
14/128 - Execution time: 8.16531 seconds
14/128 - Throughput: 244939 ops/sec
88/128 - Performed a throughput benchmark:
88/128 - Performed 2000000 find-or-put operations with random values from [0,...,166399999]
88/128 - Finds: 979153 (0.489577), Inserts: 1020847 (0.510424), Errors: 0 (0)
88/128 - Execution time: 8.14959 seconds
88/128 - Throughput: 245411 ops/sec
85/128 - Performed a throughput benchmark:
85/128 - Performed 2000000 find-or-put operations with random values from [0,...,166399999]
85/128 - Finds: 978812 (0.489406), Inserts: 1021188 (0.510594), Errors: 0 (0)
85/128 - Execution time: 8.1653 seconds
85/128 - Throughput: 244939 ops/sec
25/128 - Performed a throughput benchmark:
25/128 - Performed 2000000 find-or-put operations with random values from [0,...,166399999]
25/128 - Finds: 979437 (0.489719), Inserts: 1020563 (0.510282), Errors: 0 (0)
25/128 - Execution time: 8.17599 seconds
25/128 - Throughput: 244619 ops/sec
108/128 - Performed a throughput benchmark:
108/128 - Performed 2000000 find-or-put operations with random values from [0,...,166399999]
108/128 - Finds: 978460 (0.48923), Inserts: 1021540 (0.51077), Errors: 0 (0)
108/128 - Execution time: 8.1582 seconds
108/128 - Throughput: 245152 ops/sec
62/128 - Performed a throughput benchmark:
62/128 - Performed 2000000 find-or-put operations with random values from [0,...,166399999]
62/128 - Finds: 978468 (0.489234), Inserts: 1021532 (0.510766), Errors: 0 (0)
62/128 - Execution time: 8.1504 seconds
62/128 - Throughput: 245387 ops/sec
80/128 - Performed a throughput benchmark:
80/128 - Performed 2000000 find-or-put operations with random values from [0,...,166399999]
80/128 - Finds: 979035 (0.489517), Inserts: 1020965 (0.510482), Errors: 0 (0)
80/128 - Execution time: 8.16957 seconds
80/128 - Throughput: 244811 ops/sec
96/128 - Performed a throughput benchmark:
96/128 - Performed 2000000 find-or-put operations with random values from [0,...,166399999]
96/128 - Finds: 980108 (0.490054), Inserts: 1019892 (0.509946), Errors: 0 (0)
96/128 - Execution time: 8.17751 seconds
96/128 - Throughput: 244573 ops/sec
31/128 - Performed a throughput benchmark:
31/128 - Performed 2000000 find-or-put operations with random values from [0,...,166399999]
31/128 - Finds: 979688 (0.489844), Inserts: 1020312 (0.510156), Errors: 0 (0)
31/128 - Execution time: 8.16772 seconds
31/128 - Throughput: 244866 ops/sec
50/128 - Performed a throughput benchmark:
50/128 - Performed 2000000 find-or-put operations with random values from [0,...,166399999]
50/128 - Finds: 976201 (0.4881), Inserts: 1023799 (0.511899), Errors: 0 (0)
50/128 - Execution time: 8.14486 seconds
50/128 - Throughput: 245554 ops/sec
48/128 - Performed a throughput benchmark:
48/128 - Performed 2000000 find-or-put operations with random values from [0,...,166399999]
48/128 - Finds: 976758 (0.488379), Inserts: 1023242 (0.511621), Errors: 0 (0)
48/128 - Execution time: 8.15708 seconds
48/128 - Throughput: 245186 ops/sec
102/128 - Performed a throughput benchmark:
102/128 - Performed 2000000 find-or-put operations with random values from [0,...,166399999]
102/128 - Finds: 980458 (0.490229), Inserts: 1019542 (0.509771), Errors: 0 (0)
102/128 - Execution time: 8.17305 seconds
102/128 - Throughput: 244707 ops/sec
8/128 - Performed a throughput benchmark:
8/128 - Performed 2000000 find-or-put operations with random values from [0,...,166399999]
8/128 - Finds: 979224 (0.489612), Inserts: 1020776 (0.510388), Errors: 0 (0)
8/128 - Execution time: 8.16368 seconds
8/128 - Throughput: 244988 ops/sec
17/128 - Performed a throughput benchmark:
17/128 - Performed 2000000 find-or-put operations with random values from [0,...,166399999]
17/128 - Finds: 979233 (0.489617), Inserts: 1020767 (0.510383), Errors: 0 (0)
17/128 - Execution time: 8.15837 seconds
17/128 - Throughput: 245147 ops/sec
16/128 - Performed a throughput benchmark:
16/128 - Performed 2000000 find-or-put operations with random values from [0,...,166399999]
16/128 - Finds: 979117 (0.489559), Inserts: 1020883 (0.510441), Errors: 0 (0)
16/128 - Execution time: 8.17005 seconds
16/128 - Throughput: 244797 ops/sec
26/128 - Performed a throughput benchmark:
26/128 - Performed 2000000 find-or-put operations with random values from [0,...,166399999]
26/128 - Finds: 979096 (0.489548), Inserts: 1020904 (0.510452), Errors: 0 (0)
26/128 - Execution time: 8.1703 seconds
26/128 - Throughput: 244789 ops/sec
52/128 - Performed a throughput benchmark:
52/128 - Performed 2000000 find-or-put operations with random values from [0,...,166399999]
52/128 - Finds: 979563 (0.489781), Inserts: 1020437 (0.510219), Errors: 0 (0)
52/128 - Execution time: 8.17002 seconds
52/128 - Throughput: 244797 ops/sec
19/128 - Performed a throughput benchmark:
19/128 - Performed 2000000 find-or-put operations with random values from [0,...,166399999]
19/128 - Finds: 978514 (0.489257), Inserts: 1021486 (0.510743), Errors: 0 (0)
19/128 - Execution time: 8.17033 seconds
19/128 - Throughput: 244788 ops/sec
76/128 - Performed a throughput benchmark:
76/128 - Performed 2000000 find-or-put operations with random values from [0,...,166399999]
76/128 - Finds: 979631 (0.489816), Inserts: 1020369 (0.510185), Errors: 0 (0)
76/128 - Execution time: 8.17887 seconds
76/128 - Throughput: 244533 ops/sec
120/128 - Performed a throughput benchmark:
120/128 - Performed 2000000 find-or-put operations with random values from [0,...,166399999]
120/128 - Finds: 979177 (0.489588), Inserts: 1020823 (0.510412), Errors: 0 (0)
120/128 - Execution time: 8.17621 seconds
120/128 - Throughput: 244612 ops/sec
1/128 - Performed a throughput benchmark:
1/128 - Performed 2000000 find-or-put operations with random values from [0,...,166399999]
1/128 - Finds: 979694 (0.489847), Inserts: 1020306 (0.510153), Errors: 0 (0)
1/128 - Execution time: 8.16976 seconds
1/128 - Throughput: 244805 ops/sec
59/128 - Performed a throughput benchmark:
59/128 - Performed 2000000 find-or-put operations with random values from [0,...,166399999]
59/128 - Finds: 978649 (0.489324), Inserts: 1021351 (0.510675), Errors: 0 (0)
59/128 - Execution time: 8.15755 seconds
59/128 - Throughput: 245172 ops/sec
43/128 - Performed a throughput benchmark:
43/128 - Performed 2000000 find-or-put operations with random values from [0,...,166399999]
43/128 - Finds: 977449 (0.488725), Inserts: 1022551 (0.511275), Errors: 0 (0)
43/128 - Execution time: 8.15103 seconds
43/128 - Throughput: 245368 ops/sec
2/128 - Performed a throughput benchmark:
2/128 - Performed 2000000 find-or-put operations with random values from [0,...,166399999]
2/128 - Finds: 979295 (0.489648), Inserts: 1020705 (0.510352), Errors: 0 (0)
2/128 - Execution time: 8.163 seconds
2/128 - Throughput: 245008 ops/sec
91/128 - Performed a throughput benchmark:
91/128 - Performed 2000000 find-or-put operations with random values from [0,...,166399999]
91/128 - Finds: 978265 (0.489133), Inserts: 1021735 (0.510868), Errors: 0 (0)
91/128 - Execution time: 8.15489 seconds
91/128 - Throughput: 245252 ops/sec
7/128 - Performed a throughput benchmark:
7/128 - Performed 2000000 find-or-put operations with random values from [0,...,166399999]
7/128 - Finds: 977932 (0.488966), Inserts: 1022068 (0.511034), Errors: 0 (0)
7/128 - Execution time: 8.15823 seconds
7/128 - Throughput: 245151 ops/sec
3/128 - Performed a throughput benchmark:
3/128 - Performed 2000000 find-or-put operations with random values from [0,...,166399999]
3/128 - Finds: 979834 (0.489917), Inserts: 1020166 (0.510083), Errors: 0 (0)
3/128 - Execution time: 8.17612 seconds
3/128 - Throughput: 244615 ops/sec
37/128 - Performed a throughput benchmark:
37/128 - Performed 2000000 find-or-put operations with random values from [0,...,166399999]
37/128 - Finds: 978422 (0.489211), Inserts: 1021578 (0.510789), Errors: 0 (0)
37/128 - Execution time: 8.15737 seconds
37/128 - Throughput: 245177 ops/sec
42/128 - Performed a throughput benchmark:
42/128 - Performed 2000000 find-or-put operations with random values from [0,...,166399999]
42/128 - Finds: 979756 (0.489878), Inserts: 1020244 (0.510122), Errors: 0 (0)
42/128 - Execution time: 8.16576 seconds
42/128 - Throughput: 244925 ops/sec
82/128 - Performed a throughput benchmark:
82/128 - Performed 2000000 find-or-put operations with random values from [0,...,166399999]
82/128 - Finds: 978949 (0.489474), Inserts: 1021051 (0.510525), Errors: 0 (0)
82/128 - Execution time: 8.15732 seconds
82/128 - Throughput: 245179 ops/sec
121/128 - Performed a throughput benchmark:
121/128 - Performed 2000000 find-or-put operations with random values from [0,...,166399999]
121/128 - Finds: 978926 (0.489463), Inserts: 1021074 (0.510537), Errors: 0 (0)
121/128 - Execution time: 8.15775 seconds
121/128 - Throughput: 245166 ops/sec
49/128 - Performed a throughput benchmark:
49/128 - Performed 2000000 find-or-put operations with random values from [0,...,166399999]
49/128 - Finds: 980303 (0.490152), Inserts: 1019697 (0.509849), Errors: 0 (0)
49/128 - Execution time: 8.17238 seconds
49/128 - Throughput: 244727 ops/sec
115/128 - Performed a throughput benchmark:
115/128 - Performed 2000000 find-or-put operations with random values from [0,...,166399999]
115/128 - Finds: 978926 (0.489463), Inserts: 1021074 (0.510537), Errors: 0 (0)
115/128 - Execution time: 8.1686 seconds
115/128 - Throughput: 244840 ops/sec
46/128 - Performed a throughput benchmark:
46/128 - Performed 2000000 find-or-put operations with random values from [0,...,166399999]
46/128 - Finds: 978380 (0.48919), Inserts: 1021620 (0.51081), Errors: 0 (0)
46/128 - Execution time: 8.15681 seconds
46/128 - Throughput: 245194 ops/sec
58/128 - Performed a throughput benchmark:
58/128 - Performed 2000000 find-or-put operations with random values from [0,...,166399999]
58/128 - Finds: 978624 (0.489312), Inserts: 1021376 (0.510688), Errors: 0 (0)
58/128 - Execution time: 8.17117 seconds
58/128 - Throughput: 244763 ops/sec
122/128 - Performed a throughput benchmark:
122/128 - Performed 2000000 find-or-put operations with random values from [0,...,166399999]
122/128 - Finds: 978429 (0.489214), Inserts: 1021571 (0.510786), Errors: 0 (0)
122/128 - Execution time: 8.16271 seconds
122/128 - Throughput: 245017 ops/sec
18/128 - Performed a throughput benchmark:
18/128 - Performed 2000000 find-or-put operations with random values from [0,...,166399999]
18/128 - Finds: 979614 (0.489807), Inserts: 1020386 (0.510193), Errors: 0 (0)
18/128 - Execution time: 8.16323 seconds
18/128 - Throughput: 245001 ops/sec
123/128 - Performed a throughput benchmark:
123/128 - Performed 2000000 find-or-put operations with random values from [0,...,166399999]
123/128 - Finds: 981036 (0.490518), Inserts: 1018964 (0.509482), Errors: 0 (0)
123/128 - Execution time: 8.1698 seconds
123/128 - Throughput: 244804 ops/sec
47/128 - Performed a throughput benchmark:
47/128 - Performed 2000000 find-or-put operations with random values from [0,...,166399999]
47/128 - Finds: 979116 (0.489558), Inserts: 1020884 (0.510442), Errors: 0 (0)
47/128 - Execution time: 8.15881 seconds
47/128 - Throughput: 245134 ops/sec
27/128 - Performed a throughput benchmark:
27/128 - Performed 2000000 find-or-put operations with random values from [0,...,166399999]
27/128 - Finds: 978928 (0.489464), Inserts: 1021072 (0.510536), Errors: 0 (0)
27/128 - Execution time: 8.16282 seconds
27/128 - Throughput: 245014 ops/sec
56/128 - Performed a throughput benchmark:
56/128 - Performed 2000000 find-or-put operations with random values from [0,...,166399999]
56/128 - Finds: 978585 (0.489293), Inserts: 1021415 (0.510707), Errors: 0 (0)
56/128 - Execution time: 8.16136 seconds
56/128 - Throughput: 245057 ops/sec
124/128 - Performed a throughput benchmark:
124/128 - Performed 2000000 find-or-put operations with random values from [0,...,166399999]
124/128 - Finds: 979493 (0.489746), Inserts: 1020507 (0.510254), Errors: 0 (0)
124/128 - Execution time: 8.16582 seconds
124/128 - Throughput: 244923 ops/sec
73/128 - Performed a throughput benchmark:
73/128 - Performed 2000000 find-or-put operations with random values from [0,...,166399999]
73/128 - Finds: 978442 (0.489221), Inserts: 1021558 (0.510779), Errors: 0 (0)
73/128 - Execution time: 8.16993 seconds
73/128 - Throughput: 244800 ops/sec
22/128 - Performed a throughput benchmark:
22/128 - Performed 2000000 find-or-put operations with random values from [0,...,166399999]
22/128 - Finds: 979710 (0.489855), Inserts: 1020290 (0.510145), Errors: 0 (0)
22/128 - Execution time: 8.16807 seconds
22/128 - Throughput: 244856 ops/sec
117/128 - Performed a throughput benchmark:
117/128 - Performed 2000000 find-or-put operations with random values from [0,...,166399999]
117/128 - Finds: 977693 (0.488847), Inserts: 1022307 (0.511154), Errors: 0 (0)
117/128 - Execution time: 8.1595 seconds
117/128 - Throughput: 245113 ops/sec
21/128 - Performed a throughput benchmark:
21/128 - Performed 2000000 find-or-put operations with random values from [0,...,166399999]
21/128 - Finds: 979404 (0.489702), Inserts: 1020596 (0.510298), Errors: 0 (0)
21/128 - Execution time: 8.16142 seconds
21/128 - Throughput: 245055 ops/sec
99/128 - Performed a throughput benchmark:
99/128 - Performed 2000000 find-or-put operations with random values from [0,...,166399999]
99/128 - Finds: 979601 (0.489801), Inserts: 1020399 (0.5102), Errors: 0 (0)
99/128 - Execution time: 8.16637 seconds
99/128 - Throughput: 244907 ops/sec
72/128 - Performed a throughput benchmark:
72/128 - Performed 2000000 find-or-put operations with random values from [0,...,166399999]
72/128 - Finds: 980717 (0.490358), Inserts: 1019283 (0.509641), Errors: 0 (0)
72/128 - Execution time: 8.18008 seconds
72/128 - Throughput: 244497 ops/sec
23/128 - Performed a throughput benchmark:
23/128 - Performed 2000000 find-or-put operations with random values from [0,...,166399999]
23/128 - Finds: 981070 (0.490535), Inserts: 1018930 (0.509465), Errors: 0 (0)
23/128 - Execution time: 8.16844 seconds
23/128 - Throughput: 244845 ops/sec
79/128 - Performed a throughput benchmark:
79/128 - Performed 2000000 find-or-put operations with random values from [0,...,166399999]
79/128 - Finds: 981075 (0.490538), Inserts: 1018925 (0.509463), Errors: 0 (0)
79/128 - Execution time: 8.17229 seconds
79/128 - Throughput: 244730 ops/sec
119/128 - Performed a throughput benchmark:
119/128 - Performed 2000000 find-or-put operations with random values from [0,...,166399999]
119/128 - Finds: 979030 (0.489515), Inserts: 1020970 (0.510485), Errors: 0 (0)
119/128 - Execution time: 8.16235 seconds
119/128 - Throughput: 245027 ops/sec
70/128 - Performed a throughput benchmark:
70/128 - Performed 2000000 find-or-put operations with random values from [0,...,166399999]
70/128 - Finds: 980063 (0.490032), Inserts: 1019937 (0.509969), Errors: 0 (0)
70/128 - Execution time: 8.17045 seconds
70/128 - Throughput: 244784 ops/sec
15/128 - Performed a throughput benchmark:
15/128 - Performed 2000000 find-or-put operations with random values from [0,...,166399999]
15/128 - Finds: 979002 (0.489501), Inserts: 1020998 (0.510499), Errors: 0 (0)
15/128 - Execution time: 8.16499 seconds
15/128 - Throughput: 244948 ops/sec
20/128 - Performed a throughput benchmark:
20/128 - Performed 2000000 find-or-put operations with random values from [0,...,166399999]
20/128 - Finds: 980662 (0.490331), Inserts: 1019338 (0.509669), Errors: 0 (0)
20/128 - Execution time: 8.18084 seconds
20/128 - Throughput: 244474 ops/sec
13/128 - Performed a throughput benchmark:
13/128 - Performed 2000000 find-or-put operations with random values from [0,...,166399999]
13/128 - Finds: 979224 (0.489612), Inserts: 1020776 (0.510388), Errors: 0 (0)
13/128 - Execution time: 8.16924 seconds
13/128 - Throughput: 244821 ops/sec
100/128 - Performed a throughput benchmark:
100/128 - Performed 2000000 find-or-put operations with random values from [0,...,166399999]
100/128 - Finds: 982946 (0.491473), Inserts: 1017054 (0.508527), Errors: 0 (0)
100/128 - Execution time: 8.19544 seconds
100/128 - Throughput: 244038 ops/sec
30/128 - Performed a throughput benchmark:
30/128 - Performed 2000000 find-or-put operations with random values from [0,...,166399999]
30/128 - Finds: 978452 (0.489226), Inserts: 1021548 (0.510774), Errors: 0 (0)
30/128 - Execution time: 8.16858 seconds
30/128 - Throughput: 244840 ops/sec
107/128 - Performed a throughput benchmark:
107/128 - Performed 2000000 find-or-put operations with random values from [0,...,166399999]
107/128 - Finds: 980261 (0.490131), Inserts: 1019739 (0.509869), Errors: 0 (0)
107/128 - Execution time: 8.1842 seconds
107/128 - Throughput: 244373 ops/sec
69/128 - Performed a throughput benchmark:
69/128 - Performed 2000000 find-or-put operations with random values from [0,...,166399999]
69/128 - Finds: 980442 (0.490221), Inserts: 1019558 (0.509779), Errors: 0 (0)
69/128 - Execution time: 8.17868 seconds
69/128 - Throughput: 244538 ops/sec
11/128 - Performed a throughput benchmark:
11/128 - Performed 2000000 find-or-put operations with random values from [0,...,166399999]
11/128 - Finds: 980152 (0.490076), Inserts: 1019848 (0.509924), Errors: 0 (0)
11/128 - Execution time: 8.16958 seconds
11/128 - Throughput: 244810 ops/sec
97/128 - Performed a throughput benchmark:
97/128 - Performed 2000000 find-or-put operations with random values from [0,...,166399999]
97/128 - Finds: 979908 (0.489954), Inserts: 1020092 (0.510046), Errors: 0 (0)
97/128 - Execution time: 8.17434 seconds
97/128 - Throughput: 244668 ops/sec
105/128 - Performed a throughput benchmark:
105/128 - Performed 2000000 find-or-put operations with random values from [0,...,166399999]
105/128 - Finds: 979852 (0.489926), Inserts: 1020148 (0.510074), Errors: 0 (0)
105/128 - Execution time: 8.17995 seconds
105/128 - Throughput: 244500 ops/sec
24/128 - Performed a throughput benchmark:
24/128 - Performed 2000000 find-or-put operations with random values from [0,...,166399999]
24/128 - Finds: 979979 (0.48999), Inserts: 1020021 (0.510011), Errors: 0 (0)
24/128 - Execution time: 8.1679 seconds
24/128 - Throughput: 244861 ops/sec
104/128 - Performed a throughput benchmark:
104/128 - Performed 2000000 find-or-put operations with random values from [0,...,166399999]
104/128 - Finds: 979330 (0.489665), Inserts: 1020670 (0.510335), Errors: 0 (0)
104/128 - Execution time: 8.16741 seconds
104/128 - Throughput: 244876 ops/sec
75/128 - Performed a throughput benchmark:
75/128 - Performed 2000000 find-or-put operations with random values from [0,...,166399999]
75/128 - Finds: 978531 (0.489266), Inserts: 1021469 (0.510734), Errors: 0 (0)
75/128 - Execution time: 8.1806 seconds
75/128 - Throughput: 244481 ops/sec
74/128 - Performed a throughput benchmark:
74/128 - Performed 2000000 find-or-put operations with random values from [0,...,166399999]
74/128 - Finds: 978838 (0.489419), Inserts: 1021162 (0.510581), Errors: 0 (0)
74/128 - Execution time: 8.17361 seconds
74/128 - Throughput: 244690 ops/sec
92/128 - Performed a throughput benchmark:
92/128 - Performed 2000000 find-or-put operations with random values from [0,...,166399999]
92/128 - Finds: 978222 (0.489111), Inserts: 1021778 (0.510889), Errors: 0 (0)
92/128 - Execution time: 8.15663 seconds
92/128 - Throughput: 245199 ops/sec
40/128 - Performed a throughput benchmark:
40/128 - Performed 2000000 find-or-put operations with random values from [0,...,166399999]
40/128 - Finds: 979720 (0.48986), Inserts: 1020280 (0.51014), Errors: 0 (0)
40/128 - Execution time: 8.16943 seconds
40/128 - Throughput: 244815 ops/sec
41/128 - Performed a throughput benchmark:
41/128 - Performed 2000000 find-or-put operations with random values from [0,...,166399999]
41/128 - Finds: 978449 (0.489225), Inserts: 1021551 (0.510776), Errors: 0 (0)
41/128 - Execution time: 8.16174 seconds
41/128 - Throughput: 245046 ops/sec
101/128 - Performed a throughput benchmark:
101/128 - Performed 2000000 find-or-put operations with random values from [0,...,166399999]
101/128 - Finds: 981119 (0.490559), Inserts: 1018881 (0.50944), Errors: 0 (0)
101/128 - Execution time: 8.18605 seconds
101/128 - Throughput: 244318 ops/sec
103/128 - Performed a throughput benchmark:
103/128 - Performed 2000000 find-or-put operations with random values from [0,...,166399999]
103/128 - Finds: 981974 (0.490987), Inserts: 1018026 (0.509013), Errors: 0 (0)
103/128 - Execution time: 8.17916 seconds
103/128 - Throughput: 244524 ops/sec
44/128 - Performed a throughput benchmark:
44/128 - Performed 2000000 find-or-put operations with random values from [0,...,166399999]
44/128 - Finds: 981457 (0.490729), Inserts: 1018543 (0.509271), Errors: 0 (0)
44/128 - Execution time: 8.18293 seconds
44/128 - Throughput: 244411 ops/sec
95/128 - Performed a throughput benchmark:
95/128 - Performed 2000000 find-or-put operations with random values from [0,...,166399999]
95/128 - Finds: 980905 (0.490453), Inserts: 1019095 (0.509548), Errors: 0 (0)
95/128 - Execution time: 8.17202 seconds
95/128 - Throughput: 244738 ops/sec
68/128 - Performed a throughput benchmark:
68/128 - Performed 2000000 find-or-put operations with random values from [0,...,166399999]
68/128 - Finds: 981149 (0.490575), Inserts: 1018851 (0.509425), Errors: 0 (0)
68/128 - Execution time: 8.18347 seconds
68/128 - Throughput: 244395 ops/sec
60/128 - Performed a throughput benchmark:
60/128 - Performed 2000000 find-or-put operations with random values from [0,...,166399999]
60/128 - Finds: 978014 (0.489007), Inserts: 1021986 (0.510993), Errors: 0 (0)
60/128 - Execution time: 8.15151 seconds
60/128 - Throughput: 245353 ops/sec
63/128 - Performed a throughput benchmark:
63/128 - Performed 2000000 find-or-put operations with random values from [0,...,166399999]
63/128 - Finds: 977718 (0.488859), Inserts: 1022282 (0.511141), Errors: 0 (0)
63/128 - Execution time: 8.15448 seconds
63/128 - Throughput: 245264 ops/sec
112/128 - Performed a throughput benchmark:
112/128 - Performed 2000000 find-or-put operations with random values from [0,...,166399999]
112/128 - Finds: 979711 (0.489855), Inserts: 1020289 (0.510145), Errors: 0 (0)
112/128 - Execution time: 8.17605 seconds
112/128 - Throughput: 244617 ops/sec
93/128 - Performed a throughput benchmark:
93/128 - Performed 2000000 find-or-put operations with random values from [0,...,166399999]
93/128 - Finds: 978931 (0.489465), Inserts: 1021069 (0.510535), Errors: 0 (0)
93/128 - Execution time: 8.17323 seconds
93/128 - Throughput: 244701 ops/sec
78/128 - Performed a throughput benchmark:
78/128 - Performed 2000000 find-or-put operations with random values from [0,...,166399999]
78/128 - Finds: 980616 (0.490308), Inserts: 1019384 (0.509692), Errors: 0 (0)
78/128 - Execution time: 8.16685 seconds
78/128 - Throughput: 244892 ops/sec
114/128 - Performed a throughput benchmark:
114/128 - Performed 2000000 find-or-put operations with random values from [0,...,166399999]
114/128 - Finds: 979466 (0.489733), Inserts: 1020534 (0.510267), Errors: 0 (0)
114/128 - Execution time: 8.17366 seconds
114/128 - Throughput: 244688 ops/sec
53/128 - Performed a throughput benchmark:
53/128 - Performed 2000000 find-or-put operations with random values from [0,...,166399999]
53/128 - Finds: 981359 (0.490679), Inserts: 1018641 (0.50932), Errors: 0 (0)
53/128 - Execution time: 8.17024 seconds
53/128 - Throughput: 244791 ops/sec
54/128 - Performed a throughput benchmark:
54/128 - Performed 2000000 find-or-put operations with random values from [0,...,166399999]
54/128 - Finds: 980850 (0.490425), Inserts: 1019150 (0.509575), Errors: 0 (0)
54/128 - Execution time: 8.17834 seconds
54/128 - Throughput: 244548 ops/sec
65/128 - Performed a throughput benchmark:
65/128 - Performed 2000000 find-or-put operations with random values from [0,...,166399999]
65/128 - Finds: 985578 (0.492789), Inserts: 1014422 (0.507211), Errors: 0 (0)
65/128 - Execution time: 8.23615 seconds
65/128 - Throughput: 242832 ops/sec
94/128 - Performed a throughput benchmark:
94/128 - Performed 2000000 find-or-put operations with random values from [0,...,166399999]
94/128 - Finds: 981206 (0.490603), Inserts: 1018794 (0.509397), Errors: 0 (0)
94/128 - Execution time: 8.1611 seconds
94/128 - Throughput: 245065 ops/sec
116/128 - Performed a throughput benchmark:
116/128 - Performed 2000000 find-or-put operations with random values from [0,...,166399999]
116/128 - Finds: 978742 (0.489371), Inserts: 1021258 (0.510629), Errors: 0 (0)
116/128 - Execution time: 8.15137 seconds
116/128 - Throughput: 245357 ops/sec
61/128 - Performed a throughput benchmark:
61/128 - Performed 2000000 find-or-put operations with random values from [0,...,166399999]
61/128 - Finds: 977344 (0.488672), Inserts: 1022656 (0.511328), Errors: 0 (0)
61/128 - Execution time: 8.15433 seconds
61/128 - Throughput: 245268 ops/sec
51/128 - Performed a throughput benchmark:
51/128 - Performed 2000000 find-or-put operations with random values from [0,...,166399999]
51/128 - Finds: 978276 (0.489138), Inserts: 1021724 (0.510862), Errors: 0 (0)
51/128 - Execution time: 8.16363 seconds
51/128 - Throughput: 244989 ops/sec
0/128 - Performed a throughput benchmark:
0/128 - Performed 2000000 find-or-put operations with random values from [0,...,166399999]
0/128 - Finds: 989060 (0.49453), Inserts: 1010940 (0.50547), Errors: 0 (0)
0/128 - Execution time: 8.27154 seconds
0/128 - Throughput: 241793 ops/sec
71/128 - Performed a throughput benchmark:
71/128 - Performed 2000000 find-or-put operations with random values from [0,...,166399999]
71/128 - Finds: 980121 (0.490061), Inserts: 1019879 (0.509939), Errors: 0 (0)
71/128 - Execution time: 8.18052 seconds
71/128 - Throughput: 244483 ops/sec
55/128 - Performed a throughput benchmark:
55/128 - Performed 2000000 find-or-put operations with random values from [0,...,166399999]
55/128 - Finds: 979540 (0.48977), Inserts: 1020460 (0.51023), Errors: 0 (0)
55/128 - Execution time: 8.17398 seconds
55/128 - Throughput: 244679 ops/sec
77/128 - Performed a throughput benchmark:
77/128 - Performed 2000000 find-or-put operations with random values from [0,...,166399999]
77/128 - Finds: 979279 (0.48964), Inserts: 1020721 (0.51036), Errors: 0 (0)
77/128 - Execution time: 8.16958 seconds
77/128 - Throughput: 244811 ops/sec
[1447417586.741251] [node008:10655:0]         sys.c:719  MXM  WARN  Conflicting CPU frequencies detected, using: 1768.88
