[1447417306.027213] [node008:6791 :0]         sys.c:719  MXM  WARN  Conflicting CPU frequencies detected, using: 1522.22
[1447417306.040653] [node008:6791 :0]         mxm.c:185  MXM  WARN  The 'ulimit -s' on the system is set to 'unlimited'. This may have negative performance implications. Please set the heap size to the default value (10240) 
[1447417306.028513] [node008:6792 :0]         sys.c:719  MXM  WARN  Conflicting CPU frequencies detected, using: 1522.22
[1447417306.046113] [node008:6792 :0]         mxm.c:185  MXM  WARN  The 'ulimit -s' on the system is set to 'unlimited'. This may have negative performance implications. Please set the heap size to the default value (10240) 
[1447417306.028559] [node008:6790 :0]         sys.c:719  MXM  WARN  Conflicting CPU frequencies detected, using: 1522.22
[1447417306.047120] [node008:6790 :0]         mxm.c:185  MXM  WARN  The 'ulimit -s' on the system is set to 'unlimited'. This may have negative performance implications. Please set the heap size to the default value (10240) 
[1447417306.028402] [node008:6789 :0]         sys.c:719  MXM  WARN  Conflicting CPU frequencies detected, using: 1522.22
[1447417306.044638] [node008:6789 :0]         mxm.c:185  MXM  WARN  The 'ulimit -s' on the system is set to 'unlimited'. This may have negative performance implications. Please set the heap size to the default value (10240) 
[1447417306.360661] [node009:25791:0]         sys.c:719  MXM  WARN  Conflicting CPU frequencies detected, using: 2395.12
[1447417306.367747] [node009:25791:0]         mxm.c:185  MXM  WARN  The 'ulimit -s' on the system is set to 'unlimited'. This may have negative performance implications. Please set the heap size to the default value (10240) 
[1447417306.369029] [node009:25808:0]         sys.c:719  MXM  WARN  Conflicting CPU frequencies detected, using: 2395.12
[1447417306.375479] [node009:25808:0]         mxm.c:185  MXM  WARN  The 'ulimit -s' on the system is set to 'unlimited'. This may have negative performance implications. Please set the heap size to the default value (10240) 
[1447417306.406211] [node010:12402:0]         sys.c:719  MXM  WARN  Conflicting CPU frequencies detected, using: 2400.00
[1447417306.409182] [node010:12402:0]         mxm.c:185  MXM  WARN  The 'ulimit -s' on the system is set to 'unlimited'. This may have negative performance implications. Please set the heap size to the default value (10240) 
[1447417306.374608] [node009:25790:0]         sys.c:719  MXM  WARN  Conflicting CPU frequencies detected, using: 2395.12
[1447417306.383330] [node009:25790:0]         mxm.c:185  MXM  WARN  The 'ulimit -s' on the system is set to 'unlimited'. This may have negative performance implications. Please set the heap size to the default value (10240) 
[1447417306.384074] [node011:29752:0]         sys.c:719  MXM  WARN  Conflicting CPU frequencies detected, using: 2400.56
[1447417306.391350] [node011:29752:0]         mxm.c:185  MXM  WARN  The 'ulimit -s' on the system is set to 'unlimited'. This may have negative performance implications. Please set the heap size to the default value (10240) 
[1447417306.399233] [node010:12401:0]         sys.c:719  MXM  WARN  Conflicting CPU frequencies detected, using: 2400.00
[1447417306.403678] [node010:12401:0]         mxm.c:185  MXM  WARN  The 'ulimit -s' on the system is set to 'unlimited'. This may have negative performance implications. Please set the heap size to the default value (10240) 
[1447417306.386091] [node013:15846:0]         sys.c:719  MXM  WARN  Conflicting CPU frequencies detected, using: 2325.56
[1447417306.395037] [node013:15846:0]         mxm.c:185  MXM  WARN  The 'ulimit -s' on the system is set to 'unlimited'. This may have negative performance implications. Please set the heap size to the default value (10240) 
[1447417306.378265] [node009:25837:0]         sys.c:719  MXM  WARN  Conflicting CPU frequencies detected, using: 2295.09
[1447417306.387442] [node009:25837:0]         mxm.c:185  MXM  WARN  The 'ulimit -s' on the system is set to 'unlimited'. This may have negative performance implications. Please set the heap size to the default value (10240) 
[1447417306.391031] [node011:29772:0]         sys.c:719  MXM  WARN  Conflicting CPU frequencies detected, using: 2400.56
[1447417306.397171] [node011:29772:0]         mxm.c:185  MXM  WARN  The 'ulimit -s' on the system is set to 'unlimited'. This may have negative performance implications. Please set the heap size to the default value (10240) 
[1447417306.386322] [node011:29773:0]         sys.c:719  MXM  WARN  Conflicting CPU frequencies detected, using: 2400.56
[1447417306.393223] [node011:29773:0]         mxm.c:185  MXM  WARN  The 'ulimit -s' on the system is set to 'unlimited'. This may have negative performance implications. Please set the heap size to the default value (10240) 
[1447417306.383867] [node013:15861:0]         sys.c:719  MXM  WARN  Conflicting CPU frequencies detected, using: 2325.56
[1447417306.393234] [node013:15861:0]         mxm.c:185  MXM  WARN  The 'ulimit -s' on the system is set to 'unlimited'. This may have negative performance implications. Please set the heap size to the default value (10240) 
[1447417306.383403] [node013:15840:0]         sys.c:719  MXM  WARN  Conflicting CPU frequencies detected, using: 2325.56
[1447417306.392457] [node013:15840:0]         mxm.c:185  MXM  WARN  The 'ulimit -s' on the system is set to 'unlimited'. This may have negative performance implications. Please set the heap size to the default value (10240) 
[1447417306.411493] [node010:12435:0]         sys.c:719  MXM  WARN  Conflicting CPU frequencies detected, using: 2400.00
[1447417306.415403] [node010:12435:0]         mxm.c:185  MXM  WARN  The 'ulimit -s' on the system is set to 'unlimited'. This may have negative performance implications. Please set the heap size to the default value (10240) 
[1447417306.419378] [node019:10729:0]         sys.c:719  MXM  WARN  Conflicting CPU frequencies detected, using: 2400.00
[1447417306.422655] [node019:10729:0]         mxm.c:185  MXM  WARN  The 'ulimit -s' on the system is set to 'unlimited'. This may have negative performance implications. Please set the heap size to the default value (10240) 
[1447417306.397219] [node011:29758:0]         sys.c:719  MXM  WARN  Conflicting CPU frequencies detected, using: 2400.56
[1447417306.406625] [node011:29758:0]         mxm.c:185  MXM  WARN  The 'ulimit -s' on the system is set to 'unlimited'. This may have negative performance implications. Please set the heap size to the default value (10240) 
[1447417306.414109] [node010:12436:0]         sys.c:719  MXM  WARN  Conflicting CPU frequencies detected, using: 2400.00
[1447417306.418415] [node010:12436:0]         mxm.c:185  MXM  WARN  The 'ulimit -s' on the system is set to 'unlimited'. This may have negative performance implications. Please set the heap size to the default value (10240) 
[1447417306.429199] [node019:10726:0]         sys.c:719  MXM  WARN  Conflicting CPU frequencies detected, using: 2400.00
[1447417306.432082] [node019:10726:0]         mxm.c:185  MXM  WARN  The 'ulimit -s' on the system is set to 'unlimited'. This may have negative performance implications. Please set the heap size to the default value (10240) 
[1447417306.399646] [node013:15882:0]         sys.c:719  MXM  WARN  Conflicting CPU frequencies detected, using: 2198.91
[1447417306.409929] [node013:15882:0]         mxm.c:185  MXM  WARN  The 'ulimit -s' on the system is set to 'unlimited'. This may have negative performance implications. Please set the heap size to the default value (10240) 
[1447417306.406325] [node012:20248:0]         sys.c:719  MXM  WARN  Conflicting CPU frequencies detected, using: 2191.59
[1447417306.413944] [node012:20248:0]         mxm.c:185  MXM  WARN  The 'ulimit -s' on the system is set to 'unlimited'. This may have negative performance implications. Please set the heap size to the default value (10240) 
[1447417306.404519] [node012:20258:0]         sys.c:719  MXM  WARN  Conflicting CPU frequencies detected, using: 2371.03
[1447417306.411474] [node012:20258:0]         mxm.c:185  MXM  WARN  The 'ulimit -s' on the system is set to 'unlimited'. This may have negative performance implications. Please set the heap size to the default value (10240) 
[1447417306.420724] [node012:20259:0]         sys.c:719  MXM  WARN  Conflicting CPU frequencies detected, using: 2286.00
[1447417306.427628] [node012:20259:0]         mxm.c:185  MXM  WARN  The 'ulimit -s' on the system is set to 'unlimited'. This may have negative performance implications. Please set the heap size to the default value (10240) 
[1447417306.429620] [node019:10733:0]         sys.c:719  MXM  WARN  Conflicting CPU frequencies detected, using: 2400.00
[1447417306.433154] [node019:10733:0]         mxm.c:185  MXM  WARN  The 'ulimit -s' on the system is set to 'unlimited'. This may have negative performance implications. Please set the heap size to the default value (10240) 
[1447417306.456450] [node016:9477 :0]         sys.c:719  MXM  WARN  Conflicting CPU frequencies detected, using: 2293.12
[1447417306.459803] [node016:9477 :0]         mxm.c:185  MXM  WARN  The 'ulimit -s' on the system is set to 'unlimited'. This may have negative performance implications. Please set the heap size to the default value (10240) 
[1447417306.456717] [node016:9476 :0]         sys.c:719  MXM  WARN  Conflicting CPU frequencies detected, using: 2293.12
[1447417306.460034] [node016:9476 :0]         mxm.c:185  MXM  WARN  The 'ulimit -s' on the system is set to 'unlimited'. This may have negative performance implications. Please set the heap size to the default value (10240) 
[1447417306.445789] [node016:9475 :0]         sys.c:719  MXM  WARN  Conflicting CPU frequencies detected, using: 2279.62
[1447417306.451203] [node016:9475 :0]         mxm.c:185  MXM  WARN  The 'ulimit -s' on the system is set to 'unlimited'. This may have negative performance implications. Please set the heap size to the default value (10240) 
[1447417306.453077] [node015:4853 :0]         sys.c:719  MXM  WARN  Conflicting CPU frequencies detected, using: 2296.03
[1447417306.458928] [node015:4853 :0]         mxm.c:185  MXM  WARN  The 'ulimit -s' on the system is set to 'unlimited'. This may have negative performance implications. Please set the heap size to the default value (10240) 
[1447417306.448871] [node018:4965 :0]         sys.c:719  MXM  WARN  Conflicting CPU frequencies detected, using: 2173.88
[1447417306.455841] [node018:4965 :0]         mxm.c:185  MXM  WARN  The 'ulimit -s' on the system is set to 'unlimited'. This may have negative performance implications. Please set the heap size to the default value (10240) 
[1447417306.450530] [node016:9478 :0]         sys.c:719  MXM  WARN  Conflicting CPU frequencies detected, using: 2279.62
[1447417306.455046] [node016:9478 :0]         mxm.c:185  MXM  WARN  The 'ulimit -s' on the system is set to 'unlimited'. This may have negative performance implications. Please set the heap size to the default value (10240) 
[1447417306.455858] [node015:4852 :0]         sys.c:719  MXM  WARN  Conflicting CPU frequencies detected, using: 2296.03
[1447417306.467099] [node015:4852 :0]         mxm.c:185  MXM  WARN  The 'ulimit -s' on the system is set to 'unlimited'. This may have negative performance implications. Please set the heap size to the default value (10240) 
[1447417306.455040] [node015:4850 :0]         sys.c:719  MXM  WARN  Conflicting CPU frequencies detected, using: 2296.03
[1447417306.462915] [node015:4850 :0]         mxm.c:185  MXM  WARN  The 'ulimit -s' on the system is set to 'unlimited'. This may have negative performance implications. Please set the heap size to the default value (10240) 
[1447417306.460883] [node015:4851 :0]         sys.c:719  MXM  WARN  Conflicting CPU frequencies detected, using: 2296.03
[1447417306.472188] [node015:4851 :0]         mxm.c:185  MXM  WARN  The 'ulimit -s' on the system is set to 'unlimited'. This may have negative performance implications. Please set the heap size to the default value (10240) 
[1447417306.432750] [node018:4969 :0]         sys.c:719  MXM  WARN  Conflicting CPU frequencies detected, using: 2154.28
[1447417306.438771] [node018:4969 :0]         mxm.c:185  MXM  WARN  The 'ulimit -s' on the system is set to 'unlimited'. This may have negative performance implications. Please set the heap size to the default value (10240) 
[1447417306.448671] [node014:28418:0]         sys.c:719  MXM  WARN  Conflicting CPU frequencies detected, using: 2400.19
[1447417306.452149] [node014:28418:0]         mxm.c:185  MXM  WARN  The 'ulimit -s' on the system is set to 'unlimited'. This may have negative performance implications. Please set the heap size to the default value (10240) 
[1447417306.450556] [node014:28420:0]         sys.c:719  MXM  WARN  Conflicting CPU frequencies detected, using: 2400.19
[1447417306.454354] [node014:28420:0]         mxm.c:185  MXM  WARN  The 'ulimit -s' on the system is set to 'unlimited'. This may have negative performance implications. Please set the heap size to the default value (10240) 
[1447417306.442356] [node014:28421:0]         sys.c:719  MXM  WARN  Conflicting CPU frequencies detected, using: 2400.19
[1447417306.446169] [node014:28421:0]         mxm.c:185  MXM  WARN  The 'ulimit -s' on the system is set to 'unlimited'. This may have negative performance implications. Please set the heap size to the default value (10240) 
[1447417306.455731] [node014:28419:0]         sys.c:719  MXM  WARN  Conflicting CPU frequencies detected, using: 2400.19
[1447417306.459370] [node014:28419:0]         mxm.c:185  MXM  WARN  The 'ulimit -s' on the system is set to 'unlimited'. This may have negative performance implications. Please set the heap size to the default value (10240) 
[1447417306.438477] [node012:20260:0]         sys.c:719  MXM  WARN  Conflicting CPU frequencies detected, using: 2327.53
[1447417306.445867] [node012:20260:0]         mxm.c:185  MXM  WARN  The 'ulimit -s' on the system is set to 'unlimited'. This may have negative performance implications. Please set the heap size to the default value (10240) 
[1447417306.453013] [node017:2499 :0]         sys.c:719  MXM  WARN  Conflicting CPU frequencies detected, using: 2211.94
[1447417306.460268] [node017:2499 :0]         mxm.c:185  MXM  WARN  The 'ulimit -s' on the system is set to 'unlimited'. This may have negative performance implications. Please set the heap size to the default value (10240) 
[1447417306.456515] [node017:2496 :0]         sys.c:719  MXM  WARN  Conflicting CPU frequencies detected, using: 2099.44
[1447417306.463166] [node017:2496 :0]         mxm.c:185  MXM  WARN  The 'ulimit -s' on the system is set to 'unlimited'. This may have negative performance implications. Please set the heap size to the default value (10240) 
[1447417306.440030] [node017:2498 :0]         sys.c:719  MXM  WARN  Conflicting CPU frequencies detected, using: 2363.25
[1447417306.446435] [node017:2498 :0]         mxm.c:185  MXM  WARN  The 'ulimit -s' on the system is set to 'unlimited'. This may have negative performance implications. Please set the heap size to the default value (10240) 
[1447417306.460345] [node017:2497 :0]         sys.c:719  MXM  WARN  Conflicting CPU frequencies detected, using: 2099.44
[1447417306.467060] [node017:2497 :0]         mxm.c:185  MXM  WARN  The 'ulimit -s' on the system is set to 'unlimited'. This may have negative performance implications. Please set the heap size to the default value (10240) 
[1447417306.432311] [node019:10728:0]         sys.c:719  MXM  WARN  Conflicting CPU frequencies detected, using: 2400.00
[1447417306.435901] [node019:10728:0]         mxm.c:185  MXM  WARN  The 'ulimit -s' on the system is set to 'unlimited'. This may have negative performance implications. Please set the heap size to the default value (10240) 
[1447417306.438827] [node018:4964 :0]         sys.c:719  MXM  WARN  Conflicting CPU frequencies detected, using: 2173.88
[1447417306.444347] [node018:4964 :0]         mxm.c:185  MXM  WARN  The 'ulimit -s' on the system is set to 'unlimited'. This may have negative performance implications. Please set the heap size to the default value (10240) 
[1447417306.457022] [node018:4966 :0]         sys.c:719  MXM  WARN  Conflicting CPU frequencies detected, using: 2173.88
[1447417306.463195] [node018:4966 :0]         mxm.c:185  MXM  WARN  The 'ulimit -s' on the system is set to 'unlimited'. This may have negative performance implications. Please set the heap size to the default value (10240) 
UPCR: UPC thread  1 of 48 on node008 (pshm node  0 of 12, process  1 of 48, pid=6790)
UPCR: UPC thread  2 of 48 on node008 (pshm node  0 of 12, process  2 of 48, pid=6791)
UPCR: UPC thread  0 of 48 on node008 (pshm node  0 of 12, process  0 of 48, pid=6789)
UPCR: UPC thread  3 of 48 on node008 (pshm node  0 of 12, process  3 of 48, pid=6792)
UPCR: UPC thread 26 of 48 on node014 (pshm node  6 of 12, process 26 of 48, pid=28419)
UPCR: UPC thread 39 of 48 on node017 (pshm node  9 of 12, process 39 of 48, pid=2498)
UPCR: UPC thread 27 of 48 on node014 (pshm node  6 of 12, process 27 of 48, pid=28421)
UPCR: UPC thread 41 of 48 on node018 (pshm node 10 of 12, process 41 of 48, pid=4965)
UPCR: UPC thread 25 of 48 on node014 (pshm node  6 of 12, process 25 of 48, pid=28420)
UPCR: UPC thread 38 of 48 on node017 (pshm node  9 of 12, process 38 of 48, pid=2497)
UPCR: UPC thread 46 of 48 on node019 (pshm node 11 of 12, process 46 of 48, pid=10733)
UPCR: UPC thread 47 of 48 on node019 (pshm node 11 of 12, process 47 of 48, pid=10728)
UPCR: UPC thread 40 of 48 on node018 (pshm node 10 of 12, process 40 of 48, pid=4969)
UPCR: UPC thread 28 of 48 on node015 (pshm node  7 of 12, process 28 of 48, pid=4852)
UPCR: UPC thread 18 of 48 on node012 (pshm node  4 of 12, process 18 of 48, pid=20260)
UPCR: UPC thread 16 of 48 on node012 (pshm node  4 of 12, process 16 of 48, pid=20259)
UPCR: UPC thread 43 of 48 on node018 (pshm node 10 of 12, process 43 of 48, pid=4964)
UPCR: UPC thread 11 of 48 on node010 (pshm node  2 of 12, process 11 of 48, pid=12401)
UPCR: UPC thread 30 of 48 on node015 (pshm node  7 of 12, process 30 of 48, pid=4850)
UPCR: UPC thread 33 of 48 on node016 (pshm node  8 of 12, process 33 of 48, pid=9476)
UPCR: UPC thread 12 of 48 on node011 (pshm node  3 of 12, process 12 of 48, pid=29758)
UPCR: UPC thread 45 of 48 on node019 (pshm node 11 of 12, process 45 of 48, pid=10729)
UPCR: UPC thread 19 of 48 on node012 (pshm node  4 of 12, process 19 of 48, pid=20258)
UPCR: UPC thread  9 of 48 on node010 (pshm node  2 of 12, process  9 of 48, pid=12402)
UPCR: UPC thread  8 of 48 on node010 (pshm node  2 of 12, process  8 of 48, pid=12436)
UPCR: UPC thread 44 of 48 on node019 (pshm node 11 of 12, process 44 of 48, pid=10726)
UPCR: UPC thread 37 of 48 on node017 (pshm node  9 of 12, process 37 of 48, pid=2499)
UPCR: UPC thread 42 of 48 on node018 (pshm node 10 of 12, process 42 of 48, pid=4966)
UPCR: UPC thread 36 of 48 on node017 (pshm node  9 of 12, process 36 of 48, pid=2496)
UPCR: UPC thread 15 of 48 on node011 (pshm node  3 of 12, process 15 of 48, pid=29752)
UPCR: UPC thread  5 of 48 on node009 (pshm node  1 of 12, process  5 of 48, pid=25791)
UPCR: UPC thread 31 of 48 on node015 (pshm node  7 of 12, process 31 of 48, pid=4851)
UPCR: UPC thread 35 of 48 on node016 (pshm node  8 of 12, process 35 of 48, pid=9477)
UPCR: UPC thread  6 of 48 on node009 (pshm node  1 of 12, process  6 of 48, pid=25790)
UPCR: UPC thread 32 of 48 on node016 (pshm node  8 of 12, process 32 of 48, pid=9475)
UPCR: UPC thread 29 of 48 on node015 (pshm node  7 of 12, process 29 of 48, pid=4853)
UPCR: UPC thread 23 of 48 on node013 (pshm node  5 of 12, process 23 of 48, pid=15846)
UPCR: UPC thread 21 of 48 on node013 (pshm node  5 of 12, process 21 of 48, pid=15840)
UPCR: UPC thread 34 of 48 on node016 (pshm node  8 of 12, process 34 of 48, pid=9478)
UPCR: UPC thread 20 of 48 on node013 (pshm node  5 of 12, process 20 of 48, pid=15861)
UPCR: UPC thread 14 of 48 on node011 (pshm node  3 of 12, process 14 of 48, pid=29772)
UPCR: UPC thread 13 of 48 on node011 (pshm node  3 of 12, process 13 of 48, pid=29773)
UPCR: UPC thread  7 of 48 on node009 (pshm node  1 of 12, process  7 of 48, pid=25837)
UPCR: UPC thread 22 of 48 on node013 (pshm node  5 of 12, process 22 of 48, pid=15882)
UPCR: UPC thread 10 of 48 on node010 (pshm node  2 of 12, process 10 of 48, pid=12435)
UPCR: UPC thread 24 of 48 on node014 (pshm node  6 of 12, process 24 of 48, pid=28418)
UPCR: UPC thread  4 of 48 on node009 (pshm node  1 of 12, process  4 of 48, pid=25808)
UPCR: UPC thread 17 of 48 on node012 (pshm node  4 of 12, process 17 of 48, pid=20248)
0/48 - htable initialized
0/48 - table size: 51539607552 bytes (49152 MB)
0/48 - total number of buckets: 6442450944
0/48 - block size: 1073741824 (1024 MB)
0/48 - number of buckets in block: 134217728
0/48 - number of blocks: 48
35/48 - Performed a throughput benchmark:
35/48 - Performed 2000000 find-or-put operations with random values from [0,...,62399999]
35/48 - Finds: 973251 (0.486625), Inserts: 1026749 (0.513374), Errors: 0 (0)
35/48 - Execution time: 6.83347 seconds
35/48 - Throughput: 292677 ops/sec
33/48 - Performed a throughput benchmark:
33/48 - Performed 2000000 find-or-put operations with random values from [0,...,62399999]
33/48 - Finds: 973360 (0.48668), Inserts: 1026640 (0.51332), Errors: 0 (0)
33/48 - Execution time: 6.83101 seconds
33/48 - Throughput: 292783 ops/sec
34/48 - Performed a throughput benchmark:
34/48 - Performed 2000000 find-or-put operations with random values from [0,...,62399999]
34/48 - Finds: 973439 (0.48672), Inserts: 1026561 (0.513281), Errors: 0 (0)
34/48 - Execution time: 6.83058 seconds
34/48 - Throughput: 292801 ops/sec
23/48 - Performed a throughput benchmark:
23/48 - Performed 2000000 find-or-put operations with random values from [0,...,62399999]
23/48 - Finds: 975770 (0.487885), Inserts: 1024230 (0.512115), Errors: 0 (0)
23/48 - Execution time: 6.85379 seconds
23/48 - Throughput: 291809 ops/sec
39/48 - Performed a throughput benchmark:
39/48 - Performed 2000000 find-or-put operations with random values from [0,...,62399999]
39/48 - Finds: 974193 (0.487096), Inserts: 1025807 (0.512903), Errors: 0 (0)
39/48 - Execution time: 6.85648 seconds
39/48 - Throughput: 291695 ops/sec
32/48 - Performed a throughput benchmark:
32/48 - Performed 2000000 find-or-put operations with random values from [0,...,62399999]
32/48 - Finds: 973098 (0.486549), Inserts: 1026902 (0.513451), Errors: 0 (0)
32/48 - Execution time: 6.83924 seconds
32/48 - Throughput: 292430 ops/sec
16/48 - Performed a throughput benchmark:
16/48 - Performed 2000000 find-or-put operations with random values from [0,...,62399999]
16/48 - Finds: 978534 (0.489267), Inserts: 1021466 (0.510733), Errors: 0 (0)
16/48 - Execution time: 6.87624 seconds
16/48 - Throughput: 290857 ops/sec
19/48 - Performed a throughput benchmark:
19/48 - Performed 2000000 find-or-put operations with random values from [0,...,62399999]
19/48 - Finds: 977361 (0.488681), Inserts: 1022639 (0.51132), Errors: 0 (0)
19/48 - Execution time: 6.87087 seconds
19/48 - Throughput: 291084 ops/sec
31/48 - Performed a throughput benchmark:
31/48 - Performed 2000000 find-or-put operations with random values from [0,...,62399999]
31/48 - Finds: 978702 (0.489351), Inserts: 1021298 (0.510649), Errors: 0 (0)
31/48 - Execution time: 6.87773 seconds
31/48 - Throughput: 290794 ops/sec
12/48 - Performed a throughput benchmark:
12/48 - Performed 2000000 find-or-put operations with random values from [0,...,62399999]
12/48 - Finds: 978362 (0.489181), Inserts: 1021638 (0.510819), Errors: 0 (0)
12/48 - Execution time: 6.86071 seconds
12/48 - Throughput: 291515 ops/sec
30/48 - Performed a throughput benchmark:
30/48 - Performed 2000000 find-or-put operations with random values from [0,...,62399999]
30/48 - Finds: 979721 (0.48986), Inserts: 1020279 (0.510139), Errors: 0 (0)
30/48 - Execution time: 6.87523 seconds
30/48 - Throughput: 290899 ops/sec
45/48 - Performed a throughput benchmark:
45/48 - Performed 2000000 find-or-put operations with random values from [0,...,62399999]
45/48 - Finds: 976904 (0.488452), Inserts: 1023096 (0.511548), Errors: 0 (0)
45/48 - Execution time: 6.87005 seconds
45/48 - Throughput: 291119 ops/sec
13/48 - Performed a throughput benchmark:
13/48 - Performed 2000000 find-or-put operations with random values from [0,...,62399999]
13/48 - Finds: 977122 (0.488561), Inserts: 1022878 (0.511439), Errors: 0 (0)
13/48 - Execution time: 6.85923 seconds
13/48 - Throughput: 291578 ops/sec
17/48 - Performed a throughput benchmark:
17/48 - Performed 2000000 find-or-put operations with random values from [0,...,62399999]
17/48 - Finds: 977202 (0.488601), Inserts: 1022798 (0.511399), Errors: 0 (0)
17/48 - Execution time: 6.86892 seconds
17/48 - Throughput: 291166 ops/sec
14/48 - Performed a throughput benchmark:
14/48 - Performed 2000000 find-or-put operations with random values from [0,...,62399999]
14/48 - Finds: 977405 (0.488702), Inserts: 1022595 (0.511297), Errors: 0 (0)
14/48 - Execution time: 6.86172 seconds
14/48 - Throughput: 291472 ops/sec
22/48 - Performed a throughput benchmark:
22/48 - Performed 2000000 find-or-put operations with random values from [0,...,62399999]
22/48 - Finds: 975184 (0.487592), Inserts: 1024816 (0.512408), Errors: 0 (0)
22/48 - Execution time: 6.85367 seconds
22/48 - Throughput: 291814 ops/sec
21/48 - Performed a throughput benchmark:
21/48 - Performed 2000000 find-or-put operations with random values from [0,...,62399999]
21/48 - Finds: 975294 (0.487647), Inserts: 1024706 (0.512353), Errors: 0 (0)
21/48 - Execution time: 6.85722 seconds
21/48 - Throughput: 291663 ops/sec
38/48 - Performed a throughput benchmark:
38/48 - Performed 2000000 find-or-put operations with random values from [0,...,62399999]
38/48 - Finds: 977683 (0.488841), Inserts: 1022317 (0.511158), Errors: 0 (0)
38/48 - Execution time: 6.86888 seconds
38/48 - Throughput: 291168 ops/sec
37/48 - Performed a throughput benchmark:
37/48 - Performed 2000000 find-or-put operations with random values from [0,...,62399999]
37/48 - Finds: 976701 (0.488351), Inserts: 1023299 (0.511649), Errors: 0 (0)
37/48 - Execution time: 6.86818 seconds
37/48 - Throughput: 291198 ops/sec
8/48 - Performed a throughput benchmark:
8/48 - Performed 2000000 find-or-put operations with random values from [0,...,62399999]
8/48 - Finds: 977922 (0.488961), Inserts: 1022078 (0.511039), Errors: 0 (0)
8/48 - Execution time: 6.87105 seconds
8/48 - Throughput: 291076 ops/sec
7/48 - Performed a throughput benchmark:
7/48 - Performed 2000000 find-or-put operations with random values from [0,...,62399999]
7/48 - Finds: 978861 (0.48943), Inserts: 1021139 (0.51057), Errors: 0 (0)
7/48 - Execution time: 6.88095 seconds
7/48 - Throughput: 290658 ops/sec
9/48 - Performed a throughput benchmark:
9/48 - Performed 2000000 find-or-put operations with random values from [0,...,62399999]
9/48 - Finds: 976647 (0.488324), Inserts: 1023353 (0.511676), Errors: 0 (0)
9/48 - Execution time: 6.86924 seconds
9/48 - Throughput: 291153 ops/sec
18/48 - Performed a throughput benchmark:
18/48 - Performed 2000000 find-or-put operations with random values from [0,...,62399999]
18/48 - Finds: 977482 (0.488741), Inserts: 1022518 (0.511259), Errors: 0 (0)
18/48 - Execution time: 6.86432 seconds
18/48 - Throughput: 291362 ops/sec
20/48 - Performed a throughput benchmark:
20/48 - Performed 2000000 find-or-put operations with random values from [0,...,62399999]
20/48 - Finds: 978053 (0.489026), Inserts: 1021947 (0.510973), Errors: 0 (0)
20/48 - Execution time: 6.87187 seconds
20/48 - Throughput: 291042 ops/sec
6/48 - Performed a throughput benchmark:
6/48 - Performed 2000000 find-or-put operations with random values from [0,...,62399999]
6/48 - Finds: 978504 (0.489252), Inserts: 1021496 (0.510748), Errors: 0 (0)
6/48 - Execution time: 6.88107 seconds
6/48 - Throughput: 290653 ops/sec
47/48 - Performed a throughput benchmark:
47/48 - Performed 2000000 find-or-put operations with random values from [0,...,62399999]
47/48 - Finds: 977325 (0.488662), Inserts: 1022675 (0.511338), Errors: 0 (0)
47/48 - Execution time: 6.87996 seconds
47/48 - Throughput: 290699 ops/sec
10/48 - Performed a throughput benchmark:
10/48 - Performed 2000000 find-or-put operations with random values from [0,...,62399999]
10/48 - Finds: 976584 (0.488292), Inserts: 1023416 (0.511708), Errors: 0 (0)
10/48 - Execution time: 6.86217 seconds
10/48 - Throughput: 291453 ops/sec
5/48 - Performed a throughput benchmark:
5/48 - Performed 2000000 find-or-put operations with random values from [0,...,62399999]
5/48 - Finds: 979318 (0.489659), Inserts: 1020682 (0.510341), Errors: 0 (0)
5/48 - Execution time: 6.88546 seconds
5/48 - Throughput: 290467 ops/sec
28/48 - Performed a throughput benchmark:
28/48 - Performed 2000000 find-or-put operations with random values from [0,...,62399999]
28/48 - Finds: 978226 (0.489113), Inserts: 1021774 (0.510887), Errors: 0 (0)
28/48 - Execution time: 6.87436 seconds
28/48 - Throughput: 290936 ops/sec
27/48 - Performed a throughput benchmark:
27/48 - Performed 2000000 find-or-put operations with random values from [0,...,62399999]
27/48 - Finds: 976518 (0.488259), Inserts: 1023482 (0.511741), Errors: 0 (0)
27/48 - Execution time: 6.86979 seconds
27/48 - Throughput: 291130 ops/sec
26/48 - Performed a throughput benchmark:
26/48 - Performed 2000000 find-or-put operations with random values from [0,...,62399999]
26/48 - Finds: 977982 (0.488991), Inserts: 1022018 (0.511009), Errors: 0 (0)
26/48 - Execution time: 6.87506 seconds
26/48 - Throughput: 290907 ops/sec
36/48 - Performed a throughput benchmark:
36/48 - Performed 2000000 find-or-put operations with random values from [0,...,62399999]
36/48 - Finds: 978972 (0.489486), Inserts: 1021028 (0.510514), Errors: 0 (0)
36/48 - Execution time: 6.8797 seconds
36/48 - Throughput: 290710 ops/sec
25/48 - Performed a throughput benchmark:
25/48 - Performed 2000000 find-or-put operations with random values from [0,...,62399999]
25/48 - Finds: 979183 (0.489592), Inserts: 1020817 (0.510409), Errors: 0 (0)
25/48 - Execution time: 6.88174 seconds
25/48 - Throughput: 290624 ops/sec
4/48 - Performed a throughput benchmark:
4/48 - Performed 2000000 find-or-put operations with random values from [0,...,62399999]
4/48 - Finds: 980274 (0.490137), Inserts: 1019726 (0.509863), Errors: 0 (0)
4/48 - Execution time: 6.88058 seconds
4/48 - Throughput: 290673 ops/sec
29/48 - Performed a throughput benchmark:
29/48 - Performed 2000000 find-or-put operations with random values from [0,...,62399999]
29/48 - Finds: 981696 (0.490848), Inserts: 1018304 (0.509152), Errors: 0 (0)
29/48 - Execution time: 6.89233 seconds
29/48 - Throughput: 290178 ops/sec
44/48 - Performed a throughput benchmark:
44/48 - Performed 2000000 find-or-put operations with random values from [0,...,62399999]
44/48 - Finds: 978488 (0.489244), Inserts: 1021512 (0.510756), Errors: 0 (0)
44/48 - Execution time: 6.85964 seconds
44/48 - Throughput: 291560 ops/sec
46/48 - Performed a throughput benchmark:
46/48 - Performed 2000000 find-or-put operations with random values from [0,...,62399999]
46/48 - Finds: 976717 (0.488358), Inserts: 1023283 (0.511641), Errors: 0 (0)
46/48 - Execution time: 6.86855 seconds
46/48 - Throughput: 291182 ops/sec
15/48 - Performed a throughput benchmark:
15/48 - Performed 2000000 find-or-put operations with random values from [0,...,62399999]
15/48 - Finds: 978170 (0.489085), Inserts: 1021830 (0.510915), Errors: 0 (0)
15/48 - Execution time: 6.86457 seconds
15/48 - Throughput: 291351 ops/sec
42/48 - Performed a throughput benchmark:
42/48 - Performed 2000000 find-or-put operations with random values from [0,...,62399999]
42/48 - Finds: 985640 (0.49282), Inserts: 1014360 (0.50718), Errors: 0 (0)
42/48 - Execution time: 6.95651 seconds
42/48 - Throughput: 287501 ops/sec
41/48 - Performed a throughput benchmark:
41/48 - Performed 2000000 find-or-put operations with random values from [0,...,62399999]
41/48 - Finds: 985834 (0.492917), Inserts: 1014166 (0.507083), Errors: 0 (0)
41/48 - Execution time: 6.95533 seconds
41/48 - Throughput: 287549 ops/sec
40/48 - Performed a throughput benchmark:
40/48 - Performed 2000000 find-or-put operations with random values from [0,...,62399999]
40/48 - Finds: 983571 (0.491785), Inserts: 1016429 (0.508215), Errors: 0 (0)
40/48 - Execution time: 6.95034 seconds
40/48 - Throughput: 287756 ops/sec
43/48 - Performed a throughput benchmark:
43/48 - Performed 2000000 find-or-put operations with random values from [0,...,62399999]
43/48 - Finds: 984718 (0.492359), Inserts: 1015282 (0.507641), Errors: 0 (0)
43/48 - Execution time: 6.95672 seconds
43/48 - Throughput: 287492 ops/sec
24/48 - Performed a throughput benchmark:
24/48 - Performed 2000000 find-or-put operations with random values from [0,...,62399999]
24/48 - Finds: 979821 (0.489911), Inserts: 1020179 (0.510089), Errors: 0 (0)
24/48 - Execution time: 6.88156 seconds
24/48 - Throughput: 290632 ops/sec
3/48 - Performed a throughput benchmark:
3/48 - Performed 2000000 find-or-put operations with random values from [0,...,62399999]
3/48 - Finds: 989054 (0.494527), Inserts: 1010946 (0.505473), Errors: 0 (0)
3/48 - Execution time: 6.98073 seconds
3/48 - Throughput: 286503 ops/sec
11/48 - Performed a throughput benchmark:
11/48 - Performed 2000000 find-or-put operations with random values from [0,...,62399999]
11/48 - Finds: 986660 (0.49333), Inserts: 1013340 (0.50667), Errors: 0 (0)
11/48 - Execution time: 6.98177 seconds
11/48 - Throughput: 286460 ops/sec
1/48 - Performed a throughput benchmark:
1/48 - Performed 2000000 find-or-put operations with random values from [0,...,62399999]
1/48 - Finds: 987795 (0.493897), Inserts: 1012205 (0.506103), Errors: 0 (0)
1/48 - Execution time: 6.98096 seconds
1/48 - Throughput: 286493 ops/sec
2/48 - Performed a throughput benchmark:
2/48 - Performed 2000000 find-or-put operations with random values from [0,...,62399999]
2/48 - Finds: 989293 (0.494646), Inserts: 1010707 (0.505354), Errors: 0 (0)
2/48 - Execution time: 6.98745 seconds
2/48 - Throughput: 286227 ops/sec
0/48 - Performed a throughput benchmark:
0/48 - Performed 2000000 find-or-put operations with random values from [0,...,62399999]
0/48 - Finds: 989389 (0.494694), Inserts: 1010611 (0.505305), Errors: 0 (0)
0/48 - Execution time: 7.00342 seconds
0/48 - Throughput: 285575 ops/sec
[1447417306.010078] [node008:6744 :0]         sys.c:719  MXM  WARN  Conflicting CPU frequencies detected, using: 1597.69
