[1447417566.747502] [node008:10338:0]         sys.c:719  MXM  WARN  Conflicting CPU frequencies detected, using: 2046.84
[1447417566.759901] [node008:10338:0]         mxm.c:185  MXM  WARN  The 'ulimit -s' on the system is set to 'unlimited'. This may have negative performance implications. Please set the heap size to the default value (10240) 
[1447417566.748968] [node008:10339:0]         sys.c:719  MXM  WARN  Conflicting CPU frequencies detected, using: 2046.84
[1447417566.762928] [node008:10339:0]         mxm.c:185  MXM  WARN  The 'ulimit -s' on the system is set to 'unlimited'. This may have negative performance implications. Please set the heap size to the default value (10240) 
[1447417567.116619] [node016:16887:0]         sys.c:719  MXM  WARN  Conflicting CPU frequencies detected, using: 2395.88
[1447417567.120938] [node016:16887:0]         mxm.c:185  MXM  WARN  The 'ulimit -s' on the system is set to 'unlimited'. This may have negative performance implications. Please set the heap size to the default value (10240) 
[1447417567.140974] [node016:16901:0]         sys.c:719  MXM  WARN  Conflicting CPU frequencies detected, using: 2395.88
[1447417567.145033] [node016:16901:0]         mxm.c:185  MXM  WARN  The 'ulimit -s' on the system is set to 'unlimited'. This may have negative performance implications. Please set the heap size to the default value (10240) 
[1447417567.135216] [node010:19827:0]         sys.c:719  MXM  WARN  Conflicting CPU frequencies detected, using: 2129.06
[1447417567.139446] [node010:19827:0]         mxm.c:185  MXM  WARN  The 'ulimit -s' on the system is set to 'unlimited'. This may have negative performance implications. Please set the heap size to the default value (10240) 
[1447417567.142444] [node010:19826:0]         sys.c:719  MXM  WARN  Conflicting CPU frequencies detected, using: 2129.06
[1447417567.147417] [node010:19826:0]         mxm.c:185  MXM  WARN  The 'ulimit -s' on the system is set to 'unlimited'. This may have negative performance implications. Please set the heap size to the default value (10240) 
[1447417567.133740] [node015:12298:0]         sys.c:719  MXM  WARN  Conflicting CPU frequencies detected, using: 2321.53
[1447417567.139922] [node015:12298:0]         mxm.c:185  MXM  WARN  The 'ulimit -s' on the system is set to 'unlimited'. This may have negative performance implications. Please set the heap size to the default value (10240) 
[1447417567.144161] [node014:3521 :0]         sys.c:719  MXM  WARN  Conflicting CPU frequencies detected, using: 2139.94
[1447417567.148387] [node014:3521 :0]         mxm.c:185  MXM  WARN  The 'ulimit -s' on the system is set to 'unlimited'. This may have negative performance implications. Please set the heap size to the default value (10240) 
[1447417567.148012] [node021:22225:0]         sys.c:719  MXM  WARN  Conflicting CPU frequencies detected, using: 2399.91
[1447417567.151698] [node021:22225:0]         mxm.c:185  MXM  WARN  The 'ulimit -s' on the system is set to 'unlimited'. This may have negative performance implications. Please set the heap size to the default value (10240) 
[1447417567.146236] [node019:18150:0]         sys.c:719  MXM  WARN  Conflicting CPU frequencies detected, using: 2297.44
[1447417567.150476] [node019:18150:0]         mxm.c:185  MXM  WARN  The 'ulimit -s' on the system is set to 'unlimited'. This may have negative performance implications. Please set the heap size to the default value (10240) 
[1447417567.140971] [node015:12294:0]         sys.c:719  MXM  WARN  Conflicting CPU frequencies detected, using: 2321.53
[1447417567.146728] [node015:12294:0]         mxm.c:185  MXM  WARN  The 'ulimit -s' on the system is set to 'unlimited'. This may have negative performance implications. Please set the heap size to the default value (10240) 
[1447417567.146350] [node021:22228:0]         sys.c:719  MXM  WARN  Conflicting CPU frequencies detected, using: 2399.91
[1447417567.150025] [node021:22228:0]         mxm.c:185  MXM  WARN  The 'ulimit -s' on the system is set to 'unlimited'. This may have negative performance implications. Please set the heap size to the default value (10240) 
[1447417567.124835] [node013:23271:0]         sys.c:719  MXM  WARN  Conflicting CPU frequencies detected, using: 1927.97
[1447417567.133035] [node013:23271:0]         mxm.c:185  MXM  WARN  The 'ulimit -s' on the system is set to 'unlimited'. This may have negative performance implications. Please set the heap size to the default value (10240) 
[1447417567.150470] [node009:794  :0]         sys.c:719  MXM  WARN  Conflicting CPU frequencies detected, using: 2399.53
[1447417567.155830] [node009:794  :0]         mxm.c:185  MXM  WARN  The 'ulimit -s' on the system is set to 'unlimited'. This may have negative performance implications. Please set the heap size to the default value (10240) 
[1447417567.125286] [node013:23285:0]         sys.c:719  MXM  WARN  Conflicting CPU frequencies detected, using: 1927.97
[1447417567.133790] [node013:23285:0]         mxm.c:185  MXM  WARN  The 'ulimit -s' on the system is set to 'unlimited'. This may have negative performance implications. Please set the heap size to the default value (10240) 
[1447417567.145941] [node009:800  :0]         sys.c:719  MXM  WARN  Conflicting CPU frequencies detected, using: 2399.53
[1447417567.152109] [node009:800  :0]         mxm.c:185  MXM  WARN  The 'ulimit -s' on the system is set to 'unlimited'. This may have negative performance implications. Please set the heap size to the default value (10240) 
[1447417567.147113] [node017:9958 :0]         sys.c:719  MXM  WARN  Conflicting CPU frequencies detected, using: 2191.41
[1447417567.152892] [node017:9958 :0]         mxm.c:185  MXM  WARN  The 'ulimit -s' on the system is set to 'unlimited'. This may have negative performance implications. Please set the heap size to the default value (10240) 
[1447417567.154325] [node014:3522 :0]         sys.c:719  MXM  WARN  Conflicting CPU frequencies detected, using: 2139.94
[1447417567.158190] [node014:3522 :0]         mxm.c:185  MXM  WARN  The 'ulimit -s' on the system is set to 'unlimited'. This may have negative performance implications. Please set the heap size to the default value (10240) 
[1447417567.142815] [node018:12415:0]         sys.c:719  MXM  WARN  Conflicting CPU frequencies detected, using: 2256.38
[1447417567.149435] [node018:12415:0]         mxm.c:185  MXM  WARN  The 'ulimit -s' on the system is set to 'unlimited'. This may have negative performance implications. Please set the heap size to the default value (10240) 
[1447417567.145763] [node018:12422:0]         sys.c:719  MXM  WARN  Conflicting CPU frequencies detected, using: 2256.38
[1447417567.152408] [node018:12422:0]         mxm.c:185  MXM  WARN  The 'ulimit -s' on the system is set to 'unlimited'. This may have negative performance implications. Please set the heap size to the default value (10240) 
[1447417567.159274] [node037:3385 :0]         sys.c:719  MXM  WARN  Conflicting CPU frequencies detected, using: 2083.59
[1447417567.163221] [node037:3385 :0]         mxm.c:185  MXM  WARN  The 'ulimit -s' on the system is set to 'unlimited'. This may have negative performance implications. Please set the heap size to the default value (10240) 
[1447417567.147189] [node034:3728 :0]         sys.c:719  MXM  WARN  Conflicting CPU frequencies detected, using: 2097.56
[1447417567.153760] [node034:3728 :0]         mxm.c:185  MXM  WARN  The 'ulimit -s' on the system is set to 'unlimited'. This may have negative performance implications. Please set the heap size to the default value (10240) 
[1447417567.145719] [node022:17225:0]         sys.c:719  MXM  WARN  Conflicting CPU frequencies detected, using: 2194.12
[1447417567.151882] [node022:17225:0]         mxm.c:185  MXM  WARN  The 'ulimit -s' on the system is set to 'unlimited'. This may have negative performance implications. Please set the heap size to the default value (10240) 
[1447417567.142675] [node012:27683:0]         sys.c:719  MXM  WARN  Conflicting CPU frequencies detected, using: 2202.09
[1447417567.148886] [node012:27683:0]         mxm.c:185  MXM  WARN  The 'ulimit -s' on the system is set to 'unlimited'. This may have negative performance implications. Please set the heap size to the default value (10240) 
[1447417567.161802] [node036:32019:0]         sys.c:719  MXM  WARN  Conflicting CPU frequencies detected, using: 2098.50
[1447417567.165782] [node036:32019:0]         mxm.c:185  MXM  WARN  The 'ulimit -s' on the system is set to 'unlimited'. This may have negative performance implications. Please set the heap size to the default value (10240) 
[1447417567.159825] [node019:18146:0]         sys.c:719  MXM  WARN  Conflicting CPU frequencies detected, using: 2297.44
[1447417567.164112] [node019:18146:0]         mxm.c:185  MXM  WARN  The 'ulimit -s' on the system is set to 'unlimited'. This may have negative performance implications. Please set the heap size to the default value (10240) 
[1447417567.159541] [node037:3384 :0]         sys.c:719  MXM  WARN  Conflicting CPU frequencies detected, using: 2083.59
[1447417567.163693] [node037:3384 :0]         mxm.c:185  MXM  WARN  The 'ulimit -s' on the system is set to 'unlimited'. This may have negative performance implications. Please set the heap size to the default value (10240) 
[1447417567.150107] [node012:27687:0]         sys.c:719  MXM  WARN  Conflicting CPU frequencies detected, using: 2096.06
[1447417567.156206] [node012:27687:0]         mxm.c:185  MXM  WARN  The 'ulimit -s' on the system is set to 'unlimited'. This may have negative performance implications. Please set the heap size to the default value (10240) 
[1447417567.154312] [node020:13184:0]         sys.c:719  MXM  WARN  Conflicting CPU frequencies detected, using: 2884.88
[1447417567.161163] [node020:13184:0]         mxm.c:185  MXM  WARN  The 'ulimit -s' on the system is set to 'unlimited'. This may have negative performance implications. Please set the heap size to the default value (10240) 
[1447417567.147473] [node032:29704:0]         sys.c:719  MXM  WARN  Conflicting CPU frequencies detected, using: 1895.53
[1447417567.154267] [node032:29704:0]         mxm.c:185  MXM  WARN  The 'ulimit -s' on the system is set to 'unlimited'. This may have negative performance implications. Please set the heap size to the default value (10240) 
[1447417567.167006] [node023:5171 :0]         sys.c:719  MXM  WARN  Conflicting CPU frequencies detected, using: 2970.00
[1447417567.173317] [node023:5171 :0]         mxm.c:185  MXM  WARN  The 'ulimit -s' on the system is set to 'unlimited'. This may have negative performance implications. Please set the heap size to the default value (10240) 
[1447417567.164213] [node020:13183:0]         sys.c:719  MXM  WARN  Conflicting CPU frequencies detected, using: 2995.97
[1447417567.172486] [node020:13183:0]         mxm.c:185  MXM  WARN  The 'ulimit -s' on the system is set to 'unlimited'. This may have negative performance implications. Please set the heap size to the default value (10240) 
[1447417567.156898] [node030:29175:0]         sys.c:719  MXM  WARN  Conflicting CPU frequencies detected, using: 2100.00
[1447417567.162983] [node030:29175:0]         mxm.c:185  MXM  WARN  The 'ulimit -s' on the system is set to 'unlimited'. This may have negative performance implications. Please set the heap size to the default value (10240) 
[1447417567.169068] [node036:32018:0]         sys.c:719  MXM  WARN  Conflicting CPU frequencies detected, using: 2098.50
[1447417567.172607] [node036:32018:0]         mxm.c:185  MXM  WARN  The 'ulimit -s' on the system is set to 'unlimited'. This may have negative performance implications. Please set the heap size to the default value (10240) 
[1447417567.155038] [node032:29712:0]         sys.c:719  MXM  WARN  Conflicting CPU frequencies detected, using: 1895.53
[1447417567.161463] [node032:29712:0]         mxm.c:185  MXM  WARN  The 'ulimit -s' on the system is set to 'unlimited'. This may have negative performance implications. Please set the heap size to the default value (10240) 
[1447417567.149035] [node011:4874 :0]         sys.c:719  MXM  WARN  Conflicting CPU frequencies detected, using: 1999.41
[1447417567.156608] [node011:4874 :0]         mxm.c:185  MXM  WARN  The 'ulimit -s' on the system is set to 'unlimited'. This may have negative performance implications. Please set the heap size to the default value (10240) 
[1447417567.163202] [node042:27915:0]         sys.c:719  MXM  WARN  Conflicting CPU frequencies detected, using: 2169.28
[1447417567.169906] [node042:27915:0]         mxm.c:185  MXM  WARN  The 'ulimit -s' on the system is set to 'unlimited'. This may have negative performance implications. Please set the heap size to the default value (10240) 
[1447417567.151455] [node011:4873 :0]         sys.c:719  MXM  WARN  Conflicting CPU frequencies detected, using: 1999.41
[1447417567.159085] [node011:4873 :0]         mxm.c:185  MXM  WARN  The 'ulimit -s' on the system is set to 'unlimited'. This may have negative performance implications. Please set the heap size to the default value (10240) 
[1447417567.160944] [node017:9959 :0]         sys.c:719  MXM  WARN  Conflicting CPU frequencies detected, using: 1963.03
[1447417567.167478] [node017:9959 :0]         mxm.c:185  MXM  WARN  The 'ulimit -s' on the system is set to 'unlimited'. This may have negative performance implications. Please set the heap size to the default value (10240) 
[1447417567.163406] [node040:4346 :0]         sys.c:719  MXM  WARN  Conflicting CPU frequencies detected, using: 1996.78
[1447417567.169708] [node040:4346 :0]         mxm.c:185  MXM  WARN  The 'ulimit -s' on the system is set to 'unlimited'. This may have negative performance implications. Please set the heap size to the default value (10240) 
[1447417567.154632] [node031:31273:0]         sys.c:719  MXM  WARN  Conflicting CPU frequencies detected, using: 1694.81
[1447417567.161096] [node031:31273:0]         mxm.c:185  MXM  WARN  The 'ulimit -s' on the system is set to 'unlimited'. This may have negative performance implications. Please set the heap size to the default value (10240) 
[1447417567.167355] [node030:29174:0]         sys.c:719  MXM  WARN  Conflicting CPU frequencies detected, using: 2100.00
[1447417567.175040] [node030:29174:0]         mxm.c:185  MXM  WARN  The 'ulimit -s' on the system is set to 'unlimited'. This may have negative performance implications. Please set the heap size to the default value (10240) 
[1447417567.192086] [node044:5503 :0]         sys.c:719  MXM  WARN  Conflicting CPU frequencies detected, using: 2979.94
[1447417567.198540] [node044:5503 :0]         mxm.c:185  MXM  WARN  The 'ulimit -s' on the system is set to 'unlimited'. This may have negative performance implications. Please set the heap size to the default value (10240) 
[1447417567.187151] [node023:5188 :0]         sys.c:719  MXM  WARN  Conflicting CPU frequencies detected, using: 2970.00
[1447417567.193413] [node023:5188 :0]         mxm.c:185  MXM  WARN  The 'ulimit -s' on the system is set to 'unlimited'. This may have negative performance implications. Please set the heap size to the default value (10240) 
[1447417567.180026] [node038:32075:0]         sys.c:719  MXM  WARN  Conflicting CPU frequencies detected, using: 2097.00
[1447417567.185891] [node038:32075:0]         mxm.c:185  MXM  WARN  The 'ulimit -s' on the system is set to 'unlimited'. This may have negative performance implications. Please set the heap size to the default value (10240) 
[1447417567.182549] [node034:3745 :0]         sys.c:719  MXM  WARN  Conflicting CPU frequencies detected, using: 2097.56
[1447417567.189513] [node034:3745 :0]         mxm.c:185  MXM  WARN  The 'ulimit -s' on the system is set to 'unlimited'. This may have negative performance implications. Please set the heap size to the default value (10240) 
[1447417567.183857] [node039:27639:0]         sys.c:719  MXM  WARN  Conflicting CPU frequencies detected, using: 1798.12
[1447417567.189748] [node039:27639:0]         mxm.c:185  MXM  WARN  The 'ulimit -s' on the system is set to 'unlimited'. This may have negative performance implications. Please set the heap size to the default value (10240) 
[1447417567.189263] [node022:17246:0]         sys.c:719  MXM  WARN  Conflicting CPU frequencies detected, using: 2298.75
[1447417567.195630] [node022:17246:0]         mxm.c:185  MXM  WARN  The 'ulimit -s' on the system is set to 'unlimited'. This may have negative performance implications. Please set the heap size to the default value (10240) 
[1447417567.184956] [node038:32061:0]         sys.c:719  MXM  WARN  Conflicting CPU frequencies detected, using: 2097.00
[1447417567.190904] [node038:32061:0]         mxm.c:185  MXM  WARN  The 'ulimit -s' on the system is set to 'unlimited'. This may have negative performance implications. Please set the heap size to the default value (10240) 
[1447417567.185412] [node045:3837 :0]         sys.c:719  MXM  WARN  Conflicting CPU frequencies detected, using: 2196.09
[1447417567.192833] [node045:3837 :0]         mxm.c:185  MXM  WARN  The 'ulimit -s' on the system is set to 'unlimited'. This may have negative performance implications. Please set the heap size to the default value (10240) 
[1447417567.201667] [node044:5510 :0]         sys.c:719  MXM  WARN  Conflicting CPU frequencies detected, using: 2979.94
[1447417567.209304] [node044:5510 :0]         mxm.c:185  MXM  WARN  The 'ulimit -s' on the system is set to 'unlimited'. This may have negative performance implications. Please set the heap size to the default value (10240) 
[1447417567.202229] [node035:29493:0]         sys.c:719  MXM  WARN  Conflicting CPU frequencies detected, using: 1998.47
[1447417567.206688] [node035:29493:0]         mxm.c:185  MXM  WARN  The 'ulimit -s' on the system is set to 'unlimited'. This may have negative performance implications. Please set the heap size to the default value (10240) 
[1447417567.187285] [node045:3823 :0]         sys.c:719  MXM  WARN  Conflicting CPU frequencies detected, using: 2196.09
[1447417567.195086] [node045:3823 :0]         mxm.c:185  MXM  WARN  The 'ulimit -s' on the system is set to 'unlimited'. This may have negative performance implications. Please set the heap size to the default value (10240) 
[1447417567.195667] [node042:27932:0]         sys.c:719  MXM  WARN  Conflicting CPU frequencies detected, using: 2169.28
[1447417567.203175] [node042:27932:0]         mxm.c:185  MXM  WARN  The 'ulimit -s' on the system is set to 'unlimited'. This may have negative performance implications. Please set the heap size to the default value (10240) 
[1447417567.200248] [node033:1515 :0]         sys.c:719  MXM  WARN  Conflicting CPU frequencies detected, using: 1994.81
[1447417567.207081] [node033:1515 :0]         mxm.c:185  MXM  WARN  The 'ulimit -s' on the system is set to 'unlimited'. This may have negative performance implications. Please set the heap size to the default value (10240) 
[1447417567.210347] [node035:29494:0]         sys.c:719  MXM  WARN  Conflicting CPU frequencies detected, using: 1998.47
[1447417567.214354] [node035:29494:0]         mxm.c:185  MXM  WARN  The 'ulimit -s' on the system is set to 'unlimited'. This may have negative performance implications. Please set the heap size to the default value (10240) 
[1447417567.203240] [node033:1514 :0]         sys.c:719  MXM  WARN  Conflicting CPU frequencies detected, using: 1994.81
[1447417567.209912] [node033:1514 :0]         mxm.c:185  MXM  WARN  The 'ulimit -s' on the system is set to 'unlimited'. This may have negative performance implications. Please set the heap size to the default value (10240) 
[1447417567.197461] [node041:1839 :0]         sys.c:719  MXM  WARN  Conflicting CPU frequencies detected, using: 2189.16
[1447417567.203983] [node041:1839 :0]         mxm.c:185  MXM  WARN  The 'ulimit -s' on the system is set to 'unlimited'. This may have negative performance implications. Please set the heap size to the default value (10240) 
[1447417567.205376] [node043:6749 :0]         sys.c:719  MXM  WARN  Conflicting CPU frequencies detected, using: 2196.28
[1447417567.211628] [node043:6749 :0]         mxm.c:185  MXM  WARN  The 'ulimit -s' on the system is set to 'unlimited'. This may have negative performance implications. Please set the heap size to the default value (10240) 
[1447417567.204415] [node039:27656:0]         sys.c:719  MXM  WARN  Conflicting CPU frequencies detected, using: 1814.34
[1447417567.210723] [node039:27656:0]         mxm.c:185  MXM  WARN  The 'ulimit -s' on the system is set to 'unlimited'. This may have negative performance implications. Please set the heap size to the default value (10240) 
[1447417567.207217] [node040:4363 :0]         sys.c:719  MXM  WARN  Conflicting CPU frequencies detected, using: 1996.78
[1447417567.213610] [node040:4363 :0]         mxm.c:185  MXM  WARN  The 'ulimit -s' on the system is set to 'unlimited'. This may have negative performance implications. Please set the heap size to the default value (10240) 
[1447417567.214660] [node043:6748 :0]         sys.c:719  MXM  WARN  Conflicting CPU frequencies detected, using: 2196.28
[1447417567.221967] [node043:6748 :0]         mxm.c:185  MXM  WARN  The 'ulimit -s' on the system is set to 'unlimited'. This may have negative performance implications. Please set the heap size to the default value (10240) 
[1447417567.204644] [node041:1841 :0]         sys.c:719  MXM  WARN  Conflicting CPU frequencies detected, using: 1999.69
[1447417567.211626] [node041:1841 :0]         mxm.c:185  MXM  WARN  The 'ulimit -s' on the system is set to 'unlimited'. This may have negative performance implications. Please set the heap size to the default value (10240) 
[1447417568.165351] [node031:31313:0]         sys.c:719  MXM  WARN  Conflicting CPU frequencies detected, using: 1694.81
[1447417568.172020] [node031:31313:0]         mxm.c:185  MXM  WARN  The 'ulimit -s' on the system is set to 'unlimited'. This may have negative performance implications. Please set the heap size to the default value (10240) 
UPCR: UPC thread  1 of 64 on node008 (pshm node  0 of 32, process  1 of 64, pid=10339)
UPCR: UPC thread  0 of 64 on node008 (pshm node  0 of 32, process  0 of 64, pid=10338)
UPCR: UPC thread 12 of 64 on node014 (pshm node  6 of 32, process 12 of 64, pid=3521)
UPCR: UPC thread 61 of 64 on node044 (pshm node 30 of 32, process 61 of 64, pid=5503)
UPCR: UPC thread 31 of 64 on node023 (pshm node 15 of 32, process 31 of 64, pid=5188)
UPCR: UPC thread 17 of 64 on node016 (pshm node  8 of 32, process 17 of 64, pid=16901)
UPCR: UPC thread 13 of 64 on node014 (pshm node  6 of 32, process 13 of 64, pid=3522)
UPCR: UPC thread 62 of 64 on node045 (pshm node 31 of 32, process 62 of 64, pid=3823)
UPCR: UPC thread  8 of 64 on node012 (pshm node  4 of 32, process  8 of 64, pid=27683)
UPCR: UPC thread 25 of 64 on node020 (pshm node 12 of 32, process 25 of 64, pid=13184)
UPCR: UPC thread 33 of 64 on node030 (pshm node 16 of 32, process 33 of 64, pid=29175)
UPCR: UPC thread  2 of 64 on node009 (pshm node  1 of 32, process  2 of 64, pid=800)
UPCR: UPC thread 60 of 64 on node044 (pshm node 30 of 32, process 60 of 64, pid=5510)
UPCR: UPC thread 16 of 64 on node016 (pshm node  8 of 32, process 16 of 64, pid=16887)
UPCR: UPC thread 56 of 64 on node042 (pshm node 28 of 32, process 56 of 64, pid=27932)
UPCR: UPC thread 63 of 64 on node045 (pshm node 31 of 32, process 63 of 64, pid=3837)
UPCR: UPC thread 24 of 64 on node020 (pshm node 12 of 32, process 24 of 64, pid=13183)
UPCR: UPC thread 28 of 64 on node022 (pshm node 14 of 32, process 28 of 64, pid=17225)
UPCR: UPC thread 45 of 64 on node036 (pshm node 22 of 32, process 45 of 64, pid=32018)
UPCR: UPC thread 20 of 64 on node018 (pshm node 10 of 32, process 20 of 64, pid=12422)
UPCR: UPC thread 46 of 64 on node037 (pshm node 23 of 32, process 46 of 64, pid=3385)
UPCR: UPC thread  5 of 64 on node010 (pshm node  2 of 32, process  5 of 64, pid=19827)
UPCR: UPC thread 14 of 64 on node015 (pshm node  7 of 32, process 14 of 64, pid=12294)
UPCR: UPC thread  7 of 64 on node011 (pshm node  3 of 32, process  7 of 64, pid=4874)
UPCR: UPC thread 26 of 64 on node021 (pshm node 13 of 32, process 26 of 64, pid=22225)
UPCR: UPC thread 29 of 64 on node022 (pshm node 14 of 32, process 29 of 64, pid=17246)
UPCR: UPC thread 22 of 64 on node019 (pshm node 11 of 32, process 22 of 64, pid=18146)
UPCR: UPC thread 58 of 64 on node043 (pshm node 29 of 32, process 58 of 64, pid=6748)
UPCR: UPC thread 49 of 64 on node038 (pshm node 24 of 32, process 49 of 64, pid=32061)
UPCR: UPC thread 21 of 64 on node018 (pshm node 10 of 32, process 21 of 64, pid=12415)
UPCR: UPC thread 42 of 64 on node035 (pshm node 21 of 32, process 42 of 64, pid=29494)
UPCR: UPC thread 32 of 64 on node030 (pshm node 16 of 32, process 32 of 64, pid=29174)
UPCR: UPC thread 37 of 64 on node032 (pshm node 18 of 32, process 37 of 64, pid=29712)
UPCR: UPC thread 19 of 64 on node017 (pshm node  9 of 32, process 19 of 64, pid=9958)
UPCR: UPC thread  6 of 64 on node011 (pshm node  3 of 32, process  6 of 64, pid=4873)
UPCR: UPC thread 11 of 64 on node013 (pshm node  5 of 32, process 11 of 64, pid=23271)
UPCR: UPC thread 10 of 64 on node013 (pshm node  5 of 32, process 10 of 64, pid=23285)
UPCR: UPC thread  4 of 64 on node010 (pshm node  2 of 32, process  4 of 64, pid=19826)
UPCR: UPC thread 15 of 64 on node015 (pshm node  7 of 32, process 15 of 64, pid=12298)
UPCR: UPC thread 53 of 64 on node040 (pshm node 26 of 32, process 53 of 64, pid=4346)
UPCR: UPC thread 43 of 64 on node035 (pshm node 21 of 32, process 43 of 64, pid=29493)
UPCR: UPC thread  9 of 64 on node012 (pshm node  4 of 32, process  9 of 64, pid=27687)
UPCR: UPC thread  3 of 64 on node009 (pshm node  1 of 32, process  3 of 64, pid=794)
UPCR: UPC thread 52 of 64 on node040 (pshm node 26 of 32, process 52 of 64, pid=4363)
UPCR: UPC thread 30 of 64 on node023 (pshm node 15 of 32, process 30 of 64, pid=5171)
UPCR: UPC thread 41 of 64 on node034 (pshm node 20 of 32, process 41 of 64, pid=3728)
UPCR: UPC thread 27 of 64 on node021 (pshm node 13 of 32, process 27 of 64, pid=22228)
UPCR: UPC thread 48 of 64 on node038 (pshm node 24 of 32, process 48 of 64, pid=32075)
UPCR: UPC thread 39 of 64 on node033 (pshm node 19 of 32, process 39 of 64, pid=1514)
UPCR: UPC thread 55 of 64 on node041 (pshm node 27 of 32, process 55 of 64, pid=1839)
UPCR: UPC thread 51 of 64 on node039 (pshm node 25 of 32, process 51 of 64, pid=27639)
UPCR: UPC thread 47 of 64 on node037 (pshm node 23 of 32, process 47 of 64, pid=3384)
UPCR: UPC thread 23 of 64 on node019 (pshm node 11 of 32, process 23 of 64, pid=18150)
UPCR: UPC thread 36 of 64 on node032 (pshm node 18 of 32, process 36 of 64, pid=29704)
UPCR: UPC thread 18 of 64 on node017 (pshm node  9 of 32, process 18 of 64, pid=9959)
UPCR: UPC thread 38 of 64 on node033 (pshm node 19 of 32, process 38 of 64, pid=1515)
UPCR: UPC thread 44 of 64 on node036 (pshm node 22 of 32, process 44 of 64, pid=32019)
UPCR: UPC thread 57 of 64 on node042 (pshm node 28 of 32, process 57 of 64, pid=27915)
UPCR: UPC thread 34 of 64 on node031 (pshm node 17 of 32, process 34 of 64, pid=31313)
UPCR: UPC thread 35 of 64 on node031 (pshm node 17 of 32, process 35 of 64, pid=31273)
UPCR: UPC thread 40 of 64 on node034 (pshm node 20 of 32, process 40 of 64, pid=3745)
UPCR: UPC thread 59 of 64 on node043 (pshm node 29 of 32, process 59 of 64, pid=6749)
UPCR: UPC thread 50 of 64 on node039 (pshm node 25 of 32, process 50 of 64, pid=27656)
UPCR: UPC thread 54 of 64 on node041 (pshm node 27 of 32, process 54 of 64, pid=1841)
0/64 - htable initialized
0/64 - table size: 68719476736 bytes (65536 MB)
0/64 - total number of buckets: 8589934592
0/64 - block size: 1073741824 (1024 MB)
0/64 - number of buckets in block: 134217728
0/64 - number of blocks: 64
16/64 - Performed a throughput benchmark:
16/64 - Performed 2000000 find-or-put operations with random values from [0,...,83199999]
16/64 - Finds: 974021 (0.487011), Inserts: 1025979 (0.512989), Errors: 0 (0)
16/64 - Execution time: 7.5016 seconds
16/64 - Throughput: 266610 ops/sec
17/64 - Performed a throughput benchmark:
17/64 - Performed 2000000 find-or-put operations with random values from [0,...,83199999]
17/64 - Finds: 973539 (0.48677), Inserts: 1026461 (0.513231), Errors: 0 (0)
17/64 - Execution time: 7.50293 seconds
17/64 - Throughput: 266562 ops/sec
25/64 - Performed a throughput benchmark:
25/64 - Performed 2000000 find-or-put operations with random values from [0,...,83199999]
25/64 - Finds: 977518 (0.488759), Inserts: 1022482 (0.511241), Errors: 0 (0)
25/64 - Execution time: 7.52244 seconds
25/64 - Throughput: 265871 ops/sec
40/64 - Performed a throughput benchmark:
40/64 - Performed 2000000 find-or-put operations with random values from [0,...,83199999]
40/64 - Finds: 976829 (0.488414), Inserts: 1023171 (0.511586), Errors: 0 (0)
40/64 - Execution time: 7.52926 seconds
40/64 - Throughput: 265631 ops/sec
9/64 - Performed a throughput benchmark:
9/64 - Performed 2000000 find-or-put operations with random values from [0,...,83199999]
9/64 - Finds: 977842 (0.488921), Inserts: 1022158 (0.511079), Errors: 0 (0)
9/64 - Execution time: 7.53134 seconds
9/64 - Throughput: 265557 ops/sec
7/64 - Performed a throughput benchmark:
7/64 - Performed 2000000 find-or-put operations with random values from [0,...,83199999]
7/64 - Finds: 978118 (0.489059), Inserts: 1021882 (0.510941), Errors: 0 (0)
7/64 - Execution time: 7.53839 seconds
7/64 - Throughput: 265309 ops/sec
41/64 - Performed a throughput benchmark:
41/64 - Performed 2000000 find-or-put operations with random values from [0,...,83199999]
41/64 - Finds: 977073 (0.488536), Inserts: 1022927 (0.511463), Errors: 0 (0)
41/64 - Execution time: 7.53109 seconds
41/64 - Throughput: 265566 ops/sec
22/64 - Performed a throughput benchmark:
22/64 - Performed 2000000 find-or-put operations with random values from [0,...,83199999]
22/64 - Finds: 979049 (0.489524), Inserts: 1020951 (0.510475), Errors: 0 (0)
22/64 - Execution time: 7.5357 seconds
22/64 - Throughput: 265403 ops/sec
10/64 - Performed a throughput benchmark:
10/64 - Performed 2000000 find-or-put operations with random values from [0,...,83199999]
10/64 - Finds: 976568 (0.488284), Inserts: 1023432 (0.511716), Errors: 0 (0)
10/64 - Execution time: 7.54057 seconds
10/64 - Throughput: 265232 ops/sec
8/64 - Performed a throughput benchmark:
8/64 - Performed 2000000 find-or-put operations with random values from [0,...,83199999]
8/64 - Finds: 979416 (0.489708), Inserts: 1020584 (0.510292), Errors: 0 (0)
8/64 - Execution time: 7.54739 seconds
8/64 - Throughput: 264992 ops/sec
50/64 - Performed a throughput benchmark:
50/64 - Performed 2000000 find-or-put operations with random values from [0,...,83199999]
50/64 - Finds: 979418 (0.489709), Inserts: 1020582 (0.510291), Errors: 0 (0)
50/64 - Execution time: 7.54038 seconds
50/64 - Throughput: 265239 ops/sec
23/64 - Performed a throughput benchmark:
23/64 - Performed 2000000 find-or-put operations with random values from [0,...,83199999]
23/64 - Finds: 976945 (0.488472), Inserts: 1023055 (0.511528), Errors: 0 (0)
23/64 - Execution time: 7.52698 seconds
23/64 - Throughput: 265711 ops/sec
11/64 - Performed a throughput benchmark:
11/64 - Performed 2000000 find-or-put operations with random values from [0,...,83199999]
11/64 - Finds: 977147 (0.488573), Inserts: 1022853 (0.511427), Errors: 0 (0)
11/64 - Execution time: 7.5279 seconds
11/64 - Throughput: 265678 ops/sec
63/64 - Performed a throughput benchmark:
63/64 - Performed 2000000 find-or-put operations with random values from [0,...,83199999]
63/64 - Finds: 979549 (0.489775), Inserts: 1020451 (0.510225), Errors: 0 (0)
63/64 - Execution time: 7.54753 seconds
63/64 - Throughput: 264988 ops/sec
6/64 - Performed a throughput benchmark:
6/64 - Performed 2000000 find-or-put operations with random values from [0,...,83199999]
6/64 - Finds: 976034 (0.488017), Inserts: 1023966 (0.511983), Errors: 0 (0)
6/64 - Execution time: 7.5217 seconds
6/64 - Throughput: 265897 ops/sec
15/64 - Performed a throughput benchmark:
15/64 - Performed 2000000 find-or-put operations with random values from [0,...,83199999]
15/64 - Finds: 977466 (0.488733), Inserts: 1022534 (0.511267), Errors: 0 (0)
15/64 - Execution time: 7.52499 seconds
15/64 - Throughput: 265781 ops/sec
51/64 - Performed a throughput benchmark:
51/64 - Performed 2000000 find-or-put operations with random values from [0,...,83199999]
51/64 - Finds: 979151 (0.489575), Inserts: 1020849 (0.510424), Errors: 0 (0)
51/64 - Execution time: 7.54084 seconds
51/64 - Throughput: 265223 ops/sec
5/64 - Performed a throughput benchmark:
5/64 - Performed 2000000 find-or-put operations with random values from [0,...,83199999]
5/64 - Finds: 977710 (0.488855), Inserts: 1022290 (0.511145), Errors: 0 (0)
5/64 - Execution time: 7.53731 seconds
5/64 - Throughput: 265347 ops/sec
58/64 - Performed a throughput benchmark:
58/64 - Performed 2000000 find-or-put operations with random values from [0,...,83199999]
58/64 - Finds: 978732 (0.489366), Inserts: 1021268 (0.510634), Errors: 0 (0)
58/64 - Execution time: 7.54561 seconds
58/64 - Throughput: 265055 ops/sec
14/64 - Performed a throughput benchmark:
14/64 - Performed 2000000 find-or-put operations with random values from [0,...,83199999]
14/64 - Finds: 978614 (0.489307), Inserts: 1021386 (0.510693), Errors: 0 (0)
14/64 - Execution time: 7.54186 seconds
14/64 - Throughput: 265187 ops/sec
4/64 - Performed a throughput benchmark:
4/64 - Performed 2000000 find-or-put operations with random values from [0,...,83199999]
4/64 - Finds: 979434 (0.489717), Inserts: 1020566 (0.510283), Errors: 0 (0)
4/64 - Execution time: 7.53864 seconds
4/64 - Throughput: 265300 ops/sec
61/64 - Performed a throughput benchmark:
61/64 - Performed 2000000 find-or-put operations with random values from [0,...,83199999]
61/64 - Finds: 983699 (0.491849), Inserts: 1016301 (0.50815), Errors: 0 (0)
61/64 - Execution time: 7.56737 seconds
61/64 - Throughput: 264293 ops/sec
31/64 - Performed a throughput benchmark:
31/64 - Performed 2000000 find-or-put operations with random values from [0,...,83199999]
31/64 - Finds: 978361 (0.489181), Inserts: 1021639 (0.510819), Errors: 0 (0)
31/64 - Execution time: 7.53895 seconds
31/64 - Throughput: 265289 ops/sec
1/64 - Performed a throughput benchmark:
1/64 - Performed 2000000 find-or-put operations with random values from [0,...,83199999]
1/64 - Finds: 979478 (0.489739), Inserts: 1020522 (0.510261), Errors: 0 (0)
1/64 - Execution time: 7.56953 seconds
1/64 - Throughput: 264217 ops/sec
57/64 - Performed a throughput benchmark:
57/64 - Performed 2000000 find-or-put operations with random values from [0,...,83199999]
57/64 - Finds: 977641 (0.48882), Inserts: 1022359 (0.51118), Errors: 0 (0)
57/64 - Execution time: 7.54171 seconds
57/64 - Throughput: 265192 ops/sec
27/64 - Performed a throughput benchmark:
27/64 - Performed 2000000 find-or-put operations with random values from [0,...,83199999]
27/64 - Finds: 977815 (0.488907), Inserts: 1022185 (0.511092), Errors: 0 (0)
27/64 - Execution time: 7.56082 seconds
27/64 - Throughput: 264522 ops/sec
45/64 - Performed a throughput benchmark:
45/64 - Performed 2000000 find-or-put operations with random values from [0,...,83199999]
45/64 - Finds: 978471 (0.489235), Inserts: 1021529 (0.510764), Errors: 0 (0)
45/64 - Execution time: 7.54649 seconds
45/64 - Throughput: 265024 ops/sec
59/64 - Performed a throughput benchmark:
59/64 - Performed 2000000 find-or-put operations with random values from [0,...,83199999]
59/64 - Finds: 979644 (0.489822), Inserts: 1020356 (0.510178), Errors: 0 (0)
59/64 - Execution time: 7.54722 seconds
59/64 - Throughput: 264998 ops/sec
33/64 - Performed a throughput benchmark:
33/64 - Performed 2000000 find-or-put operations with random values from [0,...,83199999]
33/64 - Finds: 979295 (0.489648), Inserts: 1020705 (0.510352), Errors: 0 (0)
33/64 - Execution time: 7.56302 seconds
33/64 - Throughput: 264445 ops/sec
12/64 - Performed a throughput benchmark:
12/64 - Performed 2000000 find-or-put operations with random values from [0,...,83199999]
12/64 - Finds: 978532 (0.489266), Inserts: 1021468 (0.510734), Errors: 0 (0)
12/64 - Execution time: 7.55003 seconds
12/64 - Throughput: 264900 ops/sec
20/64 - Performed a throughput benchmark:
20/64 - Performed 2000000 find-or-put operations with random values from [0,...,83199999]
20/64 - Finds: 978573 (0.489287), Inserts: 1021427 (0.510714), Errors: 0 (0)
20/64 - Execution time: 7.54711 seconds
20/64 - Throughput: 265002 ops/sec
55/64 - Performed a throughput benchmark:
55/64 - Performed 2000000 find-or-put operations with random values from [0,...,83199999]
55/64 - Finds: 977534 (0.488767), Inserts: 1022466 (0.511233), Errors: 0 (0)
55/64 - Execution time: 7.54551 seconds
55/64 - Throughput: 265058 ops/sec
62/64 - Performed a throughput benchmark:
62/64 - Performed 2000000 find-or-put operations with random values from [0,...,83199999]
62/64 - Finds: 980020 (0.49001), Inserts: 1019980 (0.50999), Errors: 0 (0)
62/64 - Execution time: 7.55751 seconds
62/64 - Throughput: 264638 ops/sec
39/64 - Performed a throughput benchmark:
39/64 - Performed 2000000 find-or-put operations with random values from [0,...,83199999]
39/64 - Finds: 977679 (0.488839), Inserts: 1022321 (0.511161), Errors: 0 (0)
39/64 - Execution time: 7.55088 seconds
39/64 - Throughput: 264870 ops/sec
35/64 - Performed a throughput benchmark:
35/64 - Performed 2000000 find-or-put operations with random values from [0,...,83199999]
35/64 - Finds: 978354 (0.489177), Inserts: 1021646 (0.510823), Errors: 0 (0)
35/64 - Execution time: 7.55975 seconds
35/64 - Throughput: 264559 ops/sec
37/64 - Performed a throughput benchmark:
37/64 - Performed 2000000 find-or-put operations with random values from [0,...,83199999]
37/64 - Finds: 982951 (0.491476), Inserts: 1017049 (0.508525), Errors: 0 (0)
37/64 - Execution time: 7.5758 seconds
37/64 - Throughput: 263999 ops/sec
24/64 - Performed a throughput benchmark:
24/64 - Performed 2000000 find-or-put operations with random values from [0,...,83199999]
24/64 - Finds: 975855 (0.487928), Inserts: 1024145 (0.512073), Errors: 0 (0)
24/64 - Execution time: 7.52772 seconds
24/64 - Throughput: 265685 ops/sec
13/64 - Performed a throughput benchmark:
13/64 - Performed 2000000 find-or-put operations with random values from [0,...,83199999]
13/64 - Finds: 977452 (0.488726), Inserts: 1022548 (0.511274), Errors: 0 (0)
13/64 - Execution time: 7.54933 seconds
13/64 - Throughput: 264924 ops/sec
30/64 - Performed a throughput benchmark:
30/64 - Performed 2000000 find-or-put operations with random values from [0,...,83199999]
30/64 - Finds: 978419 (0.48921), Inserts: 1021581 (0.510791), Errors: 0 (0)
30/64 - Execution time: 7.54623 seconds
30/64 - Throughput: 265033 ops/sec
29/64 - Performed a throughput benchmark:
29/64 - Performed 2000000 find-or-put operations with random values from [0,...,83199999]
29/64 - Finds: 981536 (0.490768), Inserts: 1018464 (0.509232), Errors: 0 (0)
29/64 - Execution time: 7.57358 seconds
29/64 - Throughput: 264076 ops/sec
44/64 - Performed a throughput benchmark:
44/64 - Performed 2000000 find-or-put operations with random values from [0,...,83199999]
44/64 - Finds: 979005 (0.489503), Inserts: 1020995 (0.510498), Errors: 0 (0)
44/64 - Execution time: 7.55382 seconds
44/64 - Throughput: 264767 ops/sec
19/64 - Performed a throughput benchmark:
19/64 - Performed 2000000 find-or-put operations with random values from [0,...,83199999]
19/64 - Finds: 979933 (0.489967), Inserts: 1020067 (0.510034), Errors: 0 (0)
19/64 - Execution time: 7.57307 seconds
19/64 - Throughput: 264094 ops/sec
47/64 - Performed a throughput benchmark:
47/64 - Performed 2000000 find-or-put operations with random values from [0,...,83199999]
47/64 - Finds: 979271 (0.489636), Inserts: 1020729 (0.510364), Errors: 0 (0)
47/64 - Execution time: 7.56628 seconds
47/64 - Throughput: 264331 ops/sec
46/64 - Performed a throughput benchmark:
46/64 - Performed 2000000 find-or-put operations with random values from [0,...,83199999]
46/64 - Finds: 979353 (0.489677), Inserts: 1020647 (0.510324), Errors: 0 (0)
46/64 - Execution time: 7.57363 seconds
46/64 - Throughput: 264074 ops/sec
60/64 - Performed a throughput benchmark:
60/64 - Performed 2000000 find-or-put operations with random values from [0,...,83199999]
60/64 - Finds: 982745 (0.491372), Inserts: 1017255 (0.508628), Errors: 0 (0)
60/64 - Execution time: 7.56262 seconds
60/64 - Throughput: 264458 ops/sec
56/64 - Performed a throughput benchmark:
56/64 - Performed 2000000 find-or-put operations with random values from [0,...,83199999]
56/64 - Finds: 979989 (0.489994), Inserts: 1020011 (0.510006), Errors: 0 (0)
56/64 - Execution time: 7.54925 seconds
56/64 - Throughput: 264927 ops/sec
28/64 - Performed a throughput benchmark:
28/64 - Performed 2000000 find-or-put operations with random values from [0,...,83199999]
28/64 - Finds: 982404 (0.491202), Inserts: 1017596 (0.508798), Errors: 0 (0)
28/64 - Execution time: 7.56811 seconds
28/64 - Throughput: 264267 ops/sec
36/64 - Performed a throughput benchmark:
36/64 - Performed 2000000 find-or-put operations with random values from [0,...,83199999]
36/64 - Finds: 981719 (0.49086), Inserts: 1018281 (0.50914), Errors: 0 (0)
36/64 - Execution time: 7.57094 seconds
36/64 - Throughput: 264168 ops/sec
38/64 - Performed a throughput benchmark:
38/64 - Performed 2000000 find-or-put operations with random values from [0,...,83199999]
38/64 - Finds: 978364 (0.489182), Inserts: 1021636 (0.510818), Errors: 0 (0)
38/64 - Execution time: 7.54931 seconds
38/64 - Throughput: 264925 ops/sec
21/64 - Performed a throughput benchmark:
21/64 - Performed 2000000 find-or-put operations with random values from [0,...,83199999]
21/64 - Finds: 978905 (0.489453), Inserts: 1021095 (0.510548), Errors: 0 (0)
21/64 - Execution time: 7.5542 seconds
21/64 - Throughput: 264753 ops/sec
42/64 - Performed a throughput benchmark:
42/64 - Performed 2000000 find-or-put operations with random values from [0,...,83199999]
42/64 - Finds: 978032 (0.489016), Inserts: 1021968 (0.510984), Errors: 0 (0)
42/64 - Execution time: 7.55233 seconds
42/64 - Throughput: 264819 ops/sec
43/64 - Performed a throughput benchmark:
43/64 - Performed 2000000 find-or-put operations with random values from [0,...,83199999]
43/64 - Finds: 979597 (0.489799), Inserts: 1020403 (0.510201), Errors: 0 (0)
43/64 - Execution time: 7.56441 seconds
43/64 - Throughput: 264396 ops/sec
49/64 - Performed a throughput benchmark:
49/64 - Performed 2000000 find-or-put operations with random values from [0,...,83199999]
49/64 - Finds: 980310 (0.490155), Inserts: 1019690 (0.509845), Errors: 0 (0)
49/64 - Execution time: 7.55778 seconds
49/64 - Throughput: 264628 ops/sec
52/64 - Performed a throughput benchmark:
52/64 - Performed 2000000 find-or-put operations with random values from [0,...,83199999]
52/64 - Finds: 980308 (0.490154), Inserts: 1019692 (0.509846), Errors: 0 (0)
52/64 - Execution time: 7.57932 seconds
52/64 - Throughput: 263876 ops/sec
18/64 - Performed a throughput benchmark:
18/64 - Performed 2000000 find-or-put operations with random values from [0,...,83199999]
18/64 - Finds: 981005 (0.490503), Inserts: 1018995 (0.509498), Errors: 0 (0)
18/64 - Execution time: 7.55835 seconds
18/64 - Throughput: 264608 ops/sec
32/64 - Performed a throughput benchmark:
32/64 - Performed 2000000 find-or-put operations with random values from [0,...,83199999]
32/64 - Finds: 981271 (0.490636), Inserts: 1018729 (0.509364), Errors: 0 (0)
32/64 - Execution time: 7.56387 seconds
32/64 - Throughput: 264415 ops/sec
54/64 - Performed a throughput benchmark:
54/64 - Performed 2000000 find-or-put operations with random values from [0,...,83199999]
54/64 - Finds: 979922 (0.489961), Inserts: 1020078 (0.510039), Errors: 0 (0)
54/64 - Execution time: 7.56251 seconds
54/64 - Throughput: 264463 ops/sec
34/64 - Performed a throughput benchmark:
34/64 - Performed 2000000 find-or-put operations with random values from [0,...,83199999]
34/64 - Finds: 981840 (0.49092), Inserts: 1018160 (0.50908), Errors: 0 (0)
34/64 - Execution time: 7.58688 seconds
34/64 - Throughput: 263613 ops/sec
48/64 - Performed a throughput benchmark:
48/64 - Performed 2000000 find-or-put operations with random values from [0,...,83199999]
48/64 - Finds: 980288 (0.490144), Inserts: 1019712 (0.509856), Errors: 0 (0)
48/64 - Execution time: 7.57094 seconds
48/64 - Throughput: 264168 ops/sec
53/64 - Performed a throughput benchmark:
53/64 - Performed 2000000 find-or-put operations with random values from [0,...,83199999]
53/64 - Finds: 980300 (0.49015), Inserts: 1019700 (0.50985), Errors: 0 (0)
53/64 - Execution time: 7.57404 seconds
53/64 - Throughput: 264060 ops/sec
26/64 - Performed a throughput benchmark:
26/64 - Performed 2000000 find-or-put operations with random values from [0,...,83199999]
26/64 - Finds: 979645 (0.489822), Inserts: 1020355 (0.510177), Errors: 0 (0)
26/64 - Execution time: 7.56128 seconds
26/64 - Throughput: 264505 ops/sec
0/64 - Performed a throughput benchmark:
0/64 - Performed 2000000 find-or-put operations with random values from [0,...,83199999]
0/64 - Finds: 987562 (0.493781), Inserts: 1012438 (0.506219), Errors: 0 (0)
0/64 - Execution time: 7.66963 seconds
0/64 - Throughput: 260769 ops/sec
2/64 - Performed a throughput benchmark:
2/64 - Performed 2000000 find-or-put operations with random values from [0,...,83199999]
2/64 - Finds: 980350 (0.490175), Inserts: 1019650 (0.509825), Errors: 0 (0)
2/64 - Execution time: 7.58524 seconds
2/64 - Throughput: 263670 ops/sec
3/64 - Performed a throughput benchmark:
3/64 - Performed 2000000 find-or-put operations with random values from [0,...,83199999]
3/64 - Finds: 980831 (0.490416), Inserts: 1019169 (0.509584), Errors: 0 (0)
3/64 - Execution time: 7.58658 seconds
3/64 - Throughput: 263624 ops/sec
[1447417566.730609] [node008:10293:0]         sys.c:719  MXM  WARN  Conflicting CPU frequencies detected, using: 1997.53
