[1447417426.347236] [node008:8234 :0]         sys.c:719  MXM  WARN  Conflicting CPU frequencies detected, using: 1698.00
[1447417426.355999] [node008:8234 :0]         mxm.c:185  MXM  WARN  The 'ulimit -s' on the system is set to 'unlimited'. This may have negative performance implications. Please set the heap size to the default value (10240) 
[1447417426.347772] [node008:8233 :0]         sys.c:719  MXM  WARN  Conflicting CPU frequencies detected, using: 1698.00
[1447417426.356773] [node008:8233 :0]         mxm.c:185  MXM  WARN  The 'ulimit -s' on the system is set to 'unlimited'. This may have negative performance implications. Please set the heap size to the default value (10240) 
[1447417426.679888] [node009:29401:0]         sys.c:719  MXM  WARN  Conflicting CPU frequencies detected, using: 1830.84
[1447417426.686214] [node009:29401:0]         mxm.c:185  MXM  WARN  The 'ulimit -s' on the system is set to 'unlimited'. This may have negative performance implications. Please set the heap size to the default value (10240) 
[1447417426.685348] [node020:9363 :0]         sys.c:719  MXM  WARN  Conflicting CPU frequencies detected, using: 1895.53
[1447417426.693923] [node020:9363 :0]         mxm.c:185  MXM  WARN  The 'ulimit -s' on the system is set to 'unlimited'. This may have negative performance implications. Please set the heap size to the default value (10240) 
[1447417426.698455] [node022:13397:0]         sys.c:719  MXM  WARN  Conflicting CPU frequencies detected, using: 2096.25
[1447417426.705100] [node022:13397:0]         mxm.c:185  MXM  WARN  The 'ulimit -s' on the system is set to 'unlimited'. This may have negative performance implications. Please set the heap size to the default value (10240) 
[1447417426.673699] [node019:14331:0]         sys.c:719  MXM  WARN  Conflicting CPU frequencies detected, using: 2296.12
[1447417426.677746] [node019:14331:0]         mxm.c:185  MXM  WARN  The 'ulimit -s' on the system is set to 'unlimited'. This may have negative performance implications. Please set the heap size to the default value (10240) 
[1447417426.713159] [node022:13396:0]         sys.c:719  MXM  WARN  Conflicting CPU frequencies detected, using: 2096.25
[1447417426.720415] [node022:13396:0]         mxm.c:185  MXM  WARN  The 'ulimit -s' on the system is set to 'unlimited'. This may have negative performance implications. Please set the heap size to the default value (10240) 
[1447417426.691173] [node016:13079:0]         sys.c:719  MXM  WARN  Conflicting CPU frequencies detected, using: 2623.97
[1447417426.695640] [node016:13079:0]         mxm.c:185  MXM  WARN  The 'ulimit -s' on the system is set to 'unlimited'. This may have negative performance implications. Please set the heap size to the default value (10240) 
[1447417426.691163] [node018:8577 :0]         sys.c:719  MXM  WARN  Conflicting CPU frequencies detected, using: 2574.19
[1447417426.697053] [node018:8577 :0]         mxm.c:185  MXM  WARN  The 'ulimit -s' on the system is set to 'unlimited'. This may have negative performance implications. Please set the heap size to the default value (10240) 
[1447417426.695830] [node016:13078:0]         sys.c:719  MXM  WARN  Conflicting CPU frequencies detected, using: 2623.97
[1447417426.700656] [node016:13078:0]         mxm.c:185  MXM  WARN  The 'ulimit -s' on the system is set to 'unlimited'. This may have negative performance implications. Please set the heap size to the default value (10240) 
[1447417426.687883] [node019:14335:0]         sys.c:719  MXM  WARN  Conflicting CPU frequencies detected, using: 2296.12
[1447417426.692108] [node019:14335:0]         mxm.c:185  MXM  WARN  The 'ulimit -s' on the system is set to 'unlimited'. This may have negative performance implications. Please set the heap size to the default value (10240) 
[1447417426.680667] [node012:23861:0]         sys.c:719  MXM  WARN  Conflicting CPU frequencies detected, using: 2093.91
[1447417426.686893] [node012:23861:0]         mxm.c:185  MXM  WARN  The 'ulimit -s' on the system is set to 'unlimited'. This may have negative performance implications. Please set the heap size to the default value (10240) 
[1447417426.690599] [node010:16005:0]         sys.c:719  MXM  WARN  Conflicting CPU frequencies detected, using: 2098.78
[1447417426.694568] [node010:16005:0]         mxm.c:185  MXM  WARN  The 'ulimit -s' on the system is set to 'unlimited'. This may have negative performance implications. Please set the heap size to the default value (10240) 
[1447417426.688575] [node021:18409:0]         sys.c:719  MXM  WARN  Conflicting CPU frequencies detected, using: 2198.34
[1447417426.692931] [node021:18409:0]         mxm.c:185  MXM  WARN  The 'ulimit -s' on the system is set to 'unlimited'. This may have negative performance implications. Please set the heap size to the default value (10240) 
[1447417426.687768] [node014:32025:0]         sys.c:719  MXM  WARN  Conflicting CPU frequencies detected, using: 2080.78
[1447417426.692010] [node014:32025:0]         mxm.c:185  MXM  WARN  The 'ulimit -s' on the system is set to 'unlimited'. This may have negative performance implications. Please set the heap size to the default value (10240) 
[1447417426.686818] [node011:929  :0]         sys.c:719  MXM  WARN  Conflicting CPU frequencies detected, using: 2385.56
[1447417426.694399] [node011:929  :0]         mxm.c:185  MXM  WARN  The 'ulimit -s' on the system is set to 'unlimited'. This may have negative performance implications. Please set the heap size to the default value (10240) 
[1447417426.694375] [node014:32026:0]         sys.c:719  MXM  WARN  Conflicting CPU frequencies detected, using: 2080.78
[1447417426.698096] [node014:32026:0]         mxm.c:185  MXM  WARN  The 'ulimit -s' on the system is set to 'unlimited'. This may have negative performance implications. Please set the heap size to the default value (10240) 
[1447417426.685683] [node011:934  :0]         sys.c:719  MXM  WARN  Conflicting CPU frequencies detected, using: 2385.56
[1447417426.693605] [node011:934  :0]         mxm.c:185  MXM  WARN  The 'ulimit -s' on the system is set to 'unlimited'. This may have negative performance implications. Please set the heap size to the default value (10240) 
[1447417426.686312] [node012:23866:0]         sys.c:719  MXM  WARN  Conflicting CPU frequencies detected, using: 2093.91
[1447417426.693155] [node012:23866:0]         mxm.c:185  MXM  WARN  The 'ulimit -s' on the system is set to 'unlimited'. This may have negative performance implications. Please set the heap size to the default value (10240) 
[1447417426.697033] [node021:18408:0]         sys.c:719  MXM  WARN  Conflicting CPU frequencies detected, using: 2198.34
[1447417426.703009] [node021:18408:0]         mxm.c:185  MXM  WARN  The 'ulimit -s' on the system is set to 'unlimited'. This may have negative performance implications. Please set the heap size to the default value (10240) 
[1447417426.685152] [node020:9367 :0]         sys.c:719  MXM  WARN  Conflicting CPU frequencies detected, using: 1895.53
[1447417426.693154] [node020:9367 :0]         mxm.c:185  MXM  WARN  The 'ulimit -s' on the system is set to 'unlimited'. This may have negative performance implications. Please set the heap size to the default value (10240) 
[1447417426.691085] [node009:29395:0]         sys.c:719  MXM  WARN  Conflicting CPU frequencies detected, using: 1830.84
[1447417426.699452] [node009:29395:0]         mxm.c:185  MXM  WARN  The 'ulimit -s' on the system is set to 'unlimited'. This may have negative performance implications. Please set the heap size to the default value (10240) 
[1447417426.685756] [node010:16009:0]         sys.c:719  MXM  WARN  Conflicting CPU frequencies detected, using: 2098.78
[1447417426.689879] [node010:16009:0]         mxm.c:185  MXM  WARN  The 'ulimit -s' on the system is set to 'unlimited'. This may have negative performance implications. Please set the heap size to the default value (10240) 
[1447417426.675318] [node015:8470 :0]         sys.c:719  MXM  WARN  Conflicting CPU frequencies detected, using: 2398.88
[1447417426.682441] [node015:8470 :0]         mxm.c:185  MXM  WARN  The 'ulimit -s' on the system is set to 'unlimited'. This may have negative performance implications. Please set the heap size to the default value (10240) 
[1447417426.685191] [node018:8576 :0]         sys.c:719  MXM  WARN  Conflicting CPU frequencies detected, using: 2574.19
[1447417426.691306] [node018:8576 :0]         mxm.c:185  MXM  WARN  The 'ulimit -s' on the system is set to 'unlimited'. This may have negative performance implications. Please set the heap size to the default value (10240) 
[1447417426.681847] [node013:19457:0]         sys.c:719  MXM  WARN  Conflicting CPU frequencies detected, using: 2835.84
[1447417426.688619] [node013:19457:0]         mxm.c:185  MXM  WARN  The 'ulimit -s' on the system is set to 'unlimited'. This may have negative performance implications. Please set the heap size to the default value (10240) 
[1447417426.691056] [node023:1249 :0]         sys.c:719  MXM  WARN  Conflicting CPU frequencies detected, using: 2226.28
[1447417426.697508] [node023:1249 :0]         mxm.c:185  MXM  WARN  The 'ulimit -s' on the system is set to 'unlimited'. This may have negative performance implications. Please set the heap size to the default value (10240) 
[1447417426.688088] [node017:6138 :0]         sys.c:719  MXM  WARN  Conflicting CPU frequencies detected, using: 2600.72
[1447417426.694651] [node017:6138 :0]         mxm.c:185  MXM  WARN  The 'ulimit -s' on the system is set to 'unlimited'. This may have negative performance implications. Please set the heap size to the default value (10240) 
[1447417426.706438] [node023:1250 :0]         sys.c:719  MXM  WARN  Conflicting CPU frequencies detected, using: 2226.28
[1447417426.712759] [node023:1250 :0]         mxm.c:185  MXM  WARN  The 'ulimit -s' on the system is set to 'unlimited'. This may have negative performance implications. Please set the heap size to the default value (10240) 
[1447417426.662646] [node015:8464 :0]         sys.c:719  MXM  WARN  Conflicting CPU frequencies detected, using: 2400.00
[1447417426.669781] [node015:8464 :0]         mxm.c:185  MXM  WARN  The 'ulimit -s' on the system is set to 'unlimited'. This may have negative performance implications. Please set the heap size to the default value (10240) 
[1447417426.692391] [node013:19451:0]         sys.c:719  MXM  WARN  Conflicting CPU frequencies detected, using: 2835.84
[1447417426.699650] [node013:19451:0]         mxm.c:185  MXM  WARN  The 'ulimit -s' on the system is set to 'unlimited'. This may have negative performance implications. Please set the heap size to the default value (10240) 
[1447417426.684011] [node017:6139 :0]         sys.c:719  MXM  WARN  Conflicting CPU frequencies detected, using: 2600.72
[1447417426.690001] [node017:6139 :0]         mxm.c:185  MXM  WARN  The 'ulimit -s' on the system is set to 'unlimited'. This may have negative performance implications. Please set the heap size to the default value (10240) 
UPCR: UPC thread  1 of 32 on node008 (pshm node  0 of 16, process  1 of 32, pid=8234)
UPCR: UPC thread  0 of 32 on node008 (pshm node  0 of 16, process  0 of 32, pid=8233)
UPCR: UPC thread 31 of 32 on node023 (pshm node 15 of 16, process 31 of 32, pid=1250)
UPCR: UPC thread 30 of 32 on node023 (pshm node 15 of 16, process 30 of 32, pid=1249)
UPCR: UPC thread 25 of 32 on node020 (pshm node 12 of 16, process 25 of 32, pid=9363)
UPCR: UPC thread 10 of 32 on node013 (pshm node  5 of 16, process 10 of 32, pid=19451)
UPCR: UPC thread 13 of 32 on node014 (pshm node  6 of 16, process 13 of 32, pid=32026)
UPCR: UPC thread 26 of 32 on node021 (pshm node 13 of 16, process 26 of 32, pid=18409)
UPCR: UPC thread 16 of 32 on node016 (pshm node  8 of 16, process 16 of 32, pid=13079)
UPCR: UPC thread 18 of 32 on node017 (pshm node  9 of 16, process 18 of 32, pid=6139)
UPCR: UPC thread 29 of 32 on node022 (pshm node 14 of 16, process 29 of 32, pid=13397)
UPCR: UPC thread 17 of 32 on node016 (pshm node  8 of 16, process 17 of 32, pid=13078)
UPCR: UPC thread 14 of 32 on node015 (pshm node  7 of 16, process 14 of 32, pid=8464)
UPCR: UPC thread 24 of 32 on node020 (pshm node 12 of 16, process 24 of 32, pid=9367)
UPCR: UPC thread 19 of 32 on node017 (pshm node  9 of 16, process 19 of 32, pid=6138)
UPCR: UPC thread 15 of 32 on node015 (pshm node  7 of 16, process 15 of 32, pid=8470)
UPCR: UPC thread 12 of 32 on node014 (pshm node  6 of 16, process 12 of 32, pid=32025)
UPCR: UPC thread 22 of 32 on node019 (pshm node 11 of 16, process 22 of 32, pid=14331)
UPCR: UPC thread  9 of 32 on node012 (pshm node  4 of 16, process  9 of 32, pid=23866)
UPCR: UPC thread 20 of 32 on node018 (pshm node 10 of 16, process 20 of 32, pid=8577)
UPCR: UPC thread  5 of 32 on node010 (pshm node  2 of 16, process  5 of 32, pid=16005)
UPCR: UPC thread  4 of 32 on node010 (pshm node  2 of 16, process  4 of 32, pid=16009)
UPCR: UPC thread  2 of 32 on node009 (pshm node  1 of 16, process  2 of 32, pid=29395)
UPCR: UPC thread  8 of 32 on node012 (pshm node  4 of 16, process  8 of 32, pid=23861)
UPCR: UPC thread 27 of 32 on node021 (pshm node 13 of 16, process 27 of 32, pid=18408)
UPCR: UPC thread 21 of 32 on node018 (pshm node 10 of 16, process 21 of 32, pid=8576)
UPCR: UPC thread 28 of 32 on node022 (pshm node 14 of 16, process 28 of 32, pid=13396)
UPCR: UPC thread 11 of 32 on node013 (pshm node  5 of 16, process 11 of 32, pid=19457)
UPCR: UPC thread 23 of 32 on node019 (pshm node 11 of 16, process 23 of 32, pid=14335)
UPCR: UPC thread  7 of 32 on node011 (pshm node  3 of 16, process  7 of 32, pid=929)
UPCR: UPC thread  6 of 32 on node011 (pshm node  3 of 16, process  6 of 32, pid=934)
UPCR: UPC thread  3 of 32 on node009 (pshm node  1 of 16, process  3 of 32, pid=29401)
0/32 - htable initialized
0/32 - table size: 34359738368 bytes (32768 MB)
0/32 - total number of buckets: 4294967296
0/32 - block size: 1073741824 (1024 MB)
0/32 - number of buckets in block: 134217728
0/32 - number of blocks: 32
17/32 - Performed a throughput benchmark:
17/32 - Performed 2000000 find-or-put operations with random values from [0,...,41599999]
17/32 - Finds: 973176 (0.486588), Inserts: 1026824 (0.513412), Errors: 0 (0)
17/32 - Execution time: 6.40498 seconds
17/32 - Throughput: 312257 ops/sec
10/32 - Performed a throughput benchmark:
10/32 - Performed 2000000 find-or-put operations with random values from [0,...,41599999]
10/32 - Finds: 976543 (0.488272), Inserts: 1023457 (0.511729), Errors: 0 (0)
10/32 - Execution time: 6.42978 seconds
10/32 - Throughput: 311053 ops/sec
8/32 - Performed a throughput benchmark:
8/32 - Performed 2000000 find-or-put operations with random values from [0,...,41599999]
8/32 - Finds: 980689 (0.490345), Inserts: 1019311 (0.509656), Errors: 0 (0)
8/32 - Execution time: 6.45449 seconds
8/32 - Throughput: 309862 ops/sec
23/32 - Performed a throughput benchmark:
23/32 - Performed 2000000 find-or-put operations with random values from [0,...,41599999]
23/32 - Finds: 978603 (0.489302), Inserts: 1021397 (0.510699), Errors: 0 (0)
23/32 - Execution time: 6.45278 seconds
23/32 - Throughput: 309944 ops/sec
5/32 - Performed a throughput benchmark:
5/32 - Performed 2000000 find-or-put operations with random values from [0,...,41599999]
5/32 - Finds: 979261 (0.489631), Inserts: 1020739 (0.51037), Errors: 0 (0)
5/32 - Execution time: 6.45142 seconds
5/32 - Throughput: 310009 ops/sec
11/32 - Performed a throughput benchmark:
11/32 - Performed 2000000 find-or-put operations with random values from [0,...,41599999]
11/32 - Finds: 977482 (0.488741), Inserts: 1022518 (0.511259), Errors: 0 (0)
11/32 - Execution time: 6.43977 seconds
11/32 - Throughput: 310570 ops/sec
21/32 - Performed a throughput benchmark:
21/32 - Performed 2000000 find-or-put operations with random values from [0,...,41599999]
21/32 - Finds: 979269 (0.489634), Inserts: 1020731 (0.510366), Errors: 0 (0)
21/32 - Execution time: 6.46097 seconds
21/32 - Throughput: 309551 ops/sec
16/32 - Performed a throughput benchmark:
16/32 - Performed 2000000 find-or-put operations with random values from [0,...,41599999]
16/32 - Finds: 971778 (0.485889), Inserts: 1028222 (0.514111), Errors: 0 (0)
16/32 - Execution time: 6.4026 seconds
16/32 - Throughput: 312373 ops/sec
31/32 - Performed a throughput benchmark:
31/32 - Performed 2000000 find-or-put operations with random values from [0,...,41599999]
31/32 - Finds: 979438 (0.489719), Inserts: 1020562 (0.510281), Errors: 0 (0)
31/32 - Execution time: 6.46178 seconds
31/32 - Throughput: 309512 ops/sec
29/32 - Performed a throughput benchmark:
29/32 - Performed 2000000 find-or-put operations with random values from [0,...,41599999]
29/32 - Finds: 978390 (0.489195), Inserts: 1021610 (0.510805), Errors: 0 (0)
29/32 - Execution time: 6.45545 seconds
29/32 - Throughput: 309816 ops/sec
22/32 - Performed a throughput benchmark:
22/32 - Performed 2000000 find-or-put operations with random values from [0,...,41599999]
22/32 - Finds: 978451 (0.489225), Inserts: 1021549 (0.510775), Errors: 0 (0)
22/32 - Execution time: 6.45552 seconds
22/32 - Throughput: 309813 ops/sec
2/32 - Performed a throughput benchmark:
2/32 - Performed 2000000 find-or-put operations with random values from [0,...,41599999]
2/32 - Finds: 978355 (0.489177), Inserts: 1021645 (0.510822), Errors: 0 (0)
2/32 - Execution time: 6.45441 seconds
2/32 - Throughput: 309865 ops/sec
28/32 - Performed a throughput benchmark:
28/32 - Performed 2000000 find-or-put operations with random values from [0,...,41599999]
28/32 - Finds: 978506 (0.489253), Inserts: 1021494 (0.510747), Errors: 0 (0)
28/32 - Execution time: 6.45575 seconds
28/32 - Throughput: 309801 ops/sec
18/32 - Performed a throughput benchmark:
18/32 - Performed 2000000 find-or-put operations with random values from [0,...,41599999]
18/32 - Finds: 981757 (0.490878), Inserts: 1018243 (0.509122), Errors: 0 (0)
18/32 - Execution time: 6.46483 seconds
18/32 - Throughput: 309366 ops/sec
13/32 - Performed a throughput benchmark:
13/32 - Performed 2000000 find-or-put operations with random values from [0,...,41599999]
13/32 - Finds: 976510 (0.488255), Inserts: 1023490 (0.511745), Errors: 0 (0)
13/32 - Execution time: 6.453 seconds
13/32 - Throughput: 309934 ops/sec
20/32 - Performed a throughput benchmark:
20/32 - Performed 2000000 find-or-put operations with random values from [0,...,41599999]
20/32 - Finds: 978521 (0.48926), Inserts: 1021479 (0.51074), Errors: 0 (0)
20/32 - Execution time: 6.45524 seconds
20/32 - Throughput: 309826 ops/sec
3/32 - Performed a throughput benchmark:
3/32 - Performed 2000000 find-or-put operations with random values from [0,...,41599999]
3/32 - Finds: 978690 (0.489345), Inserts: 1021310 (0.510655), Errors: 0 (0)
3/32 - Execution time: 6.45503 seconds
3/32 - Throughput: 309836 ops/sec
4/32 - Performed a throughput benchmark:
4/32 - Performed 2000000 find-or-put operations with random values from [0,...,41599999]
4/32 - Finds: 978679 (0.489339), Inserts: 1021321 (0.51066), Errors: 0 (0)
4/32 - Execution time: 6.4575 seconds
4/32 - Throughput: 309717 ops/sec
9/32 - Performed a throughput benchmark:
9/32 - Performed 2000000 find-or-put operations with random values from [0,...,41599999]
9/32 - Finds: 979563 (0.489781), Inserts: 1020437 (0.510219), Errors: 0 (0)
9/32 - Execution time: 6.45887 seconds
9/32 - Throughput: 309652 ops/sec
7/32 - Performed a throughput benchmark:
7/32 - Performed 2000000 find-or-put operations with random values from [0,...,41599999]
7/32 - Finds: 979313 (0.489656), Inserts: 1020687 (0.510343), Errors: 0 (0)
7/32 - Execution time: 6.46171 seconds
7/32 - Throughput: 309515 ops/sec
12/32 - Performed a throughput benchmark:
12/32 - Performed 2000000 find-or-put operations with random values from [0,...,41599999]
12/32 - Finds: 979540 (0.48977), Inserts: 1020460 (0.51023), Errors: 0 (0)
12/32 - Execution time: 6.45375 seconds
12/32 - Throughput: 309897 ops/sec
26/32 - Performed a throughput benchmark:
26/32 - Performed 2000000 find-or-put operations with random values from [0,...,41599999]
26/32 - Finds: 981238 (0.490619), Inserts: 1018762 (0.509381), Errors: 0 (0)
26/32 - Execution time: 6.45749 seconds
26/32 - Throughput: 309718 ops/sec
6/32 - Performed a throughput benchmark:
6/32 - Performed 2000000 find-or-put operations with random values from [0,...,41599999]
6/32 - Finds: 980215 (0.490107), Inserts: 1019785 (0.509892), Errors: 0 (0)
6/32 - Execution time: 6.46031 seconds
6/32 - Throughput: 309583 ops/sec
0/32 - Performed a throughput benchmark:
0/32 - Performed 2000000 find-or-put operations with random values from [0,...,41599999]
0/32 - Finds: 979956 (0.489978), Inserts: 1020044 (0.510022), Errors: 0 (0)
0/32 - Execution time: 6.47766 seconds
0/32 - Throughput: 308753 ops/sec
1/32 - Performed a throughput benchmark:
1/32 - Performed 2000000 find-or-put operations with random values from [0,...,41599999]
1/32 - Finds: 980894 (0.490447), Inserts: 1019106 (0.509553), Errors: 0 (0)
1/32 - Execution time: 6.48658 seconds
1/32 - Throughput: 308329 ops/sec
25/32 - Performed a throughput benchmark:
25/32 - Performed 2000000 find-or-put operations with random values from [0,...,41599999]
25/32 - Finds: 981432 (0.490716), Inserts: 1018568 (0.509284), Errors: 0 (0)
25/32 - Execution time: 6.47865 seconds
25/32 - Throughput: 308706 ops/sec
27/32 - Performed a throughput benchmark:
27/32 - Performed 2000000 find-or-put operations with random values from [0,...,41599999]
27/32 - Finds: 982215 (0.491107), Inserts: 1017785 (0.508892), Errors: 0 (0)
27/32 - Execution time: 6.47101 seconds
27/32 - Throughput: 309071 ops/sec
24/32 - Performed a throughput benchmark:
24/32 - Performed 2000000 find-or-put operations with random values from [0,...,41599999]
24/32 - Finds: 980966 (0.490483), Inserts: 1019034 (0.509517), Errors: 0 (0)
24/32 - Execution time: 6.48259 seconds
24/32 - Throughput: 308519 ops/sec
30/32 - Performed a throughput benchmark:
30/32 - Performed 2000000 find-or-put operations with random values from [0,...,41599999]
30/32 - Finds: 980255 (0.490127), Inserts: 1019745 (0.509872), Errors: 0 (0)
30/32 - Execution time: 6.46093 seconds
30/32 - Throughput: 309553 ops/sec
19/32 - Performed a throughput benchmark:
19/32 - Performed 2000000 find-or-put operations with random values from [0,...,41599999]
19/32 - Finds: 981823 (0.490912), Inserts: 1018177 (0.509089), Errors: 0 (0)
19/32 - Execution time: 6.4774 seconds
19/32 - Throughput: 308766 ops/sec
15/32 - Performed a throughput benchmark:
15/32 - Performed 2000000 find-or-put operations with random values from [0,...,41599999]
15/32 - Finds: 982223 (0.491111), Inserts: 1017777 (0.508888), Errors: 0 (0)
15/32 - Execution time: 6.47972 seconds
15/32 - Throughput: 308655 ops/sec
14/32 - Performed a throughput benchmark:
14/32 - Performed 2000000 find-or-put operations with random values from [0,...,41599999]
14/32 - Finds: 980717 (0.490358), Inserts: 1019283 (0.509641), Errors: 0 (0)
14/32 - Execution time: 6.46833 seconds
14/32 - Throughput: 309199 ops/sec
[1447417426.329713] [node008:8188 :0]         sys.c:719  MXM  WARN  Conflicting CPU frequencies detected, using: 1690.12
