[1447417025.375582] [node008:4539 :0]         sys.c:719  MXM  WARN  Conflicting CPU frequencies detected, using: 1899.75
[1447417025.383240] [node008:4539 :0]         mxm.c:185  MXM  WARN  The 'ulimit -s' on the system is set to 'unlimited'. This may have negative performance implications. Please set the heap size to the default value (10240) 
[1447417025.375645] [node008:4538 :0]         sys.c:719  MXM  WARN  Conflicting CPU frequencies detected, using: 1899.75
[1447417025.383963] [node008:4538 :0]         mxm.c:185  MXM  WARN  The 'ulimit -s' on the system is set to 'unlimited'. This may have negative performance implications. Please set the heap size to the default value (10240) 
[1447417025.718322] [node010:4537 :0]         sys.c:719  MXM  WARN  Conflicting CPU frequencies detected, using: 1998.66
[1447417025.722465] [node010:4537 :0]         mxm.c:185  MXM  WARN  The 'ulimit -s' on the system is set to 'unlimited'. This may have negative performance implications. Please set the heap size to the default value (10240) 
[1447417025.710947] [node009:17987:0]         sys.c:719  MXM  WARN  Conflicting CPU frequencies detected, using: 1999.50
[1447417025.717357] [node009:17987:0]         mxm.c:185  MXM  WARN  The 'ulimit -s' on the system is set to 'unlimited'. This may have negative performance implications. Please set the heap size to the default value (10240) 
[1447417025.710744] [node011:21877:0]         sys.c:719  MXM  WARN  Conflicting CPU frequencies detected, using: 1999.97
[1447417025.716567] [node011:21877:0]         mxm.c:185  MXM  WARN  The 'ulimit -s' on the system is set to 'unlimited'. This may have negative performance implications. Please set the heap size to the default value (10240) 
[1447417025.707135] [node009:17986:0]         sys.c:719  MXM  WARN  Conflicting CPU frequencies detected, using: 1999.50
[1447417025.713419] [node009:17986:0]         mxm.c:185  MXM  WARN  The 'ulimit -s' on the system is set to 'unlimited'. This may have negative performance implications. Please set the heap size to the default value (10240) 
[1447417025.714721] [node011:21878:0]         sys.c:719  MXM  WARN  Conflicting CPU frequencies detected, using: 1999.97
[1447417025.720924] [node011:21878:0]         mxm.c:185  MXM  WARN  The 'ulimit -s' on the system is set to 'unlimited'. This may have negative performance implications. Please set the heap size to the default value (10240) 
[1447417025.716643] [node010:4538 :0]         sys.c:719  MXM  WARN  Conflicting CPU frequencies detected, using: 1998.66
[1447417025.720542] [node010:4538 :0]         mxm.c:185  MXM  WARN  The 'ulimit -s' on the system is set to 'unlimited'. This may have negative performance implications. Please set the heap size to the default value (10240) 
UPCR: UPC thread 0 of 8 on node008 (pshm node 0 of 4, process 0 of 8, pid=4538)
UPCR: UPC thread 1 of 8 on node008 (pshm node 0 of 4, process 1 of 8, pid=4539)
UPCR: UPC thread 3 of 8 on node009 (pshm node 1 of 4, process 3 of 8, pid=17986)
UPCR: UPC thread 7 of 8 on node011 (pshm node 3 of 4, process 7 of 8, pid=21878)
UPCR: UPC thread 6 of 8 on node011 (pshm node 3 of 4, process 6 of 8, pid=21877)
UPCR: UPC thread 5 of 8 on node010 (pshm node 2 of 4, process 5 of 8, pid=4538)
UPCR: UPC thread 2 of 8 on node009 (pshm node 1 of 4, process 2 of 8, pid=17987)
UPCR: UPC thread 4 of 8 on node010 (pshm node 2 of 4, process 4 of 8, pid=4537)
0/8 - htable initialized
0/8 - table size: 8589934592 bytes (8192 MB)
0/8 - total number of buckets: 1073741824
0/8 - block size: 1073741824 (1024 MB)
0/8 - number of buckets in block: 134217728
0/8 - number of blocks: 8
7/8 - Performed a throughput benchmark:
7/8 - Performed 2000000 find-or-put operations with random values from [0,...,10399999]
7/8 - Finds: 979221 (0.489611), Inserts: 1020779 (0.51039), Errors: 0 (0)
7/8 - Execution time: 5.30812 seconds
7/8 - Throughput: 376781 ops/sec
3/8 - Performed a throughput benchmark:
3/8 - Performed 2000000 find-or-put operations with random values from [0,...,10399999]
3/8 - Finds: 977186 (0.488593), Inserts: 1022814 (0.511407), Errors: 0 (0)
3/8 - Execution time: 5.30886 seconds
3/8 - Throughput: 376728 ops/sec
4/8 - Performed a throughput benchmark:
4/8 - Performed 2000000 find-or-put operations with random values from [0,...,10399999]
4/8 - Finds: 976576 (0.488288), Inserts: 1023424 (0.511712), Errors: 0 (0)
4/8 - Execution time: 5.30229 seconds
4/8 - Throughput: 377196 ops/sec
2/8 - Performed a throughput benchmark:
2/8 - Performed 2000000 find-or-put operations with random values from [0,...,10399999]
2/8 - Finds: 977917 (0.488959), Inserts: 1022083 (0.511042), Errors: 0 (0)
2/8 - Execution time: 5.31263 seconds
2/8 - Throughput: 376461 ops/sec
0/8 - Performed a throughput benchmark:
0/8 - Performed 2000000 find-or-put operations with random values from [0,...,10399999]
0/8 - Finds: 976599 (0.488299), Inserts: 1023401 (0.511701), Errors: 0 (0)
0/8 - Execution time: 5.30527 seconds
0/8 - Throughput: 376983 ops/sec
1/8 - Performed a throughput benchmark:
1/8 - Performed 2000000 find-or-put operations with random values from [0,...,10399999]
1/8 - Finds: 976751 (0.488376), Inserts: 1023249 (0.511625), Errors: 0 (0)
1/8 - Execution time: 5.30697 seconds
1/8 - Throughput: 376863 ops/sec
6/8 - Performed a throughput benchmark:
6/8 - Performed 2000000 find-or-put operations with random values from [0,...,10399999]
6/8 - Finds: 981024 (0.490512), Inserts: 1018976 (0.509488), Errors: 0 (0)
6/8 - Execution time: 5.32119 seconds
6/8 - Throughput: 375856 ops/sec
5/8 - Performed a throughput benchmark:
5/8 - Performed 2000000 find-or-put operations with random values from [0,...,10399999]
5/8 - Finds: 986065 (0.493032), Inserts: 1013935 (0.506968), Errors: 0 (0)
5/8 - Execution time: 5.37266 seconds
5/8 - Throughput: 372255 ops/sec
[1447417025.358713] [node008:4493 :0]         sys.c:719  MXM  WARN  Conflicting CPU frequencies detected, using: 1899.75
