[1447416965.207540] [node053:26469:0]         sys.c:719  MXM  WARN  Conflicting CPU frequencies detected, using: 3150.47
[1447416965.211573] [node053:26469:0]         mxm.c:185  MXM  WARN  The 'ulimit -s' on the system is set to 'unlimited'. This may have negative performance implications. Please set the heap size to the default value (10240) 
[1447416965.208382] [node053:26466:0]         sys.c:719  MXM  WARN  Conflicting CPU frequencies detected, using: 3150.47
[1447416965.213398] [node053:26466:0]         mxm.c:185  MXM  WARN  The 'ulimit -s' on the system is set to 'unlimited'. This may have negative performance implications. Please set the heap size to the default value (10240) 
[1447416965.208385] [node053:26467:0]         sys.c:719  MXM  WARN  Conflicting CPU frequencies detected, using: 3150.47
[1447416965.213909] [node053:26467:0]         mxm.c:185  MXM  WARN  The 'ulimit -s' on the system is set to 'unlimited'. This may have negative performance implications. Please set the heap size to the default value (10240) 
[1447416965.210054] [node053:26473:0]         sys.c:719  MXM  WARN  Conflicting CPU frequencies detected, using: 3150.47
[1447416965.214428] [node053:26473:0]         mxm.c:185  MXM  WARN  The 'ulimit -s' on the system is set to 'unlimited'. This may have negative performance implications. Please set the heap size to the default value (10240) 
[1447416965.206280] [node053:26463:0]         sys.c:719  MXM  WARN  Conflicting CPU frequencies detected, using: 3150.47
[1447416965.210357] [node053:26463:0]         mxm.c:185  MXM  WARN  The 'ulimit -s' on the system is set to 'unlimited'. This may have negative performance implications. Please set the heap size to the default value (10240) 
[1447416965.208471] [node053:26468:0]         sys.c:719  MXM  WARN  Conflicting CPU frequencies detected, using: 3150.47
[1447416965.213717] [node053:26468:0]         mxm.c:185  MXM  WARN  The 'ulimit -s' on the system is set to 'unlimited'. This may have negative performance implications. Please set the heap size to the default value (10240) 
[1447416965.208007] [node053:26465:0]         sys.c:719  MXM  WARN  Conflicting CPU frequencies detected, using: 3150.47
[1447416965.212725] [node053:26465:0]         mxm.c:185  MXM  WARN  The 'ulimit -s' on the system is set to 'unlimited'. This may have negative performance implications. Please set the heap size to the default value (10240) 
[1447416965.207918] [node053:26464:0]         sys.c:719  MXM  WARN  Conflicting CPU frequencies detected, using: 3150.47
[1447416965.214184] [node053:26464:0]         mxm.c:185  MXM  WARN  The 'ulimit -s' on the system is set to 'unlimited'. This may have negative performance implications. Please set the heap size to the default value (10240) 
[1447416965.209408] [node053:26471:0]         sys.c:719  MXM  WARN  Conflicting CPU frequencies detected, using: 3150.47
[1447416965.215462] [node053:26471:0]         mxm.c:185  MXM  WARN  The 'ulimit -s' on the system is set to 'unlimited'. This may have negative performance implications. Please set the heap size to the default value (10240) 
[1447416965.207401] [node053:26470:0]         sys.c:719  MXM  WARN  Conflicting CPU frequencies detected, using: 3150.47
[1447416965.212134] [node053:26470:0]         mxm.c:185  MXM  WARN  The 'ulimit -s' on the system is set to 'unlimited'. This may have negative performance implications. Please set the heap size to the default value (10240) 
[1447416965.210002] [node053:26474:0]         sys.c:719  MXM  WARN  Conflicting CPU frequencies detected, using: 3150.47
[1447416965.216191] [node053:26474:0]         mxm.c:185  MXM  WARN  The 'ulimit -s' on the system is set to 'unlimited'. This may have negative performance implications. Please set the heap size to the default value (10240) 
[1447416965.209193] [node053:26472:0]         sys.c:719  MXM  WARN  Conflicting CPU frequencies detected, using: 3150.47
[1447416965.215217] [node053:26472:0]         mxm.c:185  MXM  WARN  The 'ulimit -s' on the system is set to 'unlimited'. This may have negative performance implications. Please set the heap size to the default value (10240) 
[1447416965.582139] [node054:5992 :0]         sys.c:719  MXM  WARN  Conflicting CPU frequencies detected, using: 2400.00
[1447416965.588059] [node054:5992 :0]         mxm.c:185  MXM  WARN  The 'ulimit -s' on the system is set to 'unlimited'. This may have negative performance implications. Please set the heap size to the default value (10240) 
[1447416965.584710] [node054:5991 :0]         sys.c:719  MXM  WARN  Conflicting CPU frequencies detected, using: 2400.00
[1447416965.591263] [node054:5991 :0]         mxm.c:185  MXM  WARN  The 'ulimit -s' on the system is set to 'unlimited'. This may have negative performance implications. Please set the heap size to the default value (10240) 
[1447416965.599937] [node054:6011 :0]         sys.c:719  MXM  WARN  Conflicting CPU frequencies detected, using: 2400.00
[1447416965.605106] [node054:6011 :0]         mxm.c:185  MXM  WARN  The 'ulimit -s' on the system is set to 'unlimited'. This may have negative performance implications. Please set the heap size to the default value (10240) 
[1447416965.607542] [node054:6014 :0]         sys.c:719  MXM  WARN  Conflicting CPU frequencies detected, using: 2400.00
[1447416965.623430] [node054:6014 :0]         mxm.c:185  MXM  WARN  The 'ulimit -s' on the system is set to 'unlimited'. This may have negative performance implications. Please set the heap size to the default value (10240) 
[1447416965.613052] [node054:6024 :0]         sys.c:719  MXM  WARN  Conflicting CPU frequencies detected, using: 2400.00
[1447416965.630653] [node054:6024 :0]         mxm.c:185  MXM  WARN  The 'ulimit -s' on the system is set to 'unlimited'. This may have negative performance implications. Please set the heap size to the default value (10240) 
[1447416965.621129] [node054:6015 :0]         sys.c:719  MXM  WARN  Conflicting CPU frequencies detected, using: 2400.09
[1447416965.635635] [node054:6015 :0]         mxm.c:185  MXM  WARN  The 'ulimit -s' on the system is set to 'unlimited'. This may have negative performance implications. Please set the heap size to the default value (10240) 
[1447416965.614324] [node054:6020 :0]         sys.c:719  MXM  WARN  Conflicting CPU frequencies detected, using: 2400.00
[1447416965.633242] [node054:6020 :0]         mxm.c:185  MXM  WARN  The 'ulimit -s' on the system is set to 'unlimited'. This may have negative performance implications. Please set the heap size to the default value (10240) 
[1447416965.628522] [node054:6018 :0]         sys.c:719  MXM  WARN  Conflicting CPU frequencies detected, using: 2400.09
[1447416965.654939] [node054:6018 :0]         mxm.c:185  MXM  WARN  The 'ulimit -s' on the system is set to 'unlimited'. This may have negative performance implications. Please set the heap size to the default value (10240) 
[1447416965.628439] [node054:6017 :0]         sys.c:719  MXM  WARN  Conflicting CPU frequencies detected, using: 2400.09
[1447416965.648296] [node054:6017 :0]         mxm.c:185  MXM  WARN  The 'ulimit -s' on the system is set to 'unlimited'. This may have negative performance implications. Please set the heap size to the default value (10240) 
[1447416965.608681] [node054:6019 :0]         sys.c:719  MXM  WARN  Conflicting CPU frequencies detected, using: 2400.00
[1447416965.622687] [node054:6019 :0]         mxm.c:185  MXM  WARN  The 'ulimit -s' on the system is set to 'unlimited'. This may have negative performance implications. Please set the heap size to the default value (10240) 
[1447416965.630061] [node054:6022 :0]         sys.c:719  MXM  WARN  Conflicting CPU frequencies detected, using: 2400.09
[1447416965.658321] [node054:6022 :0]         mxm.c:185  MXM  WARN  The 'ulimit -s' on the system is set to 'unlimited'. This may have negative performance implications. Please set the heap size to the default value (10240) 
[1447416965.615985] [node054:6016 :0]         sys.c:719  MXM  WARN  Conflicting CPU frequencies detected, using: 2400.09
[1447416965.651648] [node054:6016 :0]         mxm.c:185  MXM  WARN  The 'ulimit -s' on the system is set to 'unlimited'. This may have negative performance implications. Please set the heap size to the default value (10240) 
UPCR: UPC thread  2 of 24 on node053 (pshm node 0 of 2, process  2 of 24, pid=26465)
UPCR: UPC thread  4 of 24 on node053 (pshm node 0 of 2, process  4 of 24, pid=26467)
UPCR: UPC thread  9 of 24 on node053 (pshm node 0 of 2, process  9 of 24, pid=26472)
UPCR: UPC thread  0 of 24 on node053 (pshm node 0 of 2, process  0 of 24, pid=26463)
UPCR: UPC thread 10 of 24 on node053 (pshm node 0 of 2, process 10 of 24, pid=26473)
UPCR: UPC thread  7 of 24 on node053 (pshm node 0 of 2, process  7 of 24, pid=26470)
UPCR: UPC thread  5 of 24 on node053 (pshm node 0 of 2, process  5 of 24, pid=26468)
UPCR: UPC thread  1 of 24 on node053 (pshm node 0 of 2, process  1 of 24, pid=26464)
UPCR: UPC thread  8 of 24 on node053 (pshm node 0 of 2, process  8 of 24, pid=26471)
UPCR: UPC thread  3 of 24 on node053 (pshm node 0 of 2, process  3 of 24, pid=26466)
UPCR: UPC thread 11 of 24 on node053 (pshm node 0 of 2, process 11 of 24, pid=26474)
UPCR: UPC thread  6 of 24 on node053 (pshm node 0 of 2, process  6 of 24, pid=26469)
UPCR: UPC thread 22 of 24 on node054 (pshm node 1 of 2, process 22 of 24, pid=6017)
UPCR: UPC thread 21 of 24 on node054 (pshm node 1 of 2, process 21 of 24, pid=6024)
UPCR: UPC thread 18 of 24 on node054 (pshm node 1 of 2, process 18 of 24, pid=6015)
UPCR: UPC thread 13 of 24 on node054 (pshm node 1 of 2, process 13 of 24, pid=5991)
UPCR: UPC thread 12 of 24 on node054 (pshm node 1 of 2, process 12 of 24, pid=5992)
UPCR: UPC thread 20 of 24 on node054 (pshm node 1 of 2, process 20 of 24, pid=6014)
UPCR: UPC thread 19 of 24 on node054 (pshm node 1 of 2, process 19 of 24, pid=6018)
UPCR: UPC thread 16 of 24 on node054 (pshm node 1 of 2, process 16 of 24, pid=6022)
UPCR: UPC thread 14 of 24 on node054 (pshm node 1 of 2, process 14 of 24, pid=6011)
UPCR: UPC thread 17 of 24 on node054 (pshm node 1 of 2, process 17 of 24, pid=6020)
UPCR: UPC thread 15 of 24 on node054 (pshm node 1 of 2, process 15 of 24, pid=6019)
UPCR: UPC thread 23 of 24 on node054 (pshm node 1 of 2, process 23 of 24, pid=6016)
0/24 - htable initialized
0/24 - table size: 25769803776 bytes (24576 MB)
0/24 - total number of buckets: 3221225472
0/24 - block size: 1073741824 (1024 MB)
0/24 - number of buckets in block: 134217728
0/24 - number of blocks: 24
7/24 - Performed a throughput benchmark:
7/24 - Performed 2000000 find-or-put operations with random values from [0,...,31199999]
7/24 - Finds: 962641 (0.48132), Inserts: 1037359 (0.518679), Errors: 0 (0)
7/24 - Execution time: 5.44078 seconds
7/24 - Throughput: 367595 ops/sec
1/24 - Performed a throughput benchmark:
1/24 - Performed 2000000 find-or-put operations with random values from [0,...,31199999]
1/24 - Finds: 964683 (0.482341), Inserts: 1035317 (0.517659), Errors: 0 (0)
1/24 - Execution time: 5.45885 seconds
1/24 - Throughput: 366378 ops/sec
3/24 - Performed a throughput benchmark:
3/24 - Performed 2000000 find-or-put operations with random values from [0,...,31199999]
3/24 - Finds: 964575 (0.482287), Inserts: 1035425 (0.517713), Errors: 0 (0)
3/24 - Execution time: 5.4558 seconds
3/24 - Throughput: 366582 ops/sec
2/24 - Performed a throughput benchmark:
2/24 - Performed 2000000 find-or-put operations with random values from [0,...,31199999]
2/24 - Finds: 964223 (0.482112), Inserts: 1035777 (0.517888), Errors: 0 (0)
2/24 - Execution time: 5.45089 seconds
2/24 - Throughput: 366913 ops/sec
13/24 - Performed a throughput benchmark:
13/24 - Performed 2000000 find-or-put operations with random values from [0,...,31199999]
13/24 - Finds: 971068 (0.485534), Inserts: 1028932 (0.514466), Errors: 0 (0)
13/24 - Execution time: 5.51684 seconds
13/24 - Throughput: 362526 ops/sec
16/24 - Performed a throughput benchmark:
16/24 - Performed 2000000 find-or-put operations with random values from [0,...,31199999]
16/24 - Finds: 970290 (0.485145), Inserts: 1029710 (0.514855), Errors: 0 (0)
16/24 - Execution time: 5.51171 seconds
16/24 - Throughput: 362864 ops/sec
14/24 - Performed a throughput benchmark:
14/24 - Performed 2000000 find-or-put operations with random values from [0,...,31199999]
14/24 - Finds: 970030 (0.485015), Inserts: 1029970 (0.514985), Errors: 0 (0)
14/24 - Execution time: 5.52117 seconds
14/24 - Throughput: 362242 ops/sec
18/24 - Performed a throughput benchmark:
18/24 - Performed 2000000 find-or-put operations with random values from [0,...,31199999]
18/24 - Finds: 972664 (0.486332), Inserts: 1027336 (0.513668), Errors: 0 (0)
18/24 - Execution time: 5.5547 seconds
18/24 - Throughput: 360056 ops/sec
15/24 - Performed a throughput benchmark:
15/24 - Performed 2000000 find-or-put operations with random values from [0,...,31199999]
15/24 - Finds: 973611 (0.486806), Inserts: 1026389 (0.513194), Errors: 0 (0)
15/24 - Execution time: 5.55437 seconds
15/24 - Throughput: 360077 ops/sec
19/24 - Performed a throughput benchmark:
19/24 - Performed 2000000 find-or-put operations with random values from [0,...,31199999]
19/24 - Finds: 974492 (0.487246), Inserts: 1025508 (0.512754), Errors: 0 (0)
19/24 - Execution time: 5.56529 seconds
19/24 - Throughput: 359370 ops/sec
17/24 - Performed a throughput benchmark:
17/24 - Performed 2000000 find-or-put operations with random values from [0,...,31199999]
17/24 - Finds: 972860 (0.48643), Inserts: 1027140 (0.51357), Errors: 0 (0)
17/24 - Execution time: 5.54616 seconds
17/24 - Throughput: 360610 ops/sec
12/24 - Performed a throughput benchmark:
12/24 - Performed 2000000 find-or-put operations with random values from [0,...,31199999]
12/24 - Finds: 976629 (0.488314), Inserts: 1023371 (0.511686), Errors: 0 (0)
12/24 - Execution time: 5.58589 seconds
12/24 - Throughput: 358045 ops/sec
11/24 - Performed a throughput benchmark:
11/24 - Performed 2000000 find-or-put operations with random values from [0,...,31199999]
11/24 - Finds: 991511 (0.495756), Inserts: 1008489 (0.504244), Errors: 0 (0)
11/24 - Execution time: 5.67132 seconds
11/24 - Throughput: 352652 ops/sec
6/24 - Performed a throughput benchmark:
6/24 - Performed 2000000 find-or-put operations with random values from [0,...,31199999]
6/24 - Finds: 978583 (0.489291), Inserts: 1021417 (0.510709), Errors: 0 (0)
6/24 - Execution time: 5.61223 seconds
6/24 - Throughput: 356365 ops/sec
4/24 - Performed a throughput benchmark:
4/24 - Performed 2000000 find-or-put operations with random values from [0,...,31199999]
4/24 - Finds: 982605 (0.491302), Inserts: 1017395 (0.508698), Errors: 0 (0)
4/24 - Execution time: 5.66473 seconds
4/24 - Throughput: 353062 ops/sec
10/24 - Performed a throughput benchmark:
10/24 - Performed 2000000 find-or-put operations with random values from [0,...,31199999]
10/24 - Finds: 986725 (0.493362), Inserts: 1013275 (0.506637), Errors: 0 (0)
10/24 - Execution time: 5.63792 seconds
10/24 - Throughput: 354741 ops/sec
9/24 - Performed a throughput benchmark:
9/24 - Performed 2000000 find-or-put operations with random values from [0,...,31199999]
9/24 - Finds: 981317 (0.490658), Inserts: 1018683 (0.509342), Errors: 0 (0)
9/24 - Execution time: 5.63774 seconds
9/24 - Throughput: 354752 ops/sec
8/24 - Performed a throughput benchmark:
8/24 - Performed 2000000 find-or-put operations with random values from [0,...,31199999]
8/24 - Finds: 987172 (0.493586), Inserts: 1012828 (0.506414), Errors: 0 (0)
8/24 - Execution time: 5.65361 seconds
8/24 - Throughput: 353757 ops/sec
0/24 - Performed a throughput benchmark:
0/24 - Performed 2000000 find-or-put operations with random values from [0,...,31199999]
0/24 - Finds: 983676 (0.491838), Inserts: 1016324 (0.508162), Errors: 0 (0)
0/24 - Execution time: 5.66916 seconds
0/24 - Throughput: 352786 ops/sec
21/24 - Performed a throughput benchmark:
21/24 - Performed 2000000 find-or-put operations with random values from [0,...,31199999]
21/24 - Finds: 992529 (0.496264), Inserts: 1007471 (0.503736), Errors: 0 (0)
21/24 - Execution time: 5.74604 seconds
21/24 - Throughput: 348066 ops/sec
20/24 - Performed a throughput benchmark:
20/24 - Performed 2000000 find-or-put operations with random values from [0,...,31199999]
20/24 - Finds: 993828 (0.496914), Inserts: 1006172 (0.503086), Errors: 0 (0)
20/24 - Execution time: 5.75989 seconds
20/24 - Throughput: 347229 ops/sec
22/24 - Performed a throughput benchmark:
22/24 - Performed 2000000 find-or-put operations with random values from [0,...,31199999]
22/24 - Finds: 996182 (0.498091), Inserts: 1003818 (0.501909), Errors: 0 (0)
22/24 - Execution time: 5.76732 seconds
22/24 - Throughput: 346782 ops/sec
5/24 - Performed a throughput benchmark:
5/24 - Performed 2000000 find-or-put operations with random values from [0,...,31199999]
5/24 - Finds: 991839 (0.49592), Inserts: 1008161 (0.504081), Errors: 0 (0)
5/24 - Execution time: 5.7335 seconds
5/24 - Throughput: 348827 ops/sec
23/24 - Performed a throughput benchmark:
23/24 - Performed 2000000 find-or-put operations with random values from [0,...,31199999]
23/24 - Finds: 997717 (0.498858), Inserts: 1002283 (0.501142), Errors: 0 (0)
23/24 - Execution time: 5.78745 seconds
23/24 - Throughput: 345575 ops/sec
[1447416965.188798] [node053:26418:0]         sys.c:719  MXM  WARN  Conflicting CPU frequencies detected, using: 3199.97
