[1441195513.181860] [node008:825  :0]         sys.c:719  MXM  WARN  Conflicting CPU frequencies detected, using: 1395.94
[1441195513.209761] [node008:825  :0]         mxm.c:185  MXM  WARN  The 'ulimit -s' on the system is set to 'unlimited'. This may have negative performance implications. Please set the heap size to the default value (10240) 
[1441195513.184857] [node008:827  :0]         sys.c:719  MXM  WARN  Conflicting CPU frequencies detected, using: 1395.94
[1441195513.207674] [node008:827  :0]         mxm.c:185  MXM  WARN  The 'ulimit -s' on the system is set to 'unlimited'. This may have negative performance implications. Please set the heap size to the default value (10240) 
[1441195513.193797] [node008:828  :0]         sys.c:719  MXM  WARN  Conflicting CPU frequencies detected, using: 1399.97
[1441195513.212668] [node008:828  :0]         mxm.c:185  MXM  WARN  The 'ulimit -s' on the system is set to 'unlimited'. This may have negative performance implications. Please set the heap size to the default value (10240) 
[1441195513.181897] [node008:824  :0]         sys.c:719  MXM  WARN  Conflicting CPU frequencies detected, using: 1395.94
[1441195513.204604] [node008:824  :0]         mxm.c:185  MXM  WARN  The 'ulimit -s' on the system is set to 'unlimited'. This may have negative performance implications. Please set the heap size to the default value (10240) 
[1441195513.182614] [node008:831  :0]         sys.c:719  MXM  WARN  Conflicting CPU frequencies detected, using: 1395.94
[1441195513.212384] [node008:831  :0]         mxm.c:185  MXM  WARN  The 'ulimit -s' on the system is set to 'unlimited'. This may have negative performance implications. Please set the heap size to the default value (10240) 
[1441195513.182142] [node008:826  :0]         sys.c:719  MXM  WARN  Conflicting CPU frequencies detected, using: 1395.94
[1441195513.214178] [node008:826  :0]         mxm.c:185  MXM  WARN  The 'ulimit -s' on the system is set to 'unlimited'. This may have negative performance implications. Please set the heap size to the default value (10240) 
[1441195513.188941] [node008:829  :0]         sys.c:719  MXM  WARN  Conflicting CPU frequencies detected, using: 1399.97
[1441195513.216546] [node008:829  :0]         mxm.c:185  MXM  WARN  The 'ulimit -s' on the system is set to 'unlimited'. This may have negative performance implications. Please set the heap size to the default value (10240) 
[1441195513.183195] [node008:832  :0]         sys.c:719  MXM  WARN  Conflicting CPU frequencies detected, using: 1395.94
[1441195513.216918] [node008:832  :0]         mxm.c:185  MXM  WARN  The 'ulimit -s' on the system is set to 'unlimited'. This may have negative performance implications. Please set the heap size to the default value (10240) 
[1441195513.437205] [node009:28227:0]         sys.c:719  MXM  WARN  Conflicting CPU frequencies detected, using: 1999.31
[1441195513.442402] [node009:28227:0]         mxm.c:185  MXM  WARN  The 'ulimit -s' on the system is set to 'unlimited'. This may have negative performance implications. Please set the heap size to the default value (10240) 
[1441195513.464211] [node009:28246:0]         sys.c:719  MXM  WARN  Conflicting CPU frequencies detected, using: 2098.03
[1441195513.471760] [node009:28246:0]         mxm.c:185  MXM  WARN  The 'ulimit -s' on the system is set to 'unlimited'. This may have negative performance implications. Please set the heap size to the default value (10240) 
[1441195513.465457] [node009:28245:0]         sys.c:719  MXM  WARN  Conflicting CPU frequencies detected, using: 2098.03
[1441195513.474763] [node009:28245:0]         mxm.c:185  MXM  WARN  The 'ulimit -s' on the system is set to 'unlimited'. This may have negative performance implications. Please set the heap size to the default value (10240) 
[1441195513.469992] [node009:28270:0]         sys.c:719  MXM  WARN  Conflicting CPU frequencies detected, using: 2197.59
[1441195513.478231] [node009:28270:0]         mxm.c:185  MXM  WARN  The 'ulimit -s' on the system is set to 'unlimited'. This may have negative performance implications. Please set the heap size to the default value (10240) 
[1441195513.506921] [node009:28302:0]         sys.c:719  MXM  WARN  Conflicting CPU frequencies detected, using: 2400.00
[1441195513.511826] [node009:28302:0]         mxm.c:185  MXM  WARN  The 'ulimit -s' on the system is set to 'unlimited'. This may have negative performance implications. Please set the heap size to the default value (10240) 
[1441195513.510473] [node009:28303:0]         sys.c:719  MXM  WARN  Conflicting CPU frequencies detected, using: 2400.00
[1441195513.514850] [node009:28303:0]         mxm.c:185  MXM  WARN  The 'ulimit -s' on the system is set to 'unlimited'. This may have negative performance implications. Please set the heap size to the default value (10240) 
[1441195513.513856] [node009:28324:0]         sys.c:719  MXM  WARN  Conflicting CPU frequencies detected, using: 2399.91
[1441195513.520183] [node009:28324:0]         mxm.c:185  MXM  WARN  The 'ulimit -s' on the system is set to 'unlimited'. This may have negative performance implications. Please set the heap size to the default value (10240) 
[1441195513.523533] [node011:28136:0]         sys.c:719  MXM  WARN  Conflicting CPU frequencies detected, using: 2098.22
[1441195513.529740] [node011:28136:0]         mxm.c:185  MXM  WARN  The 'ulimit -s' on the system is set to 'unlimited'. This may have negative performance implications. Please set the heap size to the default value (10240) 
[1441195513.547596] [node013:28415:0]         sys.c:719  MXM  WARN  Conflicting CPU frequencies detected, using: 2099.06
[1441195513.553669] [node013:28415:0]         mxm.c:185  MXM  WARN  The 'ulimit -s' on the system is set to 'unlimited'. This may have negative performance implications. Please set the heap size to the default value (10240) 
[1441195513.567773] [node009:28392:0]         sys.c:719  MXM  WARN  Conflicting CPU frequencies detected, using: 2400.00
[1441195513.572544] [node009:28392:0]         mxm.c:185  MXM  WARN  The 'ulimit -s' on the system is set to 'unlimited'. This may have negative performance implications. Please set the heap size to the default value (10240) 
[1441195513.564744] [node014:27921:0]         sys.c:719  MXM  WARN  Conflicting CPU frequencies detected, using: 1994.44
[1441195513.569069] [node014:27921:0]         mxm.c:185  MXM  WARN  The 'ulimit -s' on the system is set to 'unlimited'. This may have negative performance implications. Please set the heap size to the default value (10240) 
[1441195513.571494] [node014:27929:0]         sys.c:719  MXM  WARN  Conflicting CPU frequencies detected, using: 2075.06
[1441195513.577111] [node014:27929:0]         mxm.c:185  MXM  WARN  The 'ulimit -s' on the system is set to 'unlimited'. This may have negative performance implications. Please set the heap size to the default value (10240) 
[1441195513.580386] [node011:28155:0]         sys.c:719  MXM  WARN  Conflicting CPU frequencies detected, using: 2299.97
[1441195513.585149] [node011:28155:0]         mxm.c:185  MXM  WARN  The 'ulimit -s' on the system is set to 'unlimited'. This may have negative performance implications. Please set the heap size to the default value (10240) 
[1441195513.593618] [node010:28142:0]         sys.c:719  MXM  WARN  Conflicting CPU frequencies detected, using: 2399.91
[1441195513.597146] [node010:28142:0]         mxm.c:185  MXM  WARN  The 'ulimit -s' on the system is set to 'unlimited'. This may have negative performance implications. Please set the heap size to the default value (10240) 
[1441195513.588439] [node011:28157:0]         sys.c:719  MXM  WARN  Conflicting CPU frequencies detected, using: 2399.25
[1441195513.598033] [node011:28157:0]         mxm.c:185  MXM  WARN  The 'ulimit -s' on the system is set to 'unlimited'. This may have negative performance implications. Please set the heap size to the default value (10240) 
[1441195513.587243] [node011:28156:0]         sys.c:719  MXM  WARN  Conflicting CPU frequencies detected, using: 2399.25
[1441195513.597282] [node011:28156:0]         mxm.c:185  MXM  WARN  The 'ulimit -s' on the system is set to 'unlimited'. This may have negative performance implications. Please set the heap size to the default value (10240) 
[1441195513.613231] [node010:28149:0]         sys.c:719  MXM  WARN  Conflicting CPU frequencies detected, using: 2400.00
[1441195513.616328] [node010:28149:0]         mxm.c:185  MXM  WARN  The 'ulimit -s' on the system is set to 'unlimited'. This may have negative performance implications. Please set the heap size to the default value (10240) 
[1441195513.616138] [node010:28150:0]         sys.c:719  MXM  WARN  Conflicting CPU frequencies detected, using: 2400.00
[1441195513.618390] [node010:28150:0]         mxm.c:185  MXM  WARN  The 'ulimit -s' on the system is set to 'unlimited'. This may have negative performance implications. Please set the heap size to the default value (10240) 
[1441195513.621067] [node010:28154:0]         sys.c:719  MXM  WARN  Conflicting CPU frequencies detected, using: 2399.91
[1441195513.624438] [node010:28154:0]         mxm.c:185  MXM  WARN  The 'ulimit -s' on the system is set to 'unlimited'. This may have negative performance implications. Please set the heap size to the default value (10240) 
[1441195513.620941] [node010:28156:0]         sys.c:719  MXM  WARN  Conflicting CPU frequencies detected, using: 2399.91
[1441195513.624058] [node010:28156:0]         mxm.c:185  MXM  WARN  The 'ulimit -s' on the system is set to 'unlimited'. This may have negative performance implications. Please set the heap size to the default value (10240) 
[1441195513.630412] [node014:27953:0]         sys.c:719  MXM  WARN  Conflicting CPU frequencies detected, using: 2399.91
[1441195513.632838] [node014:27953:0]         mxm.c:185  MXM  WARN  The 'ulimit -s' on the system is set to 'unlimited'. This may have negative performance implications. Please set the heap size to the default value (10240) 
[1441195513.611270] [node012:28315:0]         sys.c:719  MXM  WARN  Conflicting CPU frequencies detected, using: 2400.00
[1441195513.616409] [node012:28315:0]         mxm.c:185  MXM  WARN  The 'ulimit -s' on the system is set to 'unlimited'. This may have negative performance implications. Please set the heap size to the default value (10240) 
[1441195513.632262] [node014:27954:0]         sys.c:719  MXM  WARN  Conflicting CPU frequencies detected, using: 2400.00
[1441195513.634571] [node014:27954:0]         mxm.c:185  MXM  WARN  The 'ulimit -s' on the system is set to 'unlimited'. This may have negative performance implications. Please set the heap size to the default value (10240) 
[1441195513.636269] [node010:28229:0]         sys.c:719  MXM  WARN  Conflicting CPU frequencies detected, using: 2399.91
[1441195513.639282] [node010:28229:0]         mxm.c:185  MXM  WARN  The 'ulimit -s' on the system is set to 'unlimited'. This may have negative performance implications. Please set the heap size to the default value (10240) 
[1441195513.633457] [node010:28230:0]         sys.c:719  MXM  WARN  Conflicting CPU frequencies detected, using: 2400.00
[1441195513.636450] [node010:28230:0]         mxm.c:185  MXM  WARN  The 'ulimit -s' on the system is set to 'unlimited'. This may have negative performance implications. Please set the heap size to the default value (10240) 
[1441195513.624379] [node012:28320:0]         sys.c:719  MXM  WARN  Conflicting CPU frequencies detected, using: 2399.91
[1441195513.629531] [node012:28320:0]         mxm.c:185  MXM  WARN  The 'ulimit -s' on the system is set to 'unlimited'. This may have negative performance implications. Please set the heap size to the default value (10240) 
[1441195513.610648] [node011:28209:0]         sys.c:719  MXM  WARN  Conflicting CPU frequencies detected, using: 2400.00
[1441195513.620055] [node011:28209:0]         mxm.c:185  MXM  WARN  The 'ulimit -s' on the system is set to 'unlimited'. This may have negative performance implications. Please set the heap size to the default value (10240) 
[1441195513.635361] [node010:28231:0]         sys.c:719  MXM  WARN  Conflicting CPU frequencies detected, using: 2399.91
[1441195513.638503] [node010:28231:0]         mxm.c:185  MXM  WARN  The 'ulimit -s' on the system is set to 'unlimited'. This may have negative performance implications. Please set the heap size to the default value (10240) 
[1441195513.611572] [node011:28218:0]         sys.c:719  MXM  WARN  Conflicting CPU frequencies detected, using: 2400.00
[1441195513.623402] [node011:28218:0]         mxm.c:185  MXM  WARN  The 'ulimit -s' on the system is set to 'unlimited'. This may have negative performance implications. Please set the heap size to the default value (10240) 
[1441195513.611228] [node011:28210:0]         sys.c:719  MXM  WARN  Conflicting CPU frequencies detected, using: 2400.00
[1441195513.624132] [node011:28210:0]         mxm.c:185  MXM  WARN  The 'ulimit -s' on the system is set to 'unlimited'. This may have negative performance implications. Please set the heap size to the default value (10240) 
[1441195513.642294] [node014:27973:0]         sys.c:719  MXM  WARN  Conflicting CPU frequencies detected, using: 2400.00
[1441195513.644874] [node014:27973:0]         mxm.c:185  MXM  WARN  The 'ulimit -s' on the system is set to 'unlimited'. This may have negative performance implications. Please set the heap size to the default value (10240) 
[1441195513.613636] [node011:28258:0]         sys.c:719  MXM  WARN  Conflicting CPU frequencies detected, using: 2400.00
[1441195513.628401] [node011:28258:0]         mxm.c:185  MXM  WARN  The 'ulimit -s' on the system is set to 'unlimited'. This may have negative performance implications. Please set the heap size to the default value (10240) 
[1441195513.649693] [node014:27971:0]         sys.c:719  MXM  WARN  Conflicting CPU frequencies detected, using: 2400.00
[1441195513.652295] [node014:27971:0]         mxm.c:185  MXM  WARN  The 'ulimit -s' on the system is set to 'unlimited'. This may have negative performance implications. Please set the heap size to the default value (10240) 
[1441195513.649739] [node014:27987:0]         sys.c:719  MXM  WARN  Conflicting CPU frequencies detected, using: 2400.00
[1441195513.652390] [node014:27987:0]         mxm.c:185  MXM  WARN  The 'ulimit -s' on the system is set to 'unlimited'. This may have negative performance implications. Please set the heap size to the default value (10240) 
[1441195513.646625] [node014:27972:0]         sys.c:719  MXM  WARN  Conflicting CPU frequencies detected, using: 2400.00
[1441195513.649999] [node014:27972:0]         mxm.c:185  MXM  WARN  The 'ulimit -s' on the system is set to 'unlimited'. This may have negative performance implications. Please set the heap size to the default value (10240) 
[1441195513.629120] [node013:28434:0]         sys.c:719  MXM  WARN  Conflicting CPU frequencies detected, using: 2399.91
[1441195513.634802] [node013:28434:0]         mxm.c:185  MXM  WARN  The 'ulimit -s' on the system is set to 'unlimited'. This may have negative performance implications. Please set the heap size to the default value (10240) 
[1441195513.629842] [node012:28321:0]         sys.c:719  MXM  WARN  Conflicting CPU frequencies detected, using: 2400.00
[1441195513.635478] [node012:28321:0]         mxm.c:185  MXM  WARN  The 'ulimit -s' on the system is set to 'unlimited'. This may have negative performance implications. Please set the heap size to the default value (10240) 
[1441195513.633948] [node012:28330:0]         sys.c:719  MXM  WARN  Conflicting CPU frequencies detected, using: 2400.00
[1441195513.642891] [node012:28330:0]         mxm.c:185  MXM  WARN  The 'ulimit -s' on the system is set to 'unlimited'. This may have negative performance implications. Please set the heap size to the default value (10240) 
[1441195513.631149] [node013:28443:0]         sys.c:719  MXM  WARN  Conflicting CPU frequencies detected, using: 2400.00
[1441195513.643714] [node013:28443:0]         mxm.c:185  MXM  WARN  The 'ulimit -s' on the system is set to 'unlimited'. This may have negative performance implications. Please set the heap size to the default value (10240) 
[1441195513.646436] [node015:25583:0]         sys.c:719  MXM  WARN  Conflicting CPU frequencies detected, using: 2400.00
[1441195513.651654] [node015:25583:0]         mxm.c:185  MXM  WARN  The 'ulimit -s' on the system is set to 'unlimited'. This may have negative performance implications. Please set the heap size to the default value (10240) 
[1441195513.637991] [node012:28375:0]         sys.c:719  MXM  WARN  Conflicting CPU frequencies detected, using: 2400.00
[1441195513.656228] [node012:28375:0]         mxm.c:185  MXM  WARN  The 'ulimit -s' on the system is set to 'unlimited'. This may have negative performance implications. Please set the heap size to the default value (10240) 
[1441195513.634797] [node013:28521:0]         sys.c:719  MXM  WARN  Conflicting CPU frequencies detected, using: 2400.00
[1441195513.651748] [node013:28521:0]         mxm.c:185  MXM  WARN  The 'ulimit -s' on the system is set to 'unlimited'. This may have negative performance implications. Please set the heap size to the default value (10240) 
[1441195513.634103] [node013:28435:0]         sys.c:719  MXM  WARN  Conflicting CPU frequencies detected, using: 2400.00
[1441195513.653460] [node013:28435:0]         mxm.c:185  MXM  WARN  The 'ulimit -s' on the system is set to 'unlimited'. This may have negative performance implications. Please set the heap size to the default value (10240) 
[1441195513.637433] [node012:28364:0]         sys.c:719  MXM  WARN  Conflicting CPU frequencies detected, using: 2400.00
[1441195513.658563] [node012:28364:0]         mxm.c:185  MXM  WARN  The 'ulimit -s' on the system is set to 'unlimited'. This may have negative performance implications. Please set the heap size to the default value (10240) 
[1441195513.657853] [node015:25672:0]         sys.c:719  MXM  WARN  Conflicting CPU frequencies detected, using: 2400.00
[1441195513.675389] [node015:25672:0]         mxm.c:185  MXM  WARN  The 'ulimit -s' on the system is set to 'unlimited'. This may have negative performance implications. Please set the heap size to the default value (10240) 
[1441195513.662731] [node015:25663:0]         sys.c:719  MXM  WARN  Conflicting CPU frequencies detected, using: 2400.00
[1441195513.688672] [node015:25663:0]         mxm.c:185  MXM  WARN  The 'ulimit -s' on the system is set to 'unlimited'. This may have negative performance implications. Please set the heap size to the default value (10240) 
[1441195513.664823] [node015:25675:0]         sys.c:719  MXM  WARN  Conflicting CPU frequencies detected, using: 2400.00
[1441195513.686197] [node015:25675:0]         mxm.c:185  MXM  WARN  The 'ulimit -s' on the system is set to 'unlimited'. This may have negative performance implications. Please set the heap size to the default value (10240) 
[1441195513.633903] [node013:28444:0]         sys.c:719  MXM  WARN  Conflicting CPU frequencies detected, using: 2400.00
[1441195513.655778] [node013:28444:0]         mxm.c:185  MXM  WARN  The 'ulimit -s' on the system is set to 'unlimited'. This may have negative performance implications. Please set the heap size to the default value (10240) 
[1441195513.635254] [node013:28530:0]         sys.c:719  MXM  WARN  Conflicting CPU frequencies detected, using: 2400.00
[1441195513.650992] [node013:28530:0]         mxm.c:185  MXM  WARN  The 'ulimit -s' on the system is set to 'unlimited'. This may have negative performance implications. Please set the heap size to the default value (10240) 
[1441195513.638176] [node012:28332:0]         sys.c:719  MXM  WARN  Conflicting CPU frequencies detected, using: 2400.00
[1441195513.661133] [node012:28332:0]         mxm.c:185  MXM  WARN  The 'ulimit -s' on the system is set to 'unlimited'. This may have negative performance implications. Please set the heap size to the default value (10240) 
[1441195513.653835] [node015:25584:0]         sys.c:719  MXM  WARN  Conflicting CPU frequencies detected, using: 2400.00
[1441195513.666411] [node015:25584:0]         mxm.c:185  MXM  WARN  The 'ulimit -s' on the system is set to 'unlimited'. This may have negative performance implications. Please set the heap size to the default value (10240) 
[1441195513.632563] [node013:28438:0]         sys.c:719  MXM  WARN  Conflicting CPU frequencies detected, using: 2400.00
[1441195513.657383] [node013:28438:0]         mxm.c:185  MXM  WARN  The 'ulimit -s' on the system is set to 'unlimited'. This may have negative performance implications. Please set the heap size to the default value (10240) 
[1441195513.650958] [node015:25586:0]         sys.c:719  MXM  WARN  Conflicting CPU frequencies detected, using: 2400.00
[1441195513.656386] [node015:25586:0]         mxm.c:185  MXM  WARN  The 'ulimit -s' on the system is set to 'unlimited'. This may have negative performance implications. Please set the heap size to the default value (10240) 
[1441195513.653094] [node015:25585:0]         sys.c:719  MXM  WARN  Conflicting CPU frequencies detected, using: 2400.00
[1441195513.663529] [node015:25585:0]         mxm.c:185  MXM  WARN  The 'ulimit -s' on the system is set to 'unlimited'. This may have negative performance implications. Please set the heap size to the default value (10240) 
[1441195513.640114] [node012:28355:0]         sys.c:719  MXM  WARN  Conflicting CPU frequencies detected, using: 2400.00
[1441195513.661858] [node012:28355:0]         mxm.c:185  MXM  WARN  The 'ulimit -s' on the system is set to 'unlimited'. This may have negative performance implications. Please set the heap size to the default value (10240) 
[1441195513.653315] [node015:25582:0]         sys.c:719  MXM  WARN  Conflicting CPU frequencies detected, using: 2400.00
[1441195513.681224] [node015:25582:0]         mxm.c:185  MXM  WARN  The 'ulimit -s' on the system is set to 'unlimited'. This may have negative performance implications. Please set the heap size to the default value (10240) 
UPCR: UPC thread  2 of 64 on node008 (pshm node 0 of 8, process  2 of 64, pid=826)
UPCR: UPC thread  1 of 64 on node008 (pshm node 0 of 8, process  1 of 64, pid=825)
UPCR: UPC thread  7 of 64 on node008 (pshm node 0 of 8, process  7 of 64, pid=832)
UPCR: UPC thread  5 of 64 on node008 (pshm node 0 of 8, process  5 of 64, pid=829)
UPCR: UPC thread  4 of 64 on node008 (pshm node 0 of 8, process  4 of 64, pid=828)
UPCR: UPC thread  0 of 64 on node008 (pshm node 0 of 8, process  0 of 64, pid=824)
UPCR: UPC thread  3 of 64 on node008 (pshm node 0 of 8, process  3 of 64, pid=827)
UPCR: UPC thread  6 of 64 on node008 (pshm node 0 of 8, process  6 of 64, pid=831)
UPCR: UPC thread 38 of 64 on node012 (pshm node 4 of 8, process 38 of 64, pid=28332)
UPCR: UPC thread 36 of 64 on node012 (pshm node 4 of 8, process 36 of 64, pid=28330)
UPCR: UPC thread 44 of 64 on node013 (pshm node 5 of 8, process 44 of 64, pid=28530)
UPCR: UPC thread 61 of 64 on node015 (pshm node 7 of 8, process 61 of 64, pid=25663)
UPCR: UPC thread 37 of 64 on node012 (pshm node 4 of 8, process 37 of 64, pid=28320)
UPCR: UPC thread 58 of 64 on node015 (pshm node 7 of 8, process 58 of 64, pid=25585)
UPCR: UPC thread 62 of 64 on node015 (pshm node 7 of 8, process 62 of 64, pid=25584)
UPCR: UPC thread 50 of 64 on node014 (pshm node 6 of 8, process 50 of 64, pid=27972)
UPCR: UPC thread 20 of 64 on node010 (pshm node 2 of 8, process 20 of 64, pid=28156)
UPCR: UPC thread 54 of 64 on node014 (pshm node 6 of 8, process 54 of 64, pid=27921)
UPCR: UPC thread 35 of 64 on node012 (pshm node 4 of 8, process 35 of 64, pid=28321)
UPCR: UPC thread 59 of 64 on node015 (pshm node 7 of 8, process 59 of 64, pid=25586)
UPCR: UPC thread 45 of 64 on node013 (pshm node 5 of 8, process 45 of 64, pid=28434)
UPCR: UPC thread 40 of 64 on node013 (pshm node 5 of 8, process 40 of 64, pid=28438)
UPCR: UPC thread 17 of 64 on node010 (pshm node 2 of 8, process 17 of 64, pid=28150)
UPCR: UPC thread 57 of 64 on node015 (pshm node 7 of 8, process 57 of 64, pid=25582)
UPCR: UPC thread 11 of 64 on node009 (pshm node 1 of 8, process 11 of 64, pid=28302)
UPCR: UPC thread 22 of 64 on node010 (pshm node 2 of 8, process 22 of 64, pid=28142)
UPCR: UPC thread 26 of 64 on node011 (pshm node 3 of 8, process 26 of 64, pid=28156)
UPCR: UPC thread 14 of 64 on node009 (pshm node 1 of 8, process 14 of 64, pid=28227)
UPCR: UPC thread 13 of 64 on node009 (pshm node 1 of 8, process 13 of 64, pid=28392)
UPCR: UPC thread 23 of 64 on node010 (pshm node 2 of 8, process 23 of 64, pid=28231)
UPCR: UPC thread 46 of 64 on node013 (pshm node 5 of 8, process 46 of 64, pid=28521)
UPCR: UPC thread 16 of 64 on node010 (pshm node 2 of 8, process 16 of 64, pid=28149)
UPCR: UPC thread 52 of 64 on node014 (pshm node 6 of 8, process 52 of 64, pid=27954)
UPCR: UPC thread  9 of 64 on node009 (pshm node 1 of 8, process  9 of 64, pid=28245)
UPCR: UPC thread 27 of 64 on node011 (pshm node 3 of 8, process 27 of 64, pid=28157)
UPCR: UPC thread 55 of 64 on node014 (pshm node 6 of 8, process 55 of 64, pid=27929)
UPCR: UPC thread 19 of 64 on node010 (pshm node 2 of 8, process 19 of 64, pid=28230)
UPCR: UPC thread 53 of 64 on node014 (pshm node 6 of 8, process 53 of 64, pid=27987)
UPCR: UPC thread 56 of 64 on node015 (pshm node 7 of 8, process 56 of 64, pid=25583)
UPCR: UPC thread 41 of 64 on node013 (pshm node 5 of 8, process 41 of 64, pid=28443)
UPCR: UPC thread 33 of 64 on node012 (pshm node 4 of 8, process 33 of 64, pid=28375)
UPCR: UPC thread 43 of 64 on node013 (pshm node 5 of 8, process 43 of 64, pid=28444)
UPCR: UPC thread 21 of 64 on node010 (pshm node 2 of 8, process 21 of 64, pid=28154)
UPCR: UPC thread 49 of 64 on node014 (pshm node 6 of 8, process 49 of 64, pid=27971)
UPCR: UPC thread 24 of 64 on node011 (pshm node 3 of 8, process 24 of 64, pid=28209)
UPCR: UPC thread 42 of 64 on node013 (pshm node 5 of 8, process 42 of 64, pid=28415)
UPCR: UPC thread 15 of 64 on node009 (pshm node 1 of 8, process 15 of 64, pid=28246)
UPCR: UPC thread 39 of 64 on node012 (pshm node 4 of 8, process 39 of 64, pid=28315)
UPCR: UPC thread 48 of 64 on node014 (pshm node 6 of 8, process 48 of 64, pid=27973)
UPCR: UPC thread 63 of 64 on node015 (pshm node 7 of 8, process 63 of 64, pid=25675)
UPCR: UPC thread 31 of 64 on node011 (pshm node 3 of 8, process 31 of 64, pid=28155)
UPCR: UPC thread 60 of 64 on node015 (pshm node 7 of 8, process 60 of 64, pid=25672)
UPCR: UPC thread 18 of 64 on node010 (pshm node 2 of 8, process 18 of 64, pid=28229)
UPCR: UPC thread 32 of 64 on node012 (pshm node 4 of 8, process 32 of 64, pid=28364)
UPCR: UPC thread 25 of 64 on node011 (pshm node 3 of 8, process 25 of 64, pid=28136)
UPCR: UPC thread 29 of 64 on node011 (pshm node 3 of 8, process 29 of 64, pid=28218)
UPCR: UPC thread 10 of 64 on node009 (pshm node 1 of 8, process 10 of 64, pid=28270)
UPCR: UPC thread 47 of 64 on node013 (pshm node 5 of 8, process 47 of 64, pid=28435)
UPCR: UPC thread 51 of 64 on node014 (pshm node 6 of 8, process 51 of 64, pid=27953)
UPCR: UPC thread 12 of 64 on node009 (pshm node 1 of 8, process 12 of 64, pid=28324)
UPCR: UPC thread 28 of 64 on node011 (pshm node 3 of 8, process 28 of 64, pid=28210)
UPCR: UPC thread 34 of 64 on node012 (pshm node 4 of 8, process 34 of 64, pid=28355)
UPCR: UPC thread 30 of 64 on node011 (pshm node 3 of 8, process 30 of 64, pid=28258)
UPCR: UPC thread  8 of 64 on node009 (pshm node 1 of 8, process  8 of 64, pid=28303)
0/64 - htable initialized
0/64 - table size: 68719476736 bytes (65536 MB)
0/64 - total number of buckets: 8589934592
0/64 - block size: 1073741824 (1024 MB)
0/64 - number of buckets in block: 134217728
0/64 - number of blocks: 64
37/64 - Performed a throughput benchmark:
37/64 - Performed 2000000 find-or-put operations with random values from [0,...,83199999]
37/64 - Finds: 977109 (0.488555), Inserts: 1022891 (0.511445), Errors: 0 (0)
37/64 - Execution time: 7.4522 seconds
37/64 - Throughput: 268377 ops/sec
13/64 - Performed a throughput benchmark:
13/64 - Performed 2000000 find-or-put operations with random values from [0,...,83199999]
13/64 - Finds: 976005 (0.488003), Inserts: 1023995 (0.511997), Errors: 0 (0)
13/64 - Execution time: 7.45519 seconds
13/64 - Throughput: 268269 ops/sec
35/64 - Performed a throughput benchmark:
35/64 - Performed 2000000 find-or-put operations with random values from [0,...,83199999]
35/64 - Finds: 975075 (0.487538), Inserts: 1024925 (0.512463), Errors: 0 (0)
35/64 - Execution time: 7.44813 seconds
35/64 - Throughput: 268524 ops/sec
9/64 - Performed a throughput benchmark:
9/64 - Performed 2000000 find-or-put operations with random values from [0,...,83199999]
9/64 - Finds: 976503 (0.488252), Inserts: 1023497 (0.511749), Errors: 0 (0)
9/64 - Execution time: 7.46543 seconds
9/64 - Throughput: 267902 ops/sec
36/64 - Performed a throughput benchmark:
36/64 - Performed 2000000 find-or-put operations with random values from [0,...,83199999]
36/64 - Finds: 977499 (0.48875), Inserts: 1022501 (0.511251), Errors: 0 (0)
36/64 - Execution time: 7.45604 seconds
36/64 - Throughput: 268239 ops/sec
15/64 - Performed a throughput benchmark:
15/64 - Performed 2000000 find-or-put operations with random values from [0,...,83199999]
15/64 - Finds: 975076 (0.487538), Inserts: 1024924 (0.512462), Errors: 0 (0)
15/64 - Execution time: 7.44244 seconds
15/64 - Throughput: 268729 ops/sec
55/64 - Performed a throughput benchmark:
55/64 - Performed 2000000 find-or-put operations with random values from [0,...,83199999]
55/64 - Finds: 978288 (0.489144), Inserts: 1021712 (0.510856), Errors: 0 (0)
55/64 - Execution time: 7.47884 seconds
55/64 - Throughput: 267421 ops/sec
45/64 - Performed a throughput benchmark:
45/64 - Performed 2000000 find-or-put operations with random values from [0,...,83199999]
45/64 - Finds: 977553 (0.488777), Inserts: 1022447 (0.511224), Errors: 0 (0)
45/64 - Execution time: 7.47609 seconds
45/64 - Throughput: 267520 ops/sec
17/64 - Performed a throughput benchmark:
17/64 - Performed 2000000 find-or-put operations with random values from [0,...,83199999]
17/64 - Finds: 978319 (0.48916), Inserts: 1021681 (0.510841), Errors: 0 (0)
17/64 - Execution time: 7.48107 seconds
17/64 - Throughput: 267342 ops/sec
54/64 - Performed a throughput benchmark:
54/64 - Performed 2000000 find-or-put operations with random values from [0,...,83199999]
54/64 - Finds: 978799 (0.489399), Inserts: 1021201 (0.510601), Errors: 0 (0)
54/64 - Execution time: 7.48307 seconds
54/64 - Throughput: 267270 ops/sec
50/64 - Performed a throughput benchmark:
50/64 - Performed 2000000 find-or-put operations with random values from [0,...,83199999]
50/64 - Finds: 977370 (0.488685), Inserts: 1022630 (0.511315), Errors: 0 (0)
50/64 - Execution time: 7.46962 seconds
50/64 - Throughput: 267751 ops/sec
16/64 - Performed a throughput benchmark:
16/64 - Performed 2000000 find-or-put operations with random values from [0,...,83199999]
16/64 - Finds: 978086 (0.489043), Inserts: 1021914 (0.510957), Errors: 0 (0)
16/64 - Execution time: 7.48106 seconds
16/64 - Throughput: 267342 ops/sec
34/64 - Performed a throughput benchmark:
34/64 - Performed 2000000 find-or-put operations with random values from [0,...,83199999]
34/64 - Finds: 977340 (0.48867), Inserts: 1022660 (0.51133), Errors: 0 (0)
34/64 - Execution time: 7.46326 seconds
34/64 - Throughput: 267979 ops/sec
39/64 - Performed a throughput benchmark:
39/64 - Performed 2000000 find-or-put operations with random values from [0,...,83199999]
39/64 - Finds: 976392 (0.488196), Inserts: 1023608 (0.511804), Errors: 0 (0)
39/64 - Execution time: 7.44388 seconds
39/64 - Throughput: 268677 ops/sec
8/64 - Performed a throughput benchmark:
8/64 - Performed 2000000 find-or-put operations with random values from [0,...,83199999]
8/64 - Finds: 976653 (0.488326), Inserts: 1023347 (0.511674), Errors: 0 (0)
8/64 - Execution time: 7.46028 seconds
8/64 - Throughput: 268086 ops/sec
30/64 - Performed a throughput benchmark:
30/64 - Performed 2000000 find-or-put operations with random values from [0,...,83199999]
30/64 - Finds: 979443 (0.489721), Inserts: 1020557 (0.510278), Errors: 0 (0)
30/64 - Execution time: 7.48889 seconds
30/64 - Throughput: 267062 ops/sec
32/64 - Performed a throughput benchmark:
32/64 - Performed 2000000 find-or-put operations with random values from [0,...,83199999]
32/64 - Finds: 975724 (0.487862), Inserts: 1024276 (0.512138), Errors: 0 (0)
32/64 - Execution time: 7.46006 seconds
32/64 - Throughput: 268094 ops/sec
42/64 - Performed a throughput benchmark:
42/64 - Performed 2000000 find-or-put operations with random values from [0,...,83199999]
42/64 - Finds: 977771 (0.488885), Inserts: 1022229 (0.511115), Errors: 0 (0)
42/64 - Execution time: 7.48411 seconds
42/64 - Throughput: 267233 ops/sec
5/64 - Performed a throughput benchmark:
5/64 - Performed 2000000 find-or-put operations with random values from [0,...,83199999]
5/64 - Finds: 979792 (0.489896), Inserts: 1020208 (0.510104), Errors: 0 (0)
5/64 - Execution time: 7.4846 seconds
5/64 - Throughput: 267215 ops/sec
18/64 - Performed a throughput benchmark:
18/64 - Performed 2000000 find-or-put operations with random values from [0,...,83199999]
18/64 - Finds: 977867 (0.488934), Inserts: 1022133 (0.511066), Errors: 0 (0)
18/64 - Execution time: 7.49819 seconds
18/64 - Throughput: 266731 ops/sec
14/64 - Performed a throughput benchmark:
14/64 - Performed 2000000 find-or-put operations with random values from [0,...,83199999]
14/64 - Finds: 978786 (0.489393), Inserts: 1021214 (0.510607), Errors: 0 (0)
14/64 - Execution time: 7.48605 seconds
14/64 - Throughput: 267164 ops/sec
10/64 - Performed a throughput benchmark:
10/64 - Performed 2000000 find-or-put operations with random values from [0,...,83199999]
10/64 - Finds: 977523 (0.488762), Inserts: 1022477 (0.511239), Errors: 0 (0)
10/64 - Execution time: 7.46972 seconds
10/64 - Throughput: 267748 ops/sec
7/64 - Performed a throughput benchmark:
7/64 - Performed 2000000 find-or-put operations with random values from [0,...,83199999]
7/64 - Finds: 978194 (0.489097), Inserts: 1021806 (0.510903), Errors: 0 (0)
7/64 - Execution time: 7.47397 seconds
7/64 - Throughput: 267595 ops/sec
4/64 - Performed a throughput benchmark:
4/64 - Performed 2000000 find-or-put operations with random values from [0,...,83199999]
4/64 - Finds: 981601 (0.4908), Inserts: 1018399 (0.5092), Errors: 0 (0)
4/64 - Execution time: 7.48688 seconds
4/64 - Throughput: 267134 ops/sec
51/64 - Performed a throughput benchmark:
51/64 - Performed 2000000 find-or-put operations with random values from [0,...,83199999]
51/64 - Finds: 977667 (0.488833), Inserts: 1022333 (0.511166), Errors: 0 (0)
51/64 - Execution time: 7.4847 seconds
51/64 - Throughput: 267212 ops/sec
20/64 - Performed a throughput benchmark:
20/64 - Performed 2000000 find-or-put operations with random values from [0,...,83199999]
20/64 - Finds: 978262 (0.489131), Inserts: 1021738 (0.510869), Errors: 0 (0)
20/64 - Execution time: 7.48589 seconds
20/64 - Throughput: 267169 ops/sec
6/64 - Performed a throughput benchmark:
6/64 - Performed 2000000 find-or-put operations with random values from [0,...,83199999]
6/64 - Finds: 981925 (0.490963), Inserts: 1018075 (0.509038), Errors: 0 (0)
6/64 - Execution time: 7.50572 seconds
6/64 - Throughput: 266464 ops/sec
25/64 - Performed a throughput benchmark:
25/64 - Performed 2000000 find-or-put operations with random values from [0,...,83199999]
25/64 - Finds: 979956 (0.489978), Inserts: 1020044 (0.510022), Errors: 0 (0)
25/64 - Execution time: 7.49556 seconds
25/64 - Throughput: 266825 ops/sec
31/64 - Performed a throughput benchmark:
31/64 - Performed 2000000 find-or-put operations with random values from [0,...,83199999]
31/64 - Finds: 981308 (0.490654), Inserts: 1018692 (0.509346), Errors: 0 (0)
31/64 - Execution time: 7.49959 seconds
31/64 - Throughput: 266681 ops/sec
3/64 - Performed a throughput benchmark:
3/64 - Performed 2000000 find-or-put operations with random values from [0,...,83199999]
3/64 - Finds: 980932 (0.490466), Inserts: 1019068 (0.509534), Errors: 0 (0)
3/64 - Execution time: 7.50009 seconds
3/64 - Throughput: 266663 ops/sec
61/64 - Performed a throughput benchmark:
61/64 - Performed 2000000 find-or-put operations with random values from [0,...,83199999]
61/64 - Finds: 978854 (0.489427), Inserts: 1021146 (0.510573), Errors: 0 (0)
61/64 - Execution time: 7.49908 seconds
61/64 - Throughput: 266699 ops/sec
57/64 - Performed a throughput benchmark:
57/64 - Performed 2000000 find-or-put operations with random values from [0,...,83199999]
57/64 - Finds: 979408 (0.489704), Inserts: 1020592 (0.510296), Errors: 0 (0)
57/64 - Execution time: 7.49395 seconds
57/64 - Throughput: 266882 ops/sec
60/64 - Performed a throughput benchmark:
60/64 - Performed 2000000 find-or-put operations with random values from [0,...,83199999]
60/64 - Finds: 981210 (0.490605), Inserts: 1018790 (0.509395), Errors: 0 (0)
60/64 - Execution time: 7.5088 seconds
60/64 - Throughput: 266354 ops/sec
26/64 - Performed a throughput benchmark:
26/64 - Performed 2000000 find-or-put operations with random values from [0,...,83199999]
26/64 - Finds: 979751 (0.489876), Inserts: 1020249 (0.510124), Errors: 0 (0)
26/64 - Execution time: 7.48929 seconds
26/64 - Throughput: 267048 ops/sec
43/64 - Performed a throughput benchmark:
43/64 - Performed 2000000 find-or-put operations with random values from [0,...,83199999]
43/64 - Finds: 977789 (0.488895), Inserts: 1022211 (0.511105), Errors: 0 (0)
43/64 - Execution time: 7.47279 seconds
43/64 - Throughput: 267638 ops/sec
27/64 - Performed a throughput benchmark:
27/64 - Performed 2000000 find-or-put operations with random values from [0,...,83199999]
27/64 - Finds: 979278 (0.489639), Inserts: 1020722 (0.510361), Errors: 0 (0)
27/64 - Execution time: 7.50253 seconds
27/64 - Throughput: 266577 ops/sec
33/64 - Performed a throughput benchmark:
33/64 - Performed 2000000 find-or-put operations with random values from [0,...,83199999]
33/64 - Finds: 974641 (0.48732), Inserts: 1025359 (0.512679), Errors: 0 (0)
33/64 - Execution time: 7.4387 seconds
33/64 - Throughput: 268864 ops/sec
49/64 - Performed a throughput benchmark:
49/64 - Performed 2000000 find-or-put operations with random values from [0,...,83199999]
49/64 - Finds: 978825 (0.489412), Inserts: 1021175 (0.510587), Errors: 0 (0)
49/64 - Execution time: 7.48984 seconds
49/64 - Throughput: 267028 ops/sec
0/64 - Performed a throughput benchmark:
0/64 - Performed 2000000 find-or-put operations with random values from [0,...,83199999]
0/64 - Finds: 980603 (0.490302), Inserts: 1019397 (0.509699), Errors: 0 (0)
0/64 - Execution time: 7.50088 seconds
0/64 - Throughput: 266635 ops/sec
59/64 - Performed a throughput benchmark:
59/64 - Performed 2000000 find-or-put operations with random values from [0,...,83199999]
59/64 - Finds: 979234 (0.489617), Inserts: 1020766 (0.510383), Errors: 0 (0)
59/64 - Execution time: 7.49533 seconds
59/64 - Throughput: 266833 ops/sec
46/64 - Performed a throughput benchmark:
46/64 - Performed 2000000 find-or-put operations with random values from [0,...,83199999]
46/64 - Finds: 977194 (0.488597), Inserts: 1022806 (0.511403), Errors: 0 (0)
46/64 - Execution time: 7.48877 seconds
46/64 - Throughput: 267066 ops/sec
12/64 - Performed a throughput benchmark:
12/64 - Performed 2000000 find-or-put operations with random values from [0,...,83199999]
12/64 - Finds: 976376 (0.488188), Inserts: 1023624 (0.511812), Errors: 0 (0)
12/64 - Execution time: 7.45488 seconds
12/64 - Throughput: 268281 ops/sec
63/64 - Performed a throughput benchmark:
63/64 - Performed 2000000 find-or-put operations with random values from [0,...,83199999]
63/64 - Finds: 981382 (0.490691), Inserts: 1018618 (0.509309), Errors: 0 (0)
63/64 - Execution time: 7.50687 seconds
63/64 - Throughput: 266423 ops/sec
21/64 - Performed a throughput benchmark:
21/64 - Performed 2000000 find-or-put operations with random values from [0,...,83199999]
21/64 - Finds: 977132 (0.488566), Inserts: 1022868 (0.511434), Errors: 0 (0)
21/64 - Execution time: 7.46226 seconds
21/64 - Throughput: 268015 ops/sec
11/64 - Performed a throughput benchmark:
11/64 - Performed 2000000 find-or-put operations with random values from [0,...,83199999]
11/64 - Finds: 979590 (0.489795), Inserts: 1020410 (0.510205), Errors: 0 (0)
11/64 - Execution time: 7.48599 seconds
11/64 - Throughput: 267166 ops/sec
22/64 - Performed a throughput benchmark:
22/64 - Performed 2000000 find-or-put operations with random values from [0,...,83199999]
22/64 - Finds: 977506 (0.488753), Inserts: 1022494 (0.511247), Errors: 0 (0)
22/64 - Execution time: 7.48142 seconds
22/64 - Throughput: 267329 ops/sec
40/64 - Performed a throughput benchmark:
40/64 - Performed 2000000 find-or-put operations with random values from [0,...,83199999]
40/64 - Finds: 978916 (0.489458), Inserts: 1021084 (0.510542), Errors: 0 (0)
40/64 - Execution time: 7.49042 seconds
40/64 - Throughput: 267008 ops/sec
23/64 - Performed a throughput benchmark:
23/64 - Performed 2000000 find-or-put operations with random values from [0,...,83199999]
23/64 - Finds: 976186 (0.488093), Inserts: 1023814 (0.511907), Errors: 0 (0)
23/64 - Execution time: 7.46784 seconds
23/64 - Throughput: 267815 ops/sec
44/64 - Performed a throughput benchmark:
44/64 - Performed 2000000 find-or-put operations with random values from [0,...,83199999]
44/64 - Finds: 977218 (0.488609), Inserts: 1022782 (0.511391), Errors: 0 (0)
44/64 - Execution time: 7.48616 seconds
44/64 - Throughput: 267160 ops/sec
47/64 - Performed a throughput benchmark:
47/64 - Performed 2000000 find-or-put operations with random values from [0,...,83199999]
47/64 - Finds: 976758 (0.488379), Inserts: 1023242 (0.511621), Errors: 0 (0)
47/64 - Execution time: 7.46852 seconds
47/64 - Throughput: 267791 ops/sec
62/64 - Performed a throughput benchmark:
62/64 - Performed 2000000 find-or-put operations with random values from [0,...,83199999]
62/64 - Finds: 980294 (0.490147), Inserts: 1019706 (0.509853), Errors: 0 (0)
62/64 - Execution time: 7.50607 seconds
62/64 - Throughput: 266451 ops/sec
48/64 - Performed a throughput benchmark:
48/64 - Performed 2000000 find-or-put operations with random values from [0,...,83199999]
48/64 - Finds: 978971 (0.489486), Inserts: 1021029 (0.510514), Errors: 0 (0)
48/64 - Execution time: 7.49195 seconds
48/64 - Throughput: 266953 ops/sec
53/64 - Performed a throughput benchmark:
53/64 - Performed 2000000 find-or-put operations with random values from [0,...,83199999]
53/64 - Finds: 979369 (0.489685), Inserts: 1020631 (0.510316), Errors: 0 (0)
53/64 - Execution time: 7.49099 seconds
53/64 - Throughput: 266987 ops/sec
28/64 - Performed a throughput benchmark:
28/64 - Performed 2000000 find-or-put operations with random values from [0,...,83199999]
28/64 - Finds: 980128 (0.490064), Inserts: 1019872 (0.509936), Errors: 0 (0)
28/64 - Execution time: 7.49946 seconds
28/64 - Throughput: 266686 ops/sec
38/64 - Performed a throughput benchmark:
38/64 - Performed 2000000 find-or-put operations with random values from [0,...,83199999]
38/64 - Finds: 976516 (0.488258), Inserts: 1023484 (0.511742), Errors: 0 (0)
38/64 - Execution time: 7.45857 seconds
38/64 - Throughput: 268148 ops/sec
19/64 - Performed a throughput benchmark:
19/64 - Performed 2000000 find-or-put operations with random values from [0,...,83199999]
19/64 - Finds: 976820 (0.48841), Inserts: 1023180 (0.51159), Errors: 0 (0)
19/64 - Execution time: 7.47306 seconds
19/64 - Throughput: 267628 ops/sec
52/64 - Performed a throughput benchmark:
52/64 - Performed 2000000 find-or-put operations with random values from [0,...,83199999]
52/64 - Finds: 977182 (0.488591), Inserts: 1022818 (0.511409), Errors: 0 (0)
52/64 - Execution time: 7.4715 seconds
52/64 - Throughput: 267684 ops/sec
41/64 - Performed a throughput benchmark:
41/64 - Performed 2000000 find-or-put operations with random values from [0,...,83199999]
41/64 - Finds: 978204 (0.489102), Inserts: 1021796 (0.510898), Errors: 0 (0)
41/64 - Execution time: 7.48438 seconds
41/64 - Throughput: 267223 ops/sec
58/64 - Performed a throughput benchmark:
58/64 - Performed 2000000 find-or-put operations with random values from [0,...,83199999]
58/64 - Finds: 980179 (0.49009), Inserts: 1019821 (0.509911), Errors: 0 (0)
58/64 - Execution time: 7.50032 seconds
58/64 - Throughput: 266655 ops/sec
24/64 - Performed a throughput benchmark:
24/64 - Performed 2000000 find-or-put operations with random values from [0,...,83199999]
24/64 - Finds: 980335 (0.490167), Inserts: 1019665 (0.509833), Errors: 0 (0)
24/64 - Execution time: 7.49756 seconds
24/64 - Throughput: 266754 ops/sec
56/64 - Performed a throughput benchmark:
56/64 - Performed 2000000 find-or-put operations with random values from [0,...,83199999]
56/64 - Finds: 981499 (0.49075), Inserts: 1018501 (0.509251), Errors: 0 (0)
56/64 - Execution time: 7.51756 seconds
56/64 - Throughput: 266044 ops/sec
29/64 - Performed a throughput benchmark:
29/64 - Performed 2000000 find-or-put operations with random values from [0,...,83199999]
29/64 - Finds: 987905 (0.493953), Inserts: 1012095 (0.506047), Errors: 0 (0)
29/64 - Execution time: 7.58708 seconds
29/64 - Throughput: 263606 ops/sec
2/64 - Performed a throughput benchmark:
2/64 - Performed 2000000 find-or-put operations with random values from [0,...,83199999]
2/64 - Finds: 993830 (0.496915), Inserts: 1006170 (0.503085), Errors: 0 (0)
2/64 - Execution time: 7.68475 seconds
2/64 - Throughput: 260256 ops/sec
1/64 - Performed a throughput benchmark:
1/64 - Performed 2000000 find-or-put operations with random values from [0,...,83199999]
1/64 - Finds: 1002611 (0.501305), Inserts: 997389 (0.498694), Errors: 0 (0)
1/64 - Execution time: 7.7615 seconds
1/64 - Throughput: 257682 ops/sec
[1441195513.165911] [node008:779  :0]         sys.c:719  MXM  WARN  Conflicting CPU frequencies detected, using: 1480.69
