[1441195623.456174] [node008:1970 :0]         sys.c:719  MXM  WARN  Conflicting CPU frequencies detected, using: 1700.72
[1441195623.468460] [node008:1970 :0]         mxm.c:185  MXM  WARN  The 'ulimit -s' on the system is set to 'unlimited'. This may have negative performance implications. Please set the heap size to the default value (10240) 
[1441195623.451689] [node008:1973 :0]         sys.c:719  MXM  WARN  Conflicting CPU frequencies detected, using: 1700.72
[1441195623.466206] [node008:1973 :0]         mxm.c:185  MXM  WARN  The 'ulimit -s' on the system is set to 'unlimited'. This may have negative performance implications. Please set the heap size to the default value (10240) 
[1441195623.451682] [node008:1972 :0]         sys.c:719  MXM  WARN  Conflicting CPU frequencies detected, using: 1700.72
[1441195623.472816] [node008:1972 :0]         mxm.c:185  MXM  WARN  The 'ulimit -s' on the system is set to 'unlimited'. This may have negative performance implications. Please set the heap size to the default value (10240) 
[1441195623.451679] [node008:1971 :0]         sys.c:719  MXM  WARN  Conflicting CPU frequencies detected, using: 1700.72
[1441195623.462173] [node008:1971 :0]         mxm.c:185  MXM  WARN  The 'ulimit -s' on the system is set to 'unlimited'. This may have negative performance implications. Please set the heap size to the default value (10240) 
[1441195623.663656] [node012:30495:0]         sys.c:719  MXM  WARN  Conflicting CPU frequencies detected, using: 1699.97
[1441195623.668787] [node012:30495:0]         mxm.c:185  MXM  WARN  The 'ulimit -s' on the system is set to 'unlimited'. This may have negative performance implications. Please set the heap size to the default value (10240) 
[1441195623.678387] [node012:30507:0]         sys.c:719  MXM  WARN  Conflicting CPU frequencies detected, using: 1897.22
[1441195623.683697] [node012:30507:0]         mxm.c:185  MXM  WARN  The 'ulimit -s' on the system is set to 'unlimited'. This may have negative performance implications. Please set the heap size to the default value (10240) 
[1441195623.688629] [node011:30310:0]         sys.c:719  MXM  WARN  Conflicting CPU frequencies detected, using: 1998.84
[1441195623.693826] [node011:30310:0]         mxm.c:185  MXM  WARN  The 'ulimit -s' on the system is set to 'unlimited'. This may have negative performance implications. Please set the heap size to the default value (10240) 
[1441195623.691838] [node012:30522:0]         sys.c:719  MXM  WARN  Conflicting CPU frequencies detected, using: 1997.81
[1441195623.697571] [node012:30522:0]         mxm.c:185  MXM  WARN  The 'ulimit -s' on the system is set to 'unlimited'. This may have negative performance implications. Please set the heap size to the default value (10240) 
[1441195623.698718] [node012:30534:0]         sys.c:719  MXM  WARN  Conflicting CPU frequencies detected, using: 2097.19
[1441195623.704563] [node012:30534:0]         mxm.c:185  MXM  WARN  The 'ulimit -s' on the system is set to 'unlimited'. This may have negative performance implications. Please set the heap size to the default value (10240) 
[1441195623.710195] [node010:30319:0]         sys.c:719  MXM  WARN  Conflicting CPU frequencies detected, using: 2097.28
[1441195623.712888] [node010:30319:0]         mxm.c:185  MXM  WARN  The 'ulimit -s' on the system is set to 'unlimited'. This may have negative performance implications. Please set the heap size to the default value (10240) 
[1441195623.714464] [node010:30320:0]         sys.c:719  MXM  WARN  Conflicting CPU frequencies detected, using: 2097.28
[1441195623.717091] [node010:30320:0]         mxm.c:185  MXM  WARN  The 'ulimit -s' on the system is set to 'unlimited'. This may have negative performance implications. Please set the heap size to the default value (10240) 
[1441195623.706156] [node011:30326:0]         sys.c:719  MXM  WARN  Conflicting CPU frequencies detected, using: 2097.84
[1441195623.710977] [node011:30326:0]         mxm.c:185  MXM  WARN  The 'ulimit -s' on the system is set to 'unlimited'. This may have negative performance implications. Please set the heap size to the default value (10240) 
[1441195623.701164] [node017:25191:0]         sys.c:719  MXM  WARN  Conflicting CPU frequencies detected, using: 2094.38
[1441195623.706026] [node017:25191:0]         mxm.c:185  MXM  WARN  The 'ulimit -s' on the system is set to 'unlimited'. This may have negative performance implications. Please set the heap size to the default value (10240) 
[1441195623.700074] [node011:30316:0]         sys.c:719  MXM  WARN  Conflicting CPU frequencies detected, using: 2097.84
[1441195623.706284] [node011:30316:0]         mxm.c:185  MXM  WARN  The 'ulimit -s' on the system is set to 'unlimited'. This may have negative performance implications. Please set the heap size to the default value (10240) 
[1441195623.708878] [node011:30346:0]         sys.c:719  MXM  WARN  Conflicting CPU frequencies detected, using: 2097.84
[1441195623.715934] [node011:30346:0]         mxm.c:185  MXM  WARN  The 'ulimit -s' on the system is set to 'unlimited'. This may have negative performance implications. Please set the heap size to the default value (10240) 
[1441195623.697697] [node009:30406:0]         sys.c:719  MXM  WARN  Conflicting CPU frequencies detected, using: 2095.41
[1441195623.703212] [node009:30406:0]         mxm.c:185  MXM  WARN  The 'ulimit -s' on the system is set to 'unlimited'. This may have negative performance implications. Please set the heap size to the default value (10240) 
[1441195623.716385] [node010:30332:0]         sys.c:719  MXM  WARN  Conflicting CPU frequencies detected, using: 2097.28
[1441195623.721464] [node010:30332:0]         mxm.c:185  MXM  WARN  The 'ulimit -s' on the system is set to 'unlimited'. This may have negative performance implications. Please set the heap size to the default value (10240) 
[1441195623.716818] [node010:30321:0]         sys.c:719  MXM  WARN  Conflicting CPU frequencies detected, using: 2097.28
[1441195623.721549] [node010:30321:0]         mxm.c:185  MXM  WARN  The 'ulimit -s' on the system is set to 'unlimited'. This may have negative performance implications. Please set the heap size to the default value (10240) 
[1441195623.701745] [node009:30405:0]         sys.c:719  MXM  WARN  Conflicting CPU frequencies detected, using: 2095.41
[1441195623.707155] [node009:30405:0]         mxm.c:185  MXM  WARN  The 'ulimit -s' on the system is set to 'unlimited'. This may have negative performance implications. Please set the heap size to the default value (10240) 
[1441195623.745811] [node015:27763:0]         sys.c:719  MXM  WARN  Conflicting CPU frequencies detected, using: 2097.75
[1441195623.755081] [node015:27763:0]         mxm.c:185  MXM  WARN  The 'ulimit -s' on the system is set to 'unlimited'. This may have negative performance implications. Please set the heap size to the default value (10240) 
[1441195623.748638] [node015:27761:0]         sys.c:719  MXM  WARN  Conflicting CPU frequencies detected, using: 2097.75
[1441195623.760578] [node015:27761:0]         mxm.c:185  MXM  WARN  The 'ulimit -s' on the system is set to 'unlimited'. This may have negative performance implications. Please set the heap size to the default value (10240) 
[1441195623.747621] [node015:27762:0]         sys.c:719  MXM  WARN  Conflicting CPU frequencies detected, using: 2097.75
[1441195623.759831] [node015:27762:0]         mxm.c:185  MXM  WARN  The 'ulimit -s' on the system is set to 'unlimited'. This may have negative performance implications. Please set the heap size to the default value (10240) 
[1441195623.747515] [node015:27764:0]         sys.c:719  MXM  WARN  Conflicting CPU frequencies detected, using: 2097.75
[1441195623.759048] [node015:27764:0]         mxm.c:185  MXM  WARN  The 'ulimit -s' on the system is set to 'unlimited'. This may have negative performance implications. Please set the heap size to the default value (10240) 
[1441195623.740842] [node019:25102:0]         sys.c:719  MXM  WARN  Conflicting CPU frequencies detected, using: 2289.56
[1441195623.743996] [node019:25102:0]         mxm.c:185  MXM  WARN  The 'ulimit -s' on the system is set to 'unlimited'. This may have negative performance implications. Please set the heap size to the default value (10240) 
[1441195623.717328] [node017:25213:0]         sys.c:719  MXM  WARN  Conflicting CPU frequencies detected, using: 2295.38
[1441195623.725556] [node017:25213:0]         mxm.c:185  MXM  WARN  The 'ulimit -s' on the system is set to 'unlimited'. This may have negative performance implications. Please set the heap size to the default value (10240) 
[1441195623.739366] [node019:25111:0]         sys.c:719  MXM  WARN  Conflicting CPU frequencies detected, using: 2289.56
[1441195623.742761] [node019:25111:0]         mxm.c:185  MXM  WARN  The 'ulimit -s' on the system is set to 'unlimited'. This may have negative performance implications. Please set the heap size to the default value (10240) 
[1441195623.724682] [node020:23838:0]         sys.c:719  MXM  WARN  Conflicting CPU frequencies detected, using: 2091.38
[1441195623.730191] [node020:23838:0]         mxm.c:185  MXM  WARN  The 'ulimit -s' on the system is set to 'unlimited'. This may have negative performance implications. Please set the heap size to the default value (10240) 
[1441195623.731607] [node013:30603:0]         sys.c:719  MXM  WARN  Conflicting CPU frequencies detected, using: 2100.00
[1441195623.736903] [node013:30603:0]         mxm.c:185  MXM  WARN  The 'ulimit -s' on the system is set to 'unlimited'. This may have negative performance implications. Please set the heap size to the default value (10240) 
[1441195623.706277] [node009:30424:0]         sys.c:719  MXM  WARN  Conflicting CPU frequencies detected, using: 2095.41
[1441195623.718792] [node009:30424:0]         mxm.c:185  MXM  WARN  The 'ulimit -s' on the system is set to 'unlimited'. This may have negative performance implications. Please set the heap size to the default value (10240) 
[1441195623.706215] [node009:30407:0]         sys.c:719  MXM  WARN  Conflicting CPU frequencies detected, using: 2095.41
[1441195623.715329] [node009:30407:0]         mxm.c:185  MXM  WARN  The 'ulimit -s' on the system is set to 'unlimited'. This may have negative performance implications. Please set the heap size to the default value (10240) 
[1441195623.716668] [node017:25198:0]         sys.c:719  MXM  WARN  Conflicting CPU frequencies detected, using: 2295.38
[1441195623.724813] [node017:25198:0]         mxm.c:185  MXM  WARN  The 'ulimit -s' on the system is set to 'unlimited'. This may have negative performance implications. Please set the heap size to the default value (10240) 
[1441195623.736481] [node013:30600:0]         sys.c:719  MXM  WARN  Conflicting CPU frequencies detected, using: 2100.00
[1441195623.747079] [node013:30600:0]         mxm.c:185  MXM  WARN  The 'ulimit -s' on the system is set to 'unlimited'. This may have negative performance implications. Please set the heap size to the default value (10240) 
[1441195623.735966] [node013:30602:0]         sys.c:719  MXM  WARN  Conflicting CPU frequencies detected, using: 2100.00
[1441195623.744627] [node013:30602:0]         mxm.c:185  MXM  WARN  The 'ulimit -s' on the system is set to 'unlimited'. This may have negative performance implications. Please set the heap size to the default value (10240) 
[1441195623.735915] [node018:24935:0]         sys.c:719  MXM  WARN  Conflicting CPU frequencies detected, using: 2184.94
[1441195623.748853] [node018:24935:0]         mxm.c:185  MXM  WARN  The 'ulimit -s' on the system is set to 'unlimited'. This may have negative performance implications. Please set the heap size to the default value (10240) 
[1441195623.720891] [node017:25201:0]         sys.c:719  MXM  WARN  Conflicting CPU frequencies detected, using: 2295.38
[1441195623.728042] [node017:25201:0]         mxm.c:185  MXM  WARN  The 'ulimit -s' on the system is set to 'unlimited'. This may have negative performance implications. Please set the heap size to the default value (10240) 
[1441195623.732091] [node018:24924:0]         sys.c:719  MXM  WARN  Conflicting CPU frequencies detected, using: 2098.59
[1441195623.739044] [node018:24924:0]         mxm.c:185  MXM  WARN  The 'ulimit -s' on the system is set to 'unlimited'. This may have negative performance implications. Please set the heap size to the default value (10240) 
[1441195623.736686] [node019:25103:0]         sys.c:719  MXM  WARN  Conflicting CPU frequencies detected, using: 2289.56
[1441195623.739753] [node019:25103:0]         mxm.c:185  MXM  WARN  The 'ulimit -s' on the system is set to 'unlimited'. This may have negative performance implications. Please set the heap size to the default value (10240) 
[1441195623.740578] [node019:25110:0]         sys.c:719  MXM  WARN  Conflicting CPU frequencies detected, using: 2289.56
[1441195623.743235] [node019:25110:0]         mxm.c:185  MXM  WARN  The 'ulimit -s' on the system is set to 'unlimited'. This may have negative performance implications. Please set the heap size to the default value (10240) 
[1441195623.732730] [node014:30102:0]         sys.c:719  MXM  WARN  Conflicting CPU frequencies detected, using: 1980.38
[1441195623.735776] [node014:30102:0]         mxm.c:185  MXM  WARN  The 'ulimit -s' on the system is set to 'unlimited'. This may have negative performance implications. Please set the heap size to the default value (10240) 
[1441195623.733478] [node018:24925:0]         sys.c:719  MXM  WARN  Conflicting CPU frequencies detected, using: 2098.59
[1441195623.742226] [node018:24925:0]         mxm.c:185  MXM  WARN  The 'ulimit -s' on the system is set to 'unlimited'. This may have negative performance implications. Please set the heap size to the default value (10240) 
[1441195623.731846] [node014:30104:0]         sys.c:719  MXM  WARN  Conflicting CPU frequencies detected, using: 1980.38
[1441195623.735405] [node014:30104:0]         mxm.c:185  MXM  WARN  The 'ulimit -s' on the system is set to 'unlimited'. This may have negative performance implications. Please set the heap size to the default value (10240) 
[1441195623.720416] [node014:30094:0]         sys.c:719  MXM  WARN  Conflicting CPU frequencies detected, using: 1898.06
[1441195623.723385] [node014:30094:0]         mxm.c:185  MXM  WARN  The 'ulimit -s' on the system is set to 'unlimited'. This may have negative performance implications. Please set the heap size to the default value (10240) 
[1441195623.732312] [node014:30103:0]         sys.c:719  MXM  WARN  Conflicting CPU frequencies detected, using: 1980.38
[1441195623.735214] [node014:30103:0]         mxm.c:185  MXM  WARN  The 'ulimit -s' on the system is set to 'unlimited'. This may have negative performance implications. Please set the heap size to the default value (10240) 
[1441195623.734640] [node020:23844:0]         sys.c:719  MXM  WARN  Conflicting CPU frequencies detected, using: 2099.91
[1441195623.744457] [node020:23844:0]         mxm.c:185  MXM  WARN  The 'ulimit -s' on the system is set to 'unlimited'. This may have negative performance implications. Please set the heap size to the default value (10240) 
[1441195623.734224] [node020:23847:0]         sys.c:719  MXM  WARN  Conflicting CPU frequencies detected, using: 2099.91
[1441195623.743697] [node020:23847:0]         mxm.c:185  MXM  WARN  The 'ulimit -s' on the system is set to 'unlimited'. This may have negative performance implications. Please set the heap size to the default value (10240) 
[1441195623.736913] [node018:24934:0]         sys.c:719  MXM  WARN  Conflicting CPU frequencies detected, using: 2184.94
[1441195623.747208] [node018:24934:0]         mxm.c:185  MXM  WARN  The 'ulimit -s' on the system is set to 'unlimited'. This may have negative performance implications. Please set the heap size to the default value (10240) 
[1441195623.727649] [node013:30593:0]         sys.c:719  MXM  WARN  Conflicting CPU frequencies detected, using: 2100.00
[1441195623.732838] [node013:30593:0]         mxm.c:185  MXM  WARN  The 'ulimit -s' on the system is set to 'unlimited'. This may have negative performance implications. Please set the heap size to the default value (10240) 
[1441195623.739171] [node020:23846:0]         sys.c:719  MXM  WARN  Conflicting CPU frequencies detected, using: 2194.41
[1441195623.747715] [node020:23846:0]         mxm.c:185  MXM  WARN  The 'ulimit -s' on the system is set to 'unlimited'. This may have negative performance implications. Please set the heap size to the default value (10240) 
UPCR: UPC thread  2 of 48 on node008 (pshm node  0 of 12, process  2 of 48, pid=1972)
UPCR: UPC thread  3 of 48 on node008 (pshm node  0 of 12, process  3 of 48, pid=1973)
UPCR: UPC thread  0 of 48 on node008 (pshm node  0 of 12, process  0 of 48, pid=1970)
UPCR: UPC thread  1 of 48 on node008 (pshm node  0 of 12, process  1 of 48, pid=1971)
UPCR: UPC thread 29 of 48 on node015 (pshm node  7 of 12, process 29 of 48, pid=27763)
UPCR: UPC thread  7 of 48 on node009 (pshm node  1 of 12, process  7 of 48, pid=30424)
UPCR: UPC thread 38 of 48 on node018 (pshm node  9 of 12, process 38 of 48, pid=24934)
UPCR: UPC thread 27 of 48 on node014 (pshm node  6 of 12, process 27 of 48, pid=30103)
UPCR: UPC thread 39 of 48 on node018 (pshm node  9 of 12, process 39 of 48, pid=24935)
UPCR: UPC thread  4 of 48 on node009 (pshm node  1 of 12, process  4 of 48, pid=30405)
UPCR: UPC thread 44 of 48 on node020 (pshm node 11 of 12, process 44 of 48, pid=23846)
UPCR: UPC thread 26 of 48 on node014 (pshm node  6 of 12, process 26 of 48, pid=30094)
UPCR: UPC thread  5 of 48 on node009 (pshm node  1 of 12, process  5 of 48, pid=30406)
UPCR: UPC thread 41 of 48 on node019 (pshm node 10 of 12, process 41 of 48, pid=25102)
UPCR: UPC thread  6 of 48 on node009 (pshm node  1 of 12, process  6 of 48, pid=30407)
UPCR: UPC thread 31 of 48 on node015 (pshm node  7 of 12, process 31 of 48, pid=27762)
UPCR: UPC thread 42 of 48 on node019 (pshm node 10 of 12, process 42 of 48, pid=25103)
UPCR: UPC thread 45 of 48 on node020 (pshm node 11 of 12, process 45 of 48, pid=23844)
UPCR: UPC thread 25 of 48 on node014 (pshm node  6 of 12, process 25 of 48, pid=30102)
UPCR: UPC thread 37 of 48 on node018 (pshm node  9 of 12, process 37 of 48, pid=24925)
UPCR: UPC thread 30 of 48 on node015 (pshm node  7 of 12, process 30 of 48, pid=27761)
UPCR: UPC thread 40 of 48 on node019 (pshm node 10 of 12, process 40 of 48, pid=25111)
UPCR: UPC thread 20 of 48 on node013 (pshm node  5 of 12, process 20 of 48, pid=30593)
UPCR: UPC thread 21 of 48 on node013 (pshm node  5 of 12, process 21 of 48, pid=30600)
UPCR: UPC thread 16 of 48 on node012 (pshm node  4 of 12, process 16 of 48, pid=30495)
UPCR: UPC thread 15 of 48 on node011 (pshm node  3 of 12, process 15 of 48, pid=30346)
UPCR: UPC thread 10 of 48 on node010 (pshm node  2 of 12, process 10 of 48, pid=30332)
UPCR: UPC thread 33 of 48 on node017 (pshm node  8 of 12, process 33 of 48, pid=25201)
UPCR: UPC thread 17 of 48 on node012 (pshm node  4 of 12, process 17 of 48, pid=30507)
UPCR: UPC thread  9 of 48 on node010 (pshm node  2 of 12, process  9 of 48, pid=30321)
UPCR: UPC thread 46 of 48 on node020 (pshm node 11 of 12, process 46 of 48, pid=23838)
UPCR: UPC thread 14 of 48 on node011 (pshm node  3 of 12, process 14 of 48, pid=30316)
UPCR: UPC thread 32 of 48 on node017 (pshm node  8 of 12, process 32 of 48, pid=25191)
UPCR: UPC thread 28 of 48 on node015 (pshm node  7 of 12, process 28 of 48, pid=27764)
UPCR: UPC thread 13 of 48 on node011 (pshm node  3 of 12, process 13 of 48, pid=30310)
UPCR: UPC thread  8 of 48 on node010 (pshm node  2 of 12, process  8 of 48, pid=30319)
UPCR: UPC thread 12 of 48 on node011 (pshm node  3 of 12, process 12 of 48, pid=30326)
UPCR: UPC thread 11 of 48 on node010 (pshm node  2 of 12, process 11 of 48, pid=30320)
UPCR: UPC thread 43 of 48 on node019 (pshm node 10 of 12, process 43 of 48, pid=25110)
UPCR: UPC thread 36 of 48 on node018 (pshm node  9 of 12, process 36 of 48, pid=24924)
UPCR: UPC thread 34 of 48 on node017 (pshm node  8 of 12, process 34 of 48, pid=25198)
UPCR: UPC thread 23 of 48 on node013 (pshm node  5 of 12, process 23 of 48, pid=30603)
UPCR: UPC thread 22 of 48 on node013 (pshm node  5 of 12, process 22 of 48, pid=30602)
UPCR: UPC thread 24 of 48 on node014 (pshm node  6 of 12, process 24 of 48, pid=30104)
UPCR: UPC thread 35 of 48 on node017 (pshm node  8 of 12, process 35 of 48, pid=25213)
UPCR: UPC thread 18 of 48 on node012 (pshm node  4 of 12, process 18 of 48, pid=30522)
UPCR: UPC thread 19 of 48 on node012 (pshm node  4 of 12, process 19 of 48, pid=30534)
UPCR: UPC thread 47 of 48 on node020 (pshm node 11 of 12, process 47 of 48, pid=23847)
0/48 - htable initialized
0/48 - table size: 51539607552 bytes (49152 MB)
0/48 - total number of buckets: 6442450944
0/48 - block size: 1073741824 (1024 MB)
0/48 - number of buckets in block: 134217728
0/48 - number of blocks: 48
44/48 - Performed a throughput benchmark:
44/48 - Performed 2000000 find-or-put operations with random values from [0,...,62399999]
44/48 - Finds: 977265 (0.488633), Inserts: 1022735 (0.511367), Errors: 0 (0)
44/48 - Execution time: 6.79214 seconds
44/48 - Throughput: 294458 ops/sec
8/48 - Performed a throughput benchmark:
8/48 - Performed 2000000 find-or-put operations with random values from [0,...,62399999]
8/48 - Finds: 977218 (0.488609), Inserts: 1022782 (0.511391), Errors: 0 (0)
8/48 - Execution time: 6.78798 seconds
8/48 - Throughput: 294639 ops/sec
1/48 - Performed a throughput benchmark:
1/48 - Performed 2000000 find-or-put operations with random values from [0,...,62399999]
1/48 - Finds: 978027 (0.489013), Inserts: 1021973 (0.510987), Errors: 0 (0)
1/48 - Execution time: 6.79532 seconds
1/48 - Throughput: 294320 ops/sec
31/48 - Performed a throughput benchmark:
31/48 - Performed 2000000 find-or-put operations with random values from [0,...,62399999]
31/48 - Finds: 977540 (0.48877), Inserts: 1022460 (0.51123), Errors: 0 (0)
31/48 - Execution time: 6.80508 seconds
31/48 - Throughput: 293898 ops/sec
26/48 - Performed a throughput benchmark:
26/48 - Performed 2000000 find-or-put operations with random values from [0,...,62399999]
26/48 - Finds: 979017 (0.489509), Inserts: 1020983 (0.510491), Errors: 0 (0)
26/48 - Execution time: 6.80706 seconds
26/48 - Throughput: 293813 ops/sec
30/48 - Performed a throughput benchmark:
30/48 - Performed 2000000 find-or-put operations with random values from [0,...,62399999]
30/48 - Finds: 977535 (0.488768), Inserts: 1022465 (0.511232), Errors: 0 (0)
30/48 - Execution time: 6.79655 seconds
30/48 - Throughput: 294267 ops/sec
28/48 - Performed a throughput benchmark:
28/48 - Performed 2000000 find-or-put operations with random values from [0,...,62399999]
28/48 - Finds: 976561 (0.488281), Inserts: 1023439 (0.511719), Errors: 0 (0)
28/48 - Execution time: 6.78857 seconds
28/48 - Throughput: 294613 ops/sec
29/48 - Performed a throughput benchmark:
29/48 - Performed 2000000 find-or-put operations with random values from [0,...,62399999]
29/48 - Finds: 977570 (0.488785), Inserts: 1022430 (0.511215), Errors: 0 (0)
29/48 - Execution time: 6.80396 seconds
29/48 - Throughput: 293946 ops/sec
9/48 - Performed a throughput benchmark:
9/48 - Performed 2000000 find-or-put operations with random values from [0,...,62399999]
9/48 - Finds: 978525 (0.489262), Inserts: 1021475 (0.510737), Errors: 0 (0)
9/48 - Execution time: 6.80454 seconds
9/48 - Throughput: 293921 ops/sec
5/48 - Performed a throughput benchmark:
5/48 - Performed 2000000 find-or-put operations with random values from [0,...,62399999]
5/48 - Finds: 978175 (0.489088), Inserts: 1021825 (0.510912), Errors: 0 (0)
5/48 - Execution time: 6.80943 seconds
5/48 - Throughput: 293710 ops/sec
24/48 - Performed a throughput benchmark:
24/48 - Performed 2000000 find-or-put operations with random values from [0,...,62399999]
24/48 - Finds: 978403 (0.489202), Inserts: 1021597 (0.510799), Errors: 0 (0)
24/48 - Execution time: 6.79716 seconds
24/48 - Throughput: 294240 ops/sec
10/48 - Performed a throughput benchmark:
10/48 - Performed 2000000 find-or-put operations with random values from [0,...,62399999]
10/48 - Finds: 977756 (0.488878), Inserts: 1022244 (0.511122), Errors: 0 (0)
10/48 - Execution time: 6.79308 seconds
10/48 - Throughput: 294417 ops/sec
15/48 - Performed a throughput benchmark:
15/48 - Performed 2000000 find-or-put operations with random values from [0,...,62399999]
15/48 - Finds: 978445 (0.489223), Inserts: 1021555 (0.510777), Errors: 0 (0)
15/48 - Execution time: 6.81115 seconds
15/48 - Throughput: 293636 ops/sec
16/48 - Performed a throughput benchmark:
16/48 - Performed 2000000 find-or-put operations with random values from [0,...,62399999]
16/48 - Finds: 979342 (0.489671), Inserts: 1020658 (0.510329), Errors: 0 (0)
16/48 - Execution time: 6.8101 seconds
16/48 - Throughput: 293682 ops/sec
14/48 - Performed a throughput benchmark:
14/48 - Performed 2000000 find-or-put operations with random values from [0,...,62399999]
14/48 - Finds: 979014 (0.489507), Inserts: 1020986 (0.510493), Errors: 0 (0)
14/48 - Execution time: 6.80996 seconds
14/48 - Throughput: 293687 ops/sec
38/48 - Performed a throughput benchmark:
38/48 - Performed 2000000 find-or-put operations with random values from [0,...,62399999]
38/48 - Finds: 979209 (0.489604), Inserts: 1020791 (0.510396), Errors: 0 (0)
38/48 - Execution time: 6.8156 seconds
38/48 - Throughput: 293444 ops/sec
22/48 - Performed a throughput benchmark:
22/48 - Performed 2000000 find-or-put operations with random values from [0,...,62399999]
22/48 - Finds: 980036 (0.490018), Inserts: 1019964 (0.509982), Errors: 0 (0)
22/48 - Execution time: 6.80686 seconds
22/48 - Throughput: 293821 ops/sec
47/48 - Performed a throughput benchmark:
47/48 - Performed 2000000 find-or-put operations with random values from [0,...,62399999]
47/48 - Finds: 979495 (0.489748), Inserts: 1020505 (0.510252), Errors: 0 (0)
47/48 - Execution time: 6.80955 seconds
47/48 - Throughput: 293705 ops/sec
21/48 - Performed a throughput benchmark:
21/48 - Performed 2000000 find-or-put operations with random values from [0,...,62399999]
21/48 - Finds: 977375 (0.488687), Inserts: 1022625 (0.511312), Errors: 0 (0)
21/48 - Execution time: 6.79265 seconds
21/48 - Throughput: 294436 ops/sec
37/48 - Performed a throughput benchmark:
37/48 - Performed 2000000 find-or-put operations with random values from [0,...,62399999]
37/48 - Finds: 979647 (0.489824), Inserts: 1020353 (0.510177), Errors: 0 (0)
37/48 - Execution time: 6.81111 seconds
37/48 - Throughput: 293638 ops/sec
11/48 - Performed a throughput benchmark:
11/48 - Performed 2000000 find-or-put operations with random values from [0,...,62399999]
11/48 - Finds: 977247 (0.488623), Inserts: 1022753 (0.511377), Errors: 0 (0)
11/48 - Execution time: 6.7965 seconds
11/48 - Throughput: 294269 ops/sec
45/48 - Performed a throughput benchmark:
45/48 - Performed 2000000 find-or-put operations with random values from [0,...,62399999]
45/48 - Finds: 978906 (0.489453), Inserts: 1021094 (0.510547), Errors: 0 (0)
45/48 - Execution time: 6.80117 seconds
45/48 - Throughput: 294067 ops/sec
39/48 - Performed a throughput benchmark:
39/48 - Performed 2000000 find-or-put operations with random values from [0,...,62399999]
39/48 - Finds: 979932 (0.489966), Inserts: 1020068 (0.510034), Errors: 0 (0)
39/48 - Execution time: 6.81017 seconds
39/48 - Throughput: 293678 ops/sec
19/48 - Performed a throughput benchmark:
19/48 - Performed 2000000 find-or-put operations with random values from [0,...,62399999]
19/48 - Finds: 978618 (0.489309), Inserts: 1021382 (0.510691), Errors: 0 (0)
19/48 - Execution time: 6.81526 seconds
19/48 - Throughput: 293459 ops/sec
20/48 - Performed a throughput benchmark:
20/48 - Performed 2000000 find-or-put operations with random values from [0,...,62399999]
20/48 - Finds: 977861 (0.48893), Inserts: 1022139 (0.511069), Errors: 0 (0)
20/48 - Execution time: 6.7963 seconds
20/48 - Throughput: 294278 ops/sec
36/48 - Performed a throughput benchmark:
36/48 - Performed 2000000 find-or-put operations with random values from [0,...,62399999]
36/48 - Finds: 978575 (0.489287), Inserts: 1021425 (0.510713), Errors: 0 (0)
36/48 - Execution time: 6.8048 seconds
36/48 - Throughput: 293910 ops/sec
13/48 - Performed a throughput benchmark:
13/48 - Performed 2000000 find-or-put operations with random values from [0,...,62399999]
13/48 - Finds: 979779 (0.489889), Inserts: 1020221 (0.510111), Errors: 0 (0)
13/48 - Execution time: 6.80785 seconds
13/48 - Throughput: 293778 ops/sec
18/48 - Performed a throughput benchmark:
18/48 - Performed 2000000 find-or-put operations with random values from [0,...,62399999]
18/48 - Finds: 979739 (0.48987), Inserts: 1020261 (0.510131), Errors: 0 (0)
18/48 - Execution time: 6.8075 seconds
18/48 - Throughput: 293794 ops/sec
23/48 - Performed a throughput benchmark:
23/48 - Performed 2000000 find-or-put operations with random values from [0,...,62399999]
23/48 - Finds: 979112 (0.489556), Inserts: 1020888 (0.510444), Errors: 0 (0)
23/48 - Execution time: 6.8029 seconds
23/48 - Throughput: 293992 ops/sec
2/48 - Performed a throughput benchmark:
2/48 - Performed 2000000 find-or-put operations with random values from [0,...,62399999]
2/48 - Finds: 977532 (0.488766), Inserts: 1022468 (0.511234), Errors: 0 (0)
2/48 - Execution time: 6.79315 seconds
2/48 - Throughput: 294414 ops/sec
46/48 - Performed a throughput benchmark:
46/48 - Performed 2000000 find-or-put operations with random values from [0,...,62399999]
46/48 - Finds: 979952 (0.489976), Inserts: 1020048 (0.510024), Errors: 0 (0)
46/48 - Execution time: 6.80139 seconds
46/48 - Throughput: 294058 ops/sec
12/48 - Performed a throughput benchmark:
12/48 - Performed 2000000 find-or-put operations with random values from [0,...,62399999]
12/48 - Finds: 979618 (0.489809), Inserts: 1020382 (0.510191), Errors: 0 (0)
12/48 - Execution time: 6.80787 seconds
12/48 - Throughput: 293778 ops/sec
32/48 - Performed a throughput benchmark:
32/48 - Performed 2000000 find-or-put operations with random values from [0,...,62399999]
32/48 - Finds: 979198 (0.489599), Inserts: 1020802 (0.510401), Errors: 0 (0)
32/48 - Execution time: 6.80266 seconds
32/48 - Throughput: 294003 ops/sec
35/48 - Performed a throughput benchmark:
35/48 - Performed 2000000 find-or-put operations with random values from [0,...,62399999]
35/48 - Finds: 977742 (0.488871), Inserts: 1022258 (0.511129), Errors: 0 (0)
35/48 - Execution time: 6.80223 seconds
35/48 - Throughput: 294021 ops/sec
34/48 - Performed a throughput benchmark:
34/48 - Performed 2000000 find-or-put operations with random values from [0,...,62399999]
34/48 - Finds: 978368 (0.489184), Inserts: 1021632 (0.510816), Errors: 0 (0)
34/48 - Execution time: 6.81091 seconds
34/48 - Throughput: 293646 ops/sec
17/48 - Performed a throughput benchmark:
17/48 - Performed 2000000 find-or-put operations with random values from [0,...,62399999]
17/48 - Finds: 978983 (0.489492), Inserts: 1021017 (0.510509), Errors: 0 (0)
17/48 - Execution time: 6.80206 seconds
17/48 - Throughput: 294029 ops/sec
42/48 - Performed a throughput benchmark:
42/48 - Performed 2000000 find-or-put operations with random values from [0,...,62399999]
42/48 - Finds: 982594 (0.491297), Inserts: 1017406 (0.508703), Errors: 0 (0)
42/48 - Execution time: 6.83072 seconds
42/48 - Throughput: 292795 ops/sec
33/48 - Performed a throughput benchmark:
33/48 - Performed 2000000 find-or-put operations with random values from [0,...,62399999]
33/48 - Finds: 979049 (0.489524), Inserts: 1020951 (0.510475), Errors: 0 (0)
33/48 - Execution time: 6.81286 seconds
33/48 - Throughput: 293562 ops/sec
27/48 - Performed a throughput benchmark:
27/48 - Performed 2000000 find-or-put operations with random values from [0,...,62399999]
27/48 - Finds: 978816 (0.489408), Inserts: 1021184 (0.510592), Errors: 0 (0)
27/48 - Execution time: 6.80915 seconds
27/48 - Throughput: 293723 ops/sec
4/48 - Performed a throughput benchmark:
4/48 - Performed 2000000 find-or-put operations with random values from [0,...,62399999]
4/48 - Finds: 979283 (0.489642), Inserts: 1020717 (0.510359), Errors: 0 (0)
4/48 - Execution time: 6.80442 seconds
4/48 - Throughput: 293927 ops/sec
25/48 - Performed a throughput benchmark:
25/48 - Performed 2000000 find-or-put operations with random values from [0,...,62399999]
25/48 - Finds: 980737 (0.490368), Inserts: 1019263 (0.509632), Errors: 0 (0)
25/48 - Execution time: 6.81597 seconds
25/48 - Throughput: 293429 ops/sec
7/48 - Performed a throughput benchmark:
7/48 - Performed 2000000 find-or-put operations with random values from [0,...,62399999]
7/48 - Finds: 978746 (0.489373), Inserts: 1021254 (0.510627), Errors: 0 (0)
7/48 - Execution time: 6.81092 seconds
7/48 - Throughput: 293646 ops/sec
6/48 - Performed a throughput benchmark:
6/48 - Performed 2000000 find-or-put operations with random values from [0,...,62399999]
6/48 - Finds: 978065 (0.489032), Inserts: 1021935 (0.510968), Errors: 0 (0)
6/48 - Execution time: 6.8109 seconds
6/48 - Throughput: 293647 ops/sec
40/48 - Performed a throughput benchmark:
40/48 - Performed 2000000 find-or-put operations with random values from [0,...,62399999]
40/48 - Finds: 982165 (0.491082), Inserts: 1017835 (0.508918), Errors: 0 (0)
40/48 - Execution time: 6.8259 seconds
40/48 - Throughput: 293002 ops/sec
41/48 - Performed a throughput benchmark:
41/48 - Performed 2000000 find-or-put operations with random values from [0,...,62399999]
41/48 - Finds: 982860 (0.49143), Inserts: 1017140 (0.50857), Errors: 0 (0)
41/48 - Execution time: 6.83139 seconds
41/48 - Throughput: 292766 ops/sec
43/48 - Performed a throughput benchmark:
43/48 - Performed 2000000 find-or-put operations with random values from [0,...,62399999]
43/48 - Finds: 981829 (0.490914), Inserts: 1018171 (0.509085), Errors: 0 (0)
43/48 - Execution time: 6.83013 seconds
43/48 - Throughput: 292820 ops/sec
0/48 - Performed a throughput benchmark:
0/48 - Performed 2000000 find-or-put operations with random values from [0,...,62399999]
0/48 - Finds: 983280 (0.49164), Inserts: 1016720 (0.50836), Errors: 0 (0)
0/48 - Execution time: 6.87596 seconds
0/48 - Throughput: 290868 ops/sec
3/48 - Performed a throughput benchmark:
3/48 - Performed 2000000 find-or-put operations with random values from [0,...,62399999]
3/48 - Finds: 982340 (0.49117), Inserts: 1017660 (0.50883), Errors: 0 (0)
3/48 - Execution time: 6.87154 seconds
3/48 - Throughput: 291055 ops/sec
[1441195623.436002] [node008:1922 :0]         sys.c:719  MXM  WARN  Conflicting CPU frequencies detected, using: 1800.09
