[1441195944.150249] [node001:5983 :0]         sys.c:719  MXM  WARN  Conflicting CPU frequencies detected, using: 1398.75
[1441195944.162835] [node001:5983 :0]         mxm.c:185  MXM  WARN  The 'ulimit -s' on the system is set to 'unlimited'. This may have negative performance implications. Please set the heap size to the default value (10240) 
[1441195944.152015] [node001:5984 :0]         sys.c:719  MXM  WARN  Conflicting CPU frequencies detected, using: 1398.75
[1441195944.164568] [node001:5984 :0]         mxm.c:185  MXM  WARN  The 'ulimit -s' on the system is set to 'unlimited'. This may have negative performance implications. Please set the heap size to the default value (10240) 
[1441195944.154450] [node001:5985 :0]         sys.c:719  MXM  WARN  Conflicting CPU frequencies detected, using: 1398.75
[1441195944.174617] [node001:5985 :0]         mxm.c:185  MXM  WARN  The 'ulimit -s' on the system is set to 'unlimited'. This may have negative performance implications. Please set the heap size to the default value (10240) 
[1441195944.158217] [node001:5986 :0]         sys.c:719  MXM  WARN  Conflicting CPU frequencies detected, using: 1495.69
[1441195944.173347] [node001:5986 :0]         mxm.c:185  MXM  WARN  The 'ulimit -s' on the system is set to 'unlimited'. This may have negative performance implications. Please set the heap size to the default value (10240) 
[1441195944.476449] [node003:14721:0]         sys.c:719  MXM  WARN  Conflicting CPU frequencies detected, using: 1699.97
[1441195944.480376] [node003:14721:0]         mxm.c:185  MXM  WARN  The 'ulimit -s' on the system is set to 'unlimited'. This may have negative performance implications. Please set the heap size to the default value (10240) 
[1441195944.497821] [node002:16818:0]         sys.c:719  MXM  WARN  Conflicting CPU frequencies detected, using: 1699.97
[1441195944.500907] [node002:16818:0]         mxm.c:185  MXM  WARN  The 'ulimit -s' on the system is set to 'unlimited'. This may have negative performance implications. Please set the heap size to the default value (10240) 
[1441195944.495298] [node002:16814:0]         sys.c:719  MXM  WARN  Conflicting CPU frequencies detected, using: 1699.97
[1441195944.498425] [node002:16814:0]         mxm.c:185  MXM  WARN  The 'ulimit -s' on the system is set to 'unlimited'. This may have negative performance implications. Please set the heap size to the default value (10240) 
[1441195944.517234] [node002:16848:0]         sys.c:719  MXM  WARN  Conflicting CPU frequencies detected, using: 1800.00
[1441195944.520007] [node002:16848:0]         mxm.c:185  MXM  WARN  The 'ulimit -s' on the system is set to 'unlimited'. This may have negative performance implications. Please set the heap size to the default value (10240) 
[1441195944.536886] [node009:2940 :0]         sys.c:719  MXM  WARN  Conflicting CPU frequencies detected, using: 1492.50
[1441195944.543173] [node009:2940 :0]         mxm.c:185  MXM  WARN  The 'ulimit -s' on the system is set to 'unlimited'. This may have negative performance implications. Please set the heap size to the default value (10240) 
[1441195944.528434] [node002:16860:0]         sys.c:719  MXM  WARN  Conflicting CPU frequencies detected, using: 1899.28
[1441195944.531289] [node002:16860:0]         mxm.c:185  MXM  WARN  The 'ulimit -s' on the system is set to 'unlimited'. This may have negative performance implications. Please set the heap size to the default value (10240) 
[1441195944.540283] [node003:14743:0]         sys.c:719  MXM  WARN  Conflicting CPU frequencies detected, using: 2099.25
[1441195944.543516] [node003:14743:0]         mxm.c:185  MXM  WARN  The 'ulimit -s' on the system is set to 'unlimited'. This may have negative performance implications. Please set the heap size to the default value (10240) 
[1441195944.541594] [node003:14740:0]         sys.c:719  MXM  WARN  Conflicting CPU frequencies detected, using: 2099.25
[1441195944.544745] [node003:14740:0]         mxm.c:185  MXM  WARN  The 'ulimit -s' on the system is set to 'unlimited'. This may have negative performance implications. Please set the heap size to the default value (10240) 
[1441195944.541632] [node003:14741:0]         sys.c:719  MXM  WARN  Conflicting CPU frequencies detected, using: 2099.25
[1441195944.544487] [node003:14741:0]         mxm.c:185  MXM  WARN  The 'ulimit -s' on the system is set to 'unlimited'. This may have negative performance implications. Please set the heap size to the default value (10240) 
[1441195944.534669] [node005:14757:0]         sys.c:719  MXM  WARN  Conflicting CPU frequencies detected, using: 1791.09
[1441195944.537775] [node005:14757:0]         mxm.c:185  MXM  WARN  The 'ulimit -s' on the system is set to 'unlimited'. This may have negative performance implications. Please set the heap size to the default value (10240) 
[1441195944.556636] [node004:14266:0]         sys.c:719  MXM  WARN  Conflicting CPU frequencies detected, using: 2099.06
[1441195944.559311] [node004:14266:0]         mxm.c:185  MXM  WARN  The 'ulimit -s' on the system is set to 'unlimited'. This may have negative performance implications. Please set the heap size to the default value (10240) 
[1441195944.554771] [node004:14265:0]         sys.c:719  MXM  WARN  Conflicting CPU frequencies detected, using: 1999.97
[1441195944.557801] [node004:14265:0]         mxm.c:185  MXM  WARN  The 'ulimit -s' on the system is set to 'unlimited'. This may have negative performance implications. Please set the heap size to the default value (10240) 
[1441195944.544230] [node005:14764:0]         sys.c:719  MXM  WARN  Conflicting CPU frequencies detected, using: 1791.09
[1441195944.548100] [node005:14764:0]         mxm.c:185  MXM  WARN  The 'ulimit -s' on the system is set to 'unlimited'. This may have negative performance implications. Please set the heap size to the default value (10240) 
[1441195944.559919] [node004:14267:0]         sys.c:719  MXM  WARN  Conflicting CPU frequencies detected, using: 2099.06
[1441195944.562846] [node004:14267:0]         mxm.c:185  MXM  WARN  The 'ulimit -s' on the system is set to 'unlimited'. This may have negative performance implications. Please set the heap size to the default value (10240) 
[1441195944.544713] [node010:2842 :0]         sys.c:719  MXM  WARN  Conflicting CPU frequencies detected, using: 1699.97
[1441195944.548248] [node010:2842 :0]         mxm.c:185  MXM  WARN  The 'ulimit -s' on the system is set to 'unlimited'. This may have negative performance implications. Please set the heap size to the default value (10240) 
[1441195944.558793] [node004:14314:0]         sys.c:719  MXM  WARN  Conflicting CPU frequencies detected, using: 2099.06
[1441195944.561880] [node004:14314:0]         mxm.c:185  MXM  WARN  The 'ulimit -s' on the system is set to 'unlimited'. This may have negative performance implications. Please set the heap size to the default value (10240) 
[1441195944.571099] [node005:14791:0]         sys.c:719  MXM  WARN  Conflicting CPU frequencies detected, using: 1890.66
[1441195944.574788] [node005:14791:0]         mxm.c:185  MXM  WARN  The 'ulimit -s' on the system is set to 'unlimited'. This may have negative performance implications. Please set the heap size to the default value (10240) 
[1441195944.637644] [node010:2866 :0]         sys.c:719  MXM  WARN  Conflicting CPU frequencies detected, using: 1612.59
[1441195944.641062] [node010:2866 :0]         mxm.c:185  MXM  WARN  The 'ulimit -s' on the system is set to 'unlimited'. This may have negative performance implications. Please set the heap size to the default value (10240) 
[1441195944.632707] [node009:2964 :0]         sys.c:719  MXM  WARN  Conflicting CPU frequencies detected, using: 1500.00
[1441195944.638606] [node009:2964 :0]         mxm.c:185  MXM  WARN  The 'ulimit -s' on the system is set to 'unlimited'. This may have negative performance implications. Please set the heap size to the default value (10240) 
[1441195944.669126] [node046:16938:0]         sys.c:719  MXM  WARN  Conflicting CPU frequencies detected, using: 1988.91
[1441195944.672591] [node046:16938:0]         mxm.c:185  MXM  WARN  The 'ulimit -s' on the system is set to 'unlimited'. This may have negative performance implications. Please set the heap size to the default value (10240) 
[1441195944.708698] [node010:2889 :0]         sys.c:719  MXM  WARN  Conflicting CPU frequencies detected, using: 1999.97
[1441195944.712088] [node010:2889 :0]         mxm.c:185  MXM  WARN  The 'ulimit -s' on the system is set to 'unlimited'. This may have negative performance implications. Please set the heap size to the default value (10240) 
[1441195944.705087] [node012:3047 :0]         sys.c:719  MXM  WARN  Conflicting CPU frequencies detected, using: 1794.00
[1441195944.709720] [node012:3047 :0]         mxm.c:185  MXM  WARN  The 'ulimit -s' on the system is set to 'unlimited'. This may have negative performance implications. Please set the heap size to the default value (10240) 
[1441195944.701452] [node012:3038 :0]         sys.c:719  MXM  WARN  Conflicting CPU frequencies detected, using: 1794.00
[1441195944.706692] [node012:3038 :0]         mxm.c:185  MXM  WARN  The 'ulimit -s' on the system is set to 'unlimited'. This may have negative performance implications. Please set the heap size to the default value (10240) 
[1441195944.717528] [node012:3069 :0]         sys.c:719  MXM  WARN  Conflicting CPU frequencies detected, using: 1796.81
[1441195944.722545] [node012:3069 :0]         mxm.c:185  MXM  WARN  The 'ulimit -s' on the system is set to 'unlimited'. This may have negative performance implications. Please set the heap size to the default value (10240) 
[1441195944.726145] [node015:32626:0]         sys.c:719  MXM  WARN  Conflicting CPU frequencies detected, using: 1684.88
[1441195944.731266] [node015:32626:0]         mxm.c:185  MXM  WARN  The 'ulimit -s' on the system is set to 'unlimited'. This may have negative performance implications. Please set the heap size to the default value (10240) 
[1441195944.742973] [node014:2602 :0]         sys.c:719  MXM  WARN  Conflicting CPU frequencies detected, using: 1997.34
[1441195944.746143] [node014:2602 :0]         mxm.c:185  MXM  WARN  The 'ulimit -s' on the system is set to 'unlimited'. This may have negative performance implications. Please set the heap size to the default value (10240) 
[1441195944.756896] [node010:2914 :0]         sys.c:719  MXM  WARN  Conflicting CPU frequencies detected, using: 2399.53
[1441195944.759674] [node010:2914 :0]         mxm.c:185  MXM  WARN  The 'ulimit -s' on the system is set to 'unlimited'. This may have negative performance implications. Please set the heap size to the default value (10240) 
[1441195944.737573] [node012:3089 :0]         sys.c:719  MXM  WARN  Conflicting CPU frequencies detected, using: 1897.78
[1441195944.742969] [node012:3089 :0]         mxm.c:185  MXM  WARN  The 'ulimit -s' on the system is set to 'unlimited'. This may have negative performance implications. Please set the heap size to the default value (10240) 
[1441195944.752086] [node046:16961:0]         sys.c:719  MXM  WARN  Conflicting CPU frequencies detected, using: 1895.44
[1441195944.754952] [node046:16961:0]         mxm.c:185  MXM  WARN  The 'ulimit -s' on the system is set to 'unlimited'. This may have negative performance implications. Please set the heap size to the default value (10240) 
[1441195944.744337] [node009:2990 :0]         sys.c:719  MXM  WARN  Conflicting CPU frequencies detected, using: 2099.06
[1441195944.749224] [node009:2990 :0]         mxm.c:185  MXM  WARN  The 'ulimit -s' on the system is set to 'unlimited'. This may have negative performance implications. Please set the heap size to the default value (10240) 
[1441195944.754388] [node046:16968:0]         sys.c:719  MXM  WARN  Conflicting CPU frequencies detected, using: 1895.44
[1441195944.757405] [node046:16968:0]         mxm.c:185  MXM  WARN  The 'ulimit -s' on the system is set to 'unlimited'. This may have negative performance implications. Please set the heap size to the default value (10240) 
[1441195944.753991] [node049:14603:0]         sys.c:719  MXM  WARN  Conflicting CPU frequencies detected, using: 1696.31
[1441195944.757055] [node049:14603:0]         mxm.c:185  MXM  WARN  The 'ulimit -s' on the system is set to 'unlimited'. This may have negative performance implications. Please set the heap size to the default value (10240) 
[1441195944.748265] [node049:14596:0]         sys.c:719  MXM  WARN  Conflicting CPU frequencies detected, using: 1696.31
[1441195944.751835] [node049:14596:0]         mxm.c:185  MXM  WARN  The 'ulimit -s' on the system is set to 'unlimited'. This may have negative performance implications. Please set the heap size to the default value (10240) 
[1441195944.768233] [node007:19387:0]         sys.c:719  MXM  WARN  Conflicting CPU frequencies detected, using: 2092.97
[1441195944.771026] [node007:19387:0]         mxm.c:185  MXM  WARN  The 'ulimit -s' on the system is set to 'unlimited'. This may have negative performance implications. Please set the heap size to the default value (10240) 
[1441195944.757732] [node009:3002 :0]         sys.c:719  MXM  WARN  Conflicting CPU frequencies detected, using: 2099.06
[1441195944.762568] [node009:3002 :0]         mxm.c:185  MXM  WARN  The 'ulimit -s' on the system is set to 'unlimited'. This may have negative performance implications. Please set the heap size to the default value (10240) 
[1441195944.769153] [node014:2622 :0]         sys.c:719  MXM  WARN  Conflicting CPU frequencies detected, using: 2198.81
[1441195944.771904] [node014:2622 :0]         mxm.c:185  MXM  WARN  The 'ulimit -s' on the system is set to 'unlimited'. This may have negative performance implications. Please set the heap size to the default value (10240) 
[1441195944.757087] [node007:19373:0]         sys.c:719  MXM  WARN  Conflicting CPU frequencies detected, using: 1996.41
[1441195944.760396] [node007:19373:0]         mxm.c:185  MXM  WARN  The 'ulimit -s' on the system is set to 'unlimited'. This may have negative performance implications. Please set the heap size to the default value (10240) 
[1441195944.768477] [node014:2612 :0]         sys.c:719  MXM  WARN  Conflicting CPU frequencies detected, using: 2198.81
[1441195944.771722] [node014:2612 :0]         mxm.c:185  MXM  WARN  The 'ulimit -s' on the system is set to 'unlimited'. This may have negative performance implications. Please set the heap size to the default value (10240) 
[1441195944.768984] [node014:2621 :0]         sys.c:719  MXM  WARN  Conflicting CPU frequencies detected, using: 2198.81
[1441195944.772259] [node014:2621 :0]         mxm.c:185  MXM  WARN  The 'ulimit -s' on the system is set to 'unlimited'. This may have negative performance implications. Please set the heap size to the default value (10240) 
[1441195944.761536] [node048:14592:0]         sys.c:719  MXM  WARN  Conflicting CPU frequencies detected, using: 1696.97
[1441195944.764650] [node048:14592:0]         mxm.c:185  MXM  WARN  The 'ulimit -s' on the system is set to 'unlimited'. This may have negative performance implications. Please set the heap size to the default value (10240) 
[1441195944.766615] [node007:19372:0]         sys.c:719  MXM  WARN  Conflicting CPU frequencies detected, using: 2092.97
[1441195944.770803] [node007:19372:0]         mxm.c:185  MXM  WARN  The 'ulimit -s' on the system is set to 'unlimited'. This may have negative performance implications. Please set the heap size to the default value (10240) 
[1441195944.769697] [node050:14513:0]         sys.c:719  MXM  WARN  Conflicting CPU frequencies detected, using: 1800.00
[1441195944.772566] [node050:14513:0]         mxm.c:185  MXM  WARN  The 'ulimit -s' on the system is set to 'unlimited'. This may have negative performance implications. Please set the heap size to the default value (10240) 
[1441195944.758284] [node005:14829:0]         sys.c:719  MXM  WARN  Conflicting CPU frequencies detected, using: 1604.62
[1441195944.761791] [node005:14829:0]         mxm.c:185  MXM  WARN  The 'ulimit -s' on the system is set to 'unlimited'. This may have negative performance implications. Please set the heap size to the default value (10240) 
[1441195944.764929] [node050:14512:0]         sys.c:719  MXM  WARN  Conflicting CPU frequencies detected, using: 1798.31
[1441195944.768052] [node050:14512:0]         mxm.c:185  MXM  WARN  The 'ulimit -s' on the system is set to 'unlimited'. This may have negative performance implications. Please set the heap size to the default value (10240) 
[1441195944.770785] [node006:14174:0]         sys.c:719  MXM  WARN  Conflicting CPU frequencies detected, using: 1995.09
[1441195944.773371] [node006:14174:0]         mxm.c:185  MXM  WARN  The 'ulimit -s' on the system is set to 'unlimited'. This may have negative performance implications. Please set the heap size to the default value (10240) 
[1441195944.765589] [node008:5969 :0]         sys.c:719  MXM  WARN  Conflicting CPU frequencies detected, using: 2084.25
[1441195944.770539] [node008:5969 :0]         mxm.c:185  MXM  WARN  The 'ulimit -s' on the system is set to 'unlimited'. This may have negative performance implications. Please set the heap size to the default value (10240) 
[1441195944.785001] [node006:14199:0]         sys.c:719  MXM  WARN  Conflicting CPU frequencies detected, using: 2099.72
[1441195944.787650] [node006:14199:0]         mxm.c:185  MXM  WARN  The 'ulimit -s' on the system is set to 'unlimited'. This may have negative performance implications. Please set the heap size to the default value (10240) 
[1441195944.775217] [node007:19402:0]         sys.c:719  MXM  WARN  Conflicting CPU frequencies detected, using: 2099.91
[1441195944.778670] [node007:19402:0]         mxm.c:185  MXM  WARN  The 'ulimit -s' on the system is set to 'unlimited'. This may have negative performance implications. Please set the heap size to the default value (10240) 
[1441195944.779882] [node050:14540:0]         sys.c:719  MXM  WARN  Conflicting CPU frequencies detected, using: 1894.88
[1441195944.782716] [node050:14540:0]         mxm.c:185  MXM  WARN  The 'ulimit -s' on the system is set to 'unlimited'. This may have negative performance implications. Please set the heap size to the default value (10240) 
[1441195944.768233] [node006:14168:0]         sys.c:719  MXM  WARN  Conflicting CPU frequencies detected, using: 1995.09
[1441195944.771541] [node006:14168:0]         mxm.c:185  MXM  WARN  The 'ulimit -s' on the system is set to 'unlimited'. This may have negative performance implications. Please set the heap size to the default value (10240) 
[1441195944.764622] [node015:32643:0]         sys.c:719  MXM  WARN  Conflicting CPU frequencies detected, using: 1894.88
[1441195944.769461] [node015:32643:0]         mxm.c:185  MXM  WARN  The 'ulimit -s' on the system is set to 'unlimited'. This may have negative performance implications. Please set the heap size to the default value (10240) 
[1441195944.782398] [node048:14609:0]         sys.c:719  MXM  WARN  Conflicting CPU frequencies detected, using: 1895.81
[1441195944.785624] [node048:14609:0]         mxm.c:185  MXM  WARN  The 'ulimit -s' on the system is set to 'unlimited'. This may have negative performance implications. Please set the heap size to the default value (10240) 
[1441195944.768958] [node047:14533:0]         sys.c:719  MXM  WARN  Conflicting CPU frequencies detected, using: 1797.56
[1441195944.772254] [node047:14533:0]         mxm.c:185  MXM  WARN  The 'ulimit -s' on the system is set to 'unlimited'. This may have negative performance implications. Please set the heap size to the default value (10240) 
[1441195944.769649] [node008:5968 :0]         sys.c:719  MXM  WARN  Conflicting CPU frequencies detected, using: 2084.25
[1441195944.774499] [node008:5968 :0]         mxm.c:185  MXM  WARN  The 'ulimit -s' on the system is set to 'unlimited'. This may have negative performance implications. Please set the heap size to the default value (10240) 
[1441195944.768859] [node013:3129 :0]         sys.c:719  MXM  WARN  Conflicting CPU frequencies detected, using: 1899.94
[1441195944.774026] [node013:3129 :0]         mxm.c:185  MXM  WARN  The 'ulimit -s' on the system is set to 'unlimited'. This may have negative performance implications. Please set the heap size to the default value (10240) 
[1441195944.787816] [node006:14198:0]         sys.c:719  MXM  WARN  Conflicting CPU frequencies detected, using: 2099.72
[1441195944.790359] [node006:14198:0]         mxm.c:185  MXM  WARN  The 'ulimit -s' on the system is set to 'unlimited'. This may have negative performance implications. Please set the heap size to the default value (10240) 
[1441195944.788055] [node046:16996:0]         sys.c:719  MXM  WARN  Conflicting CPU frequencies detected, using: 2080.69
[1441195944.791118] [node046:16996:0]         mxm.c:185  MXM  WARN  The 'ulimit -s' on the system is set to 'unlimited'. This may have negative performance implications. Please set the heap size to the default value (10240) 
[1441195944.772875] [node015:32648:0]         sys.c:719  MXM  WARN  Conflicting CPU frequencies detected, using: 1997.44
[1441195944.782223] [node015:32648:0]         mxm.c:185  MXM  WARN  The 'ulimit -s' on the system is set to 'unlimited'. This may have negative performance implications. Please set the heap size to the default value (10240) 
[1441195944.775210] [node011:2841 :0]         sys.c:719  MXM  WARN  Conflicting CPU frequencies detected, using: 1899.09
[1441195944.779741] [node011:2841 :0]         mxm.c:185  MXM  WARN  The 'ulimit -s' on the system is set to 'unlimited'. This may have negative performance implications. Please set the heap size to the default value (10240) 
[1441195944.769732] [node011:2837 :0]         sys.c:719  MXM  WARN  Conflicting CPU frequencies detected, using: 1797.75
[1441195944.775068] [node011:2837 :0]         mxm.c:185  MXM  WARN  The 'ulimit -s' on the system is set to 'unlimited'. This may have negative performance implications. Please set the heap size to the default value (10240) 
[1441195944.774120] [node008:5994 :0]         sys.c:719  MXM  WARN  Conflicting CPU frequencies detected, using: 2084.25
[1441195944.784118] [node008:5994 :0]         mxm.c:185  MXM  WARN  The 'ulimit -s' on the system is set to 'unlimited'. This may have negative performance implications. Please set the heap size to the default value (10240) 
[1441195944.772938] [node015:32654:0]         sys.c:719  MXM  WARN  Conflicting CPU frequencies detected, using: 1997.44
[1441195944.782999] [node015:32654:0]         mxm.c:185  MXM  WARN  The 'ulimit -s' on the system is set to 'unlimited'. This may have negative performance implications. Please set the heap size to the default value (10240) 
[1441195944.777316] [node008:5983 :0]         sys.c:719  MXM  WARN  Conflicting CPU frequencies detected, using: 2099.91
[1441195944.787172] [node008:5983 :0]         mxm.c:185  MXM  WARN  The 'ulimit -s' on the system is set to 'unlimited'. This may have negative performance implications. Please set the heap size to the default value (10240) 
[1441195944.797162] [node048:14619:0]         sys.c:719  MXM  WARN  Conflicting CPU frequencies detected, using: 1998.47
[1441195944.800216] [node048:14619:0]         mxm.c:185  MXM  WARN  The 'ulimit -s' on the system is set to 'unlimited'. This may have negative performance implications. Please set the heap size to the default value (10240) 
[1441195944.784406] [node011:2856 :0]         sys.c:719  MXM  WARN  Conflicting CPU frequencies detected, using: 1988.53
[1441195944.791658] [node011:2856 :0]         mxm.c:185  MXM  WARN  The 'ulimit -s' on the system is set to 'unlimited'. This may have negative performance implications. Please set the heap size to the default value (10240) 
[1441195944.802211] [node047:14551:0]         sys.c:719  MXM  WARN  Conflicting CPU frequencies detected, using: 2099.06
[1441195944.804622] [node047:14551:0]         mxm.c:185  MXM  WARN  The 'ulimit -s' on the system is set to 'unlimited'. This may have negative performance implications. Please set the heap size to the default value (10240) 
[1441195944.793809] [node050:14562:0]         sys.c:719  MXM  WARN  Conflicting CPU frequencies detected, using: 1999.59
[1441195944.797167] [node050:14562:0]         mxm.c:185  MXM  WARN  The 'ulimit -s' on the system is set to 'unlimited'. This may have negative performance implications. Please set the heap size to the default value (10240) 
[1441195944.799184] [node048:14616:0]         sys.c:719  MXM  WARN  Conflicting CPU frequencies detected, using: 1998.47
[1441195944.801964] [node048:14616:0]         mxm.c:185  MXM  WARN  The 'ulimit -s' on the system is set to 'unlimited'. This may have negative performance implications. Please set the heap size to the default value (10240) 
[1441195944.787973] [node011:2864 :0]         sys.c:719  MXM  WARN  Conflicting CPU frequencies detected, using: 1988.53
[1441195944.794706] [node011:2864 :0]         mxm.c:185  MXM  WARN  The 'ulimit -s' on the system is set to 'unlimited'. This may have negative performance implications. Please set the heap size to the default value (10240) 
[1441195944.779328] [node013:3159 :0]         sys.c:719  MXM  WARN  Conflicting CPU frequencies detected, using: 1997.53
[1441195944.789302] [node013:3159 :0]         mxm.c:185  MXM  WARN  The 'ulimit -s' on the system is set to 'unlimited'. This may have negative performance implications. Please set the heap size to the default value (10240) 
[1441195944.779787] [node013:3130 :0]         sys.c:719  MXM  WARN  Conflicting CPU frequencies detected, using: 1997.53
[1441195944.790807] [node013:3130 :0]         mxm.c:185  MXM  WARN  The 'ulimit -s' on the system is set to 'unlimited'. This may have negative performance implications. Please set the heap size to the default value (10240) 
[1441195944.806196] [node049:14642:0]         sys.c:719  MXM  WARN  Conflicting CPU frequencies detected, using: 2095.69
[1441195944.808863] [node049:14642:0]         mxm.c:185  MXM  WARN  The 'ulimit -s' on the system is set to 'unlimited'. This may have negative performance implications. Please set the heap size to the default value (10240) 
[1441195944.806577] [node047:14552:0]         sys.c:719  MXM  WARN  Conflicting CPU frequencies detected, using: 2099.06
[1441195944.810075] [node047:14552:0]         mxm.c:185  MXM  WARN  The 'ulimit -s' on the system is set to 'unlimited'. This may have negative performance implications. Please set the heap size to the default value (10240) 
[1441195944.777429] [node013:3131 :0]         sys.c:719  MXM  WARN  Conflicting CPU frequencies detected, using: 1995.47
[1441195944.788574] [node013:3131 :0]         mxm.c:185  MXM  WARN  The 'ulimit -s' on the system is set to 'unlimited'. This may have negative performance implications. Please set the heap size to the default value (10240) 
[1441195944.801002] [node049:14634:0]         sys.c:719  MXM  WARN  Conflicting CPU frequencies detected, using: 1999.50
[1441195944.804306] [node049:14634:0]         mxm.c:185  MXM  WARN  The 'ulimit -s' on the system is set to 'unlimited'. This may have negative performance implications. Please set the heap size to the default value (10240) 
[1441195944.812086] [node047:14570:0]         sys.c:719  MXM  WARN  Conflicting CPU frequencies detected, using: 2170.97
[1441195944.815598] [node047:14570:0]         mxm.c:185  MXM  WARN  The 'ulimit -s' on the system is set to 'unlimited'. This may have negative performance implications. Please set the heap size to the default value (10240) 
UPCR: UPC thread  2 of 80 on node001 (pshm node  0 of 20, process  2 of 80, pid=5985)
UPCR: UPC thread  3 of 80 on node001 (pshm node  0 of 20, process  3 of 80, pid=5986)
UPCR: UPC thread  1 of 80 on node001 (pshm node  0 of 20, process  1 of 80, pid=5984)
UPCR: UPC thread  0 of 80 on node001 (pshm node  0 of 20, process  0 of 80, pid=5983)
UPCR: UPC thread 44 of 80 on node012 (pshm node 11 of 20, process 44 of 80, pid=3038)
UPCR: UPC thread 28 of 80 on node008 (pshm node  7 of 20, process 28 of 80, pid=5983)
UPCR: UPC thread 51 of 80 on node013 (pshm node 12 of 20, process 51 of 80, pid=3130)
UPCR: UPC thread 42 of 80 on node011 (pshm node 10 of 20, process 42 of 80, pid=2856)
UPCR: UPC thread  8 of 80 on node003 (pshm node  2 of 20, process  8 of 80, pid=14740)
UPCR: UPC thread  9 of 80 on node003 (pshm node  2 of 20, process  9 of 80, pid=14721)
UPCR: UPC thread 31 of 80 on node008 (pshm node  7 of 20, process 31 of 80, pid=5994)
UPCR: UPC thread  6 of 80 on node002 (pshm node  1 of 20, process  6 of 80, pid=16848)
UPCR: UPC thread 69 of 80 on node048 (pshm node 17 of 20, process 69 of 80, pid=14619)
UPCR: UPC thread 30 of 80 on node008 (pshm node  7 of 20, process 30 of 80, pid=5968)
UPCR: UPC thread 78 of 80 on node050 (pshm node 19 of 20, process 78 of 80, pid=14513)
UPCR: UPC thread 10 of 80 on node003 (pshm node  2 of 20, process 10 of 80, pid=14743)
UPCR: UPC thread  4 of 80 on node002 (pshm node  1 of 20, process  4 of 80, pid=16818)
UPCR: UPC thread 22 of 80 on node006 (pshm node  5 of 20, process 22 of 80, pid=14199)
UPCR: UPC thread 70 of 80 on node048 (pshm node 17 of 20, process 70 of 80, pid=14609)
UPCR: UPC thread 13 of 80 on node004 (pshm node  3 of 20, process 13 of 80, pid=14265)
UPCR: UPC thread 36 of 80 on node010 (pshm node  9 of 20, process 36 of 80, pid=2866)
UPCR: UPC thread  7 of 80 on node002 (pshm node  1 of 20, process  7 of 80, pid=16860)
UPCR: UPC thread 54 of 80 on node014 (pshm node 13 of 20, process 54 of 80, pid=2602)
UPCR: UPC thread 11 of 80 on node003 (pshm node  2 of 20, process 11 of 80, pid=14741)
UPCR: UPC thread 65 of 80 on node047 (pshm node 16 of 20, process 65 of 80, pid=14551)
UPCR: UPC thread 39 of 80 on node010 (pshm node  9 of 20, process 39 of 80, pid=2914)
UPCR: UPC thread 40 of 80 on node011 (pshm node 10 of 20, process 40 of 80, pid=2864)
UPCR: UPC thread 58 of 80 on node015 (pshm node 14 of 20, process 58 of 80, pid=32654)
UPCR: UPC thread 64 of 80 on node047 (pshm node 16 of 20, process 64 of 80, pid=14570)
UPCR: UPC thread 53 of 80 on node014 (pshm node 13 of 20, process 53 of 80, pid=2612)
UPCR: UPC thread 32 of 80 on node009 (pshm node  8 of 20, process 32 of 80, pid=2940)
UPCR: UPC thread 73 of 80 on node049 (pshm node 18 of 20, process 73 of 80, pid=14642)
UPCR: UPC thread 45 of 80 on node012 (pshm node 11 of 20, process 45 of 80, pid=3047)
UPCR: UPC thread 38 of 80 on node010 (pshm node  9 of 20, process 38 of 80, pid=2842)
UPCR: UPC thread 49 of 80 on node013 (pshm node 12 of 20, process 49 of 80, pid=3131)
UPCR: UPC thread 41 of 80 on node011 (pshm node 10 of 20, process 41 of 80, pid=2841)
UPCR: UPC thread 76 of 80 on node050 (pshm node 19 of 20, process 76 of 80, pid=14512)
UPCR: UPC thread 33 of 80 on node009 (pshm node  8 of 20, process 33 of 80, pid=2964)
UPCR: UPC thread 60 of 80 on node046 (pshm node 15 of 20, process 60 of 80, pid=16996)
UPCR: UPC thread 26 of 80 on node007 (pshm node  6 of 20, process 26 of 80, pid=19373)
UPCR: UPC thread 75 of 80 on node049 (pshm node 18 of 20, process 75 of 80, pid=14634)
UPCR: UPC thread 72 of 80 on node049 (pshm node 18 of 20, process 72 of 80, pid=14596)
UPCR: UPC thread 46 of 80 on node012 (pshm node 11 of 20, process 46 of 80, pid=3069)
UPCR: UPC thread 37 of 80 on node010 (pshm node  9 of 20, process 37 of 80, pid=2889)
UPCR: UPC thread 61 of 80 on node046 (pshm node 15 of 20, process 61 of 80, pid=16961)
UPCR: UPC thread 16 of 80 on node005 (pshm node  4 of 20, process 16 of 80, pid=14757)
UPCR: UPC thread 59 of 80 on node015 (pshm node 14 of 20, process 59 of 80, pid=32643)
UPCR: UPC thread 47 of 80 on node012 (pshm node 11 of 20, process 47 of 80, pid=3089)
UPCR: UPC thread 66 of 80 on node047 (pshm node 16 of 20, process 66 of 80, pid=14552)
UPCR: UPC thread 29 of 80 on node008 (pshm node  7 of 20, process 29 of 80, pid=5969)
UPCR: UPC thread 19 of 80 on node005 (pshm node  4 of 20, process 19 of 80, pid=14791)
UPCR: UPC thread 48 of 80 on node013 (pshm node 12 of 20, process 48 of 80, pid=3129)
UPCR: UPC thread 63 of 80 on node046 (pshm node 15 of 20, process 63 of 80, pid=16968)
UPCR: UPC thread 62 of 80 on node046 (pshm node 15 of 20, process 62 of 80, pid=16938)
UPCR: UPC thread 68 of 80 on node048 (pshm node 17 of 20, process 68 of 80, pid=14592)
UPCR: UPC thread 20 of 80 on node006 (pshm node  5 of 20, process 20 of 80, pid=14198)
UPCR: UPC thread 27 of 80 on node007 (pshm node  6 of 20, process 27 of 80, pid=19402)
UPCR: UPC thread 50 of 80 on node013 (pshm node 12 of 20, process 50 of 80, pid=3159)
UPCR: UPC thread 52 of 80 on node014 (pshm node 13 of 20, process 52 of 80, pid=2622)
UPCR: UPC thread 23 of 80 on node006 (pshm node  5 of 20, process 23 of 80, pid=14174)
UPCR: UPC thread 74 of 80 on node049 (pshm node 18 of 20, process 74 of 80, pid=14603)
UPCR: UPC thread 24 of 80 on node007 (pshm node  6 of 20, process 24 of 80, pid=19372)
UPCR: UPC thread 17 of 80 on node005 (pshm node  4 of 20, process 17 of 80, pid=14764)
UPCR: UPC thread 57 of 80 on node015 (pshm node 14 of 20, process 57 of 80, pid=32626)
UPCR: UPC thread 79 of 80 on node050 (pshm node 19 of 20, process 79 of 80, pid=14540)
UPCR: UPC thread  5 of 80 on node002 (pshm node  1 of 20, process  5 of 80, pid=16814)
UPCR: UPC thread 77 of 80 on node050 (pshm node 19 of 20, process 77 of 80, pid=14562)
UPCR: UPC thread 71 of 80 on node048 (pshm node 17 of 20, process 71 of 80, pid=14616)
UPCR: UPC thread 67 of 80 on node047 (pshm node 16 of 20, process 67 of 80, pid=14533)
UPCR: UPC thread 18 of 80 on node005 (pshm node  4 of 20, process 18 of 80, pid=14829)
UPCR: UPC thread 14 of 80 on node004 (pshm node  3 of 20, process 14 of 80, pid=14314)
UPCR: UPC thread 35 of 80 on node009 (pshm node  8 of 20, process 35 of 80, pid=2990)
UPCR: UPC thread 21 of 80 on node006 (pshm node  5 of 20, process 21 of 80, pid=14168)
UPCR: UPC thread 25 of 80 on node007 (pshm node  6 of 20, process 25 of 80, pid=19387)
UPCR: UPC thread 12 of 80 on node004 (pshm node  3 of 20, process 12 of 80, pid=14266)
UPCR: UPC thread 55 of 80 on node014 (pshm node 13 of 20, process 55 of 80, pid=2621)
UPCR: UPC thread 56 of 80 on node015 (pshm node 14 of 20, process 56 of 80, pid=32648)
UPCR: UPC thread 15 of 80 on node004 (pshm node  3 of 20, process 15 of 80, pid=14267)
UPCR: UPC thread 34 of 80 on node009 (pshm node  8 of 20, process 34 of 80, pid=3002)
UPCR: UPC thread 43 of 80 on node011 (pshm node 10 of 20, process 43 of 80, pid=2837)
0/80 - htable initialized
0/80 - table size: 85899345920 bytes (81920 MB)
0/80 - total number of buckets: 10737418240
0/80 - block size: 1073741824 (1024 MB)
0/80 - number of buckets in block: 134217728
0/80 - number of blocks: 80
56/80 - Performed a throughput benchmark:
56/80 - Performed 2000000 find-or-put operations with random values from [0,...,103999999]
56/80 - Finds: 899731 (0.449865), Inserts: 1100269 (0.550134), Errors: 0 (0)
56/80 - Execution time: 9.39252 seconds
56/80 - Throughput: 212935 ops/sec
51/80 - Performed a throughput benchmark:
51/80 - Performed 2000000 find-or-put operations with random values from [0,...,103999999]
51/80 - Finds: 898510 (0.449255), Inserts: 1101490 (0.550745), Errors: 0 (0)
51/80 - Execution time: 9.39685 seconds
51/80 - Throughput: 212837 ops/sec
37/80 - Performed a throughput benchmark:
37/80 - Performed 2000000 find-or-put operations with random values from [0,...,103999999]
37/80 - Finds: 899418 (0.449709), Inserts: 1100582 (0.550291), Errors: 0 (0)
37/80 - Execution time: 9.38559 seconds
37/80 - Throughput: 213093 ops/sec
38/80 - Performed a throughput benchmark:
38/80 - Performed 2000000 find-or-put operations with random values from [0,...,103999999]
38/80 - Finds: 898818 (0.449409), Inserts: 1101182 (0.550591), Errors: 0 (0)
38/80 - Execution time: 9.3885 seconds
38/80 - Throughput: 213027 ops/sec
47/80 - Performed a throughput benchmark:
47/80 - Performed 2000000 find-or-put operations with random values from [0,...,103999999]
47/80 - Finds: 900487 (0.450244), Inserts: 1099513 (0.549756), Errors: 0 (0)
47/80 - Execution time: 9.40135 seconds
47/80 - Throughput: 212735 ops/sec
54/80 - Performed a throughput benchmark:
54/80 - Performed 2000000 find-or-put operations with random values from [0,...,103999999]
54/80 - Finds: 898796 (0.449398), Inserts: 1101204 (0.550602), Errors: 0 (0)
54/80 - Execution time: 9.39946 seconds
54/80 - Throughput: 212778 ops/sec
57/80 - Performed a throughput benchmark:
57/80 - Performed 2000000 find-or-put operations with random values from [0,...,103999999]
57/80 - Finds: 897924 (0.448962), Inserts: 1102076 (0.551038), Errors: 0 (0)
57/80 - Execution time: 9.40229 seconds
57/80 - Throughput: 212714 ops/sec
43/80 - Performed a throughput benchmark:
43/80 - Performed 2000000 find-or-put operations with random values from [0,...,103999999]
43/80 - Finds: 900795 (0.450398), Inserts: 1099205 (0.549602), Errors: 0 (0)
43/80 - Execution time: 9.40537 seconds
43/80 - Throughput: 212644 ops/sec
52/80 - Performed a throughput benchmark:
52/80 - Performed 2000000 find-or-put operations with random values from [0,...,103999999]
52/80 - Finds: 900022 (0.450011), Inserts: 1099978 (0.549989), Errors: 0 (0)
52/80 - Execution time: 9.40293 seconds
52/80 - Throughput: 212700 ops/sec
44/80 - Performed a throughput benchmark:
44/80 - Performed 2000000 find-or-put operations with random values from [0,...,103999999]
44/80 - Finds: 899800 (0.4499), Inserts: 1100200 (0.5501), Errors: 0 (0)
44/80 - Execution time: 9.40704 seconds
44/80 - Throughput: 212607 ops/sec
30/80 - Performed a throughput benchmark:
30/80 - Performed 2000000 find-or-put operations with random values from [0,...,103999999]
30/80 - Finds: 900758 (0.450379), Inserts: 1099242 (0.549621), Errors: 0 (0)
30/80 - Execution time: 9.40318 seconds
30/80 - Throughput: 212694 ops/sec
46/80 - Performed a throughput benchmark:
46/80 - Performed 2000000 find-or-put operations with random values from [0,...,103999999]
46/80 - Finds: 899651 (0.449825), Inserts: 1100349 (0.550175), Errors: 0 (0)
46/80 - Execution time: 9.39901 seconds
46/80 - Throughput: 212788 ops/sec
59/80 - Performed a throughput benchmark:
59/80 - Performed 2000000 find-or-put operations with random values from [0,...,103999999]
59/80 - Finds: 900279 (0.45014), Inserts: 1099721 (0.54986), Errors: 0 (0)
59/80 - Execution time: 9.40287 seconds
59/80 - Throughput: 212701 ops/sec
53/80 - Performed a throughput benchmark:
53/80 - Performed 2000000 find-or-put operations with random values from [0,...,103999999]
53/80 - Finds: 898116 (0.449058), Inserts: 1101884 (0.550942), Errors: 0 (0)
53/80 - Execution time: 9.39639 seconds
53/80 - Throughput: 212848 ops/sec
55/80 - Performed a throughput benchmark:
55/80 - Performed 2000000 find-or-put operations with random values from [0,...,103999999]
55/80 - Finds: 900515 (0.450257), Inserts: 1099485 (0.549743), Errors: 0 (0)
55/80 - Execution time: 9.39683 seconds
55/80 - Throughput: 212838 ops/sec
48/80 - Performed a throughput benchmark:
48/80 - Performed 2000000 find-or-put operations with random values from [0,...,103999999]
48/80 - Finds: 901182 (0.450591), Inserts: 1098818 (0.549409), Errors: 0 (0)
48/80 - Execution time: 9.40791 seconds
48/80 - Throughput: 212587 ops/sec
34/80 - Performed a throughput benchmark:
34/80 - Performed 2000000 find-or-put operations with random values from [0,...,103999999]
34/80 - Finds: 899623 (0.449811), Inserts: 1100377 (0.550188), Errors: 0 (0)
34/80 - Execution time: 9.40156 seconds
34/80 - Throughput: 212731 ops/sec
28/80 - Performed a throughput benchmark:
28/80 - Performed 2000000 find-or-put operations with random values from [0,...,103999999]
28/80 - Finds: 900886 (0.450443), Inserts: 1099114 (0.549557), Errors: 0 (0)
28/80 - Execution time: 9.42267 seconds
28/80 - Throughput: 212254 ops/sec
45/80 - Performed a throughput benchmark:
45/80 - Performed 2000000 find-or-put operations with random values from [0,...,103999999]
45/80 - Finds: 900843 (0.450421), Inserts: 1099157 (0.549578), Errors: 0 (0)
45/80 - Execution time: 9.40869 seconds
45/80 - Throughput: 212569 ops/sec
49/80 - Performed a throughput benchmark:
49/80 - Performed 2000000 find-or-put operations with random values from [0,...,103999999]
49/80 - Finds: 899379 (0.44969), Inserts: 1100621 (0.550311), Errors: 0 (0)
49/80 - Execution time: 9.3996 seconds
49/80 - Throughput: 212775 ops/sec
35/80 - Performed a throughput benchmark:
35/80 - Performed 2000000 find-or-put operations with random values from [0,...,103999999]
35/80 - Finds: 901176 (0.450588), Inserts: 1098824 (0.549412), Errors: 0 (0)
35/80 - Execution time: 9.41947 seconds
35/80 - Throughput: 212326 ops/sec
50/80 - Performed a throughput benchmark:
50/80 - Performed 2000000 find-or-put operations with random values from [0,...,103999999]
50/80 - Finds: 900193 (0.450097), Inserts: 1099807 (0.549903), Errors: 0 (0)
50/80 - Execution time: 9.40449 seconds
50/80 - Throughput: 212664 ops/sec
33/80 - Performed a throughput benchmark:
33/80 - Performed 2000000 find-or-put operations with random values from [0,...,103999999]
33/80 - Finds: 900506 (0.450253), Inserts: 1099494 (0.549747), Errors: 0 (0)
33/80 - Execution time: 9.418 seconds
33/80 - Throughput: 212359 ops/sec
40/80 - Performed a throughput benchmark:
40/80 - Performed 2000000 find-or-put operations with random values from [0,...,103999999]
40/80 - Finds: 898792 (0.449396), Inserts: 1101208 (0.550604), Errors: 0 (0)
40/80 - Execution time: 9.40505 seconds
40/80 - Throughput: 212652 ops/sec
36/80 - Performed a throughput benchmark:
36/80 - Performed 2000000 find-or-put operations with random values from [0,...,103999999]
36/80 - Finds: 899184 (0.449592), Inserts: 1100816 (0.550408), Errors: 0 (0)
36/80 - Execution time: 9.40451 seconds
36/80 - Throughput: 212664 ops/sec
42/80 - Performed a throughput benchmark:
42/80 - Performed 2000000 find-or-put operations with random values from [0,...,103999999]
42/80 - Finds: 900342 (0.450171), Inserts: 1099658 (0.549829), Errors: 0 (0)
42/80 - Execution time: 9.40712 seconds
42/80 - Throughput: 212605 ops/sec
58/80 - Performed a throughput benchmark:
58/80 - Performed 2000000 find-or-put operations with random values from [0,...,103999999]
58/80 - Finds: 900966 (0.450483), Inserts: 1099034 (0.549517), Errors: 0 (0)
58/80 - Execution time: 9.4129 seconds
58/80 - Throughput: 212474 ops/sec
41/80 - Performed a throughput benchmark:
41/80 - Performed 2000000 find-or-put operations with random values from [0,...,103999999]
41/80 - Finds: 900332 (0.450166), Inserts: 1099668 (0.549834), Errors: 0 (0)
41/80 - Execution time: 9.41797 seconds
41/80 - Throughput: 212360 ops/sec
31/80 - Performed a throughput benchmark:
31/80 - Performed 2000000 find-or-put operations with random values from [0,...,103999999]
31/80 - Finds: 900987 (0.450493), Inserts: 1099013 (0.549507), Errors: 0 (0)
31/80 - Execution time: 9.41831 seconds
31/80 - Throughput: 212352 ops/sec
32/80 - Performed a throughput benchmark:
32/80 - Performed 2000000 find-or-put operations with random values from [0,...,103999999]
32/80 - Finds: 901199 (0.450599), Inserts: 1098801 (0.5494), Errors: 0 (0)
32/80 - Execution time: 9.42354 seconds
32/80 - Throughput: 212234 ops/sec
29/80 - Performed a throughput benchmark:
29/80 - Performed 2000000 find-or-put operations with random values from [0,...,103999999]
29/80 - Finds: 900558 (0.450279), Inserts: 1099442 (0.549721), Errors: 0 (0)
29/80 - Execution time: 9.41611 seconds
29/80 - Throughput: 212402 ops/sec
39/80 - Performed a throughput benchmark:
39/80 - Performed 2000000 find-or-put operations with random values from [0,...,103999999]
39/80 - Finds: 898909 (0.449454), Inserts: 1101091 (0.550546), Errors: 0 (0)
39/80 - Execution time: 9.39762 seconds
39/80 - Throughput: 212820 ops/sec
79/80 - Performed a throughput benchmark:
79/80 - Performed 2000000 find-or-put operations with random values from [0,...,103999999]
79/80 - Finds: 1003623 (0.501811), Inserts: 996377 (0.498188), Errors: 0 (0)
79/80 - Execution time: 11.0133 seconds
79/80 - Throughput: 181598 ops/sec
8/80 - Performed a throughput benchmark:
8/80 - Performed 2000000 find-or-put operations with random values from [0,...,103999999]
8/80 - Finds: 1011312 (0.505656), Inserts: 988688 (0.494344), Errors: 0 (0)
8/80 - Execution time: 11.0654 seconds
8/80 - Throughput: 180744 ops/sec
1/80 - Performed a throughput benchmark:
1/80 - Performed 2000000 find-or-put operations with random values from [0,...,103999999]
1/80 - Finds: 1012164 (0.506082), Inserts: 987836 (0.493918), Errors: 0 (0)
1/80 - Execution time: 11.0714 seconds
1/80 - Throughput: 180645 ops/sec
13/80 - Performed a throughput benchmark:
13/80 - Performed 2000000 find-or-put operations with random values from [0,...,103999999]
13/80 - Finds: 1010769 (0.505385), Inserts: 989231 (0.494615), Errors: 0 (0)
13/80 - Execution time: 11.0638 seconds
13/80 - Throughput: 180769 ops/sec
24/80 - Performed a throughput benchmark:
24/80 - Performed 2000000 find-or-put operations with random values from [0,...,103999999]
24/80 - Finds: 1012723 (0.506362), Inserts: 987277 (0.493638), Errors: 0 (0)
24/80 - Execution time: 11.0981 seconds
24/80 - Throughput: 180212 ops/sec
22/80 - Performed a throughput benchmark:
22/80 - Performed 2000000 find-or-put operations with random values from [0,...,103999999]
22/80 - Finds: 1012070 (0.506035), Inserts: 987930 (0.493965), Errors: 0 (0)
22/80 - Execution time: 11.0808 seconds
22/80 - Throughput: 180493 ops/sec
7/80 - Performed a throughput benchmark:
7/80 - Performed 2000000 find-or-put operations with random values from [0,...,103999999]
7/80 - Finds: 1010614 (0.505307), Inserts: 989386 (0.494693), Errors: 0 (0)
7/80 - Execution time: 11.0835 seconds
7/80 - Throughput: 180448 ops/sec
25/80 - Performed a throughput benchmark:
25/80 - Performed 2000000 find-or-put operations with random values from [0,...,103999999]
25/80 - Finds: 1012285 (0.506143), Inserts: 987715 (0.493858), Errors: 0 (0)
25/80 - Execution time: 11.1023 seconds
25/80 - Throughput: 180142 ops/sec
12/80 - Performed a throughput benchmark:
12/80 - Performed 2000000 find-or-put operations with random values from [0,...,103999999]
12/80 - Finds: 1011981 (0.505991), Inserts: 988019 (0.494009), Errors: 0 (0)
12/80 - Execution time: 11.0975 seconds
12/80 - Throughput: 180221 ops/sec
76/80 - Performed a throughput benchmark:
76/80 - Performed 2000000 find-or-put operations with random values from [0,...,103999999]
76/80 - Finds: 1011554 (0.505777), Inserts: 988446 (0.494223), Errors: 0 (0)
76/80 - Execution time: 11.1772 seconds
76/80 - Throughput: 178936 ops/sec
77/80 - Performed a throughput benchmark:
77/80 - Performed 2000000 find-or-put operations with random values from [0,...,103999999]
77/80 - Finds: 1011413 (0.505706), Inserts: 988587 (0.494293), Errors: 0 (0)
77/80 - Execution time: 11.2013 seconds
77/80 - Throughput: 178550 ops/sec
20/80 - Performed a throughput benchmark:
20/80 - Performed 2000000 find-or-put operations with random values from [0,...,103999999]
20/80 - Finds: 1013904 (0.506952), Inserts: 986096 (0.493048), Errors: 0 (0)
20/80 - Execution time: 11.1946 seconds
20/80 - Throughput: 178657 ops/sec
78/80 - Performed a throughput benchmark:
78/80 - Performed 2000000 find-or-put operations with random values from [0,...,103999999]
78/80 - Finds: 1016142 (0.508071), Inserts: 983858 (0.491929), Errors: 0 (0)
78/80 - Execution time: 11.2556 seconds
78/80 - Throughput: 177689 ops/sec
6/80 - Performed a throughput benchmark:
6/80 - Performed 2000000 find-or-put operations with random values from [0,...,103999999]
6/80 - Finds: 1016929 (0.508464), Inserts: 983071 (0.491536), Errors: 0 (0)
6/80 - Execution time: 11.2335 seconds
6/80 - Throughput: 178038 ops/sec
27/80 - Performed a throughput benchmark:
27/80 - Performed 2000000 find-or-put operations with random values from [0,...,103999999]
27/80 - Finds: 1018383 (0.509192), Inserts: 981617 (0.490808), Errors: 0 (0)
27/80 - Execution time: 11.2278 seconds
27/80 - Throughput: 178129 ops/sec
23/80 - Performed a throughput benchmark:
23/80 - Performed 2000000 find-or-put operations with random values from [0,...,103999999]
23/80 - Finds: 1020047 (0.510023), Inserts: 979953 (0.489976), Errors: 0 (0)
23/80 - Execution time: 11.2595 seconds
23/80 - Throughput: 177629 ops/sec
11/80 - Performed a throughput benchmark:
11/80 - Performed 2000000 find-or-put operations with random values from [0,...,103999999]
11/80 - Finds: 1020232 (0.510116), Inserts: 979768 (0.489884), Errors: 0 (0)
11/80 - Execution time: 11.2821 seconds
11/80 - Throughput: 177271 ops/sec
0/80 - Performed a throughput benchmark:
0/80 - Performed 2000000 find-or-put operations with random values from [0,...,103999999]
0/80 - Finds: 1022089 (0.511045), Inserts: 977911 (0.488955), Errors: 0 (0)
0/80 - Execution time: 11.3038 seconds
0/80 - Throughput: 176932 ops/sec
18/80 - Performed a throughput benchmark:
18/80 - Performed 2000000 find-or-put operations with random values from [0,...,103999999]
18/80 - Finds: 1022418 (0.511209), Inserts: 977582 (0.488791), Errors: 0 (0)
18/80 - Execution time: 11.316 seconds
18/80 - Throughput: 176741 ops/sec
2/80 - Performed a throughput benchmark:
2/80 - Performed 2000000 find-or-put operations with random values from [0,...,103999999]
2/80 - Finds: 1024362 (0.512181), Inserts: 975638 (0.487819), Errors: 0 (0)
2/80 - Execution time: 11.3171 seconds
2/80 - Throughput: 176724 ops/sec
17/80 - Performed a throughput benchmark:
17/80 - Performed 2000000 find-or-put operations with random values from [0,...,103999999]
17/80 - Finds: 1022439 (0.51122), Inserts: 977561 (0.488781), Errors: 0 (0)
17/80 - Execution time: 11.3187 seconds
17/80 - Throughput: 176699 ops/sec
16/80 - Performed a throughput benchmark:
16/80 - Performed 2000000 find-or-put operations with random values from [0,...,103999999]
16/80 - Finds: 1021576 (0.510788), Inserts: 978424 (0.489212), Errors: 0 (0)
16/80 - Execution time: 11.3228 seconds
16/80 - Throughput: 176635 ops/sec
10/80 - Performed a throughput benchmark:
10/80 - Performed 2000000 find-or-put operations with random values from [0,...,103999999]
10/80 - Finds: 1023675 (0.511837), Inserts: 976325 (0.488162), Errors: 0 (0)
10/80 - Execution time: 11.3245 seconds
10/80 - Throughput: 176608 ops/sec
9/80 - Performed a throughput benchmark:
9/80 - Performed 2000000 find-or-put operations with random values from [0,...,103999999]
9/80 - Finds: 1023905 (0.511953), Inserts: 976095 (0.488048), Errors: 0 (0)
9/80 - Execution time: 11.3241 seconds
9/80 - Throughput: 176614 ops/sec
3/80 - Performed a throughput benchmark:
3/80 - Performed 2000000 find-or-put operations with random values from [0,...,103999999]
3/80 - Finds: 1023946 (0.511973), Inserts: 976054 (0.488027), Errors: 0 (0)
3/80 - Execution time: 11.3399 seconds
3/80 - Throughput: 176369 ops/sec
21/80 - Performed a throughput benchmark:
21/80 - Performed 2000000 find-or-put operations with random values from [0,...,103999999]
21/80 - Finds: 1023880 (0.51194), Inserts: 976120 (0.48806), Errors: 0 (0)
21/80 - Execution time: 11.3168 seconds
21/80 - Throughput: 176729 ops/sec
26/80 - Performed a throughput benchmark:
26/80 - Performed 2000000 find-or-put operations with random values from [0,...,103999999]
26/80 - Finds: 1023131 (0.511566), Inserts: 976869 (0.488434), Errors: 0 (0)
26/80 - Execution time: 11.3207 seconds
26/80 - Throughput: 176667 ops/sec
19/80 - Performed a throughput benchmark:
19/80 - Performed 2000000 find-or-put operations with random values from [0,...,103999999]
19/80 - Finds: 1021367 (0.510683), Inserts: 978633 (0.489316), Errors: 0 (0)
19/80 - Execution time: 11.3166 seconds
19/80 - Throughput: 176732 ops/sec
15/80 - Performed a throughput benchmark:
15/80 - Performed 2000000 find-or-put operations with random values from [0,...,103999999]
15/80 - Finds: 1023506 (0.511753), Inserts: 976494 (0.488247), Errors: 0 (0)
15/80 - Execution time: 11.3167 seconds
15/80 - Throughput: 176730 ops/sec
14/80 - Performed a throughput benchmark:
14/80 - Performed 2000000 find-or-put operations with random values from [0,...,103999999]
14/80 - Finds: 1023223 (0.511611), Inserts: 976777 (0.488389), Errors: 0 (0)
14/80 - Execution time: 11.319 seconds
14/80 - Throughput: 176694 ops/sec
5/80 - Performed a throughput benchmark:
5/80 - Performed 2000000 find-or-put operations with random values from [0,...,103999999]
5/80 - Finds: 1024364 (0.512182), Inserts: 975636 (0.487818), Errors: 0 (0)
5/80 - Execution time: 11.3562 seconds
5/80 - Throughput: 176115 ops/sec
4/80 - Performed a throughput benchmark:
4/80 - Performed 2000000 find-or-put operations with random values from [0,...,103999999]
4/80 - Finds: 1026297 (0.513149), Inserts: 973703 (0.486851), Errors: 0 (0)
4/80 - Execution time: 11.3647 seconds
4/80 - Throughput: 175983 ops/sec
74/80 - Performed a throughput benchmark:
74/80 - Performed 2000000 find-or-put operations with random values from [0,...,103999999]
74/80 - Finds: 1052597 (0.526299), Inserts: 947403 (0.473701), Errors: 0 (0)
74/80 - Execution time: 11.7961 seconds
74/80 - Throughput: 169548 ops/sec
61/80 - Performed a throughput benchmark:
61/80 - Performed 2000000 find-or-put operations with random values from [0,...,103999999]
61/80 - Finds: 1054904 (0.527452), Inserts: 945096 (0.472548), Errors: 0 (0)
61/80 - Execution time: 11.8212 seconds
61/80 - Throughput: 169188 ops/sec
65/80 - Performed a throughput benchmark:
65/80 - Performed 2000000 find-or-put operations with random values from [0,...,103999999]
65/80 - Finds: 1053131 (0.526566), Inserts: 946869 (0.473434), Errors: 0 (0)
65/80 - Execution time: 11.8204 seconds
65/80 - Throughput: 169200 ops/sec
69/80 - Performed a throughput benchmark:
69/80 - Performed 2000000 find-or-put operations with random values from [0,...,103999999]
69/80 - Finds: 1055028 (0.527514), Inserts: 944972 (0.472486), Errors: 0 (0)
69/80 - Execution time: 11.8389 seconds
69/80 - Throughput: 168934 ops/sec
71/80 - Performed a throughput benchmark:
71/80 - Performed 2000000 find-or-put operations with random values from [0,...,103999999]
71/80 - Finds: 1054234 (0.527117), Inserts: 945766 (0.472883), Errors: 0 (0)
71/80 - Execution time: 11.8376 seconds
71/80 - Throughput: 168953 ops/sec
64/80 - Performed a throughput benchmark:
64/80 - Performed 2000000 find-or-put operations with random values from [0,...,103999999]
64/80 - Finds: 1053647 (0.526824), Inserts: 946353 (0.473176), Errors: 0 (0)
64/80 - Execution time: 11.825 seconds
64/80 - Throughput: 169134 ops/sec
73/80 - Performed a throughput benchmark:
73/80 - Performed 2000000 find-or-put operations with random values from [0,...,103999999]
73/80 - Finds: 1054966 (0.527483), Inserts: 945034 (0.472517), Errors: 0 (0)
73/80 - Execution time: 11.8961 seconds
73/80 - Throughput: 168123 ops/sec
72/80 - Performed a throughput benchmark:
72/80 - Performed 2000000 find-or-put operations with random values from [0,...,103999999]
72/80 - Finds: 1061722 (0.530861), Inserts: 938278 (0.469139), Errors: 0 (0)
72/80 - Execution time: 11.9847 seconds
72/80 - Throughput: 166880 ops/sec
70/80 - Performed a throughput benchmark:
70/80 - Performed 2000000 find-or-put operations with random values from [0,...,103999999]
70/80 - Finds: 1061458 (0.530729), Inserts: 938542 (0.469271), Errors: 0 (0)
70/80 - Execution time: 11.9985 seconds
70/80 - Throughput: 166688 ops/sec
75/80 - Performed a throughput benchmark:
75/80 - Performed 2000000 find-or-put operations with random values from [0,...,103999999]
75/80 - Finds: 1064299 (0.53215), Inserts: 935701 (0.467851), Errors: 0 (0)
75/80 - Execution time: 12.0034 seconds
75/80 - Throughput: 166619 ops/sec
68/80 - Performed a throughput benchmark:
68/80 - Performed 2000000 find-or-put operations with random values from [0,...,103999999]
68/80 - Finds: 1063694 (0.531847), Inserts: 936306 (0.468153), Errors: 0 (0)
68/80 - Execution time: 12.032 seconds
68/80 - Throughput: 166224 ops/sec
67/80 - Performed a throughput benchmark:
67/80 - Performed 2000000 find-or-put operations with random values from [0,...,103999999]
67/80 - Finds: 1062362 (0.531181), Inserts: 937638 (0.468819), Errors: 0 (0)
67/80 - Execution time: 12.0104 seconds
67/80 - Throughput: 166522 ops/sec
66/80 - Performed a throughput benchmark:
66/80 - Performed 2000000 find-or-put operations with random values from [0,...,103999999]
66/80 - Finds: 1064859 (0.532429), Inserts: 935141 (0.467571), Errors: 0 (0)
66/80 - Execution time: 12.0347 seconds
66/80 - Throughput: 166186 ops/sec
63/80 - Performed a throughput benchmark:
63/80 - Performed 2000000 find-or-put operations with random values from [0,...,103999999]
63/80 - Finds: 1066477 (0.533238), Inserts: 933523 (0.466761), Errors: 0 (0)
63/80 - Execution time: 12.0353 seconds
63/80 - Throughput: 166178 ops/sec
60/80 - Performed a throughput benchmark:
60/80 - Performed 2000000 find-or-put operations with random values from [0,...,103999999]
60/80 - Finds: 1065207 (0.532604), Inserts: 934793 (0.467396), Errors: 0 (0)
60/80 - Execution time: 12.028 seconds
60/80 - Throughput: 166278 ops/sec
62/80 - Performed a throughput benchmark:
62/80 - Performed 2000000 find-or-put operations with random values from [0,...,103999999]
62/80 - Finds: 1066525 (0.533262), Inserts: 933475 (0.466738), Errors: 0 (0)
62/80 - Execution time: 12.049 seconds
62/80 - Throughput: 165989 ops/sec
[1441195944.134986] [node001:5938 :0]         sys.c:719  MXM  WARN  Conflicting CPU frequencies detected, using: 1555.03
