[1441195392.825048] [node017:24401:0]         sys.c:719  MXM  WARN  Conflicting CPU frequencies detected, using: 1383.84
[1441195392.833489] [node017:24401:0]         mxm.c:185  MXM  WARN  The 'ulimit -s' on the system is set to 'unlimited'. This may have negative performance implications. Please set the heap size to the default value (10240) 
[1441195392.826802] [node017:24407:0]         sys.c:719  MXM  WARN  Conflicting CPU frequencies detected, using: 1383.84
[1441195392.844706] [node017:24407:0]         mxm.c:185  MXM  WARN  The 'ulimit -s' on the system is set to 'unlimited'. This may have negative performance implications. Please set the heap size to the default value (10240) 
[1441195392.826923] [node017:24404:0]         sys.c:719  MXM  WARN  Conflicting CPU frequencies detected, using: 1383.84
[1441195392.846153] [node017:24404:0]         mxm.c:185  MXM  WARN  The 'ulimit -s' on the system is set to 'unlimited'. This may have negative performance implications. Please set the heap size to the default value (10240) 
[1441195392.830124] [node017:24400:0]         sys.c:719  MXM  WARN  Conflicting CPU frequencies detected, using: 1396.88
[1441195392.851603] [node017:24400:0]         mxm.c:185  MXM  WARN  The 'ulimit -s' on the system is set to 'unlimited'. This may have negative performance implications. Please set the heap size to the default value (10240) 
[1441195392.825061] [node017:24403:0]         sys.c:719  MXM  WARN  Conflicting CPU frequencies detected, using: 1383.84
[1441195392.842046] [node017:24403:0]         mxm.c:185  MXM  WARN  The 'ulimit -s' on the system is set to 'unlimited'. This may have negative performance implications. Please set the heap size to the default value (10240) 
[1441195392.827716] [node017:24405:0]         sys.c:719  MXM  WARN  Conflicting CPU frequencies detected, using: 1383.84
[1441195392.854447] [node017:24405:0]         mxm.c:185  MXM  WARN  The 'ulimit -s' on the system is set to 'unlimited'. This may have negative performance implications. Please set the heap size to the default value (10240) 
[1441195392.829779] [node017:24402:0]         sys.c:719  MXM  WARN  Conflicting CPU frequencies detected, using: 1396.88
[1441195392.853664] [node017:24402:0]         mxm.c:185  MXM  WARN  The 'ulimit -s' on the system is set to 'unlimited'. This may have negative performance implications. Please set the heap size to the default value (10240) 
[1441195392.829992] [node017:24406:0]         sys.c:719  MXM  WARN  Conflicting CPU frequencies detected, using: 1396.88
[1441195392.855223] [node017:24406:0]         mxm.c:185  MXM  WARN  The 'ulimit -s' on the system is set to 'unlimited'. This may have negative performance implications. Please set the heap size to the default value (10240) 
[1441195393.041410] [node019:22859:0]         sys.c:719  MXM  WARN  Conflicting CPU frequencies detected, using: 2181.66
[1441195393.044980] [node019:22859:0]         mxm.c:185  MXM  WARN  The 'ulimit -s' on the system is set to 'unlimited'. This may have negative performance implications. Please set the heap size to the default value (10240) 
[1441195393.055733] [node019:22860:0]         sys.c:719  MXM  WARN  Conflicting CPU frequencies detected, using: 2199.94
[1441195393.058743] [node019:22860:0]         mxm.c:185  MXM  WARN  The 'ulimit -s' on the system is set to 'unlimited'. This may have negative performance implications. Please set the heap size to the default value (10240) 
[1441195393.072961] [node018:22681:0]         sys.c:719  MXM  WARN  Conflicting CPU frequencies detected, using: 2400.19
[1441195393.078523] [node018:22681:0]         mxm.c:185  MXM  WARN  The 'ulimit -s' on the system is set to 'unlimited'. This may have negative performance implications. Please set the heap size to the default value (10240) 
[1441195393.097835] [node019:22895:0]         sys.c:719  MXM  WARN  Conflicting CPU frequencies detected, using: 2400.00
[1441195393.100377] [node019:22895:0]         mxm.c:185  MXM  WARN  The 'ulimit -s' on the system is set to 'unlimited'. This may have negative performance implications. Please set the heap size to the default value (10240) 
[1441195393.098806] [node019:22906:0]         sys.c:719  MXM  WARN  Conflicting CPU frequencies detected, using: 2400.00
[1441195393.101314] [node019:22906:0]         mxm.c:185  MXM  WARN  The 'ulimit -s' on the system is set to 'unlimited'. This may have negative performance implications. Please set the heap size to the default value (10240) 
[1441195393.102281] [node019:22885:0]         sys.c:719  MXM  WARN  Conflicting CPU frequencies detected, using: 2400.00
[1441195393.104924] [node019:22885:0]         mxm.c:185  MXM  WARN  The 'ulimit -s' on the system is set to 'unlimited'. This may have negative performance implications. Please set the heap size to the default value (10240) 
[1441195393.103288] [node019:22873:0]         sys.c:719  MXM  WARN  Conflicting CPU frequencies detected, using: 2400.00
[1441195393.106363] [node019:22873:0]         mxm.c:185  MXM  WARN  The 'ulimit -s' on the system is set to 'unlimited'. This may have negative performance implications. Please set the heap size to the default value (10240) 
[1441195393.098794] [node019:22876:0]         sys.c:719  MXM  WARN  Conflicting CPU frequencies detected, using: 2400.00
[1441195393.102006] [node019:22876:0]         mxm.c:185  MXM  WARN  The 'ulimit -s' on the system is set to 'unlimited'. This may have negative performance implications. Please set the heap size to the default value (10240) 
[1441195393.099013] [node019:22883:0]         sys.c:719  MXM  WARN  Conflicting CPU frequencies detected, using: 2400.00
[1441195393.102104] [node019:22883:0]         mxm.c:185  MXM  WARN  The 'ulimit -s' on the system is set to 'unlimited'. This may have negative performance implications. Please set the heap size to the default value (10240) 
[1441195393.105481] [node018:22691:0]         sys.c:719  MXM  WARN  Conflicting CPU frequencies detected, using: 2399.91
[1441195393.116651] [node018:22691:0]         mxm.c:185  MXM  WARN  The 'ulimit -s' on the system is set to 'unlimited'. This may have negative performance implications. Please set the heap size to the default value (10240) 
[1441195393.113250] [node018:22717:0]         sys.c:719  MXM  WARN  Conflicting CPU frequencies detected, using: 2399.91
[1441195393.133892] [node018:22717:0]         mxm.c:185  MXM  WARN  The 'ulimit -s' on the system is set to 'unlimited'. This may have negative performance implications. Please set the heap size to the default value (10240) 
[1441195393.117664] [node020:21618:0]         sys.c:719  MXM  WARN  Conflicting CPU frequencies detected, using: 2400.00
[1441195393.129743] [node020:21618:0]         mxm.c:185  MXM  WARN  The 'ulimit -s' on the system is set to 'unlimited'. This may have negative performance implications. Please set the heap size to the default value (10240) 
[1441195393.107652] [node018:22688:0]         sys.c:719  MXM  WARN  Conflicting CPU frequencies detected, using: 2399.91
[1441195393.126252] [node018:22688:0]         mxm.c:185  MXM  WARN  The 'ulimit -s' on the system is set to 'unlimited'. This may have negative performance implications. Please set the heap size to the default value (10240) 
[1441195393.117781] [node020:21614:0]         sys.c:719  MXM  WARN  Conflicting CPU frequencies detected, using: 2400.00
[1441195393.133083] [node020:21614:0]         mxm.c:185  MXM  WARN  The 'ulimit -s' on the system is set to 'unlimited'. This may have negative performance implications. Please set the heap size to the default value (10240) 
[1441195393.107278] [node018:22716:0]         sys.c:719  MXM  WARN  Conflicting CPU frequencies detected, using: 2399.91
[1441195393.125535] [node018:22716:0]         mxm.c:185  MXM  WARN  The 'ulimit -s' on the system is set to 'unlimited'. This may have negative performance implications. Please set the heap size to the default value (10240) 
[1441195393.121620] [node020:21611:0]         sys.c:719  MXM  WARN  Conflicting CPU frequencies detected, using: 2400.00
[1441195393.151420] [node020:21611:0]         mxm.c:185  MXM  WARN  The 'ulimit -s' on the system is set to 'unlimited'. This may have negative performance implications. Please set the heap size to the default value (10240) 
[1441195393.094667] [node020:21595:0]         sys.c:719  MXM  WARN  Conflicting CPU frequencies detected, using: 2400.00
[1441195393.099353] [node020:21595:0]         mxm.c:185  MXM  WARN  The 'ulimit -s' on the system is set to 'unlimited'. This may have negative performance implications. Please set the heap size to the default value (10240) 
[1441195393.121463] [node020:21617:0]         sys.c:719  MXM  WARN  Conflicting CPU frequencies detected, using: 2400.00
[1441195393.148282] [node020:21617:0]         mxm.c:185  MXM  WARN  The 'ulimit -s' on the system is set to 'unlimited'. This may have negative performance implications. Please set the heap size to the default value (10240) 
[1441195393.106803] [node018:22690:0]         sys.c:719  MXM  WARN  Conflicting CPU frequencies detected, using: 2399.91
[1441195393.124751] [node018:22690:0]         mxm.c:185  MXM  WARN  The 'ulimit -s' on the system is set to 'unlimited'. This may have negative performance implications. Please set the heap size to the default value (10240) 
[1441195393.111189] [node018:22714:0]         sys.c:719  MXM  WARN  Conflicting CPU frequencies detected, using: 2399.91
[1441195393.133128] [node018:22714:0]         mxm.c:185  MXM  WARN  The 'ulimit -s' on the system is set to 'unlimited'. This may have negative performance implications. Please set the heap size to the default value (10240) 
[1441195393.117853] [node020:21616:0]         sys.c:719  MXM  WARN  Conflicting CPU frequencies detected, using: 2400.00
[1441195393.136979] [node020:21616:0]         mxm.c:185  MXM  WARN  The 'ulimit -s' on the system is set to 'unlimited'. This may have negative performance implications. Please set the heap size to the default value (10240) 
[1441195393.101790] [node020:21598:0]         sys.c:719  MXM  WARN  Conflicting CPU frequencies detected, using: 2400.00
[1441195393.108146] [node020:21598:0]         mxm.c:185  MXM  WARN  The 'ulimit -s' on the system is set to 'unlimited'. This may have negative performance implications. Please set the heap size to the default value (10240) 
[1441195393.108592] [node018:22692:0]         sys.c:719  MXM  WARN  Conflicting CPU frequencies detected, using: 2399.91
[1441195393.123125] [node018:22692:0]         mxm.c:185  MXM  WARN  The 'ulimit -s' on the system is set to 'unlimited'. This may have negative performance implications. Please set the heap size to the default value (10240) 
[1441195393.118978] [node020:21615:0]         sys.c:719  MXM  WARN  Conflicting CPU frequencies detected, using: 2400.00
[1441195393.131231] [node020:21615:0]         mxm.c:185  MXM  WARN  The 'ulimit -s' on the system is set to 'unlimited'. This may have negative performance implications. Please set the heap size to the default value (10240) 
UPCR: UPC thread  1 of 32 on node017 (pshm node 0 of 4, process  1 of 32, pid=24401)
UPCR: UPC thread  6 of 32 on node017 (pshm node 0 of 4, process  6 of 32, pid=24406)
UPCR: UPC thread  4 of 32 on node017 (pshm node 0 of 4, process  4 of 32, pid=24404)
UPCR: UPC thread  3 of 32 on node017 (pshm node 0 of 4, process  3 of 32, pid=24403)
UPCR: UPC thread  2 of 32 on node017 (pshm node 0 of 4, process  2 of 32, pid=24402)
UPCR: UPC thread  5 of 32 on node017 (pshm node 0 of 4, process  5 of 32, pid=24405)
UPCR: UPC thread  0 of 32 on node017 (pshm node 0 of 4, process  0 of 32, pid=24400)
UPCR: UPC thread  7 of 32 on node017 (pshm node 0 of 4, process  7 of 32, pid=24407)
UPCR: UPC thread 13 of 32 on node018 (pshm node 1 of 4, process 13 of 32, pid=22688)
UPCR: UPC thread 12 of 32 on node018 (pshm node 1 of 4, process 12 of 32, pid=22717)
UPCR: UPC thread 10 of 32 on node018 (pshm node 1 of 4, process 10 of 32, pid=22716)
UPCR: UPC thread 15 of 32 on node018 (pshm node 1 of 4, process 15 of 32, pid=22692)
UPCR: UPC thread 14 of 32 on node018 (pshm node 1 of 4, process 14 of 32, pid=22714)
UPCR: UPC thread 28 of 32 on node020 (pshm node 3 of 4, process 28 of 32, pid=21614)
UPCR: UPC thread 31 of 32 on node020 (pshm node 3 of 4, process 31 of 32, pid=21615)
UPCR: UPC thread 11 of 32 on node018 (pshm node 1 of 4, process 11 of 32, pid=22690)
UPCR: UPC thread 30 of 32 on node020 (pshm node 3 of 4, process 30 of 32, pid=21616)
UPCR: UPC thread  9 of 32 on node018 (pshm node 1 of 4, process  9 of 32, pid=22681)
UPCR: UPC thread 27 of 32 on node020 (pshm node 3 of 4, process 27 of 32, pid=21618)
UPCR: UPC thread 29 of 32 on node020 (pshm node 3 of 4, process 29 of 32, pid=21595)
UPCR: UPC thread 17 of 32 on node019 (pshm node 2 of 4, process 17 of 32, pid=22883)
UPCR: UPC thread 18 of 32 on node019 (pshm node 2 of 4, process 18 of 32, pid=22876)
UPCR: UPC thread  8 of 32 on node018 (pshm node 1 of 4, process  8 of 32, pid=22691)
UPCR: UPC thread 21 of 32 on node019 (pshm node 2 of 4, process 21 of 32, pid=22906)
UPCR: UPC thread 20 of 32 on node019 (pshm node 2 of 4, process 20 of 32, pid=22860)
UPCR: UPC thread 26 of 32 on node020 (pshm node 3 of 4, process 26 of 32, pid=21611)
UPCR: UPC thread 23 of 32 on node019 (pshm node 2 of 4, process 23 of 32, pid=22895)
UPCR: UPC thread 25 of 32 on node020 (pshm node 3 of 4, process 25 of 32, pid=21617)
UPCR: UPC thread 24 of 32 on node020 (pshm node 3 of 4, process 24 of 32, pid=21598)
UPCR: UPC thread 16 of 32 on node019 (pshm node 2 of 4, process 16 of 32, pid=22885)
UPCR: UPC thread 19 of 32 on node019 (pshm node 2 of 4, process 19 of 32, pid=22859)
UPCR: UPC thread 22 of 32 on node019 (pshm node 2 of 4, process 22 of 32, pid=22873)
0/32 - htable initialized
0/32 - table size: 34359738368 bytes (32768 MB)
0/32 - total number of buckets: 4294967296
0/32 - block size: 1073741824 (1024 MB)
0/32 - number of buckets in block: 134217728
0/32 - number of blocks: 32
1/32 - Performed a throughput benchmark:
1/32 - Performed 2000000 find-or-put operations with random values from [0,...,41599999]
1/32 - Finds: 972790 (0.486395), Inserts: 1027210 (0.513605), Errors: 0 (0)
1/32 - Execution time: 6.77859 seconds
1/32 - Throughput: 295047 ops/sec
3/32 - Performed a throughput benchmark:
3/32 - Performed 2000000 find-or-put operations with random values from [0,...,41599999]
3/32 - Finds: 972326 (0.486163), Inserts: 1027674 (0.513837), Errors: 0 (0)
3/32 - Execution time: 6.77614 seconds
3/32 - Throughput: 295153 ops/sec
6/32 - Performed a throughput benchmark:
6/32 - Performed 2000000 find-or-put operations with random values from [0,...,41599999]
6/32 - Finds: 974247 (0.487123), Inserts: 1025753 (0.512876), Errors: 0 (0)
6/32 - Execution time: 6.79447 seconds
6/32 - Throughput: 294357 ops/sec
10/32 - Performed a throughput benchmark:
10/32 - Performed 2000000 find-or-put operations with random values from [0,...,41599999]
10/32 - Finds: 975328 (0.487664), Inserts: 1024672 (0.512336), Errors: 0 (0)
10/32 - Execution time: 6.8478 seconds
10/32 - Throughput: 292065 ops/sec
29/32 - Performed a throughput benchmark:
29/32 - Performed 2000000 find-or-put operations with random values from [0,...,41599999]
29/32 - Finds: 975660 (0.48783), Inserts: 1024340 (0.51217), Errors: 0 (0)
29/32 - Execution time: 6.8551 seconds
29/32 - Throughput: 291754 ops/sec
13/32 - Performed a throughput benchmark:
13/32 - Performed 2000000 find-or-put operations with random values from [0,...,41599999]
13/32 - Finds: 974857 (0.487428), Inserts: 1025143 (0.512571), Errors: 0 (0)
13/32 - Execution time: 6.85559 seconds
13/32 - Throughput: 291733 ops/sec
11/32 - Performed a throughput benchmark:
11/32 - Performed 2000000 find-or-put operations with random values from [0,...,41599999]
11/32 - Finds: 976897 (0.488449), Inserts: 1023103 (0.511552), Errors: 0 (0)
11/32 - Execution time: 6.85478 seconds
11/32 - Throughput: 291767 ops/sec
31/32 - Performed a throughput benchmark:
31/32 - Performed 2000000 find-or-put operations with random values from [0,...,41599999]
31/32 - Finds: 974762 (0.487381), Inserts: 1025238 (0.512619), Errors: 0 (0)
31/32 - Execution time: 6.85884 seconds
31/32 - Throughput: 291594 ops/sec
17/32 - Performed a throughput benchmark:
17/32 - Performed 2000000 find-or-put operations with random values from [0,...,41599999]
17/32 - Finds: 973697 (0.486849), Inserts: 1026303 (0.513151), Errors: 0 (0)
17/32 - Execution time: 6.84063 seconds
17/32 - Throughput: 292371 ops/sec
22/32 - Performed a throughput benchmark:
22/32 - Performed 2000000 find-or-put operations with random values from [0,...,41599999]
22/32 - Finds: 977786 (0.488893), Inserts: 1022214 (0.511107), Errors: 0 (0)
22/32 - Execution time: 6.86768 seconds
22/32 - Throughput: 291219 ops/sec
20/32 - Performed a throughput benchmark:
20/32 - Performed 2000000 find-or-put operations with random values from [0,...,41599999]
20/32 - Finds: 974315 (0.487158), Inserts: 1025685 (0.512842), Errors: 0 (0)
20/32 - Execution time: 6.84511 seconds
20/32 - Throughput: 292180 ops/sec
19/32 - Performed a throughput benchmark:
19/32 - Performed 2000000 find-or-put operations with random values from [0,...,41599999]
19/32 - Finds: 976628 (0.488314), Inserts: 1023372 (0.511686), Errors: 0 (0)
19/32 - Execution time: 6.85717 seconds
19/32 - Throughput: 291666 ops/sec
25/32 - Performed a throughput benchmark:
25/32 - Performed 2000000 find-or-put operations with random values from [0,...,41599999]
25/32 - Finds: 975588 (0.487794), Inserts: 1024412 (0.512206), Errors: 0 (0)
25/32 - Execution time: 6.863 seconds
25/32 - Throughput: 291418 ops/sec
28/32 - Performed a throughput benchmark:
28/32 - Performed 2000000 find-or-put operations with random values from [0,...,41599999]
28/32 - Finds: 977697 (0.488849), Inserts: 1022303 (0.511151), Errors: 0 (0)
28/32 - Execution time: 6.88174 seconds
28/32 - Throughput: 290624 ops/sec
12/32 - Performed a throughput benchmark:
12/32 - Performed 2000000 find-or-put operations with random values from [0,...,41599999]
12/32 - Finds: 975939 (0.48797), Inserts: 1024061 (0.512031), Errors: 0 (0)
12/32 - Execution time: 6.86469 seconds
12/32 - Throughput: 291346 ops/sec
9/32 - Performed a throughput benchmark:
9/32 - Performed 2000000 find-or-put operations with random values from [0,...,41599999]
9/32 - Finds: 976272 (0.488136), Inserts: 1023728 (0.511864), Errors: 0 (0)
9/32 - Execution time: 6.85769 seconds
9/32 - Throughput: 291643 ops/sec
18/32 - Performed a throughput benchmark:
18/32 - Performed 2000000 find-or-put operations with random values from [0,...,41599999]
18/32 - Finds: 976262 (0.488131), Inserts: 1023738 (0.511869), Errors: 0 (0)
18/32 - Execution time: 6.85121 seconds
18/32 - Throughput: 291919 ops/sec
16/32 - Performed a throughput benchmark:
16/32 - Performed 2000000 find-or-put operations with random values from [0,...,41599999]
16/32 - Finds: 976862 (0.488431), Inserts: 1023138 (0.511569), Errors: 0 (0)
16/32 - Execution time: 6.86873 seconds
16/32 - Throughput: 291175 ops/sec
23/32 - Performed a throughput benchmark:
23/32 - Performed 2000000 find-or-put operations with random values from [0,...,41599999]
23/32 - Finds: 978797 (0.489399), Inserts: 1021203 (0.510602), Errors: 0 (0)
23/32 - Execution time: 6.8685 seconds
23/32 - Throughput: 291184 ops/sec
8/32 - Performed a throughput benchmark:
8/32 - Performed 2000000 find-or-put operations with random values from [0,...,41599999]
8/32 - Finds: 975181 (0.48759), Inserts: 1024819 (0.512409), Errors: 0 (0)
8/32 - Execution time: 6.84626 seconds
8/32 - Throughput: 292130 ops/sec
14/32 - Performed a throughput benchmark:
14/32 - Performed 2000000 find-or-put operations with random values from [0,...,41599999]
14/32 - Finds: 974782 (0.487391), Inserts: 1025218 (0.512609), Errors: 0 (0)
14/32 - Execution time: 6.85067 seconds
14/32 - Throughput: 291942 ops/sec
30/32 - Performed a throughput benchmark:
30/32 - Performed 2000000 find-or-put operations with random values from [0,...,41599999]
30/32 - Finds: 977643 (0.488822), Inserts: 1022357 (0.511178), Errors: 0 (0)
30/32 - Execution time: 6.8657 seconds
30/32 - Throughput: 291303 ops/sec
21/32 - Performed a throughput benchmark:
21/32 - Performed 2000000 find-or-put operations with random values from [0,...,41599999]
21/32 - Finds: 976941 (0.48847), Inserts: 1023059 (0.511529), Errors: 0 (0)
21/32 - Execution time: 6.86735 seconds
21/32 - Throughput: 291233 ops/sec
15/32 - Performed a throughput benchmark:
15/32 - Performed 2000000 find-or-put operations with random values from [0,...,41599999]
15/32 - Finds: 975001 (0.487501), Inserts: 1024999 (0.512499), Errors: 0 (0)
15/32 - Execution time: 6.84232 seconds
15/32 - Throughput: 292298 ops/sec
24/32 - Performed a throughput benchmark:
24/32 - Performed 2000000 find-or-put operations with random values from [0,...,41599999]
24/32 - Finds: 975530 (0.487765), Inserts: 1024470 (0.512235), Errors: 0 (0)
24/32 - Execution time: 6.85118 seconds
24/32 - Throughput: 291921 ops/sec
27/32 - Performed a throughput benchmark:
27/32 - Performed 2000000 find-or-put operations with random values from [0,...,41599999]
27/32 - Finds: 977519 (0.48876), Inserts: 1022481 (0.51124), Errors: 0 (0)
27/32 - Execution time: 6.86781 seconds
27/32 - Throughput: 291214 ops/sec
26/32 - Performed a throughput benchmark:
26/32 - Performed 2000000 find-or-put operations with random values from [0,...,41599999]
26/32 - Finds: 978093 (0.489046), Inserts: 1021907 (0.510953), Errors: 0 (0)
26/32 - Execution time: 6.87658 seconds
26/32 - Throughput: 290842 ops/sec
7/32 - Performed a throughput benchmark:
7/32 - Performed 2000000 find-or-put operations with random values from [0,...,41599999]
7/32 - Finds: 990234 (0.495117), Inserts: 1009766 (0.504883), Errors: 0 (0)
7/32 - Execution time: 7.02885 seconds
7/32 - Throughput: 284542 ops/sec
0/32 - Performed a throughput benchmark:
0/32 - Performed 2000000 find-or-put operations with random values from [0,...,41599999]
0/32 - Finds: 998143 (0.499072), Inserts: 1001857 (0.500928), Errors: 0 (0)
0/32 - Execution time: 7.09771 seconds
0/32 - Throughput: 281781 ops/sec
5/32 - Performed a throughput benchmark:
5/32 - Performed 2000000 find-or-put operations with random values from [0,...,41599999]
5/32 - Finds: 996568 (0.498284), Inserts: 1003432 (0.501716), Errors: 0 (0)
5/32 - Execution time: 7.08297 seconds
5/32 - Throughput: 282367 ops/sec
2/32 - Performed a throughput benchmark:
2/32 - Performed 2000000 find-or-put operations with random values from [0,...,41599999]
2/32 - Finds: 1001442 (0.500721), Inserts: 998558 (0.499279), Errors: 0 (0)
2/32 - Execution time: 7.12594 seconds
2/32 - Throughput: 280665 ops/sec
4/32 - Performed a throughput benchmark:
4/32 - Performed 2000000 find-or-put operations with random values from [0,...,41599999]
4/32 - Finds: 1002429 (0.501215), Inserts: 997571 (0.498785), Errors: 0 (0)
4/32 - Execution time: 7.12538 seconds
4/32 - Throughput: 280687 ops/sec
[1441195392.808517] [node017:24355:0]         sys.c:719  MXM  WARN  Conflicting CPU frequencies detected, using: 1399.97
