[1441197176.616809] [node017:7485 :0]         sys.c:719  MXM  WARN  Conflicting CPU frequencies detected, using: 1395.94
[1441197176.628341] [node017:7485 :0]         mxm.c:185  MXM  WARN  The 'ulimit -s' on the system is set to 'unlimited'. This may have negative performance implications. Please set the heap size to the default value (10240) 
[1441197176.851945] [node034:21973:0]         sys.c:719  MXM  WARN  Conflicting CPU frequencies detected, using: 1497.75
[1441197176.857892] [node034:21973:0]         mxm.c:185  MXM  WARN  The 'ulimit -s' on the system is set to 'unlimited'. This may have negative performance implications. Please set the heap size to the default value (10240) 
[1441197176.852530] [node030:25436:0]         sys.c:719  MXM  WARN  Conflicting CPU frequencies detected, using: 1490.53
[1441197176.858153] [node030:25436:0]         mxm.c:185  MXM  WARN  The 'ulimit -s' on the system is set to 'unlimited'. This may have negative performance implications. Please set the heap size to the default value (10240) 
[1441197176.860821] [node018:5980 :0]         sys.c:719  MXM  WARN  Conflicting CPU frequencies detected, using: 1500.09
[1441197176.866354] [node018:5980 :0]         mxm.c:185  MXM  WARN  The 'ulimit -s' on the system is set to 'unlimited'. This may have negative performance implications. Please set the heap size to the default value (10240) 
[1441197176.852756] [node035:22536:0]         sys.c:719  MXM  WARN  Conflicting CPU frequencies detected, using: 1496.81
[1441197176.856449] [node035:22536:0]         mxm.c:185  MXM  WARN  The 'ulimit -s' on the system is set to 'unlimited'. This may have negative performance implications. Please set the heap size to the default value (10240) 
[1441197176.893237] [node020:4897 :0]         sys.c:719  MXM  WARN  Conflicting CPU frequencies detected, using: 1397.06
[1441197176.899505] [node020:4897 :0]         mxm.c:185  MXM  WARN  The 'ulimit -s' on the system is set to 'unlimited'. This may have negative performance implications. Please set the heap size to the default value (10240) 
[1441197176.851381] [node019:6152 :0]         sys.c:719  MXM  WARN  Conflicting CPU frequencies detected, using: 1399.97
[1441197176.854859] [node019:6152 :0]         mxm.c:185  MXM  WARN  The 'ulimit -s' on the system is set to 'unlimited'. This may have negative performance implications. Please set the heap size to the default value (10240) 
[1441197176.865116] [node024:13724:0]         sys.c:719  MXM  WARN  Conflicting CPU frequencies detected, using: 1666.78
[1441197176.868887] [node024:13724:0]         mxm.c:185  MXM  WARN  The 'ulimit -s' on the system is set to 'unlimited'. This may have negative performance implications. Please set the heap size to the default value (10240) 
[1441197176.905896] [node040:22173:0]         sys.c:719  MXM  WARN  Conflicting CPU frequencies detected, using: 1495.12
[1441197176.911681] [node040:22173:0]         mxm.c:185  MXM  WARN  The 'ulimit -s' on the system is set to 'unlimited'. This may have negative performance implications. Please set the heap size to the default value (10240) 
[1441197176.905898] [node054:29392:0]         sys.c:719  MXM  WARN  Conflicting CPU frequencies detected, using: 1444.41
[1441197176.911691] [node054:29392:0]         mxm.c:185  MXM  WARN  The 'ulimit -s' on the system is set to 'unlimited'. This may have negative performance implications. Please set the heap size to the default value (10240) 
[1441197176.907731] [node023:12666:0]         sys.c:719  MXM  WARN  Conflicting CPU frequencies detected, using: 1499.53
[1441197176.913695] [node023:12666:0]         mxm.c:185  MXM  WARN  The 'ulimit -s' on the system is set to 'unlimited'. This may have negative performance implications. Please set the heap size to the default value (10240) 
[1441197176.913045] [node041:22146:0]         sys.c:719  MXM  WARN  Conflicting CPU frequencies detected, using: 1496.72
[1441197176.919062] [node041:22146:0]         mxm.c:185  MXM  WARN  The 'ulimit -s' on the system is set to 'unlimited'. This may have negative performance implications. Please set the heap size to the default value (10240) 
[1441197176.913513] [node022:18314:0]         sys.c:719  MXM  WARN  Conflicting CPU frequencies detected, using: 1387.78
[1441197176.919710] [node022:18314:0]         mxm.c:185  MXM  WARN  The 'ulimit -s' on the system is set to 'unlimited'. This may have negative performance implications. Please set the heap size to the default value (10240) 
[1441197176.919891] [node053:8163 :0]         sys.c:719  MXM  WARN  Conflicting CPU frequencies detected, using: 1490.25
[1441197176.925750] [node053:8163 :0]         mxm.c:185  MXM  WARN  The 'ulimit -s' on the system is set to 'unlimited'. This may have negative performance implications. Please set the heap size to the default value (10240) 
[1441197176.924698] [node056:29378:0]         sys.c:719  MXM  WARN  Conflicting CPU frequencies detected, using: 1497.75
[1441197176.930328] [node056:29378:0]         mxm.c:185  MXM  WARN  The 'ulimit -s' on the system is set to 'unlimited'. This may have negative performance implications. Please set the heap size to the default value (10240) 
[1441197176.931613] [node062:29514:0]         sys.c:719  MXM  WARN  Conflicting CPU frequencies detected, using: 1397.91
[1441197176.937192] [node062:29514:0]         mxm.c:185  MXM  WARN  The 'ulimit -s' on the system is set to 'unlimited'. This may have negative performance implications. Please set the heap size to the default value (10240) 
[1441197176.935352] [node064:29490:0]         sys.c:719  MXM  WARN  Conflicting CPU frequencies detected, using: 1399.97
[1441197176.941370] [node064:29490:0]         mxm.c:185  MXM  WARN  The 'ulimit -s' on the system is set to 'unlimited'. This may have negative performance implications. Please set the heap size to the default value (10240) 
[1441197176.936049] [node044:22043:0]         sys.c:719  MXM  WARN  Conflicting CPU frequencies detected, using: 1399.97
[1441197176.941970] [node044:22043:0]         mxm.c:185  MXM  WARN  The 'ulimit -s' on the system is set to 'unlimited'. This may have negative performance implications. Please set the heap size to the default value (10240) 
[1441197176.930880] [node055:29312:0]         sys.c:719  MXM  WARN  Conflicting CPU frequencies detected, using: 1497.00
[1441197176.936370] [node055:29312:0]         mxm.c:185  MXM  WARN  The 'ulimit -s' on the system is set to 'unlimited'. This may have negative performance implications. Please set the heap size to the default value (10240) 
[1441197176.942430] [node031:22626:0]         sys.c:719  MXM  WARN  Conflicting CPU frequencies detected, using: 1397.25
[1441197176.947934] [node031:22626:0]         mxm.c:185  MXM  WARN  The 'ulimit -s' on the system is set to 'unlimited'. This may have negative performance implications. Please set the heap size to the default value (10240) 
[1441197176.918083] [node060:29918:0]         sys.c:719  MXM  WARN  Conflicting CPU frequencies detected, using: 2295.47
[1441197176.921884] [node060:29918:0]         mxm.c:185  MXM  WARN  The 'ulimit -s' on the system is set to 'unlimited'. This may have negative performance implications. Please set the heap size to the default value (10240) 
[1441197176.942787] [node043:22111:0]         sys.c:719  MXM  WARN  Conflicting CPU frequencies detected, using: 1500.09
[1441197176.948684] [node043:22111:0]         mxm.c:185  MXM  WARN  The 'ulimit -s' on the system is set to 'unlimited'. This may have negative performance implications. Please set the heap size to the default value (10240) 
[1441197176.912131] [node058:29906:0]         sys.c:719  MXM  WARN  Conflicting CPU frequencies detected, using: 1691.25
[1441197176.916150] [node058:29906:0]         mxm.c:185  MXM  WARN  The 'ulimit -s' on the system is set to 'unlimited'. This may have negative performance implications. Please set the heap size to the default value (10240) 
[1441197176.916175] [node039:22397:0]         sys.c:719  MXM  WARN  Conflicting CPU frequencies detected, using: 1581.84
[1441197176.922181] [node039:22397:0]         mxm.c:185  MXM  WARN  The 'ulimit -s' on the system is set to 'unlimited'. This may have negative performance implications. Please set the heap size to the default value (10240) 
[1441197176.927280] [node037:22442:0]         sys.c:719  MXM  WARN  Conflicting CPU frequencies detected, using: 1495.88
[1441197176.930805] [node037:22442:0]         mxm.c:185  MXM  WARN  The 'ulimit -s' on the system is set to 'unlimited'. This may have negative performance implications. Please set the heap size to the default value (10240) 
[1441197176.935858] [node046:23072:0]         sys.c:719  MXM  WARN  Conflicting CPU frequencies detected, using: 1561.59
[1441197176.939510] [node046:23072:0]         mxm.c:185  MXM  WARN  The 'ulimit -s' on the system is set to 'unlimited'. This may have negative performance implications. Please set the heap size to the default value (10240) 
[1441197176.935205] [node049:20735:0]         sys.c:719  MXM  WARN  Conflicting CPU frequencies detected, using: 1397.34
[1441197176.938964] [node049:20735:0]         mxm.c:185  MXM  WARN  The 'ulimit -s' on the system is set to 'unlimited'. This may have negative performance implications. Please set the heap size to the default value (10240) 
[1441197176.942246] [node052:18837:0]         sys.c:719  MXM  WARN  Conflicting CPU frequencies detected, using: 1462.41
[1441197176.946162] [node052:18837:0]         mxm.c:185  MXM  WARN  The 'ulimit -s' on the system is set to 'unlimited'. This may have negative performance implications. Please set the heap size to the default value (10240) 
[1441197176.952910] [node067:29754:0]         sys.c:719  MXM  WARN  Conflicting CPU frequencies detected, using: 2924.62
[1441197176.959052] [node067:29754:0]         mxm.c:185  MXM  WARN  The 'ulimit -s' on the system is set to 'unlimited'. This may have negative performance implications. Please set the heap size to the default value (10240) 
[1441197176.929058] [node059:29852:0]         sys.c:719  MXM  WARN  Conflicting CPU frequencies detected, using: 2473.03
[1441197176.933505] [node059:29852:0]         mxm.c:185  MXM  WARN  The 'ulimit -s' on the system is set to 'unlimited'. This may have negative performance implications. Please set the heap size to the default value (10240) 
[1441197176.923535] [node036:22586:0]         sys.c:719  MXM  WARN  Conflicting CPU frequencies detected, using: 1498.12
[1441197176.927024] [node036:22586:0]         mxm.c:185  MXM  WARN  The 'ulimit -s' on the system is set to 'unlimited'. This may have negative performance implications. Please set the heap size to the default value (10240) 
[1441197176.902089] [node025:9988 :0]         sys.c:719  MXM  WARN  Conflicting CPU frequencies detected, using: 1395.84
[1441197176.905911] [node025:9988 :0]         mxm.c:185  MXM  WARN  The 'ulimit -s' on the system is set to 'unlimited'. This may have negative performance implications. Please set the heap size to the default value (10240) 
[1441197176.931677] [node048:20728:0]         sys.c:719  MXM  WARN  Conflicting CPU frequencies detected, using: 1518.00
[1441197176.935437] [node048:20728:0]         mxm.c:185  MXM  WARN  The 'ulimit -s' on the system is set to 'unlimited'. This may have negative performance implications. Please set the heap size to the default value (10240) 
[1441197176.944510] [node038:22291:0]         sys.c:719  MXM  WARN  Conflicting CPU frequencies detected, using: 1495.78
[1441197176.950230] [node038:22291:0]         mxm.c:185  MXM  WARN  The 'ulimit -s' on the system is set to 'unlimited'. This may have negative performance implications. Please set the heap size to the default value (10240) 
[1441197176.948310] [node061:29491:0]         sys.c:719  MXM  WARN  Conflicting CPU frequencies detected, using: 2472.28
[1441197176.951965] [node061:29491:0]         mxm.c:185  MXM  WARN  The 'ulimit -s' on the system is set to 'unlimited'. This may have negative performance implications. Please set the heap size to the default value (10240) 
[1441197176.946677] [node068:29872:0]         sys.c:719  MXM  WARN  Conflicting CPU frequencies detected, using: 2464.31
[1441197176.952304] [node068:29872:0]         mxm.c:185  MXM  WARN  The 'ulimit -s' on the system is set to 'unlimited'. This may have negative performance implications. Please set the heap size to the default value (10240) 
[1441197176.921435] [node063:29576:0]         sys.c:719  MXM  WARN  Conflicting CPU frequencies detected, using: 1396.69
[1441197176.925074] [node063:29576:0]         mxm.c:185  MXM  WARN  The 'ulimit -s' on the system is set to 'unlimited'. This may have negative performance implications. Please set the heap size to the default value (10240) 
[1441197176.943394] [node066:29877:0]         sys.c:719  MXM  WARN  Conflicting CPU frequencies detected, using: 2399.91
[1441197176.949907] [node066:29877:0]         mxm.c:185  MXM  WARN  The 'ulimit -s' on the system is set to 'unlimited'. This may have negative performance implications. Please set the heap size to the default value (10240) 
[1441197176.915318] [node021:18728:0]         sys.c:719  MXM  WARN  Conflicting CPU frequencies detected, using: 1392.56
[1441197176.919061] [node021:18728:0]         mxm.c:185  MXM  WARN  The 'ulimit -s' on the system is set to 'unlimited'. This may have negative performance implications. Please set the heap size to the default value (10240) 
[1441197176.910439] [node032:22173:0]         sys.c:719  MXM  WARN  Conflicting CPU frequencies detected, using: 1584.38
[1441197176.915800] [node032:22173:0]         mxm.c:185  MXM  WARN  The 'ulimit -s' on the system is set to 'unlimited'. This may have negative performance implications. Please set the heap size to the default value (10240) 
[1441197176.903918] [node033:22624:0]         sys.c:719  MXM  WARN  Conflicting CPU frequencies detected, using: 1499.72
[1441197176.909464] [node033:22624:0]         mxm.c:185  MXM  WARN  The 'ulimit -s' on the system is set to 'unlimited'. This may have negative performance implications. Please set the heap size to the default value (10240) 
[1441197176.953247] [node045:22345:0]         sys.c:719  MXM  WARN  Conflicting CPU frequencies detected, using: 1391.25
[1441197176.958936] [node045:22345:0]         mxm.c:185  MXM  WARN  The 'ulimit -s' on the system is set to 'unlimited'. This may have negative performance implications. Please set the heap size to the default value (10240) 
[1441197176.929264] [node065:29918:0]         sys.c:719  MXM  WARN  Conflicting CPU frequencies detected, using: 2817.66
[1441197176.932667] [node065:29918:0]         mxm.c:185  MXM  WARN  The 'ulimit -s' on the system is set to 'unlimited'. This may have negative performance implications. Please set the heap size to the default value (10240) 
[1441197176.923198] [node050:18313:0]         sys.c:719  MXM  WARN  Conflicting CPU frequencies detected, using: 1491.00
[1441197176.926564] [node050:18313:0]         mxm.c:185  MXM  WARN  The 'ulimit -s' on the system is set to 'unlimited'. This may have negative performance implications. Please set the heap size to the default value (10240) 
[1441197176.950674] [node047:20672:0]         sys.c:719  MXM  WARN  Conflicting CPU frequencies detected, using: 1494.00
[1441197176.954419] [node047:20672:0]         mxm.c:185  MXM  WARN  The 'ulimit -s' on the system is set to 'unlimited'. This may have negative performance implications. Please set the heap size to the default value (10240) 
[1441197176.919556] [node051:15884:0]         sys.c:719  MXM  WARN  Conflicting CPU frequencies detected, using: 1423.59
[1441197176.923139] [node051:15884:0]         mxm.c:185  MXM  WARN  The 'ulimit -s' on the system is set to 'unlimited'. This may have negative performance implications. Please set the heap size to the default value (10240) 
[1441197176.913237] [node042:22308:0]         sys.c:719  MXM  WARN  Conflicting CPU frequencies detected, using: 1579.50
[1441197176.918961] [node042:22308:0]         mxm.c:185  MXM  WARN  The 'ulimit -s' on the system is set to 'unlimited'. This may have negative performance implications. Please set the heap size to the default value (10240) 
[1441197176.920949] [node057:29615:0]         sys.c:719  MXM  WARN  Conflicting CPU frequencies detected, using: 2199.75
[1441197176.925257] [node057:29615:0]         mxm.c:185  MXM  WARN  The 'ulimit -s' on the system is set to 'unlimited'. This may have negative performance implications. Please set the heap size to the default value (10240) 
UPCR: UPC thread  0 of 48 on node017 (pshm node  0 of 48, process  0 of 48, pid=7485)
UPCR: UPC thread 19 of 48 on node040 (pshm node 19 of 48, process 19 of 48, pid=22173)
UPCR: UPC thread 18 of 48 on node039 (pshm node 18 of 48, process 18 of 48, pid=22397)
UPCR: UPC thread 42 of 48 on node063 (pshm node 42 of 48, process 42 of 48, pid=29576)
UPCR: UPC thread 17 of 48 on node038 (pshm node 17 of 48, process 17 of 48, pid=22291)
UPCR: UPC thread 35 of 48 on node056 (pshm node 35 of 48, process 35 of 48, pid=29378)
UPCR: UPC thread  9 of 48 on node030 (pshm node  9 of 48, process  9 of 48, pid=25436)
UPCR: UPC thread 41 of 48 on node062 (pshm node 41 of 48, process 41 of 48, pid=29514)
UPCR: UPC thread 14 of 48 on node035 (pshm node 14 of 48, process 14 of 48, pid=22536)
UPCR: UPC thread  3 of 48 on node020 (pshm node  3 of 48, process  3 of 48, pid=4897)
UPCR: UPC thread  6 of 48 on node023 (pshm node  6 of 48, process  6 of 48, pid=12666)
UPCR: UPC thread 46 of 48 on node067 (pshm node 46 of 48, process 46 of 48, pid=29754)
UPCR: UPC thread 30 of 48 on node051 (pshm node 30 of 48, process 30 of 48, pid=15884)
UPCR: UPC thread 38 of 48 on node059 (pshm node 38 of 48, process 38 of 48, pid=29852)
UPCR: UPC thread 23 of 48 on node044 (pshm node 23 of 48, process 23 of 48, pid=22043)
UPCR: UPC thread 27 of 48 on node048 (pshm node 27 of 48, process 27 of 48, pid=20728)
UPCR: UPC thread 15 of 48 on node036 (pshm node 15 of 48, process 15 of 48, pid=22586)
UPCR: UPC thread 31 of 48 on node052 (pshm node 31 of 48, process 31 of 48, pid=18837)
UPCR: UPC thread 25 of 48 on node046 (pshm node 25 of 48, process 25 of 48, pid=23072)
UPCR: UPC thread 33 of 48 on node054 (pshm node 33 of 48, process 33 of 48, pid=29392)
UPCR: UPC thread 45 of 48 on node066 (pshm node 45 of 48, process 45 of 48, pid=29877)
UPCR: UPC thread 43 of 48 on node064 (pshm node 43 of 48, process 43 of 48, pid=29490)
UPCR: UPC thread  1 of 48 on node018 (pshm node  1 of 48, process  1 of 48, pid=5980)
UPCR: UPC thread  8 of 48 on node025 (pshm node  8 of 48, process  8 of 48, pid=9988)
UPCR: UPC thread 26 of 48 on node047 (pshm node 26 of 48, process 26 of 48, pid=20672)
UPCR: UPC thread 20 of 48 on node041 (pshm node 20 of 48, process 20 of 48, pid=22146)
UPCR: UPC thread 39 of 48 on node060 (pshm node 39 of 48, process 39 of 48, pid=29918)
UPCR: UPC thread 36 of 48 on node057 (pshm node 36 of 48, process 36 of 48, pid=29615)
UPCR: UPC thread 13 of 48 on node034 (pshm node 13 of 48, process 13 of 48, pid=21973)
UPCR: UPC thread 24 of 48 on node045 (pshm node 24 of 48, process 24 of 48, pid=22345)
UPCR: UPC thread 22 of 48 on node043 (pshm node 22 of 48, process 22 of 48, pid=22111)
UPCR: UPC thread  2 of 48 on node019 (pshm node  2 of 48, process  2 of 48, pid=6152)
UPCR: UPC thread 47 of 48 on node068 (pshm node 47 of 48, process 47 of 48, pid=29872)
UPCR: UPC thread 12 of 48 on node033 (pshm node 12 of 48, process 12 of 48, pid=22624)
UPCR: UPC thread 34 of 48 on node055 (pshm node 34 of 48, process 34 of 48, pid=29312)
UPCR: UPC thread 32 of 48 on node053 (pshm node 32 of 48, process 32 of 48, pid=8163)
UPCR: UPC thread  7 of 48 on node024 (pshm node  7 of 48, process  7 of 48, pid=13724)
UPCR: UPC thread 44 of 48 on node065 (pshm node 44 of 48, process 44 of 48, pid=29918)
UPCR: UPC thread 16 of 48 on node037 (pshm node 16 of 48, process 16 of 48, pid=22442)
UPCR: UPC thread 29 of 48 on node050 (pshm node 29 of 48, process 29 of 48, pid=18313)
UPCR: UPC thread 11 of 48 on node032 (pshm node 11 of 48, process 11 of 48, pid=22173)
UPCR: UPC thread 28 of 48 on node049 (pshm node 28 of 48, process 28 of 48, pid=20735)
UPCR: UPC thread  4 of 48 on node021 (pshm node  4 of 48, process  4 of 48, pid=18728)
UPCR: UPC thread 21 of 48 on node042 (pshm node 21 of 48, process 21 of 48, pid=22308)
UPCR: UPC thread 10 of 48 on node031 (pshm node 10 of 48, process 10 of 48, pid=22626)
UPCR: UPC thread 37 of 48 on node058 (pshm node 37 of 48, process 37 of 48, pid=29906)
UPCR: UPC thread 40 of 48 on node061 (pshm node 40 of 48, process 40 of 48, pid=29491)
UPCR: UPC thread  5 of 48 on node022 (pshm node  5 of 48, process  5 of 48, pid=18314)
0/48 - htable initialized
0/48 - table size: 51539607552 bytes (49152 MB)
0/48 - total number of buckets: 6442450944
0/48 - block size: 1073741824 (1024 MB)
0/48 - number of buckets in block: 134217728
0/48 - number of blocks: 48
39/48 - Performed a throughput benchmark:
39/48 - Performed 2000000 find-or-put operations with random values from [0,...,62399999]
39/48 - Finds: 951376 (0.475688), Inserts: 1048624 (0.524312), Errors: 0 (0)
39/48 - Execution time: 7.5748 seconds
39/48 - Throughput: 264033 ops/sec
46/48 - Performed a throughput benchmark:
46/48 - Performed 2000000 find-or-put operations with random values from [0,...,62399999]
46/48 - Finds: 948107 (0.474054), Inserts: 1051893 (0.525946), Errors: 0 (0)
46/48 - Execution time: 7.55675 seconds
46/48 - Throughput: 264664 ops/sec
37/48 - Performed a throughput benchmark:
37/48 - Performed 2000000 find-or-put operations with random values from [0,...,62399999]
37/48 - Finds: 951277 (0.475639), Inserts: 1048723 (0.524362), Errors: 0 (0)
37/48 - Execution time: 7.57282 seconds
37/48 - Throughput: 264103 ops/sec
42/48 - Performed a throughput benchmark:
42/48 - Performed 2000000 find-or-put operations with random values from [0,...,62399999]
42/48 - Finds: 950565 (0.475282), Inserts: 1049435 (0.524717), Errors: 0 (0)
42/48 - Execution time: 7.57726 seconds
42/48 - Throughput: 263948 ops/sec
43/48 - Performed a throughput benchmark:
43/48 - Performed 2000000 find-or-put operations with random values from [0,...,62399999]
43/48 - Finds: 951661 (0.47583), Inserts: 1048339 (0.524169), Errors: 0 (0)
43/48 - Execution time: 7.57536 seconds
43/48 - Throughput: 264014 ops/sec
32/48 - Performed a throughput benchmark:
32/48 - Performed 2000000 find-or-put operations with random values from [0,...,62399999]
32/48 - Finds: 951200 (0.4756), Inserts: 1048800 (0.5244), Errors: 0 (0)
32/48 - Execution time: 7.58224 seconds
32/48 - Throughput: 263774 ops/sec
35/48 - Performed a throughput benchmark:
35/48 - Performed 2000000 find-or-put operations with random values from [0,...,62399999]
35/48 - Finds: 952262 (0.476131), Inserts: 1047738 (0.523869), Errors: 0 (0)
35/48 - Execution time: 7.57565 seconds
35/48 - Throughput: 264004 ops/sec
41/48 - Performed a throughput benchmark:
41/48 - Performed 2000000 find-or-put operations with random values from [0,...,62399999]
41/48 - Finds: 952780 (0.47639), Inserts: 1047220 (0.52361), Errors: 0 (0)
41/48 - Execution time: 7.60124 seconds
41/48 - Throughput: 263115 ops/sec
36/48 - Performed a throughput benchmark:
36/48 - Performed 2000000 find-or-put operations with random values from [0,...,62399999]
36/48 - Finds: 955262 (0.477631), Inserts: 1044738 (0.522369), Errors: 0 (0)
36/48 - Execution time: 7.61178 seconds
36/48 - Throughput: 262751 ops/sec
34/48 - Performed a throughput benchmark:
34/48 - Performed 2000000 find-or-put operations with random values from [0,...,62399999]
34/48 - Finds: 951884 (0.475942), Inserts: 1048116 (0.524058), Errors: 0 (0)
34/48 - Execution time: 7.58685 seconds
34/48 - Throughput: 263614 ops/sec
33/48 - Performed a throughput benchmark:
33/48 - Performed 2000000 find-or-put operations with random values from [0,...,62399999]
33/48 - Finds: 950288 (0.475144), Inserts: 1049712 (0.524856), Errors: 0 (0)
33/48 - Execution time: 7.59113 seconds
33/48 - Throughput: 263465 ops/sec
45/48 - Performed a throughput benchmark:
45/48 - Performed 2000000 find-or-put operations with random values from [0,...,62399999]
45/48 - Finds: 954583 (0.477291), Inserts: 1045417 (0.522709), Errors: 0 (0)
45/48 - Execution time: 7.59942 seconds
45/48 - Throughput: 263178 ops/sec
44/48 - Performed a throughput benchmark:
44/48 - Performed 2000000 find-or-put operations with random values from [0,...,62399999]
44/48 - Finds: 951585 (0.475793), Inserts: 1048415 (0.524208), Errors: 0 (0)
44/48 - Execution time: 7.57206 seconds
44/48 - Throughput: 264129 ops/sec
38/48 - Performed a throughput benchmark:
38/48 - Performed 2000000 find-or-put operations with random values from [0,...,62399999]
38/48 - Finds: 948900 (0.47445), Inserts: 1051100 (0.52555), Errors: 0 (0)
38/48 - Execution time: 7.57021 seconds
38/48 - Throughput: 264193 ops/sec
47/48 - Performed a throughput benchmark:
47/48 - Performed 2000000 find-or-put operations with random values from [0,...,62399999]
47/48 - Finds: 950486 (0.475243), Inserts: 1049514 (0.524757), Errors: 0 (0)
47/48 - Execution time: 7.58027 seconds
47/48 - Throughput: 263843 ops/sec
40/48 - Performed a throughput benchmark:
40/48 - Performed 2000000 find-or-put operations with random values from [0,...,62399999]
40/48 - Finds: 952246 (0.476123), Inserts: 1047754 (0.523877), Errors: 0 (0)
40/48 - Execution time: 7.59556 seconds
40/48 - Throughput: 263312 ops/sec
14/48 - Performed a throughput benchmark:
14/48 - Performed 2000000 find-or-put operations with random values from [0,...,62399999]
14/48 - Finds: 966083 (0.483042), Inserts: 1033917 (0.516958), Errors: 0 (0)
14/48 - Execution time: 7.76842 seconds
14/48 - Throughput: 257453 ops/sec
17/48 - Performed a throughput benchmark:
17/48 - Performed 2000000 find-or-put operations with random values from [0,...,62399999]
17/48 - Finds: 965947 (0.482974), Inserts: 1034053 (0.517027), Errors: 0 (0)
17/48 - Execution time: 7.77939 seconds
17/48 - Throughput: 257090 ops/sec
10/48 - Performed a throughput benchmark:
10/48 - Performed 2000000 find-or-put operations with random values from [0,...,62399999]
10/48 - Finds: 966644 (0.483322), Inserts: 1033356 (0.516678), Errors: 0 (0)
10/48 - Execution time: 7.77901 seconds
10/48 - Throughput: 257102 ops/sec
11/48 - Performed a throughput benchmark:
11/48 - Performed 2000000 find-or-put operations with random values from [0,...,62399999]
11/48 - Finds: 968008 (0.484004), Inserts: 1031992 (0.515996), Errors: 0 (0)
11/48 - Execution time: 7.78382 seconds
11/48 - Throughput: 256943 ops/sec
9/48 - Performed a throughput benchmark:
9/48 - Performed 2000000 find-or-put operations with random values from [0,...,62399999]
9/48 - Finds: 964826 (0.482413), Inserts: 1035174 (0.517587), Errors: 0 (0)
9/48 - Execution time: 7.75941 seconds
9/48 - Throughput: 257752 ops/sec
13/48 - Performed a throughput benchmark:
13/48 - Performed 2000000 find-or-put operations with random values from [0,...,62399999]
13/48 - Finds: 965888 (0.482944), Inserts: 1034112 (0.517056), Errors: 0 (0)
13/48 - Execution time: 7.77391 seconds
13/48 - Throughput: 257271 ops/sec
24/48 - Performed a throughput benchmark:
24/48 - Performed 2000000 find-or-put operations with random values from [0,...,62399999]
24/48 - Finds: 967980 (0.48399), Inserts: 1032020 (0.51601), Errors: 0 (0)
24/48 - Execution time: 7.77904 seconds
24/48 - Throughput: 257101 ops/sec
12/48 - Performed a throughput benchmark:
12/48 - Performed 2000000 find-or-put operations with random values from [0,...,62399999]
12/48 - Finds: 965944 (0.482972), Inserts: 1034056 (0.517028), Errors: 0 (0)
12/48 - Execution time: 7.76334 seconds
12/48 - Throughput: 257621 ops/sec
23/48 - Performed a throughput benchmark:
23/48 - Performed 2000000 find-or-put operations with random values from [0,...,62399999]
23/48 - Finds: 966752 (0.483376), Inserts: 1033248 (0.516624), Errors: 0 (0)
23/48 - Execution time: 7.76849 seconds
23/48 - Throughput: 257450 ops/sec
22/48 - Performed a throughput benchmark:
22/48 - Performed 2000000 find-or-put operations with random values from [0,...,62399999]
22/48 - Finds: 966127 (0.483063), Inserts: 1033873 (0.516937), Errors: 0 (0)
22/48 - Execution time: 7.78126 seconds
22/48 - Throughput: 257028 ops/sec
21/48 - Performed a throughput benchmark:
21/48 - Performed 2000000 find-or-put operations with random values from [0,...,62399999]
21/48 - Finds: 965844 (0.482922), Inserts: 1034156 (0.517078), Errors: 0 (0)
21/48 - Execution time: 7.77283 seconds
21/48 - Throughput: 257307 ops/sec
19/48 - Performed a throughput benchmark:
19/48 - Performed 2000000 find-or-put operations with random values from [0,...,62399999]
19/48 - Finds: 966599 (0.483299), Inserts: 1033401 (0.516701), Errors: 0 (0)
19/48 - Execution time: 7.7686 seconds
19/48 - Throughput: 257447 ops/sec
20/48 - Performed a throughput benchmark:
20/48 - Performed 2000000 find-or-put operations with random values from [0,...,62399999]
20/48 - Finds: 966705 (0.483353), Inserts: 1033295 (0.516648), Errors: 0 (0)
20/48 - Execution time: 7.7872 seconds
20/48 - Throughput: 256832 ops/sec
15/48 - Performed a throughput benchmark:
15/48 - Performed 2000000 find-or-put operations with random values from [0,...,62399999]
15/48 - Finds: 967066 (0.483533), Inserts: 1032934 (0.516467), Errors: 0 (0)
15/48 - Execution time: 7.7696 seconds
15/48 - Throughput: 257414 ops/sec
18/48 - Performed a throughput benchmark:
18/48 - Performed 2000000 find-or-put operations with random values from [0,...,62399999]
18/48 - Finds: 967197 (0.483598), Inserts: 1032803 (0.516401), Errors: 0 (0)
18/48 - Execution time: 7.79219 seconds
18/48 - Throughput: 256667 ops/sec
16/48 - Performed a throughput benchmark:
16/48 - Performed 2000000 find-or-put operations with random values from [0,...,62399999]
16/48 - Finds: 965907 (0.482953), Inserts: 1034093 (0.517046), Errors: 0 (0)
16/48 - Execution time: 7.7628 seconds
16/48 - Throughput: 257639 ops/sec
2/48 - Performed a throughput benchmark:
2/48 - Performed 2000000 find-or-put operations with random values from [0,...,62399999]
2/48 - Finds: 996340 (0.49817), Inserts: 1003660 (0.50183), Errors: 0 (0)
2/48 - Execution time: 8.07574 seconds
2/48 - Throughput: 247655 ops/sec
3/48 - Performed a throughput benchmark:
3/48 - Performed 2000000 find-or-put operations with random values from [0,...,62399999]
3/48 - Finds: 997347 (0.498673), Inserts: 1002653 (0.501327), Errors: 0 (0)
3/48 - Execution time: 8.09217 seconds
3/48 - Throughput: 247152 ops/sec
4/48 - Performed a throughput benchmark:
4/48 - Performed 2000000 find-or-put operations with random values from [0,...,62399999]
4/48 - Finds: 997119 (0.498559), Inserts: 1002881 (0.50144), Errors: 0 (0)
4/48 - Execution time: 8.08114 seconds
4/48 - Throughput: 247490 ops/sec
1/48 - Performed a throughput benchmark:
1/48 - Performed 2000000 find-or-put operations with random values from [0,...,62399999]
1/48 - Finds: 996748 (0.498374), Inserts: 1003252 (0.501626), Errors: 0 (0)
1/48 - Execution time: 8.07331 seconds
1/48 - Throughput: 247730 ops/sec
6/48 - Performed a throughput benchmark:
6/48 - Performed 2000000 find-or-put operations with random values from [0,...,62399999]
6/48 - Finds: 996648 (0.498324), Inserts: 1003352 (0.501676), Errors: 0 (0)
6/48 - Execution time: 8.08757 seconds
6/48 - Throughput: 247293 ops/sec
0/48 - Performed a throughput benchmark:
0/48 - Performed 2000000 find-or-put operations with random values from [0,...,62399999]
0/48 - Finds: 995687 (0.497843), Inserts: 1004313 (0.502157), Errors: 0 (0)
0/48 - Execution time: 8.07941 seconds
0/48 - Throughput: 247543 ops/sec
5/48 - Performed a throughput benchmark:
5/48 - Performed 2000000 find-or-put operations with random values from [0,...,62399999]
5/48 - Finds: 997720 (0.49886), Inserts: 1002280 (0.50114), Errors: 0 (0)
5/48 - Execution time: 8.0933 seconds
5/48 - Throughput: 247118 ops/sec
25/48 - Performed a throughput benchmark:
25/48 - Performed 2000000 find-or-put operations with random values from [0,...,62399999]
25/48 - Finds: 1035036 (0.517518), Inserts: 964964 (0.482482), Errors: 0 (0)
25/48 - Execution time: 8.6515 seconds
25/48 - Throughput: 231174 ops/sec
27/48 - Performed a throughput benchmark:
27/48 - Performed 2000000 find-or-put operations with random values from [0,...,62399999]
27/48 - Finds: 1034933 (0.517467), Inserts: 965067 (0.482534), Errors: 0 (0)
27/48 - Execution time: 8.65282 seconds
27/48 - Throughput: 231139 ops/sec
26/48 - Performed a throughput benchmark:
26/48 - Performed 2000000 find-or-put operations with random values from [0,...,62399999]
26/48 - Finds: 1033263 (0.516632), Inserts: 966737 (0.483368), Errors: 0 (0)
26/48 - Execution time: 8.64774 seconds
26/48 - Throughput: 231274 ops/sec
28/48 - Performed a throughput benchmark:
28/48 - Performed 2000000 find-or-put operations with random values from [0,...,62399999]
28/48 - Finds: 1034200 (0.5171), Inserts: 965800 (0.4829), Errors: 0 (0)
28/48 - Execution time: 8.6512 seconds
28/48 - Throughput: 231182 ops/sec
30/48 - Performed a throughput benchmark:
30/48 - Performed 2000000 find-or-put operations with random values from [0,...,62399999]
30/48 - Finds: 1037164 (0.518582), Inserts: 962836 (0.481418), Errors: 0 (0)
30/48 - Execution time: 8.66878 seconds
30/48 - Throughput: 230713 ops/sec
31/48 - Performed a throughput benchmark:
31/48 - Performed 2000000 find-or-put operations with random values from [0,...,62399999]
31/48 - Finds: 1033484 (0.516742), Inserts: 966516 (0.483258), Errors: 0 (0)
31/48 - Execution time: 8.65117 seconds
31/48 - Throughput: 231183 ops/sec
29/48 - Performed a throughput benchmark:
29/48 - Performed 2000000 find-or-put operations with random values from [0,...,62399999]
29/48 - Finds: 1034504 (0.517252), Inserts: 965496 (0.482748), Errors: 0 (0)
29/48 - Execution time: 8.64563 seconds
29/48 - Throughput: 231331 ops/sec
8/48 - Performed a throughput benchmark:
8/48 - Performed 2000000 find-or-put operations with random values from [0,...,62399999]
8/48 - Finds: 1043115 (0.521558), Inserts: 956885 (0.478442), Errors: 0 (0)
8/48 - Execution time: 8.80348 seconds
8/48 - Throughput: 227183 ops/sec
7/48 - Performed a throughput benchmark:
7/48 - Performed 2000000 find-or-put operations with random values from [0,...,62399999]
7/48 - Finds: 1048224 (0.524112), Inserts: 951776 (0.475888), Errors: 0 (0)
7/48 - Execution time: 8.83625 seconds
7/48 - Throughput: 226340 ops/sec
[1441197176.594292] [node017:7440 :0]         sys.c:719  MXM  WARN  Conflicting CPU frequencies detected, using: 1393.50
