[1441195643.514072] [node008:2157 :0]         sys.c:719  MXM  WARN  Conflicting CPU frequencies detected, using: 1366.69
[1441195643.538636] [node008:2157 :0]         mxm.c:185  MXM  WARN  The 'ulimit -s' on the system is set to 'unlimited'. This may have negative performance implications. Please set the heap size to the default value (10240) 
[1441195643.514316] [node008:2156 :0]         sys.c:719  MXM  WARN  Conflicting CPU frequencies detected, using: 1366.69
[1441195643.550256] [node008:2156 :0]         mxm.c:185  MXM  WARN  The 'ulimit -s' on the system is set to 'unlimited'. This may have negative performance implications. Please set the heap size to the default value (10240) 
[1441195643.514279] [node008:2158 :0]         sys.c:719  MXM  WARN  Conflicting CPU frequencies detected, using: 1366.69
[1441195643.562694] [node008:2158 :0]         mxm.c:185  MXM  WARN  The 'ulimit -s' on the system is set to 'unlimited'. This may have negative performance implications. Please set the heap size to the default value (10240) 
[1441195643.514749] [node008:2161 :0]         sys.c:719  MXM  WARN  Conflicting CPU frequencies detected, using: 1366.69
[1441195643.562613] [node008:2161 :0]         mxm.c:185  MXM  WARN  The 'ulimit -s' on the system is set to 'unlimited'. This may have negative performance implications. Please set the heap size to the default value (10240) 
[1441195643.519774] [node008:2163 :0]         sys.c:719  MXM  WARN  Conflicting CPU frequencies detected, using: 1366.69
[1441195643.565941] [node008:2163 :0]         mxm.c:185  MXM  WARN  The 'ulimit -s' on the system is set to 'unlimited'. This may have negative performance implications. Please set the heap size to the default value (10240) 
[1441195643.514383] [node008:2159 :0]         sys.c:719  MXM  WARN  Conflicting CPU frequencies detected, using: 1366.69
[1441195643.569189] [node008:2159 :0]         mxm.c:185  MXM  WARN  The 'ulimit -s' on the system is set to 'unlimited'. This may have negative performance implications. Please set the heap size to the default value (10240) 
[1441195643.514810] [node008:2160 :0]         sys.c:719  MXM  WARN  Conflicting CPU frequencies detected, using: 1366.69
[1441195643.566704] [node008:2160 :0]         mxm.c:185  MXM  WARN  The 'ulimit -s' on the system is set to 'unlimited'. This may have negative performance implications. Please set the heap size to the default value (10240) 
[1441195643.514787] [node008:2162 :0]         sys.c:719  MXM  WARN  Conflicting CPU frequencies detected, using: 1366.69
[1441195643.561278] [node008:2162 :0]         mxm.c:185  MXM  WARN  The 'ulimit -s' on the system is set to 'unlimited'. This may have negative performance implications. Please set the heap size to the default value (10240) 
[1441195643.751729] [node009:30642:0]         sys.c:719  MXM  WARN  Conflicting CPU frequencies detected, using: 2196.94
[1441195643.757157] [node009:30642:0]         mxm.c:185  MXM  WARN  The 'ulimit -s' on the system is set to 'unlimited'. This may have negative performance implications. Please set the heap size to the default value (10240) 
[1441195643.776570] [node010:30554:0]         sys.c:719  MXM  WARN  Conflicting CPU frequencies detected, using: 1774.03
[1441195643.780330] [node010:30554:0]         mxm.c:185  MXM  WARN  The 'ulimit -s' on the system is set to 'unlimited'. This may have negative performance implications. Please set the heap size to the default value (10240) 
[1441195643.797381] [node009:30649:0]         sys.c:719  MXM  WARN  Conflicting CPU frequencies detected, using: 2400.00
[1441195643.802168] [node009:30649:0]         mxm.c:185  MXM  WARN  The 'ulimit -s' on the system is set to 'unlimited'. This may have negative performance implications. Please set the heap size to the default value (10240) 
[1441195643.793379] [node012:30741:0]         sys.c:719  MXM  WARN  Conflicting CPU frequencies detected, using: 2091.38
[1441195643.802205] [node012:30741:0]         mxm.c:185  MXM  WARN  The 'ulimit -s' on the system is set to 'unlimited'. This may have negative performance implications. Please set the heap size to the default value (10240) 
[1441195643.803653] [node009:30657:0]         sys.c:719  MXM  WARN  Conflicting CPU frequencies detected, using: 2399.91
[1441195643.813951] [node009:30657:0]         mxm.c:185  MXM  WARN  The 'ulimit -s' on the system is set to 'unlimited'. This may have negative performance implications. Please set the heap size to the default value (10240) 
[1441195643.790948] [node012:30743:0]         sys.c:719  MXM  WARN  Conflicting CPU frequencies detected, using: 1997.91
[1441195643.799966] [node012:30743:0]         mxm.c:185  MXM  WARN  The 'ulimit -s' on the system is set to 'unlimited'. This may have negative performance implications. Please set the heap size to the default value (10240) 
[1441195643.808109] [node009:30684:0]         sys.c:719  MXM  WARN  Conflicting CPU frequencies detected, using: 2399.91
[1441195643.817715] [node009:30684:0]         mxm.c:185  MXM  WARN  The 'ulimit -s' on the system is set to 'unlimited'. This may have negative performance implications. Please set the heap size to the default value (10240) 
[1441195643.790977] [node012:30742:0]         sys.c:719  MXM  WARN  Conflicting CPU frequencies detected, using: 1997.91
[1441195643.801432] [node012:30742:0]         mxm.c:185  MXM  WARN  The 'ulimit -s' on the system is set to 'unlimited'. This may have negative performance implications. Please set the heap size to the default value (10240) 
[1441195643.804799] [node009:30676:0]         sys.c:719  MXM  WARN  Conflicting CPU frequencies detected, using: 2399.91
[1441195643.818738] [node009:30676:0]         mxm.c:185  MXM  WARN  The 'ulimit -s' on the system is set to 'unlimited'. This may have negative performance implications. Please set the heap size to the default value (10240) 
[1441195643.804182] [node009:30663:0]         sys.c:719  MXM  WARN  Conflicting CPU frequencies detected, using: 2399.91
[1441195643.821169] [node009:30663:0]         mxm.c:185  MXM  WARN  The 'ulimit -s' on the system is set to 'unlimited'. This may have negative performance implications. Please set the heap size to the default value (10240) 
[1441195643.871743] [node012:30811:0]         sys.c:719  MXM  WARN  Conflicting CPU frequencies detected, using: 2266.03
[1441195643.876160] [node012:30811:0]         mxm.c:185  MXM  WARN  The 'ulimit -s' on the system is set to 'unlimited'. This may have negative performance implications. Please set the heap size to the default value (10240) 
[1441195643.860396] [node014:30338:0]         sys.c:719  MXM  WARN  Conflicting CPU frequencies detected, using: 1485.56
[1441195643.863993] [node014:30338:0]         mxm.c:185  MXM  WARN  The 'ulimit -s' on the system is set to 'unlimited'. This may have negative performance implications. Please set the heap size to the default value (10240) 
[1441195643.905983] [node010:30582:0]         sys.c:719  MXM  WARN  Conflicting CPU frequencies detected, using: 2199.66
[1441195643.908257] [node010:30582:0]         mxm.c:185  MXM  WARN  The 'ulimit -s' on the system is set to 'unlimited'. This may have negative performance implications. Please set the heap size to the default value (10240) 
[1441195643.904817] [node010:30581:0]         sys.c:719  MXM  WARN  Conflicting CPU frequencies detected, using: 2199.66
[1441195643.907495] [node010:30581:0]         mxm.c:185  MXM  WARN  The 'ulimit -s' on the system is set to 'unlimited'. This may have negative performance implications. Please set the heap size to the default value (10240) 
[1441195643.900993] [node010:30580:0]         sys.c:719  MXM  WARN  Conflicting CPU frequencies detected, using: 2199.66
[1441195643.904271] [node010:30580:0]         mxm.c:185  MXM  WARN  The 'ulimit -s' on the system is set to 'unlimited'. This may have negative performance implications. Please set the heap size to the default value (10240) 
[1441195643.908404] [node009:30786:0]         sys.c:719  MXM  WARN  Conflicting CPU frequencies detected, using: 2346.00
[1441195643.913717] [node009:30786:0]         mxm.c:185  MXM  WARN  The 'ulimit -s' on the system is set to 'unlimited'. This may have negative performance implications. Please set the heap size to the default value (10240) 
[1441195643.892426] [node011:30545:0]         sys.c:719  MXM  WARN  Conflicting CPU frequencies detected, using: 1599.94
[1441195643.897868] [node011:30545:0]         mxm.c:185  MXM  WARN  The 'ulimit -s' on the system is set to 'unlimited'. This may have negative performance implications. Please set the heap size to the default value (10240) 
[1441195643.937322] [node011:30562:0]         sys.c:719  MXM  WARN  Conflicting CPU frequencies detected, using: 1996.78
[1441195643.942239] [node011:30562:0]         mxm.c:185  MXM  WARN  The 'ulimit -s' on the system is set to 'unlimited'. This may have negative performance implications. Please set the heap size to the default value (10240) 
[1441195643.936627] [node013:30828:0]         sys.c:719  MXM  WARN  Conflicting CPU frequencies detected, using: 1698.00
[1441195643.941830] [node013:30828:0]         mxm.c:185  MXM  WARN  The 'ulimit -s' on the system is set to 'unlimited'. This may have negative performance implications. Please set the heap size to the default value (10240) 
[1441195643.962785] [node012:30835:0]         sys.c:719  MXM  WARN  Conflicting CPU frequencies detected, using: 2400.00
[1441195643.967648] [node012:30835:0]         mxm.c:185  MXM  WARN  The 'ulimit -s' on the system is set to 'unlimited'. This may have negative performance implications. Please set the heap size to the default value (10240) 
[1441195643.961285] [node015:27993:0]         sys.c:719  MXM  WARN  Conflicting CPU frequencies detected, using: 1799.16
[1441195643.967226] [node015:27993:0]         mxm.c:185  MXM  WARN  The 'ulimit -s' on the system is set to 'unlimited'. This may have negative performance implications. Please set the heap size to the default value (10240) 
[1441195643.981918] [node011:30586:0]         sys.c:719  MXM  WARN  Conflicting CPU frequencies detected, using: 2299.41
[1441195643.987420] [node011:30586:0]         mxm.c:185  MXM  WARN  The 'ulimit -s' on the system is set to 'unlimited'. This may have negative performance implications. Please set the heap size to the default value (10240) 
[1441195643.980515] [node012:30851:0]         sys.c:719  MXM  WARN  Conflicting CPU frequencies detected, using: 2400.00
[1441195643.985623] [node012:30851:0]         mxm.c:185  MXM  WARN  The 'ulimit -s' on the system is set to 'unlimited'. This may have negative performance implications. Please set the heap size to the default value (10240) 
[1441195643.960360] [node018:25159:0]         sys.c:719  MXM  WARN  Conflicting CPU frequencies detected, using: 1595.34
[1441195643.966126] [node018:25159:0]         mxm.c:185  MXM  WARN  The 'ulimit -s' on the system is set to 'unlimited'. This may have negative performance implications. Please set the heap size to the default value (10240) 
[1441195643.982562] [node015:28010:0]         sys.c:719  MXM  WARN  Conflicting CPU frequencies detected, using: 1999.12
[1441195643.988633] [node015:28010:0]         mxm.c:185  MXM  WARN  The 'ulimit -s' on the system is set to 'unlimited'. This may have negative performance implications. Please set the heap size to the default value (10240) 
[1441195643.979168] [node013:30847:0]         sys.c:719  MXM  WARN  Conflicting CPU frequencies detected, using: 1995.38
[1441195643.985706] [node013:30847:0]         mxm.c:185  MXM  WARN  The 'ulimit -s' on the system is set to 'unlimited'. This may have negative performance implications. Please set the heap size to the default value (10240) 
[1441195643.998712] [node010:30651:0]         sys.c:719  MXM  WARN  Conflicting CPU frequencies detected, using: 2400.00
[1441195644.001550] [node010:30651:0]         mxm.c:185  MXM  WARN  The 'ulimit -s' on the system is set to 'unlimited'. This may have negative performance implications. Please set the heap size to the default value (10240) 
[1441195643.983857] [node012:30849:0]         sys.c:719  MXM  WARN  Conflicting CPU frequencies detected, using: 2400.00
[1441195643.988862] [node012:30849:0]         mxm.c:185  MXM  WARN  The 'ulimit -s' on the system is set to 'unlimited'. This may have negative performance implications. Please set the heap size to the default value (10240) 
[1441195643.992240] [node019:25338:0]         sys.c:719  MXM  WARN  Conflicting CPU frequencies detected, using: 1898.62
[1441195643.996643] [node019:25338:0]         mxm.c:185  MXM  WARN  The 'ulimit -s' on the system is set to 'unlimited'. This may have negative performance implications. Please set the heap size to the default value (10240) 
[1441195643.989618] [node012:30886:0]         sys.c:719  MXM  WARN  Conflicting CPU frequencies detected, using: 2400.00
[1441195643.998923] [node012:30886:0]         mxm.c:185  MXM  WARN  The 'ulimit -s' on the system is set to 'unlimited'. This may have negative performance implications. Please set the heap size to the default value (10240) 
[1441195644.001317] [node011:30606:0]         sys.c:719  MXM  WARN  Conflicting CPU frequencies detected, using: 2400.00
[1441195644.006264] [node011:30606:0]         mxm.c:185  MXM  WARN  The 'ulimit -s' on the system is set to 'unlimited'. This may have negative performance implications. Please set the heap size to the default value (10240) 
[1441195644.017661] [node010:30662:0]         sys.c:719  MXM  WARN  Conflicting CPU frequencies detected, using: 2400.00
[1441195644.020220] [node010:30662:0]         mxm.c:185  MXM  WARN  The 'ulimit -s' on the system is set to 'unlimited'. This may have negative performance implications. Please set the heap size to the default value (10240) 
[1441195644.011916] [node014:30362:0]         sys.c:719  MXM  WARN  Conflicting CPU frequencies detected, using: 2092.22
[1441195644.014912] [node014:30362:0]         mxm.c:185  MXM  WARN  The 'ulimit -s' on the system is set to 'unlimited'. This may have negative performance implications. Please set the heap size to the default value (10240) 
[1441195644.017959] [node010:30652:0]         sys.c:719  MXM  WARN  Conflicting CPU frequencies detected, using: 2400.00
[1441195644.020485] [node010:30652:0]         mxm.c:185  MXM  WARN  The 'ulimit -s' on the system is set to 'unlimited'. This may have negative performance implications. Please set the heap size to the default value (10240) 
[1441195643.993906] [node009:30809:0]         sys.c:719  MXM  WARN  Conflicting CPU frequencies detected, using: 2184.66
[1441195643.999731] [node009:30809:0]         mxm.c:185  MXM  WARN  The 'ulimit -s' on the system is set to 'unlimited'. This may have negative performance implications. Please set the heap size to the default value (10240) 
[1441195644.025427] [node014:30366:0]         sys.c:719  MXM  WARN  Conflicting CPU frequencies detected, using: 2100.00
[1441195644.028245] [node014:30366:0]         mxm.c:185  MXM  WARN  The 'ulimit -s' on the system is set to 'unlimited'. This may have negative performance implications. Please set the heap size to the default value (10240) 
[1441195644.030646] [node010:30683:0]         sys.c:719  MXM  WARN  Conflicting CPU frequencies detected, using: 2400.00
[1441195644.033598] [node010:30683:0]         mxm.c:185  MXM  WARN  The 'ulimit -s' on the system is set to 'unlimited'. This may have negative performance implications. Please set the heap size to the default value (10240) 
[1441195644.007238] [node020:24081:0]         sys.c:719  MXM  WARN  Conflicting CPU frequencies detected, using: 1999.97
[1441195644.013028] [node020:24081:0]         mxm.c:185  MXM  WARN  The 'ulimit -s' on the system is set to 'unlimited'. This may have negative performance implications. Please set the heap size to the default value (10240) 
[1441195644.030052] [node014:30378:0]         sys.c:719  MXM  WARN  Conflicting CPU frequencies detected, using: 2193.75
[1441195644.032726] [node014:30378:0]         mxm.c:185  MXM  WARN  The 'ulimit -s' on the system is set to 'unlimited'. This may have negative performance implications. Please set the heap size to the default value (10240) 
[1441195644.033569] [node014:30390:0]         sys.c:719  MXM  WARN  Conflicting CPU frequencies detected, using: 2194.12
[1441195644.036225] [node014:30390:0]         mxm.c:185  MXM  WARN  The 'ulimit -s' on the system is set to 'unlimited'. This may have negative performance implications. Please set the heap size to the default value (10240) 
[1441195644.035895] [node014:30413:0]         sys.c:719  MXM  WARN  Conflicting CPU frequencies detected, using: 2194.12
[1441195644.038891] [node014:30413:0]         mxm.c:185  MXM  WARN  The 'ulimit -s' on the system is set to 'unlimited'. This may have negative performance implications. Please set the heap size to the default value (10240) 
[1441195644.035687] [node013:30869:0]         sys.c:719  MXM  WARN  Conflicting CPU frequencies detected, using: 2296.88
[1441195644.040693] [node013:30869:0]         mxm.c:185  MXM  WARN  The 'ulimit -s' on the system is set to 'unlimited'. This may have negative performance implications. Please set the heap size to the default value (10240) 
[1441195644.026858] [node011:30618:0]         sys.c:719  MXM  WARN  Conflicting CPU frequencies detected, using: 2400.00
[1441195644.035209] [node011:30618:0]         mxm.c:185  MXM  WARN  The 'ulimit -s' on the system is set to 'unlimited'. This may have negative performance implications. Please set the heap size to the default value (10240) 
[1441195644.039136] [node013:30870:0]         sys.c:719  MXM  WARN  Conflicting CPU frequencies detected, using: 2393.81
[1441195644.043719] [node013:30870:0]         mxm.c:185  MXM  WARN  The 'ulimit -s' on the system is set to 'unlimited'. This may have negative performance implications. Please set the heap size to the default value (10240) 
[1441195644.050392] [node014:30454:0]         sys.c:719  MXM  WARN  Conflicting CPU frequencies detected, using: 2399.06
[1441195644.053743] [node014:30454:0]         mxm.c:185  MXM  WARN  The 'ulimit -s' on the system is set to 'unlimited'. This may have negative performance implications. Please set the heap size to the default value (10240) 
[1441195644.050277] [node014:30447:0]         sys.c:719  MXM  WARN  Conflicting CPU frequencies detected, using: 2399.06
[1441195644.053827] [node014:30447:0]         mxm.c:185  MXM  WARN  The 'ulimit -s' on the system is set to 'unlimited'. This may have negative performance implications. Please set the heap size to the default value (10240) 
[1441195644.039367] [node011:30678:0]         sys.c:719  MXM  WARN  Conflicting CPU frequencies detected, using: 2400.00
[1441195644.048018] [node011:30678:0]         mxm.c:185  MXM  WARN  The 'ulimit -s' on the system is set to 'unlimited'. This may have negative performance implications. Please set the heap size to the default value (10240) 
[1441195644.059108] [node019:25356:0]         sys.c:719  MXM  WARN  Conflicting CPU frequencies detected, using: 2396.53
[1441195644.061714] [node019:25356:0]         mxm.c:185  MXM  WARN  The 'ulimit -s' on the system is set to 'unlimited'. This may have negative performance implications. Please set the heap size to the default value (10240) 
[1441195644.025884] [node011:30617:0]         sys.c:719  MXM  WARN  Conflicting CPU frequencies detected, using: 2400.00
[1441195644.036719] [node011:30617:0]         mxm.c:185  MXM  WARN  The 'ulimit -s' on the system is set to 'unlimited'. This may have negative performance implications. Please set the heap size to the default value (10240) 
[1441195644.029511] [node011:30620:0]         sys.c:719  MXM  WARN  Conflicting CPU frequencies detected, using: 2400.00
[1441195644.038300] [node011:30620:0]         mxm.c:185  MXM  WARN  The 'ulimit -s' on the system is set to 'unlimited'. This may have negative performance implications. Please set the heap size to the default value (10240) 
[1441195644.050566] [node020:24087:0]         sys.c:719  MXM  WARN  Conflicting CPU frequencies detected, using: 2399.91
[1441195644.055847] [node020:24087:0]         mxm.c:185  MXM  WARN  The 'ulimit -s' on the system is set to 'unlimited'. This may have negative performance implications. Please set the heap size to the default value (10240) 
[1441195644.043920] [node017:25437:0]         sys.c:719  MXM  WARN  Conflicting CPU frequencies detected, using: 2199.75
[1441195644.048880] [node017:25437:0]         mxm.c:185  MXM  WARN  The 'ulimit -s' on the system is set to 'unlimited'. This may have negative performance implications. Please set the heap size to the default value (10240) 
[1441195644.049455] [node017:25438:0]         sys.c:719  MXM  WARN  Conflicting CPU frequencies detected, using: 2298.47
[1441195644.055183] [node017:25438:0]         mxm.c:185  MXM  WARN  The 'ulimit -s' on the system is set to 'unlimited'. This may have negative performance implications. Please set the heap size to the default value (10240) 
[1441195644.048221] [node013:30886:0]         sys.c:719  MXM  WARN  Conflicting CPU frequencies detected, using: 2393.81
[1441195644.053919] [node013:30886:0]         mxm.c:185  MXM  WARN  The 'ulimit -s' on the system is set to 'unlimited'. This may have negative performance implications. Please set the heap size to the default value (10240) 
[1441195644.068082] [node019:25357:0]         sys.c:719  MXM  WARN  Conflicting CPU frequencies detected, using: 2400.00
[1441195644.071371] [node019:25357:0]         mxm.c:185  MXM  WARN  The 'ulimit -s' on the system is set to 'unlimited'. This may have negative performance implications. Please set the heap size to the default value (10240) 
[1441195644.055416] [node017:25451:0]         sys.c:719  MXM  WARN  Conflicting CPU frequencies detected, using: 2298.47
[1441195644.065241] [node017:25451:0]         mxm.c:185  MXM  WARN  The 'ulimit -s' on the system is set to 'unlimited'. This may have negative performance implications. Please set the heap size to the default value (10240) 
[1441195644.058473] [node018:25184:0]         sys.c:719  MXM  WARN  Conflicting CPU frequencies detected, using: 2400.00
[1441195644.063369] [node018:25184:0]         mxm.c:185  MXM  WARN  The 'ulimit -s' on the system is set to 'unlimited'. This may have negative performance implications. Please set the heap size to the default value (10240) 
[1441195644.052716] [node017:25439:0]         sys.c:719  MXM  WARN  Conflicting CPU frequencies detected, using: 2298.47
[1441195644.064500] [node017:25439:0]         mxm.c:185  MXM  WARN  The 'ulimit -s' on the system is set to 'unlimited'. This may have negative performance implications. Please set the heap size to the default value (10240) 
[1441195644.078631] [node019:25371:0]         sys.c:719  MXM  WARN  Conflicting CPU frequencies detected, using: 2400.00
[1441195644.080917] [node019:25371:0]         mxm.c:185  MXM  WARN  The 'ulimit -s' on the system is set to 'unlimited'. This may have negative performance implications. Please set the heap size to the default value (10240) 
[1441195644.077799] [node019:25372:0]         sys.c:719  MXM  WARN  Conflicting CPU frequencies detected, using: 2400.00
[1441195644.080613] [node019:25372:0]         mxm.c:185  MXM  WARN  The 'ulimit -s' on the system is set to 'unlimited'. This may have negative performance implications. Please set the heap size to the default value (10240) 
[1441195644.076885] [node019:25366:0]         sys.c:719  MXM  WARN  Conflicting CPU frequencies detected, using: 2400.00
[1441195644.080062] [node019:25366:0]         mxm.c:185  MXM  WARN  The 'ulimit -s' on the system is set to 'unlimited'. This may have negative performance implications. Please set the heap size to the default value (10240) 
[1441195644.064727] [node018:25185:0]         sys.c:719  MXM  WARN  Conflicting CPU frequencies detected, using: 2400.00
[1441195644.073343] [node018:25185:0]         mxm.c:185  MXM  WARN  The 'ulimit -s' on the system is set to 'unlimited'. This may have negative performance implications. Please set the heap size to the default value (10240) 
[1441195644.053591] [node013:30893:0]         sys.c:719  MXM  WARN  Conflicting CPU frequencies detected, using: 2388.66
[1441195644.069087] [node013:30893:0]         mxm.c:185  MXM  WARN  The 'ulimit -s' on the system is set to 'unlimited'. This may have negative performance implications. Please set the heap size to the default value (10240) 
[1441195644.052780] [node013:30884:0]         sys.c:719  MXM  WARN  Conflicting CPU frequencies detected, using: 2388.66
[1441195644.060902] [node013:30884:0]         mxm.c:185  MXM  WARN  The 'ulimit -s' on the system is set to 'unlimited'. This may have negative performance implications. Please set the heap size to the default value (10240) 
[1441195644.078949] [node019:25373:0]         sys.c:719  MXM  WARN  Conflicting CPU frequencies detected, using: 2400.00
[1441195644.081810] [node019:25373:0]         mxm.c:185  MXM  WARN  The 'ulimit -s' on the system is set to 'unlimited'. This may have negative performance implications. Please set the heap size to the default value (10240) 
[1441195644.055602] [node015:28030:0]         sys.c:719  MXM  WARN  Conflicting CPU frequencies detected, using: 2399.91
[1441195644.064376] [node015:28030:0]         mxm.c:185  MXM  WARN  The 'ulimit -s' on the system is set to 'unlimited'. This may have negative performance implications. Please set the heap size to the default value (10240) 
[1441195644.084013] [node019:25461:0]         sys.c:719  MXM  WARN  Conflicting CPU frequencies detected, using: 2400.00
[1441195644.087790] [node019:25461:0]         mxm.c:185  MXM  WARN  The 'ulimit -s' on the system is set to 'unlimited'. This may have negative performance implications. Please set the heap size to the default value (10240) 
[1441195644.054028] [node013:30952:0]         sys.c:719  MXM  WARN  Conflicting CPU frequencies detected, using: 2396.44
[1441195644.065115] [node013:30952:0]         mxm.c:185  MXM  WARN  The 'ulimit -s' on the system is set to 'unlimited'. This may have negative performance implications. Please set the heap size to the default value (10240) 
[1441195644.066406] [node018:25186:0]         sys.c:719  MXM  WARN  Conflicting CPU frequencies detected, using: 2400.00
[1441195644.075636] [node018:25186:0]         mxm.c:185  MXM  WARN  The 'ulimit -s' on the system is set to 'unlimited'. This may have negative performance implications. Please set the heap size to the default value (10240) 
[1441195644.054961] [node015:28043:0]         sys.c:719  MXM  WARN  Conflicting CPU frequencies detected, using: 2399.91
[1441195644.062811] [node015:28043:0]         mxm.c:185  MXM  WARN  The 'ulimit -s' on the system is set to 'unlimited'. This may have negative performance implications. Please set the heap size to the default value (10240) 
[1441195644.058415] [node015:28045:0]         sys.c:719  MXM  WARN  Conflicting CPU frequencies detected, using: 2399.91
[1441195644.073334] [node015:28045:0]         mxm.c:185  MXM  WARN  The 'ulimit -s' on the system is set to 'unlimited'. This may have negative performance implications. Please set the heap size to the default value (10240) 
[1441195644.072179] [node017:25505:0]         sys.c:719  MXM  WARN  Conflicting CPU frequencies detected, using: 2400.00
[1441195644.082591] [node017:25505:0]         mxm.c:185  MXM  WARN  The 'ulimit -s' on the system is set to 'unlimited'. This may have negative performance implications. Please set the heap size to the default value (10240) 
[1441195644.062974] [node015:28044:0]         sys.c:719  MXM  WARN  Conflicting CPU frequencies detected, using: 2400.00
[1441195644.081600] [node015:28044:0]         mxm.c:185  MXM  WARN  The 'ulimit -s' on the system is set to 'unlimited'. This may have negative performance implications. Please set the heap size to the default value (10240) 
[1441195644.062763] [node015:28032:0]         sys.c:719  MXM  WARN  Conflicting CPU frequencies detected, using: 2400.00
[1441195644.074842] [node015:28032:0]         mxm.c:185  MXM  WARN  The 'ulimit -s' on the system is set to 'unlimited'. This may have negative performance implications. Please set the heap size to the default value (10240) 
[1441195644.060116] [node015:28036:0]         sys.c:719  MXM  WARN  Conflicting CPU frequencies detected, using: 2399.91
[1441195644.074068] [node015:28036:0]         mxm.c:185  MXM  WARN  The 'ulimit -s' on the system is set to 'unlimited'. This may have negative performance implications. Please set the heap size to the default value (10240) 
[1441195644.080821] [node018:25254:0]         sys.c:719  MXM  WARN  Conflicting CPU frequencies detected, using: 2399.91
[1441195644.087074] [node018:25254:0]         mxm.c:185  MXM  WARN  The 'ulimit -s' on the system is set to 'unlimited'. This may have negative performance implications. Please set the heap size to the default value (10240) 
[1441195644.071438] [node017:25504:0]         sys.c:719  MXM  WARN  Conflicting CPU frequencies detected, using: 2400.00
[1441195644.086655] [node017:25504:0]         mxm.c:185  MXM  WARN  The 'ulimit -s' on the system is set to 'unlimited'. This may have negative performance implications. Please set the heap size to the default value (10240) 
[1441195644.080979] [node020:24172:0]         sys.c:719  MXM  WARN  Conflicting CPU frequencies detected, using: 2400.00
[1441195644.089970] [node020:24172:0]         mxm.c:185  MXM  WARN  The 'ulimit -s' on the system is set to 'unlimited'. This may have negative performance implications. Please set the heap size to the default value (10240) 
[1441195644.076072] [node017:25515:0]         sys.c:719  MXM  WARN  Conflicting CPU frequencies detected, using: 2400.00
[1441195644.095168] [node017:25515:0]         mxm.c:185  MXM  WARN  The 'ulimit -s' on the system is set to 'unlimited'. This may have negative performance implications. Please set the heap size to the default value (10240) 
[1441195644.076498] [node020:24099:0]         sys.c:719  MXM  WARN  Conflicting CPU frequencies detected, using: 2400.00
[1441195644.086007] [node020:24099:0]         mxm.c:185  MXM  WARN  The 'ulimit -s' on the system is set to 'unlimited'. This may have negative performance implications. Please set the heap size to the default value (10240) 
[1441195644.074070] [node017:25525:0]         sys.c:719  MXM  WARN  Conflicting CPU frequencies detected, using: 2400.00
[1441195644.093526] [node017:25525:0]         mxm.c:185  MXM  WARN  The 'ulimit -s' on the system is set to 'unlimited'. This may have negative performance implications. Please set the heap size to the default value (10240) 
[1441195644.085712] [node018:25239:0]         sys.c:719  MXM  WARN  Conflicting CPU frequencies detected, using: 2400.00
[1441195644.096920] [node018:25239:0]         mxm.c:185  MXM  WARN  The 'ulimit -s' on the system is set to 'unlimited'. This may have negative performance implications. Please set the heap size to the default value (10240) 
[1441195644.082787] [node018:25231:0]         sys.c:719  MXM  WARN  Conflicting CPU frequencies detected, using: 2400.00
[1441195644.092726] [node018:25231:0]         mxm.c:185  MXM  WARN  The 'ulimit -s' on the system is set to 'unlimited'. This may have negative performance implications. Please set the heap size to the default value (10240) 
[1441195644.081462] [node020:24114:0]         sys.c:719  MXM  WARN  Conflicting CPU frequencies detected, using: 2400.00
[1441195644.094833] [node020:24114:0]         mxm.c:185  MXM  WARN  The 'ulimit -s' on the system is set to 'unlimited'. This may have negative performance implications. Please set the heap size to the default value (10240) 
[1441195644.086691] [node018:25243:0]         sys.c:719  MXM  WARN  Conflicting CPU frequencies detected, using: 2400.00
[1441195644.104612] [node018:25243:0]         mxm.c:185  MXM  WARN  The 'ulimit -s' on the system is set to 'unlimited'. This may have negative performance implications. Please set the heap size to the default value (10240) 
[1441195644.083243] [node020:24134:0]         sys.c:719  MXM  WARN  Conflicting CPU frequencies detected, using: 2400.00
[1441195644.102272] [node020:24134:0]         mxm.c:185  MXM  WARN  The 'ulimit -s' on the system is set to 'unlimited'. This may have negative performance implications. Please set the heap size to the default value (10240) 
[1441195644.082488] [node020:24105:0]         sys.c:719  MXM  WARN  Conflicting CPU frequencies detected, using: 2400.00
[1441195644.105770] [node020:24105:0]         mxm.c:185  MXM  WARN  The 'ulimit -s' on the system is set to 'unlimited'. This may have negative performance implications. Please set the heap size to the default value (10240) 
[1441195644.077871] [node020:24102:0]         sys.c:719  MXM  WARN  Conflicting CPU frequencies detected, using: 2400.00
[1441195644.097273] [node020:24102:0]         mxm.c:185  MXM  WARN  The 'ulimit -s' on the system is set to 'unlimited'. This may have negative performance implications. Please set the heap size to the default value (10240) 
UPCR: UPC thread  6 of 96 on node008 (pshm node  0 of 12, process  6 of 96, pid=2162)
UPCR: UPC thread 25 of 96 on node011 (pshm node  3 of 12, process 25 of 96, pid=30617)
UPCR: UPC thread 31 of 96 on node011 (pshm node  3 of 12, process 31 of 96, pid=30562)
UPCR: UPC thread 67 of 96 on node017 (pshm node  8 of 12, process 67 of 96, pid=25439)
UPCR: UPC thread 37 of 96 on node012 (pshm node  4 of 12, process 37 of 96, pid=30811)
UPCR: UPC thread 24 of 96 on node011 (pshm node  3 of 12, process 24 of 96, pid=30620)
UPCR: UPC thread 30 of 96 on node011 (pshm node  3 of 12, process 30 of 96, pid=30618)
UPCR: UPC thread  1 of 96 on node008 (pshm node  0 of 12, process  1 of 96, pid=2157)
UPCR: UPC thread 66 of 96 on node017 (pshm node  8 of 12, process 66 of 96, pid=25437)
UPCR: UPC thread  0 of 96 on node008 (pshm node  0 of 12, process  0 of 96, pid=2156)
UPCR: UPC thread  2 of 96 on node008 (pshm node  0 of 12, process  2 of 96, pid=2158)
UPCR: UPC thread  5 of 96 on node008 (pshm node  0 of 12, process  5 of 96, pid=2161)
UPCR: UPC thread  3 of 96 on node008 (pshm node  0 of 12, process  3 of 96, pid=2159)
UPCR: UPC thread  4 of 96 on node008 (pshm node  0 of 12, process  4 of 96, pid=2160)
UPCR: UPC thread  7 of 96 on node008 (pshm node  0 of 12, process  7 of 96, pid=2163)
UPCR: UPC thread 50 of 96 on node014 (pshm node  6 of 12, process 50 of 96, pid=30378)
UPCR: UPC thread 84 of 96 on node019 (pshm node 10 of 12, process 84 of 96, pid=25372)
UPCR: UPC thread 52 of 96 on node014 (pshm node  6 of 12, process 52 of 96, pid=30447)
UPCR: UPC thread 49 of 96 on node014 (pshm node  6 of 12, process 49 of 96, pid=30454)
UPCR: UPC thread 48 of 96 on node014 (pshm node  6 of 12, process 48 of 96, pid=30338)
UPCR: UPC thread 41 of 96 on node013 (pshm node  5 of 12, process 41 of 96, pid=30869)
UPCR: UPC thread 77 of 96 on node018 (pshm node  9 of 12, process 77 of 96, pid=25159)
UPCR: UPC thread 12 of 96 on node009 (pshm node  1 of 12, process 12 of 96, pid=30676)
UPCR: UPC thread 56 of 96 on node015 (pshm node  7 of 12, process 56 of 96, pid=27993)
UPCR: UPC thread 59 of 96 on node015 (pshm node  7 of 12, process 59 of 96, pid=28043)
UPCR: UPC thread 78 of 96 on node018 (pshm node  9 of 12, process 78 of 96, pid=25184)
UPCR: UPC thread 51 of 96 on node014 (pshm node  6 of 12, process 51 of 96, pid=30413)
UPCR: UPC thread 54 of 96 on node014 (pshm node  6 of 12, process 54 of 96, pid=30366)
UPCR: UPC thread  8 of 96 on node009 (pshm node  1 of 12, process  8 of 96, pid=30663)
UPCR: UPC thread 15 of 96 on node009 (pshm node  1 of 12, process 15 of 96, pid=30809)
UPCR: UPC thread 81 of 96 on node019 (pshm node 10 of 12, process 81 of 96, pid=25356)
UPCR: UPC thread 92 of 96 on node020 (pshm node 11 of 12, process 92 of 96, pid=24114)
UPCR: UPC thread 42 of 96 on node013 (pshm node  5 of 12, process 42 of 96, pid=30828)
UPCR: UPC thread 89 of 96 on node020 (pshm node 11 of 12, process 89 of 96, pid=24172)
UPCR: UPC thread 76 of 96 on node018 (pshm node  9 of 12, process 76 of 96, pid=25254)
UPCR: UPC thread 47 of 96 on node013 (pshm node  5 of 12, process 47 of 96, pid=30952)
UPCR: UPC thread 46 of 96 on node013 (pshm node  5 of 12, process 46 of 96, pid=30884)
UPCR: UPC thread 75 of 96 on node018 (pshm node  9 of 12, process 75 of 96, pid=25186)
UPCR: UPC thread 45 of 96 on node013 (pshm node  5 of 12, process 45 of 96, pid=30870)
UPCR: UPC thread 53 of 96 on node014 (pshm node  6 of 12, process 53 of 96, pid=30390)
UPCR: UPC thread 80 of 96 on node019 (pshm node 10 of 12, process 80 of 96, pid=25357)
UPCR: UPC thread 82 of 96 on node019 (pshm node 10 of 12, process 82 of 96, pid=25338)
UPCR: UPC thread 87 of 96 on node019 (pshm node 10 of 12, process 87 of 96, pid=25461)
UPCR: UPC thread 93 of 96 on node020 (pshm node 11 of 12, process 93 of 96, pid=24105)
UPCR: UPC thread 13 of 96 on node009 (pshm node  1 of 12, process 13 of 96, pid=30684)
UPCR: UPC thread 55 of 96 on node014 (pshm node  6 of 12, process 55 of 96, pid=30362)
UPCR: UPC thread 14 of 96 on node009 (pshm node  1 of 12, process 14 of 96, pid=30649)
UPCR: UPC thread 83 of 96 on node019 (pshm node 10 of 12, process 83 of 96, pid=25371)
UPCR: UPC thread 74 of 96 on node018 (pshm node  9 of 12, process 74 of 96, pid=25185)
UPCR: UPC thread 40 of 96 on node013 (pshm node  5 of 12, process 40 of 96, pid=30893)
UPCR: UPC thread 19 of 96 on node010 (pshm node  2 of 12, process 19 of 96, pid=30554)
UPCR: UPC thread 21 of 96 on node010 (pshm node  2 of 12, process 21 of 96, pid=30581)
UPCR: UPC thread 88 of 96 on node020 (pshm node 11 of 12, process 88 of 96, pid=24081)
UPCR: UPC thread 44 of 96 on node013 (pshm node  5 of 12, process 44 of 96, pid=30886)
UPCR: UPC thread 43 of 96 on node013 (pshm node  5 of 12, process 43 of 96, pid=30847)
UPCR: UPC thread 26 of 96 on node011 (pshm node  3 of 12, process 26 of 96, pid=30586)
UPCR: UPC thread 23 of 96 on node010 (pshm node  2 of 12, process 23 of 96, pid=30582)
UPCR: UPC thread 91 of 96 on node020 (pshm node 11 of 12, process 91 of 96, pid=24087)
UPCR: UPC thread 72 of 96 on node018 (pshm node  9 of 12, process 72 of 96, pid=25239)
UPCR: UPC thread 61 of 96 on node015 (pshm node  7 of 12, process 61 of 96, pid=28036)
UPCR: UPC thread 11 of 96 on node009 (pshm node  1 of 12, process 11 of 96, pid=30657)
UPCR: UPC thread 32 of 96 on node012 (pshm node  4 of 12, process 32 of 96, pid=30886)
UPCR: UPC thread 95 of 96 on node020 (pshm node 11 of 12, process 95 of 96, pid=24134)
UPCR: UPC thread 86 of 96 on node019 (pshm node 10 of 12, process 86 of 96, pid=25373)
UPCR: UPC thread 16 of 96 on node010 (pshm node  2 of 12, process 16 of 96, pid=30580)
UPCR: UPC thread 85 of 96 on node019 (pshm node 10 of 12, process 85 of 96, pid=25366)
UPCR: UPC thread  9 of 96 on node009 (pshm node  1 of 12, process  9 of 96, pid=30786)
UPCR: UPC thread 94 of 96 on node020 (pshm node 11 of 12, process 94 of 96, pid=24099)
UPCR: UPC thread 20 of 96 on node010 (pshm node  2 of 12, process 20 of 96, pid=30662)
UPCR: UPC thread 69 of 96 on node017 (pshm node  8 of 12, process 69 of 96, pid=25505)
UPCR: UPC thread 90 of 96 on node020 (pshm node 11 of 12, process 90 of 96, pid=24102)
UPCR: UPC thread 22 of 96 on node010 (pshm node  2 of 12, process 22 of 96, pid=30652)
UPCR: UPC thread 18 of 96 on node010 (pshm node  2 of 12, process 18 of 96, pid=30651)
UPCR: UPC thread 63 of 96 on node015 (pshm node  7 of 12, process 63 of 96, pid=28032)
UPCR: UPC thread 38 of 96 on node012 (pshm node  4 of 12, process 38 of 96, pid=30743)
UPCR: UPC thread 17 of 96 on node010 (pshm node  2 of 12, process 17 of 96, pid=30683)
UPCR: UPC thread 28 of 96 on node011 (pshm node  3 of 12, process 28 of 96, pid=30678)
UPCR: UPC thread 10 of 96 on node009 (pshm node  1 of 12, process 10 of 96, pid=30642)
UPCR: UPC thread 58 of 96 on node015 (pshm node  7 of 12, process 58 of 96, pid=28044)
UPCR: UPC thread 60 of 96 on node015 (pshm node  7 of 12, process 60 of 96, pid=28010)
UPCR: UPC thread 36 of 96 on node012 (pshm node  4 of 12, process 36 of 96, pid=30741)
UPCR: UPC thread 29 of 96 on node011 (pshm node  3 of 12, process 29 of 96, pid=30606)
UPCR: UPC thread 73 of 96 on node018 (pshm node  9 of 12, process 73 of 96, pid=25243)
UPCR: UPC thread 65 of 96 on node017 (pshm node  8 of 12, process 65 of 96, pid=25515)
UPCR: UPC thread 33 of 96 on node012 (pshm node  4 of 12, process 33 of 96, pid=30849)
UPCR: UPC thread 68 of 96 on node017 (pshm node  8 of 12, process 68 of 96, pid=25504)
UPCR: UPC thread 71 of 96 on node017 (pshm node  8 of 12, process 71 of 96, pid=25438)
UPCR: UPC thread 62 of 96 on node015 (pshm node  7 of 12, process 62 of 96, pid=28030)
UPCR: UPC thread 79 of 96 on node018 (pshm node  9 of 12, process 79 of 96, pid=25231)
UPCR: UPC thread 70 of 96 on node017 (pshm node  8 of 12, process 70 of 96, pid=25525)
UPCR: UPC thread 64 of 96 on node017 (pshm node  8 of 12, process 64 of 96, pid=25451)
UPCR: UPC thread 57 of 96 on node015 (pshm node  7 of 12, process 57 of 96, pid=28045)
UPCR: UPC thread 34 of 96 on node012 (pshm node  4 of 12, process 34 of 96, pid=30742)
UPCR: UPC thread 35 of 96 on node012 (pshm node  4 of 12, process 35 of 96, pid=30835)
UPCR: UPC thread 39 of 96 on node012 (pshm node  4 of 12, process 39 of 96, pid=30851)
UPCR: UPC thread 27 of 96 on node011 (pshm node  3 of 12, process 27 of 96, pid=30545)
0/96 - htable initialized
0/96 - table size: 103079215104 bytes (98304 MB)
0/96 - total number of buckets: 12884901888
0/96 - block size: 1073741824 (1024 MB)
0/96 - number of buckets in block: 134217728
0/96 - number of blocks: 96
38/96 - Performed a throughput benchmark:
38/96 - Performed 2000000 find-or-put operations with random values from [0,...,124799999]
38/96 - Finds: 975269 (0.487635), Inserts: 1024731 (0.512366), Errors: 0 (0)
38/96 - Execution time: 7.75429 seconds
38/96 - Throughput: 257922 ops/sec
34/96 - Performed a throughput benchmark:
34/96 - Performed 2000000 find-or-put operations with random values from [0,...,124799999]
34/96 - Finds: 975836 (0.487918), Inserts: 1024164 (0.512082), Errors: 0 (0)
34/96 - Execution time: 7.7621 seconds
34/96 - Throughput: 257662 ops/sec
50/96 - Performed a throughput benchmark:
50/96 - Performed 2000000 find-or-put operations with random values from [0,...,124799999]
50/96 - Finds: 976395 (0.488198), Inserts: 1023605 (0.511803), Errors: 0 (0)
50/96 - Execution time: 7.75393 seconds
50/96 - Throughput: 257934 ops/sec
40/96 - Performed a throughput benchmark:
40/96 - Performed 2000000 find-or-put operations with random values from [0,...,124799999]
40/96 - Finds: 975505 (0.487752), Inserts: 1024495 (0.512247), Errors: 0 (0)
40/96 - Execution time: 7.75882 seconds
40/96 - Throughput: 257771 ops/sec
36/96 - Performed a throughput benchmark:
36/96 - Performed 2000000 find-or-put operations with random values from [0,...,124799999]
36/96 - Finds: 976205 (0.488102), Inserts: 1023795 (0.511898), Errors: 0 (0)
36/96 - Execution time: 7.77295 seconds
36/96 - Throughput: 257303 ops/sec
55/96 - Performed a throughput benchmark:
55/96 - Performed 2000000 find-or-put operations with random values from [0,...,124799999]
55/96 - Finds: 975854 (0.487927), Inserts: 1024146 (0.512073), Errors: 0 (0)
55/96 - Execution time: 7.75239 seconds
55/96 - Throughput: 257985 ops/sec
32/96 - Performed a throughput benchmark:
32/96 - Performed 2000000 find-or-put operations with random values from [0,...,124799999]
32/96 - Finds: 975347 (0.487673), Inserts: 1024653 (0.512327), Errors: 0 (0)
32/96 - Execution time: 7.75457 seconds
32/96 - Throughput: 257912 ops/sec
35/96 - Performed a throughput benchmark:
35/96 - Performed 2000000 find-or-put operations with random values from [0,...,124799999]
35/96 - Finds: 973430 (0.486715), Inserts: 1026570 (0.513285), Errors: 0 (0)
35/96 - Execution time: 7.74035 seconds
35/96 - Throughput: 258386 ops/sec
52/96 - Performed a throughput benchmark:
52/96 - Performed 2000000 find-or-put operations with random values from [0,...,124799999]
52/96 - Finds: 978117 (0.489059), Inserts: 1021883 (0.510942), Errors: 0 (0)
52/96 - Execution time: 7.78072 seconds
52/96 - Throughput: 257046 ops/sec
91/96 - Performed a throughput benchmark:
91/96 - Performed 2000000 find-or-put operations with random values from [0,...,124799999]
91/96 - Finds: 977036 (0.488518), Inserts: 1022964 (0.511482), Errors: 0 (0)
91/96 - Execution time: 7.78394 seconds
91/96 - Throughput: 256939 ops/sec
90/96 - Performed a throughput benchmark:
90/96 - Performed 2000000 find-or-put operations with random values from [0,...,124799999]
90/96 - Finds: 976044 (0.488022), Inserts: 1023956 (0.511978), Errors: 0 (0)
90/96 - Execution time: 7.78407 seconds
90/96 - Throughput: 256935 ops/sec
43/96 - Performed a throughput benchmark:
43/96 - Performed 2000000 find-or-put operations with random values from [0,...,124799999]
43/96 - Finds: 978113 (0.489057), Inserts: 1021887 (0.510943), Errors: 0 (0)
43/96 - Execution time: 7.78474 seconds
43/96 - Throughput: 256913 ops/sec
45/96 - Performed a throughput benchmark:
45/96 - Performed 2000000 find-or-put operations with random values from [0,...,124799999]
45/96 - Finds: 976143 (0.488071), Inserts: 1023857 (0.511929), Errors: 0 (0)
45/96 - Execution time: 7.7707 seconds
45/96 - Throughput: 257377 ops/sec
68/96 - Performed a throughput benchmark:
68/96 - Performed 2000000 find-or-put operations with random values from [0,...,124799999]
68/96 - Finds: 977912 (0.488956), Inserts: 1022088 (0.511044), Errors: 0 (0)
68/96 - Execution time: 7.78913 seconds
68/96 - Throughput: 256768 ops/sec
95/96 - Performed a throughput benchmark:
95/96 - Performed 2000000 find-or-put operations with random values from [0,...,124799999]
95/96 - Finds: 976845 (0.488422), Inserts: 1023155 (0.511578), Errors: 0 (0)
95/96 - Execution time: 7.77493 seconds
95/96 - Throughput: 257237 ops/sec
78/96 - Performed a throughput benchmark:
78/96 - Performed 2000000 find-or-put operations with random values from [0,...,124799999]
78/96 - Finds: 978154 (0.489077), Inserts: 1021846 (0.510923), Errors: 0 (0)
78/96 - Execution time: 7.79275 seconds
78/96 - Throughput: 256649 ops/sec
60/96 - Performed a throughput benchmark:
60/96 - Performed 2000000 find-or-put operations with random values from [0,...,124799999]
60/96 - Finds: 977763 (0.488882), Inserts: 1022237 (0.511119), Errors: 0 (0)
60/96 - Execution time: 7.78501 seconds
60/96 - Throughput: 256904 ops/sec
41/96 - Performed a throughput benchmark:
41/96 - Performed 2000000 find-or-put operations with random values from [0,...,124799999]
41/96 - Finds: 978109 (0.489055), Inserts: 1021891 (0.510946), Errors: 0 (0)
41/96 - Execution time: 7.78062 seconds
41/96 - Throughput: 257049 ops/sec
47/96 - Performed a throughput benchmark:
47/96 - Performed 2000000 find-or-put operations with random values from [0,...,124799999]
47/96 - Finds: 978147 (0.489073), Inserts: 1021853 (0.510926), Errors: 0 (0)
47/96 - Execution time: 7.78218 seconds
47/96 - Throughput: 256998 ops/sec
77/96 - Performed a throughput benchmark:
77/96 - Performed 2000000 find-or-put operations with random values from [0,...,124799999]
77/96 - Finds: 979356 (0.489678), Inserts: 1020644 (0.510322), Errors: 0 (0)
77/96 - Execution time: 7.7985 seconds
77/96 - Throughput: 256460 ops/sec
79/96 - Performed a throughput benchmark:
79/96 - Performed 2000000 find-or-put operations with random values from [0,...,124799999]
79/96 - Finds: 977747 (0.488874), Inserts: 1022253 (0.511127), Errors: 0 (0)
79/96 - Execution time: 7.79545 seconds
79/96 - Throughput: 256560 ops/sec
46/96 - Performed a throughput benchmark:
46/96 - Performed 2000000 find-or-put operations with random values from [0,...,124799999]
46/96 - Finds: 977577 (0.488789), Inserts: 1022423 (0.511212), Errors: 0 (0)
46/96 - Execution time: 7.78216 seconds
46/96 - Throughput: 256998 ops/sec
51/96 - Performed a throughput benchmark:
51/96 - Performed 2000000 find-or-put operations with random values from [0,...,124799999]
51/96 - Finds: 976262 (0.488131), Inserts: 1023738 (0.511869), Errors: 0 (0)
51/96 - Execution time: 7.77461 seconds
51/96 - Throughput: 257248 ops/sec
53/96 - Performed a throughput benchmark:
53/96 - Performed 2000000 find-or-put operations with random values from [0,...,124799999]
53/96 - Finds: 979794 (0.489897), Inserts: 1020206 (0.510103), Errors: 0 (0)
53/96 - Execution time: 7.78837 seconds
53/96 - Throughput: 256793 ops/sec
37/96 - Performed a throughput benchmark:
37/96 - Performed 2000000 find-or-put operations with random values from [0,...,124799999]
37/96 - Finds: 975469 (0.487735), Inserts: 1024531 (0.512266), Errors: 0 (0)
37/96 - Execution time: 7.76785 seconds
37/96 - Throughput: 257471 ops/sec
67/96 - Performed a throughput benchmark:
67/96 - Performed 2000000 find-or-put operations with random values from [0,...,124799999]
67/96 - Finds: 980079 (0.49004), Inserts: 1019921 (0.509961), Errors: 0 (0)
67/96 - Execution time: 7.79476 seconds
67/96 - Throughput: 256583 ops/sec
16/96 - Performed a throughput benchmark:
16/96 - Performed 2000000 find-or-put operations with random values from [0,...,124799999]
16/96 - Finds: 979259 (0.489629), Inserts: 1020741 (0.51037), Errors: 0 (0)
16/96 - Execution time: 7.80429 seconds
16/96 - Throughput: 256269 ops/sec
64/96 - Performed a throughput benchmark:
64/96 - Performed 2000000 find-or-put operations with random values from [0,...,124799999]
64/96 - Finds: 978463 (0.489231), Inserts: 1021537 (0.510768), Errors: 0 (0)
64/96 - Execution time: 7.78997 seconds
64/96 - Throughput: 256740 ops/sec
58/96 - Performed a throughput benchmark:
58/96 - Performed 2000000 find-or-put operations with random values from [0,...,124799999]
58/96 - Finds: 977903 (0.488951), Inserts: 1022097 (0.511049), Errors: 0 (0)
58/96 - Execution time: 7.78744 seconds
58/96 - Throughput: 256824 ops/sec
61/96 - Performed a throughput benchmark:
61/96 - Performed 2000000 find-or-put operations with random values from [0,...,124799999]
61/96 - Finds: 976813 (0.488407), Inserts: 1023187 (0.511594), Errors: 0 (0)
61/96 - Execution time: 7.77245 seconds
61/96 - Throughput: 257319 ops/sec
10/96 - Performed a throughput benchmark:
10/96 - Performed 2000000 find-or-put operations with random values from [0,...,124799999]
10/96 - Finds: 978936 (0.489468), Inserts: 1021064 (0.510532), Errors: 0 (0)
10/96 - Execution time: 7.79598 seconds
10/96 - Throughput: 256543 ops/sec
9/96 - Performed a throughput benchmark:
9/96 - Performed 2000000 find-or-put operations with random values from [0,...,124799999]
9/96 - Finds: 979227 (0.489613), Inserts: 1020773 (0.510386), Errors: 0 (0)
9/96 - Execution time: 7.79283 seconds
9/96 - Throughput: 256646 ops/sec
54/96 - Performed a throughput benchmark:
54/96 - Performed 2000000 find-or-put operations with random values from [0,...,124799999]
54/96 - Finds: 977404 (0.488702), Inserts: 1022596 (0.511298), Errors: 0 (0)
54/96 - Execution time: 7.78665 seconds
54/96 - Throughput: 256850 ops/sec
44/96 - Performed a throughput benchmark:
44/96 - Performed 2000000 find-or-put operations with random values from [0,...,124799999]
44/96 - Finds: 977838 (0.488919), Inserts: 1022162 (0.511081), Errors: 0 (0)
44/96 - Execution time: 7.78353 seconds
44/96 - Throughput: 256953 ops/sec
88/96 - Performed a throughput benchmark:
88/96 - Performed 2000000 find-or-put operations with random values from [0,...,124799999]
88/96 - Finds: 976889 (0.488445), Inserts: 1023111 (0.511556), Errors: 0 (0)
88/96 - Execution time: 7.79175 seconds
88/96 - Throughput: 256682 ops/sec
42/96 - Performed a throughput benchmark:
42/96 - Performed 2000000 find-or-put operations with random values from [0,...,124799999]
42/96 - Finds: 976085 (0.488042), Inserts: 1023915 (0.511957), Errors: 0 (0)
42/96 - Execution time: 7.78798 seconds
42/96 - Throughput: 256806 ops/sec
30/96 - Performed a throughput benchmark:
30/96 - Performed 2000000 find-or-put operations with random values from [0,...,124799999]
30/96 - Finds: 979125 (0.489563), Inserts: 1020875 (0.510437), Errors: 0 (0)
30/96 - Execution time: 7.80112 seconds
30/96 - Throughput: 256374 ops/sec
49/96 - Performed a throughput benchmark:
49/96 - Performed 2000000 find-or-put operations with random values from [0,...,124799999]
49/96 - Finds: 975086 (0.487543), Inserts: 1024914 (0.512457), Errors: 0 (0)
49/96 - Execution time: 7.74923 seconds
49/96 - Throughput: 258090 ops/sec
56/96 - Performed a throughput benchmark:
56/96 - Performed 2000000 find-or-put operations with random values from [0,...,124799999]
56/96 - Finds: 979927 (0.489963), Inserts: 1020073 (0.510037), Errors: 0 (0)
56/96 - Execution time: 7.79302 seconds
56/96 - Throughput: 256640 ops/sec
15/96 - Performed a throughput benchmark:
15/96 - Performed 2000000 find-or-put operations with random values from [0,...,124799999]
15/96 - Finds: 977861 (0.48893), Inserts: 1022139 (0.511069), Errors: 0 (0)
15/96 - Execution time: 7.78456 seconds
15/96 - Throughput: 256919 ops/sec
71/96 - Performed a throughput benchmark:
71/96 - Performed 2000000 find-or-put operations with random values from [0,...,124799999]
71/96 - Finds: 978910 (0.489455), Inserts: 1021090 (0.510545), Errors: 0 (0)
71/96 - Execution time: 7.79437 seconds
71/96 - Throughput: 256596 ops/sec
66/96 - Performed a throughput benchmark:
66/96 - Performed 2000000 find-or-put operations with random values from [0,...,124799999]
66/96 - Finds: 977616 (0.488808), Inserts: 1022384 (0.511192), Errors: 0 (0)
66/96 - Execution time: 7.78956 seconds
66/96 - Throughput: 256754 ops/sec
48/96 - Performed a throughput benchmark:
48/96 - Performed 2000000 find-or-put operations with random values from [0,...,124799999]
48/96 - Finds: 978075 (0.489038), Inserts: 1021925 (0.510962), Errors: 0 (0)
48/96 - Execution time: 7.79349 seconds
48/96 - Throughput: 256624 ops/sec
82/96 - Performed a throughput benchmark:
82/96 - Performed 2000000 find-or-put operations with random values from [0,...,124799999]
82/96 - Finds: 980331 (0.490165), Inserts: 1019669 (0.509834), Errors: 0 (0)
82/96 - Execution time: 7.81532 seconds
82/96 - Throughput: 255908 ops/sec
81/96 - Performed a throughput benchmark:
81/96 - Performed 2000000 find-or-put operations with random values from [0,...,124799999]
81/96 - Finds: 981398 (0.490699), Inserts: 1018602 (0.509301), Errors: 0 (0)
81/96 - Execution time: 7.81827 seconds
81/96 - Throughput: 255811 ops/sec
62/96 - Performed a throughput benchmark:
62/96 - Performed 2000000 find-or-put operations with random values from [0,...,124799999]
62/96 - Finds: 978342 (0.489171), Inserts: 1021658 (0.510829), Errors: 0 (0)
62/96 - Execution time: 7.78457 seconds
62/96 - Throughput: 256918 ops/sec
23/96 - Performed a throughput benchmark:
23/96 - Performed 2000000 find-or-put operations with random values from [0,...,124799999]
23/96 - Finds: 979010 (0.489505), Inserts: 1020990 (0.510495), Errors: 0 (0)
23/96 - Execution time: 7.81384 seconds
23/96 - Throughput: 255956 ops/sec
28/96 - Performed a throughput benchmark:
28/96 - Performed 2000000 find-or-put operations with random values from [0,...,124799999]
28/96 - Finds: 979571 (0.489785), Inserts: 1020429 (0.510215), Errors: 0 (0)
28/96 - Execution time: 7.81895 seconds
28/96 - Throughput: 255789 ops/sec
21/96 - Performed a throughput benchmark:
21/96 - Performed 2000000 find-or-put operations with random values from [0,...,124799999]
21/96 - Finds: 979717 (0.489858), Inserts: 1020283 (0.510142), Errors: 0 (0)
21/96 - Execution time: 7.80558 seconds
21/96 - Throughput: 256227 ops/sec
33/96 - Performed a throughput benchmark:
33/96 - Performed 2000000 find-or-put operations with random values from [0,...,124799999]
33/96 - Finds: 973200 (0.4866), Inserts: 1026800 (0.5134), Errors: 0 (0)
33/96 - Execution time: 7.74489 seconds
33/96 - Throughput: 258235 ops/sec
17/96 - Performed a throughput benchmark:
17/96 - Performed 2000000 find-or-put operations with random values from [0,...,124799999]
17/96 - Finds: 981328 (0.490664), Inserts: 1018672 (0.509336), Errors: 0 (0)
17/96 - Execution time: 7.8028 seconds
17/96 - Throughput: 256318 ops/sec
31/96 - Performed a throughput benchmark:
31/96 - Performed 2000000 find-or-put operations with random values from [0,...,124799999]
31/96 - Finds: 978998 (0.489499), Inserts: 1021002 (0.510501), Errors: 0 (0)
31/96 - Execution time: 7.80596 seconds
31/96 - Throughput: 256215 ops/sec
19/96 - Performed a throughput benchmark:
19/96 - Performed 2000000 find-or-put operations with random values from [0,...,124799999]
19/96 - Finds: 977953 (0.488976), Inserts: 1022047 (0.511023), Errors: 0 (0)
19/96 - Execution time: 7.80861 seconds
19/96 - Throughput: 256128 ops/sec
83/96 - Performed a throughput benchmark:
83/96 - Performed 2000000 find-or-put operations with random values from [0,...,124799999]
83/96 - Finds: 977438 (0.488719), Inserts: 1022562 (0.511281), Errors: 0 (0)
83/96 - Execution time: 7.79386 seconds
83/96 - Throughput: 256612 ops/sec
2/96 - Performed a throughput benchmark:
2/96 - Performed 2000000 find-or-put operations with random values from [0,...,124799999]
2/96 - Finds: 981900 (0.49095), Inserts: 1018100 (0.50905), Errors: 0 (0)
2/96 - Execution time: 7.82806 seconds
2/96 - Throughput: 255491 ops/sec
3/96 - Performed a throughput benchmark:
3/96 - Performed 2000000 find-or-put operations with random values from [0,...,124799999]
3/96 - Finds: 979866 (0.489933), Inserts: 1020134 (0.510067), Errors: 0 (0)
3/96 - Execution time: 7.81477 seconds
3/96 - Throughput: 255926 ops/sec
0/96 - Performed a throughput benchmark:
0/96 - Performed 2000000 find-or-put operations with random values from [0,...,124799999]
0/96 - Finds: 982426 (0.491213), Inserts: 1017574 (0.508787), Errors: 0 (0)
0/96 - Execution time: 7.83411 seconds
0/96 - Throughput: 255294 ops/sec
26/96 - Performed a throughput benchmark:
26/96 - Performed 2000000 find-or-put operations with random values from [0,...,124799999]
26/96 - Finds: 980443 (0.490221), Inserts: 1019557 (0.509779), Errors: 0 (0)
26/96 - Execution time: 7.81123 seconds
26/96 - Throughput: 256041 ops/sec
8/96 - Performed a throughput benchmark:
8/96 - Performed 2000000 find-or-put operations with random values from [0,...,124799999]
8/96 - Finds: 980470 (0.490235), Inserts: 1019530 (0.509765), Errors: 0 (0)
8/96 - Execution time: 7.81291 seconds
8/96 - Throughput: 255987 ops/sec
29/96 - Performed a throughput benchmark:
29/96 - Performed 2000000 find-or-put operations with random values from [0,...,124799999]
29/96 - Finds: 979085 (0.489542), Inserts: 1020915 (0.510458), Errors: 0 (0)
29/96 - Execution time: 7.80699 seconds
29/96 - Throughput: 256181 ops/sec
69/96 - Performed a throughput benchmark:
69/96 - Performed 2000000 find-or-put operations with random values from [0,...,124799999]
69/96 - Finds: 977878 (0.488939), Inserts: 1022122 (0.511061), Errors: 0 (0)
69/96 - Execution time: 7.77316 seconds
69/96 - Throughput: 257296 ops/sec
6/96 - Performed a throughput benchmark:
6/96 - Performed 2000000 find-or-put operations with random values from [0,...,124799999]
6/96 - Finds: 983483 (0.491741), Inserts: 1016517 (0.508258), Errors: 0 (0)
6/96 - Execution time: 7.83389 seconds
6/96 - Throughput: 255301 ops/sec
18/96 - Performed a throughput benchmark:
18/96 - Performed 2000000 find-or-put operations with random values from [0,...,124799999]
18/96 - Finds: 977799 (0.488899), Inserts: 1022201 (0.5111), Errors: 0 (0)
18/96 - Execution time: 7.80176 seconds
18/96 - Throughput: 256352 ops/sec
57/96 - Performed a throughput benchmark:
57/96 - Performed 2000000 find-or-put operations with random values from [0,...,124799999]
57/96 - Finds: 979508 (0.489754), Inserts: 1020492 (0.510246), Errors: 0 (0)
57/96 - Execution time: 7.79114 seconds
57/96 - Throughput: 256702 ops/sec
75/96 - Performed a throughput benchmark:
75/96 - Performed 2000000 find-or-put operations with random values from [0,...,124799999]
75/96 - Finds: 979801 (0.489901), Inserts: 1020199 (0.5101), Errors: 0 (0)
75/96 - Execution time: 7.7997 seconds
75/96 - Throughput: 256420 ops/sec
27/96 - Performed a throughput benchmark:
27/96 - Performed 2000000 find-or-put operations with random values from [0,...,124799999]
27/96 - Finds: 981444 (0.490722), Inserts: 1018556 (0.509278), Errors: 0 (0)
27/96 - Execution time: 7.81999 seconds
27/96 - Throughput: 255755 ops/sec
59/96 - Performed a throughput benchmark:
59/96 - Performed 2000000 find-or-put operations with random values from [0,...,124799999]
59/96 - Finds: 977039 (0.488519), Inserts: 1022961 (0.511481), Errors: 0 (0)
59/96 - Execution time: 7.78465 seconds
59/96 - Throughput: 256916 ops/sec
87/96 - Performed a throughput benchmark:
87/96 - Performed 2000000 find-or-put operations with random values from [0,...,124799999]
87/96 - Finds: 977360 (0.48868), Inserts: 1022640 (0.51132), Errors: 0 (0)
87/96 - Execution time: 7.79075 seconds
87/96 - Throughput: 256715 ops/sec
70/96 - Performed a throughput benchmark:
70/96 - Performed 2000000 find-or-put operations with random values from [0,...,124799999]
70/96 - Finds: 976990 (0.488495), Inserts: 1023010 (0.511505), Errors: 0 (0)
70/96 - Execution time: 7.77691 seconds
70/96 - Throughput: 257172 ops/sec
72/96 - Performed a throughput benchmark:
72/96 - Performed 2000000 find-or-put operations with random values from [0,...,124799999]
72/96 - Finds: 979871 (0.489936), Inserts: 1020129 (0.510065), Errors: 0 (0)
72/96 - Execution time: 7.80562 seconds
72/96 - Throughput: 256226 ops/sec
39/96 - Performed a throughput benchmark:
39/96 - Performed 2000000 find-or-put operations with random values from [0,...,124799999]
39/96 - Finds: 975139 (0.487569), Inserts: 1024861 (0.512431), Errors: 0 (0)
39/96 - Execution time: 7.75272 seconds
39/96 - Throughput: 257974 ops/sec
94/96 - Performed a throughput benchmark:
94/96 - Performed 2000000 find-or-put operations with random values from [0,...,124799999]
94/96 - Finds: 976566 (0.488283), Inserts: 1023434 (0.511717), Errors: 0 (0)
94/96 - Execution time: 7.78409 seconds
94/96 - Throughput: 256935 ops/sec
20/96 - Performed a throughput benchmark:
20/96 - Performed 2000000 find-or-put operations with random values from [0,...,124799999]
20/96 - Finds: 977665 (0.488833), Inserts: 1022335 (0.511167), Errors: 0 (0)
20/96 - Execution time: 7.79179 seconds
20/96 - Throughput: 256680 ops/sec
22/96 - Performed a throughput benchmark:
22/96 - Performed 2000000 find-or-put operations with random values from [0,...,124799999]
22/96 - Finds: 979375 (0.489687), Inserts: 1020625 (0.510312), Errors: 0 (0)
22/96 - Execution time: 7.8074 seconds
22/96 - Throughput: 256167 ops/sec
73/96 - Performed a throughput benchmark:
73/96 - Performed 2000000 find-or-put operations with random values from [0,...,124799999]
73/96 - Finds: 979216 (0.489608), Inserts: 1020784 (0.510392), Errors: 0 (0)
73/96 - Execution time: 7.79222 seconds
73/96 - Throughput: 256666 ops/sec
93/96 - Performed a throughput benchmark:
93/96 - Performed 2000000 find-or-put operations with random values from [0,...,124799999]
93/96 - Finds: 979425 (0.489712), Inserts: 1020575 (0.510288), Errors: 0 (0)
93/96 - Execution time: 7.80513 seconds
93/96 - Throughput: 256242 ops/sec
65/96 - Performed a throughput benchmark:
65/96 - Performed 2000000 find-or-put operations with random values from [0,...,124799999]
65/96 - Finds: 978303 (0.489152), Inserts: 1021697 (0.510849), Errors: 0 (0)
65/96 - Execution time: 7.78784 seconds
65/96 - Throughput: 256811 ops/sec
85/96 - Performed a throughput benchmark:
85/96 - Performed 2000000 find-or-put operations with random values from [0,...,124799999]
85/96 - Finds: 979278 (0.489639), Inserts: 1020722 (0.510361), Errors: 0 (0)
85/96 - Execution time: 7.81087 seconds
85/96 - Throughput: 256053 ops/sec
4/96 - Performed a throughput benchmark:
4/96 - Performed 2000000 find-or-put operations with random values from [0,...,124799999]
4/96 - Finds: 985058 (0.492529), Inserts: 1014942 (0.507471), Errors: 0 (0)
4/96 - Execution time: 7.86808 seconds
4/96 - Throughput: 254192 ops/sec
89/96 - Performed a throughput benchmark:
89/96 - Performed 2000000 find-or-put operations with random values from [0,...,124799999]
89/96 - Finds: 977617 (0.488808), Inserts: 1022383 (0.511192), Errors: 0 (0)
89/96 - Execution time: 7.78616 seconds
89/96 - Throughput: 256866 ops/sec
76/96 - Performed a throughput benchmark:
76/96 - Performed 2000000 find-or-put operations with random values from [0,...,124799999]
76/96 - Finds: 977363 (0.488681), Inserts: 1022637 (0.511319), Errors: 0 (0)
76/96 - Execution time: 7.78467 seconds
76/96 - Throughput: 256915 ops/sec
25/96 - Performed a throughput benchmark:
25/96 - Performed 2000000 find-or-put operations with random values from [0,...,124799999]
25/96 - Finds: 979014 (0.489507), Inserts: 1020986 (0.510493), Errors: 0 (0)
25/96 - Execution time: 7.81157 seconds
25/96 - Throughput: 256031 ops/sec
1/96 - Performed a throughput benchmark:
1/96 - Performed 2000000 find-or-put operations with random values from [0,...,124799999]
1/96 - Finds: 984977 (0.492488), Inserts: 1015023 (0.507512), Errors: 0 (0)
1/96 - Execution time: 7.85783 seconds
1/96 - Throughput: 254523 ops/sec
63/96 - Performed a throughput benchmark:
63/96 - Performed 2000000 find-or-put operations with random values from [0,...,124799999]
63/96 - Finds: 978721 (0.48936), Inserts: 1021279 (0.51064), Errors: 0 (0)
63/96 - Execution time: 7.79161 seconds
63/96 - Throughput: 256686 ops/sec
12/96 - Performed a throughput benchmark:
12/96 - Performed 2000000 find-or-put operations with random values from [0,...,124799999]
12/96 - Finds: 980319 (0.49016), Inserts: 1019681 (0.509841), Errors: 0 (0)
12/96 - Execution time: 7.79992 seconds
12/96 - Throughput: 256413 ops/sec
24/96 - Performed a throughput benchmark:
24/96 - Performed 2000000 find-or-put operations with random values from [0,...,124799999]
24/96 - Finds: 980088 (0.490044), Inserts: 1019912 (0.509956), Errors: 0 (0)
24/96 - Execution time: 7.82145 seconds
24/96 - Throughput: 255707 ops/sec
11/96 - Performed a throughput benchmark:
11/96 - Performed 2000000 find-or-put operations with random values from [0,...,124799999]
11/96 - Finds: 979987 (0.489994), Inserts: 1020013 (0.510007), Errors: 0 (0)
11/96 - Execution time: 7.79603 seconds
11/96 - Throughput: 256541 ops/sec
14/96 - Performed a throughput benchmark:
14/96 - Performed 2000000 find-or-put operations with random values from [0,...,124799999]
14/96 - Finds: 977881 (0.488941), Inserts: 1022119 (0.511059), Errors: 0 (0)
14/96 - Execution time: 7.80754 seconds
14/96 - Throughput: 256163 ops/sec
74/96 - Performed a throughput benchmark:
74/96 - Performed 2000000 find-or-put operations with random values from [0,...,124799999]
74/96 - Finds: 978727 (0.489364), Inserts: 1021273 (0.510637), Errors: 0 (0)
74/96 - Execution time: 7.80096 seconds
74/96 - Throughput: 256379 ops/sec
86/96 - Performed a throughput benchmark:
86/96 - Performed 2000000 find-or-put operations with random values from [0,...,124799999]
86/96 - Finds: 980170 (0.490085), Inserts: 1019830 (0.509915), Errors: 0 (0)
86/96 - Execution time: 7.81933 seconds
86/96 - Throughput: 255776 ops/sec
92/96 - Performed a throughput benchmark:
92/96 - Performed 2000000 find-or-put operations with random values from [0,...,124799999]
92/96 - Finds: 977560 (0.48878), Inserts: 1022440 (0.51122), Errors: 0 (0)
92/96 - Execution time: 7.79314 seconds
92/96 - Throughput: 256636 ops/sec
80/96 - Performed a throughput benchmark:
80/96 - Performed 2000000 find-or-put operations with random values from [0,...,124799999]
80/96 - Finds: 980770 (0.490385), Inserts: 1019230 (0.509615), Errors: 0 (0)
80/96 - Execution time: 7.81888 seconds
80/96 - Throughput: 255791 ops/sec
13/96 - Performed a throughput benchmark:
13/96 - Performed 2000000 find-or-put operations with random values from [0,...,124799999]
13/96 - Finds: 980420 (0.49021), Inserts: 1019580 (0.50979), Errors: 0 (0)
13/96 - Execution time: 7.81032 seconds
13/96 - Throughput: 256072 ops/sec
84/96 - Performed a throughput benchmark:
84/96 - Performed 2000000 find-or-put operations with random values from [0,...,124799999]
84/96 - Finds: 981544 (0.490772), Inserts: 1018456 (0.509228), Errors: 0 (0)
84/96 - Execution time: 7.8268 seconds
84/96 - Throughput: 255532 ops/sec
7/96 - Performed a throughput benchmark:
7/96 - Performed 2000000 find-or-put operations with random values from [0,...,124799999]
7/96 - Finds: 1005485 (0.502742), Inserts: 994515 (0.497258), Errors: 0 (0)
7/96 - Execution time: 8.11298 seconds
7/96 - Throughput: 246519 ops/sec
5/96 - Performed a throughput benchmark:
5/96 - Performed 2000000 find-or-put operations with random values from [0,...,124799999]
5/96 - Finds: 1007976 (0.503988), Inserts: 992024 (0.496012), Errors: 0 (0)
5/96 - Execution time: 8.14866 seconds
5/96 - Throughput: 245439 ops/sec
[1441195643.498027] [node008:2111 :0]         sys.c:719  MXM  WARN  Conflicting CPU frequencies detected, using: 1488.09
