[1441196083.656735] [node001:7974 :0]         sys.c:719  MXM  WARN  Conflicting CPU frequencies detected, using: 1498.88
[1441196083.660140] [node001:7974 :0]         mxm.c:185  MXM  WARN  The 'ulimit -s' on the system is set to 'unlimited'. This may have negative performance implications. Please set the heap size to the default value (10240) 
[1441196083.847889] [node012:5285 :0]         sys.c:719  MXM  WARN  Conflicting CPU frequencies detected, using: 1500.00
[1441196083.853724] [node012:5285 :0]         mxm.c:185  MXM  WARN  The 'ulimit -s' on the system is set to 'unlimited'. This may have negative performance implications. Please set the heap size to the default value (10240) 
[1441196083.849454] [node009:5188 :0]         sys.c:719  MXM  WARN  Conflicting CPU frequencies detected, using: 1474.59
[1441196083.855194] [node009:5188 :0]         mxm.c:185  MXM  WARN  The 'ulimit -s' on the system is set to 'unlimited'. This may have negative performance implications. Please set the heap size to the default value (10240) 
[1441196083.850491] [node015:2496 :0]         sys.c:719  MXM  WARN  Conflicting CPU frequencies detected, using: 1393.59
[1441196083.856051] [node015:2496 :0]         mxm.c:185  MXM  WARN  The 'ulimit -s' on the system is set to 'unlimited'. This may have negative performance implications. Please set the heap size to the default value (10240) 
[1441196083.851007] [node011:5094 :0]         sys.c:719  MXM  WARN  Conflicting CPU frequencies detected, using: 1500.00
[1441196083.857213] [node011:5094 :0]         mxm.c:185  MXM  WARN  The 'ulimit -s' on the system is set to 'unlimited'. This may have negative performance implications. Please set the heap size to the default value (10240) 
[1441196083.859078] [node013:5370 :0]         sys.c:719  MXM  WARN  Conflicting CPU frequencies detected, using: 1400.06
[1441196083.865111] [node013:5370 :0]         mxm.c:185  MXM  WARN  The 'ulimit -s' on the system is set to 'unlimited'. This may have negative performance implications. Please set the heap size to the default value (10240) 
[1441196083.850664] [node010:5097 :0]         sys.c:719  MXM  WARN  Conflicting CPU frequencies detected, using: 1595.16
[1441196083.854260] [node010:5097 :0]         mxm.c:185  MXM  WARN  The 'ulimit -s' on the system is set to 'unlimited'. This may have negative performance implications. Please set the heap size to the default value (10240) 
[1441196083.846697] [node008:8207 :0]         sys.c:719  MXM  WARN  Conflicting CPU frequencies detected, using: 1498.22
[1441196083.852478] [node008:8207 :0]         mxm.c:185  MXM  WARN  The 'ulimit -s' on the system is set to 'unlimited'. This may have negative performance implications. Please set the heap size to the default value (10240) 
[1441196083.852986] [node003:16954:0]         sys.c:719  MXM  WARN  Conflicting CPU frequencies detected, using: 1438.12
[1441196083.856553] [node003:16954:0]         mxm.c:185  MXM  WARN  The 'ulimit -s' on the system is set to 'unlimited'. This may have negative performance implications. Please set the heap size to the default value (10240) 
[1441196083.855159] [node007:21614:0]         sys.c:719  MXM  WARN  Conflicting CPU frequencies detected, using: 1479.66
[1441196083.858876] [node007:21614:0]         mxm.c:185  MXM  WARN  The 'ulimit -s' on the system is set to 'unlimited'. This may have negative performance implications. Please set the heap size to the default value (10240) 
[1441196083.853264] [node014:4879 :0]         sys.c:719  MXM  WARN  Conflicting CPU frequencies detected, using: 1399.97
[1441196083.857040] [node014:4879 :0]         mxm.c:185  MXM  WARN  The 'ulimit -s' on the system is set to 'unlimited'. This may have negative performance implications. Please set the heap size to the default value (10240) 
[1441196083.900080] [node020:26275:0]         sys.c:719  MXM  WARN  Conflicting CPU frequencies detected, using: 1496.53
[1441196083.906178] [node020:26275:0]         mxm.c:185  MXM  WARN  The 'ulimit -s' on the system is set to 'unlimited'. This may have negative performance implications. Please set the heap size to the default value (10240) 
[1441196083.859607] [node005:16998:0]         sys.c:719  MXM  WARN  Conflicting CPU frequencies detected, using: 1493.72
[1441196083.863582] [node005:16998:0]         mxm.c:185  MXM  WARN  The 'ulimit -s' on the system is set to 'unlimited'. This may have negative performance implications. Please set the heap size to the default value (10240) 
[1441196083.870102] [node025:3750 :0]         sys.c:719  MXM  WARN  Conflicting CPU frequencies detected, using: 1493.25
[1441196083.873874] [node025:3750 :0]         mxm.c:185  MXM  WARN  The 'ulimit -s' on the system is set to 'unlimited'. This may have negative performance implications. Please set the heap size to the default value (10240) 
[1441196083.872523] [node021:12490:0]         sys.c:719  MXM  WARN  Conflicting CPU frequencies detected, using: 1610.91
[1441196083.876944] [node021:12490:0]         mxm.c:185  MXM  WARN  The 'ulimit -s' on the system is set to 'unlimited'. This may have negative performance implications. Please set the heap size to the default value (10240) 
[1441196083.863700] [node018:27356:0]         sys.c:719  MXM  WARN  Conflicting CPU frequencies detected, using: 1676.16
[1441196083.869358] [node018:27356:0]         mxm.c:185  MXM  WARN  The 'ulimit -s' on the system is set to 'unlimited'. This may have negative performance implications. Please set the heap size to the default value (10240) 
[1441196083.878545] [node019:27540:0]         sys.c:719  MXM  WARN  Conflicting CPU frequencies detected, using: 1597.41
[1441196083.882318] [node019:27540:0]         mxm.c:185  MXM  WARN  The 'ulimit -s' on the system is set to 'unlimited'. This may have negative performance implications. Please set the heap size to the default value (10240) 
[1441196083.878576] [node024:7495 :0]         sys.c:719  MXM  WARN  Conflicting CPU frequencies detected, using: 1576.88
[1441196083.882326] [node024:7495 :0]         mxm.c:185  MXM  WARN  The 'ulimit -s' on the system is set to 'unlimited'. This may have negative performance implications. Please set the heap size to the default value (10240) 
[1441196083.848663] [node004:16505:0]         sys.c:719  MXM  WARN  Conflicting CPU frequencies detected, using: 1596.47
[1441196083.852418] [node004:16505:0]         mxm.c:185  MXM  WARN  The 'ulimit -s' on the system is set to 'unlimited'. This may have negative performance implications. Please set the heap size to the default value (10240) 
[1441196083.843821] [node002:19051:0]         sys.c:719  MXM  WARN  Conflicting CPU frequencies detected, using: 1685.25
[1441196083.847721] [node002:19051:0]         mxm.c:185  MXM  WARN  The 'ulimit -s' on the system is set to 'unlimited'. This may have negative performance implications. Please set the heap size to the default value (10240) 
[1441196083.853596] [node006:16406:0]         sys.c:719  MXM  WARN  Conflicting CPU frequencies detected, using: 1599.94
[1441196083.857243] [node006:16406:0]         mxm.c:185  MXM  WARN  The 'ulimit -s' on the system is set to 'unlimited'. This may have negative performance implications. Please set the heap size to the default value (10240) 
[1441196083.874830] [node017:27620:0]         sys.c:719  MXM  WARN  Conflicting CPU frequencies detected, using: 1497.56
[1441196083.880779] [node017:27620:0]         mxm.c:185  MXM  WARN  The 'ulimit -s' on the system is set to 'unlimited'. This may have negative performance implications. Please set the heap size to the default value (10240) 
[1441196083.888608] [node023:6424 :0]         sys.c:719  MXM  WARN  Conflicting CPU frequencies detected, using: 1488.56
[1441196083.894486] [node023:6424 :0]         mxm.c:185  MXM  WARN  The 'ulimit -s' on the system is set to 'unlimited'. This may have negative performance implications. Please set the heap size to the default value (10240) 
[1441196083.893876] [node022:12079:0]         sys.c:719  MXM  WARN  Conflicting CPU frequencies detected, using: 1495.50
[1441196083.899649] [node022:12079:0]         mxm.c:185  MXM  WARN  The 'ulimit -s' on the system is set to 'unlimited'. This may have negative performance implications. Please set the heap size to the default value (10240) 
UPCR: UPC thread  0 of 24 on node001 (pshm node  0 of 24, process  0 of 24, pid=7974)
UPCR: UPC thread 17 of 24 on node019 (pshm node 17 of 24, process 17 of 24, pid=27540)
UPCR: UPC thread 16 of 24 on node018 (pshm node 16 of 24, process 16 of 24, pid=27356)
UPCR: UPC thread  9 of 24 on node010 (pshm node  9 of 24, process  9 of 24, pid=5097)
UPCR: UPC thread  7 of 24 on node008 (pshm node  7 of 24, process  7 of 24, pid=8207)
UPCR: UPC thread 18 of 24 on node020 (pshm node 18 of 24, process 18 of 24, pid=26275)
UPCR: UPC thread 10 of 24 on node011 (pshm node 10 of 24, process 10 of 24, pid=5094)
UPCR: UPC thread  1 of 24 on node002 (pshm node  1 of 24, process  1 of 24, pid=19051)
UPCR: UPC thread  5 of 24 on node006 (pshm node  5 of 24, process  5 of 24, pid=16406)
UPCR: UPC thread  3 of 24 on node004 (pshm node  3 of 24, process  3 of 24, pid=16505)
UPCR: UPC thread  8 of 24 on node009 (pshm node  8 of 24, process  8 of 24, pid=5188)
UPCR: UPC thread 19 of 24 on node021 (pshm node 19 of 24, process 19 of 24, pid=12490)
UPCR: UPC thread 14 of 24 on node015 (pshm node 14 of 24, process 14 of 24, pid=2496)
UPCR: UPC thread 23 of 24 on node025 (pshm node 23 of 24, process 23 of 24, pid=3750)
UPCR: UPC thread  6 of 24 on node007 (pshm node  6 of 24, process  6 of 24, pid=21614)
UPCR: UPC thread 15 of 24 on node017 (pshm node 15 of 24, process 15 of 24, pid=27620)
UPCR: UPC thread  4 of 24 on node005 (pshm node  4 of 24, process  4 of 24, pid=16998)
UPCR: UPC thread 22 of 24 on node024 (pshm node 22 of 24, process 22 of 24, pid=7495)
UPCR: UPC thread 11 of 24 on node012 (pshm node 11 of 24, process 11 of 24, pid=5285)
UPCR: UPC thread  2 of 24 on node003 (pshm node  2 of 24, process  2 of 24, pid=16954)
UPCR: UPC thread 13 of 24 on node014 (pshm node 13 of 24, process 13 of 24, pid=4879)
UPCR: UPC thread 12 of 24 on node013 (pshm node 12 of 24, process 12 of 24, pid=5370)
UPCR: UPC thread 20 of 24 on node022 (pshm node 20 of 24, process 20 of 24, pid=12079)
UPCR: UPC thread 21 of 24 on node023 (pshm node 21 of 24, process 21 of 24, pid=6424)
0/24 - htable initialized
0/24 - table size: 25769803776 bytes (24576 MB)
0/24 - total number of buckets: 3221225472
0/24 - block size: 1073741824 (1024 MB)
0/24 - number of buckets in block: 134217728
0/24 - number of blocks: 24
14/24 - Performed a throughput benchmark:
14/24 - Performed 2000000 find-or-put operations with random values from [0,...,31199999]
14/24 - Finds: 937556 (0.468778), Inserts: 1062444 (0.531222), Errors: 0 (0)
14/24 - Execution time: 6.9283 seconds
14/24 - Throughput: 288671 ops/sec
16/24 - Performed a throughput benchmark:
16/24 - Performed 2000000 find-or-put operations with random values from [0,...,31199999]
16/24 - Finds: 938545 (0.469272), Inserts: 1061455 (0.530728), Errors: 0 (0)
16/24 - Execution time: 6.9306 seconds
16/24 - Throughput: 288575 ops/sec
12/24 - Performed a throughput benchmark:
12/24 - Performed 2000000 find-or-put operations with random values from [0,...,31199999]
12/24 - Finds: 939685 (0.469842), Inserts: 1060315 (0.530157), Errors: 0 (0)
12/24 - Execution time: 6.93429 seconds
12/24 - Throughput: 288422 ops/sec
17/24 - Performed a throughput benchmark:
17/24 - Performed 2000000 find-or-put operations with random values from [0,...,31199999]
17/24 - Finds: 938037 (0.469019), Inserts: 1061963 (0.530981), Errors: 0 (0)
17/24 - Execution time: 6.93251 seconds
17/24 - Throughput: 288496 ops/sec
9/24 - Performed a throughput benchmark:
9/24 - Performed 2000000 find-or-put operations with random values from [0,...,31199999]
9/24 - Finds: 940053 (0.470027), Inserts: 1059947 (0.529973), Errors: 0 (0)
9/24 - Execution time: 6.93574 seconds
9/24 - Throughput: 288362 ops/sec
15/24 - Performed a throughput benchmark:
15/24 - Performed 2000000 find-or-put operations with random values from [0,...,31199999]
15/24 - Finds: 938278 (0.469139), Inserts: 1061722 (0.530861), Errors: 0 (0)
15/24 - Execution time: 6.92873 seconds
15/24 - Throughput: 288653 ops/sec
21/24 - Performed a throughput benchmark:
21/24 - Performed 2000000 find-or-put operations with random values from [0,...,31199999]
21/24 - Finds: 939362 (0.469681), Inserts: 1060638 (0.530319), Errors: 0 (0)
21/24 - Execution time: 6.93627 seconds
21/24 - Throughput: 288339 ops/sec
20/24 - Performed a throughput benchmark:
20/24 - Performed 2000000 find-or-put operations with random values from [0,...,31199999]
20/24 - Finds: 938943 (0.469471), Inserts: 1061057 (0.530528), Errors: 0 (0)
20/24 - Execution time: 6.92178 seconds
20/24 - Throughput: 288943 ops/sec
7/24 - Performed a throughput benchmark:
7/24 - Performed 2000000 find-or-put operations with random values from [0,...,31199999]
7/24 - Finds: 938694 (0.469347), Inserts: 1061306 (0.530653), Errors: 0 (0)
7/24 - Execution time: 6.94364 seconds
7/24 - Throughput: 288033 ops/sec
13/24 - Performed a throughput benchmark:
13/24 - Performed 2000000 find-or-put operations with random values from [0,...,31199999]
13/24 - Finds: 938632 (0.469316), Inserts: 1061368 (0.530684), Errors: 0 (0)
13/24 - Execution time: 6.93116 seconds
13/24 - Throughput: 288552 ops/sec
11/24 - Performed a throughput benchmark:
11/24 - Performed 2000000 find-or-put operations with random values from [0,...,31199999]
11/24 - Finds: 939990 (0.469995), Inserts: 1060010 (0.530005), Errors: 0 (0)
11/24 - Execution time: 6.94558 seconds
11/24 - Throughput: 287953 ops/sec
8/24 - Performed a throughput benchmark:
8/24 - Performed 2000000 find-or-put operations with random values from [0,...,31199999]
8/24 - Finds: 938205 (0.469102), Inserts: 1061795 (0.530898), Errors: 0 (0)
8/24 - Execution time: 6.92772 seconds
8/24 - Throughput: 288695 ops/sec
10/24 - Performed a throughput benchmark:
10/24 - Performed 2000000 find-or-put operations with random values from [0,...,31199999]
10/24 - Finds: 939641 (0.46982), Inserts: 1060359 (0.53018), Errors: 0 (0)
10/24 - Execution time: 6.95211 seconds
10/24 - Throughput: 287683 ops/sec
18/24 - Performed a throughput benchmark:
18/24 - Performed 2000000 find-or-put operations with random values from [0,...,31199999]
18/24 - Finds: 939426 (0.469713), Inserts: 1060574 (0.530287), Errors: 0 (0)
18/24 - Execution time: 6.94642 seconds
18/24 - Throughput: 287918 ops/sec
19/24 - Performed a throughput benchmark:
19/24 - Performed 2000000 find-or-put operations with random values from [0,...,31199999]
19/24 - Finds: 941399 (0.470699), Inserts: 1058601 (0.5293), Errors: 0 (0)
19/24 - Execution time: 6.95332 seconds
19/24 - Throughput: 287632 ops/sec
1/24 - Performed a throughput benchmark:
1/24 - Performed 2000000 find-or-put operations with random values from [0,...,31199999]
1/24 - Finds: 1025374 (0.512687), Inserts: 974626 (0.487313), Errors: 0 (0)
1/24 - Execution time: 7.77081 seconds
1/24 - Throughput: 257373 ops/sec
5/24 - Performed a throughput benchmark:
5/24 - Performed 2000000 find-or-put operations with random values from [0,...,31199999]
5/24 - Finds: 1026264 (0.513132), Inserts: 973736 (0.486868), Errors: 0 (0)
5/24 - Execution time: 7.78223 seconds
5/24 - Throughput: 256996 ops/sec
2/24 - Performed a throughput benchmark:
2/24 - Performed 2000000 find-or-put operations with random values from [0,...,31199999]
2/24 - Finds: 1025225 (0.512613), Inserts: 974775 (0.487387), Errors: 0 (0)
2/24 - Execution time: 7.77649 seconds
2/24 - Throughput: 257185 ops/sec
6/24 - Performed a throughput benchmark:
6/24 - Performed 2000000 find-or-put operations with random values from [0,...,31199999]
6/24 - Finds: 1026384 (0.513192), Inserts: 973616 (0.486808), Errors: 0 (0)
6/24 - Execution time: 7.7906 seconds
6/24 - Throughput: 256720 ops/sec
4/24 - Performed a throughput benchmark:
4/24 - Performed 2000000 find-or-put operations with random values from [0,...,31199999]
4/24 - Finds: 1025366 (0.512683), Inserts: 974634 (0.487317), Errors: 0 (0)
4/24 - Execution time: 7.77532 seconds
4/24 - Throughput: 257224 ops/sec
3/24 - Performed a throughput benchmark:
3/24 - Performed 2000000 find-or-put operations with random values from [0,...,31199999]
3/24 - Finds: 1029723 (0.514861), Inserts: 970277 (0.485138), Errors: 0 (0)
3/24 - Execution time: 7.814 seconds
3/24 - Throughput: 255951 ops/sec
0/24 - Performed a throughput benchmark:
0/24 - Performed 2000000 find-or-put operations with random values from [0,...,31199999]
0/24 - Finds: 1027716 (0.513858), Inserts: 972284 (0.486142), Errors: 0 (0)
0/24 - Execution time: 7.80497 seconds
0/24 - Throughput: 256247 ops/sec
22/24 - Performed a throughput benchmark:
22/24 - Performed 2000000 find-or-put operations with random values from [0,...,31199999]
22/24 - Finds: 1114204 (0.557102), Inserts: 885796 (0.442898), Errors: 0 (0)
22/24 - Execution time: 9.21757 seconds
22/24 - Throughput: 216977 ops/sec
23/24 - Performed a throughput benchmark:
23/24 - Performed 2000000 find-or-put operations with random values from [0,...,31199999]
23/24 - Finds: 1113953 (0.556976), Inserts: 886047 (0.443024), Errors: 0 (0)
23/24 - Execution time: 9.21934 seconds
23/24 - Throughput: 216935 ops/sec
[1441196083.636489] [node001:7929 :0]         sys.c:719  MXM  WARN  Conflicting CPU frequencies detected, using: 1999.59
