[1441195533.243129] [node008:1043 :0]         sys.c:719  MXM  WARN  Conflicting CPU frequencies detected, using: 1500.00
[1441195533.289411] [node008:1043 :0]         mxm.c:185  MXM  WARN  The 'ulimit -s' on the system is set to 'unlimited'. This may have negative performance implications. Please set the heap size to the default value (10240) 
[1441195533.242018] [node008:1038 :0]         sys.c:719  MXM  WARN  Conflicting CPU frequencies detected, using: 1500.00
[1441195533.286394] [node008:1038 :0]         mxm.c:185  MXM  WARN  The 'ulimit -s' on the system is set to 'unlimited'. This may have negative performance implications. Please set the heap size to the default value (10240) 
[1441195533.245100] [node008:1048 :0]         sys.c:719  MXM  WARN  Conflicting CPU frequencies detected, using: 1500.00
[1441195533.292656] [node008:1048 :0]         mxm.c:185  MXM  WARN  The 'ulimit -s' on the system is set to 'unlimited'. This may have negative performance implications. Please set the heap size to the default value (10240) 
[1441195533.243172] [node008:1045 :0]         sys.c:719  MXM  WARN  Conflicting CPU frequencies detected, using: 1500.00
[1441195533.280124] [node008:1045 :0]         mxm.c:185  MXM  WARN  The 'ulimit -s' on the system is set to 'unlimited'. This may have negative performance implications. Please set the heap size to the default value (10240) 
[1441195533.243435] [node008:1047 :0]         sys.c:719  MXM  WARN  Conflicting CPU frequencies detected, using: 1500.00
[1441195533.289755] [node008:1047 :0]         mxm.c:185  MXM  WARN  The 'ulimit -s' on the system is set to 'unlimited'. This may have negative performance implications. Please set the heap size to the default value (10240) 
[1441195533.243272] [node008:1046 :0]         sys.c:719  MXM  WARN  Conflicting CPU frequencies detected, using: 1500.00
[1441195533.294204] [node008:1046 :0]         mxm.c:185  MXM  WARN  The 'ulimit -s' on the system is set to 'unlimited'. This may have negative performance implications. Please set the heap size to the default value (10240) 
[1441195533.245660] [node008:1041 :0]         sys.c:719  MXM  WARN  Conflicting CPU frequencies detected, using: 1500.00
[1441195533.293410] [node008:1041 :0]         mxm.c:185  MXM  WARN  The 'ulimit -s' on the system is set to 'unlimited'. This may have negative performance implications. Please set the heap size to the default value (10240) 
[1441195533.247143] [node008:1049 :0]         sys.c:719  MXM  WARN  Conflicting CPU frequencies detected, using: 1500.00
[1441195533.298479] [node008:1049 :0]         mxm.c:185  MXM  WARN  The 'ulimit -s' on the system is set to 'unlimited'. This may have negative performance implications. Please set the heap size to the default value (10240) 
[1441195533.245544] [node008:1044 :0]         sys.c:719  MXM  WARN  Conflicting CPU frequencies detected, using: 1500.00
[1441195533.307999] [node008:1044 :0]         mxm.c:185  MXM  WARN  The 'ulimit -s' on the system is set to 'unlimited'. This may have negative performance implications. Please set the heap size to the default value (10240) 
[1441195533.255317] [node008:1039 :0]         sys.c:719  MXM  WARN  Conflicting CPU frequencies detected, using: 1599.75
[1441195533.303281] [node008:1039 :0]         mxm.c:185  MXM  WARN  The 'ulimit -s' on the system is set to 'unlimited'. This may have negative performance implications. Please set the heap size to the default value (10240) 
[1441195533.241944] [node008:1042 :0]         sys.c:719  MXM  WARN  Conflicting CPU frequencies detected, using: 1500.00
[1441195533.291216] [node008:1042 :0]         mxm.c:185  MXM  WARN  The 'ulimit -s' on the system is set to 'unlimited'. This may have negative performance implications. Please set the heap size to the default value (10240) 
[1441195533.242395] [node008:1040 :0]         sys.c:719  MXM  WARN  Conflicting CPU frequencies detected, using: 1500.00
[1441195533.302216] [node008:1040 :0]         mxm.c:185  MXM  WARN  The 'ulimit -s' on the system is set to 'unlimited'. This may have negative performance implications. Please set the heap size to the default value (10240) 
[1441195533.502976] [node009:28677:0]         sys.c:719  MXM  WARN  Conflicting CPU frequencies detected, using: 1838.06
[1441195533.509071] [node009:28677:0]         mxm.c:185  MXM  WARN  The 'ulimit -s' on the system is set to 'unlimited'. This may have negative performance implications. Please set the heap size to the default value (10240) 
[1441195533.646706] [node010:28592:0]         sys.c:719  MXM  WARN  Conflicting CPU frequencies detected, using: 1685.91
[1441195533.650106] [node010:28592:0]         mxm.c:185  MXM  WARN  The 'ulimit -s' on the system is set to 'unlimited'. This may have negative performance implications. Please set the heap size to the default value (10240) 
[1441195533.679243] [node010:28609:0]         sys.c:719  MXM  WARN  Conflicting CPU frequencies detected, using: 1755.28
[1441195533.682449] [node010:28609:0]         mxm.c:185  MXM  WARN  The 'ulimit -s' on the system is set to 'unlimited'. This may have negative performance implications. Please set the heap size to the default value (10240) 
[1441195533.682038] [node009:28701:0]         sys.c:719  MXM  WARN  Conflicting CPU frequencies detected, using: 1799.25
[1441195533.686895] [node009:28701:0]         mxm.c:185  MXM  WARN  The 'ulimit -s' on the system is set to 'unlimited'. This may have negative performance implications. Please set the heap size to the default value (10240) 
[1441195533.698100] [node009:28715:0]         sys.c:719  MXM  WARN  Conflicting CPU frequencies detected, using: 1998.47
[1441195533.703382] [node009:28715:0]         mxm.c:185  MXM  WARN  The 'ulimit -s' on the system is set to 'unlimited'. This may have negative performance implications. Please set the heap size to the default value (10240) 
[1441195533.730446] [node010:28637:0]         sys.c:719  MXM  WARN  Conflicting CPU frequencies detected, using: 1899.94
[1441195533.733399] [node010:28637:0]         mxm.c:185  MXM  WARN  The 'ulimit -s' on the system is set to 'unlimited'. This may have negative performance implications. Please set the heap size to the default value (10240) 
[1441195533.731206] [node009:28739:0]         sys.c:719  MXM  WARN  Conflicting CPU frequencies detected, using: 2296.22
[1441195533.736157] [node009:28739:0]         mxm.c:185  MXM  WARN  The 'ulimit -s' on the system is set to 'unlimited'. This may have negative performance implications. Please set the heap size to the default value (10240) 
[1441195533.732027] [node011:28591:0]         sys.c:719  MXM  WARN  Conflicting CPU frequencies detected, using: 1889.72
[1441195533.736680] [node011:28591:0]         mxm.c:185  MXM  WARN  The 'ulimit -s' on the system is set to 'unlimited'. This may have negative performance implications. Please set the heap size to the default value (10240) 
[1441195533.728465] [node011:28586:0]         sys.c:719  MXM  WARN  Conflicting CPU frequencies detected, using: 1889.72
[1441195533.733635] [node011:28586:0]         mxm.c:185  MXM  WARN  The 'ulimit -s' on the system is set to 'unlimited'. This may have negative performance implications. Please set the heap size to the default value (10240) 
[1441195533.751676] [node009:28762:0]         sys.c:719  MXM  WARN  Conflicting CPU frequencies detected, using: 2398.88
[1441195533.756551] [node009:28762:0]         mxm.c:185  MXM  WARN  The 'ulimit -s' on the system is set to 'unlimited'. This may have negative performance implications. Please set the heap size to the default value (10240) 
[1441195533.752650] [node012:28775:0]         sys.c:719  MXM  WARN  Conflicting CPU frequencies detected, using: 3040.50
[1441195533.758055] [node012:28775:0]         mxm.c:185  MXM  WARN  The 'ulimit -s' on the system is set to 'unlimited'. This may have negative performance implications. Please set the heap size to the default value (10240) 
[1441195533.775759] [node009:28789:0]         sys.c:719  MXM  WARN  Conflicting CPU frequencies detected, using: 2399.91
[1441195533.781839] [node009:28789:0]         mxm.c:185  MXM  WARN  The 'ulimit -s' on the system is set to 'unlimited'. This may have negative performance implications. Please set the heap size to the default value (10240) 
[1441195533.757653] [node013:28869:0]         sys.c:719  MXM  WARN  Conflicting CPU frequencies detected, using: 1794.00
[1441195533.762623] [node013:28869:0]         mxm.c:185  MXM  WARN  The 'ulimit -s' on the system is set to 'unlimited'. This may have negative performance implications. Please set the heap size to the default value (10240) 
[1441195533.799572] [node013:28886:0]         sys.c:719  MXM  WARN  Conflicting CPU frequencies detected, using: 2097.00
[1441195533.805568] [node013:28886:0]         mxm.c:185  MXM  WARN  The 'ulimit -s' on the system is set to 'unlimited'. This may have negative performance implications. Please set the heap size to the default value (10240) 
[1441195533.816747] [node010:28664:0]         sys.c:719  MXM  WARN  Conflicting CPU frequencies detected, using: 2399.91
[1441195533.819864] [node010:28664:0]         mxm.c:185  MXM  WARN  The 'ulimit -s' on the system is set to 'unlimited'. This may have negative performance implications. Please set the heap size to the default value (10240) 
[1441195533.817846] [node011:28634:0]         sys.c:719  MXM  WARN  Conflicting CPU frequencies detected, using: 2400.00
[1441195533.824113] [node011:28634:0]         mxm.c:185  MXM  WARN  The 'ulimit -s' on the system is set to 'unlimited'. This may have negative performance implications. Please set the heap size to the default value (10240) 
[1441195533.820276] [node009:28817:0]         sys.c:719  MXM  WARN  Conflicting CPU frequencies detected, using: 2400.00
[1441195533.825061] [node009:28817:0]         mxm.c:185  MXM  WARN  The 'ulimit -s' on the system is set to 'unlimited'. This may have negative performance implications. Please set the heap size to the default value (10240) 
[1441195533.824349] [node009:28816:0]         sys.c:719  MXM  WARN  Conflicting CPU frequencies detected, using: 2400.00
[1441195533.829085] [node009:28816:0]         mxm.c:185  MXM  WARN  The 'ulimit -s' on the system is set to 'unlimited'. This may have negative performance implications. Please set the heap size to the default value (10240) 
[1441195533.839740] [node010:28683:0]         sys.c:719  MXM  WARN  Conflicting CPU frequencies detected, using: 2400.00
[1441195533.843340] [node010:28683:0]         mxm.c:185  MXM  WARN  The 'ulimit -s' on the system is set to 'unlimited'. This may have negative performance implications. Please set the heap size to the default value (10240) 
[1441195533.829769] [node014:28379:0]         sys.c:719  MXM  WARN  Conflicting CPU frequencies detected, using: 1896.00
[1441195533.833074] [node014:28379:0]         mxm.c:185  MXM  WARN  The 'ulimit -s' on the system is set to 'unlimited'. This may have negative performance implications. Please set the heap size to the default value (10240) 
[1441195533.839421] [node012:28801:0]         sys.c:719  MXM  WARN  Conflicting CPU frequencies detected, using: 2400.00
[1441195533.845216] [node012:28801:0]         mxm.c:185  MXM  WARN  The 'ulimit -s' on the system is set to 'unlimited'. This may have negative performance implications. Please set the heap size to the default value (10240) 
[1441195533.827997] [node009:28815:0]         sys.c:719  MXM  WARN  Conflicting CPU frequencies detected, using: 2400.00
[1441195533.835713] [node009:28815:0]         mxm.c:185  MXM  WARN  The 'ulimit -s' on the system is set to 'unlimited'. This may have negative performance implications. Please set the heap size to the default value (10240) 
[1441195533.845364] [node014:28393:0]         sys.c:719  MXM  WARN  Conflicting CPU frequencies detected, using: 2095.59
[1441195533.849191] [node014:28393:0]         mxm.c:185  MXM  WARN  The 'ulimit -s' on the system is set to 'unlimited'. This may have negative performance implications. Please set the heap size to the default value (10240) 
[1441195533.859553] [node010:28682:0]         sys.c:719  MXM  WARN  Conflicting CPU frequencies detected, using: 2400.00
[1441195533.863157] [node010:28682:0]         mxm.c:185  MXM  WARN  The 'ulimit -s' on the system is set to 'unlimited'. This may have negative performance implications. Please set the heap size to the default value (10240) 
[1441195533.835976] [node009:28854:0]         sys.c:719  MXM  WARN  Conflicting CPU frequencies detected, using: 2400.00
[1441195533.843180] [node009:28854:0]         mxm.c:185  MXM  WARN  The 'ulimit -s' on the system is set to 'unlimited'. This may have negative performance implications. Please set the heap size to the default value (10240) 
[1441195533.837031] [node009:28876:0]         sys.c:719  MXM  WARN  Conflicting CPU frequencies detected, using: 2400.00
[1441195533.846330] [node009:28876:0]         mxm.c:185  MXM  WARN  The 'ulimit -s' on the system is set to 'unlimited'. This may have negative performance implications. Please set the heap size to the default value (10240) 
[1441195533.840596] [node009:28906:0]         sys.c:719  MXM  WARN  Conflicting CPU frequencies detected, using: 2400.00
[1441195533.851302] [node009:28906:0]         mxm.c:185  MXM  WARN  The 'ulimit -s' on the system is set to 'unlimited'. This may have negative performance implications. Please set the heap size to the default value (10240) 
[1441195533.860005] [node012:28800:0]         sys.c:719  MXM  WARN  Conflicting CPU frequencies detected, using: 2400.00
[1441195533.866876] [node012:28800:0]         mxm.c:185  MXM  WARN  The 'ulimit -s' on the system is set to 'unlimited'. This may have negative performance implications. Please set the heap size to the default value (10240) 
[1441195533.868745] [node014:28407:0]         sys.c:719  MXM  WARN  Conflicting CPU frequencies detected, using: 2295.00
[1441195533.873052] [node014:28407:0]         mxm.c:185  MXM  WARN  The 'ulimit -s' on the system is set to 'unlimited'. This may have negative performance implications. Please set the heap size to the default value (10240) 
[1441195533.868864] [node014:28408:0]         sys.c:719  MXM  WARN  Conflicting CPU frequencies detected, using: 2295.28
[1441195533.873133] [node014:28408:0]         mxm.c:185  MXM  WARN  The 'ulimit -s' on the system is set to 'unlimited'. This may have negative performance implications. Please set the heap size to the default value (10240) 
[1441195533.862011] [node012:28802:0]         sys.c:719  MXM  WARN  Conflicting CPU frequencies detected, using: 2400.00
[1441195533.870098] [node012:28802:0]         mxm.c:185  MXM  WARN  The 'ulimit -s' on the system is set to 'unlimited'. This may have negative performance implications. Please set the heap size to the default value (10240) 
[1441195533.880402] [node014:28433:0]         sys.c:719  MXM  WARN  Conflicting CPU frequencies detected, using: 2399.72
[1441195533.884226] [node014:28433:0]         mxm.c:185  MXM  WARN  The 'ulimit -s' on the system is set to 'unlimited'. This may have negative performance implications. Please set the heap size to the default value (10240) 
[1441195533.863551] [node011:28642:0]         sys.c:719  MXM  WARN  Conflicting CPU frequencies detected, using: 2400.00
[1441195533.871694] [node011:28642:0]         mxm.c:185  MXM  WARN  The 'ulimit -s' on the system is set to 'unlimited'. This may have negative performance implications. Please set the heap size to the default value (10240) 
[1441195533.863862] [node011:28647:0]         sys.c:719  MXM  WARN  Conflicting CPU frequencies detected, using: 2400.00
[1441195533.872462] [node011:28647:0]         mxm.c:185  MXM  WARN  The 'ulimit -s' on the system is set to 'unlimited'. This may have negative performance implications. Please set the heap size to the default value (10240) 
[1441195533.874983] [node011:28646:0]         sys.c:719  MXM  WARN  Conflicting CPU frequencies detected, using: 2400.00
[1441195533.883125] [node011:28646:0]         mxm.c:185  MXM  WARN  The 'ulimit -s' on the system is set to 'unlimited'. This may have negative performance implications. Please set the heap size to the default value (10240) 
[1441195533.887820] [node014:28430:0]         sys.c:719  MXM  WARN  Conflicting CPU frequencies detected, using: 2399.91
[1441195533.891326] [node014:28430:0]         mxm.c:185  MXM  WARN  The 'ulimit -s' on the system is set to 'unlimited'. This may have negative performance implications. Please set the heap size to the default value (10240) 
[1441195533.878812] [node015:26031:0]         sys.c:719  MXM  WARN  Conflicting CPU frequencies detected, using: 2400.00
[1441195533.884182] [node015:26031:0]         mxm.c:185  MXM  WARN  The 'ulimit -s' on the system is set to 'unlimited'. This may have negative performance implications. Please set the heap size to the default value (10240) 
[1441195533.877175] [node012:28864:0]         sys.c:719  MXM  WARN  Conflicting CPU frequencies detected, using: 2400.00
[1441195533.881899] [node012:28864:0]         mxm.c:185  MXM  WARN  The 'ulimit -s' on the system is set to 'unlimited'. This may have negative performance implications. Please set the heap size to the default value (10240) 
[1441195533.896376] [node010:28701:0]         sys.c:719  MXM  WARN  Conflicting CPU frequencies detected, using: 2400.00
[1441195533.899089] [node010:28701:0]         mxm.c:185  MXM  WARN  The 'ulimit -s' on the system is set to 'unlimited'. This may have negative performance implications. Please set the heap size to the default value (10240) 
[1441195533.889758] [node012:28816:0]         sys.c:719  MXM  WARN  Conflicting CPU frequencies detected, using: 2400.00
[1441195533.896363] [node012:28816:0]         mxm.c:185  MXM  WARN  The 'ulimit -s' on the system is set to 'unlimited'. This may have negative performance implications. Please set the heap size to the default value (10240) 
[1441195533.905936] [node010:28718:0]         sys.c:719  MXM  WARN  Conflicting CPU frequencies detected, using: 2400.00
[1441195533.908445] [node010:28718:0]         mxm.c:185  MXM  WARN  The 'ulimit -s' on the system is set to 'unlimited'. This may have negative performance implications. Please set the heap size to the default value (10240) 
[1441195533.907625] [node010:28725:0]         sys.c:719  MXM  WARN  Conflicting CPU frequencies detected, using: 2400.00
[1441195533.909854] [node010:28725:0]         mxm.c:185  MXM  WARN  The 'ulimit -s' on the system is set to 'unlimited'. This may have negative performance implications. Please set the heap size to the default value (10240) 
[1441195533.909529] [node010:28724:0]         sys.c:719  MXM  WARN  Conflicting CPU frequencies detected, using: 2400.00
[1441195533.911783] [node010:28724:0]         mxm.c:185  MXM  WARN  The 'ulimit -s' on the system is set to 'unlimited'. This may have negative performance implications. Please set the heap size to the default value (10240) 
[1441195533.911342] [node010:28793:0]         sys.c:719  MXM  WARN  Conflicting CPU frequencies detected, using: 2400.00
[1441195533.914042] [node010:28793:0]         mxm.c:185  MXM  WARN  The 'ulimit -s' on the system is set to 'unlimited'. This may have negative performance implications. Please set the heap size to the default value (10240) 
[1441195533.912395] [node010:28789:0]         sys.c:719  MXM  WARN  Conflicting CPU frequencies detected, using: 2400.00
[1441195533.914936] [node010:28789:0]         mxm.c:185  MXM  WARN  The 'ulimit -s' on the system is set to 'unlimited'. This may have negative performance implications. Please set the heap size to the default value (10240) 
[1441195533.898204] [node012:28862:0]         sys.c:719  MXM  WARN  Conflicting CPU frequencies detected, using: 2400.00
[1441195533.904393] [node012:28862:0]         mxm.c:185  MXM  WARN  The 'ulimit -s' on the system is set to 'unlimited'. This may have negative performance implications. Please set the heap size to the default value (10240) 
[1441195533.904006] [node011:28703:0]         sys.c:719  MXM  WARN  Conflicting CPU frequencies detected, using: 2400.00
[1441195533.909523] [node011:28703:0]         mxm.c:185  MXM  WARN  The 'ulimit -s' on the system is set to 'unlimited'. This may have negative performance implications. Please set the heap size to the default value (10240) 
[1441195533.902263] [node015:26029:0]         sys.c:719  MXM  WARN  Conflicting CPU frequencies detected, using: 2400.00
[1441195533.912193] [node015:26029:0]         mxm.c:185  MXM  WARN  The 'ulimit -s' on the system is set to 'unlimited'. This may have negative performance implications. Please set the heap size to the default value (10240) 
[1441195533.903093] [node012:28880:0]         sys.c:719  MXM  WARN  Conflicting CPU frequencies detected, using: 2400.00
[1441195533.910211] [node012:28880:0]         mxm.c:185  MXM  WARN  The 'ulimit -s' on the system is set to 'unlimited'. This may have negative performance implications. Please set the heap size to the default value (10240) 
[1441195533.913132] [node015:26042:0]         sys.c:719  MXM  WARN  Conflicting CPU frequencies detected, using: 2400.00
[1441195533.922082] [node015:26042:0]         mxm.c:185  MXM  WARN  The 'ulimit -s' on the system is set to 'unlimited'. This may have negative performance implications. Please set the heap size to the default value (10240) 
[1441195533.931679] [node014:28490:0]         sys.c:719  MXM  WARN  Conflicting CPU frequencies detected, using: 2400.00
[1441195533.934132] [node014:28490:0]         mxm.c:185  MXM  WARN  The 'ulimit -s' on the system is set to 'unlimited'. This may have negative performance implications. Please set the heap size to the default value (10240) 
[1441195533.932855] [node014:28494:0]         sys.c:719  MXM  WARN  Conflicting CPU frequencies detected, using: 2400.00
[1441195533.935155] [node014:28494:0]         mxm.c:185  MXM  WARN  The 'ulimit -s' on the system is set to 'unlimited'. This may have negative performance implications. Please set the heap size to the default value (10240) 
[1441195533.905699] [node015:26030:0]         sys.c:719  MXM  WARN  Conflicting CPU frequencies detected, using: 2400.00
[1441195533.915215] [node015:26030:0]         mxm.c:185  MXM  WARN  The 'ulimit -s' on the system is set to 'unlimited'. This may have negative performance implications. Please set the heap size to the default value (10240) 
[1441195533.904883] [node015:26032:0]         sys.c:719  MXM  WARN  Conflicting CPU frequencies detected, using: 2400.00
[1441195533.914468] [node015:26032:0]         mxm.c:185  MXM  WARN  The 'ulimit -s' on the system is set to 'unlimited'. This may have negative performance implications. Please set the heap size to the default value (10240) 
[1441195533.936314] [node014:28500:0]         sys.c:719  MXM  WARN  Conflicting CPU frequencies detected, using: 2400.00
[1441195533.938764] [node014:28500:0]         mxm.c:185  MXM  WARN  The 'ulimit -s' on the system is set to 'unlimited'. This may have negative performance implications. Please set the heap size to the default value (10240) 
[1441195533.893449] [node013:28912:0]         sys.c:719  MXM  WARN  Conflicting CPU frequencies detected, using: 2400.00
[1441195533.898271] [node013:28912:0]         mxm.c:185  MXM  WARN  The 'ulimit -s' on the system is set to 'unlimited'. This may have negative performance implications. Please set the heap size to the default value (10240) 
[1441195533.909319] [node011:28704:0]         sys.c:719  MXM  WARN  Conflicting CPU frequencies detected, using: 2400.00
[1441195533.915827] [node011:28704:0]         mxm.c:185  MXM  WARN  The 'ulimit -s' on the system is set to 'unlimited'. This may have negative performance implications. Please set the heap size to the default value (10240) 
[1441195533.898204] [node013:28914:0]         sys.c:719  MXM  WARN  Conflicting CPU frequencies detected, using: 2400.00
[1441195533.910025] [node013:28914:0]         mxm.c:185  MXM  WARN  The 'ulimit -s' on the system is set to 'unlimited'. This may have negative performance implications. Please set the heap size to the default value (10240) 
[1441195533.943758] [node014:28540:0]         sys.c:719  MXM  WARN  Conflicting CPU frequencies detected, using: 2400.00
[1441195533.946626] [node014:28540:0]         mxm.c:185  MXM  WARN  The 'ulimit -s' on the system is set to 'unlimited'. This may have negative performance implications. Please set the heap size to the default value (10240) 
[1441195533.943746] [node014:28534:0]         sys.c:719  MXM  WARN  Conflicting CPU frequencies detected, using: 2400.00
[1441195533.946439] [node014:28534:0]         mxm.c:185  MXM  WARN  The 'ulimit -s' on the system is set to 'unlimited'. This may have negative performance implications. Please set the heap size to the default value (10240) 
[1441195533.944291] [node014:28551:0]         sys.c:719  MXM  WARN  Conflicting CPU frequencies detected, using: 2400.00
[1441195533.946897] [node014:28551:0]         mxm.c:185  MXM  WARN  The 'ulimit -s' on the system is set to 'unlimited'. This may have negative performance implications. Please set the heap size to the default value (10240) 
[1441195533.909743] [node012:28933:0]         sys.c:719  MXM  WARN  Conflicting CPU frequencies detected, using: 2400.00
[1441195533.924942] [node012:28933:0]         mxm.c:185  MXM  WARN  The 'ulimit -s' on the system is set to 'unlimited'. This may have negative performance implications. Please set the heap size to the default value (10240) 
[1441195533.912772] [node011:28742:0]         sys.c:719  MXM  WARN  Conflicting CPU frequencies detected, using: 2400.00
[1441195533.927056] [node011:28742:0]         mxm.c:185  MXM  WARN  The 'ulimit -s' on the system is set to 'unlimited'. This may have negative performance implications. Please set the heap size to the default value (10240) 
[1441195533.910081] [node011:28709:0]         sys.c:719  MXM  WARN  Conflicting CPU frequencies detected, using: 2400.00
[1441195533.926300] [node011:28709:0]         mxm.c:185  MXM  WARN  The 'ulimit -s' on the system is set to 'unlimited'. This may have negative performance implications. Please set the heap size to the default value (10240) 
[1441195533.910352] [node012:28922:0]         sys.c:719  MXM  WARN  Conflicting CPU frequencies detected, using: 2400.00
[1441195533.925702] [node012:28922:0]         mxm.c:185  MXM  WARN  The 'ulimit -s' on the system is set to 'unlimited'. This may have negative performance implications. Please set the heap size to the default value (10240) 
[1441195533.899498] [node013:28910:0]         sys.c:719  MXM  WARN  Conflicting CPU frequencies detected, using: 2400.00
[1441195533.918695] [node013:28910:0]         mxm.c:185  MXM  WARN  The 'ulimit -s' on the system is set to 'unlimited'. This may have negative performance implications. Please set the heap size to the default value (10240) 
[1441195533.916622] [node011:28773:0]         sys.c:719  MXM  WARN  Conflicting CPU frequencies detected, using: 2400.00
[1441195533.931306] [node011:28773:0]         mxm.c:185  MXM  WARN  The 'ulimit -s' on the system is set to 'unlimited'. This may have negative performance implications. Please set the heap size to the default value (10240) 
[1441195533.897144] [node013:28911:0]         sys.c:719  MXM  WARN  Conflicting CPU frequencies detected, using: 2400.00
[1441195533.914891] [node013:28911:0]         mxm.c:185  MXM  WARN  The 'ulimit -s' on the system is set to 'unlimited'. This may have negative performance implications. Please set the heap size to the default value (10240) 
[1441195533.912520] [node011:28747:0]         sys.c:719  MXM  WARN  Conflicting CPU frequencies detected, using: 2400.00
[1441195533.928917] [node011:28747:0]         mxm.c:185  MXM  WARN  The 'ulimit -s' on the system is set to 'unlimited'. This may have negative performance implications. Please set the heap size to the default value (10240) 
[1441195533.907680] [node012:28883:0]         sys.c:719  MXM  WARN  Conflicting CPU frequencies detected, using: 2400.00
[1441195533.929817] [node012:28883:0]         mxm.c:185  MXM  WARN  The 'ulimit -s' on the system is set to 'unlimited'. This may have negative performance implications. Please set the heap size to the default value (10240) 
[1441195533.910257] [node012:28923:0]         sys.c:719  MXM  WARN  Conflicting CPU frequencies detected, using: 2400.00
[1441195533.931427] [node012:28923:0]         mxm.c:185  MXM  WARN  The 'ulimit -s' on the system is set to 'unlimited'. This may have negative performance implications. Please set the heap size to the default value (10240) 
[1441195533.927672] [node015:26113:0]         sys.c:719  MXM  WARN  Conflicting CPU frequencies detected, using: 2400.00
[1441195533.932554] [node015:26113:0]         mxm.c:185  MXM  WARN  The 'ulimit -s' on the system is set to 'unlimited'. This may have negative performance implications. Please set the heap size to the default value (10240) 
[1441195533.934226] [node015:26110:0]         sys.c:719  MXM  WARN  Conflicting CPU frequencies detected, using: 2400.00
[1441195533.942351] [node015:26110:0]         mxm.c:185  MXM  WARN  The 'ulimit -s' on the system is set to 'unlimited'. This may have negative performance implications. Please set the heap size to the default value (10240) 
[1441195533.943872] [node015:26157:0]         sys.c:719  MXM  WARN  Conflicting CPU frequencies detected, using: 2400.00
[1441195533.956110] [node015:26157:0]         mxm.c:185  MXM  WARN  The 'ulimit -s' on the system is set to 'unlimited'. This may have negative performance implications. Please set the heap size to the default value (10240) 
[1441195533.942319] [node015:26170:0]         sys.c:719  MXM  WARN  Conflicting CPU frequencies detected, using: 2400.00
[1441195533.961006] [node015:26170:0]         mxm.c:185  MXM  WARN  The 'ulimit -s' on the system is set to 'unlimited'. This may have negative performance implications. Please set the heap size to the default value (10240) 
[1441195533.938874] [node015:26200:0]         sys.c:719  MXM  WARN  Conflicting CPU frequencies detected, using: 2400.00
[1441195533.963610] [node015:26200:0]         mxm.c:185  MXM  WARN  The 'ulimit -s' on the system is set to 'unlimited'. This may have negative performance implications. Please set the heap size to the default value (10240) 
[1441195533.943299] [node015:26196:0]         sys.c:719  MXM  WARN  Conflicting CPU frequencies detected, using: 2400.00
[1441195533.972098] [node015:26196:0]         mxm.c:185  MXM  WARN  The 'ulimit -s' on the system is set to 'unlimited'. This may have negative performance implications. Please set the heap size to the default value (10240) 
[1441195533.907559] [node013:29006:0]         sys.c:719  MXM  WARN  Conflicting CPU frequencies detected, using: 2400.00
[1441195533.925429] [node013:29006:0]         mxm.c:185  MXM  WARN  The 'ulimit -s' on the system is set to 'unlimited'. This may have negative performance implications. Please set the heap size to the default value (10240) 
[1441195533.901513] [node013:28913:0]         sys.c:719  MXM  WARN  Conflicting CPU frequencies detected, using: 2400.00
[1441195533.915647] [node013:28913:0]         mxm.c:185  MXM  WARN  The 'ulimit -s' on the system is set to 'unlimited'. This may have negative performance implications. Please set the heap size to the default value (10240) 
[1441195533.898869] [node013:28939:0]         sys.c:719  MXM  WARN  Conflicting CPU frequencies detected, using: 2400.00
[1441195533.919661] [node013:28939:0]         mxm.c:185  MXM  WARN  The 'ulimit -s' on the system is set to 'unlimited'. This may have negative performance implications. Please set the heap size to the default value (10240) 
[1441195533.912260] [node013:29036:0]         sys.c:719  MXM  WARN  Conflicting CPU frequencies detected, using: 2400.00
[1441195533.932839] [node013:29036:0]         mxm.c:185  MXM  WARN  The 'ulimit -s' on the system is set to 'unlimited'. This may have negative performance implications. Please set the heap size to the default value (10240) 
[1441195533.911657] [node013:29037:0]         sys.c:719  MXM  WARN  Conflicting CPU frequencies detected, using: 2400.00
[1441195533.941208] [node013:29037:0]         mxm.c:185  MXM  WARN  The 'ulimit -s' on the system is set to 'unlimited'. This may have negative performance implications. Please set the heap size to the default value (10240) 
[1441195533.913557] [node013:29070:0]         sys.c:719  MXM  WARN  Conflicting CPU frequencies detected, using: 2400.00
[1441195533.940518] [node013:29070:0]         mxm.c:185  MXM  WARN  The 'ulimit -s' on the system is set to 'unlimited'. This may have negative performance implications. Please set the heap size to the default value (10240) 
[1441195533.939185] [node015:26132:0]         sys.c:719  MXM  WARN  Conflicting CPU frequencies detected, using: 2400.00
[1441195533.966961] [node015:26132:0]         mxm.c:185  MXM  WARN  The 'ulimit -s' on the system is set to 'unlimited'. This may have negative performance implications. Please set the heap size to the default value (10240) 
UPCR: UPC thread  5 of 96 on node008 (pshm node 0 of 8, process  5 of 96, pid=1043)
UPCR: UPC thread  1 of 96 on node008 (pshm node 0 of 8, process  1 of 96, pid=1039)
UPCR: UPC thread  2 of 96 on node008 (pshm node 0 of 8, process  2 of 96, pid=1040)
UPCR: UPC thread  3 of 96 on node008 (pshm node 0 of 8, process  3 of 96, pid=1041)
UPCR: UPC thread  7 of 96 on node008 (pshm node 0 of 8, process  7 of 96, pid=1045)
UPCR: UPC thread  4 of 96 on node008 (pshm node 0 of 8, process  4 of 96, pid=1042)
UPCR: UPC thread  8 of 96 on node008 (pshm node 0 of 8, process  8 of 96, pid=1046)
UPCR: UPC thread 10 of 96 on node008 (pshm node 0 of 8, process 10 of 96, pid=1048)
UPCR: UPC thread  9 of 96 on node008 (pshm node 0 of 8, process  9 of 96, pid=1047)
UPCR: UPC thread  0 of 96 on node008 (pshm node 0 of 8, process  0 of 96, pid=1038)
UPCR: UPC thread  6 of 96 on node008 (pshm node 0 of 8, process  6 of 96, pid=1044)
UPCR: UPC thread 11 of 96 on node008 (pshm node 0 of 8, process 11 of 96, pid=1049)
UPCR: UPC thread 75 of 96 on node014 (pshm node 6 of 8, process 75 of 96, pid=28393)
UPCR: UPC thread 72 of 96 on node014 (pshm node 6 of 8, process 72 of 96, pid=28433)
UPCR: UPC thread 52 of 96 on node012 (pshm node 4 of 8, process 52 of 96, pid=28864)
UPCR: UPC thread 77 of 96 on node014 (pshm node 6 of 8, process 77 of 96, pid=28500)
UPCR: UPC thread 51 of 96 on node012 (pshm node 4 of 8, process 51 of 96, pid=28862)
UPCR: UPC thread 25 of 96 on node010 (pshm node 2 of 8, process 25 of 96, pid=28724)
UPCR: UPC thread 30 of 96 on node010 (pshm node 2 of 8, process 30 of 96, pid=28725)
UPCR: UPC thread 63 of 96 on node013 (pshm node 5 of 8, process 63 of 96, pid=29070)
UPCR: UPC thread 12 of 96 on node009 (pshm node 1 of 8, process 12 of 96, pid=28789)
UPCR: UPC thread 78 of 96 on node014 (pshm node 6 of 8, process 78 of 96, pid=28534)
UPCR: UPC thread 73 of 96 on node014 (pshm node 6 of 8, process 73 of 96, pid=28551)
UPCR: UPC thread 34 of 96 on node010 (pshm node 2 of 8, process 34 of 96, pid=28793)
UPCR: UPC thread 17 of 96 on node009 (pshm node 1 of 8, process 17 of 96, pid=28762)
UPCR: UPC thread 53 of 96 on node012 (pshm node 4 of 8, process 53 of 96, pid=28883)
UPCR: UPC thread 84 of 96 on node015 (pshm node 7 of 8, process 84 of 96, pid=26157)
UPCR: UPC thread 14 of 96 on node009 (pshm node 1 of 8, process 14 of 96, pid=28815)
UPCR: UPC thread 35 of 96 on node010 (pshm node 2 of 8, process 35 of 96, pid=28683)
UPCR: UPC thread 56 of 96 on node012 (pshm node 4 of 8, process 56 of 96, pid=28880)
UPCR: UPC thread 59 of 96 on node012 (pshm node 4 of 8, process 59 of 96, pid=28922)
UPCR: UPC thread 15 of 96 on node009 (pshm node 1 of 8, process 15 of 96, pid=28701)
UPCR: UPC thread 20 of 96 on node009 (pshm node 1 of 8, process 20 of 96, pid=28854)
UPCR: UPC thread 92 of 96 on node015 (pshm node 7 of 8, process 92 of 96, pid=26170)
UPCR: UPC thread 62 of 96 on node013 (pshm node 5 of 8, process 62 of 96, pid=29006)
UPCR: UPC thread 95 of 96 on node015 (pshm node 7 of 8, process 95 of 96, pid=26032)
UPCR: UPC thread 48 of 96 on node012 (pshm node 4 of 8, process 48 of 96, pid=28801)
UPCR: UPC thread 49 of 96 on node012 (pshm node 4 of 8, process 49 of 96, pid=28775)
UPCR: UPC thread 83 of 96 on node014 (pshm node 6 of 8, process 83 of 96, pid=28540)
UPCR: UPC thread 55 of 96 on node012 (pshm node 4 of 8, process 55 of 96, pid=28802)
UPCR: UPC thread 76 of 96 on node014 (pshm node 6 of 8, process 76 of 96, pid=28407)
UPCR: UPC thread 57 of 96 on node012 (pshm node 4 of 8, process 57 of 96, pid=28800)
UPCR: UPC thread 82 of 96 on node014 (pshm node 6 of 8, process 82 of 96, pid=28408)
UPCR: UPC thread 50 of 96 on node012 (pshm node 4 of 8, process 50 of 96, pid=28816)
UPCR: UPC thread 42 of 96 on node011 (pshm node 3 of 8, process 42 of 96, pid=28647)
UPCR: UPC thread 33 of 96 on node010 (pshm node 2 of 8, process 33 of 96, pid=28682)
UPCR: UPC thread 41 of 96 on node011 (pshm node 3 of 8, process 41 of 96, pid=28646)
UPCR: UPC thread 80 of 96 on node014 (pshm node 6 of 8, process 80 of 96, pid=28379)
UPCR: UPC thread 58 of 96 on node012 (pshm node 4 of 8, process 58 of 96, pid=28933)
UPCR: UPC thread 70 of 96 on node013 (pshm node 5 of 8, process 70 of 96, pid=28869)
UPCR: UPC thread 89 of 96 on node015 (pshm node 7 of 8, process 89 of 96, pid=26029)
UPCR: UPC thread 39 of 96 on node011 (pshm node 3 of 8, process 39 of 96, pid=28747)
UPCR: UPC thread 13 of 96 on node009 (pshm node 1 of 8, process 13 of 96, pid=28677)
UPCR: UPC thread 64 of 96 on node013 (pshm node 5 of 8, process 64 of 96, pid=28913)
UPCR: UPC thread 37 of 96 on node011 (pshm node 3 of 8, process 37 of 96, pid=28586)
UPCR: UPC thread 85 of 96 on node015 (pshm node 7 of 8, process 85 of 96, pid=26031)
UPCR: UPC thread 26 of 96 on node010 (pshm node 2 of 8, process 26 of 96, pid=28701)
UPCR: UPC thread 93 of 96 on node015 (pshm node 7 of 8, process 93 of 96, pid=26132)
UPCR: UPC thread 24 of 96 on node010 (pshm node 2 of 8, process 24 of 96, pid=28592)
UPCR: UPC thread 68 of 96 on node013 (pshm node 5 of 8, process 68 of 96, pid=29037)
UPCR: UPC thread 47 of 96 on node011 (pshm node 3 of 8, process 47 of 96, pid=28742)
UPCR: UPC thread 32 of 96 on node010 (pshm node 2 of 8, process 32 of 96, pid=28637)
UPCR: UPC thread 28 of 96 on node010 (pshm node 2 of 8, process 28 of 96, pid=28664)
UPCR: UPC thread 86 of 96 on node015 (pshm node 7 of 8, process 86 of 96, pid=26030)
UPCR: UPC thread 91 of 96 on node015 (pshm node 7 of 8, process 91 of 96, pid=26196)
UPCR: UPC thread 54 of 96 on node012 (pshm node 4 of 8, process 54 of 96, pid=28923)
UPCR: UPC thread 22 of 96 on node009 (pshm node 1 of 8, process 22 of 96, pid=28816)
UPCR: UPC thread 69 of 96 on node013 (pshm node 5 of 8, process 69 of 96, pid=28886)
UPCR: UPC thread 43 of 96 on node011 (pshm node 3 of 8, process 43 of 96, pid=28703)
UPCR: UPC thread 81 of 96 on node014 (pshm node 6 of 8, process 81 of 96, pid=28490)
UPCR: UPC thread 16 of 96 on node009 (pshm node 1 of 8, process 16 of 96, pid=28817)
UPCR: UPC thread 67 of 96 on node013 (pshm node 5 of 8, process 67 of 96, pid=29036)
UPCR: UPC thread 87 of 96 on node015 (pshm node 7 of 8, process 87 of 96, pid=26113)
UPCR: UPC thread 71 of 96 on node013 (pshm node 5 of 8, process 71 of 96, pid=28939)
UPCR: UPC thread 27 of 96 on node010 (pshm node 2 of 8, process 27 of 96, pid=28718)
UPCR: UPC thread 18 of 96 on node009 (pshm node 1 of 8, process 18 of 96, pid=28715)
UPCR: UPC thread 74 of 96 on node014 (pshm node 6 of 8, process 74 of 96, pid=28430)
UPCR: UPC thread 65 of 96 on node013 (pshm node 5 of 8, process 65 of 96, pid=28910)
UPCR: UPC thread 46 of 96 on node011 (pshm node 3 of 8, process 46 of 96, pid=28773)
UPCR: UPC thread 44 of 96 on node011 (pshm node 3 of 8, process 44 of 96, pid=28634)
UPCR: UPC thread 94 of 96 on node015 (pshm node 7 of 8, process 94 of 96, pid=26042)
UPCR: UPC thread 40 of 96 on node011 (pshm node 3 of 8, process 40 of 96, pid=28591)
UPCR: UPC thread 88 of 96 on node015 (pshm node 7 of 8, process 88 of 96, pid=26200)
UPCR: UPC thread 19 of 96 on node009 (pshm node 1 of 8, process 19 of 96, pid=28876)
UPCR: UPC thread 60 of 96 on node013 (pshm node 5 of 8, process 60 of 96, pid=28912)
UPCR: UPC thread 38 of 96 on node011 (pshm node 3 of 8, process 38 of 96, pid=28642)
UPCR: UPC thread 45 of 96 on node011 (pshm node 3 of 8, process 45 of 96, pid=28704)
UPCR: UPC thread 36 of 96 on node011 (pshm node 3 of 8, process 36 of 96, pid=28709)
UPCR: UPC thread 29 of 96 on node010 (pshm node 2 of 8, process 29 of 96, pid=28789)
UPCR: UPC thread 61 of 96 on node013 (pshm node 5 of 8, process 61 of 96, pid=28911)
UPCR: UPC thread 90 of 96 on node015 (pshm node 7 of 8, process 90 of 96, pid=26110)
UPCR: UPC thread 23 of 96 on node009 (pshm node 1 of 8, process 23 of 96, pid=28906)
UPCR: UPC thread 21 of 96 on node009 (pshm node 1 of 8, process 21 of 96, pid=28739)
UPCR: UPC thread 66 of 96 on node013 (pshm node 5 of 8, process 66 of 96, pid=28914)
UPCR: UPC thread 79 of 96 on node014 (pshm node 6 of 8, process 79 of 96, pid=28494)
UPCR: UPC thread 31 of 96 on node010 (pshm node 2 of 8, process 31 of 96, pid=28609)
0/96 - htable initialized
0/96 - table size: 103079215104 bytes (98304 MB)
0/96 - total number of buckets: 12884901888
0/96 - block size: 1073741824 (1024 MB)
0/96 - number of buckets in block: 134217728
0/96 - number of blocks: 96
51/96 - Performed a throughput benchmark:
51/96 - Performed 2000000 find-or-put operations with random values from [0,...,124799999]
51/96 - Finds: 966084 (0.483042), Inserts: 1033916 (0.516958), Errors: 0 (0)
51/96 - Execution time: 8.2729 seconds
51/96 - Throughput: 241753 ops/sec
72/96 - Performed a throughput benchmark:
72/96 - Performed 2000000 find-or-put operations with random values from [0,...,124799999]
72/96 - Finds: 967834 (0.483917), Inserts: 1032166 (0.516083), Errors: 0 (0)
72/96 - Execution time: 8.30589 seconds
72/96 - Throughput: 240793 ops/sec
24/96 - Performed a throughput benchmark:
24/96 - Performed 2000000 find-or-put operations with random values from [0,...,124799999]
24/96 - Finds: 968383 (0.484191), Inserts: 1031617 (0.515809), Errors: 0 (0)
24/96 - Execution time: 8.31152 seconds
24/96 - Throughput: 240630 ops/sec
91/96 - Performed a throughput benchmark:
91/96 - Performed 2000000 find-or-put operations with random values from [0,...,124799999]
91/96 - Finds: 967870 (0.483935), Inserts: 1032130 (0.516065), Errors: 0 (0)
91/96 - Execution time: 8.34095 seconds
91/96 - Throughput: 239781 ops/sec
28/96 - Performed a throughput benchmark:
28/96 - Performed 2000000 find-or-put operations with random values from [0,...,124799999]
28/96 - Finds: 966295 (0.483148), Inserts: 1033705 (0.516853), Errors: 0 (0)
28/96 - Execution time: 8.296 seconds
28/96 - Throughput: 241080 ops/sec
30/96 - Performed a throughput benchmark:
30/96 - Performed 2000000 find-or-put operations with random values from [0,...,124799999]
30/96 - Finds: 968277 (0.484139), Inserts: 1031723 (0.515861), Errors: 0 (0)
30/96 - Execution time: 8.31492 seconds
30/96 - Throughput: 240531 ops/sec
37/96 - Performed a throughput benchmark:
37/96 - Performed 2000000 find-or-put operations with random values from [0,...,124799999]
37/96 - Finds: 971938 (0.485969), Inserts: 1028062 (0.514031), Errors: 0 (0)
37/96 - Execution time: 8.34606 seconds
37/96 - Throughput: 239634 ops/sec
15/96 - Performed a throughput benchmark:
15/96 - Performed 2000000 find-or-put operations with random values from [0,...,124799999]
15/96 - Finds: 972608 (0.486304), Inserts: 1027392 (0.513696), Errors: 0 (0)
15/96 - Execution time: 8.35354 seconds
15/96 - Throughput: 239419 ops/sec
40/96 - Performed a throughput benchmark:
40/96 - Performed 2000000 find-or-put operations with random values from [0,...,124799999]
40/96 - Finds: 969990 (0.484995), Inserts: 1030010 (0.515005), Errors: 0 (0)
40/96 - Execution time: 8.32573 seconds
40/96 - Throughput: 240219 ops/sec
29/96 - Performed a throughput benchmark:
29/96 - Performed 2000000 find-or-put operations with random values from [0,...,124799999]
29/96 - Finds: 968712 (0.484356), Inserts: 1031288 (0.515644), Errors: 0 (0)
29/96 - Execution time: 8.31037 seconds
29/96 - Throughput: 240663 ops/sec
2/96 - Performed a throughput benchmark:
2/96 - Performed 2000000 find-or-put operations with random values from [0,...,124799999]
2/96 - Finds: 971200 (0.4856), Inserts: 1028800 (0.5144), Errors: 0 (0)
2/96 - Execution time: 8.35532 seconds
2/96 - Throughput: 239368 ops/sec
49/96 - Performed a throughput benchmark:
49/96 - Performed 2000000 find-or-put operations with random values from [0,...,124799999]
49/96 - Finds: 965582 (0.482791), Inserts: 1034418 (0.517209), Errors: 0 (0)
49/96 - Execution time: 8.27039 seconds
49/96 - Throughput: 241827 ops/sec
13/96 - Performed a throughput benchmark:
13/96 - Performed 2000000 find-or-put operations with random values from [0,...,124799999]
13/96 - Finds: 973151 (0.486575), Inserts: 1026849 (0.513424), Errors: 0 (0)
13/96 - Execution time: 8.34896 seconds
13/96 - Throughput: 239551 ops/sec
84/96 - Performed a throughput benchmark:
84/96 - Performed 2000000 find-or-put operations with random values from [0,...,124799999]
84/96 - Finds: 971368 (0.485684), Inserts: 1028632 (0.514316), Errors: 0 (0)
84/96 - Execution time: 8.35382 seconds
84/96 - Throughput: 239411 ops/sec
54/96 - Performed a throughput benchmark:
54/96 - Performed 2000000 find-or-put operations with random values from [0,...,124799999]
54/96 - Finds: 970765 (0.485382), Inserts: 1029235 (0.514617), Errors: 0 (0)
54/96 - Execution time: 8.33448 seconds
54/96 - Throughput: 239967 ops/sec
63/96 - Performed a throughput benchmark:
63/96 - Performed 2000000 find-or-put operations with random values from [0,...,124799999]
63/96 - Finds: 967490 (0.483745), Inserts: 1032510 (0.516255), Errors: 0 (0)
63/96 - Execution time: 8.28859 seconds
63/96 - Throughput: 241295 ops/sec
19/96 - Performed a throughput benchmark:
19/96 - Performed 2000000 find-or-put operations with random values from [0,...,124799999]
19/96 - Finds: 972868 (0.486434), Inserts: 1027132 (0.513566), Errors: 0 (0)
19/96 - Execution time: 8.35408 seconds
19/96 - Throughput: 239404 ops/sec
78/96 - Performed a throughput benchmark:
78/96 - Performed 2000000 find-or-put operations with random values from [0,...,124799999]
78/96 - Finds: 965174 (0.482587), Inserts: 1034826 (0.517413), Errors: 0 (0)
78/96 - Execution time: 8.29442 seconds
78/96 - Throughput: 241126 ops/sec
55/96 - Performed a throughput benchmark:
55/96 - Performed 2000000 find-or-put operations with random values from [0,...,124799999]
55/96 - Finds: 966810 (0.483405), Inserts: 1033190 (0.516595), Errors: 0 (0)
55/96 - Execution time: 8.28852 seconds
55/96 - Throughput: 241297 ops/sec
27/96 - Performed a throughput benchmark:
27/96 - Performed 2000000 find-or-put operations with random values from [0,...,124799999]
27/96 - Finds: 968390 (0.484195), Inserts: 1031610 (0.515805), Errors: 0 (0)
27/96 - Execution time: 8.30799 seconds
27/96 - Throughput: 240732 ops/sec
53/96 - Performed a throughput benchmark:
53/96 - Performed 2000000 find-or-put operations with random values from [0,...,124799999]
53/96 - Finds: 964031 (0.482015), Inserts: 1035969 (0.517984), Errors: 0 (0)
53/96 - Execution time: 8.2725 seconds
53/96 - Throughput: 241765 ops/sec
26/96 - Performed a throughput benchmark:
26/96 - Performed 2000000 find-or-put operations with random values from [0,...,124799999]
26/96 - Finds: 966485 (0.483243), Inserts: 1033515 (0.516757), Errors: 0 (0)
26/96 - Execution time: 8.2957 seconds
26/96 - Throughput: 241089 ops/sec
61/96 - Performed a throughput benchmark:
61/96 - Performed 2000000 find-or-put operations with random values from [0,...,124799999]
61/96 - Finds: 965558 (0.482779), Inserts: 1034442 (0.517221), Errors: 0 (0)
61/96 - Execution time: 8.28798 seconds
61/96 - Throughput: 241313 ops/sec
73/96 - Performed a throughput benchmark:
73/96 - Performed 2000000 find-or-put operations with random values from [0,...,124799999]
73/96 - Finds: 965147 (0.482573), Inserts: 1034853 (0.517427), Errors: 0 (0)
73/96 - Execution time: 8.2902 seconds
73/96 - Throughput: 241249 ops/sec
38/96 - Performed a throughput benchmark:
38/96 - Performed 2000000 find-or-put operations with random values from [0,...,124799999]
38/96 - Finds: 966480 (0.48324), Inserts: 1033520 (0.51676), Errors: 0 (0)
38/96 - Execution time: 8.29966 seconds
38/96 - Throughput: 240974 ops/sec
43/96 - Performed a throughput benchmark:
43/96 - Performed 2000000 find-or-put operations with random values from [0,...,124799999]
43/96 - Finds: 972266 (0.486133), Inserts: 1027734 (0.513867), Errors: 0 (0)
43/96 - Execution time: 8.36791 seconds
43/96 - Throughput: 239008 ops/sec
66/96 - Performed a throughput benchmark:
66/96 - Performed 2000000 find-or-put operations with random values from [0,...,124799999]
66/96 - Finds: 966443 (0.483222), Inserts: 1033557 (0.516779), Errors: 0 (0)
66/96 - Execution time: 8.28648 seconds
66/96 - Throughput: 241357 ops/sec
64/96 - Performed a throughput benchmark:
64/96 - Performed 2000000 find-or-put operations with random values from [0,...,124799999]
64/96 - Finds: 972719 (0.48636), Inserts: 1027281 (0.513641), Errors: 0 (0)
64/96 - Execution time: 8.3696 seconds
64/96 - Throughput: 238960 ops/sec
48/96 - Performed a throughput benchmark:
48/96 - Performed 2000000 find-or-put operations with random values from [0,...,124799999]
48/96 - Finds: 965794 (0.482897), Inserts: 1034206 (0.517103), Errors: 0 (0)
48/96 - Execution time: 8.28577 seconds
48/96 - Throughput: 241378 ops/sec
36/96 - Performed a throughput benchmark:
36/96 - Performed 2000000 find-or-put operations with random values from [0,...,124799999]
36/96 - Finds: 970682 (0.485341), Inserts: 1029318 (0.514659), Errors: 0 (0)
36/96 - Execution time: 8.33658 seconds
36/96 - Throughput: 239906 ops/sec
12/96 - Performed a throughput benchmark:
12/96 - Performed 2000000 find-or-put operations with random values from [0,...,124799999]
12/96 - Finds: 973470 (0.486735), Inserts: 1026530 (0.513265), Errors: 0 (0)
12/96 - Execution time: 8.36639 seconds
12/96 - Throughput: 239052 ops/sec
74/96 - Performed a throughput benchmark:
74/96 - Performed 2000000 find-or-put operations with random values from [0,...,124799999]
74/96 - Finds: 966281 (0.48314), Inserts: 1033719 (0.51686), Errors: 0 (0)
74/96 - Execution time: 8.28235 seconds
74/96 - Throughput: 241477 ops/sec
87/96 - Performed a throughput benchmark:
87/96 - Performed 2000000 find-or-put operations with random values from [0,...,124799999]
87/96 - Finds: 969759 (0.48488), Inserts: 1030241 (0.51512), Errors: 0 (0)
87/96 - Execution time: 8.3428 seconds
87/96 - Throughput: 239728 ops/sec
60/96 - Performed a throughput benchmark:
60/96 - Performed 2000000 find-or-put operations with random values from [0,...,124799999]
60/96 - Finds: 971716 (0.485858), Inserts: 1028284 (0.514142), Errors: 0 (0)
60/96 - Execution time: 8.36283 seconds
60/96 - Throughput: 239154 ops/sec
85/96 - Performed a throughput benchmark:
85/96 - Performed 2000000 find-or-put operations with random values from [0,...,124799999]
85/96 - Finds: 969918 (0.484959), Inserts: 1030082 (0.515041), Errors: 0 (0)
85/96 - Execution time: 8.34753 seconds
85/96 - Throughput: 239592 ops/sec
76/96 - Performed a throughput benchmark:
76/96 - Performed 2000000 find-or-put operations with random values from [0,...,124799999]
76/96 - Finds: 973306 (0.486653), Inserts: 1026694 (0.513347), Errors: 0 (0)
76/96 - Execution time: 8.36421 seconds
76/96 - Throughput: 239114 ops/sec
5/96 - Performed a throughput benchmark:
5/96 - Performed 2000000 find-or-put operations with random values from [0,...,124799999]
5/96 - Finds: 971704 (0.485852), Inserts: 1028296 (0.514148), Errors: 0 (0)
5/96 - Execution time: 8.35812 seconds
5/96 - Throughput: 239288 ops/sec
16/96 - Performed a throughput benchmark:
16/96 - Performed 2000000 find-or-put operations with random values from [0,...,124799999]
16/96 - Finds: 973921 (0.486961), Inserts: 1026079 (0.513039), Errors: 0 (0)
16/96 - Execution time: 8.37284 seconds
16/96 - Throughput: 238868 ops/sec
65/96 - Performed a throughput benchmark:
65/96 - Performed 2000000 find-or-put operations with random values from [0,...,124799999]
65/96 - Finds: 966612 (0.483306), Inserts: 1033388 (0.516694), Errors: 0 (0)
65/96 - Execution time: 8.28819 seconds
65/96 - Throughput: 241307 ops/sec
79/96 - Performed a throughput benchmark:
79/96 - Performed 2000000 find-or-put operations with random values from [0,...,124799999]
79/96 - Finds: 971868 (0.485934), Inserts: 1028132 (0.514066), Errors: 0 (0)
79/96 - Execution time: 8.36514 seconds
79/96 - Throughput: 239087 ops/sec
86/96 - Performed a throughput benchmark:
86/96 - Performed 2000000 find-or-put operations with random values from [0,...,124799999]
86/96 - Finds: 968871 (0.484436), Inserts: 1031129 (0.515564), Errors: 0 (0)
86/96 - Execution time: 8.32971 seconds
86/96 - Throughput: 240104 ops/sec
39/96 - Performed a throughput benchmark:
39/96 - Performed 2000000 find-or-put operations with random values from [0,...,124799999]
39/96 - Finds: 968582 (0.484291), Inserts: 1031418 (0.515709), Errors: 0 (0)
39/96 - Execution time: 8.30403 seconds
39/96 - Throughput: 240847 ops/sec
18/96 - Performed a throughput benchmark:
18/96 - Performed 2000000 find-or-put operations with random values from [0,...,124799999]
18/96 - Finds: 973667 (0.486833), Inserts: 1026333 (0.513166), Errors: 0 (0)
18/96 - Execution time: 8.36566 seconds
18/96 - Throughput: 239072 ops/sec
75/96 - Performed a throughput benchmark:
75/96 - Performed 2000000 find-or-put operations with random values from [0,...,124799999]
75/96 - Finds: 971552 (0.485776), Inserts: 1028448 (0.514224), Errors: 0 (0)
75/96 - Execution time: 8.36501 seconds
75/96 - Throughput: 239091 ops/sec
0/96 - Performed a throughput benchmark:
0/96 - Performed 2000000 find-or-put operations with random values from [0,...,124799999]
0/96 - Finds: 973292 (0.486646), Inserts: 1026708 (0.513354), Errors: 0 (0)
0/96 - Execution time: 8.3767 seconds
0/96 - Throughput: 238757 ops/sec
62/96 - Performed a throughput benchmark:
62/96 - Performed 2000000 find-or-put operations with random values from [0,...,124799999]
62/96 - Finds: 967679 (0.483839), Inserts: 1032321 (0.516161), Errors: 0 (0)
62/96 - Execution time: 8.29108 seconds
62/96 - Throughput: 241223 ops/sec
67/96 - Performed a throughput benchmark:
67/96 - Performed 2000000 find-or-put operations with random values from [0,...,124799999]
67/96 - Finds: 972889 (0.486445), Inserts: 1027111 (0.513556), Errors: 0 (0)
67/96 - Execution time: 8.34812 seconds
67/96 - Throughput: 239575 ops/sec
77/96 - Performed a throughput benchmark:
77/96 - Performed 2000000 find-or-put operations with random values from [0,...,124799999]
77/96 - Finds: 965584 (0.482792), Inserts: 1034416 (0.517208), Errors: 0 (0)
77/96 - Execution time: 8.29896 seconds
77/96 - Throughput: 240994 ops/sec
17/96 - Performed a throughput benchmark:
17/96 - Performed 2000000 find-or-put operations with random values from [0,...,124799999]
17/96 - Finds: 972210 (0.486105), Inserts: 1027790 (0.513895), Errors: 0 (0)
17/96 - Execution time: 8.34715 seconds
17/96 - Throughput: 239603 ops/sec
6/96 - Performed a throughput benchmark:
6/96 - Performed 2000000 find-or-put operations with random values from [0,...,124799999]
6/96 - Finds: 972322 (0.486161), Inserts: 1027678 (0.513839), Errors: 0 (0)
6/96 - Execution time: 8.36522 seconds
6/96 - Throughput: 239085 ops/sec
1/96 - Performed a throughput benchmark:
1/96 - Performed 2000000 find-or-put operations with random values from [0,...,124799999]
1/96 - Finds: 973150 (0.486575), Inserts: 1026850 (0.513425), Errors: 0 (0)
1/96 - Execution time: 8.37611 seconds
1/96 - Throughput: 238774 ops/sec
7/96 - Performed a throughput benchmark:
7/96 - Performed 2000000 find-or-put operations with random values from [0,...,124799999]
7/96 - Finds: 974413 (0.487206), Inserts: 1025587 (0.512794), Errors: 0 (0)
7/96 - Execution time: 8.38922 seconds
7/96 - Throughput: 238401 ops/sec
31/96 - Performed a throughput benchmark:
31/96 - Performed 2000000 find-or-put operations with random values from [0,...,124799999]
31/96 - Finds: 973809 (0.486905), Inserts: 1026191 (0.513096), Errors: 0 (0)
31/96 - Execution time: 8.37364 seconds
31/96 - Throughput: 238845 ops/sec
3/96 - Performed a throughput benchmark:
3/96 - Performed 2000000 find-or-put operations with random values from [0,...,124799999]
3/96 - Finds: 973823 (0.486911), Inserts: 1026177 (0.513088), Errors: 0 (0)
3/96 - Execution time: 8.384 seconds
3/96 - Throughput: 238550 ops/sec
41/96 - Performed a throughput benchmark:
41/96 - Performed 2000000 find-or-put operations with random values from [0,...,124799999]
41/96 - Finds: 969391 (0.484696), Inserts: 1030609 (0.515305), Errors: 0 (0)
41/96 - Execution time: 8.3203 seconds
41/96 - Throughput: 240376 ops/sec
50/96 - Performed a throughput benchmark:
50/96 - Performed 2000000 find-or-put operations with random values from [0,...,124799999]
50/96 - Finds: 970576 (0.485288), Inserts: 1029424 (0.514712), Errors: 0 (0)
50/96 - Execution time: 8.34552 seconds
50/96 - Throughput: 239649 ops/sec
14/96 - Performed a throughput benchmark:
14/96 - Performed 2000000 find-or-put operations with random values from [0,...,124799999]
14/96 - Finds: 973984 (0.486992), Inserts: 1026016 (0.513008), Errors: 0 (0)
14/96 - Execution time: 8.35474 seconds
14/96 - Throughput: 239385 ops/sec
90/96 - Performed a throughput benchmark:
90/96 - Performed 2000000 find-or-put operations with random values from [0,...,124799999]
90/96 - Finds: 976857 (0.488428), Inserts: 1023143 (0.511571), Errors: 0 (0)
90/96 - Execution time: 8.42685 seconds
90/96 - Throughput: 237337 ops/sec
88/96 - Performed a throughput benchmark:
88/96 - Performed 2000000 find-or-put operations with random values from [0,...,124799999]
88/96 - Finds: 972759 (0.48638), Inserts: 1027241 (0.513621), Errors: 0 (0)
88/96 - Execution time: 8.36509 seconds
88/96 - Throughput: 239089 ops/sec
42/96 - Performed a throughput benchmark:
42/96 - Performed 2000000 find-or-put operations with random values from [0,...,124799999]
42/96 - Finds: 974374 (0.487187), Inserts: 1025626 (0.512813), Errors: 0 (0)
42/96 - Execution time: 8.39882 seconds
42/96 - Throughput: 238129 ops/sec
89/96 - Performed a throughput benchmark:
89/96 - Performed 2000000 find-or-put operations with random values from [0,...,124799999]
89/96 - Finds: 973940 (0.48697), Inserts: 1026060 (0.51303), Errors: 0 (0)
89/96 - Execution time: 8.4071 seconds
89/96 - Throughput: 237894 ops/sec
25/96 - Performed a throughput benchmark:
25/96 - Performed 2000000 find-or-put operations with random values from [0,...,124799999]
25/96 - Finds: 973699 (0.486849), Inserts: 1026301 (0.51315), Errors: 0 (0)
25/96 - Execution time: 8.37345 seconds
25/96 - Throughput: 238850 ops/sec
52/96 - Performed a throughput benchmark:
52/96 - Performed 2000000 find-or-put operations with random values from [0,...,124799999]
52/96 - Finds: 979521 (0.48976), Inserts: 1020479 (0.510239), Errors: 0 (0)
52/96 - Execution time: 8.48904 seconds
52/96 - Throughput: 235598 ops/sec
11/96 - Performed a throughput benchmark:
11/96 - Performed 2000000 find-or-put operations with random values from [0,...,124799999]
11/96 - Finds: 992584 (0.496292), Inserts: 1007416 (0.503708), Errors: 0 (0)
11/96 - Execution time: 8.58186 seconds
11/96 - Throughput: 233050 ops/sec
4/96 - Performed a throughput benchmark:
4/96 - Performed 2000000 find-or-put operations with random values from [0,...,124799999]
4/96 - Finds: 984876 (0.492438), Inserts: 1015124 (0.507562), Errors: 0 (0)
4/96 - Execution time: 8.57666 seconds
4/96 - Throughput: 233191 ops/sec
59/96 - Performed a throughput benchmark:
59/96 - Performed 2000000 find-or-put operations with random values from [0,...,124799999]
59/96 - Finds: 990699 (0.495349), Inserts: 1009301 (0.504651), Errors: 0 (0)
59/96 - Execution time: 8.60757 seconds
59/96 - Throughput: 232354 ops/sec
35/96 - Performed a throughput benchmark:
35/96 - Performed 2000000 find-or-put operations with random values from [0,...,124799999]
35/96 - Finds: 987932 (0.493966), Inserts: 1012068 (0.506034), Errors: 0 (0)
35/96 - Execution time: 8.59391 seconds
35/96 - Throughput: 232723 ops/sec
80/96 - Performed a throughput benchmark:
80/96 - Performed 2000000 find-or-put operations with random values from [0,...,124799999]
80/96 - Finds: 991114 (0.495557), Inserts: 1008886 (0.504443), Errors: 0 (0)
80/96 - Execution time: 8.63002 seconds
80/96 - Throughput: 231749 ops/sec
44/96 - Performed a throughput benchmark:
44/96 - Performed 2000000 find-or-put operations with random values from [0,...,124799999]
44/96 - Finds: 991185 (0.495592), Inserts: 1008815 (0.504408), Errors: 0 (0)
44/96 - Execution time: 8.64037 seconds
44/96 - Throughput: 231471 ops/sec
58/96 - Performed a throughput benchmark:
58/96 - Performed 2000000 find-or-put operations with random values from [0,...,124799999]
58/96 - Finds: 991058 (0.495529), Inserts: 1008942 (0.504471), Errors: 0 (0)
58/96 - Execution time: 8.61873 seconds
58/96 - Throughput: 232053 ops/sec
94/96 - Performed a throughput benchmark:
94/96 - Performed 2000000 find-or-put operations with random values from [0,...,124799999]
94/96 - Finds: 993278 (0.496639), Inserts: 1006722 (0.503361), Errors: 0 (0)
94/96 - Execution time: 8.65528 seconds
94/96 - Throughput: 231073 ops/sec
8/96 - Performed a throughput benchmark:
8/96 - Performed 2000000 find-or-put operations with random values from [0,...,124799999]
8/96 - Finds: 996545 (0.498273), Inserts: 1003455 (0.501727), Errors: 0 (0)
8/96 - Execution time: 8.67821 seconds
8/96 - Throughput: 230462 ops/sec
47/96 - Performed a throughput benchmark:
47/96 - Performed 2000000 find-or-put operations with random values from [0,...,124799999]
47/96 - Finds: 991902 (0.495951), Inserts: 1008098 (0.504049), Errors: 0 (0)
47/96 - Execution time: 8.62981 seconds
47/96 - Throughput: 231755 ops/sec
22/96 - Performed a throughput benchmark:
22/96 - Performed 2000000 find-or-put operations with random values from [0,...,124799999]
22/96 - Finds: 1000303 (0.500151), Inserts: 999697 (0.499848), Errors: 0 (0)
22/96 - Execution time: 8.69123 seconds
22/96 - Throughput: 230117 ops/sec
81/96 - Performed a throughput benchmark:
81/96 - Performed 2000000 find-or-put operations with random values from [0,...,124799999]
81/96 - Finds: 992498 (0.496249), Inserts: 1007502 (0.503751), Errors: 0 (0)
81/96 - Execution time: 8.59229 seconds
81/96 - Throughput: 232767 ops/sec
57/96 - Performed a throughput benchmark:
57/96 - Performed 2000000 find-or-put operations with random values from [0,...,124799999]
57/96 - Finds: 997267 (0.498634), Inserts: 1002733 (0.501367), Errors: 0 (0)
57/96 - Execution time: 8.68244 seconds
57/96 - Throughput: 230350 ops/sec
34/96 - Performed a throughput benchmark:
34/96 - Performed 2000000 find-or-put operations with random values from [0,...,124799999]
34/96 - Finds: 993509 (0.496754), Inserts: 1006491 (0.503246), Errors: 0 (0)
34/96 - Execution time: 8.64104 seconds
34/96 - Throughput: 231454 ops/sec
71/96 - Performed a throughput benchmark:
71/96 - Performed 2000000 find-or-put operations with random values from [0,...,124799999]
71/96 - Finds: 992975 (0.496488), Inserts: 1007025 (0.503513), Errors: 0 (0)
71/96 - Execution time: 8.64359 seconds
71/96 - Throughput: 231385 ops/sec
21/96 - Performed a throughput benchmark:
21/96 - Performed 2000000 find-or-put operations with random values from [0,...,124799999]
21/96 - Finds: 999533 (0.499767), Inserts: 1000467 (0.500233), Errors: 0 (0)
21/96 - Execution time: 8.69131 seconds
21/96 - Throughput: 230115 ops/sec
45/96 - Performed a throughput benchmark:
45/96 - Performed 2000000 find-or-put operations with random values from [0,...,124799999]
45/96 - Finds: 998763 (0.499381), Inserts: 1001237 (0.500618), Errors: 0 (0)
45/96 - Execution time: 8.70708 seconds
45/96 - Throughput: 229698 ops/sec
9/96 - Performed a throughput benchmark:
9/96 - Performed 2000000 find-or-put operations with random values from [0,...,124799999]
9/96 - Finds: 996338 (0.498169), Inserts: 1003662 (0.501831), Errors: 0 (0)
9/96 - Execution time: 8.68669 seconds
9/96 - Throughput: 230237 ops/sec
10/96 - Performed a throughput benchmark:
10/96 - Performed 2000000 find-or-put operations with random values from [0,...,124799999]
10/96 - Finds: 997307 (0.498654), Inserts: 1002693 (0.501347), Errors: 0 (0)
10/96 - Execution time: 8.68592 seconds
10/96 - Throughput: 230258 ops/sec
32/96 - Performed a throughput benchmark:
32/96 - Performed 2000000 find-or-put operations with random values from [0,...,124799999]
32/96 - Finds: 997435 (0.498717), Inserts: 1002565 (0.501282), Errors: 0 (0)
32/96 - Execution time: 8.70389 seconds
32/96 - Throughput: 229782 ops/sec
46/96 - Performed a throughput benchmark:
46/96 - Performed 2000000 find-or-put operations with random values from [0,...,124799999]
46/96 - Finds: 998496 (0.499248), Inserts: 1001504 (0.500752), Errors: 0 (0)
46/96 - Execution time: 8.71383 seconds
46/96 - Throughput: 229520 ops/sec
69/96 - Performed a throughput benchmark:
69/96 - Performed 2000000 find-or-put operations with random values from [0,...,124799999]
69/96 - Finds: 1001233 (0.500617), Inserts: 998767 (0.499383), Errors: 0 (0)
69/96 - Execution time: 8.72937 seconds
69/96 - Throughput: 229112 ops/sec
82/96 - Performed a throughput benchmark:
82/96 - Performed 2000000 find-or-put operations with random values from [0,...,124799999]
82/96 - Finds: 1000907 (0.500453), Inserts: 999093 (0.499547), Errors: 0 (0)
82/96 - Execution time: 8.73659 seconds
82/96 - Throughput: 228922 ops/sec
70/96 - Performed a throughput benchmark:
70/96 - Performed 2000000 find-or-put operations with random values from [0,...,124799999]
70/96 - Finds: 1000507 (0.500254), Inserts: 999493 (0.499746), Errors: 0 (0)
70/96 - Execution time: 8.72603 seconds
70/96 - Throughput: 229199 ops/sec
92/96 - Performed a throughput benchmark:
92/96 - Performed 2000000 find-or-put operations with random values from [0,...,124799999]
92/96 - Finds: 1001178 (0.500589), Inserts: 998822 (0.499411), Errors: 0 (0)
92/96 - Execution time: 8.76421 seconds
92/96 - Throughput: 228201 ops/sec
93/96 - Performed a throughput benchmark:
93/96 - Performed 2000000 find-or-put operations with random values from [0,...,124799999]
93/96 - Finds: 994862 (0.497431), Inserts: 1005138 (0.502569), Errors: 0 (0)
93/96 - Execution time: 8.68553 seconds
93/96 - Throughput: 230268 ops/sec
68/96 - Performed a throughput benchmark:
68/96 - Performed 2000000 find-or-put operations with random values from [0,...,124799999]
68/96 - Finds: 998533 (0.499267), Inserts: 1001467 (0.500734), Errors: 0 (0)
68/96 - Execution time: 8.71108 seconds
68/96 - Throughput: 229593 ops/sec
83/96 - Performed a throughput benchmark:
83/96 - Performed 2000000 find-or-put operations with random values from [0,...,124799999]
83/96 - Finds: 999087 (0.499543), Inserts: 1000913 (0.500456), Errors: 0 (0)
83/96 - Execution time: 8.71296 seconds
83/96 - Throughput: 229543 ops/sec
23/96 - Performed a throughput benchmark:
23/96 - Performed 2000000 find-or-put operations with random values from [0,...,124799999]
23/96 - Finds: 999483 (0.499742), Inserts: 1000517 (0.500259), Errors: 0 (0)
23/96 - Execution time: 8.69115 seconds
23/96 - Throughput: 230119 ops/sec
95/96 - Performed a throughput benchmark:
95/96 - Performed 2000000 find-or-put operations with random values from [0,...,124799999]
95/96 - Finds: 996667 (0.498333), Inserts: 1003333 (0.501667), Errors: 0 (0)
95/96 - Execution time: 8.66204 seconds
95/96 - Throughput: 230892 ops/sec
56/96 - Performed a throughput benchmark:
56/96 - Performed 2000000 find-or-put operations with random values from [0,...,124799999]
56/96 - Finds: 999120 (0.49956), Inserts: 1000880 (0.50044), Errors: 0 (0)
56/96 - Execution time: 8.70919 seconds
56/96 - Throughput: 229642 ops/sec
33/96 - Performed a throughput benchmark:
33/96 - Performed 2000000 find-or-put operations with random values from [0,...,124799999]
33/96 - Finds: 998594 (0.499297), Inserts: 1001406 (0.500703), Errors: 0 (0)
33/96 - Execution time: 8.70934 seconds
33/96 - Throughput: 229638 ops/sec
20/96 - Performed a throughput benchmark:
20/96 - Performed 2000000 find-or-put operations with random values from [0,...,124799999]
20/96 - Finds: 999353 (0.499677), Inserts: 1000647 (0.500324), Errors: 0 (0)
20/96 - Execution time: 8.68238 seconds
20/96 - Throughput: 230352 ops/sec
[1441195533.226978] [node008:992  :0]         sys.c:719  MXM  WARN  Conflicting CPU frequencies detected, using: 1795.22
