[1441195202.294589] [node017:23070:0]         sys.c:719  MXM  WARN  Conflicting CPU frequencies detected, using: 1591.78
[1441195202.308265] [node017:23070:0]         mxm.c:185  MXM  WARN  The 'ulimit -s' on the system is set to 'unlimited'. This may have negative performance implications. Please set the heap size to the default value (10240) 
[1441195202.294645] [node017:23068:0]         sys.c:719  MXM  WARN  Conflicting CPU frequencies detected, using: 1591.78
[1441195202.314536] [node017:23068:0]         mxm.c:185  MXM  WARN  The 'ulimit -s' on the system is set to 'unlimited'. This may have negative performance implications. Please set the heap size to the default value (10240) 
[1441195202.295472] [node017:23069:0]         sys.c:719  MXM  WARN  Conflicting CPU frequencies detected, using: 1591.78
[1441195202.323642] [node017:23069:0]         mxm.c:185  MXM  WARN  The 'ulimit -s' on the system is set to 'unlimited'. This may have negative performance implications. Please set the heap size to the default value (10240) 
[1441195202.295517] [node017:23071:0]         sys.c:719  MXM  WARN  Conflicting CPU frequencies detected, using: 1591.78
[1441195202.320174] [node017:23071:0]         mxm.c:185  MXM  WARN  The 'ulimit -s' on the system is set to 'unlimited'. This may have negative performance implications. Please set the heap size to the default value (10240) 
[1441195202.295698] [node017:23073:0]         sys.c:719  MXM  WARN  Conflicting CPU frequencies detected, using: 1591.78
[1441195202.311269] [node017:23073:0]         mxm.c:185  MXM  WARN  The 'ulimit -s' on the system is set to 'unlimited'. This may have negative performance implications. Please set the heap size to the default value (10240) 
[1441195202.295453] [node017:23072:0]         sys.c:719  MXM  WARN  Conflicting CPU frequencies detected, using: 1591.78
[1441195202.327326] [node017:23072:0]         mxm.c:185  MXM  WARN  The 'ulimit -s' on the system is set to 'unlimited'. This may have negative performance implications. Please set the heap size to the default value (10240) 
[1441195202.296326] [node017:23074:0]         sys.c:719  MXM  WARN  Conflicting CPU frequencies detected, using: 1591.78
[1441195202.313014] [node017:23074:0]         mxm.c:185  MXM  WARN  The 'ulimit -s' on the system is set to 'unlimited'. This may have negative performance implications. Please set the heap size to the default value (10240) 
[1441195202.296178] [node017:23075:0]         sys.c:719  MXM  WARN  Conflicting CPU frequencies detected, using: 1591.78
[1441195202.316016] [node017:23075:0]         mxm.c:185  MXM  WARN  The 'ulimit -s' on the system is set to 'unlimited'. This may have negative performance implications. Please set the heap size to the default value (10240) 
UPCR: UPC thread 1 of 8 on node017 (pshm node 0 of 1, process 1 of 8, pid=23069)
UPCR: UPC thread 2 of 8 on node017 (pshm node 0 of 1, process 2 of 8, pid=23070)
UPCR: UPC thread 3 of 8 on node017 (pshm node 0 of 1, process 3 of 8, pid=23071)
UPCR: UPC thread 6 of 8 on node017 (pshm node 0 of 1, process 6 of 8, pid=23074)
UPCR: UPC thread 7 of 8 on node017 (pshm node 0 of 1, process 7 of 8, pid=23075)
UPCR: UPC thread 5 of 8 on node017 (pshm node 0 of 1, process 5 of 8, pid=23073)
UPCR: UPC thread 0 of 8 on node017 (pshm node 0 of 1, process 0 of 8, pid=23068)
UPCR: UPC thread 4 of 8 on node017 (pshm node 0 of 1, process 4 of 8, pid=23072)
0/8 - htable initialized
0/8 - table size: 8589934592 bytes (8192 MB)
0/8 - total number of buckets: 1073741824
0/8 - block size: 1073741824 (1024 MB)
0/8 - number of buckets in block: 134217728
0/8 - number of blocks: 8
6/8 - Performed a throughput benchmark:
6/8 - Performed 2000000 find-or-put operations with random values from [0,...,10399999]
6/8 - Finds: 975452 (0.487726), Inserts: 1024548 (0.512274), Errors: 0 (0)
6/8 - Execution time: 0.812529 seconds
6/8 - Throughput: 2.46145E+06 ops/sec
5/8 - Performed a throughput benchmark:
5/8 - Performed 2000000 find-or-put operations with random values from [0,...,10399999]
5/8 - Finds: 976097 (0.488048), Inserts: 1023903 (0.511952), Errors: 0 (0)
5/8 - Execution time: 0.815086 seconds
5/8 - Throughput: 2.45373E+06 ops/sec
4/8 - Performed a throughput benchmark:
4/8 - Performed 2000000 find-or-put operations with random values from [0,...,10399999]
4/8 - Finds: 978823 (0.489411), Inserts: 1021177 (0.510589), Errors: 0 (0)
4/8 - Execution time: 0.820145 seconds
4/8 - Throughput: 2.43859E+06 ops/sec
2/8 - Performed a throughput benchmark:
2/8 - Performed 2000000 find-or-put operations with random values from [0,...,10399999]
2/8 - Finds: 974303 (0.487152), Inserts: 1025697 (0.512849), Errors: 0 (0)
2/8 - Execution time: 0.812678 seconds
2/8 - Throughput: 2.461E+06 ops/sec
3/8 - Performed a throughput benchmark:
3/8 - Performed 2000000 find-or-put operations with random values from [0,...,10399999]
3/8 - Finds: 976197 (0.488098), Inserts: 1023803 (0.511902), Errors: 0 (0)
3/8 - Execution time: 0.813364 seconds
3/8 - Throughput: 2.45892E+06 ops/sec
1/8 - Performed a throughput benchmark:
1/8 - Performed 2000000 find-or-put operations with random values from [0,...,10399999]
1/8 - Finds: 981913 (0.490957), Inserts: 1018087 (0.509043), Errors: 0 (0)
1/8 - Execution time: 0.828264 seconds
1/8 - Throughput: 2.41469E+06 ops/sec
0/8 - Performed a throughput benchmark:
0/8 - Performed 2000000 find-or-put operations with random values from [0,...,10399999]
0/8 - Finds: 983353 (0.491677), Inserts: 1016647 (0.508324), Errors: 0 (0)
0/8 - Execution time: 0.822467 seconds
0/8 - Throughput: 2.43171E+06 ops/sec
7/8 - Performed a throughput benchmark:
7/8 - Performed 2000000 find-or-put operations with random values from [0,...,10399999]
7/8 - Finds: 987271 (0.493636), Inserts: 1012729 (0.506364), Errors: 0 (0)
7/8 - Execution time: 0.806812 seconds
7/8 - Throughput: 2.47889E+06 ops/sec
[1441195202.279542] [node017:23023:0]         sys.c:719  MXM  WARN  Conflicting CPU frequencies detected, using: 1584.19
