[1441195372.768102] [node017:24289:0]         sys.c:719  MXM  WARN  Conflicting CPU frequencies detected, using: 1399.97
[1441195372.780109] [node017:24289:0]         mxm.c:185  MXM  WARN  The 'ulimit -s' on the system is set to 'unlimited'. This may have negative performance implications. Please set the heap size to the default value (10240) 
[1441195372.768383] [node017:24290:0]         sys.c:719  MXM  WARN  Conflicting CPU frequencies detected, using: 1399.97
[1441195372.780873] [node017:24290:0]         mxm.c:185  MXM  WARN  The 'ulimit -s' on the system is set to 'unlimited'. This may have negative performance implications. Please set the heap size to the default value (10240) 
[1441195372.768056] [node017:24287:0]         sys.c:719  MXM  WARN  Conflicting CPU frequencies detected, using: 1399.97
[1441195372.782622] [node017:24287:0]         mxm.c:185  MXM  WARN  The 'ulimit -s' on the system is set to 'unlimited'. This may have negative performance implications. Please set the heap size to the default value (10240) 
[1441195372.768145] [node017:24288:0]         sys.c:719  MXM  WARN  Conflicting CPU frequencies detected, using: 1399.97
[1441195372.781840] [node017:24288:0]         mxm.c:185  MXM  WARN  The 'ulimit -s' on the system is set to 'unlimited'. This may have negative performance implications. Please set the heap size to the default value (10240) 
[1441195373.001979] [node018:22446:0]         sys.c:719  MXM  WARN  Conflicting CPU frequencies detected, using: 2098.22
[1441195373.014973] [node018:22446:0]         mxm.c:185  MXM  WARN  The 'ulimit -s' on the system is set to 'unlimited'. This may have negative performance implications. Please set the heap size to the default value (10240) 
[1441195373.002185] [node018:22444:0]         sys.c:719  MXM  WARN  Conflicting CPU frequencies detected, using: 2098.22
[1441195373.011935] [node018:22444:0]         mxm.c:185  MXM  WARN  The 'ulimit -s' on the system is set to 'unlimited'. This may have negative performance implications. Please set the heap size to the default value (10240) 
[1441195373.002626] [node018:22447:0]         sys.c:719  MXM  WARN  Conflicting CPU frequencies detected, using: 2098.22
[1441195373.013452] [node018:22447:0]         mxm.c:185  MXM  WARN  The 'ulimit -s' on the system is set to 'unlimited'. This may have negative performance implications. Please set the heap size to the default value (10240) 
[1441195373.006875] [node018:22445:0]         sys.c:719  MXM  WARN  Conflicting CPU frequencies detected, using: 2199.56
[1441195373.016714] [node018:22445:0]         mxm.c:185  MXM  WARN  The 'ulimit -s' on the system is set to 'unlimited'. This may have negative performance implications. Please set the heap size to the default value (10240) 
[1441195373.011056] [node019:22632:0]         sys.c:719  MXM  WARN  Conflicting CPU frequencies detected, using: 2199.09
[1441195373.013763] [node019:22632:0]         mxm.c:185  MXM  WARN  The 'ulimit -s' on the system is set to 'unlimited'. This may have negative performance implications. Please set the heap size to the default value (10240) 
[1441195373.006308] [node019:22624:0]         sys.c:719  MXM  WARN  Conflicting CPU frequencies detected, using: 2199.09
[1441195373.009599] [node019:22624:0]         mxm.c:185  MXM  WARN  The 'ulimit -s' on the system is set to 'unlimited'. This may have negative performance implications. Please set the heap size to the default value (10240) 
[1441195373.011300] [node019:22622:0]         sys.c:719  MXM  WARN  Conflicting CPU frequencies detected, using: 2199.09
[1441195373.014564] [node019:22622:0]         mxm.c:185  MXM  WARN  The 'ulimit -s' on the system is set to 'unlimited'. This may have negative performance implications. Please set the heap size to the default value (10240) 
[1441195373.011966] [node019:22625:0]         sys.c:719  MXM  WARN  Conflicting CPU frequencies detected, using: 2199.09
[1441195373.016249] [node019:22625:0]         mxm.c:185  MXM  WARN  The 'ulimit -s' on the system is set to 'unlimited'. This may have negative performance implications. Please set the heap size to the default value (10240) 
[1441195373.000796] [node020:21368:0]         sys.c:719  MXM  WARN  Conflicting CPU frequencies detected, using: 2199.56
[1441195373.006175] [node020:21368:0]         mxm.c:185  MXM  WARN  The 'ulimit -s' on the system is set to 'unlimited'. This may have negative performance implications. Please set the heap size to the default value (10240) 
[1441195373.003667] [node020:21358:0]         sys.c:719  MXM  WARN  Conflicting CPU frequencies detected, using: 2199.56
[1441195373.009946] [node020:21358:0]         mxm.c:185  MXM  WARN  The 'ulimit -s' on the system is set to 'unlimited'. This may have negative performance implications. Please set the heap size to the default value (10240) 
[1441195373.006418] [node020:21360:0]         sys.c:719  MXM  WARN  Conflicting CPU frequencies detected, using: 2199.56
[1441195373.014060] [node020:21360:0]         mxm.c:185  MXM  WARN  The 'ulimit -s' on the system is set to 'unlimited'. This may have negative performance implications. Please set the heap size to the default value (10240) 
[1441195373.008537] [node020:21359:0]         sys.c:719  MXM  WARN  Conflicting CPU frequencies detected, using: 2199.56
[1441195373.019147] [node020:21359:0]         mxm.c:185  MXM  WARN  The 'ulimit -s' on the system is set to 'unlimited'. This may have negative performance implications. Please set the heap size to the default value (10240) 
UPCR: UPC thread  2 of 16 on node017 (pshm node 0 of 4, process  2 of 16, pid=24289)
UPCR: UPC thread  0 of 16 on node017 (pshm node 0 of 4, process  0 of 16, pid=24287)
UPCR: UPC thread  3 of 16 on node017 (pshm node 0 of 4, process  3 of 16, pid=24290)
UPCR: UPC thread  1 of 16 on node017 (pshm node 0 of 4, process  1 of 16, pid=24288)
UPCR: UPC thread  8 of 16 on node019 (pshm node 2 of 4, process  8 of 16, pid=22624)
UPCR: UPC thread  9 of 16 on node019 (pshm node 2 of 4, process  9 of 16, pid=22632)
UPCR: UPC thread 11 of 16 on node019 (pshm node 2 of 4, process 11 of 16, pid=22622)
UPCR: UPC thread 14 of 16 on node020 (pshm node 3 of 4, process 14 of 16, pid=21368)
UPCR: UPC thread 12 of 16 on node020 (pshm node 3 of 4, process 12 of 16, pid=21359)
UPCR: UPC thread 15 of 16 on node020 (pshm node 3 of 4, process 15 of 16, pid=21358)
UPCR: UPC thread  5 of 16 on node018 (pshm node 1 of 4, process  5 of 16, pid=22445)
UPCR: UPC thread 13 of 16 on node020 (pshm node 3 of 4, process 13 of 16, pid=21360)
UPCR: UPC thread 10 of 16 on node019 (pshm node 2 of 4, process 10 of 16, pid=22625)
UPCR: UPC thread  4 of 16 on node018 (pshm node 1 of 4, process  4 of 16, pid=22447)
UPCR: UPC thread  6 of 16 on node018 (pshm node 1 of 4, process  6 of 16, pid=22444)
UPCR: UPC thread  7 of 16 on node018 (pshm node 1 of 4, process  7 of 16, pid=22446)
0/16 - htable initialized
0/16 - table size: 17179869184 bytes (16384 MB)
0/16 - total number of buckets: 2147483648
0/16 - block size: 1073741824 (1024 MB)
0/16 - number of buckets in block: 134217728
0/16 - number of blocks: 16
0/16 - Performed a throughput benchmark:
0/16 - Performed 2000000 find-or-put operations with random values from [0,...,20799999]
0/16 - Finds: 980266 (0.490133), Inserts: 1019734 (0.509867), Errors: 0 (0)
0/16 - Execution time: 5.77823 seconds
0/16 - Throughput: 346127 ops/sec
5/16 - Performed a throughput benchmark:
5/16 - Performed 2000000 find-or-put operations with random values from [0,...,20799999]
5/16 - Finds: 978122 (0.489061), Inserts: 1021878 (0.510939), Errors: 0 (0)
5/16 - Execution time: 5.77708 seconds
5/16 - Throughput: 346196 ops/sec
4/16 - Performed a throughput benchmark:
4/16 - Performed 2000000 find-or-put operations with random values from [0,...,20799999]
4/16 - Finds: 976403 (0.488202), Inserts: 1023597 (0.511799), Errors: 0 (0)
4/16 - Execution time: 5.78121 seconds
4/16 - Throughput: 345949 ops/sec
10/16 - Performed a throughput benchmark:
10/16 - Performed 2000000 find-or-put operations with random values from [0,...,20799999]
10/16 - Finds: 976818 (0.488409), Inserts: 1023182 (0.511591), Errors: 0 (0)
10/16 - Execution time: 5.78889 seconds
10/16 - Throughput: 345489 ops/sec
11/16 - Performed a throughput benchmark:
11/16 - Performed 2000000 find-or-put operations with random values from [0,...,20799999]
11/16 - Finds: 976313 (0.488156), Inserts: 1023687 (0.511844), Errors: 0 (0)
11/16 - Execution time: 5.78379 seconds
11/16 - Throughput: 345794 ops/sec
2/16 - Performed a throughput benchmark:
2/16 - Performed 2000000 find-or-put operations with random values from [0,...,20799999]
2/16 - Finds: 980215 (0.490107), Inserts: 1019785 (0.509892), Errors: 0 (0)
2/16 - Execution time: 5.78391 seconds
2/16 - Throughput: 345787 ops/sec
3/16 - Performed a throughput benchmark:
3/16 - Performed 2000000 find-or-put operations with random values from [0,...,20799999]
3/16 - Finds: 978703 (0.489351), Inserts: 1021297 (0.510648), Errors: 0 (0)
3/16 - Execution time: 5.78671 seconds
3/16 - Throughput: 345619 ops/sec
9/16 - Performed a throughput benchmark:
9/16 - Performed 2000000 find-or-put operations with random values from [0,...,20799999]
9/16 - Finds: 978708 (0.489354), Inserts: 1021292 (0.510646), Errors: 0 (0)
9/16 - Execution time: 5.78583 seconds
9/16 - Throughput: 345672 ops/sec
7/16 - Performed a throughput benchmark:
7/16 - Performed 2000000 find-or-put operations with random values from [0,...,20799999]
7/16 - Finds: 979397 (0.489698), Inserts: 1020603 (0.510301), Errors: 0 (0)
7/16 - Execution time: 5.79141 seconds
7/16 - Throughput: 345339 ops/sec
8/16 - Performed a throughput benchmark:
8/16 - Performed 2000000 find-or-put operations with random values from [0,...,20799999]
8/16 - Finds: 979133 (0.489567), Inserts: 1020867 (0.510433), Errors: 0 (0)
8/16 - Execution time: 5.79413 seconds
8/16 - Throughput: 345177 ops/sec
13/16 - Performed a throughput benchmark:
13/16 - Performed 2000000 find-or-put operations with random values from [0,...,20799999]
13/16 - Finds: 979001 (0.489501), Inserts: 1020999 (0.510499), Errors: 0 (0)
13/16 - Execution time: 5.79181 seconds
13/16 - Throughput: 345315 ops/sec
6/16 - Performed a throughput benchmark:
6/16 - Performed 2000000 find-or-put operations with random values from [0,...,20799999]
6/16 - Finds: 977006 (0.488503), Inserts: 1022994 (0.511497), Errors: 0 (0)
6/16 - Execution time: 5.79483 seconds
6/16 - Throughput: 345135 ops/sec
14/16 - Performed a throughput benchmark:
14/16 - Performed 2000000 find-or-put operations with random values from [0,...,20799999]
14/16 - Finds: 978527 (0.489264), Inserts: 1021473 (0.510737), Errors: 0 (0)
14/16 - Execution time: 5.79247 seconds
14/16 - Throughput: 345276 ops/sec
12/16 - Performed a throughput benchmark:
12/16 - Performed 2000000 find-or-put operations with random values from [0,...,20799999]
12/16 - Finds: 977886 (0.488943), Inserts: 1022114 (0.511057), Errors: 0 (0)
12/16 - Execution time: 5.79305 seconds
12/16 - Throughput: 345241 ops/sec
15/16 - Performed a throughput benchmark:
15/16 - Performed 2000000 find-or-put operations with random values from [0,...,20799999]
15/16 - Finds: 978850 (0.489425), Inserts: 1021150 (0.510575), Errors: 0 (0)
15/16 - Execution time: 5.79045 seconds
15/16 - Throughput: 345396 ops/sec
1/16 - Performed a throughput benchmark:
1/16 - Performed 2000000 find-or-put operations with random values from [0,...,20799999]
1/16 - Finds: 991920 (0.49596), Inserts: 1008080 (0.50404), Errors: 0 (0)
1/16 - Execution time: 5.91563 seconds
1/16 - Throughput: 338087 ops/sec
[1441195372.752997] [node017:24242:0]         sys.c:719  MXM  WARN  Conflicting CPU frequencies detected, using: 1324.22
