[1441196815.950156] [node008:14235:0]         sys.c:719  MXM  WARN  Conflicting CPU frequencies detected, using: 1299.09
[1441196815.957782] [node008:14235:0]         mxm.c:185  MXM  WARN  The 'ulimit -s' on the system is set to 'unlimited'. This may have negative performance implications. Please set the heap size to the default value (10240) 
[1441196816.198823] [node032:17198:0]         sys.c:719  MXM  WARN  Conflicting CPU frequencies detected, using: 1400.16
[1441196816.204586] [node032:17198:0]         mxm.c:185  MXM  WARN  The 'ulimit -s' on the system is set to 'unlimited'. This may have negative performance implications. Please set the heap size to the default value (10240) 
[1441196816.207192] [node013:11344:0]         sys.c:719  MXM  WARN  Conflicting CPU frequencies detected, using: 1463.72
[1441196816.213051] [node013:11344:0]         mxm.c:185  MXM  WARN  The 'ulimit -s' on the system is set to 'unlimited'. This may have negative performance implications. Please set the heap size to the default value (10240) 
[1441196816.226813] [node009:11165:0]         sys.c:719  MXM  WARN  Conflicting CPU frequencies detected, using: 1381.88
[1441196816.232587] [node009:11165:0]         mxm.c:185  MXM  WARN  The 'ulimit -s' on the system is set to 'unlimited'. This may have negative performance implications. Please set the heap size to the default value (10240) 
[1441196816.233459] [node031:17632:0]         sys.c:719  MXM  WARN  Conflicting CPU frequencies detected, using: 1499.06
[1441196816.239006] [node031:17632:0]         mxm.c:185  MXM  WARN  The 'ulimit -s' on the system is set to 'unlimited'. This may have negative performance implications. Please set the heap size to the default value (10240) 
[1441196816.230561] [node015:8508 :0]         sys.c:719  MXM  WARN  Conflicting CPU frequencies detected, using: 1435.59
[1441196816.236462] [node015:8508 :0]         mxm.c:185  MXM  WARN  The 'ulimit -s' on the system is set to 'unlimited'. This may have negative performance implications. Please set the heap size to the default value (10240) 
[1441196816.198552] [node035:17557:0]         sys.c:719  MXM  WARN  Conflicting CPU frequencies detected, using: 1395.84
[1441196816.202290] [node035:17557:0]         mxm.c:185  MXM  WARN  The 'ulimit -s' on the system is set to 'unlimited'. This may have negative performance implications. Please set the heap size to the default value (10240) 
[1441196816.193754] [node030:20441:0]         sys.c:719  MXM  WARN  Conflicting CPU frequencies detected, using: 1595.53
[1441196816.199607] [node030:20441:0]         mxm.c:185  MXM  WARN  The 'ulimit -s' on the system is set to 'unlimited'. This may have negative performance implications. Please set the heap size to the default value (10240) 
[1441196816.248647] [node034:16992:0]         sys.c:719  MXM  WARN  Conflicting CPU frequencies detected, using: 1398.28
[1441196816.254689] [node034:16992:0]         mxm.c:185  MXM  WARN  The 'ulimit -s' on the system is set to 'unlimited'. This may have negative performance implications. Please set the heap size to the default value (10240) 
[1441196816.259758] [node054:24426:0]         sys.c:719  MXM  WARN  Conflicting CPU frequencies detected, using: 1498.59
[1441196816.265747] [node054:24426:0]         mxm.c:185  MXM  WARN  The 'ulimit -s' on the system is set to 'unlimited'. This may have negative performance implications. Please set the heap size to the default value (10240) 
[1441196816.263187] [node053:3195 :0]         sys.c:719  MXM  WARN  Conflicting CPU frequencies detected, using: 1493.53
[1441196816.268897] [node053:3195 :0]         mxm.c:185  MXM  WARN  The 'ulimit -s' on the system is set to 'unlimited'. This may have negative performance implications. Please set the heap size to the default value (10240) 
[1441196816.265418] [node064:24526:0]         sys.c:719  MXM  WARN  Conflicting CPU frequencies detected, using: 1414.88
[1441196816.271332] [node064:24526:0]         mxm.c:185  MXM  WARN  The 'ulimit -s' on the system is set to 'unlimited'. This may have negative performance implications. Please set the heap size to the default value (10240) 
[1441196816.266554] [node041:17165:0]         sys.c:719  MXM  WARN  Conflicting CPU frequencies detected, using: 1398.38
[1441196816.272195] [node041:17165:0]         mxm.c:185  MXM  WARN  The 'ulimit -s' on the system is set to 'unlimited'. This may have negative performance implications. Please set the heap size to the default value (10240) 
[1441196816.266683] [node044:17071:0]         sys.c:719  MXM  WARN  Conflicting CPU frequencies detected, using: 1495.41
[1441196816.272785] [node044:17071:0]         mxm.c:185  MXM  WARN  The 'ulimit -s' on the system is set to 'unlimited'. This may have negative performance implications. Please set the heap size to the default value (10240) 
[1441196816.287868] [node038:17311:0]         sys.c:719  MXM  WARN  Conflicting CPU frequencies detected, using: 1398.84
[1441196816.293593] [node038:17311:0]         mxm.c:185  MXM  WARN  The 'ulimit -s' on the system is set to 'unlimited'. This may have negative performance implications. Please set the heap size to the default value (10240) 
[1441196816.274305] [node063:24610:0]         sys.c:719  MXM  WARN  Conflicting CPU frequencies detected, using: 1587.94
[1441196816.277795] [node063:24610:0]         mxm.c:185  MXM  WARN  The 'ulimit -s' on the system is set to 'unlimited'. This may have negative performance implications. Please set the heap size to the default value (10240) 
[1441196816.259827] [node061:24522:0]         sys.c:719  MXM  WARN  Conflicting CPU frequencies detected, using: 1496.62
[1441196816.263288] [node061:24522:0]         mxm.c:185  MXM  WARN  The 'ulimit -s' on the system is set to 'unlimited'. This may have negative performance implications. Please set the heap size to the default value (10240) 
[1441196816.260168] [node043:17138:0]         sys.c:719  MXM  WARN  Conflicting CPU frequencies detected, using: 1699.22
[1441196816.265711] [node043:17138:0]         mxm.c:185  MXM  WARN  The 'ulimit -s' on the system is set to 'unlimited'. This may have negative performance implications. Please set the heap size to the default value (10240) 
[1441196816.268931] [node056:24408:0]         sys.c:719  MXM  WARN  Conflicting CPU frequencies detected, using: 2090.53
[1441196816.274869] [node056:24408:0]         mxm.c:185  MXM  WARN  The 'ulimit -s' on the system is set to 'unlimited'. This may have negative performance implications. Please set the heap size to the default value (10240) 
[1441196816.283861] [node058:24929:0]         sys.c:719  MXM  WARN  Conflicting CPU frequencies detected, using: 2339.81
[1441196816.288021] [node058:24929:0]         mxm.c:185  MXM  WARN  The 'ulimit -s' on the system is set to 'unlimited'. This may have negative performance implications. Please set the heap size to the default value (10240) 
[1441196816.280256] [node062:24549:0]         sys.c:719  MXM  WARN  Conflicting CPU frequencies detected, using: 2384.44
[1441196816.286399] [node062:24549:0]         mxm.c:185  MXM  WARN  The 'ulimit -s' on the system is set to 'unlimited'. This may have negative performance implications. Please set the heap size to the default value (10240) 
[1441196816.258974] [node067:24783:0]         sys.c:719  MXM  WARN  Conflicting CPU frequencies detected, using: 2624.25
[1441196816.265433] [node067:24783:0]         mxm.c:185  MXM  WARN  The 'ulimit -s' on the system is set to 'unlimited'. This may have negative performance implications. Please set the heap size to the default value (10240) 
[1441196816.225430] [node014:10841:0]         sys.c:719  MXM  WARN  Conflicting CPU frequencies detected, using: 1397.72
[1441196816.229142] [node014:10841:0]         mxm.c:185  MXM  WARN  The 'ulimit -s' on the system is set to 'unlimited'. This may have negative performance implications. Please set the heap size to the default value (10240) 
[1441196816.277463] [node011:11076:0]         sys.c:719  MXM  WARN  Conflicting CPU frequencies detected, using: 1593.38
[1441196816.283533] [node011:11076:0]         mxm.c:185  MXM  WARN  The 'ulimit -s' on the system is set to 'unlimited'. This may have negative performance implications. Please set the heap size to the default value (10240) 
[1441196816.278143] [node039:17412:0]         sys.c:719  MXM  WARN  Conflicting CPU frequencies detected, using: 1494.38
[1441196816.284183] [node039:17412:0]         mxm.c:185  MXM  WARN  The 'ulimit -s' on the system is set to 'unlimited'. This may have negative performance implications. Please set the heap size to the default value (10240) 
[1441196816.237999] [node036:17602:0]         sys.c:719  MXM  WARN  Conflicting CPU frequencies detected, using: 1498.03
[1441196816.241675] [node036:17602:0]         mxm.c:185  MXM  WARN  The 'ulimit -s' on the system is set to 'unlimited'. This may have negative performance implications. Please set the heap size to the default value (10240) 
[1441196816.272897] [node059:24877:0]         sys.c:719  MXM  WARN  Conflicting CPU frequencies detected, using: 2380.22
[1441196816.276587] [node059:24877:0]         mxm.c:185  MXM  WARN  The 'ulimit -s' on the system is set to 'unlimited'. This may have negative performance implications. Please set the heap size to the default value (10240) 
[1441196816.281965] [node045:17374:0]         sys.c:719  MXM  WARN  Conflicting CPU frequencies detected, using: 1597.31
[1441196816.288077] [node045:17374:0]         mxm.c:185  MXM  WARN  The 'ulimit -s' on the system is set to 'unlimited'. This may have negative performance implications. Please set the heap size to the default value (10240) 
[1441196816.269084] [node068:24904:0]         sys.c:719  MXM  WARN  Conflicting CPU frequencies detected, using: 2399.91
[1441196816.275442] [node068:24904:0]         mxm.c:185  MXM  WARN  The 'ulimit -s' on the system is set to 'unlimited'. This may have negative performance implications. Please set the heap size to the default value (10240) 
[1441196816.273636] [node065:24954:0]         sys.c:719  MXM  WARN  Conflicting CPU frequencies detected, using: 2399.91
[1441196816.277841] [node065:24954:0]         mxm.c:185  MXM  WARN  The 'ulimit -s' on the system is set to 'unlimited'. This may have negative performance implications. Please set the heap size to the default value (10240) 
[1441196816.283622] [node040:17192:0]         sys.c:719  MXM  WARN  Conflicting CPU frequencies detected, using: 1441.88
[1441196816.289519] [node040:17192:0]         mxm.c:185  MXM  WARN  The 'ulimit -s' on the system is set to 'unlimited'. This may have negative performance implications. Please set the heap size to the default value (10240) 
[1441196816.234214] [node033:17638:0]         sys.c:719  MXM  WARN  Conflicting CPU frequencies detected, using: 1498.50
[1441196816.239777] [node033:17638:0]         mxm.c:185  MXM  WARN  The 'ulimit -s' on the system is set to 'unlimited'. This may have negative performance implications. Please set the heap size to the default value (10240) 
[1441196816.252683] [node037:17460:0]         sys.c:719  MXM  WARN  Conflicting CPU frequencies detected, using: 1584.19
[1441196816.256323] [node037:17460:0]         mxm.c:185  MXM  WARN  The 'ulimit -s' on the system is set to 'unlimited'. This may have negative performance implications. Please set the heap size to the default value (10240) 
[1441196816.285558] [node066:24908:0]         sys.c:719  MXM  WARN  Conflicting CPU frequencies detected, using: 2505.56
[1441196816.292343] [node066:24908:0]         mxm.c:185  MXM  WARN  The 'ulimit -s' on the system is set to 'unlimited'. This may have negative performance implications. Please set the heap size to the default value (10240) 
[1441196816.243789] [node010:11071:0]         sys.c:719  MXM  WARN  Conflicting CPU frequencies detected, using: 1496.72
[1441196816.247784] [node010:11071:0]         mxm.c:185  MXM  WARN  The 'ulimit -s' on the system is set to 'unlimited'. This may have negative performance implications. Please set the heap size to the default value (10240) 
[1441196816.288167] [node012:11251:0]         sys.c:719  MXM  WARN  Conflicting CPU frequencies detected, using: 1586.53
[1441196816.294512] [node012:11251:0]         mxm.c:185  MXM  WARN  The 'ulimit -s' on the system is set to 'unlimited'. This may have negative performance implications. Please set the heap size to the default value (10240) 
[1441196816.288656] [node042:17332:0]         sys.c:719  MXM  WARN  Conflicting CPU frequencies detected, using: 1628.06
[1441196816.294002] [node042:17332:0]         mxm.c:185  MXM  WARN  The 'ulimit -s' on the system is set to 'unlimited'. This may have negative performance implications. Please set the heap size to the default value (10240) 
[1441196816.267012] [node057:24635:0]         sys.c:719  MXM  WARN  Conflicting CPU frequencies detected, using: 2375.16
[1441196816.271256] [node057:24635:0]         mxm.c:185  MXM  WARN  The 'ulimit -s' on the system is set to 'unlimited'. This may have negative performance implications. Please set the heap size to the default value (10240) 
[1441196816.280882] [node055:24343:0]         sys.c:719  MXM  WARN  Conflicting CPU frequencies detected, using: 2400.00
[1441196816.286668] [node055:24343:0]         mxm.c:185  MXM  WARN  The 'ulimit -s' on the system is set to 'unlimited'. This may have negative performance implications. Please set the heap size to the default value (10240) 
[1441196816.270846] [node060:24941:0]         sys.c:719  MXM  WARN  Conflicting CPU frequencies detected, using: 2399.91
[1441196816.274938] [node060:24941:0]         mxm.c:185  MXM  WARN  The 'ulimit -s' on the system is set to 'unlimited'. This may have negative performance implications. Please set the heap size to the default value (10240) 
UPCR: UPC thread  0 of 40 on node008 (pshm node  0 of 40, process  0 of 40, pid=14235)
UPCR: UPC thread 30 of 40 on node059 (pshm node 30 of 40, process 30 of 40, pid=24877)
UPCR: UPC thread 37 of 40 on node066 (pshm node 37 of 40, process 37 of 40, pid=24908)
UPCR: UPC thread 32 of 40 on node061 (pshm node 32 of 40, process 32 of 40, pid=24522)
UPCR: UPC thread 23 of 40 on node045 (pshm node 23 of 40, process 23 of 40, pid=17374)
UPCR: UPC thread 15 of 40 on node037 (pshm node 15 of 40, process 15 of 40, pid=17460)
UPCR: UPC thread 14 of 40 on node036 (pshm node 14 of 40, process 14 of 40, pid=17602)
UPCR: UPC thread  6 of 40 on node014 (pshm node  6 of 40, process  6 of 40, pid=10841)
UPCR: UPC thread 22 of 40 on node044 (pshm node 22 of 40, process 22 of 40, pid=17071)
UPCR: UPC thread 12 of 40 on node034 (pshm node 12 of 40, process 12 of 40, pid=16992)
UPCR: UPC thread 36 of 40 on node065 (pshm node 36 of 40, process 36 of 40, pid=24954)
UPCR: UPC thread 38 of 40 on node067 (pshm node 38 of 40, process 38 of 40, pid=24783)
UPCR: UPC thread  9 of 40 on node031 (pshm node  9 of 40, process  9 of 40, pid=17632)
UPCR: UPC thread  5 of 40 on node013 (pshm node  5 of 40, process  5 of 40, pid=11344)
UPCR: UPC thread 26 of 40 on node055 (pshm node 26 of 40, process 26 of 40, pid=24343)
UPCR: UPC thread 17 of 40 on node039 (pshm node 17 of 40, process 17 of 40, pid=17412)
UPCR: UPC thread 28 of 40 on node057 (pshm node 28 of 40, process 28 of 40, pid=24635)
UPCR: UPC thread 13 of 40 on node035 (pshm node 13 of 40, process 13 of 40, pid=17557)
UPCR: UPC thread 31 of 40 on node060 (pshm node 31 of 40, process 31 of 40, pid=24941)
UPCR: UPC thread 21 of 40 on node043 (pshm node 21 of 40, process 21 of 40, pid=17138)
UPCR: UPC thread 16 of 40 on node038 (pshm node 16 of 40, process 16 of 40, pid=17311)
UPCR: UPC thread 33 of 40 on node062 (pshm node 33 of 40, process 33 of 40, pid=24549)
UPCR: UPC thread 19 of 40 on node041 (pshm node 19 of 40, process 19 of 40, pid=17165)
UPCR: UPC thread 27 of 40 on node056 (pshm node 27 of 40, process 27 of 40, pid=24408)
UPCR: UPC thread 10 of 40 on node032 (pshm node 10 of 40, process 10 of 40, pid=17198)
UPCR: UPC thread  4 of 40 on node012 (pshm node  4 of 40, process  4 of 40, pid=11251)
UPCR: UPC thread 24 of 40 on node053 (pshm node 24 of 40, process 24 of 40, pid=3195)
UPCR: UPC thread  8 of 40 on node030 (pshm node  8 of 40, process  8 of 40, pid=20441)
UPCR: UPC thread  1 of 40 on node009 (pshm node  1 of 40, process  1 of 40, pid=11165)
UPCR: UPC thread 35 of 40 on node064 (pshm node 35 of 40, process 35 of 40, pid=24526)
UPCR: UPC thread 39 of 40 on node068 (pshm node 39 of 40, process 39 of 40, pid=24904)
UPCR: UPC thread 18 of 40 on node040 (pshm node 18 of 40, process 18 of 40, pid=17192)
UPCR: UPC thread 20 of 40 on node042 (pshm node 20 of 40, process 20 of 40, pid=17332)
UPCR: UPC thread 29 of 40 on node058 (pshm node 29 of 40, process 29 of 40, pid=24929)
UPCR: UPC thread 11 of 40 on node033 (pshm node 11 of 40, process 11 of 40, pid=17638)
UPCR: UPC thread  3 of 40 on node011 (pshm node  3 of 40, process  3 of 40, pid=11076)
UPCR: UPC thread  7 of 40 on node015 (pshm node  7 of 40, process  7 of 40, pid=8508)
UPCR: UPC thread 34 of 40 on node063 (pshm node 34 of 40, process 34 of 40, pid=24610)
UPCR: UPC thread 25 of 40 on node054 (pshm node 25 of 40, process 25 of 40, pid=24426)
UPCR: UPC thread  2 of 40 on node010 (pshm node  2 of 40, process  2 of 40, pid=11071)
0/40 - htable initialized
0/40 - table size: 42949672960 bytes (40960 MB)
0/40 - total number of buckets: 5368709120
0/40 - block size: 1073741824 (1024 MB)
0/40 - number of buckets in block: 134217728
0/40 - number of blocks: 40
29/40 - Performed a throughput benchmark:
29/40 - Performed 2000000 find-or-put operations with random values from [0,...,51999999]
29/40 - Finds: 972865 (0.486432), Inserts: 1027135 (0.513567), Errors: 0 (0)
29/40 - Execution time: 7.37048 seconds
29/40 - Throughput: 271353 ops/sec
24/40 - Performed a throughput benchmark:
24/40 - Performed 2000000 find-or-put operations with random values from [0,...,51999999]
24/40 - Finds: 973226 (0.486613), Inserts: 1026774 (0.513387), Errors: 0 (0)
24/40 - Execution time: 7.37426 seconds
24/40 - Throughput: 271214 ops/sec
19/40 - Performed a throughput benchmark:
19/40 - Performed 2000000 find-or-put operations with random values from [0,...,51999999]
19/40 - Finds: 972721 (0.48636), Inserts: 1027279 (0.51364), Errors: 0 (0)
19/40 - Execution time: 7.3681 seconds
19/40 - Throughput: 271440 ops/sec
22/40 - Performed a throughput benchmark:
22/40 - Performed 2000000 find-or-put operations with random values from [0,...,51999999]
22/40 - Finds: 973246 (0.486623), Inserts: 1026754 (0.513377), Errors: 0 (0)
22/40 - Execution time: 7.37104 seconds
22/40 - Throughput: 271332 ops/sec
9/40 - Performed a throughput benchmark:
9/40 - Performed 2000000 find-or-put operations with random values from [0,...,51999999]
9/40 - Finds: 973486 (0.486743), Inserts: 1026514 (0.513257), Errors: 0 (0)
9/40 - Execution time: 7.38479 seconds
9/40 - Throughput: 270827 ops/sec
8/40 - Performed a throughput benchmark:
8/40 - Performed 2000000 find-or-put operations with random values from [0,...,51999999]
8/40 - Finds: 972148 (0.486074), Inserts: 1027852 (0.513926), Errors: 0 (0)
8/40 - Execution time: 7.36782 seconds
8/40 - Throughput: 271451 ops/sec
18/40 - Performed a throughput benchmark:
18/40 - Performed 2000000 find-or-put operations with random values from [0,...,51999999]
18/40 - Finds: 973881 (0.48694), Inserts: 1026119 (0.51306), Errors: 0 (0)
18/40 - Execution time: 7.37797 seconds
18/40 - Throughput: 271077 ops/sec
23/40 - Performed a throughput benchmark:
23/40 - Performed 2000000 find-or-put operations with random values from [0,...,51999999]
23/40 - Finds: 971562 (0.485781), Inserts: 1028438 (0.514219), Errors: 0 (0)
23/40 - Execution time: 7.3734 seconds
23/40 - Throughput: 271245 ops/sec
20/40 - Performed a throughput benchmark:
20/40 - Performed 2000000 find-or-put operations with random values from [0,...,51999999]
20/40 - Finds: 973047 (0.486523), Inserts: 1026953 (0.513477), Errors: 0 (0)
20/40 - Execution time: 7.37505 seconds
20/40 - Throughput: 271184 ops/sec
28/40 - Performed a throughput benchmark:
28/40 - Performed 2000000 find-or-put operations with random values from [0,...,51999999]
28/40 - Finds: 971717 (0.485859), Inserts: 1028283 (0.514142), Errors: 0 (0)
28/40 - Execution time: 7.36732 seconds
28/40 - Throughput: 271469 ops/sec
15/40 - Performed a throughput benchmark:
15/40 - Performed 2000000 find-or-put operations with random values from [0,...,51999999]
15/40 - Finds: 972508 (0.486254), Inserts: 1027492 (0.513746), Errors: 0 (0)
15/40 - Execution time: 7.38097 seconds
15/40 - Throughput: 270967 ops/sec
13/40 - Performed a throughput benchmark:
13/40 - Performed 2000000 find-or-put operations with random values from [0,...,51999999]
13/40 - Finds: 974070 (0.487035), Inserts: 1025930 (0.512965), Errors: 0 (0)
13/40 - Execution time: 7.3813 seconds
13/40 - Throughput: 270955 ops/sec
12/40 - Performed a throughput benchmark:
12/40 - Performed 2000000 find-or-put operations with random values from [0,...,51999999]
12/40 - Finds: 971906 (0.485953), Inserts: 1028094 (0.514047), Errors: 0 (0)
12/40 - Execution time: 7.36666 seconds
12/40 - Throughput: 271494 ops/sec
16/40 - Performed a throughput benchmark:
16/40 - Performed 2000000 find-or-put operations with random values from [0,...,51999999]
16/40 - Finds: 974834 (0.487417), Inserts: 1025166 (0.512583), Errors: 0 (0)
16/40 - Execution time: 7.37912 seconds
16/40 - Throughput: 271035 ops/sec
17/40 - Performed a throughput benchmark:
17/40 - Performed 2000000 find-or-put operations with random values from [0,...,51999999]
17/40 - Finds: 973435 (0.486718), Inserts: 1026565 (0.513282), Errors: 0 (0)
17/40 - Execution time: 7.37305 seconds
17/40 - Throughput: 271258 ops/sec
11/40 - Performed a throughput benchmark:
11/40 - Performed 2000000 find-or-put operations with random values from [0,...,51999999]
11/40 - Finds: 973246 (0.486623), Inserts: 1026754 (0.513377), Errors: 0 (0)
11/40 - Execution time: 7.37623 seconds
11/40 - Throughput: 271141 ops/sec
14/40 - Performed a throughput benchmark:
14/40 - Performed 2000000 find-or-put operations with random values from [0,...,51999999]
14/40 - Finds: 973697 (0.486849), Inserts: 1026303 (0.513151), Errors: 0 (0)
14/40 - Execution time: 7.373 seconds
14/40 - Throughput: 271260 ops/sec
34/40 - Performed a throughput benchmark:
34/40 - Performed 2000000 find-or-put operations with random values from [0,...,51999999]
34/40 - Finds: 974174 (0.487087), Inserts: 1025826 (0.512913), Errors: 0 (0)
34/40 - Execution time: 7.38464 seconds
34/40 - Throughput: 270832 ops/sec
10/40 - Performed a throughput benchmark:
10/40 - Performed 2000000 find-or-put operations with random values from [0,...,51999999]
10/40 - Finds: 972569 (0.486285), Inserts: 1027431 (0.513715), Errors: 0 (0)
10/40 - Execution time: 7.37895 seconds
10/40 - Throughput: 271041 ops/sec
32/40 - Performed a throughput benchmark:
32/40 - Performed 2000000 find-or-put operations with random values from [0,...,51999999]
32/40 - Finds: 974590 (0.487295), Inserts: 1025410 (0.512705), Errors: 0 (0)
32/40 - Execution time: 7.38587 seconds
32/40 - Throughput: 270787 ops/sec
30/40 - Performed a throughput benchmark:
30/40 - Performed 2000000 find-or-put operations with random values from [0,...,51999999]
30/40 - Finds: 973861 (0.48693), Inserts: 1026139 (0.513069), Errors: 0 (0)
30/40 - Execution time: 7.38904 seconds
30/40 - Throughput: 270671 ops/sec
38/40 - Performed a throughput benchmark:
38/40 - Performed 2000000 find-or-put operations with random values from [0,...,51999999]
38/40 - Finds: 975099 (0.48755), Inserts: 1024901 (0.512451), Errors: 0 (0)
38/40 - Execution time: 7.37948 seconds
38/40 - Throughput: 271022 ops/sec
21/40 - Performed a throughput benchmark:
21/40 - Performed 2000000 find-or-put operations with random values from [0,...,51999999]
21/40 - Finds: 974257 (0.487129), Inserts: 1025743 (0.512872), Errors: 0 (0)
21/40 - Execution time: 7.39493 seconds
21/40 - Throughput: 270456 ops/sec
37/40 - Performed a throughput benchmark:
37/40 - Performed 2000000 find-or-put operations with random values from [0,...,51999999]
37/40 - Finds: 974327 (0.487164), Inserts: 1025673 (0.512837), Errors: 0 (0)
37/40 - Execution time: 7.39003 seconds
37/40 - Throughput: 270635 ops/sec
39/40 - Performed a throughput benchmark:
39/40 - Performed 2000000 find-or-put operations with random values from [0,...,51999999]
39/40 - Finds: 972674 (0.486337), Inserts: 1027326 (0.513663), Errors: 0 (0)
39/40 - Execution time: 7.37491 seconds
39/40 - Throughput: 271190 ops/sec
27/40 - Performed a throughput benchmark:
27/40 - Performed 2000000 find-or-put operations with random values from [0,...,51999999]
27/40 - Finds: 973412 (0.486706), Inserts: 1026588 (0.513294), Errors: 0 (0)
27/40 - Execution time: 7.37819 seconds
27/40 - Throughput: 271069 ops/sec
33/40 - Performed a throughput benchmark:
33/40 - Performed 2000000 find-or-put operations with random values from [0,...,51999999]
33/40 - Finds: 973060 (0.48653), Inserts: 1026940 (0.51347), Errors: 0 (0)
33/40 - Execution time: 7.38127 seconds
33/40 - Throughput: 270956 ops/sec
26/40 - Performed a throughput benchmark:
26/40 - Performed 2000000 find-or-put operations with random values from [0,...,51999999]
26/40 - Finds: 974174 (0.487087), Inserts: 1025826 (0.512913), Errors: 0 (0)
26/40 - Execution time: 7.3837 seconds
26/40 - Throughput: 270867 ops/sec
25/40 - Performed a throughput benchmark:
25/40 - Performed 2000000 find-or-put operations with random values from [0,...,51999999]
25/40 - Finds: 973396 (0.486698), Inserts: 1026604 (0.513302), Errors: 0 (0)
25/40 - Execution time: 7.3814 seconds
25/40 - Throughput: 270951 ops/sec
35/40 - Performed a throughput benchmark:
35/40 - Performed 2000000 find-or-put operations with random values from [0,...,51999999]
35/40 - Finds: 973806 (0.486903), Inserts: 1026194 (0.513097), Errors: 0 (0)
35/40 - Execution time: 7.38408 seconds
35/40 - Throughput: 270853 ops/sec
31/40 - Performed a throughput benchmark:
31/40 - Performed 2000000 find-or-put operations with random values from [0,...,51999999]
31/40 - Finds: 975410 (0.487705), Inserts: 1024590 (0.512295), Errors: 0 (0)
31/40 - Execution time: 7.37923 seconds
31/40 - Throughput: 271031 ops/sec
36/40 - Performed a throughput benchmark:
36/40 - Performed 2000000 find-or-put operations with random values from [0,...,51999999]
36/40 - Finds: 972471 (0.486235), Inserts: 1027529 (0.513764), Errors: 0 (0)
36/40 - Execution time: 7.38677 seconds
36/40 - Throughput: 270754 ops/sec
4/40 - Performed a throughput benchmark:
4/40 - Performed 2000000 find-or-put operations with random values from [0,...,51999999]
4/40 - Finds: 1001480 (0.50074), Inserts: 998520 (0.49926), Errors: 0 (0)
4/40 - Execution time: 7.63166 seconds
4/40 - Throughput: 262066 ops/sec
7/40 - Performed a throughput benchmark:
7/40 - Performed 2000000 find-or-put operations with random values from [0,...,51999999]
7/40 - Finds: 1001730 (0.500865), Inserts: 998270 (0.499135), Errors: 0 (0)
7/40 - Execution time: 7.63298 seconds
7/40 - Throughput: 262021 ops/sec
2/40 - Performed a throughput benchmark:
2/40 - Performed 2000000 find-or-put operations with random values from [0,...,51999999]
2/40 - Finds: 1002465 (0.501232), Inserts: 997535 (0.498767), Errors: 0 (0)
2/40 - Execution time: 7.62054 seconds
2/40 - Throughput: 262449 ops/sec
1/40 - Performed a throughput benchmark:
1/40 - Performed 2000000 find-or-put operations with random values from [0,...,51999999]
1/40 - Finds: 1001398 (0.500699), Inserts: 998602 (0.499301), Errors: 0 (0)
1/40 - Execution time: 7.62359 seconds
1/40 - Throughput: 262343 ops/sec
6/40 - Performed a throughput benchmark:
6/40 - Performed 2000000 find-or-put operations with random values from [0,...,51999999]
6/40 - Finds: 1001074 (0.500537), Inserts: 998926 (0.499463), Errors: 0 (0)
6/40 - Execution time: 7.63532 seconds
6/40 - Throughput: 261941 ops/sec
0/40 - Performed a throughput benchmark:
0/40 - Performed 2000000 find-or-put operations with random values from [0,...,51999999]
0/40 - Finds: 1002769 (0.501385), Inserts: 997231 (0.498615), Errors: 0 (0)
0/40 - Execution time: 7.65067 seconds
0/40 - Throughput: 261415 ops/sec
3/40 - Performed a throughput benchmark:
3/40 - Performed 2000000 find-or-put operations with random values from [0,...,51999999]
3/40 - Finds: 1002236 (0.501118), Inserts: 997764 (0.498882), Errors: 0 (0)
3/40 - Execution time: 7.6445 seconds
3/40 - Throughput: 261626 ops/sec
5/40 - Performed a throughput benchmark:
5/40 - Performed 2000000 find-or-put operations with random values from [0,...,51999999]
5/40 - Finds: 1001740 (0.50087), Inserts: 998260 (0.49913), Errors: 0 (0)
5/40 - Execution time: 7.63192 seconds
5/40 - Throughput: 262057 ops/sec
[1441196815.930258] [node008:14190:0]         sys.c:719  MXM  WARN  Conflicting CPU frequencies detected, using: 1279.03
