[1441195292.589808] [node017:23815:0]         sys.c:719  MXM  WARN  Conflicting CPU frequencies detected, using: 1371.00
[1441195292.613535] [node017:23815:0]         mxm.c:185  MXM  WARN  The 'ulimit -s' on the system is set to 'unlimited'. This may have negative performance implications. Please set the heap size to the default value (10240) 
[1441195292.590413] [node017:23810:0]         sys.c:719  MXM  WARN  Conflicting CPU frequencies detected, using: 1371.00
[1441195292.614341] [node017:23810:0]         mxm.c:185  MXM  WARN  The 'ulimit -s' on the system is set to 'unlimited'. This may have negative performance implications. Please set the heap size to the default value (10240) 
[1441195292.589459] [node017:23812:0]         sys.c:719  MXM  WARN  Conflicting CPU frequencies detected, using: 1371.00
[1441195292.606442] [node017:23812:0]         mxm.c:185  MXM  WARN  The 'ulimit -s' on the system is set to 'unlimited'. This may have negative performance implications. Please set the heap size to the default value (10240) 
[1441195292.591589] [node017:23816:0]         sys.c:719  MXM  WARN  Conflicting CPU frequencies detected, using: 1371.00
[1441195292.619087] [node017:23816:0]         mxm.c:185  MXM  WARN  The 'ulimit -s' on the system is set to 'unlimited'. This may have negative performance implications. Please set the heap size to the default value (10240) 
[1441195292.596304] [node017:23821:0]         sys.c:719  MXM  WARN  Conflicting CPU frequencies detected, using: 1399.22
[1441195292.620573] [node017:23821:0]         mxm.c:185  MXM  WARN  The 'ulimit -s' on the system is set to 'unlimited'. This may have negative performance implications. Please set the heap size to the default value (10240) 
[1441195292.595926] [node017:23819:0]         sys.c:719  MXM  WARN  Conflicting CPU frequencies detected, using: 1399.22
[1441195292.625512] [node017:23819:0]         mxm.c:185  MXM  WARN  The 'ulimit -s' on the system is set to 'unlimited'. This may have negative performance implications. Please set the heap size to the default value (10240) 
[1441195292.589755] [node017:23811:0]         sys.c:719  MXM  WARN  Conflicting CPU frequencies detected, using: 1371.00
[1441195292.633952] [node017:23811:0]         mxm.c:185  MXM  WARN  The 'ulimit -s' on the system is set to 'unlimited'. This may have negative performance implications. Please set the heap size to the default value (10240) 
[1441195292.595627] [node017:23818:0]         sys.c:719  MXM  WARN  Conflicting CPU frequencies detected, using: 1399.22
[1441195292.633678] [node017:23818:0]         mxm.c:185  MXM  WARN  The 'ulimit -s' on the system is set to 'unlimited'. This may have negative performance implications. Please set the heap size to the default value (10240) 
[1441195292.595093] [node017:23817:0]         sys.c:719  MXM  WARN  Conflicting CPU frequencies detected, using: 1371.00
[1441195292.629687] [node017:23817:0]         mxm.c:185  MXM  WARN  The 'ulimit -s' on the system is set to 'unlimited'. This may have negative performance implications. Please set the heap size to the default value (10240) 
[1441195292.589707] [node017:23813:0]         sys.c:719  MXM  WARN  Conflicting CPU frequencies detected, using: 1371.00
[1441195292.624756] [node017:23813:0]         mxm.c:185  MXM  WARN  The 'ulimit -s' on the system is set to 'unlimited'. This may have negative performance implications. Please set the heap size to the default value (10240) 
[1441195292.591277] [node017:23814:0]         sys.c:719  MXM  WARN  Conflicting CPU frequencies detected, using: 1371.00
[1441195292.628920] [node017:23814:0]         mxm.c:185  MXM  WARN  The 'ulimit -s' on the system is set to 'unlimited'. This may have negative performance implications. Please set the heap size to the default value (10240) 
[1441195292.596996] [node017:23820:0]         sys.c:719  MXM  WARN  Conflicting CPU frequencies detected, using: 1399.22
[1441195292.639113] [node017:23820:0]         mxm.c:185  MXM  WARN  The 'ulimit -s' on the system is set to 'unlimited'. This may have negative performance implications. Please set the heap size to the default value (10240) 
[1441195292.885973] [node018:20737:0]         sys.c:719  MXM  WARN  Conflicting CPU frequencies detected, using: 2400.00
[1441195292.890780] [node018:20737:0]         mxm.c:185  MXM  WARN  The 'ulimit -s' on the system is set to 'unlimited'. This may have negative performance implications. Please set the heap size to the default value (10240) 
[1441195292.882597] [node018:20736:0]         sys.c:719  MXM  WARN  Conflicting CPU frequencies detected, using: 2400.00
[1441195292.887561] [node018:20736:0]         mxm.c:185  MXM  WARN  The 'ulimit -s' on the system is set to 'unlimited'. This may have negative performance implications. Please set the heap size to the default value (10240) 
[1441195292.903127] [node018:20743:0]         sys.c:719  MXM  WARN  Conflicting CPU frequencies detected, using: 2400.00
[1441195292.909148] [node018:20743:0]         mxm.c:185  MXM  WARN  The 'ulimit -s' on the system is set to 'unlimited'. This may have negative performance implications. Please set the heap size to the default value (10240) 
[1441195292.911862] [node018:20766:0]         sys.c:719  MXM  WARN  Conflicting CPU frequencies detected, using: 2400.00
[1441195292.952491] [node018:20766:0]         mxm.c:185  MXM  WARN  The 'ulimit -s' on the system is set to 'unlimited'. This may have negative performance implications. Please set the heap size to the default value (10240) 
[1441195292.914643] [node018:20772:0]         sys.c:719  MXM  WARN  Conflicting CPU frequencies detected, using: 2400.00
[1441195292.931230] [node018:20772:0]         mxm.c:185  MXM  WARN  The 'ulimit -s' on the system is set to 'unlimited'. This may have negative performance implications. Please set the heap size to the default value (10240) 
[1441195292.916485] [node018:20763:0]         sys.c:719  MXM  WARN  Conflicting CPU frequencies detected, using: 2400.00
[1441195292.951721] [node018:20763:0]         mxm.c:185  MXM  WARN  The 'ulimit -s' on the system is set to 'unlimited'. This may have negative performance implications. Please set the heap size to the default value (10240) 
[1441195292.912522] [node018:20764:0]         sys.c:719  MXM  WARN  Conflicting CPU frequencies detected, using: 2400.00
[1441195292.941007] [node018:20764:0]         mxm.c:185  MXM  WARN  The 'ulimit -s' on the system is set to 'unlimited'. This may have negative performance implications. Please set the heap size to the default value (10240) 
[1441195292.912068] [node018:20767:0]         sys.c:719  MXM  WARN  Conflicting CPU frequencies detected, using: 2400.00
[1441195292.950224] [node018:20767:0]         mxm.c:185  MXM  WARN  The 'ulimit -s' on the system is set to 'unlimited'. This may have negative performance implications. Please set the heap size to the default value (10240) 
[1441195292.915383] [node018:20762:0]         sys.c:719  MXM  WARN  Conflicting CPU frequencies detected, using: 2400.00
[1441195292.936779] [node018:20762:0]         mxm.c:185  MXM  WARN  The 'ulimit -s' on the system is set to 'unlimited'. This may have negative performance implications. Please set the heap size to the default value (10240) 
[1441195292.914894] [node018:20765:0]         sys.c:719  MXM  WARN  Conflicting CPU frequencies detected, using: 2400.00
[1441195292.958682] [node018:20765:0]         mxm.c:185  MXM  WARN  The 'ulimit -s' on the system is set to 'unlimited'. This may have negative performance implications. Please set the heap size to the default value (10240) 
[1441195292.914919] [node018:20760:0]         sys.c:719  MXM  WARN  Conflicting CPU frequencies detected, using: 2400.00
[1441195292.937551] [node018:20760:0]         mxm.c:185  MXM  WARN  The 'ulimit -s' on the system is set to 'unlimited'. This may have negative performance implications. Please set the heap size to the default value (10240) 
[1441195292.914466] [node018:20769:0]         sys.c:719  MXM  WARN  Conflicting CPU frequencies detected, using: 2400.00
[1441195292.946103] [node018:20769:0]         mxm.c:185  MXM  WARN  The 'ulimit -s' on the system is set to 'unlimited'. This may have negative performance implications. Please set the heap size to the default value (10240) 
UPCR: UPC thread  4 of 24 on node017 (pshm node 0 of 2, process  4 of 24, pid=23814)
UPCR: UPC thread  3 of 24 on node017 (pshm node 0 of 2, process  3 of 24, pid=23813)
UPCR: UPC thread  0 of 24 on node017 (pshm node 0 of 2, process  0 of 24, pid=23810)
UPCR: UPC thread 10 of 24 on node017 (pshm node 0 of 2, process 10 of 24, pid=23820)
UPCR: UPC thread  6 of 24 on node017 (pshm node 0 of 2, process  6 of 24, pid=23816)
UPCR: UPC thread  7 of 24 on node017 (pshm node 0 of 2, process  7 of 24, pid=23817)
UPCR: UPC thread  8 of 24 on node017 (pshm node 0 of 2, process  8 of 24, pid=23818)
UPCR: UPC thread  9 of 24 on node017 (pshm node 0 of 2, process  9 of 24, pid=23819)
UPCR: UPC thread  2 of 24 on node017 (pshm node 0 of 2, process  2 of 24, pid=23812)
UPCR: UPC thread  1 of 24 on node017 (pshm node 0 of 2, process  1 of 24, pid=23811)
UPCR: UPC thread  5 of 24 on node017 (pshm node 0 of 2, process  5 of 24, pid=23815)
UPCR: UPC thread 11 of 24 on node017 (pshm node 0 of 2, process 11 of 24, pid=23821)
UPCR: UPC thread 23 of 24 on node018 (pshm node 1 of 2, process 23 of 24, pid=20772)
UPCR: UPC thread 12 of 24 on node018 (pshm node 1 of 2, process 12 of 24, pid=20766)
UPCR: UPC thread 22 of 24 on node018 (pshm node 1 of 2, process 22 of 24, pid=20760)
UPCR: UPC thread 17 of 24 on node018 (pshm node 1 of 2, process 17 of 24, pid=20764)
UPCR: UPC thread 15 of 24 on node018 (pshm node 1 of 2, process 15 of 24, pid=20736)
UPCR: UPC thread 13 of 24 on node018 (pshm node 1 of 2, process 13 of 24, pid=20737)
UPCR: UPC thread 19 of 24 on node018 (pshm node 1 of 2, process 19 of 24, pid=20765)
UPCR: UPC thread 14 of 24 on node018 (pshm node 1 of 2, process 14 of 24, pid=20763)
UPCR: UPC thread 16 of 24 on node018 (pshm node 1 of 2, process 16 of 24, pid=20743)
UPCR: UPC thread 20 of 24 on node018 (pshm node 1 of 2, process 20 of 24, pid=20762)
UPCR: UPC thread 18 of 24 on node018 (pshm node 1 of 2, process 18 of 24, pid=20767)
UPCR: UPC thread 21 of 24 on node018 (pshm node 1 of 2, process 21 of 24, pid=20769)
0/24 - htable initialized
0/24 - table size: 25769803776 bytes (24576 MB)
0/24 - total number of buckets: 3221225472
0/24 - block size: 1073741824 (1024 MB)
0/24 - number of buckets in block: 134217728
0/24 - number of blocks: 24
7/24 - Performed a throughput benchmark:
7/24 - Performed 2000000 find-or-put operations with random values from [0,...,31199999]
7/24 - Finds: 969127 (0.484563), Inserts: 1030873 (0.515436), Errors: 0 (0)
7/24 - Execution time: 5.37035 seconds
7/24 - Throughput: 372415 ops/sec
5/24 - Performed a throughput benchmark:
5/24 - Performed 2000000 find-or-put operations with random values from [0,...,31199999]
5/24 - Finds: 966444 (0.483222), Inserts: 1033556 (0.516778), Errors: 0 (0)
5/24 - Execution time: 5.34366 seconds
5/24 - Throughput: 374275 ops/sec
2/24 - Performed a throughput benchmark:
2/24 - Performed 2000000 find-or-put operations with random values from [0,...,31199999]
2/24 - Finds: 969877 (0.484938), Inserts: 1030123 (0.515061), Errors: 0 (0)
2/24 - Execution time: 5.37245 seconds
2/24 - Throughput: 372270 ops/sec
1/24 - Performed a throughput benchmark:
1/24 - Performed 2000000 find-or-put operations with random values from [0,...,31199999]
1/24 - Finds: 967772 (0.483886), Inserts: 1032228 (0.516114), Errors: 0 (0)
1/24 - Execution time: 5.36131 seconds
1/24 - Throughput: 373043 ops/sec
6/24 - Performed a throughput benchmark:
6/24 - Performed 2000000 find-or-put operations with random values from [0,...,31199999]
6/24 - Finds: 969434 (0.484717), Inserts: 1030566 (0.515283), Errors: 0 (0)
6/24 - Execution time: 5.36301 seconds
6/24 - Throughput: 372925 ops/sec
4/24 - Performed a throughput benchmark:
4/24 - Performed 2000000 find-or-put operations with random values from [0,...,31199999]
4/24 - Finds: 972167 (0.486084), Inserts: 1027833 (0.513916), Errors: 0 (0)
4/24 - Execution time: 5.37629 seconds
4/24 - Throughput: 372004 ops/sec
14/24 - Performed a throughput benchmark:
14/24 - Performed 2000000 find-or-put operations with random values from [0,...,31199999]
14/24 - Finds: 974441 (0.487221), Inserts: 1025559 (0.51278), Errors: 0 (0)
14/24 - Execution time: 5.40787 seconds
14/24 - Throughput: 369831 ops/sec
16/24 - Performed a throughput benchmark:
16/24 - Performed 2000000 find-or-put operations with random values from [0,...,31199999]
16/24 - Finds: 972500 (0.48625), Inserts: 1027500 (0.51375), Errors: 0 (0)
16/24 - Execution time: 5.39678 seconds
16/24 - Throughput: 370591 ops/sec
18/24 - Performed a throughput benchmark:
18/24 - Performed 2000000 find-or-put operations with random values from [0,...,31199999]
18/24 - Finds: 974623 (0.487312), Inserts: 1025377 (0.512688), Errors: 0 (0)
18/24 - Execution time: 5.40852 seconds
18/24 - Throughput: 369787 ops/sec
15/24 - Performed a throughput benchmark:
15/24 - Performed 2000000 find-or-put operations with random values from [0,...,31199999]
15/24 - Finds: 974257 (0.487129), Inserts: 1025743 (0.512872), Errors: 0 (0)
15/24 - Execution time: 5.4196 seconds
15/24 - Throughput: 369031 ops/sec
17/24 - Performed a throughput benchmark:
17/24 - Performed 2000000 find-or-put operations with random values from [0,...,31199999]
17/24 - Finds: 973089 (0.486544), Inserts: 1026911 (0.513455), Errors: 0 (0)
17/24 - Execution time: 5.40354 seconds
17/24 - Throughput: 370128 ops/sec
12/24 - Performed a throughput benchmark:
12/24 - Performed 2000000 find-or-put operations with random values from [0,...,31199999]
12/24 - Finds: 973934 (0.486967), Inserts: 1026066 (0.513033), Errors: 0 (0)
12/24 - Execution time: 5.42415 seconds
12/24 - Throughput: 368722 ops/sec
11/24 - Performed a throughput benchmark:
11/24 - Performed 2000000 find-or-put operations with random values from [0,...,31199999]
11/24 - Finds: 983596 (0.491798), Inserts: 1016404 (0.508202), Errors: 0 (0)
11/24 - Execution time: 5.48567 seconds
11/24 - Throughput: 364586 ops/sec
13/24 - Performed a throughput benchmark:
13/24 - Performed 2000000 find-or-put operations with random values from [0,...,31199999]
13/24 - Finds: 976925 (0.488463), Inserts: 1023075 (0.511537), Errors: 0 (0)
13/24 - Execution time: 5.42469 seconds
13/24 - Throughput: 368685 ops/sec
0/24 - Performed a throughput benchmark:
0/24 - Performed 2000000 find-or-put operations with random values from [0,...,31199999]
0/24 - Finds: 982654 (0.491327), Inserts: 1017346 (0.508673), Errors: 0 (0)
0/24 - Execution time: 5.49853 seconds
0/24 - Throughput: 363734 ops/sec
19/24 - Performed a throughput benchmark:
19/24 - Performed 2000000 find-or-put operations with random values from [0,...,31199999]
19/24 - Finds: 979588 (0.489794), Inserts: 1020412 (0.510206), Errors: 0 (0)
19/24 - Execution time: 5.44231 seconds
19/24 - Throughput: 367491 ops/sec
22/24 - Performed a throughput benchmark:
22/24 - Performed 2000000 find-or-put operations with random values from [0,...,31199999]
22/24 - Finds: 986902 (0.493451), Inserts: 1013098 (0.506549), Errors: 0 (0)
22/24 - Execution time: 5.56973 seconds
22/24 - Throughput: 359084 ops/sec
9/24 - Performed a throughput benchmark:
9/24 - Performed 2000000 find-or-put operations with random values from [0,...,31199999]
9/24 - Finds: 989870 (0.494935), Inserts: 1010130 (0.505065), Errors: 0 (0)
9/24 - Execution time: 5.57167 seconds
9/24 - Throughput: 358959 ops/sec
3/24 - Performed a throughput benchmark:
3/24 - Performed 2000000 find-or-put operations with random values from [0,...,31199999]
3/24 - Finds: 986759 (0.49338), Inserts: 1013241 (0.506621), Errors: 0 (0)
3/24 - Execution time: 5.55796 seconds
3/24 - Throughput: 359844 ops/sec
8/24 - Performed a throughput benchmark:
8/24 - Performed 2000000 find-or-put operations with random values from [0,...,31199999]
8/24 - Finds: 989074 (0.494537), Inserts: 1010926 (0.505463), Errors: 0 (0)
8/24 - Execution time: 5.56753 seconds
8/24 - Throughput: 359225 ops/sec
10/24 - Performed a throughput benchmark:
10/24 - Performed 2000000 find-or-put operations with random values from [0,...,31199999]
10/24 - Finds: 990674 (0.495337), Inserts: 1009326 (0.504663), Errors: 0 (0)
10/24 - Execution time: 5.58575 seconds
10/24 - Throughput: 358054 ops/sec
21/24 - Performed a throughput benchmark:
21/24 - Performed 2000000 find-or-put operations with random values from [0,...,31199999]
21/24 - Finds: 990667 (0.495333), Inserts: 1009333 (0.504667), Errors: 0 (0)
21/24 - Execution time: 5.60518 seconds
21/24 - Throughput: 356813 ops/sec
20/24 - Performed a throughput benchmark:
20/24 - Performed 2000000 find-or-put operations with random values from [0,...,31199999]
20/24 - Finds: 985660 (0.49283), Inserts: 1014340 (0.50717), Errors: 0 (0)
20/24 - Execution time: 5.54293 seconds
20/24 - Throughput: 360820 ops/sec
23/24 - Performed a throughput benchmark:
23/24 - Performed 2000000 find-or-put operations with random values from [0,...,31199999]
23/24 - Finds: 1001237 (0.500618), Inserts: 998763 (0.499381), Errors: 0 (0)
23/24 - Execution time: 5.67894 seconds
23/24 - Throughput: 352178 ops/sec
[1441195292.573457] [node017:23765:0]         sys.c:719  MXM  WARN  Conflicting CPU frequencies detected, using: 1589.34
