[1441199219.348790] [node001:29447:0]         sys.c:719  MXM  WARN  Conflicting CPU frequencies detected, using: 1386.19
[1441199219.383457] [node001:29447:0]         mxm.c:185  MXM  WARN  The 'ulimit -s' on the system is set to 'unlimited'. This may have negative performance implications. Please set the heap size to the default value (10240) 
[1441199219.348552] [node001:29446:0]         sys.c:719  MXM  WARN  Conflicting CPU frequencies detected, using: 1386.19
[1441199219.377471] [node001:29446:0]         mxm.c:185  MXM  WARN  The 'ulimit -s' on the system is set to 'unlimited'. This may have negative performance implications. Please set the heap size to the default value (10240) 
[1441199219.648416] [node005:24618:0]         sys.c:719  MXM  WARN  Conflicting CPU frequencies detected, using: 1496.06
[1441199219.652289] [node005:24618:0]         mxm.c:185  MXM  WARN  The 'ulimit -s' on the system is set to 'unlimited'. This may have negative performance implications. Please set the heap size to the default value (10240) 
[1441199219.651896] [node004:24111:0]         sys.c:719  MXM  WARN  Conflicting CPU frequencies detected, using: 1627.97
[1441199219.655834] [node004:24111:0]         mxm.c:185  MXM  WARN  The 'ulimit -s' on the system is set to 'unlimited'. This may have negative performance implications. Please set the heap size to the default value (10240) 
[1441199219.661895] [node002:26662:0]         sys.c:719  MXM  WARN  Conflicting CPU frequencies detected, using: 1789.50
[1441199219.665446] [node002:26662:0]         mxm.c:185  MXM  WARN  The 'ulimit -s' on the system is set to 'unlimited'. This may have negative performance implications. Please set the heap size to the default value (10240) 
[1441199219.662716] [node002:26666:0]         sys.c:719  MXM  WARN  Conflicting CPU frequencies detected, using: 1789.50
[1441199219.666227] [node002:26666:0]         mxm.c:185  MXM  WARN  The 'ulimit -s' on the system is set to 'unlimited'. This may have negative performance implications. Please set the heap size to the default value (10240) 
[1441199219.659470] [node006:24025:0]         sys.c:719  MXM  WARN  Conflicting CPU frequencies detected, using: 1495.88
[1441199219.663293] [node006:24025:0]         mxm.c:185  MXM  WARN  The 'ulimit -s' on the system is set to 'unlimited'. This may have negative performance implications. Please set the heap size to the default value (10240) 
[1441199219.736309] [node003:24583:0]         sys.c:719  MXM  WARN  Conflicting CPU frequencies detected, using: 1338.00
[1441199219.740213] [node003:24583:0]         mxm.c:185  MXM  WARN  The 'ulimit -s' on the system is set to 'unlimited'. This may have negative performance implications. Please set the heap size to the default value (10240) 
[1441199219.719524] [node007:29237:0]         sys.c:719  MXM  WARN  Conflicting CPU frequencies detected, using: 1689.38
[1441199219.722537] [node007:29237:0]         mxm.c:185  MXM  WARN  The 'ulimit -s' on the system is set to 'unlimited'. This may have negative performance implications. Please set the heap size to the default value (10240) 
[1441199219.716523] [node007:29238:0]         sys.c:719  MXM  WARN  Conflicting CPU frequencies detected, using: 1689.38
[1441199219.720257] [node007:29238:0]         mxm.c:185  MXM  WARN  The 'ulimit -s' on the system is set to 'unlimited'. This may have negative performance implications. Please set the heap size to the default value (10240) 
[1441199219.737098] [node006:24048:0]         sys.c:719  MXM  WARN  Conflicting CPU frequencies detected, using: 1600.31
[1441199219.740638] [node006:24048:0]         mxm.c:185  MXM  WARN  The 'ulimit -s' on the system is set to 'unlimited'. This may have negative performance implications. Please set the heap size to the default value (10240) 
[1441199219.771798] [node008:23962:0]         sys.c:719  MXM  WARN  Conflicting CPU frequencies detected, using: 1398.19
[1441199219.777439] [node008:23962:0]         mxm.c:185  MXM  WARN  The 'ulimit -s' on the system is set to 'unlimited'. This may have negative performance implications. Please set the heap size to the default value (10240) 
[1441199219.826490] [node003:24607:0]         sys.c:719  MXM  WARN  Conflicting CPU frequencies detected, using: 1685.53
[1441199219.829704] [node003:24607:0]         mxm.c:185  MXM  WARN  The 'ulimit -s' on the system is set to 'unlimited'. This may have negative performance implications. Please set the heap size to the default value (10240) 
[1441199219.863364] [node009:17520:0]         sys.c:719  MXM  WARN  Conflicting CPU frequencies detected, using: 1699.97
[1441199219.869079] [node009:17520:0]         mxm.c:185  MXM  WARN  The 'ulimit -s' on the system is set to 'unlimited'. This may have negative performance implications. Please set the heap size to the default value (10240) 
[1441199219.929973] [node008:23986:0]         sys.c:719  MXM  WARN  Conflicting CPU frequencies detected, using: 1395.09
[1441199219.935692] [node008:23986:0]         mxm.c:185  MXM  WARN  The 'ulimit -s' on the system is set to 'unlimited'. This may have negative performance implications. Please set the heap size to the default value (10240) 
[1441199219.896457] [node031:32108:0]         sys.c:719  MXM  WARN  Conflicting CPU frequencies detected, using: 1697.72
[1441199219.902059] [node031:32108:0]         mxm.c:185  MXM  WARN  The 'ulimit -s' on the system is set to 'unlimited'. This may have negative performance implications. Please set the heap size to the default value (10240) 
[1441199219.901911] [node035:31995:0]         sys.c:719  MXM  WARN  Conflicting CPU frequencies detected, using: 1596.84
[1441199219.905523] [node035:31995:0]         mxm.c:185  MXM  WARN  The 'ulimit -s' on the system is set to 'unlimited'. This may have negative performance implications. Please set the heap size to the default value (10240) 
[1441199219.901911] [node037:31879:0]         sys.c:719  MXM  WARN  Conflicting CPU frequencies detected, using: 1599.94
[1441199219.905374] [node037:31879:0]         mxm.c:185  MXM  WARN  The 'ulimit -s' on the system is set to 'unlimited'. This may have negative performance implications. Please set the heap size to the default value (10240) 
[1441199219.922160] [node037:31896:0]         sys.c:719  MXM  WARN  Conflicting CPU frequencies detected, using: 1700.06
[1441199219.925511] [node037:31896:0]         mxm.c:185  MXM  WARN  The 'ulimit -s' on the system is set to 'unlimited'. This may have negative performance implications. Please set the heap size to the default value (10240) 
[1441199219.900112] [node013:17736:0]         sys.c:719  MXM  WARN  Conflicting CPU frequencies detected, using: 1599.94
[1441199219.905296] [node013:17736:0]         mxm.c:185  MXM  WARN  The 'ulimit -s' on the system is set to 'unlimited'. This may have negative performance implications. Please set the heap size to the default value (10240) 
[1441199219.918360] [node009:17541:0]         sys.c:719  MXM  WARN  Conflicting CPU frequencies detected, using: 1896.19
[1441199219.923210] [node009:17541:0]         mxm.c:185  MXM  WARN  The 'ulimit -s' on the system is set to 'unlimited'. This may have negative performance implications. Please set the heap size to the default value (10240) 
[1441199219.919605] [node036:32057:0]         sys.c:719  MXM  WARN  Conflicting CPU frequencies detected, using: 1588.78
[1441199219.923273] [node036:32057:0]         mxm.c:185  MXM  WARN  The 'ulimit -s' on the system is set to 'unlimited'. This may have negative performance implications. Please set the heap size to the default value (10240) 
[1441199219.926527] [node036:32063:0]         sys.c:719  MXM  WARN  Conflicting CPU frequencies detected, using: 1593.38
[1441199219.929737] [node036:32063:0]         mxm.c:185  MXM  WARN  The 'ulimit -s' on the system is set to 'unlimited'. This may have negative performance implications. Please set the heap size to the default value (10240) 
[1441199219.913784] [node032:31628:0]         sys.c:719  MXM  WARN  Conflicting CPU frequencies detected, using: 1798.50
[1441199219.919582] [node032:31628:0]         mxm.c:185  MXM  WARN  The 'ulimit -s' on the system is set to 'unlimited'. This may have negative performance implications. Please set the heap size to the default value (10240) 
[1441199219.915503] [node049:24460:0]         sys.c:719  MXM  WARN  Conflicting CPU frequencies detected, using: 1593.66
[1441199219.919245] [node049:24460:0]         mxm.c:185  MXM  WARN  The 'ulimit -s' on the system is set to 'unlimited'. This may have negative performance implications. Please set the heap size to the default value (10240) 
[1441199219.924030] [node031:32125:0]         sys.c:719  MXM  WARN  Conflicting CPU frequencies detected, using: 1798.69
[1441199219.930105] [node031:32125:0]         mxm.c:185  MXM  WARN  The 'ulimit -s' on the system is set to 'unlimited'. This may have negative performance implications. Please set the heap size to the default value (10240) 
[1441199219.934518] [node060:7076 :0]         sys.c:719  MXM  WARN  Conflicting CPU frequencies detected, using: 2400.00
[1441199219.939025] [node060:7076 :0]         mxm.c:185  MXM  WARN  The 'ulimit -s' on the system is set to 'unlimited'. This may have negative performance implications. Please set the heap size to the default value (10240) 
[1441199219.923770] [node052:22557:0]         sys.c:719  MXM  WARN  Conflicting CPU frequencies detected, using: 1695.19
[1441199219.927557] [node052:22557:0]         mxm.c:185  MXM  WARN  The 'ulimit -s' on the system is set to 'unlimited'. This may have negative performance implications. Please set the heap size to the default value (10240) 
[1441199219.936693] [node063:6709 :0]         sys.c:719  MXM  WARN  Conflicting CPU frequencies detected, using: 1496.25
[1441199219.940172] [node063:6709 :0]         mxm.c:185  MXM  WARN  The 'ulimit -s' on the system is set to 'unlimited'. This may have negative performance implications. Please set the heap size to the default value (10240) 
[1441199219.928123] [node054:6515 :0]         sys.c:719  MXM  WARN  Conflicting CPU frequencies detected, using: 1697.62
[1441199219.934004] [node054:6515 :0]         mxm.c:185  MXM  WARN  The 'ulimit -s' on the system is set to 'unlimited'. This may have negative performance implications. Please set the heap size to the default value (10240) 
[1441199219.927687] [node012:17640:0]         sys.c:719  MXM  WARN  Conflicting CPU frequencies detected, using: 1676.72
[1441199219.932874] [node012:17640:0]         mxm.c:185  MXM  WARN  The 'ulimit -s' on the system is set to 'unlimited'. This may have negative performance implications. Please set the heap size to the default value (10240) 
[1441199219.927109] [node040:31640:0]         sys.c:719  MXM  WARN  Conflicting CPU frequencies detected, using: 1587.38
[1441199219.932884] [node040:31640:0]         mxm.c:185  MXM  WARN  The 'ulimit -s' on the system is set to 'unlimited'. This may have negative performance implications. Please set the heap size to the default value (10240) 
[1441199219.951875] [node049:24477:0]         sys.c:719  MXM  WARN  Conflicting CPU frequencies detected, using: 1698.47
[1441199219.955215] [node049:24477:0]         mxm.c:185  MXM  WARN  The 'ulimit -s' on the system is set to 'unlimited'. This may have negative performance implications. Please set the heap size to the default value (10240) 
[1441199219.939053] [node034:31420:0]         sys.c:719  MXM  WARN  Conflicting CPU frequencies detected, using: 1580.53
[1441199219.944360] [node034:31420:0]         mxm.c:185  MXM  WARN  The 'ulimit -s' on the system is set to 'unlimited'. This may have negative performance implications. Please set the heap size to the default value (10240) 
[1441199219.969218] [node057:6764 :0]         sys.c:719  MXM  WARN  Conflicting CPU frequencies detected, using: 2884.88
[1441199219.973371] [node057:6764 :0]         mxm.c:185  MXM  WARN  The 'ulimit -s' on the system is set to 'unlimited'. This may have negative performance implications. Please set the heap size to the default value (10240) 
[1441199219.952207] [node054:6532 :0]         sys.c:719  MXM  WARN  Conflicting CPU frequencies detected, using: 1697.62
[1441199219.958026] [node054:6532 :0]         mxm.c:185  MXM  WARN  The 'ulimit -s' on the system is set to 'unlimited'. This may have negative performance implications. Please set the heap size to the default value (10240) 
[1441199219.956404] [node033:32069:0]         sys.c:719  MXM  WARN  Conflicting CPU frequencies detected, using: 1798.88
[1441199219.961609] [node033:32069:0]         mxm.c:185  MXM  WARN  The 'ulimit -s' on the system is set to 'unlimited'. This may have negative performance implications. Please set the heap size to the default value (10240) 
[1441199219.954418] [node034:31430:0]         sys.c:719  MXM  WARN  Conflicting CPU frequencies detected, using: 1598.91
[1441199219.959629] [node034:31430:0]         mxm.c:185  MXM  WARN  The 'ulimit -s' on the system is set to 'unlimited'. This may have negative performance implications. Please set the heap size to the default value (10240) 
[1441199219.997632] [node062:6640 :0]         sys.c:719  MXM  WARN  Conflicting CPU frequencies detected, using: 1500.00
[1441199220.003184] [node062:6640 :0]         mxm.c:185  MXM  WARN  The 'ulimit -s' on the system is set to 'unlimited'. This may have negative performance implications. Please set the heap size to the default value (10240) 
[1441199219.954997] [node010:17427:0]         sys.c:719  MXM  WARN  Conflicting CPU frequencies detected, using: 1599.94
[1441199219.958853] [node010:17427:0]         mxm.c:185  MXM  WARN  The 'ulimit -s' on the system is set to 'unlimited'. This may have negative performance implications. Please set the heap size to the default value (10240) 
[1441199219.977705] [node063:6726 :0]         sys.c:719  MXM  WARN  Conflicting CPU frequencies detected, using: 1599.94
[1441199219.980809] [node063:6726 :0]         mxm.c:185  MXM  WARN  The 'ulimit -s' on the system is set to 'unlimited'. This may have negative performance implications. Please set the heap size to the default value (10240) 
[1441199219.963497] [node033:32075:0]         sys.c:719  MXM  WARN  Conflicting CPU frequencies detected, using: 1798.88
[1441199219.970507] [node033:32075:0]         mxm.c:185  MXM  WARN  The 'ulimit -s' on the system is set to 'unlimited'. This may have negative performance implications. Please set the heap size to the default value (10240) 
[1441199219.957542] [node013:17755:0]         sys.c:719  MXM  WARN  Conflicting CPU frequencies detected, using: 1687.03
[1441199219.963071] [node013:17755:0]         mxm.c:185  MXM  WARN  The 'ulimit -s' on the system is set to 'unlimited'. This may have negative performance implications. Please set the heap size to the default value (10240) 
[1441199219.962364] [node035:32016:0]         sys.c:719  MXM  WARN  Conflicting CPU frequencies detected, using: 1594.31
[1441199219.965818] [node035:32016:0]         mxm.c:185  MXM  WARN  The 'ulimit -s' on the system is set to 'unlimited'. This may have negative performance implications. Please set the heap size to the default value (10240) 
[1441199219.954568] [node042:31773:0]         sys.c:719  MXM  WARN  Conflicting CPU frequencies detected, using: 1597.59
[1441199219.959842] [node042:31773:0]         mxm.c:185  MXM  WARN  The 'ulimit -s' on the system is set to 'unlimited'. This may have negative performance implications. Please set the heap size to the default value (10240) 
[1441199219.982427] [node010:17444:0]         sys.c:719  MXM  WARN  Conflicting CPU frequencies detected, using: 1794.94
[1441199219.985572] [node010:17444:0]         mxm.c:185  MXM  WARN  The 'ulimit -s' on the system is set to 'unlimited'. This may have negative performance implications. Please set the heap size to the default value (10240) 
[1441199219.969536] [node058:7076 :0]         sys.c:719  MXM  WARN  Conflicting CPU frequencies detected, using: 1768.88
[1441199219.973751] [node058:7076 :0]         mxm.c:185  MXM  WARN  The 'ulimit -s' on the system is set to 'unlimited'. This may have negative performance implications. Please set the heap size to the default value (10240) 
[1441199219.969547] [node048:24454:0]         sys.c:719  MXM  WARN  Conflicting CPU frequencies detected, using: 1599.47
[1441199219.973440] [node048:24454:0]         mxm.c:185  MXM  WARN  The 'ulimit -s' on the system is set to 'unlimited'. This may have negative performance implications. Please set the heap size to the default value (10240) 
[1441199219.968974] [node012:17657:0]         sys.c:719  MXM  WARN  Conflicting CPU frequencies detected, using: 1677.75
[1441199219.974696] [node012:17657:0]         mxm.c:185  MXM  WARN  The 'ulimit -s' on the system is set to 'unlimited'. This may have negative performance implications. Please set the heap size to the default value (10240) 
[1441199219.964760] [node061:6612 :0]         sys.c:719  MXM  WARN  Conflicting CPU frequencies detected, using: 1592.25
[1441199219.968669] [node061:6612 :0]         mxm.c:185  MXM  WARN  The 'ulimit -s' on the system is set to 'unlimited'. This may have negative performance implications. Please set the heap size to the default value (10240) 
[1441199219.983508] [node059:7014 :0]         sys.c:719  MXM  WARN  Conflicting CPU frequencies detected, using: 2196.56
[1441199219.987450] [node059:7014 :0]         mxm.c:185  MXM  WARN  The 'ulimit -s' on the system is set to 'unlimited'. This may have negative performance implications. Please set the heap size to the default value (10240) 
[1441199219.966970] [node046:26806:0]         sys.c:719  MXM  WARN  Conflicting CPU frequencies detected, using: 1596.28
[1441199219.970693] [node046:26806:0]         mxm.c:185  MXM  WARN  The 'ulimit -s' on the system is set to 'unlimited'. This may have negative performance implications. Please set the heap size to the default value (10240) 
[1441199219.973052] [node046:26812:0]         sys.c:719  MXM  WARN  Conflicting CPU frequencies detected, using: 1669.31
[1441199219.976626] [node046:26812:0]         mxm.c:185  MXM  WARN  The 'ulimit -s' on the system is set to 'unlimited'. This may have negative performance implications. Please set the heap size to the default value (10240) 
[1441199219.996034] [node060:7097 :0]         sys.c:719  MXM  WARN  Conflicting CPU frequencies detected, using: 2885.91
[1441199219.999509] [node060:7097 :0]         mxm.c:185  MXM  WARN  The 'ulimit -s' on the system is set to 'unlimited'. This may have negative performance implications. Please set the heap size to the default value (10240) 
[1441199219.966955] [node011:17442:0]         sys.c:719  MXM  WARN  Conflicting CPU frequencies detected, using: 1579.78
[1441199219.972838] [node011:17442:0]         mxm.c:185  MXM  WARN  The 'ulimit -s' on the system is set to 'unlimited'. This may have negative performance implications. Please set the heap size to the default value (10240) 
[1441199219.961657] [node055:6409 :0]         sys.c:719  MXM  WARN  Conflicting CPU frequencies detected, using: 1599.19
[1441199219.967735] [node055:6409 :0]         mxm.c:185  MXM  WARN  The 'ulimit -s' on the system is set to 'unlimited'. This may have negative performance implications. Please set the heap size to the default value (10240) 
[1441199219.979870] [node043:31567:0]         sys.c:719  MXM  WARN  Conflicting CPU frequencies detected, using: 1792.41
[1441199219.985297] [node043:31567:0]         mxm.c:185  MXM  WARN  The 'ulimit -s' on the system is set to 'unlimited'. This may have negative performance implications. Please set the heap size to the default value (10240) 
[1441199219.968860] [node041:31582:0]         sys.c:719  MXM  WARN  Conflicting CPU frequencies detected, using: 1691.81
[1441199219.974334] [node041:31582:0]         mxm.c:185  MXM  WARN  The 'ulimit -s' on the system is set to 'unlimited'. This may have negative performance implications. Please set the heap size to the default value (10240) 
[1441199219.973119] [node064:6625 :0]         sys.c:719  MXM  WARN  Conflicting CPU frequencies detected, using: 1684.41
[1441199219.979186] [node064:6625 :0]         mxm.c:185  MXM  WARN  The 'ulimit -s' on the system is set to 'unlimited'. This may have negative performance implications. Please set the heap size to the default value (10240) 
[1441199219.973660] [node030:2659 :0]         sys.c:719  MXM  WARN  Conflicting CPU frequencies detected, using: 1699.97
[1441199219.979061] [node030:2659 :0]         mxm.c:185  MXM  WARN  The 'ulimit -s' on the system is set to 'unlimited'. This may have negative performance implications. Please set the heap size to the default value (10240) 
[1441199219.967521] [node044:31500:0]         sys.c:719  MXM  WARN  Conflicting CPU frequencies detected, using: 1500.00
[1441199219.973148] [node044:31500:0]         mxm.c:185  MXM  WARN  The 'ulimit -s' on the system is set to 'unlimited'. This may have negative performance implications. Please set the heap size to the default value (10240) 
[1441199219.985562] [node032:31651:0]         sys.c:719  MXM  WARN  Conflicting CPU frequencies detected, using: 1808.25
[1441199219.990264] [node032:31651:0]         mxm.c:185  MXM  WARN  The 'ulimit -s' on the system is set to 'unlimited'. This may have negative performance implications. Please set the heap size to the default value (10240) 
[1441199219.984344] [node043:31566:0]         sys.c:719  MXM  WARN  Conflicting CPU frequencies detected, using: 1800.00
[1441199219.989668] [node043:31566:0]         mxm.c:185  MXM  WARN  The 'ulimit -s' on the system is set to 'unlimited'. This may have negative performance implications. Please set the heap size to the default value (10240) 
[1441199219.990338] [node048:24471:0]         sys.c:719  MXM  WARN  Conflicting CPU frequencies detected, using: 1694.81
[1441199219.993523] [node048:24471:0]         mxm.c:185  MXM  WARN  The 'ulimit -s' on the system is set to 'unlimited'. This may have negative performance implications. Please set the heap size to the default value (10240) 
[1441199219.975210] [node053:17618:0]         sys.c:719  MXM  WARN  Conflicting CPU frequencies detected, using: 1787.62
[1441199219.982167] [node053:17618:0]         mxm.c:185  MXM  WARN  The 'ulimit -s' on the system is set to 'unlimited'. This may have negative performance implications. Please set the heap size to the default value (10240) 
[1441199219.994878] [node066:7039 :0]         sys.c:719  MXM  WARN  Conflicting CPU frequencies detected, using: 2325.75
[1441199220.001309] [node066:7039 :0]         mxm.c:185  MXM  WARN  The 'ulimit -s' on the system is set to 'unlimited'. This may have negative performance implications. Please set the heap size to the default value (10240) 
[1441199219.976551] [node055:6423 :0]         sys.c:719  MXM  WARN  Conflicting CPU frequencies detected, using: 1798.78
[1441199219.982927] [node055:6423 :0]         mxm.c:185  MXM  WARN  The 'ulimit -s' on the system is set to 'unlimited'. This may have negative performance implications. Please set the heap size to the default value (10240) 
[1441199219.997570] [node066:7040 :0]         sys.c:719  MXM  WARN  Conflicting CPU frequencies detected, using: 2325.75
[1441199220.004254] [node066:7040 :0]         mxm.c:185  MXM  WARN  The 'ulimit -s' on the system is set to 'unlimited'. This may have negative performance implications. Please set the heap size to the default value (10240) 
[1441199219.982135] [node030:2666 :0]         sys.c:719  MXM  WARN  Conflicting CPU frequencies detected, using: 1719.19
[1441199219.988947] [node030:2666 :0]         mxm.c:185  MXM  WARN  The 'ulimit -s' on the system is set to 'unlimited'. This may have negative performance implications. Please set the heap size to the default value (10240) 
[1441199219.973845] [node053:17617:0]         sys.c:719  MXM  WARN  Conflicting CPU frequencies detected, using: 1787.62
[1441199219.980655] [node053:17617:0]         mxm.c:185  MXM  WARN  The 'ulimit -s' on the system is set to 'unlimited'. This may have negative performance implications. Please set the heap size to the default value (10240) 
[1441199219.987913] [node061:6629 :0]         sys.c:719  MXM  WARN  Conflicting CPU frequencies detected, using: 1700.16
[1441199219.991847] [node061:6629 :0]         mxm.c:185  MXM  WARN  The 'ulimit -s' on the system is set to 'unlimited'. This may have negative performance implications. Please set the heap size to the default value (10240) 
[1441199219.973568] [node045:31799:0]         sys.c:719  MXM  WARN  Conflicting CPU frequencies detected, using: 1592.72
[1441199219.979753] [node045:31799:0]         mxm.c:185  MXM  WARN  The 'ulimit -s' on the system is set to 'unlimited'. This may have negative performance implications. Please set the heap size to the default value (10240) 
[1441199219.998382] [node058:7093 :0]         sys.c:719  MXM  WARN  Conflicting CPU frequencies detected, using: 1768.88
[1441199220.003343] [node058:7093 :0]         mxm.c:185  MXM  WARN  The 'ulimit -s' on the system is set to 'unlimited'. This may have negative performance implications. Please set the heap size to the default value (10240) 
[1441199220.001309] [node067:6905 :0]         sys.c:719  MXM  WARN  Conflicting CPU frequencies detected, using: 2311.03
[1441199220.007554] [node067:6905 :0]         mxm.c:185  MXM  WARN  The 'ulimit -s' on the system is set to 'unlimited'. This may have negative performance implications. Please set the heap size to the default value (10240) 
[1441199219.990558] [node042:31790:0]         sys.c:719  MXM  WARN  Conflicting CPU frequencies detected, using: 1690.59
[1441199219.996492] [node042:31790:0]         mxm.c:185  MXM  WARN  The 'ulimit -s' on the system is set to 'unlimited'. This may have negative performance implications. Please set the heap size to the default value (10240) 
[1441199219.993139] [node047:24393:0]         sys.c:719  MXM  WARN  Conflicting CPU frequencies detected, using: 1889.81
[1441199219.996598] [node047:24393:0]         mxm.c:185  MXM  WARN  The 'ulimit -s' on the system is set to 'unlimited'. This may have negative performance implications. Please set the heap size to the default value (10240) 
[1441199219.991064] [node050:22044:0]         sys.c:719  MXM  WARN  Conflicting CPU frequencies detected, using: 1689.47
[1441199219.994866] [node050:22044:0]         mxm.c:185  MXM  WARN  The 'ulimit -s' on the system is set to 'unlimited'. This may have negative performance implications. Please set the heap size to the default value (10240) 
[1441199219.991469] [node051:19610:0]         sys.c:719  MXM  WARN  Conflicting CPU frequencies detected, using: 1522.03
[1441199219.994831] [node051:19610:0]         mxm.c:185  MXM  WARN  The 'ulimit -s' on the system is set to 'unlimited'. This may have negative performance implications. Please set the heap size to the default value (10240) 
[1441199219.995542] [node040:31663:0]         sys.c:719  MXM  WARN  Conflicting CPU frequencies detected, using: 1768.31
[1441199220.001282] [node040:31663:0]         mxm.c:185  MXM  WARN  The 'ulimit -s' on the system is set to 'unlimited'. This may have negative performance implications. Please set the heap size to the default value (10240) 
[1441199220.005942] [node047:24407:0]         sys.c:719  MXM  WARN  Conflicting CPU frequencies detected, using: 1899.94
[1441199220.009366] [node047:24407:0]         mxm.c:185  MXM  WARN  The 'ulimit -s' on the system is set to 'unlimited'. This may have negative performance implications. Please set the heap size to the default value (10240) 
[1441199219.990822] [node011:17459:0]         sys.c:719  MXM  WARN  Conflicting CPU frequencies detected, using: 1500.00
[1441199219.996746] [node011:17459:0]         mxm.c:185  MXM  WARN  The 'ulimit -s' on the system is set to 'unlimited'. This may have negative performance implications. Please set the heap size to the default value (10240) 
[1441199220.012650] [node065:7092 :0]         sys.c:719  MXM  WARN  Conflicting CPU frequencies detected, using: 2382.00
[1441199220.017165] [node065:7092 :0]         mxm.c:185  MXM  WARN  The 'ulimit -s' on the system is set to 'unlimited'. This may have negative performance implications. Please set the heap size to the default value (10240) 
[1441199219.993095] [node038:31744:0]         sys.c:719  MXM  WARN  Conflicting CPU frequencies detected, using: 1797.47
[1441199219.999940] [node038:31744:0]         mxm.c:185  MXM  WARN  The 'ulimit -s' on the system is set to 'unlimited'. This may have negative performance implications. Please set the heap size to the default value (10240) 
[1441199219.991226] [node038:31745:0]         sys.c:719  MXM  WARN  Conflicting CPU frequencies detected, using: 1797.47
[1441199219.998224] [node038:31745:0]         mxm.c:185  MXM  WARN  The 'ulimit -s' on the system is set to 'unlimited'. This may have negative performance implications. Please set the heap size to the default value (10240) 
[1441199220.029277] [node057:6785 :0]         sys.c:719  MXM  WARN  Conflicting CPU frequencies detected, using: 2972.44
[1441199220.033472] [node057:6785 :0]         mxm.c:185  MXM  WARN  The 'ulimit -s' on the system is set to 'unlimited'. This may have negative performance implications. Please set the heap size to the default value (10240) 
[1441199220.014038] [node068:7046 :0]         sys.c:719  MXM  WARN  Conflicting CPU frequencies detected, using: 2498.34
[1441199220.020048] [node068:7046 :0]         mxm.c:185  MXM  WARN  The 'ulimit -s' on the system is set to 'unlimited'. This may have negative performance implications. Please set the heap size to the default value (10240) 
[1441199220.010966] [node050:22056:0]         sys.c:719  MXM  WARN  Conflicting CPU frequencies detected, using: 1784.44
[1441199220.014593] [node050:22056:0]         mxm.c:185  MXM  WARN  The 'ulimit -s' on the system is set to 'unlimited'. This may have negative performance implications. Please set the heap size to the default value (10240) 
[1441199219.994750] [node039:31847:0]         sys.c:719  MXM  WARN  Conflicting CPU frequencies detected, using: 1699.97
[1441199220.000618] [node039:31847:0]         mxm.c:185  MXM  WARN  The 'ulimit -s' on the system is set to 'unlimited'. This may have negative performance implications. Please set the heap size to the default value (10240) 
[1441199219.992279] [node039:31849:0]         sys.c:719  MXM  WARN  Conflicting CPU frequencies detected, using: 1699.97
[1441199219.998148] [node039:31849:0]         mxm.c:185  MXM  WARN  The 'ulimit -s' on the system is set to 'unlimited'. This may have negative performance implications. Please set the heap size to the default value (10240) 
[1441199220.019008] [node064:6642 :0]         sys.c:719  MXM  WARN  Conflicting CPU frequencies detected, using: 1800.00
[1441199220.023910] [node064:6642 :0]         mxm.c:185  MXM  WARN  The 'ulimit -s' on the system is set to 'unlimited'. This may have negative performance implications. Please set the heap size to the default value (10240) 
[1441199220.029715] [node065:7106 :0]         sys.c:719  MXM  WARN  Conflicting CPU frequencies detected, using: 2382.00
[1441199220.034009] [node065:7106 :0]         mxm.c:185  MXM  WARN  The 'ulimit -s' on the system is set to 'unlimited'. This may have negative performance implications. Please set the heap size to the default value (10240) 
[1441199220.004294] [node056:6481 :0]         sys.c:719  MXM  WARN  Conflicting CPU frequencies detected, using: 1790.62
[1441199220.010286] [node056:6481 :0]         mxm.c:185  MXM  WARN  The 'ulimit -s' on the system is set to 'unlimited'. This may have negative performance implications. Please set the heap size to the default value (10240) 
[1441199220.006170] [node056:6482 :0]         sys.c:719  MXM  WARN  Conflicting CPU frequencies detected, using: 1790.62
[1441199220.013142] [node056:6482 :0]         mxm.c:185  MXM  WARN  The 'ulimit -s' on the system is set to 'unlimited'. This may have negative performance implications. Please set the heap size to the default value (10240) 
[1441199220.017547] [node041:31599:0]         sys.c:719  MXM  WARN  Conflicting CPU frequencies detected, using: 1876.69
[1441199220.022923] [node041:31599:0]         mxm.c:185  MXM  WARN  The 'ulimit -s' on the system is set to 'unlimited'. This may have negative performance implications. Please set the heap size to the default value (10240) 
[1441199220.020879] [node045:31816:0]         sys.c:719  MXM  WARN  Conflicting CPU frequencies detected, using: 1694.72
[1441199220.026314] [node045:31816:0]         mxm.c:185  MXM  WARN  The 'ulimit -s' on the system is set to 'unlimited'. This may have negative performance implications. Please set the heap size to the default value (10240) 
[1441199220.046748] [node067:6922 :0]         sys.c:719  MXM  WARN  Conflicting CPU frequencies detected, using: 2981.44
[1441199220.052661] [node067:6922 :0]         mxm.c:185  MXM  WARN  The 'ulimit -s' on the system is set to 'unlimited'. This may have negative performance implications. Please set the heap size to the default value (10240) 
[1441199220.031741] [node051:19627:0]         sys.c:719  MXM  WARN  Conflicting CPU frequencies detected, using: 1772.34
[1441199220.035425] [node051:19627:0]         mxm.c:185  MXM  WARN  The 'ulimit -s' on the system is set to 'unlimited'. This may have negative performance implications. Please set the heap size to the default value (10240) 
[1441199220.043072] [node059:7031 :0]         sys.c:719  MXM  WARN  Conflicting CPU frequencies detected, using: 2196.56
[1441199220.047308] [node059:7031 :0]         mxm.c:185  MXM  WARN  The 'ulimit -s' on the system is set to 'unlimited'. This may have negative performance implications. Please set the heap size to the default value (10240) 
[1441199220.043039] [node068:7063 :0]         sys.c:719  MXM  WARN  Conflicting CPU frequencies detected, using: 2399.16
[1441199220.048837] [node068:7063 :0]         mxm.c:185  MXM  WARN  The 'ulimit -s' on the system is set to 'unlimited'. This may have negative performance implications. Please set the heap size to the default value (10240) 
[1441199220.038971] [node052:22581:0]         sys.c:719  MXM  WARN  Conflicting CPU frequencies detected, using: 1884.94
[1441199220.042661] [node052:22581:0]         mxm.c:185  MXM  WARN  The 'ulimit -s' on the system is set to 'unlimited'. This may have negative performance implications. Please set the heap size to the default value (10240) 
[1441199220.033507] [node044:31521:0]         sys.c:719  MXM  WARN  Conflicting CPU frequencies detected, using: 1600.22
[1441199220.039127] [node044:31521:0]         mxm.c:185  MXM  WARN  The 'ulimit -s' on the system is set to 'unlimited'. This may have negative performance implications. Please set the heap size to the default value (10240) 
[1441199220.051035] [node062:6657 :0]         sys.c:719  MXM  WARN  Conflicting CPU frequencies detected, using: 1500.00
[1441199220.057016] [node062:6657 :0]         mxm.c:185  MXM  WARN  The 'ulimit -s' on the system is set to 'unlimited'. This may have negative performance implications. Please set the heap size to the default value (10240) 
[1441199220.637419] [node004:24135:0]         sys.c:719  MXM  WARN  Conflicting CPU frequencies detected, using: 1399.03
[1441199220.641307] [node004:24135:0]         mxm.c:185  MXM  WARN  The 'ulimit -s' on the system is set to 'unlimited'. This may have negative performance implications. Please set the heap size to the default value (10240) 
[1441199220.743864] [node005:24642:0]         sys.c:719  MXM  WARN  Conflicting CPU frequencies detected, using: 1488.00
[1441199220.747799] [node005:24642:0]         mxm.c:185  MXM  WARN  The 'ulimit -s' on the system is set to 'unlimited'. This may have negative performance implications. Please set the heap size to the default value (10240) 
UPCR: UPC thread   1 of 104 on node001 (pshm node  0 of 52, process   1 of 104, pid=29447)
UPCR: UPC thread   0 of 104 on node001 (pshm node  0 of 52, process   0 of 104, pid=29446)
UPCR: UPC thread  78 of 104 on node056 (pshm node 39 of 52, process  78 of 104, pid=6482)
UPCR: UPC thread  15 of 104 on node008 (pshm node  7 of 52, process  15 of 104, pid=23962)
UPCR: UPC thread   7 of 104 on node004 (pshm node  3 of 52, process   7 of 104, pid=24111)
UPCR: UPC thread  97 of 104 on node065 (pshm node 48 of 52, process  97 of 104, pid=7106)
UPCR: UPC thread  54 of 104 on node044 (pshm node 27 of 52, process  54 of 104, pid=31521)
UPCR: UPC thread  33 of 104 on node033 (pshm node 16 of 52, process  33 of 104, pid=32069)
UPCR: UPC thread  96 of 104 on node065 (pshm node 48 of 52, process  96 of 104, pid=7092)
UPCR: UPC thread  76 of 104 on node055 (pshm node 38 of 52, process  76 of 104, pid=6423)
UPCR: UPC thread  35 of 104 on node034 (pshm node 17 of 52, process  35 of 104, pid=31430)
UPCR: UPC thread   2 of 104 on node002 (pshm node  1 of 52, process   2 of 104, pid=26666)
UPCR: UPC thread  94 of 104 on node064 (pshm node 47 of 52, process  94 of 104, pid=6642)
UPCR: UPC thread  79 of 104 on node056 (pshm node 39 of 52, process  79 of 104, pid=6481)
UPCR: UPC thread   3 of 104 on node002 (pshm node  1 of 52, process   3 of 104, pid=26662)
UPCR: UPC thread  52 of 104 on node043 (pshm node 26 of 52, process  52 of 104, pid=31567)
UPCR: UPC thread  65 of 104 on node049 (pshm node 32 of 52, process  65 of 104, pid=24477)
UPCR: UPC thread  44 of 104 on node039 (pshm node 22 of 52, process  44 of 104, pid=31847)
UPCR: UPC thread  47 of 104 on node040 (pshm node 23 of 52, process  47 of 104, pid=31640)
UPCR: UPC thread  13 of 104 on node007 (pshm node  6 of 52, process  13 of 104, pid=29238)
UPCR: UPC thread  46 of 104 on node040 (pshm node 23 of 52, process  46 of 104, pid=31663)
UPCR: UPC thread  89 of 104 on node061 (pshm node 44 of 52, process  89 of 104, pid=6612)
UPCR: UPC thread  57 of 104 on node045 (pshm node 28 of 52, process  57 of 104, pid=31799)
UPCR: UPC thread   6 of 104 on node004 (pshm node  3 of 52, process   6 of 104, pid=24135)
UPCR: UPC thread 102 of 104 on node068 (pshm node 51 of 52, process 102 of 104, pid=7046)
UPCR: UPC thread  20 of 104 on node011 (pshm node 10 of 52, process  20 of 104, pid=17442)
UPCR: UPC thread  45 of 104 on node039 (pshm node 22 of 52, process  45 of 104, pid=31849)
UPCR: UPC thread  37 of 104 on node035 (pshm node 18 of 52, process  37 of 104, pid=32016)
UPCR: UPC thread  87 of 104 on node060 (pshm node 43 of 52, process  87 of 104, pid=7076)
UPCR: UPC thread  41 of 104 on node037 (pshm node 20 of 52, process  41 of 104, pid=31896)
UPCR: UPC thread  60 of 104 on node047 (pshm node 30 of 52, process  60 of 104, pid=24407)
UPCR: UPC thread  56 of 104 on node045 (pshm node 28 of 52, process  56 of 104, pid=31816)
UPCR: UPC thread  14 of 104 on node008 (pshm node  7 of 52, process  14 of 104, pid=23986)
UPCR: UPC thread  38 of 104 on node036 (pshm node 19 of 52, process  38 of 104, pid=32057)
UPCR: UPC thread  32 of 104 on node033 (pshm node 16 of 52, process  32 of 104, pid=32075)
UPCR: UPC thread  69 of 104 on node051 (pshm node 34 of 52, process  69 of 104, pid=19627)
UPCR: UPC thread 100 of 104 on node067 (pshm node 50 of 52, process 100 of 104, pid=6905)
UPCR: UPC thread  92 of 104 on node063 (pshm node 46 of 52, process  92 of 104, pid=6709)
UPCR: UPC thread  27 of 104 on node030 (pshm node 13 of 52, process  27 of 104, pid=2666)
UPCR: UPC thread  29 of 104 on node031 (pshm node 14 of 52, process  29 of 104, pid=32125)
UPCR: UPC thread  34 of 104 on node034 (pshm node 17 of 52, process  34 of 104, pid=31420)
UPCR: UPC thread  36 of 104 on node035 (pshm node 18 of 52, process  36 of 104, pid=31995)
UPCR: UPC thread  59 of 104 on node046 (pshm node 29 of 52, process  59 of 104, pid=26806)
UPCR: UPC thread  82 of 104 on node058 (pshm node 41 of 52, process  82 of 104, pid=7093)
UPCR: UPC thread  86 of 104 on node060 (pshm node 43 of 52, process  86 of 104, pid=7097)
UPCR: UPC thread  40 of 104 on node037 (pshm node 20 of 52, process  40 of 104, pid=31879)
UPCR: UPC thread  72 of 104 on node053 (pshm node 36 of 52, process  72 of 104, pid=17618)
UPCR: UPC thread   5 of 104 on node003 (pshm node  2 of 52, process   5 of 104, pid=24607)
UPCR: UPC thread  70 of 104 on node052 (pshm node 35 of 52, process  70 of 104, pid=22557)
UPCR: UPC thread  77 of 104 on node055 (pshm node 38 of 52, process  77 of 104, pid=6409)
UPCR: UPC thread  50 of 104 on node042 (pshm node 25 of 52, process  50 of 104, pid=31790)
UPCR: UPC thread  26 of 104 on node030 (pshm node 13 of 52, process  26 of 104, pid=2659)
UPCR: UPC thread  61 of 104 on node047 (pshm node 30 of 52, process  61 of 104, pid=24393)
UPCR: UPC thread  53 of 104 on node043 (pshm node 26 of 52, process  53 of 104, pid=31566)
UPCR: UPC thread  12 of 104 on node007 (pshm node  6 of 52, process  12 of 104, pid=29237)
UPCR: UPC thread  55 of 104 on node044 (pshm node 27 of 52, process  55 of 104, pid=31500)
UPCR: UPC thread  64 of 104 on node049 (pshm node 32 of 52, process  64 of 104, pid=24460)
UPCR: UPC thread  51 of 104 on node042 (pshm node 25 of 52, process  51 of 104, pid=31773)
UPCR: UPC thread  25 of 104 on node013 (pshm node 12 of 52, process  25 of 104, pid=17755)
UPCR: UPC thread 103 of 104 on node068 (pshm node 51 of 52, process 103 of 104, pid=7063)
UPCR: UPC thread  85 of 104 on node059 (pshm node 42 of 52, process  85 of 104, pid=7031)
UPCR: UPC thread  73 of 104 on node053 (pshm node 36 of 52, process  73 of 104, pid=17617)
UPCR: UPC thread  19 of 104 on node010 (pshm node  9 of 52, process  19 of 104, pid=17444)
UPCR: UPC thread  66 of 104 on node050 (pshm node 33 of 52, process  66 of 104, pid=22044)
UPCR: UPC thread  24 of 104 on node013 (pshm node 12 of 52, process  24 of 104, pid=17736)
UPCR: UPC thread  18 of 104 on node010 (pshm node  9 of 52, process  18 of 104, pid=17427)
UPCR: UPC thread  95 of 104 on node064 (pshm node 47 of 52, process  95 of 104, pid=6625)
UPCR: UPC thread  23 of 104 on node012 (pshm node 11 of 52, process  23 of 104, pid=17657)
UPCR: UPC thread  39 of 104 on node036 (pshm node 19 of 52, process  39 of 104, pid=32063)
UPCR: UPC thread   9 of 104 on node005 (pshm node  4 of 52, process   9 of 104, pid=24618)
UPCR: UPC thread  30 of 104 on node032 (pshm node 15 of 52, process  30 of 104, pid=31651)
UPCR: UPC thread  81 of 104 on node057 (pshm node 40 of 52, process  81 of 104, pid=6764)
UPCR: UPC thread  10 of 104 on node006 (pshm node  5 of 52, process  10 of 104, pid=24048)
UPCR: UPC thread  28 of 104 on node031 (pshm node 14 of 52, process  28 of 104, pid=32108)
UPCR: UPC thread  11 of 104 on node006 (pshm node  5 of 52, process  11 of 104, pid=24025)
UPCR: UPC thread  80 of 104 on node057 (pshm node 40 of 52, process  80 of 104, pid=6785)
UPCR: UPC thread  42 of 104 on node038 (pshm node 21 of 52, process  42 of 104, pid=31744)
UPCR: UPC thread 101 of 104 on node067 (pshm node 50 of 52, process 101 of 104, pid=6922)
UPCR: UPC thread  43 of 104 on node038 (pshm node 21 of 52, process  43 of 104, pid=31745)
UPCR: UPC thread  74 of 104 on node054 (pshm node 37 of 52, process  74 of 104, pid=6515)
UPCR: UPC thread  68 of 104 on node051 (pshm node 34 of 52, process  68 of 104, pid=19610)
UPCR: UPC thread   4 of 104 on node003 (pshm node  2 of 52, process   4 of 104, pid=24583)
UPCR: UPC thread  31 of 104 on node032 (pshm node 15 of 52, process  31 of 104, pid=31628)
UPCR: UPC thread  83 of 104 on node058 (pshm node 41 of 52, process  83 of 104, pid=7076)
UPCR: UPC thread  67 of 104 on node050 (pshm node 33 of 52, process  67 of 104, pid=22056)
UPCR: UPC thread  16 of 104 on node009 (pshm node  8 of 52, process  16 of 104, pid=17541)
UPCR: UPC thread  21 of 104 on node011 (pshm node 10 of 52, process  21 of 104, pid=17459)
UPCR: UPC thread  22 of 104 on node012 (pshm node 11 of 52, process  22 of 104, pid=17640)
UPCR: UPC thread  99 of 104 on node066 (pshm node 49 of 52, process  99 of 104, pid=7040)
UPCR: UPC thread  63 of 104 on node048 (pshm node 31 of 52, process  63 of 104, pid=24471)
UPCR: UPC thread  75 of 104 on node054 (pshm node 37 of 52, process  75 of 104, pid=6532)
UPCR: UPC thread  71 of 104 on node052 (pshm node 35 of 52, process  71 of 104, pid=22581)
UPCR: UPC thread  62 of 104 on node048 (pshm node 31 of 52, process  62 of 104, pid=24454)
UPCR: UPC thread  17 of 104 on node009 (pshm node  8 of 52, process  17 of 104, pid=17520)
UPCR: UPC thread  84 of 104 on node059 (pshm node 42 of 52, process  84 of 104, pid=7014)
UPCR: UPC thread  49 of 104 on node041 (pshm node 24 of 52, process  49 of 104, pid=31582)
UPCR: UPC thread  58 of 104 on node046 (pshm node 29 of 52, process  58 of 104, pid=26812)
UPCR: UPC thread  98 of 104 on node066 (pshm node 49 of 52, process  98 of 104, pid=7039)
UPCR: UPC thread  91 of 104 on node062 (pshm node 45 of 52, process  91 of 104, pid=6657)
UPCR: UPC thread  90 of 104 on node062 (pshm node 45 of 52, process  90 of 104, pid=6640)
UPCR: UPC thread   8 of 104 on node005 (pshm node  4 of 52, process   8 of 104, pid=24642)
UPCR: UPC thread  88 of 104 on node061 (pshm node 44 of 52, process  88 of 104, pid=6629)
UPCR: UPC thread  48 of 104 on node041 (pshm node 24 of 52, process  48 of 104, pid=31599)
UPCR: UPC thread  93 of 104 on node063 (pshm node 46 of 52, process  93 of 104, pid=6726)
0/104 - htable initialized
0/104 - table size: 111669149696 bytes (106496 MB)
0/104 - total number of buckets: 13958643712
0/104 - block size: 1073741824 (1024 MB)
0/104 - number of buckets in block: 134217728
0/104 - number of blocks: 104
88/104 - Performed a throughput benchmark:
88/104 - Performed 2000000 find-or-put operations with random values from [0,...,135199999]
88/104 - Finds: 944338 (0.472169), Inserts: 1055662 (0.527831), Errors: 0 (0)
88/104 - Execution time: 8.35389 seconds
88/104 - Throughput: 239409 ops/sec
74/104 - Performed a throughput benchmark:
74/104 - Performed 2000000 find-or-put operations with random values from [0,...,135199999]
74/104 - Finds: 945358 (0.472679), Inserts: 1054642 (0.527321), Errors: 0 (0)
74/104 - Execution time: 8.36508 seconds
74/104 - Throughput: 239089 ops/sec
82/104 - Performed a throughput benchmark:
82/104 - Performed 2000000 find-or-put operations with random values from [0,...,135199999]
82/104 - Finds: 945690 (0.472845), Inserts: 1054310 (0.527155), Errors: 0 (0)
82/104 - Execution time: 8.36736 seconds
82/104 - Throughput: 239024 ops/sec
78/104 - Performed a throughput benchmark:
78/104 - Performed 2000000 find-or-put operations with random values from [0,...,135199999]
78/104 - Finds: 946423 (0.473212), Inserts: 1053577 (0.526788), Errors: 0 (0)
78/104 - Execution time: 8.37833 seconds
78/104 - Throughput: 238711 ops/sec
84/104 - Performed a throughput benchmark:
84/104 - Performed 2000000 find-or-put operations with random values from [0,...,135199999]
84/104 - Finds: 943169 (0.471585), Inserts: 1056831 (0.528416), Errors: 0 (0)
84/104 - Execution time: 8.36995 seconds
84/104 - Throughput: 238950 ops/sec
95/104 - Performed a throughput benchmark:
95/104 - Performed 2000000 find-or-put operations with random values from [0,...,135199999]
95/104 - Finds: 944348 (0.472174), Inserts: 1055652 (0.527826), Errors: 0 (0)
95/104 - Execution time: 8.38168 seconds
95/104 - Throughput: 238616 ops/sec
97/104 - Performed a throughput benchmark:
97/104 - Performed 2000000 find-or-put operations with random values from [0,...,135199999]
97/104 - Finds: 946637 (0.473318), Inserts: 1053363 (0.526682), Errors: 0 (0)
97/104 - Execution time: 8.39371 seconds
97/104 - Throughput: 238274 ops/sec
83/104 - Performed a throughput benchmark:
83/104 - Performed 2000000 find-or-put operations with random values from [0,...,135199999]
83/104 - Finds: 946002 (0.473001), Inserts: 1053998 (0.526999), Errors: 0 (0)
83/104 - Execution time: 8.37512 seconds
83/104 - Throughput: 238803 ops/sec
101/104 - Performed a throughput benchmark:
101/104 - Performed 2000000 find-or-put operations with random values from [0,...,135199999]
101/104 - Finds: 945402 (0.472701), Inserts: 1054598 (0.527299), Errors: 0 (0)
101/104 - Execution time: 8.375 seconds
101/104 - Throughput: 238806 ops/sec
79/104 - Performed a throughput benchmark:
79/104 - Performed 2000000 find-or-put operations with random values from [0,...,135199999]
79/104 - Finds: 946231 (0.473116), Inserts: 1053769 (0.526884), Errors: 0 (0)
79/104 - Execution time: 8.36299 seconds
79/104 - Throughput: 239149 ops/sec
89/104 - Performed a throughput benchmark:
89/104 - Performed 2000000 find-or-put operations with random values from [0,...,135199999]
89/104 - Finds: 944510 (0.472255), Inserts: 1055490 (0.527745), Errors: 0 (0)
89/104 - Execution time: 8.36415 seconds
89/104 - Throughput: 239116 ops/sec
77/104 - Performed a throughput benchmark:
77/104 - Performed 2000000 find-or-put operations with random values from [0,...,135199999]
77/104 - Finds: 947661 (0.47383), Inserts: 1052339 (0.526169), Errors: 0 (0)
77/104 - Execution time: 8.3969 seconds
77/104 - Throughput: 238183 ops/sec
98/104 - Performed a throughput benchmark:
98/104 - Performed 2000000 find-or-put operations with random values from [0,...,135199999]
98/104 - Finds: 946407 (0.473203), Inserts: 1053593 (0.526797), Errors: 0 (0)
98/104 - Execution time: 8.37794 seconds
98/104 - Throughput: 238722 ops/sec
90/104 - Performed a throughput benchmark:
90/104 - Performed 2000000 find-or-put operations with random values from [0,...,135199999]
90/104 - Finds: 945411 (0.472706), Inserts: 1054589 (0.527294), Errors: 0 (0)
90/104 - Execution time: 8.3769 seconds
90/104 - Throughput: 238752 ops/sec
92/104 - Performed a throughput benchmark:
92/104 - Performed 2000000 find-or-put operations with random values from [0,...,135199999]
92/104 - Finds: 946946 (0.473473), Inserts: 1053054 (0.526527), Errors: 0 (0)
92/104 - Execution time: 8.39644 seconds
92/104 - Throughput: 238196 ops/sec
94/104 - Performed a throughput benchmark:
94/104 - Performed 2000000 find-or-put operations with random values from [0,...,135199999]
94/104 - Finds: 944134 (0.472067), Inserts: 1055866 (0.527933), Errors: 0 (0)
94/104 - Execution time: 8.37926 seconds
94/104 - Throughput: 238685 ops/sec
72/104 - Performed a throughput benchmark:
72/104 - Performed 2000000 find-or-put operations with random values from [0,...,135199999]
72/104 - Finds: 944689 (0.472345), Inserts: 1055311 (0.527656), Errors: 0 (0)
72/104 - Execution time: 8.39468 seconds
72/104 - Throughput: 238246 ops/sec
76/104 - Performed a throughput benchmark:
76/104 - Performed 2000000 find-or-put operations with random values from [0,...,135199999]
76/104 - Finds: 947636 (0.473818), Inserts: 1052364 (0.526182), Errors: 0 (0)
76/104 - Execution time: 8.39589 seconds
76/104 - Throughput: 238212 ops/sec
100/104 - Performed a throughput benchmark:
100/104 - Performed 2000000 find-or-put operations with random values from [0,...,135199999]
100/104 - Finds: 946346 (0.473173), Inserts: 1053654 (0.526827), Errors: 0 (0)
100/104 - Execution time: 8.38512 seconds
100/104 - Throughput: 238518 ops/sec
80/104 - Performed a throughput benchmark:
80/104 - Performed 2000000 find-or-put operations with random values from [0,...,135199999]
80/104 - Finds: 945956 (0.472978), Inserts: 1054044 (0.527022), Errors: 0 (0)
80/104 - Execution time: 8.38348 seconds
80/104 - Throughput: 238564 ops/sec
75/104 - Performed a throughput benchmark:
75/104 - Performed 2000000 find-or-put operations with random values from [0,...,135199999]
75/104 - Finds: 947130 (0.473565), Inserts: 1052870 (0.526435), Errors: 0 (0)
75/104 - Execution time: 8.38558 seconds
75/104 - Throughput: 238505 ops/sec
103/104 - Performed a throughput benchmark:
103/104 - Performed 2000000 find-or-put operations with random values from [0,...,135199999]
103/104 - Finds: 946741 (0.473371), Inserts: 1053259 (0.526629), Errors: 0 (0)
103/104 - Execution time: 8.38564 seconds
103/104 - Throughput: 238503 ops/sec
91/104 - Performed a throughput benchmark:
91/104 - Performed 2000000 find-or-put operations with random values from [0,...,135199999]
91/104 - Finds: 946190 (0.473095), Inserts: 1053810 (0.526905), Errors: 0 (0)
91/104 - Execution time: 8.38191 seconds
91/104 - Throughput: 238609 ops/sec
96/104 - Performed a throughput benchmark:
96/104 - Performed 2000000 find-or-put operations with random values from [0,...,135199999]
96/104 - Finds: 947115 (0.473558), Inserts: 1052885 (0.526443), Errors: 0 (0)
96/104 - Execution time: 8.40194 seconds
96/104 - Throughput: 238040 ops/sec
99/104 - Performed a throughput benchmark:
99/104 - Performed 2000000 find-or-put operations with random values from [0,...,135199999]
99/104 - Finds: 947061 (0.473531), Inserts: 1052939 (0.52647), Errors: 0 (0)
99/104 - Execution time: 8.39934 seconds
99/104 - Throughput: 238114 ops/sec
73/104 - Performed a throughput benchmark:
73/104 - Performed 2000000 find-or-put operations with random values from [0,...,135199999]
73/104 - Finds: 946119 (0.47306), Inserts: 1053881 (0.526941), Errors: 0 (0)
73/104 - Execution time: 8.39994 seconds
73/104 - Throughput: 238097 ops/sec
85/104 - Performed a throughput benchmark:
85/104 - Performed 2000000 find-or-put operations with random values from [0,...,135199999]
85/104 - Finds: 947530 (0.473765), Inserts: 1052470 (0.526235), Errors: 0 (0)
85/104 - Execution time: 8.40359 seconds
85/104 - Throughput: 237993 ops/sec
93/104 - Performed a throughput benchmark:
93/104 - Performed 2000000 find-or-put operations with random values from [0,...,135199999]
93/104 - Finds: 949600 (0.4748), Inserts: 1050400 (0.5252), Errors: 0 (0)
93/104 - Execution time: 8.41965 seconds
93/104 - Throughput: 237540 ops/sec
81/104 - Performed a throughput benchmark:
81/104 - Performed 2000000 find-or-put operations with random values from [0,...,135199999]
81/104 - Finds: 948516 (0.474258), Inserts: 1051484 (0.525742), Errors: 0 (0)
81/104 - Execution time: 8.40673 seconds
81/104 - Throughput: 237905 ops/sec
86/104 - Performed a throughput benchmark:
86/104 - Performed 2000000 find-or-put operations with random values from [0,...,135199999]
86/104 - Finds: 941655 (0.470828), Inserts: 1058345 (0.529173), Errors: 0 (0)
86/104 - Execution time: 8.37017 seconds
86/104 - Throughput: 238944 ops/sec
87/104 - Performed a throughput benchmark:
87/104 - Performed 2000000 find-or-put operations with random values from [0,...,135199999]
87/104 - Finds: 944440 (0.47222), Inserts: 1055560 (0.52778), Errors: 0 (0)
87/104 - Execution time: 8.38071 seconds
87/104 - Throughput: 238643 ops/sec
102/104 - Performed a throughput benchmark:
102/104 - Performed 2000000 find-or-put operations with random values from [0,...,135199999]
102/104 - Finds: 946017 (0.473008), Inserts: 1053983 (0.526991), Errors: 0 (0)
102/104 - Execution time: 8.4008 seconds
102/104 - Throughput: 238073 ops/sec
31/104 - Performed a throughput benchmark:
31/104 - Performed 2000000 find-or-put operations with random values from [0,...,135199999]
31/104 - Finds: 961020 (0.48051), Inserts: 1038980 (0.51949), Errors: 0 (0)
31/104 - Execution time: 8.58385 seconds
31/104 - Throughput: 232996 ops/sec
32/104 - Performed a throughput benchmark:
32/104 - Performed 2000000 find-or-put operations with random values from [0,...,135199999]
32/104 - Finds: 961176 (0.480588), Inserts: 1038824 (0.519412), Errors: 0 (0)
32/104 - Execution time: 8.58737 seconds
32/104 - Throughput: 232900 ops/sec
36/104 - Performed a throughput benchmark:
36/104 - Performed 2000000 find-or-put operations with random values from [0,...,135199999]
36/104 - Finds: 961731 (0.480866), Inserts: 1038269 (0.519135), Errors: 0 (0)
36/104 - Execution time: 8.60296 seconds
36/104 - Throughput: 232478 ops/sec
51/104 - Performed a throughput benchmark:
51/104 - Performed 2000000 find-or-put operations with random values from [0,...,135199999]
51/104 - Finds: 961029 (0.480515), Inserts: 1038971 (0.519486), Errors: 0 (0)
51/104 - Execution time: 8.58761 seconds
51/104 - Throughput: 232894 ops/sec
38/104 - Performed a throughput benchmark:
38/104 - Performed 2000000 find-or-put operations with random values from [0,...,135199999]
38/104 - Finds: 960477 (0.480239), Inserts: 1039523 (0.519761), Errors: 0 (0)
38/104 - Execution time: 8.59821 seconds
38/104 - Throughput: 232607 ops/sec
30/104 - Performed a throughput benchmark:
30/104 - Performed 2000000 find-or-put operations with random values from [0,...,135199999]
30/104 - Finds: 962171 (0.481085), Inserts: 1037829 (0.518914), Errors: 0 (0)
30/104 - Execution time: 8.57911 seconds
30/104 - Throughput: 233124 ops/sec
33/104 - Performed a throughput benchmark:
33/104 - Performed 2000000 find-or-put operations with random values from [0,...,135199999]
33/104 - Finds: 962299 (0.48115), Inserts: 1037701 (0.51885), Errors: 0 (0)
33/104 - Execution time: 8.61159 seconds
33/104 - Throughput: 232245 ops/sec
43/104 - Performed a throughput benchmark:
43/104 - Performed 2000000 find-or-put operations with random values from [0,...,135199999]
43/104 - Finds: 963726 (0.481863), Inserts: 1036274 (0.518137), Errors: 0 (0)
43/104 - Execution time: 8.61367 seconds
43/104 - Throughput: 232189 ops/sec
50/104 - Performed a throughput benchmark:
50/104 - Performed 2000000 find-or-put operations with random values from [0,...,135199999]
50/104 - Finds: 960551 (0.480276), Inserts: 1039449 (0.519725), Errors: 0 (0)
50/104 - Execution time: 8.58993 seconds
50/104 - Throughput: 232831 ops/sec
46/104 - Performed a throughput benchmark:
46/104 - Performed 2000000 find-or-put operations with random values from [0,...,135199999]
46/104 - Finds: 961486 (0.480743), Inserts: 1038514 (0.519257), Errors: 0 (0)
46/104 - Execution time: 8.60006 seconds
46/104 - Throughput: 232557 ops/sec
34/104 - Performed a throughput benchmark:
34/104 - Performed 2000000 find-or-put operations with random values from [0,...,135199999]
34/104 - Finds: 963940 (0.48197), Inserts: 1036060 (0.51803), Errors: 0 (0)
34/104 - Execution time: 8.62984 seconds
34/104 - Throughput: 231754 ops/sec
42/104 - Performed a throughput benchmark:
42/104 - Performed 2000000 find-or-put operations with random values from [0,...,135199999]
42/104 - Finds: 962873 (0.481436), Inserts: 1037127 (0.518563), Errors: 0 (0)
42/104 - Execution time: 8.59947 seconds
42/104 - Throughput: 232572 ops/sec
28/104 - Performed a throughput benchmark:
28/104 - Performed 2000000 find-or-put operations with random values from [0,...,135199999]
28/104 - Finds: 963854 (0.481927), Inserts: 1036146 (0.518073), Errors: 0 (0)
28/104 - Execution time: 8.63424 seconds
28/104 - Throughput: 231636 ops/sec
53/104 - Performed a throughput benchmark:
53/104 - Performed 2000000 find-or-put operations with random values from [0,...,135199999]
53/104 - Finds: 962830 (0.481415), Inserts: 1037170 (0.518585), Errors: 0 (0)
53/104 - Execution time: 8.61606 seconds
53/104 - Throughput: 232125 ops/sec
47/104 - Performed a throughput benchmark:
47/104 - Performed 2000000 find-or-put operations with random values from [0,...,135199999]
47/104 - Finds: 962695 (0.481347), Inserts: 1037305 (0.518652), Errors: 0 (0)
47/104 - Execution time: 8.61333 seconds
47/104 - Throughput: 232198 ops/sec
57/104 - Performed a throughput benchmark:
57/104 - Performed 2000000 find-or-put operations with random values from [0,...,135199999]
57/104 - Finds: 963378 (0.481689), Inserts: 1036622 (0.518311), Errors: 0 (0)
57/104 - Execution time: 8.62892 seconds
57/104 - Throughput: 231779 ops/sec
27/104 - Performed a throughput benchmark:
27/104 - Performed 2000000 find-or-put operations with random values from [0,...,135199999]
27/104 - Finds: 963488 (0.481744), Inserts: 1036512 (0.518256), Errors: 0 (0)
27/104 - Execution time: 8.62404 seconds
27/104 - Throughput: 231910 ops/sec
48/104 - Performed a throughput benchmark:
48/104 - Performed 2000000 find-or-put operations with random values from [0,...,135199999]
48/104 - Finds: 962773 (0.481386), Inserts: 1037227 (0.518613), Errors: 0 (0)
48/104 - Execution time: 8.61498 seconds
48/104 - Throughput: 232154 ops/sec
29/104 - Performed a throughput benchmark:
29/104 - Performed 2000000 find-or-put operations with random values from [0,...,135199999]
29/104 - Finds: 963001 (0.4815), Inserts: 1036999 (0.5185), Errors: 0 (0)
29/104 - Execution time: 8.64074 seconds
29/104 - Throughput: 231462 ops/sec
49/104 - Performed a throughput benchmark:
49/104 - Performed 2000000 find-or-put operations with random values from [0,...,135199999]
49/104 - Finds: 964046 (0.482023), Inserts: 1035954 (0.517977), Errors: 0 (0)
49/104 - Execution time: 8.62719 seconds
49/104 - Throughput: 231825 ops/sec
56/104 - Performed a throughput benchmark:
56/104 - Performed 2000000 find-or-put operations with random values from [0,...,135199999]
56/104 - Finds: 962673 (0.481337), Inserts: 1037327 (0.518664), Errors: 0 (0)
56/104 - Execution time: 8.60801 seconds
56/104 - Throughput: 232342 ops/sec
52/104 - Performed a throughput benchmark:
52/104 - Performed 2000000 find-or-put operations with random values from [0,...,135199999]
52/104 - Finds: 962920 (0.48146), Inserts: 1037080 (0.51854), Errors: 0 (0)
52/104 - Execution time: 8.61939 seconds
52/104 - Throughput: 232035 ops/sec
40/104 - Performed a throughput benchmark:
40/104 - Performed 2000000 find-or-put operations with random values from [0,...,135199999]
40/104 - Finds: 963847 (0.481924), Inserts: 1036153 (0.518077), Errors: 0 (0)
40/104 - Execution time: 8.62649 seconds
40/104 - Throughput: 231844 ops/sec
44/104 - Performed a throughput benchmark:
44/104 - Performed 2000000 find-or-put operations with random values from [0,...,135199999]
44/104 - Finds: 963895 (0.481947), Inserts: 1036105 (0.518053), Errors: 0 (0)
44/104 - Execution time: 8.63426 seconds
44/104 - Throughput: 231635 ops/sec
39/104 - Performed a throughput benchmark:
39/104 - Performed 2000000 find-or-put operations with random values from [0,...,135199999]
39/104 - Finds: 962127 (0.481063), Inserts: 1037873 (0.518937), Errors: 0 (0)
39/104 - Execution time: 8.61102 seconds
39/104 - Throughput: 232261 ops/sec
55/104 - Performed a throughput benchmark:
55/104 - Performed 2000000 find-or-put operations with random values from [0,...,135199999]
55/104 - Finds: 964125 (0.482063), Inserts: 1035875 (0.517938), Errors: 0 (0)
55/104 - Execution time: 8.62615 seconds
55/104 - Throughput: 231853 ops/sec
26/104 - Performed a throughput benchmark:
26/104 - Performed 2000000 find-or-put operations with random values from [0,...,135199999]
26/104 - Finds: 963665 (0.481832), Inserts: 1036335 (0.518168), Errors: 0 (0)
26/104 - Execution time: 8.61563 seconds
26/104 - Throughput: 232136 ops/sec
37/104 - Performed a throughput benchmark:
37/104 - Performed 2000000 find-or-put operations with random values from [0,...,135199999]
37/104 - Finds: 962393 (0.481197), Inserts: 1037607 (0.518803), Errors: 0 (0)
37/104 - Execution time: 8.61101 seconds
37/104 - Throughput: 232261 ops/sec
41/104 - Performed a throughput benchmark:
41/104 - Performed 2000000 find-or-put operations with random values from [0,...,135199999]
41/104 - Finds: 962144 (0.481072), Inserts: 1037856 (0.518928), Errors: 0 (0)
41/104 - Execution time: 8.61667 seconds
41/104 - Throughput: 232108 ops/sec
35/104 - Performed a throughput benchmark:
35/104 - Performed 2000000 find-or-put operations with random values from [0,...,135199999]
35/104 - Finds: 964696 (0.482348), Inserts: 1035304 (0.517652), Errors: 0 (0)
35/104 - Execution time: 8.63846 seconds
35/104 - Throughput: 231523 ops/sec
54/104 - Performed a throughput benchmark:
54/104 - Performed 2000000 find-or-put operations with random values from [0,...,135199999]
54/104 - Finds: 964714 (0.482357), Inserts: 1035286 (0.517643), Errors: 0 (0)
54/104 - Execution time: 8.62887 seconds
54/104 - Throughput: 231780 ops/sec
24/104 - Performed a throughput benchmark:
24/104 - Performed 2000000 find-or-put operations with random values from [0,...,135199999]
24/104 - Finds: 968898 (0.484449), Inserts: 1031102 (0.515551), Errors: 0 (0)
24/104 - Execution time: 8.64524 seconds
24/104 - Throughput: 231341 ops/sec
45/104 - Performed a throughput benchmark:
45/104 - Performed 2000000 find-or-put operations with random values from [0,...,135199999]
45/104 - Finds: 966413 (0.483206), Inserts: 1033587 (0.516794), Errors: 0 (0)
45/104 - Execution time: 8.65292 seconds
45/104 - Throughput: 231136 ops/sec
16/104 - Performed a throughput benchmark:
16/104 - Performed 2000000 find-or-put operations with random values from [0,...,135199999]
16/104 - Finds: 969958 (0.484979), Inserts: 1030042 (0.515021), Errors: 0 (0)
16/104 - Execution time: 8.6865 seconds
16/104 - Throughput: 230242 ops/sec
23/104 - Performed a throughput benchmark:
23/104 - Performed 2000000 find-or-put operations with random values from [0,...,135199999]
23/104 - Finds: 970932 (0.485466), Inserts: 1029068 (0.514534), Errors: 0 (0)
23/104 - Execution time: 8.67754 seconds
23/104 - Throughput: 230480 ops/sec
17/104 - Performed a throughput benchmark:
17/104 - Performed 2000000 find-or-put operations with random values from [0,...,135199999]
17/104 - Finds: 969848 (0.484924), Inserts: 1030152 (0.515076), Errors: 0 (0)
17/104 - Execution time: 8.68264 seconds
17/104 - Throughput: 230345 ops/sec
18/104 - Performed a throughput benchmark:
18/104 - Performed 2000000 find-or-put operations with random values from [0,...,135199999]
18/104 - Finds: 969320 (0.48466), Inserts: 1030680 (0.51534), Errors: 0 (0)
18/104 - Execution time: 8.65594 seconds
18/104 - Throughput: 231055 ops/sec
25/104 - Performed a throughput benchmark:
25/104 - Performed 2000000 find-or-put operations with random values from [0,...,135199999]
25/104 - Finds: 968877 (0.484438), Inserts: 1031123 (0.515562), Errors: 0 (0)
25/104 - Execution time: 8.6508 seconds
25/104 - Throughput: 231193 ops/sec
19/104 - Performed a throughput benchmark:
19/104 - Performed 2000000 find-or-put operations with random values from [0,...,135199999]
19/104 - Finds: 969543 (0.484772), Inserts: 1030457 (0.515228), Errors: 0 (0)
19/104 - Execution time: 8.66826 seconds
19/104 - Throughput: 230727 ops/sec
22/104 - Performed a throughput benchmark:
22/104 - Performed 2000000 find-or-put operations with random values from [0,...,135199999]
22/104 - Finds: 970970 (0.485485), Inserts: 1029030 (0.514515), Errors: 0 (0)
22/104 - Execution time: 8.67367 seconds
22/104 - Throughput: 230583 ops/sec
21/104 - Performed a throughput benchmark:
21/104 - Performed 2000000 find-or-put operations with random values from [0,...,135199999]
21/104 - Finds: 971952 (0.485976), Inserts: 1028048 (0.514024), Errors: 0 (0)
21/104 - Execution time: 8.70903 seconds
21/104 - Throughput: 229647 ops/sec
14/104 - Performed a throughput benchmark:
14/104 - Performed 2000000 find-or-put operations with random values from [0,...,135199999]
14/104 - Finds: 973487 (0.486743), Inserts: 1026513 (0.513257), Errors: 0 (0)
14/104 - Execution time: 8.68773 seconds
14/104 - Throughput: 230210 ops/sec
15/104 - Performed a throughput benchmark:
15/104 - Performed 2000000 find-or-put operations with random values from [0,...,135199999]
15/104 - Finds: 972980 (0.48649), Inserts: 1027020 (0.51351), Errors: 0 (0)
15/104 - Execution time: 8.6928 seconds
15/104 - Throughput: 230076 ops/sec
20/104 - Performed a throughput benchmark:
20/104 - Performed 2000000 find-or-put operations with random values from [0,...,135199999]
20/104 - Finds: 971779 (0.485889), Inserts: 1028221 (0.514111), Errors: 0 (0)
20/104 - Execution time: 8.69616 seconds
20/104 - Throughput: 229987 ops/sec
60/104 - Performed a throughput benchmark:
60/104 - Performed 2000000 find-or-put operations with random values from [0,...,135199999]
60/104 - Finds: 1021296 (0.510648), Inserts: 978704 (0.489352), Errors: 0 (0)
60/104 - Execution time: 9.35005 seconds
60/104 - Throughput: 213903 ops/sec
58/104 - Performed a throughput benchmark:
58/104 - Performed 2000000 find-or-put operations with random values from [0,...,135199999]
58/104 - Finds: 1021377 (0.510688), Inserts: 978623 (0.489312), Errors: 0 (0)
58/104 - Execution time: 9.35447 seconds
58/104 - Throughput: 213801 ops/sec
63/104 - Performed a throughput benchmark:
63/104 - Performed 2000000 find-or-put operations with random values from [0,...,135199999]
63/104 - Finds: 1023445 (0.511722), Inserts: 976555 (0.488277), Errors: 0 (0)
63/104 - Execution time: 9.38311 seconds
63/104 - Throughput: 213149 ops/sec
67/104 - Performed a throughput benchmark:
67/104 - Performed 2000000 find-or-put operations with random values from [0,...,135199999]
67/104 - Finds: 1022849 (0.511424), Inserts: 977151 (0.488575), Errors: 0 (0)
67/104 - Execution time: 9.42868 seconds
67/104 - Throughput: 212119 ops/sec
71/104 - Performed a throughput benchmark:
71/104 - Performed 2000000 find-or-put operations with random values from [0,...,135199999]
71/104 - Finds: 1029116 (0.514558), Inserts: 970884 (0.485442), Errors: 0 (0)
71/104 - Execution time: 9.48879 seconds
71/104 - Throughput: 210775 ops/sec
70/104 - Performed a throughput benchmark:
70/104 - Performed 2000000 find-or-put operations with random values from [0,...,135199999]
70/104 - Finds: 1028567 (0.514284), Inserts: 971433 (0.485716), Errors: 0 (0)
70/104 - Execution time: 9.47492 seconds
70/104 - Throughput: 211084 ops/sec
64/104 - Performed a throughput benchmark:
64/104 - Performed 2000000 find-or-put operations with random values from [0,...,135199999]
64/104 - Finds: 1029307 (0.514653), Inserts: 970693 (0.485347), Errors: 0 (0)
64/104 - Execution time: 9.49026 seconds
64/104 - Throughput: 210742 ops/sec
59/104 - Performed a throughput benchmark:
59/104 - Performed 2000000 find-or-put operations with random values from [0,...,135199999]
59/104 - Finds: 1031211 (0.515606), Inserts: 968789 (0.484395), Errors: 0 (0)
59/104 - Execution time: 9.50824 seconds
59/104 - Throughput: 210344 ops/sec
61/104 - Performed a throughput benchmark:
61/104 - Performed 2000000 find-or-put operations with random values from [0,...,135199999]
61/104 - Finds: 1031589 (0.515795), Inserts: 968411 (0.484206), Errors: 0 (0)
61/104 - Execution time: 9.50707 seconds
61/104 - Throughput: 210370 ops/sec
66/104 - Performed a throughput benchmark:
66/104 - Performed 2000000 find-or-put operations with random values from [0,...,135199999]
66/104 - Finds: 1032037 (0.516019), Inserts: 967963 (0.483982), Errors: 0 (0)
66/104 - Execution time: 9.52609 seconds
66/104 - Throughput: 209950 ops/sec
68/104 - Performed a throughput benchmark:
68/104 - Performed 2000000 find-or-put operations with random values from [0,...,135199999]
68/104 - Finds: 1030671 (0.515335), Inserts: 969329 (0.484664), Errors: 0 (0)
68/104 - Execution time: 9.51659 seconds
68/104 - Throughput: 210159 ops/sec
62/104 - Performed a throughput benchmark:
62/104 - Performed 2000000 find-or-put operations with random values from [0,...,135199999]
62/104 - Finds: 1033383 (0.516691), Inserts: 966617 (0.483308), Errors: 0 (0)
62/104 - Execution time: 9.53825 seconds
62/104 - Throughput: 209682 ops/sec
65/104 - Performed a throughput benchmark:
65/104 - Performed 2000000 find-or-put operations with random values from [0,...,135199999]
65/104 - Finds: 1035181 (0.51759), Inserts: 964819 (0.482409), Errors: 0 (0)
65/104 - Execution time: 9.5502 seconds
65/104 - Throughput: 209420 ops/sec
69/104 - Performed a throughput benchmark:
69/104 - Performed 2000000 find-or-put operations with random values from [0,...,135199999]
69/104 - Finds: 1033847 (0.516923), Inserts: 966153 (0.483077), Errors: 0 (0)
69/104 - Execution time: 9.54001 seconds
69/104 - Throughput: 209643 ops/sec
12/104 - Performed a throughput benchmark:
12/104 - Performed 2000000 find-or-put operations with random values from [0,...,135199999]
12/104 - Finds: 1040810 (0.520405), Inserts: 959190 (0.479595), Errors: 0 (0)
12/104 - Execution time: 9.6582 seconds
12/104 - Throughput: 207078 ops/sec
11/104 - Performed a throughput benchmark:
11/104 - Performed 2000000 find-or-put operations with random values from [0,...,135199999]
11/104 - Finds: 1047050 (0.523525), Inserts: 952950 (0.476475), Errors: 0 (0)
11/104 - Execution time: 9.79565 seconds
11/104 - Throughput: 204172 ops/sec
7/104 - Performed a throughput benchmark:
7/104 - Performed 2000000 find-or-put operations with random values from [0,...,135199999]
7/104 - Finds: 1050128 (0.525064), Inserts: 949872 (0.474936), Errors: 0 (0)
7/104 - Execution time: 9.80962 seconds
7/104 - Throughput: 203881 ops/sec
9/104 - Performed a throughput benchmark:
9/104 - Performed 2000000 find-or-put operations with random values from [0,...,135199999]
9/104 - Finds: 1048580 (0.52429), Inserts: 951420 (0.47571), Errors: 0 (0)
9/104 - Execution time: 9.81708 seconds
9/104 - Throughput: 203727 ops/sec
10/104 - Performed a throughput benchmark:
10/104 - Performed 2000000 find-or-put operations with random values from [0,...,135199999]
10/104 - Finds: 1046898 (0.523449), Inserts: 953102 (0.476551), Errors: 0 (0)
10/104 - Execution time: 9.79751 seconds
10/104 - Throughput: 204134 ops/sec
6/104 - Performed a throughput benchmark:
6/104 - Performed 2000000 find-or-put operations with random values from [0,...,135199999]
6/104 - Finds: 1048291 (0.524146), Inserts: 951709 (0.475855), Errors: 0 (0)
6/104 - Execution time: 9.8074 seconds
6/104 - Throughput: 203928 ops/sec
8/104 - Performed a throughput benchmark:
8/104 - Performed 2000000 find-or-put operations with random values from [0,...,135199999]
8/104 - Finds: 1047958 (0.523979), Inserts: 952042 (0.476021), Errors: 0 (0)
8/104 - Execution time: 9.80626 seconds
8/104 - Throughput: 203951 ops/sec
4/104 - Performed a throughput benchmark:
4/104 - Performed 2000000 find-or-put operations with random values from [0,...,135199999]
4/104 - Finds: 1051616 (0.525808), Inserts: 948384 (0.474192), Errors: 0 (0)
4/104 - Execution time: 9.82555 seconds
4/104 - Throughput: 203551 ops/sec
13/104 - Performed a throughput benchmark:
13/104 - Performed 2000000 find-or-put operations with random values from [0,...,135199999]
13/104 - Finds: 1050304 (0.525152), Inserts: 949696 (0.474848), Errors: 0 (0)
13/104 - Execution time: 9.82115 seconds
13/104 - Throughput: 203642 ops/sec
2/104 - Performed a throughput benchmark:
2/104 - Performed 2000000 find-or-put operations with random values from [0,...,135199999]
2/104 - Finds: 1050374 (0.525187), Inserts: 949626 (0.474813), Errors: 0 (0)
2/104 - Execution time: 9.84353 seconds
2/104 - Throughput: 203179 ops/sec
5/104 - Performed a throughput benchmark:
5/104 - Performed 2000000 find-or-put operations with random values from [0,...,135199999]
5/104 - Finds: 1052344 (0.526172), Inserts: 947656 (0.473828), Errors: 0 (0)
5/104 - Execution time: 9.82492 seconds
5/104 - Throughput: 203564 ops/sec
1/104 - Performed a throughput benchmark:
1/104 - Performed 2000000 find-or-put operations with random values from [0,...,135199999]
1/104 - Finds: 1055527 (0.527764), Inserts: 944473 (0.472237), Errors: 0 (0)
1/104 - Execution time: 9.8733 seconds
1/104 - Throughput: 202567 ops/sec
3/104 - Performed a throughput benchmark:
3/104 - Performed 2000000 find-or-put operations with random values from [0,...,135199999]
3/104 - Finds: 1051004 (0.525502), Inserts: 948996 (0.474498), Errors: 0 (0)
3/104 - Execution time: 9.85303 seconds
3/104 - Throughput: 202983 ops/sec
0/104 - Performed a throughput benchmark:
0/104 - Performed 2000000 find-or-put operations with random values from [0,...,135199999]
0/104 - Finds: 1058196 (0.529098), Inserts: 941804 (0.470902), Errors: 0 (0)
0/104 - Execution time: 9.90833 seconds
0/104 - Throughput: 201850 ops/sec
[1441199219.332922] [node001:29401:0]         sys.c:719  MXM  WARN  Conflicting CPU frequencies detected, using: 1426.41
