[1441195753.780140] [node001:4021 :0]         sys.c:719  MXM  WARN  Conflicting CPU frequencies detected, using: 1590.84
[1441195753.784704] [node001:4021 :0]         mxm.c:185  MXM  WARN  The 'ulimit -s' on the system is set to 'unlimited'. This may have negative performance implications. Please set the heap size to the default value (10240) 
[1441195753.775282] [node001:4019 :0]         sys.c:719  MXM  WARN  Conflicting CPU frequencies detected, using: 1590.84
[1441195753.784894] [node001:4019 :0]         mxm.c:185  MXM  WARN  The 'ulimit -s' on the system is set to 'unlimited'. This may have negative performance implications. Please set the heap size to the default value (10240) 
[1441195753.774931] [node001:4022 :0]         sys.c:719  MXM  WARN  Conflicting CPU frequencies detected, using: 1590.84
[1441195753.784271] [node001:4022 :0]         mxm.c:185  MXM  WARN  The 'ulimit -s' on the system is set to 'unlimited'. This may have negative performance implications. Please set the heap size to the default value (10240) 
[1441195753.775256] [node001:4020 :0]         sys.c:719  MXM  WARN  Conflicting CPU frequencies detected, using: 1590.84
[1441195753.786588] [node001:4020 :0]         mxm.c:185  MXM  WARN  The 'ulimit -s' on the system is set to 'unlimited'. This may have negative performance implications. Please set the heap size to the default value (10240) 
[1441195754.038321] [node003:12251:0]         sys.c:719  MXM  WARN  Conflicting CPU frequencies detected, using: 1797.66
[1441195754.041888] [node003:12251:0]         mxm.c:185  MXM  WARN  The 'ulimit -s' on the system is set to 'unlimited'. This may have negative performance implications. Please set the heap size to the default value (10240) 
[1441195754.074236] [node002:14347:0]         sys.c:719  MXM  WARN  Conflicting CPU frequencies detected, using: 1551.00
[1441195754.077775] [node002:14347:0]         mxm.c:185  MXM  WARN  The 'ulimit -s' on the system is set to 'unlimited'. This may have negative performance implications. Please set the heap size to the default value (10240) 
[1441195754.112627] [node002:14364:0]         sys.c:719  MXM  WARN  Conflicting CPU frequencies detected, using: 1794.66
[1441195754.115869] [node002:14364:0]         mxm.c:185  MXM  WARN  The 'ulimit -s' on the system is set to 'unlimited'. This may have negative performance implications. Please set the heap size to the default value (10240) 
[1441195754.108814] [node003:12274:0]         sys.c:719  MXM  WARN  Conflicting CPU frequencies detected, using: 1898.06
[1441195754.112119] [node003:12274:0]         mxm.c:185  MXM  WARN  The 'ulimit -s' on the system is set to 'unlimited'. This may have negative performance implications. Please set the heap size to the default value (10240) 
[1441195754.129300] [node003:12292:0]         sys.c:719  MXM  WARN  Conflicting CPU frequencies detected, using: 2093.34
[1441195754.132115] [node003:12292:0]         mxm.c:185  MXM  WARN  The 'ulimit -s' on the system is set to 'unlimited'. This may have negative performance implications. Please set the heap size to the default value (10240) 
[1441195754.107794] [node008:3502 :0]         sys.c:719  MXM  WARN  Conflicting CPU frequencies detected, using: 1500.00
[1441195754.113668] [node008:3502 :0]         mxm.c:185  MXM  WARN  The 'ulimit -s' on the system is set to 'unlimited'. This may have negative performance implications. Please set the heap size to the default value (10240) 
[1441195754.132992] [node007:16908:0]         sys.c:719  MXM  WARN  Conflicting CPU frequencies detected, using: 1799.53
[1441195754.136509] [node007:16908:0]         mxm.c:185  MXM  WARN  The 'ulimit -s' on the system is set to 'unlimited'. This may have negative performance implications. Please set the heap size to the default value (10240) 
[1441195754.143725] [node003:12309:0]         sys.c:719  MXM  WARN  Conflicting CPU frequencies detected, using: 2100.00
[1441195754.146868] [node003:12309:0]         mxm.c:185  MXM  WARN  The 'ulimit -s' on the system is set to 'unlimited'. This may have negative performance implications. Please set the heap size to the default value (10240) 
[1441195754.160737] [node007:16925:0]         sys.c:719  MXM  WARN  Conflicting CPU frequencies detected, using: 1997.91
[1441195754.163622] [node007:16925:0]         mxm.c:185  MXM  WARN  The 'ulimit -s' on the system is set to 'unlimited'. This may have negative performance implications. Please set the heap size to the default value (10240) 
[1441195754.167625] [node006:11699:0]         sys.c:719  MXM  WARN  Conflicting CPU frequencies detected, using: 1697.34
[1441195754.170709] [node006:11699:0]         mxm.c:185  MXM  WARN  The 'ulimit -s' on the system is set to 'unlimited'. This may have negative performance implications. Please set the heap size to the default value (10240) 
[1441195754.187819] [node007:16946:0]         sys.c:719  MXM  WARN  Conflicting CPU frequencies detected, using: 2194.69
[1441195754.190811] [node007:16946:0]         mxm.c:185  MXM  WARN  The 'ulimit -s' on the system is set to 'unlimited'. This may have negative performance implications. Please set the heap size to the default value (10240) 
[1441195754.166679] [node004:11800:0]         sys.c:719  MXM  WARN  Conflicting CPU frequencies detected, using: 1600.03
[1441195754.170150] [node004:11800:0]         mxm.c:185  MXM  WARN  The 'ulimit -s' on the system is set to 'unlimited'. This may have negative performance implications. Please set the heap size to the default value (10240) 
[1441195754.185870] [node006:11713:0]         sys.c:719  MXM  WARN  Conflicting CPU frequencies detected, using: 1794.00
[1441195754.188684] [node006:11713:0]         mxm.c:185  MXM  WARN  The 'ulimit -s' on the system is set to 'unlimited'. This may have negative performance implications. Please set the heap size to the default value (10240) 
[1441195754.174361] [node012:467  :0]         sys.c:719  MXM  WARN  Conflicting CPU frequencies detected, using: 1699.41
[1441195754.179763] [node012:467  :0]         mxm.c:185  MXM  WARN  The 'ulimit -s' on the system is set to 'unlimited'. This may have negative performance implications. Please set the heap size to the default value (10240) 
[1441195754.192844] [node006:11722:0]         sys.c:719  MXM  WARN  Conflicting CPU frequencies detected, using: 1799.81
[1441195754.196325] [node006:11722:0]         mxm.c:185  MXM  WARN  The 'ulimit -s' on the system is set to 'unlimited'. This may have negative performance implications. Please set the heap size to the default value (10240) 
[1441195754.192391] [node004:11817:0]         sys.c:719  MXM  WARN  Conflicting CPU frequencies detected, using: 1800.00
[1441195754.195474] [node004:11817:0]         mxm.c:185  MXM  WARN  The 'ulimit -s' on the system is set to 'unlimited'. This may have negative performance implications. Please set the heap size to the default value (10240) 
[1441195754.192363] [node002:14394:0]         sys.c:719  MXM  WARN  Conflicting CPU frequencies detected, using: 2197.41
[1441195754.195199] [node002:14394:0]         mxm.c:185  MXM  WARN  The 'ulimit -s' on the system is set to 'unlimited'. This may have negative performance implications. Please set the heap size to the default value (10240) 
[1441195754.195290] [node010:32731:0]         sys.c:719  MXM  WARN  Conflicting CPU frequencies detected, using: 1894.78
[1441195754.198237] [node010:32731:0]         mxm.c:185  MXM  WARN  The 'ulimit -s' on the system is set to 'unlimited'. This may have negative performance implications. Please set the heap size to the default value (10240) 
[1441195754.192988] [node002:14398:0]         sys.c:719  MXM  WARN  Conflicting CPU frequencies detected, using: 2197.41
[1441195754.196546] [node002:14398:0]         mxm.c:185  MXM  WARN  The 'ulimit -s' on the system is set to 'unlimited'. This may have negative performance implications. Please set the heap size to the default value (10240) 
[1441195754.197676] [node010:32732:0]         sys.c:719  MXM  WARN  Conflicting CPU frequencies detected, using: 1999.69
[1441195754.200583] [node010:32732:0]         mxm.c:185  MXM  WARN  The 'ulimit -s' on the system is set to 'unlimited'. This may have negative performance implications. Please set the heap size to the default value (10240) 
[1441195754.200554] [node007:16961:0]         sys.c:719  MXM  WARN  Conflicting CPU frequencies detected, using: 2287.97
[1441195754.203906] [node007:16961:0]         mxm.c:185  MXM  WARN  The 'ulimit -s' on the system is set to 'unlimited'. This may have negative performance implications. Please set the heap size to the default value (10240) 
[1441195754.206673] [node010:32754:0]         sys.c:719  MXM  WARN  Conflicting CPU frequencies detected, using: 1999.69
[1441195754.209472] [node010:32754:0]         mxm.c:185  MXM  WARN  The 'ulimit -s' on the system is set to 'unlimited'. This may have negative performance implications. Please set the heap size to the default value (10240) 
[1441195754.193532] [node012:481  :0]         sys.c:719  MXM  WARN  Conflicting CPU frequencies detected, using: 1798.41
[1441195754.198166] [node012:481  :0]         mxm.c:185  MXM  WARN  The 'ulimit -s' on the system is set to 'unlimited'. This may have negative performance implications. Please set the heap size to the default value (10240) 
[1441195754.213097] [node005:12297:0]         sys.c:719  MXM  WARN  Conflicting CPU frequencies detected, using: 2095.59
[1441195754.215707] [node005:12297:0]         mxm.c:185  MXM  WARN  The 'ulimit -s' on the system is set to 'unlimited'. This may have negative performance implications. Please set the heap size to the default value (10240) 
[1441195754.196344] [node012:488  :0]         sys.c:719  MXM  WARN  Conflicting CPU frequencies detected, using: 1866.66
[1441195754.201412] [node012:488  :0]         mxm.c:185  MXM  WARN  The 'ulimit -s' on the system is set to 'unlimited'. This may have negative performance implications. Please set the heap size to the default value (10240) 
[1441195754.217578] [node006:11752:0]         sys.c:719  MXM  WARN  Conflicting CPU frequencies detected, using: 1998.28
[1441195754.220321] [node006:11752:0]         mxm.c:185  MXM  WARN  The 'ulimit -s' on the system is set to 'unlimited'. This may have negative performance implications. Please set the heap size to the default value (10240) 
[1441195754.200543] [node014:32507:0]         sys.c:719  MXM  WARN  Conflicting CPU frequencies detected, using: 1789.59
[1441195754.203895] [node014:32507:0]         mxm.c:185  MXM  WARN  The 'ulimit -s' on the system is set to 'unlimited'. This may have negative performance implications. Please set the heap size to the default value (10240) 
[1441195754.197121] [node008:3529 :0]         sys.c:719  MXM  WARN  Conflicting CPU frequencies detected, using: 1956.09
[1441195754.202847] [node008:3529 :0]         mxm.c:185  MXM  WARN  The 'ulimit -s' on the system is set to 'unlimited'. This may have negative performance implications. Please set the heap size to the default value (10240) 
[1441195754.207622] [node005:12290:0]         sys.c:719  MXM  WARN  Conflicting CPU frequencies detected, using: 1996.69
[1441195754.210704] [node005:12290:0]         mxm.c:185  MXM  WARN  The 'ulimit -s' on the system is set to 'unlimited'. This may have negative performance implications. Please set the heap size to the default value (10240) 
[1441195754.211619] [node014:32517:0]         sys.c:719  MXM  WARN  Conflicting CPU frequencies detected, using: 1789.59
[1441195754.214476] [node014:32517:0]         mxm.c:185  MXM  WARN  The 'ulimit -s' on the system is set to 'unlimited'. This may have negative performance implications. Please set the heap size to the default value (10240) 
[1441195754.199559] [node008:3528 :0]         sys.c:719  MXM  WARN  Conflicting CPU frequencies detected, using: 1956.09
[1441195754.205458] [node008:3528 :0]         mxm.c:185  MXM  WARN  The 'ulimit -s' on the system is set to 'unlimited'. This may have negative performance implications. Please set the heap size to the default value (10240) 
[1441195754.197784] [node009:352  :0]         sys.c:719  MXM  WARN  Conflicting CPU frequencies detected, using: 1971.56
[1441195754.205449] [node009:352  :0]         mxm.c:185  MXM  WARN  The 'ulimit -s' on the system is set to 'unlimited'. This may have negative performance implications. Please set the heap size to the default value (10240) 
[1441195754.197051] [node009:356  :0]         sys.c:719  MXM  WARN  Conflicting CPU frequencies detected, using: 1899.56
[1441195754.204651] [node009:356  :0]         mxm.c:185  MXM  WARN  The 'ulimit -s' on the system is set to 'unlimited'. This may have negative performance implications. Please set the heap size to the default value (10240) 
[1441195754.198830] [node011:32726:0]         sys.c:719  MXM  WARN  Conflicting CPU frequencies detected, using: 1599.84
[1441195754.203905] [node011:32726:0]         mxm.c:185  MXM  WARN  The 'ulimit -s' on the system is set to 'unlimited'. This may have negative performance implications. Please set the heap size to the default value (10240) 
[1441195754.213720] [node005:12291:0]         sys.c:719  MXM  WARN  Conflicting CPU frequencies detected, using: 2095.59
[1441195754.217232] [node005:12291:0]         mxm.c:185  MXM  WARN  The 'ulimit -s' on the system is set to 'unlimited'. This may have negative performance implications. Please set the heap size to the default value (10240) 
[1441195754.199385] [node015:30168:0]         sys.c:719  MXM  WARN  Conflicting CPU frequencies detected, using: 1894.59
[1441195754.205201] [node015:30168:0]         mxm.c:185  MXM  WARN  The 'ulimit -s' on the system is set to 'unlimited'. This may have negative performance implications. Please set the heap size to the default value (10240) 
[1441195754.201286] [node015:30169:0]         sys.c:719  MXM  WARN  Conflicting CPU frequencies detected, using: 1997.34
[1441195754.207478] [node015:30169:0]         mxm.c:185  MXM  WARN  The 'ulimit -s' on the system is set to 'unlimited'. This may have negative performance implications. Please set the heap size to the default value (10240) 
[1441195754.214245] [node005:12327:0]         sys.c:719  MXM  WARN  Conflicting CPU frequencies detected, using: 2095.59
[1441195754.218192] [node005:12327:0]         mxm.c:185  MXM  WARN  The 'ulimit -s' on the system is set to 'unlimited'. This may have negative performance implications. Please set the heap size to the default value (10240) 
[1441195754.205437] [node013:551  :0]         sys.c:719  MXM  WARN  Conflicting CPU frequencies detected, using: 1699.97
[1441195754.210112] [node013:551  :0]         mxm.c:185  MXM  WARN  The 'ulimit -s' on the system is set to 'unlimited'. This may have negative performance implications. Please set the heap size to the default value (10240) 
[1441195754.213399] [node009:386  :0]         sys.c:719  MXM  WARN  Conflicting CPU frequencies detected, using: 1971.56
[1441195754.219697] [node009:386  :0]         mxm.c:185  MXM  WARN  The 'ulimit -s' on the system is set to 'unlimited'. This may have negative performance implications. Please set the heap size to the default value (10240) 
[1441195754.218904] [node015:30213:0]         sys.c:719  MXM  WARN  Conflicting CPU frequencies detected, using: 1997.34
[1441195754.223827] [node015:30213:0]         mxm.c:185  MXM  WARN  The 'ulimit -s' on the system is set to 'unlimited'. This may have negative performance implications. Please set the heap size to the default value (10240) 
[1441195754.211980] [node015:30185:0]         sys.c:719  MXM  WARN  Conflicting CPU frequencies detected, using: 1997.34
[1441195754.220216] [node015:30185:0]         mxm.c:185  MXM  WARN  The 'ulimit -s' on the system is set to 'unlimited'. This may have negative performance implications. Please set the heap size to the default value (10240) 
[1441195754.226985] [node004:11840:0]         sys.c:719  MXM  WARN  Conflicting CPU frequencies detected, using: 1899.94
[1441195754.230156] [node004:11840:0]         mxm.c:185  MXM  WARN  The 'ulimit -s' on the system is set to 'unlimited'. This may have negative performance implications. Please set the heap size to the default value (10240) 
[1441195754.236951] [node010:316  :0]         sys.c:719  MXM  WARN  Conflicting CPU frequencies detected, using: 2195.91
[1441195754.240016] [node010:316  :0]         mxm.c:185  MXM  WARN  The 'ulimit -s' on the system is set to 'unlimited'. This may have negative performance implications. Please set the heap size to the default value (10240) 
[1441195754.225950] [node012:522  :0]         sys.c:719  MXM  WARN  Conflicting CPU frequencies detected, using: 1996.59
[1441195754.232124] [node012:522  :0]         mxm.c:185  MXM  WARN  The 'ulimit -s' on the system is set to 'unlimited'. This may have negative performance implications. Please set the heap size to the default value (10240) 
[1441195754.226620] [node009:412  :0]         sys.c:719  MXM  WARN  Conflicting CPU frequencies detected, using: 1999.97
[1441195754.232973] [node009:412  :0]         mxm.c:185  MXM  WARN  The 'ulimit -s' on the system is set to 'unlimited'. This may have negative performance implications. Please set the heap size to the default value (10240) 
[1441195754.243161] [node014:32545:0]         sys.c:719  MXM  WARN  Conflicting CPU frequencies detected, using: 1992.19
[1441195754.245687] [node014:32545:0]         mxm.c:185  MXM  WARN  The 'ulimit -s' on the system is set to 'unlimited'. This may have negative performance implications. Please set the heap size to the default value (10240) 
[1441195754.239188] [node014:32541:0]         sys.c:719  MXM  WARN  Conflicting CPU frequencies detected, using: 1992.19
[1441195754.242258] [node014:32541:0]         mxm.c:185  MXM  WARN  The 'ulimit -s' on the system is set to 'unlimited'. This may have negative performance implications. Please set the heap size to the default value (10240) 
[1441195754.240721] [node004:11856:0]         sys.c:719  MXM  WARN  Conflicting CPU frequencies detected, using: 1899.94
[1441195754.243384] [node004:11856:0]         mxm.c:185  MXM  WARN  The 'ulimit -s' on the system is set to 'unlimited'. This may have negative performance implications. Please set the heap size to the default value (10240) 
[1441195754.229892] [node008:3561 :0]         sys.c:719  MXM  WARN  Conflicting CPU frequencies detected, using: 2059.03
[1441195754.235523] [node008:3561 :0]         mxm.c:185  MXM  WARN  The 'ulimit -s' on the system is set to 'unlimited'. This may have negative performance implications. Please set the heap size to the default value (10240) 
[1441195754.226239] [node013:567  :0]         sys.c:719  MXM  WARN  Conflicting CPU frequencies detected, using: 1883.81
[1441195754.232632] [node013:567  :0]         mxm.c:185  MXM  WARN  The 'ulimit -s' on the system is set to 'unlimited'. This may have negative performance implications. Please set the heap size to the default value (10240) 
[1441195754.226907] [node013:561  :0]         sys.c:719  MXM  WARN  Conflicting CPU frequencies detected, using: 1883.81
[1441195754.234138] [node013:561  :0]         mxm.c:185  MXM  WARN  The 'ulimit -s' on the system is set to 'unlimited'. This may have negative performance implications. Please set the heap size to the default value (10240) 
[1441195754.244892] [node011:32745:0]         sys.c:719  MXM  WARN  Conflicting CPU frequencies detected, using: 1987.41
[1441195754.250684] [node011:32745:0]         mxm.c:185  MXM  WARN  The 'ulimit -s' on the system is set to 'unlimited'. This may have negative performance implications. Please set the heap size to the default value (10240) 
[1441195754.236972] [node013:599  :0]         sys.c:719  MXM  WARN  Conflicting CPU frequencies detected, using: 1897.50
[1441195754.246919] [node013:599  :0]         mxm.c:185  MXM  WARN  The 'ulimit -s' on the system is set to 'unlimited'. This may have negative performance implications. Please set the heap size to the default value (10240) 
[1441195754.246862] [node011:32744:0]         sys.c:719  MXM  WARN  Conflicting CPU frequencies detected, using: 1987.41
[1441195754.254667] [node011:32744:0]         mxm.c:185  MXM  WARN  The 'ulimit -s' on the system is set to 'unlimited'. This may have negative performance implications. Please set the heap size to the default value (10240) 
[1441195754.249353] [node011:32757:0]         sys.c:719  MXM  WARN  Conflicting CPU frequencies detected, using: 1987.41
[1441195754.257100] [node011:32757:0]         mxm.c:185  MXM  WARN  The 'ulimit -s' on the system is set to 'unlimited'. This may have negative performance implications. Please set the heap size to the default value (10240) 
[1441195754.291151] [node046:14485:0]         sys.c:719  MXM  WARN  Conflicting CPU frequencies detected, using: 2176.59
[1441195754.294434] [node046:14485:0]         mxm.c:185  MXM  WARN  The 'ulimit -s' on the system is set to 'unlimited'. This may have negative performance implications. Please set the heap size to the default value (10240) 
[1441195754.288398] [node046:14484:0]         sys.c:719  MXM  WARN  Conflicting CPU frequencies detected, using: 2176.59
[1441195754.291526] [node046:14484:0]         mxm.c:185  MXM  WARN  The 'ulimit -s' on the system is set to 'unlimited'. This may have negative performance implications. Please set the heap size to the default value (10240) 
[1441195754.293809] [node046:14483:0]         sys.c:719  MXM  WARN  Conflicting CPU frequencies detected, using: 2176.59
[1441195754.299144] [node046:14483:0]         mxm.c:185  MXM  WARN  The 'ulimit -s' on the system is set to 'unlimited'. This may have negative performance implications. Please set the heap size to the default value (10240) 
[1441195754.285769] [node046:14482:0]         sys.c:719  MXM  WARN  Conflicting CPU frequencies detected, using: 2179.41
[1441195754.289032] [node046:14482:0]         mxm.c:185  MXM  WARN  The 'ulimit -s' on the system is set to 'unlimited'. This may have negative performance implications. Please set the heap size to the default value (10240) 
UPCR: UPC thread  2 of 64 on node001 (pshm node  0 of 16, process  2 of 64, pid=4021)
UPCR: UPC thread  3 of 64 on node001 (pshm node  0 of 16, process  3 of 64, pid=4022)
UPCR: UPC thread  0 of 64 on node001 (pshm node  0 of 16, process  0 of 64, pid=4019)
UPCR: UPC thread  1 of 64 on node001 (pshm node  0 of 16, process  1 of 64, pid=4020)
UPCR: UPC thread 60 of 64 on node046 (pshm node 15 of 16, process 60 of 64, pid=14485)
UPCR: UPC thread 62 of 64 on node046 (pshm node 15 of 16, process 62 of 64, pid=14484)
UPCR: UPC thread 51 of 64 on node013 (pshm node 12 of 16, process 51 of 64, pid=561)
UPCR: UPC thread 48 of 64 on node013 (pshm node 12 of 16, process 48 of 64, pid=599)
UPCR: UPC thread 26 of 64 on node007 (pshm node  6 of 16, process 26 of 64, pid=16946)
UPCR: UPC thread 30 of 64 on node008 (pshm node  7 of 16, process 30 of 64, pid=3561)
UPCR: UPC thread 24 of 64 on node007 (pshm node  6 of 16, process 24 of 64, pid=16908)
UPCR: UPC thread 43 of 64 on node011 (pshm node 10 of 16, process 43 of 64, pid=32757)
UPCR: UPC thread 63 of 64 on node046 (pshm node 15 of 16, process 63 of 64, pid=14483)
UPCR: UPC thread 61 of 64 on node046 (pshm node 15 of 16, process 61 of 64, pid=14482)
UPCR: UPC thread 34 of 64 on node009 (pshm node  8 of 16, process 34 of 64, pid=356)
UPCR: UPC thread 31 of 64 on node008 (pshm node  7 of 16, process 31 of 64, pid=3529)
UPCR: UPC thread 18 of 64 on node005 (pshm node  4 of 16, process 18 of 64, pid=12290)
UPCR: UPC thread 49 of 64 on node013 (pshm node 12 of 16, process 49 of 64, pid=567)
UPCR: UPC thread  5 of 64 on node002 (pshm node  1 of 16, process  5 of 64, pid=14347)
UPCR: UPC thread 15 of 64 on node004 (pshm node  3 of 16, process 15 of 64, pid=11856)
UPCR: UPC thread 10 of 64 on node003 (pshm node  2 of 16, process 10 of 64, pid=12309)
UPCR: UPC thread 38 of 64 on node010 (pshm node  9 of 16, process 38 of 64, pid=32732)
UPCR: UPC thread 35 of 64 on node009 (pshm node  8 of 16, process 35 of 64, pid=386)
UPCR: UPC thread 39 of 64 on node010 (pshm node  9 of 16, process 39 of 64, pid=316)
UPCR: UPC thread 58 of 64 on node015 (pshm node 14 of 16, process 58 of 64, pid=30213)
UPCR: UPC thread 44 of 64 on node012 (pshm node 11 of 16, process 44 of 64, pid=522)
UPCR: UPC thread 32 of 64 on node009 (pshm node  8 of 16, process 32 of 64, pid=412)
UPCR: UPC thread 23 of 64 on node006 (pshm node  5 of 16, process 23 of 64, pid=11699)
UPCR: UPC thread 29 of 64 on node008 (pshm node  7 of 16, process 29 of 64, pid=3528)
UPCR: UPC thread  8 of 64 on node003 (pshm node  2 of 16, process  8 of 64, pid=12274)
UPCR: UPC thread 47 of 64 on node012 (pshm node 11 of 16, process 47 of 64, pid=481)
UPCR: UPC thread 54 of 64 on node014 (pshm node 13 of 16, process 54 of 64, pid=32545)
UPCR: UPC thread 14 of 64 on node004 (pshm node  3 of 16, process 14 of 64, pid=11840)
UPCR: UPC thread 16 of 64 on node005 (pshm node  4 of 16, process 16 of 64, pid=12327)
UPCR: UPC thread 13 of 64 on node004 (pshm node  3 of 16, process 13 of 64, pid=11800)
UPCR: UPC thread 36 of 64 on node010 (pshm node  9 of 16, process 36 of 64, pid=32754)
UPCR: UPC thread  4 of 64 on node002 (pshm node  1 of 16, process  4 of 64, pid=14394)
UPCR: UPC thread 56 of 64 on node015 (pshm node 14 of 16, process 56 of 64, pid=30185)
UPCR: UPC thread 41 of 64 on node011 (pshm node 10 of 16, process 41 of 64, pid=32745)
UPCR: UPC thread 12 of 64 on node004 (pshm node  3 of 16, process 12 of 64, pid=11817)
UPCR: UPC thread  6 of 64 on node002 (pshm node  1 of 16, process  6 of 64, pid=14398)
UPCR: UPC thread 22 of 64 on node006 (pshm node  5 of 16, process 22 of 64, pid=11722)
UPCR: UPC thread 20 of 64 on node006 (pshm node  5 of 16, process 20 of 64, pid=11713)
UPCR: UPC thread 28 of 64 on node008 (pshm node  7 of 16, process 28 of 64, pid=3502)
UPCR: UPC thread 33 of 64 on node009 (pshm node  8 of 16, process 33 of 64, pid=352)
UPCR: UPC thread 45 of 64 on node012 (pshm node 11 of 16, process 45 of 64, pid=467)
UPCR: UPC thread 19 of 64 on node005 (pshm node  4 of 16, process 19 of 64, pid=12291)
UPCR: UPC thread 11 of 64 on node003 (pshm node  2 of 16, process 11 of 64, pid=12251)
UPCR: UPC thread 27 of 64 on node007 (pshm node  6 of 16, process 27 of 64, pid=16925)
UPCR: UPC thread 37 of 64 on node010 (pshm node  9 of 16, process 37 of 64, pid=32731)
UPCR: UPC thread 50 of 64 on node013 (pshm node 12 of 16, process 50 of 64, pid=551)
UPCR: UPC thread 21 of 64 on node006 (pshm node  5 of 16, process 21 of 64, pid=11752)
UPCR: UPC thread 53 of 64 on node014 (pshm node 13 of 16, process 53 of 64, pid=32517)
UPCR: UPC thread 46 of 64 on node012 (pshm node 11 of 16, process 46 of 64, pid=488)
UPCR: UPC thread 57 of 64 on node015 (pshm node 14 of 16, process 57 of 64, pid=30169)
UPCR: UPC thread  7 of 64 on node002 (pshm node  1 of 16, process  7 of 64, pid=14364)
UPCR: UPC thread 59 of 64 on node015 (pshm node 14 of 16, process 59 of 64, pid=30168)
UPCR: UPC thread 25 of 64 on node007 (pshm node  6 of 16, process 25 of 64, pid=16961)
UPCR: UPC thread 55 of 64 on node014 (pshm node 13 of 16, process 55 of 64, pid=32507)
UPCR: UPC thread 52 of 64 on node014 (pshm node 13 of 16, process 52 of 64, pid=32541)
UPCR: UPC thread 40 of 64 on node011 (pshm node 10 of 16, process 40 of 64, pid=32726)
UPCR: UPC thread 17 of 64 on node005 (pshm node  4 of 16, process 17 of 64, pid=12297)
UPCR: UPC thread 42 of 64 on node011 (pshm node 10 of 16, process 42 of 64, pid=32744)
UPCR: UPC thread  9 of 64 on node003 (pshm node  2 of 16, process  9 of 64, pid=12292)
0/64 - htable initialized
0/64 - table size: 68719476736 bytes (65536 MB)
0/64 - total number of buckets: 8589934592
0/64 - block size: 1073741824 (1024 MB)
0/64 - number of buckets in block: 134217728
0/64 - number of blocks: 64
51/64 - Performed a throughput benchmark:
51/64 - Performed 2000000 find-or-put operations with random values from [0,...,83199999]
51/64 - Finds: 915295 (0.457647), Inserts: 1084705 (0.542353), Errors: 0 (0)
51/64 - Execution time: 8.70662 seconds
51/64 - Throughput: 229710 ops/sec
56/64 - Performed a throughput benchmark:
56/64 - Performed 2000000 find-or-put operations with random values from [0,...,83199999]
56/64 - Finds: 914208 (0.457104), Inserts: 1085792 (0.542896), Errors: 0 (0)
56/64 - Execution time: 8.7058 seconds
56/64 - Throughput: 229732 ops/sec
54/64 - Performed a throughput benchmark:
54/64 - Performed 2000000 find-or-put operations with random values from [0,...,83199999]
54/64 - Finds: 914089 (0.457045), Inserts: 1085911 (0.542956), Errors: 0 (0)
54/64 - Execution time: 8.70518 seconds
54/64 - Throughput: 229748 ops/sec
44/64 - Performed a throughput benchmark:
44/64 - Performed 2000000 find-or-put operations with random values from [0,...,83199999]
44/64 - Finds: 914175 (0.457087), Inserts: 1085825 (0.542913), Errors: 0 (0)
44/64 - Execution time: 8.70788 seconds
44/64 - Throughput: 229677 ops/sec
52/64 - Performed a throughput benchmark:
52/64 - Performed 2000000 find-or-put operations with random values from [0,...,83199999]
52/64 - Finds: 912531 (0.456265), Inserts: 1087469 (0.543735), Errors: 0 (0)
52/64 - Execution time: 8.68553 seconds
52/64 - Throughput: 230268 ops/sec
45/64 - Performed a throughput benchmark:
45/64 - Performed 2000000 find-or-put operations with random values from [0,...,83199999]
45/64 - Finds: 914596 (0.457298), Inserts: 1085404 (0.542702), Errors: 0 (0)
45/64 - Execution time: 8.71325 seconds
45/64 - Throughput: 229536 ops/sec
39/64 - Performed a throughput benchmark:
39/64 - Performed 2000000 find-or-put operations with random values from [0,...,83199999]
39/64 - Finds: 912832 (0.456416), Inserts: 1087168 (0.543584), Errors: 0 (0)
39/64 - Execution time: 8.69179 seconds
39/64 - Throughput: 230102 ops/sec
28/64 - Performed a throughput benchmark:
28/64 - Performed 2000000 find-or-put operations with random values from [0,...,83199999]
28/64 - Finds: 913881 (0.456941), Inserts: 1086119 (0.54306), Errors: 0 (0)
28/64 - Execution time: 8.7111 seconds
28/64 - Throughput: 229592 ops/sec
35/64 - Performed a throughput benchmark:
35/64 - Performed 2000000 find-or-put operations with random values from [0,...,83199999]
35/64 - Finds: 916208 (0.458104), Inserts: 1083792 (0.541896), Errors: 0 (0)
35/64 - Execution time: 8.7176 seconds
35/64 - Throughput: 229421 ops/sec
59/64 - Performed a throughput benchmark:
59/64 - Performed 2000000 find-or-put operations with random values from [0,...,83199999]
59/64 - Finds: 914339 (0.45717), Inserts: 1085661 (0.54283), Errors: 0 (0)
59/64 - Execution time: 8.71381 seconds
59/64 - Throughput: 229521 ops/sec
36/64 - Performed a throughput benchmark:
36/64 - Performed 2000000 find-or-put operations with random values from [0,...,83199999]
36/64 - Finds: 913322 (0.456661), Inserts: 1086678 (0.543339), Errors: 0 (0)
36/64 - Execution time: 8.70442 seconds
36/64 - Throughput: 229768 ops/sec
57/64 - Performed a throughput benchmark:
57/64 - Performed 2000000 find-or-put operations with random values from [0,...,83199999]
57/64 - Finds: 913680 (0.45684), Inserts: 1086320 (0.54316), Errors: 0 (0)
57/64 - Execution time: 8.72394 seconds
57/64 - Throughput: 229254 ops/sec
43/64 - Performed a throughput benchmark:
43/64 - Performed 2000000 find-or-put operations with random values from [0,...,83199999]
43/64 - Finds: 915799 (0.4579), Inserts: 1084201 (0.5421), Errors: 0 (0)
43/64 - Execution time: 8.71656 seconds
43/64 - Throughput: 229448 ops/sec
50/64 - Performed a throughput benchmark:
50/64 - Performed 2000000 find-or-put operations with random values from [0,...,83199999]
50/64 - Finds: 915748 (0.457874), Inserts: 1084252 (0.542126), Errors: 0 (0)
50/64 - Execution time: 8.71617 seconds
50/64 - Throughput: 229459 ops/sec
34/64 - Performed a throughput benchmark:
34/64 - Performed 2000000 find-or-put operations with random values from [0,...,83199999]
34/64 - Finds: 915983 (0.457991), Inserts: 1084017 (0.542009), Errors: 0 (0)
34/64 - Execution time: 8.71798 seconds
34/64 - Throughput: 229411 ops/sec
33/64 - Performed a throughput benchmark:
33/64 - Performed 2000000 find-or-put operations with random values from [0,...,83199999]
33/64 - Finds: 915631 (0.457815), Inserts: 1084369 (0.542184), Errors: 0 (0)
33/64 - Execution time: 8.72229 seconds
33/64 - Throughput: 229298 ops/sec
31/64 - Performed a throughput benchmark:
31/64 - Performed 2000000 find-or-put operations with random values from [0,...,83199999]
31/64 - Finds: 913973 (0.456987), Inserts: 1086027 (0.543014), Errors: 0 (0)
31/64 - Execution time: 8.70517 seconds
31/64 - Throughput: 229748 ops/sec
29/64 - Performed a throughput benchmark:
29/64 - Performed 2000000 find-or-put operations with random values from [0,...,83199999]
29/64 - Finds: 913460 (0.45673), Inserts: 1086540 (0.54327), Errors: 0 (0)
29/64 - Execution time: 8.70631 seconds
29/64 - Throughput: 229718 ops/sec
53/64 - Performed a throughput benchmark:
53/64 - Performed 2000000 find-or-put operations with random values from [0,...,83199999]
53/64 - Finds: 914186 (0.457093), Inserts: 1085814 (0.542907), Errors: 0 (0)
53/64 - Execution time: 8.70487 seconds
53/64 - Throughput: 229756 ops/sec
42/64 - Performed a throughput benchmark:
42/64 - Performed 2000000 find-or-put operations with random values from [0,...,83199999]
42/64 - Finds: 915288 (0.457644), Inserts: 1084712 (0.542356), Errors: 0 (0)
42/64 - Execution time: 8.72202 seconds
42/64 - Throughput: 229305 ops/sec
55/64 - Performed a throughput benchmark:
55/64 - Performed 2000000 find-or-put operations with random values from [0,...,83199999]
55/64 - Finds: 913504 (0.456752), Inserts: 1086496 (0.543248), Errors: 0 (0)
55/64 - Execution time: 8.70448 seconds
55/64 - Throughput: 229767 ops/sec
46/64 - Performed a throughput benchmark:
46/64 - Performed 2000000 find-or-put operations with random values from [0,...,83199999]
46/64 - Finds: 914269 (0.457134), Inserts: 1085731 (0.542866), Errors: 0 (0)
46/64 - Execution time: 8.71806 seconds
46/64 - Throughput: 229409 ops/sec
38/64 - Performed a throughput benchmark:
38/64 - Performed 2000000 find-or-put operations with random values from [0,...,83199999]
38/64 - Finds: 914290 (0.457145), Inserts: 1085710 (0.542855), Errors: 0 (0)
38/64 - Execution time: 8.72885 seconds
38/64 - Throughput: 229125 ops/sec
41/64 - Performed a throughput benchmark:
41/64 - Performed 2000000 find-or-put operations with random values from [0,...,83199999]
41/64 - Finds: 914707 (0.457354), Inserts: 1085293 (0.542647), Errors: 0 (0)
41/64 - Execution time: 8.71569 seconds
41/64 - Throughput: 229471 ops/sec
47/64 - Performed a throughput benchmark:
47/64 - Performed 2000000 find-or-put operations with random values from [0,...,83199999]
47/64 - Finds: 914563 (0.457282), Inserts: 1085437 (0.542718), Errors: 0 (0)
47/64 - Execution time: 8.72118 seconds
47/64 - Throughput: 229327 ops/sec
40/64 - Performed a throughput benchmark:
40/64 - Performed 2000000 find-or-put operations with random values from [0,...,83199999]
40/64 - Finds: 915662 (0.457831), Inserts: 1084338 (0.542169), Errors: 0 (0)
40/64 - Execution time: 8.72331 seconds
40/64 - Throughput: 229271 ops/sec
49/64 - Performed a throughput benchmark:
49/64 - Performed 2000000 find-or-put operations with random values from [0,...,83199999]
49/64 - Finds: 914970 (0.457485), Inserts: 1085030 (0.542515), Errors: 0 (0)
49/64 - Execution time: 8.72278 seconds
49/64 - Throughput: 229285 ops/sec
37/64 - Performed a throughput benchmark:
37/64 - Performed 2000000 find-or-put operations with random values from [0,...,83199999]
37/64 - Finds: 914349 (0.457174), Inserts: 1085651 (0.542825), Errors: 0 (0)
37/64 - Execution time: 8.71209 seconds
37/64 - Throughput: 229566 ops/sec
32/64 - Performed a throughput benchmark:
32/64 - Performed 2000000 find-or-put operations with random values from [0,...,83199999]
32/64 - Finds: 914837 (0.457419), Inserts: 1085163 (0.542582), Errors: 0 (0)
32/64 - Execution time: 8.72199 seconds
32/64 - Throughput: 229306 ops/sec
30/64 - Performed a throughput benchmark:
30/64 - Performed 2000000 find-or-put operations with random values from [0,...,83199999]
30/64 - Finds: 915610 (0.457805), Inserts: 1084390 (0.542195), Errors: 0 (0)
30/64 - Execution time: 8.71588 seconds
30/64 - Throughput: 229466 ops/sec
48/64 - Performed a throughput benchmark:
48/64 - Performed 2000000 find-or-put operations with random values from [0,...,83199999]
48/64 - Finds: 913863 (0.456931), Inserts: 1086137 (0.543068), Errors: 0 (0)
48/64 - Execution time: 8.71592 seconds
48/64 - Throughput: 229465 ops/sec
58/64 - Performed a throughput benchmark:
58/64 - Performed 2000000 find-or-put operations with random values from [0,...,83199999]
58/64 - Finds: 916365 (0.458182), Inserts: 1083635 (0.541817), Errors: 0 (0)
58/64 - Execution time: 8.72642 seconds
58/64 - Throughput: 229189 ops/sec
17/64 - Performed a throughput benchmark:
17/64 - Performed 2000000 find-or-put operations with random values from [0,...,83199999]
17/64 - Finds: 973757 (0.486878), Inserts: 1026243 (0.513122), Errors: 0 (0)
17/64 - Execution time: 9.45465 seconds
17/64 - Throughput: 211536 ops/sec
16/64 - Performed a throughput benchmark:
16/64 - Performed 2000000 find-or-put operations with random values from [0,...,83199999]
16/64 - Finds: 984426 (0.492213), Inserts: 1015574 (0.507787), Errors: 0 (0)
16/64 - Execution time: 9.65635 seconds
16/64 - Throughput: 207118 ops/sec
19/64 - Performed a throughput benchmark:
19/64 - Performed 2000000 find-or-put operations with random values from [0,...,83199999]
19/64 - Finds: 987122 (0.493561), Inserts: 1012878 (0.506439), Errors: 0 (0)
19/64 - Execution time: 9.67257 seconds
19/64 - Throughput: 206770 ops/sec
18/64 - Performed a throughput benchmark:
18/64 - Performed 2000000 find-or-put operations with random values from [0,...,83199999]
18/64 - Finds: 985280 (0.49264), Inserts: 1014720 (0.50736), Errors: 0 (0)
18/64 - Execution time: 9.66344 seconds
18/64 - Throughput: 206966 ops/sec
2/64 - Performed a throughput benchmark:
2/64 - Performed 2000000 find-or-put operations with random values from [0,...,83199999]
2/64 - Finds: 1032114 (0.516057), Inserts: 967886 (0.483943), Errors: 0 (0)
2/64 - Execution time: 10.3189 seconds
2/64 - Throughput: 193819 ops/sec
6/64 - Performed a throughput benchmark:
6/64 - Performed 2000000 find-or-put operations with random values from [0,...,83199999]
6/64 - Finds: 1032502 (0.516251), Inserts: 967498 (0.483749), Errors: 0 (0)
6/64 - Execution time: 10.3317 seconds
6/64 - Throughput: 193579 ops/sec
20/64 - Performed a throughput benchmark:
20/64 - Performed 2000000 find-or-put operations with random values from [0,...,83199999]
20/64 - Finds: 1034281 (0.517141), Inserts: 965719 (0.482859), Errors: 0 (0)
20/64 - Execution time: 10.32 seconds
20/64 - Throughput: 193799 ops/sec
25/64 - Performed a throughput benchmark:
25/64 - Performed 2000000 find-or-put operations with random values from [0,...,83199999]
25/64 - Finds: 1033327 (0.516664), Inserts: 966673 (0.483337), Errors: 0 (0)
25/64 - Execution time: 10.3411 seconds
25/64 - Throughput: 193403 ops/sec
12/64 - Performed a throughput benchmark:
12/64 - Performed 2000000 find-or-put operations with random values from [0,...,83199999]
12/64 - Finds: 1037527 (0.518764), Inserts: 962473 (0.481237), Errors: 0 (0)
12/64 - Execution time: 10.4756 seconds
12/64 - Throughput: 190919 ops/sec
15/64 - Performed a throughput benchmark:
15/64 - Performed 2000000 find-or-put operations with random values from [0,...,83199999]
15/64 - Finds: 1041360 (0.52068), Inserts: 958640 (0.47932), Errors: 0 (0)
15/64 - Execution time: 10.503 seconds
15/64 - Throughput: 190423 ops/sec
11/64 - Performed a throughput benchmark:
11/64 - Performed 2000000 find-or-put operations with random values from [0,...,83199999]
11/64 - Finds: 1042884 (0.521442), Inserts: 957116 (0.478558), Errors: 0 (0)
11/64 - Execution time: 10.5599 seconds
11/64 - Throughput: 189396 ops/sec
10/64 - Performed a throughput benchmark:
10/64 - Performed 2000000 find-or-put operations with random values from [0,...,83199999]
10/64 - Finds: 1044114 (0.522057), Inserts: 955886 (0.477943), Errors: 0 (0)
10/64 - Execution time: 10.5623 seconds
10/64 - Throughput: 189352 ops/sec
3/64 - Performed a throughput benchmark:
3/64 - Performed 2000000 find-or-put operations with random values from [0,...,83199999]
3/64 - Finds: 1043725 (0.521863), Inserts: 956275 (0.478137), Errors: 0 (0)
3/64 - Execution time: 10.5384 seconds
3/64 - Throughput: 189782 ops/sec
8/64 - Performed a throughput benchmark:
8/64 - Performed 2000000 find-or-put operations with random values from [0,...,83199999]
8/64 - Finds: 1042710 (0.521355), Inserts: 957290 (0.478645), Errors: 0 (0)
8/64 - Execution time: 10.5464 seconds
8/64 - Throughput: 189638 ops/sec
9/64 - Performed a throughput benchmark:
9/64 - Performed 2000000 find-or-put operations with random values from [0,...,83199999]
9/64 - Finds: 1042825 (0.521412), Inserts: 957175 (0.478587), Errors: 0 (0)
9/64 - Execution time: 10.5579 seconds
9/64 - Throughput: 189432 ops/sec
26/64 - Performed a throughput benchmark:
26/64 - Performed 2000000 find-or-put operations with random values from [0,...,83199999]
26/64 - Finds: 1045483 (0.522741), Inserts: 954517 (0.477258), Errors: 0 (0)
26/64 - Execution time: 10.5754 seconds
26/64 - Throughput: 189119 ops/sec
24/64 - Performed a throughput benchmark:
24/64 - Performed 2000000 find-or-put operations with random values from [0,...,83199999]
24/64 - Finds: 1045617 (0.522809), Inserts: 954383 (0.477191), Errors: 0 (0)
24/64 - Execution time: 10.5722 seconds
24/64 - Throughput: 189175 ops/sec
13/64 - Performed a throughput benchmark:
13/64 - Performed 2000000 find-or-put operations with random values from [0,...,83199999]
13/64 - Finds: 1046923 (0.523462), Inserts: 953077 (0.476538), Errors: 0 (0)
13/64 - Execution time: 10.5713 seconds
13/64 - Throughput: 189191 ops/sec
22/64 - Performed a throughput benchmark:
22/64 - Performed 2000000 find-or-put operations with random values from [0,...,83199999]
22/64 - Finds: 1045699 (0.522849), Inserts: 954301 (0.47715), Errors: 0 (0)
22/64 - Execution time: 10.5644 seconds
22/64 - Throughput: 189315 ops/sec
5/64 - Performed a throughput benchmark:
5/64 - Performed 2000000 find-or-put operations with random values from [0,...,83199999]
5/64 - Finds: 1045146 (0.522573), Inserts: 954854 (0.477427), Errors: 0 (0)
5/64 - Execution time: 10.563 seconds
5/64 - Throughput: 189340 ops/sec
14/64 - Performed a throughput benchmark:
14/64 - Performed 2000000 find-or-put operations with random values from [0,...,83199999]
14/64 - Finds: 1047131 (0.523566), Inserts: 952869 (0.476434), Errors: 0 (0)
14/64 - Execution time: 10.5829 seconds
14/64 - Throughput: 188985 ops/sec
4/64 - Performed a throughput benchmark:
4/64 - Performed 2000000 find-or-put operations with random values from [0,...,83199999]
4/64 - Finds: 1046312 (0.523156), Inserts: 953688 (0.476844), Errors: 0 (0)
4/64 - Execution time: 10.5707 seconds
4/64 - Throughput: 189202 ops/sec
23/64 - Performed a throughput benchmark:
23/64 - Performed 2000000 find-or-put operations with random values from [0,...,83199999]
23/64 - Finds: 1043244 (0.521622), Inserts: 956756 (0.478378), Errors: 0 (0)
23/64 - Execution time: 10.5539 seconds
23/64 - Throughput: 189504 ops/sec
21/64 - Performed a throughput benchmark:
21/64 - Performed 2000000 find-or-put operations with random values from [0,...,83199999]
21/64 - Finds: 1042750 (0.521375), Inserts: 957250 (0.478625), Errors: 0 (0)
21/64 - Execution time: 10.5578 seconds
21/64 - Throughput: 189433 ops/sec
1/64 - Performed a throughput benchmark:
1/64 - Performed 2000000 find-or-put operations with random values from [0,...,83199999]
1/64 - Finds: 1048023 (0.524011), Inserts: 951977 (0.475988), Errors: 0 (0)
1/64 - Execution time: 10.565 seconds
1/64 - Throughput: 189305 ops/sec
27/64 - Performed a throughput benchmark:
27/64 - Performed 2000000 find-or-put operations with random values from [0,...,83199999]
27/64 - Finds: 1046682 (0.523341), Inserts: 953318 (0.476659), Errors: 0 (0)
27/64 - Execution time: 10.5947 seconds
27/64 - Throughput: 188773 ops/sec
0/64 - Performed a throughput benchmark:
0/64 - Performed 2000000 find-or-put operations with random values from [0,...,83199999]
0/64 - Finds: 1046932 (0.523466), Inserts: 953068 (0.476534), Errors: 0 (0)
0/64 - Execution time: 10.5897 seconds
0/64 - Throughput: 188863 ops/sec
7/64 - Performed a throughput benchmark:
7/64 - Performed 2000000 find-or-put operations with random values from [0,...,83199999]
7/64 - Finds: 1046687 (0.523343), Inserts: 953313 (0.476656), Errors: 0 (0)
7/64 - Execution time: 10.5953 seconds
7/64 - Throughput: 188764 ops/sec
63/64 - Performed a throughput benchmark:
63/64 - Performed 2000000 find-or-put operations with random values from [0,...,83199999]
63/64 - Finds: 1106777 (0.553388), Inserts: 893223 (0.446611), Errors: 0 (0)
63/64 - Execution time: 11.6055 seconds
63/64 - Throughput: 172332 ops/sec
60/64 - Performed a throughput benchmark:
60/64 - Performed 2000000 find-or-put operations with random values from [0,...,83199999]
60/64 - Finds: 1105975 (0.552987), Inserts: 894025 (0.447012), Errors: 0 (0)
60/64 - Execution time: 11.6073 seconds
60/64 - Throughput: 172305 ops/sec
62/64 - Performed a throughput benchmark:
62/64 - Performed 2000000 find-or-put operations with random values from [0,...,83199999]
62/64 - Finds: 1115343 (0.557671), Inserts: 884657 (0.442329), Errors: 0 (0)
62/64 - Execution time: 11.8089 seconds
62/64 - Throughput: 169363 ops/sec
61/64 - Performed a throughput benchmark:
61/64 - Performed 2000000 find-or-put operations with random values from [0,...,83199999]
61/64 - Finds: 1115272 (0.557636), Inserts: 884728 (0.442364), Errors: 0 (0)
61/64 - Execution time: 11.814 seconds
61/64 - Throughput: 169290 ops/sec
[1441195753.759572] [node001:3974 :0]         sys.c:719  MXM  WARN  Conflicting CPU frequencies detected, using: 1500.00
