[1441195733.737614] [node001:3878 :0]         sys.c:719  MXM  WARN  Conflicting CPU frequencies detected, using: 1596.09
[1441195733.742896] [node001:3878 :0]         mxm.c:185  MXM  WARN  The 'ulimit -s' on the system is set to 'unlimited'. This may have negative performance implications. Please set the heap size to the default value (10240) 
[1441195733.732123] [node001:3879 :0]         sys.c:719  MXM  WARN  Conflicting CPU frequencies detected, using: 1498.59
[1441195733.734961] [node001:3879 :0]         mxm.c:185  MXM  WARN  The 'ulimit -s' on the system is set to 'unlimited'. This may have negative performance implications. Please set the heap size to the default value (10240) 
[1441195733.967768] [node014:32380:0]         sys.c:719  MXM  WARN  Conflicting CPU frequencies detected, using: 1978.31
[1441195733.971071] [node014:32380:0]         mxm.c:185  MXM  WARN  The 'ulimit -s' on the system is set to 'unlimited'. This may have negative performance implications. Please set the heap size to the default value (10240) 
[1441195733.965086] [node012:318  :0]         sys.c:719  MXM  WARN  Conflicting CPU frequencies detected, using: 1592.72
[1441195733.971154] [node012:318  :0]         mxm.c:185  MXM  WARN  The 'ulimit -s' on the system is set to 'unlimited'. This may have negative performance implications. Please set the heap size to the default value (10240) 
[1441195733.961061] [node010:32603:0]         sys.c:719  MXM  WARN  Conflicting CPU frequencies detected, using: 1800.09
[1441195733.963931] [node010:32603:0]         mxm.c:185  MXM  WARN  The 'ulimit -s' on the system is set to 'unlimited'. This may have negative performance implications. Please set the heap size to the default value (10240) 
[1441195733.946856] [node010:32593:0]         sys.c:719  MXM  WARN  Conflicting CPU frequencies detected, using: 1782.75
[1441195733.950395] [node010:32593:0]         mxm.c:185  MXM  WARN  The 'ulimit -s' on the system is set to 'unlimited'. This may have negative performance implications. Please set the heap size to the default value (10240) 
[1441195733.960751] [node005:12153:0]         sys.c:719  MXM  WARN  Conflicting CPU frequencies detected, using: 2366.81
[1441195733.964069] [node005:12153:0]         mxm.c:185  MXM  WARN  The 'ulimit -s' on the system is set to 'unlimited'. This may have negative performance implications. Please set the heap size to the default value (10240) 
[1441195733.945942] [node008:3368 :0]         sys.c:719  MXM  WARN  Conflicting CPU frequencies detected, using: 1800.09
[1441195733.951982] [node008:3368 :0]         mxm.c:185  MXM  WARN  The 'ulimit -s' on the system is set to 'unlimited'. This may have negative performance implications. Please set the heap size to the default value (10240) 
[1441195733.950693] [node002:14212:0]         sys.c:719  MXM  WARN  Conflicting CPU frequencies detected, using: 1596.38
[1441195733.954216] [node002:14212:0]         mxm.c:185  MXM  WARN  The 'ulimit -s' on the system is set to 'unlimited'. This may have negative performance implications. Please set the heap size to the default value (10240) 
[1441195733.960550] [node005:12159:0]         sys.c:719  MXM  WARN  Conflicting CPU frequencies detected, using: 2366.81
[1441195733.963944] [node005:12159:0]         mxm.c:185  MXM  WARN  The 'ulimit -s' on the system is set to 'unlimited'. This may have negative performance implications. Please set the heap size to the default value (10240) 
[1441195733.943369] [node008:3367 :0]         sys.c:719  MXM  WARN  Conflicting CPU frequencies detected, using: 1800.09
[1441195733.949495] [node008:3367 :0]         mxm.c:185  MXM  WARN  The 'ulimit -s' on the system is set to 'unlimited'. This may have negative performance implications. Please set the heap size to the default value (10240) 
[1441195733.946661] [node002:14211:0]         sys.c:719  MXM  WARN  Conflicting CPU frequencies detected, using: 1498.78
[1441195733.950321] [node002:14211:0]         mxm.c:185  MXM  WARN  The 'ulimit -s' on the system is set to 'unlimited'. This may have negative performance implications. Please set the heap size to the default value (10240) 
[1441195733.944384] [node009:32680:0]         sys.c:719  MXM  WARN  Conflicting CPU frequencies detected, using: 1593.19
[1441195733.950239] [node009:32680:0]         mxm.c:185  MXM  WARN  The 'ulimit -s' on the system is set to 'unlimited'. This may have negative performance implications. Please set the heap size to the default value (10240) 
[1441195733.967999] [node014:32381:0]         sys.c:719  MXM  WARN  Conflicting CPU frequencies detected, using: 1978.31
[1441195733.970999] [node014:32381:0]         mxm.c:185  MXM  WARN  The 'ulimit -s' on the system is set to 'unlimited'. This may have negative performance implications. Please set the heap size to the default value (10240) 
[1441195733.953554] [node004:11666:0]         sys.c:719  MXM  WARN  Conflicting CPU frequencies detected, using: 1599.94
[1441195733.956920] [node004:11666:0]         mxm.c:185  MXM  WARN  The 'ulimit -s' on the system is set to 'unlimited'. This may have negative performance implications. Please set the heap size to the default value (10240) 
[1441195733.953112] [node004:11662:0]         sys.c:719  MXM  WARN  Conflicting CPU frequencies detected, using: 1599.94
[1441195733.956587] [node004:11662:0]         mxm.c:185  MXM  WARN  The 'ulimit -s' on the system is set to 'unlimited'. This may have negative performance implications. Please set the heap size to the default value (10240) 
[1441195733.969870] [node046:14350:0]         sys.c:719  MXM  WARN  Conflicting CPU frequencies detected, using: 1886.72
[1441195733.972986] [node046:14350:0]         mxm.c:185  MXM  WARN  The 'ulimit -s' on the system is set to 'unlimited'. This may have negative performance implications. Please set the heap size to the default value (10240) 
[1441195733.963265] [node011:32603:0]         sys.c:719  MXM  WARN  Conflicting CPU frequencies detected, using: 1800.00
[1441195733.968340] [node011:32603:0]         mxm.c:185  MXM  WARN  The 'ulimit -s' on the system is set to 'unlimited'. This may have negative performance implications. Please set the heap size to the default value (10240) 
[1441195733.966186] [node046:14344:0]         sys.c:719  MXM  WARN  Conflicting CPU frequencies detected, using: 1797.56
[1441195733.969398] [node046:14344:0]         mxm.c:185  MXM  WARN  The 'ulimit -s' on the system is set to 'unlimited'. This may have negative performance implications. Please set the heap size to the default value (10240) 
[1441195733.957594] [node011:32599:0]         sys.c:719  MXM  WARN  Conflicting CPU frequencies detected, using: 1787.91
[1441195733.963328] [node011:32599:0]         mxm.c:185  MXM  WARN  The 'ulimit -s' on the system is set to 'unlimited'. This may have negative performance implications. Please set the heap size to the default value (10240) 
[1441195733.963965] [node015:30041:0]         sys.c:719  MXM  WARN  Conflicting CPU frequencies detected, using: 1999.31
[1441195733.969673] [node015:30041:0]         mxm.c:185  MXM  WARN  The 'ulimit -s' on the system is set to 'unlimited'. This may have negative performance implications. Please set the heap size to the default value (10240) 
[1441195733.958501] [node009:32695:0]         sys.c:719  MXM  WARN  Conflicting CPU frequencies detected, using: 1593.19
[1441195733.965056] [node009:32695:0]         mxm.c:185  MXM  WARN  The 'ulimit -s' on the system is set to 'unlimited'. This may have negative performance implications. Please set the heap size to the default value (10240) 
[1441195733.968375] [node015:30042:0]         sys.c:719  MXM  WARN  Conflicting CPU frequencies detected, using: 1999.31
[1441195733.973998] [node015:30042:0]         mxm.c:185  MXM  WARN  The 'ulimit -s' on the system is set to 'unlimited'. This may have negative performance implications. Please set the heap size to the default value (10240) 
[1441195733.943778] [node006:11564:0]         sys.c:719  MXM  WARN  Conflicting CPU frequencies detected, using: 1694.62
[1441195733.947292] [node006:11564:0]         mxm.c:185  MXM  WARN  The 'ulimit -s' on the system is set to 'unlimited'. This may have negative performance implications. Please set the heap size to the default value (10240) 
[1441195733.966368] [node013:426  :0]         sys.c:719  MXM  WARN  Conflicting CPU frequencies detected, using: 1742.62
[1441195733.972959] [node013:426  :0]         mxm.c:185  MXM  WARN  The 'ulimit -s' on the system is set to 'unlimited'. This may have negative performance implications. Please set the heap size to the default value (10240) 
[1441195733.963620] [node013:425  :0]         sys.c:719  MXM  WARN  Conflicting CPU frequencies detected, using: 1742.62
[1441195733.969570] [node013:425  :0]         mxm.c:185  MXM  WARN  The 'ulimit -s' on the system is set to 'unlimited'. This may have negative performance implications. Please set the heap size to the default value (10240) 
[1441195733.949535] [node006:11570:0]         sys.c:719  MXM  WARN  Conflicting CPU frequencies detected, using: 1694.62
[1441195733.952862] [node006:11570:0]         mxm.c:185  MXM  WARN  The 'ulimit -s' on the system is set to 'unlimited'. This may have negative performance implications. Please set the heap size to the default value (10240) 
[1441195733.942272] [node003:12115:0]         sys.c:719  MXM  WARN  Conflicting CPU frequencies detected, using: 1794.09
[1441195733.945814] [node003:12115:0]         mxm.c:185  MXM  WARN  The 'ulimit -s' on the system is set to 'unlimited'. This may have negative performance implications. Please set the heap size to the default value (10240) 
[1441195733.942942] [node007:16782:0]         sys.c:719  MXM  WARN  Conflicting CPU frequencies detected, using: 1798.50
[1441195733.946379] [node007:16782:0]         mxm.c:185  MXM  WARN  The 'ulimit -s' on the system is set to 'unlimited'. This may have negative performance implications. Please set the heap size to the default value (10240) 
[1441195733.947157] [node003:12122:0]         sys.c:719  MXM  WARN  Conflicting CPU frequencies detected, using: 1794.09
[1441195733.949959] [node003:12122:0]         mxm.c:185  MXM  WARN  The 'ulimit -s' on the system is set to 'unlimited'. This may have negative performance implications. Please set the heap size to the default value (10240) 
[1441195733.946864] [node007:16781:0]         sys.c:719  MXM  WARN  Conflicting CPU frequencies detected, using: 1798.50
[1441195733.949946] [node007:16781:0]         mxm.c:185  MXM  WARN  The 'ulimit -s' on the system is set to 'unlimited'. This may have negative performance implications. Please set the heap size to the default value (10240) 
[1441195733.967035] [node012:317  :0]         sys.c:719  MXM  WARN  Conflicting CPU frequencies detected, using: 1592.72
[1441195733.973644] [node012:317  :0]         mxm.c:185  MXM  WARN  The 'ulimit -s' on the system is set to 'unlimited'. This may have negative performance implications. Please set the heap size to the default value (10240) 
UPCR: UPC thread  1 of 32 on node001 (pshm node  0 of 16, process  1 of 32, pid=3879)
UPCR: UPC thread  0 of 32 on node001 (pshm node  0 of 16, process  0 of 32, pid=3878)
UPCR: UPC thread 21 of 32 on node011 (pshm node 10 of 16, process 21 of 32, pid=32599)
UPCR: UPC thread 29 of 32 on node015 (pshm node 14 of 16, process 29 of 32, pid=30042)
UPCR: UPC thread 13 of 32 on node007 (pshm node  6 of 16, process 13 of 32, pid=16782)
UPCR: UPC thread  5 of 32 on node003 (pshm node  2 of 16, process  5 of 32, pid=12115)
UPCR: UPC thread 16 of 32 on node009 (pshm node  8 of 16, process 16 of 32, pid=32680)
UPCR: UPC thread  4 of 32 on node003 (pshm node  2 of 16, process  4 of 32, pid=12122)
UPCR: UPC thread  3 of 32 on node002 (pshm node  1 of 16, process  3 of 32, pid=14212)
UPCR: UPC thread 19 of 32 on node010 (pshm node  9 of 16, process 19 of 32, pid=32593)
UPCR: UPC thread 12 of 32 on node007 (pshm node  6 of 16, process 12 of 32, pid=16781)
UPCR: UPC thread 20 of 32 on node011 (pshm node 10 of 16, process 20 of 32, pid=32603)
UPCR: UPC thread 28 of 32 on node015 (pshm node 14 of 16, process 28 of 32, pid=30041)
UPCR: UPC thread 25 of 32 on node013 (pshm node 12 of 16, process 25 of 32, pid=425)
UPCR: UPC thread 10 of 32 on node006 (pshm node  5 of 16, process 10 of 32, pid=11564)
UPCR: UPC thread 26 of 32 on node014 (pshm node 13 of 16, process 26 of 32, pid=32380)
UPCR: UPC thread 15 of 32 on node008 (pshm node  7 of 16, process 15 of 32, pid=3367)
UPCR: UPC thread  7 of 32 on node004 (pshm node  3 of 16, process  7 of 32, pid=11662)
UPCR: UPC thread  6 of 32 on node004 (pshm node  3 of 16, process  6 of 32, pid=11666)
UPCR: UPC thread 23 of 32 on node012 (pshm node 11 of 16, process 23 of 32, pid=318)
UPCR: UPC thread  8 of 32 on node005 (pshm node  4 of 16, process  8 of 32, pid=12153)
UPCR: UPC thread  2 of 32 on node002 (pshm node  1 of 16, process  2 of 32, pid=14211)
UPCR: UPC thread 27 of 32 on node014 (pshm node 13 of 16, process 27 of 32, pid=32381)
UPCR: UPC thread 17 of 32 on node009 (pshm node  8 of 16, process 17 of 32, pid=32695)
UPCR: UPC thread 14 of 32 on node008 (pshm node  7 of 16, process 14 of 32, pid=3368)
UPCR: UPC thread 31 of 32 on node046 (pshm node 15 of 16, process 31 of 32, pid=14350)
UPCR: UPC thread 18 of 32 on node010 (pshm node  9 of 16, process 18 of 32, pid=32603)
UPCR: UPC thread 22 of 32 on node012 (pshm node 11 of 16, process 22 of 32, pid=317)
UPCR: UPC thread 24 of 32 on node013 (pshm node 12 of 16, process 24 of 32, pid=426)
UPCR: UPC thread 11 of 32 on node006 (pshm node  5 of 16, process 11 of 32, pid=11570)
UPCR: UPC thread 30 of 32 on node046 (pshm node 15 of 16, process 30 of 32, pid=14344)
UPCR: UPC thread  9 of 32 on node005 (pshm node  4 of 16, process  9 of 32, pid=12159)
0/32 - htable initialized
0/32 - table size: 34359738368 bytes (32768 MB)
0/32 - total number of buckets: 4294967296
0/32 - block size: 1073741824 (1024 MB)
0/32 - number of buckets in block: 134217728
0/32 - number of blocks: 32
18/32 - Performed a throughput benchmark:
18/32 - Performed 2000000 find-or-put operations with random values from [0,...,41599999]
18/32 - Finds: 928266 (0.464133), Inserts: 1071734 (0.535867), Errors: 0 (0)
18/32 - Execution time: 7.43284 seconds
18/32 - Throughput: 269076 ops/sec
15/32 - Performed a throughput benchmark:
15/32 - Performed 2000000 find-or-put operations with random values from [0,...,41599999]
15/32 - Finds: 927782 (0.463891), Inserts: 1072218 (0.536109), Errors: 0 (0)
15/32 - Execution time: 7.43112 seconds
15/32 - Throughput: 269139 ops/sec
14/32 - Performed a throughput benchmark:
14/32 - Performed 2000000 find-or-put operations with random values from [0,...,41599999]
14/32 - Finds: 927245 (0.463622), Inserts: 1072755 (0.536377), Errors: 0 (0)
14/32 - Execution time: 7.43679 seconds
14/32 - Throughput: 268933 ops/sec
19/32 - Performed a throughput benchmark:
19/32 - Performed 2000000 find-or-put operations with random values from [0,...,41599999]
19/32 - Finds: 929650 (0.464825), Inserts: 1070350 (0.535175), Errors: 0 (0)
19/32 - Execution time: 7.44468 seconds
19/32 - Throughput: 268648 ops/sec
16/32 - Performed a throughput benchmark:
16/32 - Performed 2000000 find-or-put operations with random values from [0,...,41599999]
16/32 - Finds: 930125 (0.465062), Inserts: 1069875 (0.534937), Errors: 0 (0)
16/32 - Execution time: 7.4393 seconds
16/32 - Throughput: 268842 ops/sec
26/32 - Performed a throughput benchmark:
26/32 - Performed 2000000 find-or-put operations with random values from [0,...,41599999]
26/32 - Finds: 927666 (0.463833), Inserts: 1072334 (0.536167), Errors: 0 (0)
26/32 - Execution time: 7.43931 seconds
26/32 - Throughput: 268842 ops/sec
28/32 - Performed a throughput benchmark:
28/32 - Performed 2000000 find-or-put operations with random values from [0,...,41599999]
28/32 - Finds: 928959 (0.464479), Inserts: 1071041 (0.53552), Errors: 0 (0)
28/32 - Execution time: 7.45089 seconds
28/32 - Throughput: 268424 ops/sec
20/32 - Performed a throughput benchmark:
20/32 - Performed 2000000 find-or-put operations with random values from [0,...,41599999]
20/32 - Finds: 928467 (0.464234), Inserts: 1071533 (0.535767), Errors: 0 (0)
20/32 - Execution time: 7.45543 seconds
20/32 - Throughput: 268261 ops/sec
29/32 - Performed a throughput benchmark:
29/32 - Performed 2000000 find-or-put operations with random values from [0,...,41599999]
29/32 - Finds: 930479 (0.465239), Inserts: 1069521 (0.53476), Errors: 0 (0)
29/32 - Execution time: 7.4538 seconds
29/32 - Throughput: 268319 ops/sec
23/32 - Performed a throughput benchmark:
23/32 - Performed 2000000 find-or-put operations with random values from [0,...,41599999]
23/32 - Finds: 931077 (0.465539), Inserts: 1068923 (0.534462), Errors: 0 (0)
23/32 - Execution time: 7.44746 seconds
23/32 - Throughput: 268548 ops/sec
22/32 - Performed a throughput benchmark:
22/32 - Performed 2000000 find-or-put operations with random values from [0,...,41599999]
22/32 - Finds: 930357 (0.465178), Inserts: 1069643 (0.534821), Errors: 0 (0)
22/32 - Execution time: 7.45711 seconds
22/32 - Throughput: 268200 ops/sec
17/32 - Performed a throughput benchmark:
17/32 - Performed 2000000 find-or-put operations with random values from [0,...,41599999]
17/32 - Finds: 929862 (0.464931), Inserts: 1070138 (0.535069), Errors: 0 (0)
17/32 - Execution time: 7.44862 seconds
17/32 - Throughput: 268506 ops/sec
21/32 - Performed a throughput benchmark:
21/32 - Performed 2000000 find-or-put operations with random values from [0,...,41599999]
21/32 - Finds: 932055 (0.466027), Inserts: 1067945 (0.533972), Errors: 0 (0)
21/32 - Execution time: 7.45999 seconds
21/32 - Throughput: 268097 ops/sec
27/32 - Performed a throughput benchmark:
27/32 - Performed 2000000 find-or-put operations with random values from [0,...,41599999]
27/32 - Finds: 929302 (0.464651), Inserts: 1070698 (0.535349), Errors: 0 (0)
27/32 - Execution time: 7.45186 seconds
27/32 - Throughput: 268389 ops/sec
24/32 - Performed a throughput benchmark:
24/32 - Performed 2000000 find-or-put operations with random values from [0,...,41599999]
24/32 - Finds: 932775 (0.466388), Inserts: 1067225 (0.533613), Errors: 0 (0)
24/32 - Execution time: 7.46243 seconds
24/32 - Throughput: 268009 ops/sec
25/32 - Performed a throughput benchmark:
25/32 - Performed 2000000 find-or-put operations with random values from [0,...,41599999]
25/32 - Finds: 931216 (0.465608), Inserts: 1068784 (0.534392), Errors: 0 (0)
25/32 - Execution time: 7.46537 seconds
25/32 - Throughput: 267903 ops/sec
3/32 - Performed a throughput benchmark:
3/32 - Performed 2000000 find-or-put operations with random values from [0,...,41599999]
3/32 - Finds: 1010997 (0.505498), Inserts: 989003 (0.494501), Errors: 0 (0)
3/32 - Execution time: 8.32695 seconds
3/32 - Throughput: 240184 ops/sec
11/32 - Performed a throughput benchmark:
11/32 - Performed 2000000 find-or-put operations with random values from [0,...,41599999]
11/32 - Finds: 1011617 (0.505808), Inserts: 988383 (0.494192), Errors: 0 (0)
11/32 - Execution time: 8.32332 seconds
11/32 - Throughput: 240289 ops/sec
8/32 - Performed a throughput benchmark:
8/32 - Performed 2000000 find-or-put operations with random values from [0,...,41599999]
8/32 - Finds: 1017587 (0.508794), Inserts: 982413 (0.491206), Errors: 0 (0)
8/32 - Execution time: 8.43782 seconds
8/32 - Throughput: 237028 ops/sec
4/32 - Performed a throughput benchmark:
4/32 - Performed 2000000 find-or-put operations with random values from [0,...,41599999]
4/32 - Finds: 1015080 (0.50754), Inserts: 984920 (0.49246), Errors: 0 (0)
4/32 - Execution time: 8.44964 seconds
4/32 - Throughput: 236697 ops/sec
9/32 - Performed a throughput benchmark:
9/32 - Performed 2000000 find-or-put operations with random values from [0,...,41599999]
9/32 - Finds: 1019155 (0.509578), Inserts: 980845 (0.490422), Errors: 0 (0)
9/32 - Execution time: 8.4651 seconds
9/32 - Throughput: 236264 ops/sec
0/32 - Performed a throughput benchmark:
0/32 - Performed 2000000 find-or-put operations with random values from [0,...,41599999]
0/32 - Finds: 1017975 (0.508988), Inserts: 982025 (0.491013), Errors: 0 (0)
0/32 - Execution time: 8.45667 seconds
0/32 - Throughput: 236500 ops/sec
2/32 - Performed a throughput benchmark:
2/32 - Performed 2000000 find-or-put operations with random values from [0,...,41599999]
2/32 - Finds: 1018508 (0.509254), Inserts: 981492 (0.490746), Errors: 0 (0)
2/32 - Execution time: 8.45585 seconds
2/32 - Throughput: 236523 ops/sec
5/32 - Performed a throughput benchmark:
5/32 - Performed 2000000 find-or-put operations with random values from [0,...,41599999]
5/32 - Finds: 1015289 (0.507645), Inserts: 984711 (0.492356), Errors: 0 (0)
5/32 - Execution time: 8.4553 seconds
5/32 - Throughput: 236538 ops/sec
6/32 - Performed a throughput benchmark:
6/32 - Performed 2000000 find-or-put operations with random values from [0,...,41599999]
6/32 - Finds: 1019976 (0.509988), Inserts: 980024 (0.490012), Errors: 0 (0)
6/32 - Execution time: 8.47883 seconds
6/32 - Throughput: 235882 ops/sec
1/32 - Performed a throughput benchmark:
1/32 - Performed 2000000 find-or-put operations with random values from [0,...,41599999]
1/32 - Finds: 1020116 (0.510058), Inserts: 979884 (0.489942), Errors: 0 (0)
1/32 - Execution time: 8.47645 seconds
1/32 - Throughput: 235948 ops/sec
12/32 - Performed a throughput benchmark:
12/32 - Performed 2000000 find-or-put operations with random values from [0,...,41599999]
12/32 - Finds: 1020891 (0.510445), Inserts: 979109 (0.489555), Errors: 0 (0)
12/32 - Execution time: 8.49028 seconds
12/32 - Throughput: 235564 ops/sec
10/32 - Performed a throughput benchmark:
10/32 - Performed 2000000 find-or-put operations with random values from [0,...,41599999]
10/32 - Finds: 1022040 (0.51102), Inserts: 977960 (0.48898), Errors: 0 (0)
10/32 - Execution time: 8.50451 seconds
10/32 - Throughput: 235169 ops/sec
7/32 - Performed a throughput benchmark:
7/32 - Performed 2000000 find-or-put operations with random values from [0,...,41599999]
7/32 - Finds: 1019803 (0.509902), Inserts: 980197 (0.490098), Errors: 0 (0)
7/32 - Execution time: 8.48033 seconds
7/32 - Throughput: 235840 ops/sec
13/32 - Performed a throughput benchmark:
13/32 - Performed 2000000 find-or-put operations with random values from [0,...,41599999]
13/32 - Finds: 1021686 (0.510843), Inserts: 978314 (0.489157), Errors: 0 (0)
13/32 - Execution time: 8.50698 seconds
13/32 - Throughput: 235101 ops/sec
30/32 - Performed a throughput benchmark:
30/32 - Performed 2000000 find-or-put operations with random values from [0,...,41599999]
30/32 - Finds: 1103604 (0.551802), Inserts: 896396 (0.448198), Errors: 0 (0)
30/32 - Execution time: 9.8247 seconds
30/32 - Throughput: 203569 ops/sec
31/32 - Performed a throughput benchmark:
31/32 - Performed 2000000 find-or-put operations with random values from [0,...,41599999]
31/32 - Finds: 1102580 (0.55129), Inserts: 897420 (0.44871), Errors: 0 (0)
31/32 - Execution time: 9.82631 seconds
31/32 - Throughput: 203535 ops/sec
[1441195733.716951] [node001:3833 :0]         sys.c:719  MXM  WARN  Conflicting CPU frequencies detected, using: 1399.97
