[1441196665.619931] [node017:1258 :0]         sys.c:719  MXM  WARN  Conflicting CPU frequencies detected, using: 1399.69
[1441196665.640831] [node017:1258 :0]         mxm.c:185  MXM  WARN  The 'ulimit -s' on the system is set to 'unlimited'. This may have negative performance implications. Please set the heap size to the default value (10240) 
[1441196665.617723] [node017:1259 :0]         sys.c:719  MXM  WARN  Conflicting CPU frequencies detected, using: 1399.69
[1441196665.624701] [node017:1259 :0]         mxm.c:185  MXM  WARN  The 'ulimit -s' on the system is set to 'unlimited'. This may have negative performance implications. Please set the heap size to the default value (10240) 
[1441196665.860894] [node020:32218:0]         sys.c:719  MXM  WARN  Conflicting CPU frequencies detected, using: 1564.59
[1441196665.866697] [node020:32218:0]         mxm.c:185  MXM  WARN  The 'ulimit -s' on the system is set to 'unlimited'. This may have negative performance implications. Please set the heap size to the default value (10240) 
[1441196665.858804] [node030:18057:0]         sys.c:719  MXM  WARN  Conflicting CPU frequencies detected, using: 1796.06
[1441196665.864167] [node030:18057:0]         mxm.c:185  MXM  WARN  The 'ulimit -s' on the system is set to 'unlimited'. This may have negative performance implications. Please set the heap size to the default value (10240) 
[1441196665.900489] [node030:18074:0]         sys.c:719  MXM  WARN  Conflicting CPU frequencies detected, using: 1796.06
[1441196665.906111] [node030:18074:0]         mxm.c:185  MXM  WARN  The 'ulimit -s' on the system is set to 'unlimited'. This may have negative performance implications. Please set the heap size to the default value (10240) 
[1441196665.899404] [node020:32235:0]         sys.c:719  MXM  WARN  Conflicting CPU frequencies detected, using: 1699.41
[1441196665.904914] [node020:32235:0]         mxm.c:185  MXM  WARN  The 'ulimit -s' on the system is set to 'unlimited'. This may have negative performance implications. Please set the heap size to the default value (10240) 
[1441196665.905202] [node031:15257:0]         sys.c:719  MXM  WARN  Conflicting CPU frequencies detected, using: 1789.69
[1441196665.910480] [node031:15257:0]         mxm.c:185  MXM  WARN  The 'ulimit -s' on the system is set to 'unlimited'. This may have negative performance implications. Please set the heap size to the default value (10240) 
[1441196665.923516] [node019:1037 :0]         sys.c:719  MXM  WARN  Conflicting CPU frequencies detected, using: 1795.31
[1441196665.926919] [node019:1037 :0]         mxm.c:185  MXM  WARN  The 'ulimit -s' on the system is set to 'unlimited'. This may have negative performance implications. Please set the heap size to the default value (10240) 
[1441196665.925862] [node031:15274:0]         sys.c:719  MXM  WARN  Conflicting CPU frequencies detected, using: 1882.31
[1441196665.931705] [node031:15274:0]         mxm.c:185  MXM  WARN  The 'ulimit -s' on the system is set to 'unlimited'. This may have negative performance implications. Please set the heap size to the default value (10240) 
[1441196665.921224] [node019:1036 :0]         sys.c:719  MXM  WARN  Conflicting CPU frequencies detected, using: 1700.06
[1441196665.924704] [node019:1036 :0]         mxm.c:185  MXM  WARN  The 'ulimit -s' on the system is set to 'unlimited'. This may have negative performance implications. Please set the heap size to the default value (10240) 
[1441196665.925712] [node035:15175:0]         sys.c:719  MXM  WARN  Conflicting CPU frequencies detected, using: 1599.09
[1441196665.929391] [node035:15175:0]         mxm.c:185  MXM  WARN  The 'ulimit -s' on the system is set to 'unlimited'. This may have negative performance implications. Please set the heap size to the default value (10240) 
[1441196665.926496] [node033:15262:0]         sys.c:719  MXM  WARN  Conflicting CPU frequencies detected, using: 1792.97
[1441196665.932793] [node033:15262:0]         mxm.c:185  MXM  WARN  The 'ulimit -s' on the system is set to 'unlimited'. This may have negative performance implications. Please set the heap size to the default value (10240) 
[1441196665.928930] [node033:15256:0]         sys.c:719  MXM  WARN  Conflicting CPU frequencies detected, using: 1792.97
[1441196665.935040] [node033:15256:0]         mxm.c:185  MXM  WARN  The 'ulimit -s' on the system is set to 'unlimited'. This may have negative performance implications. Please set the heap size to the default value (10240) 
[1441196665.923945] [node018:860  :0]         sys.c:719  MXM  WARN  Conflicting CPU frequencies detected, using: 1894.69
[1441196665.930862] [node018:860  :0]         mxm.c:185  MXM  WARN  The 'ulimit -s' on the system is set to 'unlimited'. This may have negative performance implications. Please set the heap size to the default value (10240) 
[1441196665.925253] [node018:859  :0]         sys.c:719  MXM  WARN  Conflicting CPU frequencies detected, using: 1894.69
[1441196665.932952] [node018:859  :0]         mxm.c:185  MXM  WARN  The 'ulimit -s' on the system is set to 'unlimited'. This may have negative performance implications. Please set the heap size to the default value (10240) 
[1441196665.930842] [node032:14831:0]         sys.c:719  MXM  WARN  Conflicting CPU frequencies detected, using: 1792.22
[1441196665.936033] [node032:14831:0]         mxm.c:185  MXM  WARN  The 'ulimit -s' on the system is set to 'unlimited'. This may have negative performance implications. Please set the heap size to the default value (10240) 
[1441196665.927226] [node032:14830:0]         sys.c:719  MXM  WARN  Conflicting CPU frequencies detected, using: 1792.22
[1441196665.932772] [node032:14830:0]         mxm.c:185  MXM  WARN  The 'ulimit -s' on the system is set to 'unlimited'. This may have negative performance implications. Please set the heap size to the default value (10240) 
[1441196665.940827] [node038:14935:0]         sys.c:719  MXM  WARN  Conflicting CPU frequencies detected, using: 1985.06
[1441196665.946451] [node038:14935:0]         mxm.c:185  MXM  WARN  The 'ulimit -s' on the system is set to 'unlimited'. This may have negative performance implications. Please set the heap size to the default value (10240) 
[1441196665.942461] [node036:15236:0]         sys.c:719  MXM  WARN  Conflicting CPU frequencies detected, using: 1398.47
[1441196665.946113] [node036:15236:0]         mxm.c:185  MXM  WARN  The 'ulimit -s' on the system is set to 'unlimited'. This may have negative performance implications. Please set the heap size to the default value (10240) 
[1441196665.940735] [node039:15027:0]         sys.c:719  MXM  WARN  Conflicting CPU frequencies detected, using: 1595.25
[1441196665.946100] [node039:15027:0]         mxm.c:185  MXM  WARN  The 'ulimit -s' on the system is set to 'unlimited'. This may have negative performance implications. Please set the heap size to the default value (10240) 
[1441196666.016726] [node043:14765:0]         sys.c:719  MXM  WARN  Conflicting CPU frequencies detected, using: 1590.84
[1441196666.022366] [node043:14765:0]         mxm.c:185  MXM  WARN  The 'ulimit -s' on the system is set to 'unlimited'. This may have negative performance implications. Please set the heap size to the default value (10240) 
[1441196666.027343] [node040:14821:0]         sys.c:719  MXM  WARN  Conflicting CPU frequencies detected, using: 1498.59
[1441196666.032930] [node040:14821:0]         mxm.c:185  MXM  WARN  The 'ulimit -s' on the system is set to 'unlimited'. This may have negative performance implications. Please set the heap size to the default value (10240) 
[1441196666.006228] [node037:15079:0]         sys.c:719  MXM  WARN  Conflicting CPU frequencies detected, using: 1686.47
[1441196666.009681] [node037:15079:0]         mxm.c:185  MXM  WARN  The 'ulimit -s' on the system is set to 'unlimited'. This may have negative performance implications. Please set the heap size to the default value (10240) 
[1441196666.027925] [node037:15093:0]         sys.c:719  MXM  WARN  Conflicting CPU frequencies detected, using: 1798.12
[1441196666.031284] [node037:15093:0]         mxm.c:185  MXM  WARN  The 'ulimit -s' on the system is set to 'unlimited'. This may have negative performance implications. Please set the heap size to the default value (10240) 
[1441196666.018993] [node061:22154:0]         sys.c:719  MXM  WARN  Conflicting CPU frequencies detected, using: 1800.00
[1441196666.021627] [node061:22154:0]         mxm.c:185  MXM  WARN  The 'ulimit -s' on the system is set to 'unlimited'. This may have negative performance implications. Please set the heap size to the default value (10240) 
[1441196666.016524] [node056:22035:0]         sys.c:719  MXM  WARN  Conflicting CPU frequencies detected, using: 1699.50
[1441196666.021855] [node056:22035:0]         mxm.c:185  MXM  WARN  The 'ulimit -s' on the system is set to 'unlimited'. This may have negative performance implications. Please set the heap size to the default value (10240) 
[1441196666.022308] [node056:22039:0]         sys.c:719  MXM  WARN  Conflicting CPU frequencies detected, using: 1699.78
[1441196666.026959] [node056:22039:0]         mxm.c:185  MXM  WARN  The 'ulimit -s' on the system is set to 'unlimited'. This may have negative performance implications. Please set the heap size to the default value (10240) 
[1441196666.026878] [node057:22250:0]         sys.c:719  MXM  WARN  Conflicting CPU frequencies detected, using: 2357.06
[1441196666.031168] [node057:22250:0]         mxm.c:185  MXM  WARN  The 'ulimit -s' on the system is set to 'unlimited'. This may have negative performance implications. Please set the heap size to the default value (10240) 
[1441196666.017417] [node035:15199:0]         sys.c:719  MXM  WARN  Conflicting CPU frequencies detected, using: 1400.25
[1441196666.021262] [node035:15199:0]         mxm.c:185  MXM  WARN  The 'ulimit -s' on the system is set to 'unlimited'. This may have negative performance implications. Please set the heap size to the default value (10240) 
[1441196666.016262] [node061:22150:0]         sys.c:719  MXM  WARN  Conflicting CPU frequencies detected, using: 1800.00
[1441196666.019879] [node061:22150:0]         mxm.c:185  MXM  WARN  The 'ulimit -s' on the system is set to 'unlimited'. This may have negative performance implications. Please set the heap size to the default value (10240) 
[1441196666.022315] [node064:22154:0]         sys.c:719  MXM  WARN  Conflicting CPU frequencies detected, using: 1684.69
[1441196666.027534] [node064:22154:0]         mxm.c:185  MXM  WARN  The 'ulimit -s' on the system is set to 'unlimited'. This may have negative performance implications. Please set the heap size to the default value (10240) 
[1441196666.013003] [node055:21965:0]         sys.c:719  MXM  WARN  Conflicting CPU frequencies detected, using: 1600.03
[1441196666.018129] [node055:21965:0]         mxm.c:185  MXM  WARN  The 'ulimit -s' on the system is set to 'unlimited'. This may have negative performance implications. Please set the heap size to the default value (10240) 
[1441196666.027438] [node059:22504:0]         sys.c:719  MXM  WARN  Conflicting CPU frequencies detected, using: 1629.09
[1441196666.031333] [node059:22504:0]         mxm.c:185  MXM  WARN  The 'ulimit -s' on the system is set to 'unlimited'. This may have negative performance implications. Please set the heap size to the default value (10240) 
[1441196666.038275] [node065:22582:0]         sys.c:719  MXM  WARN  Conflicting CPU frequencies detected, using: 2702.81
[1441196666.042703] [node065:22582:0]         mxm.c:185  MXM  WARN  The 'ulimit -s' on the system is set to 'unlimited'. This may have negative performance implications. Please set the heap size to the default value (10240) 
[1441196666.036493] [node067:22422:0]         sys.c:719  MXM  WARN  Conflicting CPU frequencies detected, using: 2857.88
[1441196666.042821] [node067:22422:0]         mxm.c:185  MXM  WARN  The 'ulimit -s' on the system is set to 'unlimited'. This may have negative performance implications. Please set the heap size to the default value (10240) 
[1441196666.026875] [node068:22533:0]         sys.c:719  MXM  WARN  Conflicting CPU frequencies detected, using: 2400.00
[1441196666.032751] [node068:22533:0]         mxm.c:185  MXM  WARN  The 'ulimit -s' on the system is set to 'unlimited'. This may have negative performance implications. Please set the heap size to the default value (10240) 
[1441196666.022493] [node039:15051:0]         sys.c:719  MXM  WARN  Conflicting CPU frequencies detected, using: 1691.06
[1441196666.027928] [node039:15051:0]         mxm.c:185  MXM  WARN  The 'ulimit -s' on the system is set to 'unlimited'. This may have negative performance implications. Please set the heap size to the default value (10240) 
[1441196666.014627] [node053:695  :0]         sys.c:719  MXM  WARN  Conflicting CPU frequencies detected, using: 1697.53
[1441196666.020303] [node053:695  :0]         mxm.c:185  MXM  WARN  The 'ulimit -s' on the system is set to 'unlimited'. This may have negative performance implications. Please set the heap size to the default value (10240) 
[1441196666.024304] [node062:22172:0]         sys.c:719  MXM  WARN  Conflicting CPU frequencies detected, using: 1689.28
[1441196666.029762] [node062:22172:0]         mxm.c:185  MXM  WARN  The 'ulimit -s' on the system is set to 'unlimited'. This may have negative performance implications. Please set the heap size to the default value (10240) 
[1441196666.023294] [node042:14957:0]         sys.c:719  MXM  WARN  Conflicting CPU frequencies detected, using: 1800.00
[1441196666.031065] [node042:14957:0]         mxm.c:185  MXM  WARN  The 'ulimit -s' on the system is set to 'unlimited'. This may have negative performance implications. Please set the heap size to the default value (10240) 
[1441196666.019431] [node034:14613:0]         sys.c:719  MXM  WARN  Conflicting CPU frequencies detected, using: 1699.69
[1441196666.027328] [node034:14613:0]         mxm.c:185  MXM  WARN  The 'ulimit -s' on the system is set to 'unlimited'. This may have negative performance implications. Please set the heap size to the default value (10240) 
[1441196666.028751] [node060:22573:0]         sys.c:719  MXM  WARN  Conflicting CPU frequencies detected, using: 1498.50
[1441196666.032783] [node060:22573:0]         mxm.c:185  MXM  WARN  The 'ulimit -s' on the system is set to 'unlimited'. This may have negative performance implications. Please set the heap size to the default value (10240) 
[1441196666.032957] [node036:15260:0]         sys.c:719  MXM  WARN  Conflicting CPU frequencies detected, using: 1594.59
[1441196666.036585] [node036:15260:0]         mxm.c:185  MXM  WARN  The 'ulimit -s' on the system is set to 'unlimited'. This may have negative performance implications. Please set the heap size to the default value (10240) 
[1441196666.023560] [node042:14958:0]         sys.c:719  MXM  WARN  Conflicting CPU frequencies detected, using: 1800.00
[1441196666.031849] [node042:14958:0]         mxm.c:185  MXM  WARN  The 'ulimit -s' on the system is set to 'unlimited'. This may have negative performance implications. Please set the heap size to the default value (10240) 
[1441196666.057016] [node066:22539:0]         sys.c:719  MXM  WARN  Conflicting CPU frequencies detected, using: 2373.47
[1441196666.062924] [node066:22539:0]         mxm.c:185  MXM  WARN  The 'ulimit -s' on the system is set to 'unlimited'. This may have negative performance implications. Please set the heap size to the default value (10240) 
[1441196666.038162] [node055:21982:0]         sys.c:719  MXM  WARN  Conflicting CPU frequencies detected, using: 1779.38
[1441196666.043543] [node055:21982:0]         mxm.c:185  MXM  WARN  The 'ulimit -s' on the system is set to 'unlimited'. This may have negative performance implications. Please set the heap size to the default value (10240) 
[1441196666.020055] [node034:14612:0]         sys.c:719  MXM  WARN  Conflicting CPU frequencies detected, using: 1699.69
[1441196666.028318] [node034:14612:0]         mxm.c:185  MXM  WARN  The 'ulimit -s' on the system is set to 'unlimited'. This may have negative performance implications. Please set the heap size to the default value (10240) 
[1441196666.052523] [node066:22538:0]         sys.c:719  MXM  WARN  Conflicting CPU frequencies detected, using: 2373.47
[1441196666.058812] [node066:22538:0]         mxm.c:185  MXM  WARN  The 'ulimit -s' on the system is set to 'unlimited'. This may have negative performance implications. Please set the heap size to the default value (10240) 
[1441196666.041069] [node064:22168:0]         sys.c:719  MXM  WARN  Conflicting CPU frequencies detected, using: 1799.34
[1441196666.045957] [node064:22168:0]         mxm.c:185  MXM  WARN  The 'ulimit -s' on the system is set to 'unlimited'. This may have negative performance implications. Please set the heap size to the default value (10240) 
[1441196666.053398] [node059:22521:0]         sys.c:719  MXM  WARN  Conflicting CPU frequencies detected, using: 1599.94
[1441196666.057418] [node059:22521:0]         mxm.c:185  MXM  WARN  The 'ulimit -s' on the system is set to 'unlimited'. This may have negative performance implications. Please set the heap size to the default value (10240) 
[1441196666.031875] [node044:14694:0]         sys.c:719  MXM  WARN  Conflicting CPU frequencies detected, using: 1673.44
[1441196666.037442] [node044:14694:0]         mxm.c:185  MXM  WARN  The 'ulimit -s' on the system is set to 'unlimited'. This may have negative performance implications. Please set the heap size to the default value (10240) 
[1441196666.048542] [node060:22587:0]         sys.c:719  MXM  WARN  Conflicting CPU frequencies detected, using: 1498.50
[1441196666.052422] [node060:22587:0]         mxm.c:185  MXM  WARN  The 'ulimit -s' on the system is set to 'unlimited'. This may have negative performance implications. Please set the heap size to the default value (10240) 
[1441196666.036322] [node045:15001:0]         sys.c:719  MXM  WARN  Conflicting CPU frequencies detected, using: 1498.88
[1441196666.041778] [node045:15001:0]         mxm.c:185  MXM  WARN  The 'ulimit -s' on the system is set to 'unlimited'. This may have negative performance implications. Please set the heap size to the default value (10240) 
[1441196666.041366] [node054:22047:0]         sys.c:719  MXM  WARN  Conflicting CPU frequencies detected, using: 1657.78
[1441196666.046743] [node054:22047:0]         mxm.c:185  MXM  WARN  The 'ulimit -s' on the system is set to 'unlimited'. This may have negative performance implications. Please set the heap size to the default value (10240) 
[1441196666.043281] [node058:22555:0]         sys.c:719  MXM  WARN  Conflicting CPU frequencies detected, using: 1475.62
[1441196666.047622] [node058:22555:0]         mxm.c:185  MXM  WARN  The 'ulimit -s' on the system is set to 'unlimited'. This may have negative performance implications. Please set the heap size to the default value (10240) 
[1441196666.043205] [node058:22556:0]         sys.c:719  MXM  WARN  Conflicting CPU frequencies detected, using: 1475.62
[1441196666.047421] [node058:22556:0]         mxm.c:185  MXM  WARN  The 'ulimit -s' on the system is set to 'unlimited'. This may have negative performance implications. Please set the heap size to the default value (10240) 
[1441196666.045989] [node054:22051:0]         sys.c:719  MXM  WARN  Conflicting CPU frequencies detected, using: 1699.97
[1441196666.051449] [node054:22051:0]         mxm.c:185  MXM  WARN  The 'ulimit -s' on the system is set to 'unlimited'. This may have negative performance implications. Please set the heap size to the default value (10240) 
[1441196666.043102] [node045:15007:0]         sys.c:719  MXM  WARN  Conflicting CPU frequencies detected, using: 1500.00
[1441196666.049191] [node045:15007:0]         mxm.c:185  MXM  WARN  The 'ulimit -s' on the system is set to 'unlimited'. This may have negative performance implications. Please set the heap size to the default value (10240) 
[1441196666.073879] [node057:22267:0]         sys.c:719  MXM  WARN  Conflicting CPU frequencies detected, using: 2357.06
[1441196666.078053] [node057:22267:0]         mxm.c:185  MXM  WARN  The 'ulimit -s' on the system is set to 'unlimited'. This may have negative performance implications. Please set the heap size to the default value (10240) 
[1441196666.055134] [node044:14711:0]         sys.c:719  MXM  WARN  Conflicting CPU frequencies detected, using: 1674.94
[1441196666.060495] [node044:14711:0]         mxm.c:185  MXM  WARN  The 'ulimit -s' on the system is set to 'unlimited'. This may have negative performance implications. Please set the heap size to the default value (10240) 
[1441196666.079860] [node065:22599:0]         sys.c:719  MXM  WARN  Conflicting CPU frequencies detected, using: 2399.91
[1441196666.084025] [node065:22599:0]         mxm.c:185  MXM  WARN  The 'ulimit -s' on the system is set to 'unlimited'. This may have negative performance implications. Please set the heap size to the default value (10240) 
[1441196666.070243] [node068:22550:0]         sys.c:719  MXM  WARN  Conflicting CPU frequencies detected, using: 2268.66
[1441196666.076714] [node068:22550:0]         mxm.c:185  MXM  WARN  The 'ulimit -s' on the system is set to 'unlimited'. This may have negative performance implications. Please set the heap size to the default value (10240) 
[1441196666.084553] [node067:22439:0]         sys.c:719  MXM  WARN  Conflicting CPU frequencies detected, using: 2857.88
[1441196666.091098] [node067:22439:0]         mxm.c:185  MXM  WARN  The 'ulimit -s' on the system is set to 'unlimited'. This may have negative performance implications. Please set the heap size to the default value (10240) 
[1441196666.065746] [node041:14791:0]         sys.c:719  MXM  WARN  Conflicting CPU frequencies detected, using: 1697.62
[1441196666.074251] [node041:14791:0]         mxm.c:185  MXM  WARN  The 'ulimit -s' on the system is set to 'unlimited'. This may have negative performance implications. Please set the heap size to the default value (10240) 
[1441196666.079784] [node063:22233:0]         sys.c:719  MXM  WARN  Conflicting CPU frequencies detected, using: 1786.97
[1441196666.082946] [node063:22233:0]         mxm.c:185  MXM  WARN  The 'ulimit -s' on the system is set to 'unlimited'. This may have negative performance implications. Please set the heap size to the default value (10240) 
[1441196666.072918] [node062:22189:0]         sys.c:719  MXM  WARN  Conflicting CPU frequencies detected, using: 1699.97
[1441196666.078692] [node062:22189:0]         mxm.c:185  MXM  WARN  The 'ulimit -s' on the system is set to 'unlimited'. This may have negative performance implications. Please set the heap size to the default value (10240) 
[1441196666.062007] [node040:14838:0]         sys.c:719  MXM  WARN  Conflicting CPU frequencies detected, using: 1599.94
[1441196666.067720] [node040:14838:0]         mxm.c:185  MXM  WARN  The 'ulimit -s' on the system is set to 'unlimited'. This may have negative performance implications. Please set the heap size to the default value (10240) 
[1441196666.078114] [node063:22234:0]         sys.c:719  MXM  WARN  Conflicting CPU frequencies detected, using: 1786.97
[1441196666.081655] [node063:22234:0]         mxm.c:185  MXM  WARN  The 'ulimit -s' on the system is set to 'unlimited'. This may have negative performance implications. Please set the heap size to the default value (10240) 
[1441196666.069493] [node053:713  :0]         sys.c:719  MXM  WARN  Conflicting CPU frequencies detected, using: 1812.00
[1441196666.075227] [node053:713  :0]         mxm.c:185  MXM  WARN  The 'ulimit -s' on the system is set to 'unlimited'. This may have negative performance implications. Please set the heap size to the default value (10240) 
[1441196666.068495] [node043:14782:0]         sys.c:719  MXM  WARN  Conflicting CPU frequencies detected, using: 1684.22
[1441196666.074198] [node043:14782:0]         mxm.c:185  MXM  WARN  The 'ulimit -s' on the system is set to 'unlimited'. This may have negative performance implications. Please set the heap size to the default value (10240) 
[1441196666.072841] [node038:14959:0]         sys.c:719  MXM  WARN  Conflicting CPU frequencies detected, using: 1985.06
[1441196666.078724] [node038:14959:0]         mxm.c:185  MXM  WARN  The 'ulimit -s' on the system is set to 'unlimited'. This may have negative performance implications. Please set the heap size to the default value (10240) 
[1441196666.065507] [node041:14788:0]         sys.c:719  MXM  WARN  Conflicting CPU frequencies detected, using: 1697.62
[1441196666.073454] [node041:14788:0]         mxm.c:185  MXM  WARN  The 'ulimit -s' on the system is set to 'unlimited'. This may have negative performance implications. Please set the heap size to the default value (10240) 
UPCR: UPC thread  0 of 72 on node017 (pshm node  0 of 36, process  0 of 72, pid=1258)
UPCR: UPC thread  1 of 72 on node017 (pshm node  0 of 36, process  1 of 72, pid=1259)
UPCR: UPC thread 10 of 72 on node031 (pshm node  5 of 36, process 10 of 72, pid=15257)
UPCR: UPC thread  3 of 72 on node018 (pshm node  1 of 36, process  3 of 72, pid=859)
UPCR: UPC thread 46 of 72 on node056 (pshm node 23 of 36, process 46 of 72, pid=22035)
UPCR: UPC thread 11 of 72 on node031 (pshm node  5 of 36, process 11 of 72, pid=15274)
UPCR: UPC thread  4 of 72 on node019 (pshm node  2 of 36, process  4 of 72, pid=1036)
UPCR: UPC thread 24 of 72 on node038 (pshm node 12 of 36, process 24 of 72, pid=14935)
UPCR: UPC thread 45 of 72 on node055 (pshm node 22 of 36, process 45 of 72, pid=21982)
UPCR: UPC thread 41 of 72 on node053 (pshm node 20 of 36, process 41 of 72, pid=713)
UPCR: UPC thread 40 of 72 on node053 (pshm node 20 of 36, process 40 of 72, pid=695)
UPCR: UPC thread  2 of 72 on node018 (pshm node  1 of 36, process  2 of 72, pid=860)
UPCR: UPC thread 58 of 72 on node062 (pshm node 29 of 36, process 58 of 72, pid=22172)
UPCR: UPC thread 50 of 72 on node058 (pshm node 25 of 36, process 50 of 72, pid=22555)
UPCR: UPC thread  8 of 72 on node030 (pshm node  4 of 36, process  8 of 72, pid=18057)
UPCR: UPC thread 13 of 72 on node032 (pshm node  6 of 36, process 13 of 72, pid=14830)
UPCR: UPC thread 44 of 72 on node055 (pshm node 22 of 36, process 44 of 72, pid=21965)
UPCR: UPC thread 53 of 72 on node059 (pshm node 26 of 36, process 53 of 72, pid=22521)
UPCR: UPC thread 16 of 72 on node034 (pshm node  8 of 36, process 16 of 72, pid=14612)
UPCR: UPC thread  7 of 72 on node020 (pshm node  3 of 36, process  7 of 72, pid=32235)
UPCR: UPC thread 57 of 72 on node061 (pshm node 28 of 36, process 57 of 72, pid=22154)
UPCR: UPC thread 39 of 72 on node045 (pshm node 19 of 36, process 39 of 72, pid=15007)
UPCR: UPC thread  5 of 72 on node019 (pshm node  2 of 36, process  5 of 72, pid=1037)
UPCR: UPC thread 37 of 72 on node044 (pshm node 18 of 36, process 37 of 72, pid=14694)
UPCR: UPC thread 52 of 72 on node059 (pshm node 26 of 36, process 52 of 72, pid=22504)
UPCR: UPC thread 61 of 72 on node063 (pshm node 30 of 36, process 61 of 72, pid=22234)
UPCR: UPC thread 70 of 72 on node068 (pshm node 35 of 36, process 70 of 72, pid=22533)
UPCR: UPC thread 35 of 72 on node043 (pshm node 17 of 36, process 35 of 72, pid=14782)
UPCR: UPC thread 19 of 72 on node035 (pshm node  9 of 36, process 19 of 72, pid=15199)
UPCR: UPC thread 22 of 72 on node037 (pshm node 11 of 36, process 22 of 72, pid=15093)
UPCR: UPC thread 43 of 72 on node054 (pshm node 21 of 36, process 43 of 72, pid=22051)
UPCR: UPC thread 23 of 72 on node037 (pshm node 11 of 36, process 23 of 72, pid=15079)
UPCR: UPC thread 71 of 72 on node068 (pshm node 35 of 36, process 71 of 72, pid=22550)
UPCR: UPC thread 33 of 72 on node042 (pshm node 16 of 36, process 33 of 72, pid=14958)
UPCR: UPC thread 64 of 72 on node065 (pshm node 32 of 36, process 64 of 72, pid=22599)
UPCR: UPC thread 18 of 72 on node035 (pshm node  9 of 36, process 18 of 72, pid=15175)
UPCR: UPC thread 68 of 72 on node067 (pshm node 34 of 36, process 68 of 72, pid=22422)
UPCR: UPC thread 36 of 72 on node044 (pshm node 18 of 36, process 36 of 72, pid=14711)
UPCR: UPC thread 55 of 72 on node060 (pshm node 27 of 36, process 55 of 72, pid=22587)
UPCR: UPC thread 12 of 72 on node032 (pshm node  6 of 36, process 12 of 72, pid=14831)
UPCR: UPC thread 32 of 72 on node042 (pshm node 16 of 36, process 32 of 72, pid=14957)
UPCR: UPC thread  6 of 72 on node020 (pshm node  3 of 36, process  6 of 72, pid=32218)
UPCR: UPC thread 14 of 72 on node033 (pshm node  7 of 36, process 14 of 72, pid=15256)
UPCR: UPC thread 63 of 72 on node064 (pshm node 31 of 36, process 63 of 72, pid=22154)
UPCR: UPC thread 26 of 72 on node039 (pshm node 13 of 36, process 26 of 72, pid=15051)
UPCR: UPC thread 62 of 72 on node064 (pshm node 31 of 36, process 62 of 72, pid=22168)
UPCR: UPC thread 69 of 72 on node067 (pshm node 34 of 36, process 69 of 72, pid=22439)
UPCR: UPC thread 28 of 72 on node040 (pshm node 14 of 36, process 28 of 72, pid=14821)
UPCR: UPC thread 56 of 72 on node061 (pshm node 28 of 36, process 56 of 72, pid=22150)
UPCR: UPC thread 17 of 72 on node034 (pshm node  8 of 36, process 17 of 72, pid=14613)
UPCR: UPC thread 29 of 72 on node040 (pshm node 14 of 36, process 29 of 72, pid=14838)
UPCR: UPC thread 51 of 72 on node058 (pshm node 25 of 36, process 51 of 72, pid=22556)
UPCR: UPC thread 27 of 72 on node039 (pshm node 13 of 36, process 27 of 72, pid=15027)
UPCR: UPC thread 15 of 72 on node033 (pshm node  7 of 36, process 15 of 72, pid=15262)
UPCR: UPC thread 47 of 72 on node056 (pshm node 23 of 36, process 47 of 72, pid=22039)
UPCR: UPC thread 49 of 72 on node057 (pshm node 24 of 36, process 49 of 72, pid=22267)
UPCR: UPC thread 65 of 72 on node065 (pshm node 32 of 36, process 65 of 72, pid=22582)
UPCR: UPC thread 30 of 72 on node041 (pshm node 15 of 36, process 30 of 72, pid=14788)
UPCR: UPC thread 66 of 72 on node066 (pshm node 33 of 36, process 66 of 72, pid=22538)
UPCR: UPC thread  9 of 72 on node030 (pshm node  4 of 36, process  9 of 72, pid=18074)
UPCR: UPC thread 42 of 72 on node054 (pshm node 21 of 36, process 42 of 72, pid=22047)
UPCR: UPC thread 48 of 72 on node057 (pshm node 24 of 36, process 48 of 72, pid=22250)
UPCR: UPC thread 67 of 72 on node066 (pshm node 33 of 36, process 67 of 72, pid=22539)
UPCR: UPC thread 60 of 72 on node063 (pshm node 30 of 36, process 60 of 72, pid=22233)
UPCR: UPC thread 31 of 72 on node041 (pshm node 15 of 36, process 31 of 72, pid=14791)
UPCR: UPC thread 59 of 72 on node062 (pshm node 29 of 36, process 59 of 72, pid=22189)
UPCR: UPC thread 54 of 72 on node060 (pshm node 27 of 36, process 54 of 72, pid=22573)
UPCR: UPC thread 21 of 72 on node036 (pshm node 10 of 36, process 21 of 72, pid=15236)
UPCR: UPC thread 38 of 72 on node045 (pshm node 19 of 36, process 38 of 72, pid=15001)
UPCR: UPC thread 34 of 72 on node043 (pshm node 17 of 36, process 34 of 72, pid=14765)
UPCR: UPC thread 20 of 72 on node036 (pshm node 10 of 36, process 20 of 72, pid=15260)
UPCR: UPC thread 25 of 72 on node038 (pshm node 12 of 36, process 25 of 72, pid=14959)
0/72 - htable initialized
0/72 - table size: 77309411328 bytes (73728 MB)
0/72 - total number of buckets: 9663676416
0/72 - block size: 1073741824 (1024 MB)
0/72 - number of buckets in block: 134217728
0/72 - number of blocks: 72
34/72 - Performed a throughput benchmark:
34/72 - Performed 2000000 find-or-put operations with random values from [0,...,93599999]
34/72 - Finds: 973210 (0.486605), Inserts: 1026790 (0.513395), Errors: 0 (0)
34/72 - Execution time: 7.69396 seconds
34/72 - Throughput: 259944 ops/sec
31/72 - Performed a throughput benchmark:
31/72 - Performed 2000000 find-or-put operations with random values from [0,...,93599999]
31/72 - Finds: 973781 (0.486891), Inserts: 1026219 (0.513109), Errors: 0 (0)
31/72 - Execution time: 7.70006 seconds
31/72 - Throughput: 259738 ops/sec
45/72 - Performed a throughput benchmark:
45/72 - Performed 2000000 find-or-put operations with random values from [0,...,93599999]
45/72 - Finds: 973785 (0.486893), Inserts: 1026215 (0.513108), Errors: 0 (0)
45/72 - Execution time: 7.6871 seconds
45/72 - Throughput: 260176 ops/sec
65/72 - Performed a throughput benchmark:
65/72 - Performed 2000000 find-or-put operations with random values from [0,...,93599999]
65/72 - Finds: 971514 (0.485757), Inserts: 1028486 (0.514243), Errors: 0 (0)
65/72 - Execution time: 7.69387 seconds
65/72 - Throughput: 259947 ops/sec
25/72 - Performed a throughput benchmark:
25/72 - Performed 2000000 find-or-put operations with random values from [0,...,93599999]
25/72 - Finds: 973373 (0.486687), Inserts: 1026627 (0.513313), Errors: 0 (0)
25/72 - Execution time: 7.69911 seconds
25/72 - Throughput: 259770 ops/sec
64/72 - Performed a throughput benchmark:
64/72 - Performed 2000000 find-or-put operations with random values from [0,...,93599999]
64/72 - Finds: 969138 (0.484569), Inserts: 1030862 (0.515431), Errors: 0 (0)
64/72 - Execution time: 7.67569 seconds
64/72 - Throughput: 260563 ops/sec
44/72 - Performed a throughput benchmark:
44/72 - Performed 2000000 find-or-put operations with random values from [0,...,93599999]
44/72 - Finds: 972769 (0.486384), Inserts: 1027231 (0.513616), Errors: 0 (0)
44/72 - Execution time: 7.69561 seconds
44/72 - Throughput: 259888 ops/sec
35/72 - Performed a throughput benchmark:
35/72 - Performed 2000000 find-or-put operations with random values from [0,...,93599999]
35/72 - Finds: 971434 (0.485717), Inserts: 1028566 (0.514283), Errors: 0 (0)
35/72 - Execution time: 7.68822 seconds
35/72 - Throughput: 260138 ops/sec
41/72 - Performed a throughput benchmark:
41/72 - Performed 2000000 find-or-put operations with random values from [0,...,93599999]
41/72 - Finds: 971969 (0.485984), Inserts: 1028031 (0.514015), Errors: 0 (0)
41/72 - Execution time: 7.69336 seconds
41/72 - Throughput: 259964 ops/sec
49/72 - Performed a throughput benchmark:
49/72 - Performed 2000000 find-or-put operations with random values from [0,...,93599999]
49/72 - Finds: 974322 (0.487161), Inserts: 1025678 (0.512839), Errors: 0 (0)
49/72 - Execution time: 7.70841 seconds
49/72 - Throughput: 259457 ops/sec
61/72 - Performed a throughput benchmark:
61/72 - Performed 2000000 find-or-put operations with random values from [0,...,93599999]
61/72 - Finds: 972278 (0.486139), Inserts: 1027722 (0.513861), Errors: 0 (0)
61/72 - Execution time: 7.7056 seconds
61/72 - Throughput: 259552 ops/sec
63/72 - Performed a throughput benchmark:
63/72 - Performed 2000000 find-or-put operations with random values from [0,...,93599999]
63/72 - Finds: 974470 (0.487235), Inserts: 1025530 (0.512765), Errors: 0 (0)
63/72 - Execution time: 7.71001 seconds
63/72 - Throughput: 259403 ops/sec
26/72 - Performed a throughput benchmark:
26/72 - Performed 2000000 find-or-put operations with random values from [0,...,93599999]
26/72 - Finds: 975745 (0.487872), Inserts: 1024255 (0.512127), Errors: 0 (0)
26/72 - Execution time: 7.72029 seconds
26/72 - Throughput: 259058 ops/sec
59/72 - Performed a throughput benchmark:
59/72 - Performed 2000000 find-or-put operations with random values from [0,...,93599999]
59/72 - Finds: 972093 (0.486046), Inserts: 1027907 (0.513953), Errors: 0 (0)
59/72 - Execution time: 7.69793 seconds
59/72 - Throughput: 259810 ops/sec
40/72 - Performed a throughput benchmark:
40/72 - Performed 2000000 find-or-put operations with random values from [0,...,93599999]
40/72 - Finds: 972714 (0.486357), Inserts: 1027286 (0.513643), Errors: 0 (0)
40/72 - Execution time: 7.70185 seconds
40/72 - Throughput: 259678 ops/sec
29/72 - Performed a throughput benchmark:
29/72 - Performed 2000000 find-or-put operations with random values from [0,...,93599999]
29/72 - Finds: 974127 (0.487063), Inserts: 1025873 (0.512937), Errors: 0 (0)
29/72 - Execution time: 7.72578 seconds
29/72 - Throughput: 258874 ops/sec
57/72 - Performed a throughput benchmark:
57/72 - Performed 2000000 find-or-put operations with random values from [0,...,93599999]
57/72 - Finds: 973999 (0.486999), Inserts: 1026001 (0.513), Errors: 0 (0)
57/72 - Execution time: 7.69925 seconds
57/72 - Throughput: 259766 ops/sec
47/72 - Performed a throughput benchmark:
47/72 - Performed 2000000 find-or-put operations with random values from [0,...,93599999]
47/72 - Finds: 972997 (0.486499), Inserts: 1027003 (0.513502), Errors: 0 (0)
47/72 - Execution time: 7.71892 seconds
47/72 - Throughput: 259103 ops/sec
32/72 - Performed a throughput benchmark:
32/72 - Performed 2000000 find-or-put operations with random values from [0,...,93599999]
32/72 - Finds: 974940 (0.48747), Inserts: 1025060 (0.51253), Errors: 0 (0)
32/72 - Execution time: 7.72797 seconds
32/72 - Throughput: 258800 ops/sec
18/72 - Performed a throughput benchmark:
18/72 - Performed 2000000 find-or-put operations with random values from [0,...,93599999]
18/72 - Finds: 974921 (0.487461), Inserts: 1025079 (0.51254), Errors: 0 (0)
18/72 - Execution time: 7.7228 seconds
18/72 - Throughput: 258973 ops/sec
19/72 - Performed a throughput benchmark:
19/72 - Performed 2000000 find-or-put operations with random values from [0,...,93599999]
19/72 - Finds: 973990 (0.486995), Inserts: 1026010 (0.513005), Errors: 0 (0)
19/72 - Execution time: 7.71455 seconds
19/72 - Throughput: 259250 ops/sec
23/72 - Performed a throughput benchmark:
23/72 - Performed 2000000 find-or-put operations with random values from [0,...,93599999]
23/72 - Finds: 974459 (0.487229), Inserts: 1025541 (0.512771), Errors: 0 (0)
23/72 - Execution time: 7.71588 seconds
23/72 - Throughput: 259206 ops/sec
24/72 - Performed a throughput benchmark:
24/72 - Performed 2000000 find-or-put operations with random values from [0,...,93599999]
24/72 - Finds: 973480 (0.48674), Inserts: 1026520 (0.51326), Errors: 0 (0)
24/72 - Execution time: 7.70901 seconds
24/72 - Throughput: 259437 ops/sec
30/72 - Performed a throughput benchmark:
30/72 - Performed 2000000 find-or-put operations with random values from [0,...,93599999]
30/72 - Finds: 974783 (0.487391), Inserts: 1025217 (0.512609), Errors: 0 (0)
30/72 - Execution time: 7.71278 seconds
30/72 - Throughput: 259310 ops/sec
16/72 - Performed a throughput benchmark:
16/72 - Performed 2000000 find-or-put operations with random values from [0,...,93599999]
16/72 - Finds: 972803 (0.486401), Inserts: 1027197 (0.513598), Errors: 0 (0)
16/72 - Execution time: 7.71486 seconds
16/72 - Throughput: 259240 ops/sec
9/72 - Performed a throughput benchmark:
9/72 - Performed 2000000 find-or-put operations with random values from [0,...,93599999]
9/72 - Finds: 974389 (0.487194), Inserts: 1025611 (0.512806), Errors: 0 (0)
9/72 - Execution time: 7.71903 seconds
9/72 - Throughput: 259100 ops/sec
36/72 - Performed a throughput benchmark:
36/72 - Performed 2000000 find-or-put operations with random values from [0,...,93599999]
36/72 - Finds: 972496 (0.486248), Inserts: 1027504 (0.513752), Errors: 0 (0)
36/72 - Execution time: 7.70216 seconds
36/72 - Throughput: 259667 ops/sec
37/72 - Performed a throughput benchmark:
37/72 - Performed 2000000 find-or-put operations with random values from [0,...,93599999]
37/72 - Finds: 972185 (0.486092), Inserts: 1027815 (0.513907), Errors: 0 (0)
37/72 - Execution time: 7.69744 seconds
37/72 - Throughput: 259827 ops/sec
39/72 - Performed a throughput benchmark:
39/72 - Performed 2000000 find-or-put operations with random values from [0,...,93599999]
39/72 - Finds: 974057 (0.487028), Inserts: 1025943 (0.512972), Errors: 0 (0)
39/72 - Execution time: 7.71906 seconds
39/72 - Throughput: 259099 ops/sec
27/72 - Performed a throughput benchmark:
27/72 - Performed 2000000 find-or-put operations with random values from [0,...,93599999]
27/72 - Finds: 975483 (0.487741), Inserts: 1024517 (0.512258), Errors: 0 (0)
27/72 - Execution time: 7.73291 seconds
27/72 - Throughput: 258635 ops/sec
62/72 - Performed a throughput benchmark:
62/72 - Performed 2000000 find-or-put operations with random values from [0,...,93599999]
62/72 - Finds: 973646 (0.486823), Inserts: 1026354 (0.513177), Errors: 0 (0)
62/72 - Execution time: 7.71089 seconds
62/72 - Throughput: 259373 ops/sec
53/72 - Performed a throughput benchmark:
53/72 - Performed 2000000 find-or-put operations with random values from [0,...,93599999]
53/72 - Finds: 976154 (0.488077), Inserts: 1023846 (0.511923), Errors: 0 (0)
53/72 - Execution time: 7.73144 seconds
53/72 - Throughput: 258684 ops/sec
12/72 - Performed a throughput benchmark:
12/72 - Performed 2000000 find-or-put operations with random values from [0,...,93599999]
12/72 - Finds: 973372 (0.486686), Inserts: 1026628 (0.513314), Errors: 0 (0)
12/72 - Execution time: 7.71347 seconds
12/72 - Throughput: 259287 ops/sec
42/72 - Performed a throughput benchmark:
42/72 - Performed 2000000 find-or-put operations with random values from [0,...,93599999]
42/72 - Finds: 972667 (0.486333), Inserts: 1027333 (0.513667), Errors: 0 (0)
42/72 - Execution time: 7.70754 seconds
42/72 - Throughput: 259486 ops/sec
67/72 - Performed a throughput benchmark:
67/72 - Performed 2000000 find-or-put operations with random values from [0,...,93599999]
67/72 - Finds: 974391 (0.487196), Inserts: 1025609 (0.512804), Errors: 0 (0)
67/72 - Execution time: 7.70214 seconds
67/72 - Throughput: 259668 ops/sec
38/72 - Performed a throughput benchmark:
38/72 - Performed 2000000 find-or-put operations with random values from [0,...,93599999]
38/72 - Finds: 973811 (0.486905), Inserts: 1026189 (0.513095), Errors: 0 (0)
38/72 - Execution time: 7.7206 seconds
38/72 - Throughput: 259047 ops/sec
43/72 - Performed a throughput benchmark:
43/72 - Performed 2000000 find-or-put operations with random values from [0,...,93599999]
43/72 - Finds: 973668 (0.486834), Inserts: 1026332 (0.513166), Errors: 0 (0)
43/72 - Execution time: 7.7075 seconds
43/72 - Throughput: 259488 ops/sec
50/72 - Performed a throughput benchmark:
50/72 - Performed 2000000 find-or-put operations with random values from [0,...,93599999]
50/72 - Finds: 973960 (0.48698), Inserts: 1026040 (0.51302), Errors: 0 (0)
50/72 - Execution time: 7.71971 seconds
50/72 - Throughput: 259077 ops/sec
51/72 - Performed a throughput benchmark:
51/72 - Performed 2000000 find-or-put operations with random values from [0,...,93599999]
51/72 - Finds: 973874 (0.486937), Inserts: 1026126 (0.513063), Errors: 0 (0)
51/72 - Execution time: 7.71515 seconds
51/72 - Throughput: 259230 ops/sec
28/72 - Performed a throughput benchmark:
28/72 - Performed 2000000 find-or-put operations with random values from [0,...,93599999]
28/72 - Finds: 975557 (0.487779), Inserts: 1024443 (0.512221), Errors: 0 (0)
28/72 - Execution time: 7.7267 seconds
28/72 - Throughput: 258843 ops/sec
8/72 - Performed a throughput benchmark:
8/72 - Performed 2000000 find-or-put operations with random values from [0,...,93599999]
8/72 - Finds: 974486 (0.487243), Inserts: 1025514 (0.512757), Errors: 0 (0)
8/72 - Execution time: 7.73425 seconds
8/72 - Throughput: 258590 ops/sec
22/72 - Performed a throughput benchmark:
22/72 - Performed 2000000 find-or-put operations with random values from [0,...,93599999]
22/72 - Finds: 974942 (0.487471), Inserts: 1025058 (0.512529), Errors: 0 (0)
22/72 - Execution time: 7.71966 seconds
22/72 - Throughput: 259079 ops/sec
33/72 - Performed a throughput benchmark:
33/72 - Performed 2000000 find-or-put operations with random values from [0,...,93599999]
33/72 - Finds: 974724 (0.487362), Inserts: 1025276 (0.512638), Errors: 0 (0)
33/72 - Execution time: 7.72667 seconds
33/72 - Throughput: 258844 ops/sec
13/72 - Performed a throughput benchmark:
13/72 - Performed 2000000 find-or-put operations with random values from [0,...,93599999]
13/72 - Finds: 974314 (0.487157), Inserts: 1025686 (0.512843), Errors: 0 (0)
13/72 - Execution time: 7.72298 seconds
13/72 - Throughput: 258967 ops/sec
68/72 - Performed a throughput benchmark:
68/72 - Performed 2000000 find-or-put operations with random values from [0,...,93599999]
68/72 - Finds: 972596 (0.486298), Inserts: 1027404 (0.513702), Errors: 0 (0)
68/72 - Execution time: 7.70054 seconds
68/72 - Throughput: 259722 ops/sec
69/72 - Performed a throughput benchmark:
69/72 - Performed 2000000 find-or-put operations with random values from [0,...,93599999]
69/72 - Finds: 973968 (0.486984), Inserts: 1026032 (0.513016), Errors: 0 (0)
69/72 - Execution time: 7.69715 seconds
69/72 - Throughput: 259836 ops/sec
17/72 - Performed a throughput benchmark:
17/72 - Performed 2000000 find-or-put operations with random values from [0,...,93599999]
17/72 - Finds: 972786 (0.486393), Inserts: 1027214 (0.513607), Errors: 0 (0)
17/72 - Execution time: 7.7116 seconds
17/72 - Throughput: 259350 ops/sec
15/72 - Performed a throughput benchmark:
15/72 - Performed 2000000 find-or-put operations with random values from [0,...,93599999]
15/72 - Finds: 977206 (0.488603), Inserts: 1022794 (0.511397), Errors: 0 (0)
15/72 - Execution time: 7.73946 seconds
15/72 - Throughput: 258416 ops/sec
46/72 - Performed a throughput benchmark:
46/72 - Performed 2000000 find-or-put operations with random values from [0,...,93599999]
46/72 - Finds: 973633 (0.486816), Inserts: 1026367 (0.513184), Errors: 0 (0)
46/72 - Execution time: 7.7215 seconds
46/72 - Throughput: 259017 ops/sec
60/72 - Performed a throughput benchmark:
60/72 - Performed 2000000 find-or-put operations with random values from [0,...,93599999]
60/72 - Finds: 974416 (0.487208), Inserts: 1025584 (0.512792), Errors: 0 (0)
60/72 - Execution time: 7.71541 seconds
60/72 - Throughput: 259222 ops/sec
48/72 - Performed a throughput benchmark:
48/72 - Performed 2000000 find-or-put operations with random values from [0,...,93599999]
48/72 - Finds: 976241 (0.488121), Inserts: 1023759 (0.51188), Errors: 0 (0)
48/72 - Execution time: 7.72568 seconds
48/72 - Throughput: 258877 ops/sec
56/72 - Performed a throughput benchmark:
56/72 - Performed 2000000 find-or-put operations with random values from [0,...,93599999]
56/72 - Finds: 974917 (0.487459), Inserts: 1025083 (0.512541), Errors: 0 (0)
56/72 - Execution time: 7.70993 seconds
56/72 - Throughput: 259406 ops/sec
11/72 - Performed a throughput benchmark:
11/72 - Performed 2000000 find-or-put operations with random values from [0,...,93599999]
11/72 - Finds: 974483 (0.487241), Inserts: 1025517 (0.512759), Errors: 0 (0)
11/72 - Execution time: 7.72902 seconds
11/72 - Throughput: 258765 ops/sec
52/72 - Performed a throughput benchmark:
52/72 - Performed 2000000 find-or-put operations with random values from [0,...,93599999]
52/72 - Finds: 974658 (0.487329), Inserts: 1025342 (0.512671), Errors: 0 (0)
52/72 - Execution time: 7.71662 seconds
52/72 - Throughput: 259181 ops/sec
58/72 - Performed a throughput benchmark:
58/72 - Performed 2000000 find-or-put operations with random values from [0,...,93599999]
58/72 - Finds: 974094 (0.487047), Inserts: 1025906 (0.512953), Errors: 0 (0)
58/72 - Execution time: 7.72867 seconds
58/72 - Throughput: 258777 ops/sec
66/72 - Performed a throughput benchmark:
66/72 - Performed 2000000 find-or-put operations with random values from [0,...,93599999]
66/72 - Finds: 975719 (0.48786), Inserts: 1024281 (0.51214), Errors: 0 (0)
66/72 - Execution time: 7.72401 seconds
66/72 - Throughput: 258933 ops/sec
14/72 - Performed a throughput benchmark:
14/72 - Performed 2000000 find-or-put operations with random values from [0,...,93599999]
14/72 - Finds: 975093 (0.487546), Inserts: 1024907 (0.512454), Errors: 0 (0)
14/72 - Execution time: 7.72834 seconds
14/72 - Throughput: 258788 ops/sec
10/72 - Performed a throughput benchmark:
10/72 - Performed 2000000 find-or-put operations with random values from [0,...,93599999]
10/72 - Finds: 974065 (0.487032), Inserts: 1025935 (0.512968), Errors: 0 (0)
10/72 - Execution time: 7.7392 seconds
10/72 - Throughput: 258425 ops/sec
55/72 - Performed a throughput benchmark:
55/72 - Performed 2000000 find-or-put operations with random values from [0,...,93599999]
55/72 - Finds: 977054 (0.488527), Inserts: 1022946 (0.511473), Errors: 0 (0)
55/72 - Execution time: 7.75136 seconds
55/72 - Throughput: 258019 ops/sec
20/72 - Performed a throughput benchmark:
20/72 - Performed 2000000 find-or-put operations with random values from [0,...,93599999]
20/72 - Finds: 973732 (0.486866), Inserts: 1026268 (0.513134), Errors: 0 (0)
20/72 - Execution time: 7.73672 seconds
20/72 - Throughput: 258507 ops/sec
21/72 - Performed a throughput benchmark:
21/72 - Performed 2000000 find-or-put operations with random values from [0,...,93599999]
21/72 - Finds: 974680 (0.48734), Inserts: 1025320 (0.51266), Errors: 0 (0)
21/72 - Execution time: 7.73961 seconds
21/72 - Throughput: 258411 ops/sec
54/72 - Performed a throughput benchmark:
54/72 - Performed 2000000 find-or-put operations with random values from [0,...,93599999]
54/72 - Finds: 976658 (0.488329), Inserts: 1023342 (0.511671), Errors: 0 (0)
54/72 - Execution time: 7.75977 seconds
54/72 - Throughput: 257740 ops/sec
71/72 - Performed a throughput benchmark:
71/72 - Performed 2000000 find-or-put operations with random values from [0,...,93599999]
71/72 - Finds: 978737 (0.489368), Inserts: 1021263 (0.510632), Errors: 0 (0)
71/72 - Execution time: 7.76648 seconds
71/72 - Throughput: 257517 ops/sec
70/72 - Performed a throughput benchmark:
70/72 - Performed 2000000 find-or-put operations with random values from [0,...,93599999]
70/72 - Finds: 978211 (0.489106), Inserts: 1021789 (0.510895), Errors: 0 (0)
70/72 - Execution time: 7.7747 seconds
70/72 - Throughput: 257245 ops/sec
0/72 - Performed a throughput benchmark:
0/72 - Performed 2000000 find-or-put operations with random values from [0,...,93599999]
0/72 - Finds: 1017158 (0.508579), Inserts: 982842 (0.491421), Errors: 0 (0)
0/72 - Execution time: 8.17472 seconds
0/72 - Throughput: 244657 ops/sec
6/72 - Performed a throughput benchmark:
6/72 - Performed 2000000 find-or-put operations with random values from [0,...,93599999]
6/72 - Finds: 1017141 (0.508571), Inserts: 982859 (0.49143), Errors: 0 (0)
6/72 - Execution time: 8.16038 seconds
6/72 - Throughput: 245087 ops/sec
1/72 - Performed a throughput benchmark:
1/72 - Performed 2000000 find-or-put operations with random values from [0,...,93599999]
1/72 - Finds: 1019586 (0.509793), Inserts: 980414 (0.490207), Errors: 0 (0)
1/72 - Execution time: 8.19762 seconds
1/72 - Throughput: 243973 ops/sec
5/72 - Performed a throughput benchmark:
5/72 - Performed 2000000 find-or-put operations with random values from [0,...,93599999]
5/72 - Finds: 1018895 (0.509448), Inserts: 981105 (0.490553), Errors: 0 (0)
5/72 - Execution time: 8.18899 seconds
5/72 - Throughput: 244230 ops/sec
7/72 - Performed a throughput benchmark:
7/72 - Performed 2000000 find-or-put operations with random values from [0,...,93599999]
7/72 - Finds: 1018060 (0.50903), Inserts: 981940 (0.49097), Errors: 0 (0)
7/72 - Execution time: 8.17507 seconds
7/72 - Throughput: 244646 ops/sec
2/72 - Performed a throughput benchmark:
2/72 - Performed 2000000 find-or-put operations with random values from [0,...,93599999]
2/72 - Finds: 1020972 (0.510486), Inserts: 979028 (0.489514), Errors: 0 (0)
2/72 - Execution time: 8.20813 seconds
2/72 - Throughput: 243661 ops/sec
4/72 - Performed a throughput benchmark:
4/72 - Performed 2000000 find-or-put operations with random values from [0,...,93599999]
4/72 - Finds: 1019189 (0.509594), Inserts: 980811 (0.490405), Errors: 0 (0)
4/72 - Execution time: 8.19257 seconds
4/72 - Throughput: 244124 ops/sec
3/72 - Performed a throughput benchmark:
3/72 - Performed 2000000 find-or-put operations with random values from [0,...,93599999]
3/72 - Finds: 1020501 (0.510251), Inserts: 979499 (0.48975), Errors: 0 (0)
3/72 - Execution time: 8.1898 seconds
3/72 - Throughput: 244206 ops/sec
[1441196665.596135] [node017:1213 :0]         sys.c:719  MXM  WARN  Conflicting CPU frequencies detected, using: 1399.97
