[1441195553.307438] [node008:1330 :0]         sys.c:719  MXM  WARN  Conflicting CPU frequencies detected, using: 1567.69
[1441195553.304836] [node008:1323 :0]         sys.c:719  MXM  WARN  Conflicting CPU frequencies detected, using: 1567.69
[1441195553.309994] [node008:1335 :0]         sys.c:719  MXM  WARN  Conflicting CPU frequencies detected, using: 1567.69
[1441195553.308368] [node008:1326 :0]         sys.c:719  MXM  WARN  Conflicting CPU frequencies detected, using: 1567.69
[1441195553.375372] [node008:1326 :0]         mxm.c:185  MXM  WARN  The 'ulimit -s' on the system is set to 'unlimited'. This may have negative performance implications. Please set the heap size to the default value (10240) 
[1441195553.312569] [node008:1336 :0]         sys.c:719  MXM  WARN  Conflicting CPU frequencies detected, using: 1399.41
[1441195553.386784] [node008:1336 :0]         mxm.c:185  MXM  WARN  The 'ulimit -s' on the system is set to 'unlimited'. This may have negative performance implications. Please set the heap size to the default value (10240) 
[1441195553.310638] [node008:1327 :0]         sys.c:719  MXM  WARN  Conflicting CPU frequencies detected, using: 1567.69
[1441195553.363442] [node008:1327 :0]         mxm.c:185  MXM  WARN  The 'ulimit -s' on the system is set to 'unlimited'. This may have negative performance implications. Please set the heap size to the default value (10240) 
[1441195553.311827] [node008:1329 :0]         sys.c:719  MXM  WARN  Conflicting CPU frequencies detected, using: 1399.41
[1441195553.380827] [node008:1329 :0]         mxm.c:185  MXM  WARN  The 'ulimit -s' on the system is set to 'unlimited'. This may have negative performance implications. Please set the heap size to the default value (10240) 
[1441195553.306327] [node008:1328 :0]         sys.c:719  MXM  WARN  Conflicting CPU frequencies detected, using: 1567.69
[1441195553.378574] [node008:1328 :0]         mxm.c:185  MXM  WARN  The 'ulimit -s' on the system is set to 'unlimited'. This may have negative performance implications. Please set the heap size to the default value (10240) 
[1441195553.304910] [node008:1322 :0]         sys.c:719  MXM  WARN  Conflicting CPU frequencies detected, using: 1567.69
[1441195553.389403] [node008:1322 :0]         mxm.c:185  MXM  WARN  The 'ulimit -s' on the system is set to 'unlimited'. This may have negative performance implications. Please set the heap size to the default value (10240) 
[1441195553.307290] [node008:1334 :0]         sys.c:719  MXM  WARN  Conflicting CPU frequencies detected, using: 1567.69
[1441195553.384302] [node008:1334 :0]         mxm.c:185  MXM  WARN  The 'ulimit -s' on the system is set to 'unlimited'. This may have negative performance implications. Please set the heap size to the default value (10240) 
[1441195553.306835] [node008:1331 :0]         sys.c:719  MXM  WARN  Conflicting CPU frequencies detected, using: 1567.69
[1441195553.379336] [node008:1331 :0]         mxm.c:185  MXM  WARN  The 'ulimit -s' on the system is set to 'unlimited'. This may have negative performance implications. Please set the heap size to the default value (10240) 
[1441195553.304911] [node008:1325 :0]         sys.c:719  MXM  WARN  Conflicting CPU frequencies detected, using: 1567.69
[1441195553.391700] [node008:1325 :0]         mxm.c:185  MXM  WARN  The 'ulimit -s' on the system is set to 'unlimited'. This may have negative performance implications. Please set the heap size to the default value (10240) 
[1441195553.400926] [node008:1323 :0]         mxm.c:185  MXM  WARN  The 'ulimit -s' on the system is set to 'unlimited'. This may have negative performance implications. Please set the heap size to the default value (10240) 
[1441195553.402690] [node008:1335 :0]         mxm.c:185  MXM  WARN  The 'ulimit -s' on the system is set to 'unlimited'. This may have negative performance implications. Please set the heap size to the default value (10240) 
[1441195553.308563] [node008:1337 :0]         sys.c:719  MXM  WARN  Conflicting CPU frequencies detected, using: 1567.69
[1441195553.398483] [node008:1337 :0]         mxm.c:185  MXM  WARN  The 'ulimit -s' on the system is set to 'unlimited'. This may have negative performance implications. Please set the heap size to the default value (10240) 
[1441195553.405036] [node008:1330 :0]         mxm.c:185  MXM  WARN  The 'ulimit -s' on the system is set to 'unlimited'. This may have negative performance implications. Please set the heap size to the default value (10240) 
[1441195553.304965] [node008:1324 :0]         sys.c:719  MXM  WARN  Conflicting CPU frequencies detected, using: 1567.69
[1441195553.404293] [node008:1324 :0]         mxm.c:185  MXM  WARN  The 'ulimit -s' on the system is set to 'unlimited'. This may have negative performance implications. Please set the heap size to the default value (10240) 
[1441195553.308567] [node008:1332 :0]         sys.c:719  MXM  WARN  Conflicting CPU frequencies detected, using: 1567.69
[1441195553.407742] [node008:1332 :0]         mxm.c:185  MXM  WARN  The 'ulimit -s' on the system is set to 'unlimited'. This may have negative performance implications. Please set the heap size to the default value (10240) 
[1441195553.307977] [node008:1333 :0]         sys.c:719  MXM  WARN  Conflicting CPU frequencies detected, using: 1567.69
[1441195553.388428] [node008:1333 :0]         mxm.c:185  MXM  WARN  The 'ulimit -s' on the system is set to 'unlimited'. This may have negative performance implications. Please set the heap size to the default value (10240) 
[1441195553.700324] [node009:29346:0]         sys.c:719  MXM  WARN  Conflicting CPU frequencies detected, using: 2398.03
[1441195553.705058] [node009:29346:0]         mxm.c:185  MXM  WARN  The 'ulimit -s' on the system is set to 'unlimited'. This may have negative performance implications. Please set the heap size to the default value (10240) 
[1441195553.706535] [node009:29350:0]         sys.c:719  MXM  WARN  Conflicting CPU frequencies detected, using: 2399.91
[1441195553.717391] [node009:29350:0]         mxm.c:185  MXM  WARN  The 'ulimit -s' on the system is set to 'unlimited'. This may have negative performance implications. Please set the heap size to the default value (10240) 
[1441195553.704627] [node009:29354:0]         sys.c:719  MXM  WARN  Conflicting CPU frequencies detected, using: 2399.91
[1441195553.710119] [node009:29354:0]         mxm.c:185  MXM  WARN  The 'ulimit -s' on the system is set to 'unlimited'. This may have negative performance implications. Please set the heap size to the default value (10240) 
[1441195553.707045] [node009:29349:0]         sys.c:719  MXM  WARN  Conflicting CPU frequencies detected, using: 2399.91
[1441195553.720838] [node009:29349:0]         mxm.c:185  MXM  WARN  The 'ulimit -s' on the system is set to 'unlimited'. This may have negative performance implications. Please set the heap size to the default value (10240) 
[1441195553.707596] [node009:29353:0]         sys.c:719  MXM  WARN  Conflicting CPU frequencies detected, using: 2399.91
[1441195553.722404] [node009:29353:0]         mxm.c:185  MXM  WARN  The 'ulimit -s' on the system is set to 'unlimited'. This may have negative performance implications. Please set the heap size to the default value (10240) 
[1441195553.830104] [node009:29464:0]         sys.c:719  MXM  WARN  Conflicting CPU frequencies detected, using: 2400.00
[1441195553.835335] [node009:29464:0]         mxm.c:185  MXM  WARN  The 'ulimit -s' on the system is set to 'unlimited'. This may have negative performance implications. Please set the heap size to the default value (10240) 
[1441195553.884524] [node009:29486:0]         sys.c:719  MXM  WARN  Conflicting CPU frequencies detected, using: 2400.00
[1441195553.889375] [node009:29486:0]         mxm.c:185  MXM  WARN  The 'ulimit -s' on the system is set to 'unlimited'. This may have negative performance implications. Please set the heap size to the default value (10240) 
[1441195553.892100] [node009:29487:0]         sys.c:719  MXM  WARN  Conflicting CPU frequencies detected, using: 2400.00
[1441195553.901975] [node009:29487:0]         mxm.c:185  MXM  WARN  The 'ulimit -s' on the system is set to 'unlimited'. This may have negative performance implications. Please set the heap size to the default value (10240) 
[1441195553.892616] [node009:29484:0]         sys.c:719  MXM  WARN  Conflicting CPU frequencies detected, using: 2400.00
[1441195553.903500] [node009:29484:0]         mxm.c:185  MXM  WARN  The 'ulimit -s' on the system is set to 'unlimited'. This may have negative performance implications. Please set the heap size to the default value (10240) 
[1441195553.888876] [node010:29259:0]         sys.c:719  MXM  WARN  Conflicting CPU frequencies detected, using: 1653.94
[1441195553.892315] [node010:29259:0]         mxm.c:185  MXM  WARN  The 'ulimit -s' on the system is set to 'unlimited'. This may have negative performance implications. Please set the heap size to the default value (10240) 
[1441195553.893621] [node009:29485:0]         sys.c:719  MXM  WARN  Conflicting CPU frequencies detected, using: 2400.00
[1441195553.905247] [node009:29485:0]         mxm.c:185  MXM  WARN  The 'ulimit -s' on the system is set to 'unlimited'. This may have negative performance implications. Please set the heap size to the default value (10240) 
[1441195553.911168] [node009:29556:0]         sys.c:719  MXM  WARN  Conflicting CPU frequencies detected, using: 2400.00
[1441195553.919525] [node009:29556:0]         mxm.c:185  MXM  WARN  The 'ulimit -s' on the system is set to 'unlimited'. This may have negative performance implications. Please set the heap size to the default value (10240) 
[1441195553.917776] [node009:29563:0]         sys.c:719  MXM  WARN  Conflicting CPU frequencies detected, using: 2400.00
[1441195553.922544] [node009:29563:0]         mxm.c:185  MXM  WARN  The 'ulimit -s' on the system is set to 'unlimited'. This may have negative performance implications. Please set the heap size to the default value (10240) 
[1441195554.016449] [node013:29540:0]         sys.c:719  MXM  WARN  Conflicting CPU frequencies detected, using: 1789.69
[1441195554.022089] [node013:29540:0]         mxm.c:185  MXM  WARN  The 'ulimit -s' on the system is set to 'unlimited'. This may have negative performance implications. Please set the heap size to the default value (10240) 
[1441195554.022598] [node013:29546:0]         sys.c:719  MXM  WARN  Conflicting CPU frequencies detected, using: 1789.69
[1441195554.027881] [node013:29546:0]         mxm.c:185  MXM  WARN  The 'ulimit -s' on the system is set to 'unlimited'. This may have negative performance implications. Please set the heap size to the default value (10240) 
[1441195554.020720] [node012:29438:0]         sys.c:719  MXM  WARN  Conflicting CPU frequencies detected, using: 1799.34
[1441195554.025557] [node012:29438:0]         mxm.c:185  MXM  WARN  The 'ulimit -s' on the system is set to 'unlimited'. This may have negative performance implications. Please set the heap size to the default value (10240) 
[1441195554.037734] [node012:29455:0]         sys.c:719  MXM  WARN  Conflicting CPU frequencies detected, using: 1994.81
[1441195554.042441] [node012:29455:0]         mxm.c:185  MXM  WARN  The 'ulimit -s' on the system is set to 'unlimited'. This may have negative performance implications. Please set the heap size to the default value (10240) 
[1441195554.049935] [node012:29467:0]         sys.c:719  MXM  WARN  Conflicting CPU frequencies detected, using: 2099.06
[1441195554.055807] [node012:29467:0]         mxm.c:185  MXM  WARN  The 'ulimit -s' on the system is set to 'unlimited'. This may have negative performance implications. Please set the heap size to the default value (10240) 
[1441195554.053842] [node010:29283:0]         sys.c:719  MXM  WARN  Conflicting CPU frequencies detected, using: 1698.47
[1441195554.056865] [node010:29283:0]         mxm.c:185  MXM  WARN  The 'ulimit -s' on the system is set to 'unlimited'. This may have negative performance implications. Please set the heap size to the default value (10240) 
[1441195554.060131] [node009:29632:0]         sys.c:719  MXM  WARN  Conflicting CPU frequencies detected, using: 2202.09
[1441195554.065418] [node009:29632:0]         mxm.c:185  MXM  WARN  The 'ulimit -s' on the system is set to 'unlimited'. This may have negative performance implications. Please set the heap size to the default value (10240) 
[1441195554.056702] [node011:29258:0]         sys.c:719  MXM  WARN  Conflicting CPU frequencies detected, using: 1699.59
[1441195554.061952] [node011:29258:0]         mxm.c:185  MXM  WARN  The 'ulimit -s' on the system is set to 'unlimited'. This may have negative performance implications. Please set the heap size to the default value (10240) 
[1441195554.084137] [node011:29275:0]         sys.c:719  MXM  WARN  Conflicting CPU frequencies detected, using: 1998.09
[1441195554.089785] [node011:29275:0]         mxm.c:185  MXM  WARN  The 'ulimit -s' on the system is set to 'unlimited'. This may have negative performance implications. Please set the heap size to the default value (10240) 
[1441195554.108869] [node010:29306:0]         sys.c:719  MXM  WARN  Conflicting CPU frequencies detected, using: 2298.09
[1441195554.112635] [node010:29306:0]         mxm.c:185  MXM  WARN  The 'ulimit -s' on the system is set to 'unlimited'. This may have negative performance implications. Please set the heap size to the default value (10240) 
[1441195554.103318] [node013:29590:0]         sys.c:719  MXM  WARN  Conflicting CPU frequencies detected, using: 2399.06
[1441195554.109303] [node013:29590:0]         mxm.c:185  MXM  WARN  The 'ulimit -s' on the system is set to 'unlimited'. This may have negative performance implications. Please set the heap size to the default value (10240) 
[1441195554.107093] [node013:29589:0]         sys.c:719  MXM  WARN  Conflicting CPU frequencies detected, using: 2399.91
[1441195554.112881] [node013:29589:0]         mxm.c:185  MXM  WARN  The 'ulimit -s' on the system is set to 'unlimited'. This may have negative performance implications. Please set the heap size to the default value (10240) 
[1441195554.107200] [node012:29508:0]         sys.c:719  MXM  WARN  Conflicting CPU frequencies detected, using: 2400.00
[1441195554.112680] [node012:29508:0]         mxm.c:185  MXM  WARN  The 'ulimit -s' on the system is set to 'unlimited'. This may have negative performance implications. Please set the heap size to the default value (10240) 
[1441195554.113151] [node012:29521:0]         sys.c:719  MXM  WARN  Conflicting CPU frequencies detected, using: 2400.00
[1441195554.119849] [node012:29521:0]         mxm.c:185  MXM  WARN  The 'ulimit -s' on the system is set to 'unlimited'. This may have negative performance implications. Please set the heap size to the default value (10240) 
[1441195554.123298] [node013:29622:0]         sys.c:719  MXM  WARN  Conflicting CPU frequencies detected, using: 2400.00
[1441195554.129096] [node013:29622:0]         mxm.c:185  MXM  WARN  The 'ulimit -s' on the system is set to 'unlimited'. This may have negative performance implications. Please set the heap size to the default value (10240) 
[1441195554.125081] [node012:29536:0]         sys.c:719  MXM  WARN  Conflicting CPU frequencies detected, using: 2400.00
[1441195554.130863] [node012:29536:0]         mxm.c:185  MXM  WARN  The 'ulimit -s' on the system is set to 'unlimited'. This may have negative performance implications. Please set the heap size to the default value (10240) 
[1441195554.143562] [node010:29315:0]         sys.c:719  MXM  WARN  Conflicting CPU frequencies detected, using: 2400.00
[1441195554.147769] [node010:29315:0]         mxm.c:185  MXM  WARN  The 'ulimit -s' on the system is set to 'unlimited'. This may have negative performance implications. Please set the heap size to the default value (10240) 
[1441195554.137327] [node011:29301:0]         sys.c:719  MXM  WARN  Conflicting CPU frequencies detected, using: 2399.91
[1441195554.143255] [node011:29301:0]         mxm.c:185  MXM  WARN  The 'ulimit -s' on the system is set to 'unlimited'. This may have negative performance implications. Please set the heap size to the default value (10240) 
[1441195554.153207] [node010:29316:0]         sys.c:719  MXM  WARN  Conflicting CPU frequencies detected, using: 2399.91
[1441195554.157224] [node010:29316:0]         mxm.c:185  MXM  WARN  The 'ulimit -s' on the system is set to 'unlimited'. This may have negative performance implications. Please set the heap size to the default value (10240) 
[1441195554.156669] [node011:29302:0]         sys.c:719  MXM  WARN  Conflicting CPU frequencies detected, using: 2400.00
[1441195554.162547] [node011:29302:0]         mxm.c:185  MXM  WARN  The 'ulimit -s' on the system is set to 'unlimited'. This may have negative performance implications. Please set the heap size to the default value (10240) 
[1441195554.146604] [node009:29656:0]         sys.c:719  MXM  WARN  Conflicting CPU frequencies detected, using: 2299.97
[1441195554.151758] [node009:29656:0]         mxm.c:185  MXM  WARN  The 'ulimit -s' on the system is set to 'unlimited'. This may have negative performance implications. Please set the heap size to the default value (10240) 
[1441195554.160881] [node013:29628:0]         sys.c:719  MXM  WARN  Conflicting CPU frequencies detected, using: 2400.00
[1441195554.166979] [node013:29628:0]         mxm.c:185  MXM  WARN  The 'ulimit -s' on the system is set to 'unlimited'. This may have negative performance implications. Please set the heap size to the default value (10240) 
[1441195554.153155] [node009:29662:0]         sys.c:719  MXM  WARN  Conflicting CPU frequencies detected, using: 2299.97
[1441195554.158947] [node009:29662:0]         mxm.c:185  MXM  WARN  The 'ulimit -s' on the system is set to 'unlimited'. This may have negative performance implications. Please set the heap size to the default value (10240) 
[1441195554.183250] [node010:29326:0]         sys.c:719  MXM  WARN  Conflicting CPU frequencies detected, using: 2400.00
[1441195554.187120] [node010:29326:0]         mxm.c:185  MXM  WARN  The 'ulimit -s' on the system is set to 'unlimited'. This may have negative performance implications. Please set the heap size to the default value (10240) 
[1441195554.177372] [node012:29544:0]         sys.c:719  MXM  WARN  Conflicting CPU frequencies detected, using: 2400.00
[1441195554.182856] [node012:29544:0]         mxm.c:185  MXM  WARN  The 'ulimit -s' on the system is set to 'unlimited'. This may have negative performance implications. Please set the heap size to the default value (10240) 
[1441195554.166302] [node014:29042:0]         sys.c:719  MXM  WARN  Conflicting CPU frequencies detected, using: 1795.41
[1441195554.177812] [node014:29042:0]         mxm.c:185  MXM  WARN  The 'ulimit -s' on the system is set to 'unlimited'. This may have negative performance implications. Please set the heap size to the default value (10240) 
[1441195554.185905] [node012:29553:0]         sys.c:719  MXM  WARN  Conflicting CPU frequencies detected, using: 2400.00
[1441195554.192917] [node012:29553:0]         mxm.c:185  MXM  WARN  The 'ulimit -s' on the system is set to 'unlimited'. This may have negative performance implications. Please set the heap size to the default value (10240) 
[1441195554.191528] [node012:29551:0]         sys.c:719  MXM  WARN  Conflicting CPU frequencies detected, using: 2400.00
[1441195554.196535] [node012:29551:0]         mxm.c:185  MXM  WARN  The 'ulimit -s' on the system is set to 'unlimited'. This may have negative performance implications. Please set the heap size to the default value (10240) 
[1441195554.202283] [node013:29641:0]         sys.c:719  MXM  WARN  Conflicting CPU frequencies detected, using: 2400.00
[1441195554.206979] [node013:29641:0]         mxm.c:185  MXM  WARN  The 'ulimit -s' on the system is set to 'unlimited'. This may have negative performance implications. Please set the heap size to the default value (10240) 
[1441195554.226724] [node010:29364:0]         sys.c:719  MXM  WARN  Conflicting CPU frequencies detected, using: 2400.00
[1441195554.229203] [node010:29364:0]         mxm.c:185  MXM  WARN  The 'ulimit -s' on the system is set to 'unlimited'. This may have negative performance implications. Please set the heap size to the default value (10240) 
[1441195554.210901] [node012:29593:0]         sys.c:719  MXM  WARN  Conflicting CPU frequencies detected, using: 2400.00
[1441195554.216667] [node012:29593:0]         mxm.c:185  MXM  WARN  The 'ulimit -s' on the system is set to 'unlimited'. This may have negative performance implications. Please set the heap size to the default value (10240) 
[1441195554.208953] [node013:29644:0]         sys.c:719  MXM  WARN  Conflicting CPU frequencies detected, using: 2400.00
[1441195554.215188] [node013:29644:0]         mxm.c:185  MXM  WARN  The 'ulimit -s' on the system is set to 'unlimited'. This may have negative performance implications. Please set the heap size to the default value (10240) 
[1441195554.232594] [node010:29358:0]         sys.c:719  MXM  WARN  Conflicting CPU frequencies detected, using: 2400.00
[1441195554.234989] [node010:29358:0]         mxm.c:185  MXM  WARN  The 'ulimit -s' on the system is set to 'unlimited'. This may have negative performance implications. Please set the heap size to the default value (10240) 
[1441195554.207956] [node009:29698:0]         sys.c:719  MXM  WARN  Conflicting CPU frequencies detected, using: 2261.81
[1441195554.213440] [node009:29698:0]         mxm.c:185  MXM  WARN  The 'ulimit -s' on the system is set to 'unlimited'. This may have negative performance implications. Please set the heap size to the default value (10240) 
[1441195554.233497] [node010:29389:0]         sys.c:719  MXM  WARN  Conflicting CPU frequencies detected, using: 2400.00
[1441195554.235741] [node010:29389:0]         mxm.c:185  MXM  WARN  The 'ulimit -s' on the system is set to 'unlimited'. This may have negative performance implications. Please set the heap size to the default value (10240) 
[1441195554.214897] [node013:29661:0]         sys.c:719  MXM  WARN  Conflicting CPU frequencies detected, using: 2400.00
[1441195554.219973] [node013:29661:0]         mxm.c:185  MXM  WARN  The 'ulimit -s' on the system is set to 'unlimited'. This may have negative performance implications. Please set the heap size to the default value (10240) 
[1441195554.233367] [node014:29059:0]         sys.c:719  MXM  WARN  Conflicting CPU frequencies detected, using: 2394.84
[1441195554.238212] [node014:29059:0]         mxm.c:185  MXM  WARN  The 'ulimit -s' on the system is set to 'unlimited'. This may have negative performance implications. Please set the heap size to the default value (10240) 
[1441195554.237522] [node010:29390:0]         sys.c:719  MXM  WARN  Conflicting CPU frequencies detected, using: 2400.00
[1441195554.241139] [node010:29390:0]         mxm.c:185  MXM  WARN  The 'ulimit -s' on the system is set to 'unlimited'. This may have negative performance implications. Please set the heap size to the default value (10240) 
[1441195554.237441] [node010:29385:0]         sys.c:719  MXM  WARN  Conflicting CPU frequencies detected, using: 2400.00
[1441195554.242148] [node010:29385:0]         mxm.c:185  MXM  WARN  The 'ulimit -s' on the system is set to 'unlimited'. This may have negative performance implications. Please set the heap size to the default value (10240) 
[1441195554.221458] [node015:26706:0]         sys.c:719  MXM  WARN  Conflicting CPU frequencies detected, using: 2400.00
[1441195554.231325] [node015:26706:0]         mxm.c:185  MXM  WARN  The 'ulimit -s' on the system is set to 'unlimited'. This may have negative performance implications. Please set the heap size to the default value (10240) 
[1441195554.233664] [node011:29324:0]         sys.c:719  MXM  WARN  Conflicting CPU frequencies detected, using: 2400.00
[1441195554.237957] [node011:29324:0]         mxm.c:185  MXM  WARN  The 'ulimit -s' on the system is set to 'unlimited'. This may have negative performance implications. Please set the heap size to the default value (10240) 
[1441195554.247227] [node010:29466:0]         sys.c:719  MXM  WARN  Conflicting CPU frequencies detected, using: 2400.00
[1441195554.249863] [node010:29466:0]         mxm.c:185  MXM  WARN  The 'ulimit -s' on the system is set to 'unlimited'. This may have negative performance implications. Please set the heap size to the default value (10240) 
[1441195554.216309] [node013:29659:0]         sys.c:719  MXM  WARN  Conflicting CPU frequencies detected, using: 2400.00
[1441195554.229000] [node013:29659:0]         mxm.c:185  MXM  WARN  The 'ulimit -s' on the system is set to 'unlimited'. This may have negative performance implications. Please set the heap size to the default value (10240) 
[1441195554.220545] [node015:26709:0]         sys.c:719  MXM  WARN  Conflicting CPU frequencies detected, using: 2400.00
[1441195554.230423] [node015:26709:0]         mxm.c:185  MXM  WARN  The 'ulimit -s' on the system is set to 'unlimited'. This may have negative performance implications. Please set the heap size to the default value (10240) 
[1441195554.223398] [node012:29628:0]         sys.c:719  MXM  WARN  Conflicting CPU frequencies detected, using: 2400.00
[1441195554.229261] [node012:29628:0]         mxm.c:185  MXM  WARN  The 'ulimit -s' on the system is set to 'unlimited'. This may have negative performance implications. Please set the heap size to the default value (10240) 
[1441195554.254192] [node010:29524:0]         sys.c:719  MXM  WARN  Conflicting CPU frequencies detected, using: 2400.00
[1441195554.256727] [node010:29524:0]         mxm.c:185  MXM  WARN  The 'ulimit -s' on the system is set to 'unlimited'. This may have negative performance implications. Please set the heap size to the default value (10240) 
[1441195554.252100] [node010:29482:0]         sys.c:719  MXM  WARN  Conflicting CPU frequencies detected, using: 2400.00
[1441195554.255596] [node010:29482:0]         mxm.c:185  MXM  WARN  The 'ulimit -s' on the system is set to 'unlimited'. This may have negative performance implications. Please set the heap size to the default value (10240) 
[1441195554.254563] [node010:29519:0]         sys.c:719  MXM  WARN  Conflicting CPU frequencies detected, using: 2400.00
[1441195554.256940] [node010:29519:0]         mxm.c:185  MXM  WARN  The 'ulimit -s' on the system is set to 'unlimited'. This may have negative performance implications. Please set the heap size to the default value (10240) 
[1441195554.235075] [node015:26707:0]         sys.c:719  MXM  WARN  Conflicting CPU frequencies detected, using: 2400.00
[1441195554.246229] [node015:26707:0]         mxm.c:185  MXM  WARN  The 'ulimit -s' on the system is set to 'unlimited'. This may have negative performance implications. Please set the heap size to the default value (10240) 
[1441195554.218116] [node012:29616:0]         sys.c:719  MXM  WARN  Conflicting CPU frequencies detected, using: 2400.00
[1441195554.225233] [node012:29616:0]         mxm.c:185  MXM  WARN  The 'ulimit -s' on the system is set to 'unlimited'. This may have negative performance implications. Please set the heap size to the default value (10240) 
[1441195554.251866] [node010:29481:0]         sys.c:719  MXM  WARN  Conflicting CPU frequencies detected, using: 2400.00
[1441195554.255662] [node010:29481:0]         mxm.c:185  MXM  WARN  The 'ulimit -s' on the system is set to 'unlimited'. This may have negative performance implications. Please set the heap size to the default value (10240) 
[1441195554.220782] [node015:26708:0]         sys.c:719  MXM  WARN  Conflicting CPU frequencies detected, using: 2400.00
[1441195554.236965] [node015:26708:0]         mxm.c:185  MXM  WARN  The 'ulimit -s' on the system is set to 'unlimited'. This may have negative performance implications. Please set the heap size to the default value (10240) 
[1441195554.227056] [node012:29676:0]         sys.c:719  MXM  WARN  Conflicting CPU frequencies detected, using: 2400.00
[1441195554.234964] [node012:29676:0]         mxm.c:185  MXM  WARN  The 'ulimit -s' on the system is set to 'unlimited'. This may have negative performance implications. Please set the heap size to the default value (10240) 
[1441195554.216261] [node013:29668:0]         sys.c:719  MXM  WARN  Conflicting CPU frequencies detected, using: 2400.00
[1441195554.230827] [node013:29668:0]         mxm.c:185  MXM  WARN  The 'ulimit -s' on the system is set to 'unlimited'. This may have negative performance implications. Please set the heap size to the default value (10240) 
[1441195554.229920] [node012:29681:0]         sys.c:719  MXM  WARN  Conflicting CPU frequencies detected, using: 2400.00
[1441195554.244129] [node012:29681:0]         mxm.c:185  MXM  WARN  The 'ulimit -s' on the system is set to 'unlimited'. This may have negative performance implications. Please set the heap size to the default value (10240) 
[1441195554.233374] [node012:29719:0]         sys.c:719  MXM  WARN  Conflicting CPU frequencies detected, using: 2400.00
[1441195554.248050] [node012:29719:0]         mxm.c:185  MXM  WARN  The 'ulimit -s' on the system is set to 'unlimited'. This may have negative performance implications. Please set the heap size to the default value (10240) 
[1441195554.240845] [node011:29340:0]         sys.c:719  MXM  WARN  Conflicting CPU frequencies detected, using: 2400.00
[1441195554.250440] [node011:29340:0]         mxm.c:185  MXM  WARN  The 'ulimit -s' on the system is set to 'unlimited'. This may have negative performance implications. Please set the heap size to the default value (10240) 
[1441195554.238755] [node011:29325:0]         sys.c:719  MXM  WARN  Conflicting CPU frequencies detected, using: 2400.00
[1441195554.247186] [node011:29325:0]         mxm.c:185  MXM  WARN  The 'ulimit -s' on the system is set to 'unlimited'. This may have negative performance implications. Please set the heap size to the default value (10240) 
[1441195554.234073] [node012:29720:0]         sys.c:719  MXM  WARN  Conflicting CPU frequencies detected, using: 2400.00
[1441195554.253033] [node012:29720:0]         mxm.c:185  MXM  WARN  The 'ulimit -s' on the system is set to 'unlimited'. This may have negative performance implications. Please set the heap size to the default value (10240) 
[1441195554.222569] [node013:29667:0]         sys.c:719  MXM  WARN  Conflicting CPU frequencies detected, using: 2400.00
[1441195554.238530] [node013:29667:0]         mxm.c:185  MXM  WARN  The 'ulimit -s' on the system is set to 'unlimited'. This may have negative performance implications. Please set the heap size to the default value (10240) 
[1441195554.238314] [node013:29783:0]         sys.c:719  MXM  WARN  Conflicting CPU frequencies detected, using: 2400.00
[1441195554.254753] [node013:29783:0]         mxm.c:185  MXM  WARN  The 'ulimit -s' on the system is set to 'unlimited'. This may have negative performance implications. Please set the heap size to the default value (10240) 
[1441195554.236825] [node013:29778:0]         sys.c:719  MXM  WARN  Conflicting CPU frequencies detected, using: 2400.00
[1441195554.256570] [node013:29778:0]         mxm.c:185  MXM  WARN  The 'ulimit -s' on the system is set to 'unlimited'. This may have negative performance implications. Please set the heap size to the default value (10240) 
[1441195554.238254] [node013:29787:0]         sys.c:719  MXM  WARN  Conflicting CPU frequencies detected, using: 2400.00
[1441195554.258105] [node013:29787:0]         mxm.c:185  MXM  WARN  The 'ulimit -s' on the system is set to 'unlimited'. This may have negative performance implications. Please set the heap size to the default value (10240) 
[1441195554.239995] [node013:29799:0]         sys.c:719  MXM  WARN  Conflicting CPU frequencies detected, using: 2400.00
[1441195554.262237] [node013:29799:0]         mxm.c:185  MXM  WARN  The 'ulimit -s' on the system is set to 'unlimited'. This may have negative performance implications. Please set the heap size to the default value (10240) 
[1441195554.247008] [node011:29348:0]         sys.c:719  MXM  WARN  Conflicting CPU frequencies detected, using: 2400.00
[1441195554.252733] [node011:29348:0]         mxm.c:185  MXM  WARN  The 'ulimit -s' on the system is set to 'unlimited'. This may have negative performance implications. Please set the heap size to the default value (10240) 
[1441195554.253754] [node011:29385:0]         sys.c:719  MXM  WARN  Conflicting CPU frequencies detected, using: 2400.00
[1441195554.271021] [node011:29385:0]         mxm.c:185  MXM  WARN  The 'ulimit -s' on the system is set to 'unlimited'. This may have negative performance implications. Please set the heap size to the default value (10240) 
[1441195554.309100] [node014:29071:0]         sys.c:719  MXM  WARN  Conflicting CPU frequencies detected, using: 2400.00
[1441195554.313256] [node014:29071:0]         mxm.c:185  MXM  WARN  The 'ulimit -s' on the system is set to 'unlimited'. This may have negative performance implications. Please set the heap size to the default value (10240) 
[1441195554.317849] [node014:29085:0]         sys.c:719  MXM  WARN  Conflicting CPU frequencies detected, using: 2400.00
[1441195554.320496] [node014:29085:0]         mxm.c:185  MXM  WARN  The 'ulimit -s' on the system is set to 'unlimited'. This may have negative performance implications. Please set the heap size to the default value (10240) 
[1441195554.322569] [node014:29072:0]         sys.c:719  MXM  WARN  Conflicting CPU frequencies detected, using: 2400.00
[1441195554.325557] [node014:29072:0]         mxm.c:185  MXM  WARN  The 'ulimit -s' on the system is set to 'unlimited'. This may have negative performance implications. Please set the heap size to the default value (10240) 
[1441195554.332227] [node014:29088:0]         sys.c:719  MXM  WARN  Conflicting CPU frequencies detected, using: 2400.00
[1441195554.334810] [node014:29088:0]         mxm.c:185  MXM  WARN  The 'ulimit -s' on the system is set to 'unlimited'. This may have negative performance implications. Please set the heap size to the default value (10240) 
[1441195554.315976] [node015:26775:0]         sys.c:719  MXM  WARN  Conflicting CPU frequencies detected, using: 2400.00
[1441195554.320419] [node015:26775:0]         mxm.c:185  MXM  WARN  The 'ulimit -s' on the system is set to 'unlimited'. This may have negative performance implications. Please set the heap size to the default value (10240) 
[1441195554.338494] [node014:29147:0]         sys.c:719  MXM  WARN  Conflicting CPU frequencies detected, using: 2400.00
[1441195554.341142] [node014:29147:0]         mxm.c:185  MXM  WARN  The 'ulimit -s' on the system is set to 'unlimited'. This may have negative performance implications. Please set the heap size to the default value (10240) 
[1441195554.349626] [node014:29086:0]         sys.c:719  MXM  WARN  Conflicting CPU frequencies detected, using: 2400.00
[1441195554.352833] [node014:29086:0]         mxm.c:185  MXM  WARN  The 'ulimit -s' on the system is set to 'unlimited'. This may have negative performance implications. Please set the heap size to the default value (10240) 
[1441195554.350727] [node014:29095:0]         sys.c:719  MXM  WARN  Conflicting CPU frequencies detected, using: 2400.00
[1441195554.353511] [node014:29095:0]         mxm.c:185  MXM  WARN  The 'ulimit -s' on the system is set to 'unlimited'. This may have negative performance implications. Please set the heap size to the default value (10240) 
[1441195554.353741] [node014:29087:0]         sys.c:719  MXM  WARN  Conflicting CPU frequencies detected, using: 2400.00
[1441195554.356208] [node014:29087:0]         mxm.c:185  MXM  WARN  The 'ulimit -s' on the system is set to 'unlimited'. This may have negative performance implications. Please set the heap size to the default value (10240) 
[1441195554.362047] [node014:29238:0]         sys.c:719  MXM  WARN  Conflicting CPU frequencies detected, using: 2400.00
[1441195554.365434] [node014:29238:0]         mxm.c:185  MXM  WARN  The 'ulimit -s' on the system is set to 'unlimited'. This may have negative performance implications. Please set the heap size to the default value (10240) 
[1441195554.357915] [node014:29190:0]         sys.c:719  MXM  WARN  Conflicting CPU frequencies detected, using: 2400.00
[1441195554.361431] [node014:29190:0]         mxm.c:185  MXM  WARN  The 'ulimit -s' on the system is set to 'unlimited'. This may have negative performance implications. Please set the heap size to the default value (10240) 
[1441195554.358235] [node014:29195:0]         sys.c:719  MXM  WARN  Conflicting CPU frequencies detected, using: 2400.00
[1441195554.361516] [node014:29195:0]         mxm.c:185  MXM  WARN  The 'ulimit -s' on the system is set to 'unlimited'. This may have negative performance implications. Please set the heap size to the default value (10240) 
[1441195554.360434] [node014:29259:0]         sys.c:719  MXM  WARN  Conflicting CPU frequencies detected, using: 2400.00
[1441195554.362848] [node014:29259:0]         mxm.c:185  MXM  WARN  The 'ulimit -s' on the system is set to 'unlimited'. This may have negative performance implications. Please set the heap size to the default value (10240) 
[1441195554.359340] [node014:29242:0]         sys.c:719  MXM  WARN  Conflicting CPU frequencies detected, using: 2400.00
[1441195554.362236] [node014:29242:0]         mxm.c:185  MXM  WARN  The 'ulimit -s' on the system is set to 'unlimited'. This may have negative performance implications. Please set the heap size to the default value (10240) 
[1441195554.318825] [node015:26774:0]         sys.c:719  MXM  WARN  Conflicting CPU frequencies detected, using: 2400.00
[1441195554.332589] [node015:26774:0]         mxm.c:185  MXM  WARN  The 'ulimit -s' on the system is set to 'unlimited'. This may have negative performance implications. Please set the heap size to the default value (10240) 
[1441195554.363601] [node014:29265:0]         sys.c:719  MXM  WARN  Conflicting CPU frequencies detected, using: 2400.00
[1441195554.366303] [node014:29265:0]         mxm.c:185  MXM  WARN  The 'ulimit -s' on the system is set to 'unlimited'. This may have negative performance implications. Please set the heap size to the default value (10240) 
[1441195554.255575] [node011:29425:0]         sys.c:719  MXM  WARN  Conflicting CPU frequencies detected, using: 2400.00
[1441195554.274987] [node011:29425:0]         mxm.c:185  MXM  WARN  The 'ulimit -s' on the system is set to 'unlimited'. This may have negative performance implications. Please set the heap size to the default value (10240) 
[1441195554.260462] [node011:29478:0]         sys.c:719  MXM  WARN  Conflicting CPU frequencies detected, using: 2400.00
[1441195554.278200] [node011:29478:0]         mxm.c:185  MXM  WARN  The 'ulimit -s' on the system is set to 'unlimited'. This may have negative performance implications. Please set the heap size to the default value (10240) 
[1441195554.254710] [node011:29389:0]         sys.c:719  MXM  WARN  Conflicting CPU frequencies detected, using: 2400.00
[1441195554.273255] [node011:29389:0]         mxm.c:185  MXM  WARN  The 'ulimit -s' on the system is set to 'unlimited'. This may have negative performance implications. Please set the heap size to the default value (10240) 
[1441195554.264360] [node011:29495:0]         sys.c:719  MXM  WARN  Conflicting CPU frequencies detected, using: 2400.00
[1441195554.283865] [node011:29495:0]         mxm.c:185  MXM  WARN  The 'ulimit -s' on the system is set to 'unlimited'. This may have negative performance implications. Please set the heap size to the default value (10240) 
[1441195554.254181] [node011:29387:0]         sys.c:719  MXM  WARN  Conflicting CPU frequencies detected, using: 2400.00
[1441195554.293105] [node011:29387:0]         mxm.c:185  MXM  WARN  The 'ulimit -s' on the system is set to 'unlimited'. This may have negative performance implications. Please set the heap size to the default value (10240) 
[1441195554.262849] [node011:29523:0]         sys.c:719  MXM  WARN  Conflicting CPU frequencies detected, using: 2400.00
[1441195554.294939] [node011:29523:0]         mxm.c:185  MXM  WARN  The 'ulimit -s' on the system is set to 'unlimited'. This may have negative performance implications. Please set the heap size to the default value (10240) 
[1441195554.264547] [node011:29541:0]         sys.c:719  MXM  WARN  Conflicting CPU frequencies detected, using: 2400.00
[1441195554.298247] [node011:29541:0]         mxm.c:185  MXM  WARN  The 'ulimit -s' on the system is set to 'unlimited'. This may have negative performance implications. Please set the heap size to the default value (10240) 
[1441195554.333159] [node015:26816:0]         sys.c:719  MXM  WARN  Conflicting CPU frequencies detected, using: 2400.00
[1441195554.384876] [node015:26816:0]         mxm.c:185  MXM  WARN  The 'ulimit -s' on the system is set to 'unlimited'. This may have negative performance implications. Please set the heap size to the default value (10240) 
[1441195554.333313] [node015:26819:0]         sys.c:719  MXM  WARN  Conflicting CPU frequencies detected, using: 2400.00
[1441195554.349774] [node015:26819:0]         mxm.c:185  MXM  WARN  The 'ulimit -s' on the system is set to 'unlimited'. This may have negative performance implications. Please set the heap size to the default value (10240) 
[1441195554.318723] [node015:26791:0]         sys.c:719  MXM  WARN  Conflicting CPU frequencies detected, using: 2400.00
[1441195554.325253] [node015:26791:0]         mxm.c:185  MXM  WARN  The 'ulimit -s' on the system is set to 'unlimited'. This may have negative performance implications. Please set the heap size to the default value (10240) 
[1441195554.332224] [node015:26792:0]         sys.c:719  MXM  WARN  Conflicting CPU frequencies detected, using: 2400.00
[1441195554.344832] [node015:26792:0]         mxm.c:185  MXM  WARN  The 'ulimit -s' on the system is set to 'unlimited'. This may have negative performance implications. Please set the heap size to the default value (10240) 
[1441195554.323230] [node015:26773:0]         sys.c:719  MXM  WARN  Conflicting CPU frequencies detected, using: 2400.00
[1441195554.334332] [node015:26773:0]         mxm.c:185  MXM  WARN  The 'ulimit -s' on the system is set to 'unlimited'. This may have negative performance implications. Please set the heap size to the default value (10240) 
[1441195554.335425] [node015:26942:0]         sys.c:719  MXM  WARN  Conflicting CPU frequencies detected, using: 2400.00
[1441195554.357096] [node015:26942:0]         mxm.c:185  MXM  WARN  The 'ulimit -s' on the system is set to 'unlimited'. This may have negative performance implications. Please set the heap size to the default value (10240) 
[1441195554.336190] [node015:26929:0]         sys.c:719  MXM  WARN  Conflicting CPU frequencies detected, using: 2399.91
[1441195554.368922] [node015:26929:0]         mxm.c:185  MXM  WARN  The 'ulimit -s' on the system is set to 'unlimited'. This may have negative performance implications. Please set the heap size to the default value (10240) 
[1441195554.326939] [node015:26820:0]         sys.c:719  MXM  WARN  Conflicting CPU frequencies detected, using: 2400.00
[1441195554.361206] [node015:26820:0]         mxm.c:185  MXM  WARN  The 'ulimit -s' on the system is set to 'unlimited'. This may have negative performance implications. Please set the heap size to the default value (10240) 
[1441195554.336018] [node015:26916:0]         sys.c:719  MXM  WARN  Conflicting CPU frequencies detected, using: 2400.00
[1441195554.368172] [node015:26916:0]         mxm.c:185  MXM  WARN  The 'ulimit -s' on the system is set to 'unlimited'. This may have negative performance implications. Please set the heap size to the default value (10240) 
[1441195554.334330] [node015:26815:0]         sys.c:719  MXM  WARN  Conflicting CPU frequencies detected, using: 2400.00
[1441195554.370456] [node015:26815:0]         mxm.c:185  MXM  WARN  The 'ulimit -s' on the system is set to 'unlimited'. This may have negative performance implications. Please set the heap size to the default value (10240) 
UPCR: UPC thread   1 of 128 on node008 (pshm node 0 of 8, process   1 of 128, pid=1323)
UPCR: UPC thread   3 of 128 on node008 (pshm node 0 of 8, process   3 of 128, pid=1325)
UPCR: UPC thread   4 of 128 on node008 (pshm node 0 of 8, process   4 of 128, pid=1326)
UPCR: UPC thread   7 of 128 on node008 (pshm node 0 of 8, process   7 of 128, pid=1329)
UPCR: UPC thread  14 of 128 on node008 (pshm node 0 of 8, process  14 of 128, pid=1336)
UPCR: UPC thread  13 of 128 on node008 (pshm node 0 of 8, process  13 of 128, pid=1335)
UPCR: UPC thread   8 of 128 on node008 (pshm node 0 of 8, process   8 of 128, pid=1330)
UPCR: UPC thread  10 of 128 on node008 (pshm node 0 of 8, process  10 of 128, pid=1332)
UPCR: UPC thread   9 of 128 on node008 (pshm node 0 of 8, process   9 of 128, pid=1331)
UPCR: UPC thread   6 of 128 on node008 (pshm node 0 of 8, process   6 of 128, pid=1328)
UPCR: UPC thread   0 of 128 on node008 (pshm node 0 of 8, process   0 of 128, pid=1322)
UPCR: UPC thread   2 of 128 on node008 (pshm node 0 of 8, process   2 of 128, pid=1324)
UPCR: UPC thread   5 of 128 on node008 (pshm node 0 of 8, process   5 of 128, pid=1327)
UPCR: UPC thread 101 of 128 on node014 (pshm node 6 of 8, process 101 of 128, pid=29095)
UPCR: UPC thread  39 of 128 on node010 (pshm node 2 of 8, process  39 of 128, pid=29326)
UPCR: UPC thread  84 of 128 on node013 (pshm node 5 of 8, process  84 of 128, pid=29589)
UPCR: UPC thread  70 of 128 on node012 (pshm node 4 of 8, process  70 of 128, pid=29536)
UPCR: UPC thread  88 of 128 on node013 (pshm node 5 of 8, process  88 of 128, pid=29659)
UPCR: UPC thread  32 of 128 on node010 (pshm node 2 of 8, process  32 of 128, pid=29524)
UPCR: UPC thread 112 of 128 on node015 (pshm node 7 of 8, process 112 of 128, pid=26773)
UPCR: UPC thread  63 of 128 on node011 (pshm node 3 of 8, process  63 of 128, pid=29258)
UPCR: UPC thread  18 of 128 on node009 (pshm node 1 of 8, process  18 of 128, pid=29656)
UPCR: UPC thread  91 of 128 on node013 (pshm node 5 of 8, process  91 of 128, pid=29540)
UPCR: UPC thread  66 of 128 on node012 (pshm node 4 of 8, process  66 of 128, pid=29593)
UPCR: UPC thread 110 of 128 on node014 (pshm node 6 of 8, process 110 of 128, pid=29071)
UPCR: UPC thread  15 of 128 on node008 (pshm node 0 of 8, process  15 of 128, pid=1337)
UPCR: UPC thread  93 of 128 on node013 (pshm node 5 of 8, process  93 of 128, pid=29778)
UPCR: UPC thread 124 of 128 on node015 (pshm node 7 of 8, process 124 of 128, pid=26706)
UPCR: UPC thread  85 of 128 on node013 (pshm node 5 of 8, process  85 of 128, pid=29628)
UPCR: UPC thread  49 of 128 on node011 (pshm node 3 of 8, process  49 of 128, pid=29385)
UPCR: UPC thread  11 of 128 on node008 (pshm node 0 of 8, process  11 of 128, pid=1333)
UPCR: UPC thread  12 of 128 on node008 (pshm node 0 of 8, process  12 of 128, pid=1334)
UPCR: UPC thread 105 of 128 on node014 (pshm node 6 of 8, process 105 of 128, pid=29087)
UPCR: UPC thread  38 of 128 on node010 (pshm node 2 of 8, process  38 of 128, pid=29358)
UPCR: UPC thread  33 of 128 on node010 (pshm node 2 of 8, process  33 of 128, pid=29482)
UPCR: UPC thread  46 of 128 on node010 (pshm node 2 of 8, process  46 of 128, pid=29316)
UPCR: UPC thread 106 of 128 on node014 (pshm node 6 of 8, process 106 of 128, pid=29259)
UPCR: UPC thread 100 of 128 on node014 (pshm node 6 of 8, process 100 of 128, pid=29195)
UPCR: UPC thread  17 of 128 on node009 (pshm node 1 of 8, process  17 of 128, pid=29632)
UPCR: UPC thread  45 of 128 on node010 (pshm node 2 of 8, process  45 of 128, pid=29306)
UPCR: UPC thread 103 of 128 on node014 (pshm node 6 of 8, process 103 of 128, pid=29190)
UPCR: UPC thread  50 of 128 on node011 (pshm node 3 of 8, process  50 of 128, pid=29541)
UPCR: UPC thread 125 of 128 on node015 (pshm node 7 of 8, process 125 of 128, pid=26791)
UPCR: UPC thread 119 of 128 on node015 (pshm node 7 of 8, process 119 of 128, pid=26820)
UPCR: UPC thread 126 of 128 on node015 (pshm node 7 of 8, process 126 of 128, pid=26707)
UPCR: UPC thread 113 of 128 on node015 (pshm node 7 of 8, process 113 of 128, pid=26708)
UPCR: UPC thread 107 of 128 on node014 (pshm node 6 of 8, process 107 of 128, pid=29265)
UPCR: UPC thread  25 of 128 on node009 (pshm node 1 of 8, process  25 of 128, pid=29464)
UPCR: UPC thread  97 of 128 on node014 (pshm node 6 of 8, process  97 of 128, pid=29147)
UPCR: UPC thread  28 of 128 on node009 (pshm node 1 of 8, process  28 of 128, pid=29486)
UPCR: UPC thread  26 of 128 on node009 (pshm node 1 of 8, process  26 of 128, pid=29353)
UPCR: UPC thread  42 of 128 on node010 (pshm node 2 of 8, process  42 of 128, pid=29364)
UPCR: UPC thread 104 of 128 on node014 (pshm node 6 of 8, process 104 of 128, pid=29042)
UPCR: UPC thread  21 of 128 on node009 (pshm node 1 of 8, process  21 of 128, pid=29485)
UPCR: UPC thread  36 of 128 on node010 (pshm node 2 of 8, process  36 of 128, pid=29259)
UPCR: UPC thread 117 of 128 on node015 (pshm node 7 of 8, process 117 of 128, pid=26916)
UPCR: UPC thread  59 of 128 on node011 (pshm node 3 of 8, process  59 of 128, pid=29325)
UPCR: UPC thread  77 of 128 on node012 (pshm node 4 of 8, process  77 of 128, pid=29544)
UPCR: UPC thread  47 of 128 on node010 (pshm node 2 of 8, process  47 of 128, pid=29283)
UPCR: UPC thread  20 of 128 on node009 (pshm node 1 of 8, process  20 of 128, pid=29354)
UPCR: UPC thread  79 of 128 on node012 (pshm node 4 of 8, process  79 of 128, pid=29467)
UPCR: UPC thread  40 of 128 on node010 (pshm node 2 of 8, process  40 of 128, pid=29466)
UPCR: UPC thread  65 of 128 on node012 (pshm node 4 of 8, process  65 of 128, pid=29521)
UPCR: UPC thread  67 of 128 on node012 (pshm node 4 of 8, process  67 of 128, pid=29616)
UPCR: UPC thread  43 of 128 on node010 (pshm node 2 of 8, process  43 of 128, pid=29315)
UPCR: UPC thread  61 of 128 on node011 (pshm node 3 of 8, process  61 of 128, pid=29495)
UPCR: UPC thread  27 of 128 on node009 (pshm node 1 of 8, process  27 of 128, pid=29556)
UPCR: UPC thread  92 of 128 on node013 (pshm node 5 of 8, process  92 of 128, pid=29783)
UPCR: UPC thread  48 of 128 on node011 (pshm node 3 of 8, process  48 of 128, pid=29387)
UPCR: UPC thread  31 of 128 on node009 (pshm node 1 of 8, process  31 of 128, pid=29563)
UPCR: UPC thread  58 of 128 on node011 (pshm node 3 of 8, process  58 of 128, pid=29340)
UPCR: UPC thread  82 of 128 on node013 (pshm node 5 of 8, process  82 of 128, pid=29661)
UPCR: UPC thread  41 of 128 on node010 (pshm node 2 of 8, process  41 of 128, pid=29385)
UPCR: UPC thread 102 of 128 on node014 (pshm node 6 of 8, process 102 of 128, pid=29242)
UPCR: UPC thread 114 of 128 on node015 (pshm node 7 of 8, process 114 of 128, pid=26942)
UPCR: UPC thread  30 of 128 on node009 (pshm node 1 of 8, process  30 of 128, pid=29662)
UPCR: UPC thread  89 of 128 on node013 (pshm node 5 of 8, process  89 of 128, pid=29787)
UPCR: UPC thread 127 of 128 on node015 (pshm node 7 of 8, process 127 of 128, pid=26775)
UPCR: UPC thread  64 of 128 on node012 (pshm node 4 of 8, process  64 of 128, pid=29676)
UPCR: UPC thread  16 of 128 on node009 (pshm node 1 of 8, process  16 of 128, pid=29349)
UPCR: UPC thread  35 of 128 on node010 (pshm node 2 of 8, process  35 of 128, pid=29389)
UPCR: UPC thread  29 of 128 on node009 (pshm node 1 of 8, process  29 of 128, pid=29698)
UPCR: UPC thread  74 of 128 on node012 (pshm node 4 of 8, process  74 of 128, pid=29438)
UPCR: UPC thread  22 of 128 on node009 (pshm node 1 of 8, process  22 of 128, pid=29487)
UPCR: UPC thread  44 of 128 on node010 (pshm node 2 of 8, process  44 of 128, pid=29481)
UPCR: UPC thread  87 of 128 on node013 (pshm node 5 of 8, process  87 of 128, pid=29799)
UPCR: UPC thread  57 of 128 on node011 (pshm node 3 of 8, process  57 of 128, pid=29348)
UPCR: UPC thread  78 of 128 on node012 (pshm node 4 of 8, process  78 of 128, pid=29551)
UPCR: UPC thread  69 of 128 on node012 (pshm node 4 of 8, process  69 of 128, pid=29719)
UPCR: UPC thread  90 of 128 on node013 (pshm node 5 of 8, process  90 of 128, pid=29644)
UPCR: UPC thread  37 of 128 on node010 (pshm node 2 of 8, process  37 of 128, pid=29519)
UPCR: UPC thread 118 of 128 on node015 (pshm node 7 of 8, process 118 of 128, pid=26815)
UPCR: UPC thread 122 of 128 on node015 (pshm node 7 of 8, process 122 of 128, pid=26774)
UPCR: UPC thread  73 of 128 on node012 (pshm node 4 of 8, process  73 of 128, pid=29508)
UPCR: UPC thread  34 of 128 on node010 (pshm node 2 of 8, process  34 of 128, pid=29390)
UPCR: UPC thread  76 of 128 on node012 (pshm node 4 of 8, process  76 of 128, pid=29628)
UPCR: UPC thread  94 of 128 on node013 (pshm node 5 of 8, process  94 of 128, pid=29641)
UPCR: UPC thread  68 of 128 on node012 (pshm node 4 of 8, process  68 of 128, pid=29553)
UPCR: UPC thread  83 of 128 on node013 (pshm node 5 of 8, process  83 of 128, pid=29546)
UPCR: UPC thread  23 of 128 on node009 (pshm node 1 of 8, process  23 of 128, pid=29346)
UPCR: UPC thread  53 of 128 on node011 (pshm node 3 of 8, process  53 of 128, pid=29478)
UPCR: UPC thread  98 of 128 on node014 (pshm node 6 of 8, process  98 of 128, pid=29086)
UPCR: UPC thread  81 of 128 on node013 (pshm node 5 of 8, process  81 of 128, pid=29667)
UPCR: UPC thread  51 of 128 on node011 (pshm node 3 of 8, process  51 of 128, pid=29302)
UPCR: UPC thread  80 of 128 on node013 (pshm node 5 of 8, process  80 of 128, pid=29668)
UPCR: UPC thread  72 of 128 on node012 (pshm node 4 of 8, process  72 of 128, pid=29681)
UPCR: UPC thread 120 of 128 on node015 (pshm node 7 of 8, process 120 of 128, pid=26929)
UPCR: UPC thread  55 of 128 on node011 (pshm node 3 of 8, process  55 of 128, pid=29425)
UPCR: UPC thread  96 of 128 on node014 (pshm node 6 of 8, process  96 of 128, pid=29088)
UPCR: UPC thread  56 of 128 on node011 (pshm node 3 of 8, process  56 of 128, pid=29389)
UPCR: UPC thread 109 of 128 on node014 (pshm node 6 of 8, process 109 of 128, pid=29059)
UPCR: UPC thread  60 of 128 on node011 (pshm node 3 of 8, process  60 of 128, pid=29324)
UPCR: UPC thread  62 of 128 on node011 (pshm node 3 of 8, process  62 of 128, pid=29275)
UPCR: UPC thread  52 of 128 on node011 (pshm node 3 of 8, process  52 of 128, pid=29523)
UPCR: UPC thread  54 of 128 on node011 (pshm node 3 of 8, process  54 of 128, pid=29301)
UPCR: UPC thread  99 of 128 on node014 (pshm node 6 of 8, process  99 of 128, pid=29085)
UPCR: UPC thread  19 of 128 on node009 (pshm node 1 of 8, process  19 of 128, pid=29350)
UPCR: UPC thread 123 of 128 on node015 (pshm node 7 of 8, process 123 of 128, pid=26792)
UPCR: UPC thread  75 of 128 on node012 (pshm node 4 of 8, process  75 of 128, pid=29455)
UPCR: UPC thread 108 of 128 on node014 (pshm node 6 of 8, process 108 of 128, pid=29238)
UPCR: UPC thread  24 of 128 on node009 (pshm node 1 of 8, process  24 of 128, pid=29484)
UPCR: UPC thread  71 of 128 on node012 (pshm node 4 of 8, process  71 of 128, pid=29720)
UPCR: UPC thread 115 of 128 on node015 (pshm node 7 of 8, process 115 of 128, pid=26816)
UPCR: UPC thread  86 of 128 on node013 (pshm node 5 of 8, process  86 of 128, pid=29590)
UPCR: UPC thread  95 of 128 on node013 (pshm node 5 of 8, process  95 of 128, pid=29622)
UPCR: UPC thread 121 of 128 on node015 (pshm node 7 of 8, process 121 of 128, pid=26709)
UPCR: UPC thread 116 of 128 on node015 (pshm node 7 of 8, process 116 of 128, pid=26819)
UPCR: UPC thread 111 of 128 on node014 (pshm node 6 of 8, process 111 of 128, pid=29072)
0/128 - htable initialized
0/128 - table size: 137438953472 bytes (131072 MB)
0/128 - total number of buckets: 17179869184
0/128 - block size: 1073741824 (1024 MB)
0/128 - number of buckets in block: 134217728
0/128 - number of blocks: 128
83/128 - Performed a throughput benchmark:
83/128 - Performed 2000000 find-or-put operations with random values from [0,...,166399999]
83/128 - Finds: 949215 (0.474608), Inserts: 1050785 (0.525393), Errors: 0 (0)
83/128 - Execution time: 9.46444 seconds
83/128 - Throughput: 211317 ops/sec
103/128 - Performed a throughput benchmark:
103/128 - Performed 2000000 find-or-put operations with random values from [0,...,166399999]
103/128 - Finds: 949134 (0.474567), Inserts: 1050866 (0.525433), Errors: 0 (0)
103/128 - Execution time: 9.47957 seconds
103/128 - Throughput: 210980 ops/sec
119/128 - Performed a throughput benchmark:
119/128 - Performed 2000000 find-or-put operations with random values from [0,...,166399999]
119/128 - Finds: 950949 (0.475475), Inserts: 1049051 (0.524525), Errors: 0 (0)
119/128 - Execution time: 9.49493 seconds
119/128 - Throughput: 210639 ops/sec
114/128 - Performed a throughput benchmark:
114/128 - Performed 2000000 find-or-put operations with random values from [0,...,166399999]
114/128 - Finds: 950484 (0.475242), Inserts: 1049516 (0.524758), Errors: 0 (0)
114/128 - Execution time: 9.49102 seconds
114/128 - Throughput: 210726 ops/sec
49/128 - Performed a throughput benchmark:
49/128 - Performed 2000000 find-or-put operations with random values from [0,...,166399999]
49/128 - Finds: 950736 (0.475368), Inserts: 1049264 (0.524632), Errors: 0 (0)
49/128 - Execution time: 9.50157 seconds
49/128 - Throughput: 210492 ops/sec
101/128 - Performed a throughput benchmark:
101/128 - Performed 2000000 find-or-put operations with random values from [0,...,166399999]
101/128 - Finds: 949499 (0.474749), Inserts: 1050501 (0.52525), Errors: 0 (0)
101/128 - Execution time: 9.48906 seconds
101/128 - Throughput: 210769 ops/sec
85/128 - Performed a throughput benchmark:
85/128 - Performed 2000000 find-or-put operations with random values from [0,...,166399999]
85/128 - Finds: 950002 (0.475001), Inserts: 1049998 (0.524999), Errors: 0 (0)
85/128 - Execution time: 9.45647 seconds
85/128 - Throughput: 211495 ops/sec
34/128 - Performed a throughput benchmark:
34/128 - Performed 2000000 find-or-put operations with random values from [0,...,166399999]
34/128 - Finds: 949258 (0.474629), Inserts: 1050742 (0.525371), Errors: 0 (0)
34/128 - Execution time: 9.45521 seconds
34/128 - Throughput: 211524 ops/sec
6/128 - Performed a throughput benchmark:
6/128 - Performed 2000000 find-or-put operations with random values from [0,...,166399999]
6/128 - Finds: 951660 (0.47583), Inserts: 1048340 (0.52417), Errors: 0 (0)
6/128 - Execution time: 9.51095 seconds
6/128 - Throughput: 210284 ops/sec
67/128 - Performed a throughput benchmark:
67/128 - Performed 2000000 find-or-put operations with random values from [0,...,166399999]
67/128 - Finds: 949105 (0.474552), Inserts: 1050895 (0.525447), Errors: 0 (0)
67/128 - Execution time: 9.45476 seconds
67/128 - Throughput: 211534 ops/sec
20/128 - Performed a throughput benchmark:
20/128 - Performed 2000000 find-or-put operations with random values from [0,...,166399999]
20/128 - Finds: 948744 (0.474372), Inserts: 1051256 (0.525628), Errors: 0 (0)
20/128 - Execution time: 9.45676 seconds
20/128 - Throughput: 211489 ops/sec
52/128 - Performed a throughput benchmark:
52/128 - Performed 2000000 find-or-put operations with random values from [0,...,166399999]
52/128 - Finds: 949224 (0.474612), Inserts: 1050776 (0.525388), Errors: 0 (0)
52/128 - Execution time: 9.48233 seconds
52/128 - Throughput: 210919 ops/sec
116/128 - Performed a throughput benchmark:
116/128 - Performed 2000000 find-or-put operations with random values from [0,...,166399999]
116/128 - Finds: 950274 (0.475137), Inserts: 1049726 (0.524863), Errors: 0 (0)
116/128 - Execution time: 9.49733 seconds
116/128 - Throughput: 210586 ops/sec
102/128 - Performed a throughput benchmark:
102/128 - Performed 2000000 find-or-put operations with random values from [0,...,166399999]
102/128 - Finds: 950822 (0.475411), Inserts: 1049178 (0.524589), Errors: 0 (0)
102/128 - Execution time: 9.51163 seconds
102/128 - Throughput: 210269 ops/sec
22/128 - Performed a throughput benchmark:
22/128 - Performed 2000000 find-or-put operations with random values from [0,...,166399999]
22/128 - Finds: 947933 (0.473967), Inserts: 1052067 (0.526034), Errors: 0 (0)
22/128 - Execution time: 9.45779 seconds
22/128 - Throughput: 211466 ops/sec
70/128 - Performed a throughput benchmark:
70/128 - Performed 2000000 find-or-put operations with random values from [0,...,166399999]
70/128 - Finds: 952158 (0.476079), Inserts: 1047842 (0.523921), Errors: 0 (0)
70/128 - Execution time: 9.5065 seconds
70/128 - Throughput: 210382 ops/sec
54/128 - Performed a throughput benchmark:
54/128 - Performed 2000000 find-or-put operations with random values from [0,...,166399999]
54/128 - Finds: 951106 (0.475553), Inserts: 1048894 (0.524447), Errors: 0 (0)
54/128 - Execution time: 9.48317 seconds
54/128 - Throughput: 210900 ops/sec
50/128 - Performed a throughput benchmark:
50/128 - Performed 2000000 find-or-put operations with random values from [0,...,166399999]
50/128 - Finds: 950527 (0.475264), Inserts: 1049473 (0.524737), Errors: 0 (0)
50/128 - Execution time: 9.49457 seconds
50/128 - Throughput: 210647 ops/sec
69/128 - Performed a throughput benchmark:
69/128 - Performed 2000000 find-or-put operations with random values from [0,...,166399999]
69/128 - Finds: 950431 (0.475216), Inserts: 1049569 (0.524784), Errors: 0 (0)
69/128 - Execution time: 9.47409 seconds
69/128 - Throughput: 211102 ops/sec
97/128 - Performed a throughput benchmark:
97/128 - Performed 2000000 find-or-put operations with random values from [0,...,166399999]
97/128 - Finds: 951072 (0.475536), Inserts: 1048928 (0.524464), Errors: 0 (0)
97/128 - Execution time: 9.50641 seconds
97/128 - Throughput: 210384 ops/sec
71/128 - Performed a throughput benchmark:
71/128 - Performed 2000000 find-or-put operations with random values from [0,...,166399999]
71/128 - Finds: 950266 (0.475133), Inserts: 1049734 (0.524867), Errors: 0 (0)
71/128 - Execution time: 9.48698 seconds
71/128 - Throughput: 210815 ops/sec
115/128 - Performed a throughput benchmark:
115/128 - Performed 2000000 find-or-put operations with random values from [0,...,166399999]
115/128 - Finds: 950571 (0.475286), Inserts: 1049429 (0.524714), Errors: 0 (0)
115/128 - Execution time: 9.492 seconds
115/128 - Throughput: 210704 ops/sec
48/128 - Performed a throughput benchmark:
48/128 - Performed 2000000 find-or-put operations with random values from [0,...,166399999]
48/128 - Finds: 948833 (0.474417), Inserts: 1051167 (0.525583), Errors: 0 (0)
48/128 - Execution time: 9.46557 seconds
48/128 - Throughput: 211292 ops/sec
80/128 - Performed a throughput benchmark:
80/128 - Performed 2000000 find-or-put operations with random values from [0,...,166399999]
80/128 - Finds: 948941 (0.474471), Inserts: 1051059 (0.525529), Errors: 0 (0)
80/128 - Execution time: 9.46587 seconds
80/128 - Throughput: 211285 ops/sec
32/128 - Performed a throughput benchmark:
32/128 - Performed 2000000 find-or-put operations with random values from [0,...,166399999]
32/128 - Finds: 949852 (0.474926), Inserts: 1050148 (0.525074), Errors: 0 (0)
32/128 - Execution time: 9.4859 seconds
32/128 - Throughput: 210839 ops/sec
16/128 - Performed a throughput benchmark:
16/128 - Performed 2000000 find-or-put operations with random values from [0,...,166399999]
16/128 - Finds: 948516 (0.474258), Inserts: 1051484 (0.525742), Errors: 0 (0)
16/128 - Execution time: 9.45071 seconds
16/128 - Throughput: 211624 ops/sec
82/128 - Performed a throughput benchmark:
82/128 - Performed 2000000 find-or-put operations with random values from [0,...,166399999]
82/128 - Finds: 949423 (0.474712), Inserts: 1050577 (0.525289), Errors: 0 (0)
82/128 - Execution time: 9.47546 seconds
82/128 - Throughput: 211071 ops/sec
64/128 - Performed a throughput benchmark:
64/128 - Performed 2000000 find-or-put operations with random values from [0,...,166399999]
64/128 - Finds: 951978 (0.475989), Inserts: 1048022 (0.524011), Errors: 0 (0)
64/128 - Execution time: 9.51059 seconds
64/128 - Throughput: 210292 ops/sec
81/128 - Performed a throughput benchmark:
81/128 - Performed 2000000 find-or-put operations with random values from [0,...,166399999]
81/128 - Finds: 951167 (0.475583), Inserts: 1048833 (0.524416), Errors: 0 (0)
81/128 - Execution time: 9.48785 seconds
81/128 - Throughput: 210796 ops/sec
86/128 - Performed a throughput benchmark:
86/128 - Performed 2000000 find-or-put operations with random values from [0,...,166399999]
86/128 - Finds: 952497 (0.476249), Inserts: 1047503 (0.523752), Errors: 0 (0)
86/128 - Execution time: 9.49494 seconds
86/128 - Throughput: 210639 ops/sec
65/128 - Performed a throughput benchmark:
65/128 - Performed 2000000 find-or-put operations with random values from [0,...,166399999]
65/128 - Finds: 949901 (0.47495), Inserts: 1050099 (0.525049), Errors: 0 (0)
65/128 - Execution time: 9.47592 seconds
65/128 - Throughput: 211061 ops/sec
99/128 - Performed a throughput benchmark:
99/128 - Performed 2000000 find-or-put operations with random values from [0,...,166399999]
99/128 - Finds: 950810 (0.475405), Inserts: 1049190 (0.524595), Errors: 0 (0)
99/128 - Execution time: 9.49568 seconds
99/128 - Throughput: 210622 ops/sec
84/128 - Performed a throughput benchmark:
84/128 - Performed 2000000 find-or-put operations with random values from [0,...,166399999]
84/128 - Finds: 953845 (0.476923), Inserts: 1046155 (0.523077), Errors: 0 (0)
84/128 - Execution time: 9.52276 seconds
84/128 - Throughput: 210023 ops/sec
21/128 - Performed a throughput benchmark:
21/128 - Performed 2000000 find-or-put operations with random values from [0,...,166399999]
21/128 - Finds: 952467 (0.476233), Inserts: 1047533 (0.523767), Errors: 0 (0)
21/128 - Execution time: 9.48781 seconds
21/128 - Throughput: 210797 ops/sec
3/128 - Performed a throughput benchmark:
3/128 - Performed 2000000 find-or-put operations with random values from [0,...,166399999]
3/128 - Finds: 953897 (0.476948), Inserts: 1046103 (0.523052), Errors: 0 (0)
3/128 - Execution time: 9.53388 seconds
3/128 - Throughput: 209778 ops/sec
5/128 - Performed a throughput benchmark:
5/128 - Performed 2000000 find-or-put operations with random values from [0,...,166399999]
5/128 - Finds: 953418 (0.476709), Inserts: 1046582 (0.523291), Errors: 0 (0)
5/128 - Execution time: 9.5399 seconds
5/128 - Throughput: 209646 ops/sec
17/128 - Performed a throughput benchmark:
17/128 - Performed 2000000 find-or-put operations with random values from [0,...,166399999]
17/128 - Finds: 952901 (0.47645), Inserts: 1047099 (0.52355), Errors: 0 (0)
17/128 - Execution time: 9.5238 seconds
17/128 - Throughput: 210000 ops/sec
117/128 - Performed a throughput benchmark:
117/128 - Performed 2000000 find-or-put operations with random values from [0,...,166399999]
117/128 - Finds: 949917 (0.474959), Inserts: 1050083 (0.525042), Errors: 0 (0)
117/128 - Execution time: 9.49198 seconds
117/128 - Throughput: 210704 ops/sec
23/128 - Performed a throughput benchmark:
23/128 - Performed 2000000 find-or-put operations with random values from [0,...,166399999]
23/128 - Finds: 948638 (0.474319), Inserts: 1051362 (0.525681), Errors: 0 (0)
23/128 - Execution time: 9.47029 seconds
23/128 - Throughput: 211187 ops/sec
19/128 - Performed a throughput benchmark:
19/128 - Performed 2000000 find-or-put operations with random values from [0,...,166399999]
19/128 - Finds: 949579 (0.474789), Inserts: 1050421 (0.525211), Errors: 0 (0)
19/128 - Execution time: 9.46229 seconds
19/128 - Throughput: 211365 ops/sec
18/128 - Performed a throughput benchmark:
18/128 - Performed 2000000 find-or-put operations with random values from [0,...,166399999]
18/128 - Finds: 955040 (0.47752), Inserts: 1044960 (0.52248), Errors: 0 (0)
18/128 - Execution time: 9.54749 seconds
18/128 - Throughput: 209479 ops/sec
36/128 - Performed a throughput benchmark:
36/128 - Performed 2000000 find-or-put operations with random values from [0,...,166399999]
36/128 - Finds: 952622 (0.476311), Inserts: 1047378 (0.523689), Errors: 0 (0)
36/128 - Execution time: 9.547 seconds
36/128 - Throughput: 209490 ops/sec
4/128 - Performed a throughput benchmark:
4/128 - Performed 2000000 find-or-put operations with random values from [0,...,166399999]
4/128 - Finds: 952295 (0.476148), Inserts: 1047705 (0.523853), Errors: 0 (0)
4/128 - Execution time: 9.53529 seconds
4/128 - Throughput: 209747 ops/sec
53/128 - Performed a throughput benchmark:
53/128 - Performed 2000000 find-or-put operations with random values from [0,...,166399999]
53/128 - Finds: 953964 (0.476982), Inserts: 1046036 (0.523018), Errors: 0 (0)
53/128 - Execution time: 9.56363 seconds
53/128 - Throughput: 209126 ops/sec
2/128 - Performed a throughput benchmark:
2/128 - Performed 2000000 find-or-put operations with random values from [0,...,166399999]
2/128 - Finds: 954003 (0.477002), Inserts: 1045997 (0.522999), Errors: 0 (0)
2/128 - Execution time: 9.54656 seconds
2/128 - Throughput: 209499 ops/sec
1/128 - Performed a throughput benchmark:
1/128 - Performed 2000000 find-or-put operations with random values from [0,...,166399999]
1/128 - Finds: 953530 (0.476765), Inserts: 1046470 (0.523235), Errors: 0 (0)
1/128 - Execution time: 9.53988 seconds
1/128 - Throughput: 209646 ops/sec
0/128 - Performed a throughput benchmark:
0/128 - Performed 2000000 find-or-put operations with random values from [0,...,166399999]
0/128 - Finds: 954064 (0.477032), Inserts: 1045936 (0.522968), Errors: 0 (0)
0/128 - Execution time: 9.55874 seconds
0/128 - Throughput: 209233 ops/sec
51/128 - Performed a throughput benchmark:
51/128 - Performed 2000000 find-or-put operations with random values from [0,...,166399999]
51/128 - Finds: 953804 (0.476902), Inserts: 1046196 (0.523098), Errors: 0 (0)
51/128 - Execution time: 9.55764 seconds
51/128 - Throughput: 209257 ops/sec
112/128 - Performed a throughput benchmark:
112/128 - Performed 2000000 find-or-put operations with random values from [0,...,166399999]
112/128 - Finds: 955369 (0.477685), Inserts: 1044631 (0.522316), Errors: 0 (0)
112/128 - Execution time: 9.55698 seconds
112/128 - Throughput: 209271 ops/sec
66/128 - Performed a throughput benchmark:
66/128 - Performed 2000000 find-or-put operations with random values from [0,...,166399999]
66/128 - Finds: 954006 (0.477003), Inserts: 1045994 (0.522997), Errors: 0 (0)
66/128 - Execution time: 9.52401 seconds
66/128 - Throughput: 209995 ops/sec
37/128 - Performed a throughput benchmark:
37/128 - Performed 2000000 find-or-put operations with random values from [0,...,166399999]
37/128 - Finds: 953487 (0.476743), Inserts: 1046513 (0.523257), Errors: 0 (0)
37/128 - Execution time: 9.52213 seconds
37/128 - Throughput: 210037 ops/sec
33/128 - Performed a throughput benchmark:
33/128 - Performed 2000000 find-or-put operations with random values from [0,...,166399999]
33/128 - Finds: 952655 (0.476328), Inserts: 1047345 (0.523672), Errors: 0 (0)
33/128 - Execution time: 9.52397 seconds
33/128 - Throughput: 209996 ops/sec
98/128 - Performed a throughput benchmark:
98/128 - Performed 2000000 find-or-put operations with random values from [0,...,166399999]
98/128 - Finds: 955314 (0.477657), Inserts: 1044686 (0.522343), Errors: 0 (0)
98/128 - Execution time: 9.55105 seconds
98/128 - Throughput: 209401 ops/sec
100/128 - Performed a throughput benchmark:
100/128 - Performed 2000000 find-or-put operations with random values from [0,...,166399999]
100/128 - Finds: 954870 (0.477435), Inserts: 1045130 (0.522565), Errors: 0 (0)
100/128 - Execution time: 9.55612 seconds
100/128 - Throughput: 209290 ops/sec
87/128 - Performed a throughput benchmark:
87/128 - Performed 2000000 find-or-put operations with random values from [0,...,166399999]
87/128 - Finds: 953763 (0.476882), Inserts: 1046237 (0.523119), Errors: 0 (0)
87/128 - Execution time: 9.52213 seconds
87/128 - Throughput: 210037 ops/sec
118/128 - Performed a throughput benchmark:
118/128 - Performed 2000000 find-or-put operations with random values from [0,...,166399999]
118/128 - Finds: 954059 (0.477029), Inserts: 1045941 (0.522971), Errors: 0 (0)
118/128 - Execution time: 9.53727 seconds
118/128 - Throughput: 209704 ops/sec
55/128 - Performed a throughput benchmark:
55/128 - Performed 2000000 find-or-put operations with random values from [0,...,166399999]
55/128 - Finds: 954294 (0.477147), Inserts: 1045706 (0.522853), Errors: 0 (0)
55/128 - Execution time: 9.55347 seconds
55/128 - Throughput: 209348 ops/sec
38/128 - Performed a throughput benchmark:
38/128 - Performed 2000000 find-or-put operations with random values from [0,...,166399999]
38/128 - Finds: 951285 (0.475643), Inserts: 1048715 (0.524358), Errors: 0 (0)
38/128 - Execution time: 9.53189 seconds
38/128 - Throughput: 209822 ops/sec
68/128 - Performed a throughput benchmark:
68/128 - Performed 2000000 find-or-put operations with random values from [0,...,166399999]
68/128 - Finds: 953163 (0.476581), Inserts: 1046837 (0.523419), Errors: 0 (0)
68/128 - Execution time: 9.52145 seconds
68/128 - Throughput: 210052 ops/sec
96/128 - Performed a throughput benchmark:
96/128 - Performed 2000000 find-or-put operations with random values from [0,...,166399999]
96/128 - Finds: 956390 (0.478195), Inserts: 1043610 (0.521805), Errors: 0 (0)
96/128 - Execution time: 9.57786 seconds
96/128 - Throughput: 208815 ops/sec
39/128 - Performed a throughput benchmark:
39/128 - Performed 2000000 find-or-put operations with random values from [0,...,166399999]
39/128 - Finds: 953685 (0.476843), Inserts: 1046315 (0.523158), Errors: 0 (0)
39/128 - Execution time: 9.52774 seconds
39/128 - Throughput: 209913 ops/sec
113/128 - Performed a throughput benchmark:
113/128 - Performed 2000000 find-or-put operations with random values from [0,...,166399999]
113/128 - Finds: 958216 (0.479108), Inserts: 1041784 (0.520892), Errors: 0 (0)
113/128 - Execution time: 9.66702 seconds
113/128 - Throughput: 206889 ops/sec
35/128 - Performed a throughput benchmark:
35/128 - Performed 2000000 find-or-put operations with random values from [0,...,166399999]
35/128 - Finds: 966582 (0.483291), Inserts: 1033418 (0.516709), Errors: 0 (0)
35/128 - Execution time: 9.76291 seconds
35/128 - Throughput: 204857 ops/sec
7/128 - Performed a throughput benchmark:
7/128 - Performed 2000000 find-or-put operations with random values from [0,...,166399999]
7/128 - Finds: 970491 (0.485245), Inserts: 1029509 (0.514755), Errors: 0 (0)
7/128 - Execution time: 9.81896 seconds
7/128 - Throughput: 203688 ops/sec
10/128 - Performed a throughput benchmark:
10/128 - Performed 2000000 find-or-put operations with random values from [0,...,166399999]
10/128 - Finds: 984791 (0.492395), Inserts: 1015209 (0.507605), Errors: 0 (0)
10/128 - Execution time: 9.9434 seconds
10/128 - Throughput: 201138 ops/sec
13/128 - Performed a throughput benchmark:
13/128 - Performed 2000000 find-or-put operations with random values from [0,...,166399999]
13/128 - Finds: 986706 (0.493353), Inserts: 1013294 (0.506647), Errors: 0 (0)
13/128 - Execution time: 9.98373 seconds
13/128 - Throughput: 200326 ops/sec
108/128 - Performed a throughput benchmark:
108/128 - Performed 2000000 find-or-put operations with random values from [0,...,166399999]
108/128 - Finds: 991329 (0.495665), Inserts: 1008671 (0.504336), Errors: 0 (0)
108/128 - Execution time: 10.0254 seconds
108/128 - Throughput: 199494 ops/sec
41/128 - Performed a throughput benchmark:
41/128 - Performed 2000000 find-or-put operations with random values from [0,...,166399999]
41/128 - Finds: 993009 (0.496505), Inserts: 1006991 (0.503495), Errors: 0 (0)
41/128 - Execution time: 10.0608 seconds
41/128 - Throughput: 198792 ops/sec
60/128 - Performed a throughput benchmark:
60/128 - Performed 2000000 find-or-put operations with random values from [0,...,166399999]
60/128 - Finds: 995384 (0.497692), Inserts: 1004616 (0.502308), Errors: 0 (0)
60/128 - Execution time: 10.1168 seconds
60/128 - Throughput: 197691 ops/sec
121/128 - Performed a throughput benchmark:
121/128 - Performed 2000000 find-or-put operations with random values from [0,...,166399999]
121/128 - Finds: 999933 (0.499966), Inserts: 1000067 (0.500034), Errors: 0 (0)
121/128 - Execution time: 10.1505 seconds
121/128 - Throughput: 197034 ops/sec
78/128 - Performed a throughput benchmark:
78/128 - Performed 2000000 find-or-put operations with random values from [0,...,166399999]
78/128 - Finds: 997887 (0.498943), Inserts: 1002113 (0.501057), Errors: 0 (0)
78/128 - Execution time: 10.1835 seconds
78/128 - Throughput: 196396 ops/sec
106/128 - Performed a throughput benchmark:
106/128 - Performed 2000000 find-or-put operations with random values from [0,...,166399999]
106/128 - Finds: 998738 (0.499369), Inserts: 1001262 (0.500631), Errors: 0 (0)
106/128 - Execution time: 10.2069 seconds
106/128 - Throughput: 195946 ops/sec
9/128 - Performed a throughput benchmark:
9/128 - Performed 2000000 find-or-put operations with random values from [0,...,166399999]
9/128 - Finds: 998956 (0.499478), Inserts: 1001044 (0.500522), Errors: 0 (0)
9/128 - Execution time: 10.2255 seconds
9/128 - Throughput: 195589 ops/sec
75/128 - Performed a throughput benchmark:
75/128 - Performed 2000000 find-or-put operations with random values from [0,...,166399999]
75/128 - Finds: 1000123 (0.500062), Inserts: 999877 (0.499939), Errors: 0 (0)
75/128 - Execution time: 10.2332 seconds
75/128 - Throughput: 195442 ops/sec
15/128 - Performed a throughput benchmark:
15/128 - Performed 2000000 find-or-put operations with random values from [0,...,166399999]
15/128 - Finds: 1002951 (0.501475), Inserts: 997049 (0.498524), Errors: 0 (0)
15/128 - Execution time: 10.2489 seconds
15/128 - Throughput: 195142 ops/sec
74/128 - Performed a throughput benchmark:
74/128 - Performed 2000000 find-or-put operations with random values from [0,...,166399999]
74/128 - Finds: 1001976 (0.500988), Inserts: 998024 (0.499012), Errors: 0 (0)
74/128 - Execution time: 10.2654 seconds
74/128 - Throughput: 194830 ops/sec
12/128 - Performed a throughput benchmark:
12/128 - Performed 2000000 find-or-put operations with random values from [0,...,166399999]
12/128 - Finds: 1002664 (0.501332), Inserts: 997336 (0.498668), Errors: 0 (0)
12/128 - Execution time: 10.249 seconds
12/128 - Throughput: 195140 ops/sec
107/128 - Performed a throughput benchmark:
107/128 - Performed 2000000 find-or-put operations with random values from [0,...,166399999]
107/128 - Finds: 999502 (0.499751), Inserts: 1000498 (0.500249), Errors: 0 (0)
107/128 - Execution time: 10.2078 seconds
107/128 - Throughput: 195929 ops/sec
111/128 - Performed a throughput benchmark:
111/128 - Performed 2000000 find-or-put operations with random values from [0,...,166399999]
111/128 - Finds: 1000436 (0.500218), Inserts: 999564 (0.499782), Errors: 0 (0)
111/128 - Execution time: 10.2205 seconds
111/128 - Throughput: 195686 ops/sec
73/128 - Performed a throughput benchmark:
73/128 - Performed 2000000 find-or-put operations with random values from [0,...,166399999]
73/128 - Finds: 1001194 (0.500597), Inserts: 998806 (0.499403), Errors: 0 (0)
73/128 - Execution time: 10.2375 seconds
73/128 - Throughput: 195360 ops/sec
8/128 - Performed a throughput benchmark:
8/128 - Performed 2000000 find-or-put operations with random values from [0,...,166399999]
8/128 - Finds: 1005727 (0.502864), Inserts: 994273 (0.497136), Errors: 0 (0)
8/128 - Execution time: 10.2842 seconds
8/128 - Throughput: 194473 ops/sec
44/128 - Performed a throughput benchmark:
44/128 - Performed 2000000 find-or-put operations with random values from [0,...,166399999]
44/128 - Finds: 1004848 (0.502424), Inserts: 995152 (0.497576), Errors: 0 (0)
44/128 - Execution time: 10.2794 seconds
44/128 - Throughput: 194564 ops/sec
105/128 - Performed a throughput benchmark:
105/128 - Performed 2000000 find-or-put operations with random values from [0,...,166399999]
105/128 - Finds: 998863 (0.499431), Inserts: 1001137 (0.500568), Errors: 0 (0)
105/128 - Execution time: 10.2077 seconds
105/128 - Throughput: 195930 ops/sec
123/128 - Performed a throughput benchmark:
123/128 - Performed 2000000 find-or-put operations with random values from [0,...,166399999]
123/128 - Finds: 1005865 (0.502933), Inserts: 994135 (0.497067), Errors: 0 (0)
123/128 - Execution time: 10.2995 seconds
123/128 - Throughput: 194184 ops/sec
40/128 - Performed a throughput benchmark:
40/128 - Performed 2000000 find-or-put operations with random values from [0,...,166399999]
40/128 - Finds: 1004194 (0.502097), Inserts: 995806 (0.497903), Errors: 0 (0)
40/128 - Execution time: 10.2614 seconds
40/128 - Throughput: 194905 ops/sec
109/128 - Performed a throughput benchmark:
109/128 - Performed 2000000 find-or-put operations with random values from [0,...,166399999]
109/128 - Finds: 1002584 (0.501292), Inserts: 997416 (0.498708), Errors: 0 (0)
109/128 - Execution time: 10.2893 seconds
109/128 - Throughput: 194377 ops/sec
124/128 - Performed a throughput benchmark:
124/128 - Performed 2000000 find-or-put operations with random values from [0,...,166399999]
124/128 - Finds: 1003292 (0.501646), Inserts: 996708 (0.498354), Errors: 0 (0)
124/128 - Execution time: 10.273 seconds
124/128 - Throughput: 194685 ops/sec
127/128 - Performed a throughput benchmark:
127/128 - Performed 2000000 find-or-put operations with random values from [0,...,166399999]
127/128 - Finds: 1003573 (0.501787), Inserts: 996427 (0.498213), Errors: 0 (0)
127/128 - Execution time: 10.2782 seconds
127/128 - Throughput: 194586 ops/sec
90/128 - Performed a throughput benchmark:
90/128 - Performed 2000000 find-or-put operations with random values from [0,...,166399999]
90/128 - Finds: 1003003 (0.501502), Inserts: 996997 (0.498499), Errors: 0 (0)
90/128 - Execution time: 10.277 seconds
90/128 - Throughput: 194609 ops/sec
122/128 - Performed a throughput benchmark:
122/128 - Performed 2000000 find-or-put operations with random values from [0,...,166399999]
122/128 - Finds: 1002473 (0.501236), Inserts: 997527 (0.498764), Errors: 0 (0)
122/128 - Execution time: 10.2713 seconds
122/128 - Throughput: 194717 ops/sec
61/128 - Performed a throughput benchmark:
61/128 - Performed 2000000 find-or-put operations with random values from [0,...,166399999]
61/128 - Finds: 1005862 (0.502931), Inserts: 994138 (0.497069), Errors: 0 (0)
61/128 - Execution time: 10.2904 seconds
61/128 - Throughput: 194357 ops/sec
89/128 - Performed a throughput benchmark:
89/128 - Performed 2000000 find-or-put operations with random values from [0,...,166399999]
89/128 - Finds: 1007263 (0.503632), Inserts: 992737 (0.496368), Errors: 0 (0)
89/128 - Execution time: 10.3064 seconds
89/128 - Throughput: 194055 ops/sec
11/128 - Performed a throughput benchmark:
11/128 - Performed 2000000 find-or-put operations with random values from [0,...,166399999]
11/128 - Finds: 1004178 (0.502089), Inserts: 995822 (0.497911), Errors: 0 (0)
11/128 - Execution time: 10.2748 seconds
11/128 - Throughput: 194652 ops/sec
110/128 - Performed a throughput benchmark:
110/128 - Performed 2000000 find-or-put operations with random values from [0,...,166399999]
110/128 - Finds: 998446 (0.499223), Inserts: 1001554 (0.500777), Errors: 0 (0)
110/128 - Execution time: 10.2229 seconds
110/128 - Throughput: 195639 ops/sec
62/128 - Performed a throughput benchmark:
62/128 - Performed 2000000 find-or-put operations with random values from [0,...,166399999]
62/128 - Finds: 1006579 (0.503289), Inserts: 993421 (0.49671), Errors: 0 (0)
62/128 - Execution time: 10.3077 seconds
62/128 - Throughput: 194030 ops/sec
57/128 - Performed a throughput benchmark:
57/128 - Performed 2000000 find-or-put operations with random values from [0,...,166399999]
57/128 - Finds: 1002989 (0.501494), Inserts: 997011 (0.498505), Errors: 0 (0)
57/128 - Execution time: 10.2898 seconds
57/128 - Throughput: 194367 ops/sec
88/128 - Performed a throughput benchmark:
88/128 - Performed 2000000 find-or-put operations with random values from [0,...,166399999]
88/128 - Finds: 1006663 (0.503332), Inserts: 993337 (0.496669), Errors: 0 (0)
88/128 - Execution time: 10.2946 seconds
88/128 - Throughput: 194277 ops/sec
56/128 - Performed a throughput benchmark:
56/128 - Performed 2000000 find-or-put operations with random values from [0,...,166399999]
56/128 - Finds: 1005831 (0.502915), Inserts: 994169 (0.497084), Errors: 0 (0)
56/128 - Execution time: 10.2972 seconds
56/128 - Throughput: 194228 ops/sec
77/128 - Performed a throughput benchmark:
77/128 - Performed 2000000 find-or-put operations with random values from [0,...,166399999]
77/128 - Finds: 1007080 (0.50354), Inserts: 992920 (0.49646), Errors: 0 (0)
77/128 - Execution time: 10.3193 seconds
77/128 - Throughput: 193811 ops/sec
104/128 - Performed a throughput benchmark:
104/128 - Performed 2000000 find-or-put operations with random values from [0,...,166399999]
104/128 - Finds: 1008164 (0.504082), Inserts: 991836 (0.495918), Errors: 0 (0)
104/128 - Execution time: 10.3254 seconds
104/128 - Throughput: 193696 ops/sec
79/128 - Performed a throughput benchmark:
79/128 - Performed 2000000 find-or-put operations with random values from [0,...,166399999]
79/128 - Finds: 1006507 (0.503254), Inserts: 993493 (0.496746), Errors: 0 (0)
79/128 - Execution time: 10.3286 seconds
79/128 - Throughput: 193636 ops/sec
58/128 - Performed a throughput benchmark:
58/128 - Performed 2000000 find-or-put operations with random values from [0,...,166399999]
58/128 - Finds: 1007897 (0.503949), Inserts: 992103 (0.496051), Errors: 0 (0)
58/128 - Execution time: 10.3232 seconds
58/128 - Throughput: 193739 ops/sec
72/128 - Performed a throughput benchmark:
72/128 - Performed 2000000 find-or-put operations with random values from [0,...,166399999]
72/128 - Finds: 1010033 (0.505016), Inserts: 989967 (0.494984), Errors: 0 (0)
72/128 - Execution time: 10.3596 seconds
72/128 - Throughput: 193057 ops/sec
126/128 - Performed a throughput benchmark:
126/128 - Performed 2000000 find-or-put operations with random values from [0,...,166399999]
126/128 - Finds: 1010971 (0.505486), Inserts: 989029 (0.494515), Errors: 0 (0)
126/128 - Execution time: 10.3469 seconds
126/128 - Throughput: 193294 ops/sec
125/128 - Performed a throughput benchmark:
125/128 - Performed 2000000 find-or-put operations with random values from [0,...,166399999]
125/128 - Finds: 1003617 (0.501808), Inserts: 996383 (0.498192), Errors: 0 (0)
125/128 - Execution time: 10.2768 seconds
125/128 - Throughput: 194614 ops/sec
25/128 - Performed a throughput benchmark:
25/128 - Performed 2000000 find-or-put operations with random values from [0,...,166399999]
25/128 - Finds: 1009857 (0.504929), Inserts: 990143 (0.495071), Errors: 0 (0)
25/128 - Execution time: 10.3632 seconds
25/128 - Throughput: 192990 ops/sec
29/128 - Performed a throughput benchmark:
29/128 - Performed 2000000 find-or-put operations with random values from [0,...,166399999]
29/128 - Finds: 1010594 (0.505297), Inserts: 989406 (0.494703), Errors: 0 (0)
29/128 - Execution time: 10.3676 seconds
29/128 - Throughput: 192908 ops/sec
14/128 - Performed a throughput benchmark:
14/128 - Performed 2000000 find-or-put operations with random values from [0,...,166399999]
14/128 - Finds: 1011218 (0.505609), Inserts: 988782 (0.494391), Errors: 0 (0)
14/128 - Execution time: 10.3647 seconds
14/128 - Throughput: 192963 ops/sec
92/128 - Performed a throughput benchmark:
92/128 - Performed 2000000 find-or-put operations with random values from [0,...,166399999]
92/128 - Finds: 1008248 (0.504124), Inserts: 991752 (0.495876), Errors: 0 (0)
92/128 - Execution time: 10.3258 seconds
92/128 - Throughput: 193689 ops/sec
63/128 - Performed a throughput benchmark:
63/128 - Performed 2000000 find-or-put operations with random values from [0,...,166399999]
63/128 - Finds: 1012116 (0.506058), Inserts: 987884 (0.493942), Errors: 0 (0)
63/128 - Execution time: 10.3715 seconds
63/128 - Throughput: 192836 ops/sec
120/128 - Performed a throughput benchmark:
120/128 - Performed 2000000 find-or-put operations with random values from [0,...,166399999]
120/128 - Finds: 1006981 (0.50349), Inserts: 993019 (0.496509), Errors: 0 (0)
120/128 - Execution time: 10.3082 seconds
120/128 - Throughput: 194021 ops/sec
28/128 - Performed a throughput benchmark:
28/128 - Performed 2000000 find-or-put operations with random values from [0,...,166399999]
28/128 - Finds: 1006504 (0.503252), Inserts: 993496 (0.496748), Errors: 0 (0)
28/128 - Execution time: 10.3288 seconds
28/128 - Throughput: 193632 ops/sec
26/128 - Performed a throughput benchmark:
26/128 - Performed 2000000 find-or-put operations with random values from [0,...,166399999]
26/128 - Finds: 1009681 (0.504841), Inserts: 990319 (0.495159), Errors: 0 (0)
26/128 - Execution time: 10.3682 seconds
26/128 - Throughput: 192897 ops/sec
59/128 - Performed a throughput benchmark:
59/128 - Performed 2000000 find-or-put operations with random values from [0,...,166399999]
59/128 - Finds: 1012793 (0.506397), Inserts: 987207 (0.493603), Errors: 0 (0)
59/128 - Execution time: 10.3735 seconds
59/128 - Throughput: 192800 ops/sec
43/128 - Performed a throughput benchmark:
43/128 - Performed 2000000 find-or-put operations with random values from [0,...,166399999]
43/128 - Finds: 1014566 (0.507283), Inserts: 985434 (0.492717), Errors: 0 (0)
43/128 - Execution time: 10.3892 seconds
43/128 - Throughput: 192508 ops/sec
95/128 - Performed a throughput benchmark:
95/128 - Performed 2000000 find-or-put operations with random values from [0,...,166399999]
95/128 - Finds: 1006341 (0.50317), Inserts: 993659 (0.496829), Errors: 0 (0)
95/128 - Execution time: 10.3209 seconds
95/128 - Throughput: 193782 ops/sec
42/128 - Performed a throughput benchmark:
42/128 - Performed 2000000 find-or-put operations with random values from [0,...,166399999]
42/128 - Finds: 1016291 (0.508146), Inserts: 983709 (0.491854), Errors: 0 (0)
42/128 - Execution time: 10.4097 seconds
42/128 - Throughput: 192128 ops/sec
45/128 - Performed a throughput benchmark:
45/128 - Performed 2000000 find-or-put operations with random values from [0,...,166399999]
45/128 - Finds: 1017239 (0.50862), Inserts: 982761 (0.49138), Errors: 0 (0)
45/128 - Execution time: 10.4087 seconds
45/128 - Throughput: 192147 ops/sec
46/128 - Performed a throughput benchmark:
46/128 - Performed 2000000 find-or-put operations with random values from [0,...,166399999]
46/128 - Finds: 1015063 (0.507532), Inserts: 984937 (0.492468), Errors: 0 (0)
46/128 - Execution time: 10.384 seconds
46/128 - Throughput: 192603 ops/sec
93/128 - Performed a throughput benchmark:
93/128 - Performed 2000000 find-or-put operations with random values from [0,...,166399999]
93/128 - Finds: 1015101 (0.507551), Inserts: 984899 (0.492449), Errors: 0 (0)
93/128 - Execution time: 10.4423 seconds
93/128 - Throughput: 191529 ops/sec
94/128 - Performed a throughput benchmark:
94/128 - Performed 2000000 find-or-put operations with random values from [0,...,166399999]
94/128 - Finds: 1013664 (0.506832), Inserts: 986336 (0.493168), Errors: 0 (0)
94/128 - Execution time: 10.4012 seconds
94/128 - Throughput: 192285 ops/sec
76/128 - Performed a throughput benchmark:
76/128 - Performed 2000000 find-or-put operations with random values from [0,...,166399999]
76/128 - Finds: 1009731 (0.504865), Inserts: 990269 (0.495134), Errors: 0 (0)
76/128 - Execution time: 10.3448 seconds
76/128 - Throughput: 193333 ops/sec
91/128 - Performed a throughput benchmark:
91/128 - Performed 2000000 find-or-put operations with random values from [0,...,166399999]
91/128 - Finds: 1016841 (0.508421), Inserts: 983159 (0.49158), Errors: 0 (0)
91/128 - Execution time: 10.445 seconds
91/128 - Throughput: 191480 ops/sec
24/128 - Performed a throughput benchmark:
24/128 - Performed 2000000 find-or-put operations with random values from [0,...,166399999]
24/128 - Finds: 1011085 (0.505543), Inserts: 988915 (0.494457), Errors: 0 (0)
24/128 - Execution time: 10.3664 seconds
24/128 - Throughput: 192931 ops/sec
47/128 - Performed a throughput benchmark:
47/128 - Performed 2000000 find-or-put operations with random values from [0,...,166399999]
47/128 - Finds: 1018372 (0.509186), Inserts: 981628 (0.490814), Errors: 0 (0)
47/128 - Execution time: 10.4416 seconds
47/128 - Throughput: 191542 ops/sec
27/128 - Performed a throughput benchmark:
27/128 - Performed 2000000 find-or-put operations with random values from [0,...,166399999]
27/128 - Finds: 1010691 (0.505346), Inserts: 989309 (0.494654), Errors: 0 (0)
27/128 - Execution time: 10.3862 seconds
27/128 - Throughput: 192563 ops/sec
30/128 - Performed a throughput benchmark:
30/128 - Performed 2000000 find-or-put operations with random values from [0,...,166399999]
30/128 - Finds: 1021229 (0.510614), Inserts: 978771 (0.489385), Errors: 0 (0)
30/128 - Execution time: 10.4987 seconds
30/128 - Throughput: 190501 ops/sec
31/128 - Performed a throughput benchmark:
31/128 - Performed 2000000 find-or-put operations with random values from [0,...,166399999]
31/128 - Finds: 1022728 (0.511364), Inserts: 977272 (0.488636), Errors: 0 (0)
31/128 - Execution time: 10.5144 seconds
31/128 - Throughput: 190216 ops/sec
[1441195553.289498] [node008:1277 :0]         sys.c:719  MXM  WARN  Conflicting CPU frequencies detected, using: 1539.66
