upcrun: WARNING: Given options request 1 nodes for 1 processes, 
upcrun: WARNING: but there is no setting for 'smp_spawn_nodes'.
upcrun: WARNING: Will use setting for 'smp_spawn' instead.
upcrun: WARNING: THREAD LAYOUT MIGHT NOT MATCH YOUR REQUEST.
UPCR: UPC threads 0..3 of 4 on node008 (pshm node 0 of 1, process 0 of 1, pid=14991)
0/4 - htable initialized
0/4 - table size: 4294967296 bytes (4096 MB)
0/4 - total number of buckets: 536870912
0/4 - block size: 1073741824 (1024 MB)
0/4 - number of buckets in block: 134217728
0/4 - number of blocks: 4
2/4 - Performed a throughput benchmark:
2/4 - Performed 2000000 find-or-put operations with random values from [0,...,5199999]
2/4 - Finds: 954533 (0.477266), Inserts: 1045467 (0.522733), Errors: 0 (0)
2/4 - Execution time: 0.004294 seconds
2/4 - Throughput: 4.65766E+08 ops/sec
0/4 - Performed a throughput benchmark:
0/4 - Performed 2000000 find-or-put operations with random values from [0,...,5199999]
0/4 - Finds: 986459 (0.493229), Inserts: 1013541 (0.506771), Errors: 0 (0)
0/4 - Execution time: 0.004508 seconds
0/4 - Throughput: 4.43656E+08 ops/sec
1/4 - Performed a throughput benchmark:
1/4 - Performed 2000000 find-or-put operations with random values from [0,...,5199999]
1/4 - Finds: 988079 (0.49404), Inserts: 1011921 (0.505961), Errors: 0 (0)
1/4 - Execution time: 0.004551 seconds
1/4 - Throughput: 4.39464E+08 ops/sec
3/4 - Performed a throughput benchmark:
3/4 - Performed 2000000 find-or-put operations with random values from [0,...,5199999]
3/4 - Finds: 986387 (0.493194), Inserts: 1013613 (0.506807), Errors: 0 (0)
3/4 - Execution time: 0.004786 seconds
3/4 - Throughput: 4.17885E+08 ops/sec
