upcrun: WARNING: Given options request 1 nodes for 1 processes, 
upcrun: WARNING: but there is no setting for 'smp_spawn_nodes'.
upcrun: WARNING: Will use setting for 'smp_spawn' instead.
upcrun: WARNING: THREAD LAYOUT MIGHT NOT MATCH YOUR REQUEST.
UPCR: UPC threads 0..15 of 16 on node008 (pshm node 0 of 1, process 0 of 1, pid=15183)
0/16 - htable initialized
0/16 - table size: 17179869184 bytes (16384 MB)
0/16 - total number of buckets: 2147483648
0/16 - block size: 1073741824 (1024 MB)
0/16 - number of buckets in block: 134217728
0/16 - number of blocks: 16
0/16 - Performed a throughput benchmark:
0/16 - Performed 2000000 find-or-put operations with random values from [0,...,20799999]
0/16 - Finds: 939923 (0.469961), Inserts: 1060077 (0.530038), Errors: 0 (0)
0/16 - Execution time: 1.19626 seconds
0/16 - Throughput: 1.67188E+06 ops/sec
14/16 - Performed a throughput benchmark:
14/16 - Performed 2000000 find-or-put operations with random values from [0,...,20799999]
14/16 - Finds: 956131 (0.478065), Inserts: 1043869 (0.521934), Errors: 0 (0)
14/16 - Execution time: 1.25056 seconds
14/16 - Throughput: 1.59929E+06 ops/sec
1/16 - Performed a throughput benchmark:
1/16 - Performed 2000000 find-or-put operations with random values from [0,...,20799999]
1/16 - Finds: 982195 (0.491098), Inserts: 1017805 (0.508903), Errors: 0 (0)
1/16 - Execution time: 1.33139 seconds
1/16 - Throughput: 1.50218E+06 ops/sec
6/16 - Performed a throughput benchmark:
6/16 - Performed 2000000 find-or-put operations with random values from [0,...,20799999]
6/16 - Finds: 982503 (0.491252), Inserts: 1017497 (0.508749), Errors: 0 (0)
6/16 - Execution time: 1.33164 seconds
6/16 - Throughput: 1.50191E+06 ops/sec
3/16 - Performed a throughput benchmark:
3/16 - Performed 2000000 find-or-put operations with random values from [0,...,20799999]
3/16 - Finds: 982275 (0.491138), Inserts: 1017725 (0.508862), Errors: 0 (0)
3/16 - Execution time: 1.33453 seconds
3/16 - Throughput: 1.49866E+06 ops/sec
5/16 - Performed a throughput benchmark:
5/16 - Performed 2000000 find-or-put operations with random values from [0,...,20799999]
5/16 - Finds: 984225 (0.492113), Inserts: 1015775 (0.507888), Errors: 0 (0)
5/16 - Execution time: 1.3354 seconds
5/16 - Throughput: 1.49768E+06 ops/sec
4/16 - Performed a throughput benchmark:
4/16 - Performed 2000000 find-or-put operations with random values from [0,...,20799999]
4/16 - Finds: 982042 (0.491021), Inserts: 1017958 (0.508979), Errors: 0 (0)
4/16 - Execution time: 1.33602 seconds
4/16 - Throughput: 1.49699E+06 ops/sec
2/16 - Performed a throughput benchmark:
2/16 - Performed 2000000 find-or-put operations with random values from [0,...,20799999]
2/16 - Finds: 984325 (0.492163), Inserts: 1015675 (0.507838), Errors: 0 (0)
2/16 - Execution time: 1.33532 seconds
2/16 - Throughput: 1.49777E+06 ops/sec
7/16 - Performed a throughput benchmark:
7/16 - Performed 2000000 find-or-put operations with random values from [0,...,20799999]
7/16 - Finds: 984689 (0.492345), Inserts: 1015311 (0.507656), Errors: 0 (0)
7/16 - Execution time: 1.33845 seconds
7/16 - Throughput: 1.49426E+06 ops/sec
9/16 - Performed a throughput benchmark:
9/16 - Performed 2000000 find-or-put operations with random values from [0,...,20799999]
9/16 - Finds: 982550 (0.491275), Inserts: 1017450 (0.508725), Errors: 0 (0)
9/16 - Execution time: 1.34879 seconds
9/16 - Throughput: 1.48281E+06 ops/sec
11/16 - Performed a throughput benchmark:
11/16 - Performed 2000000 find-or-put operations with random values from [0,...,20799999]
11/16 - Finds: 983163 (0.491582), Inserts: 1016837 (0.508418), Errors: 0 (0)
11/16 - Execution time: 1.35196 seconds
11/16 - Throughput: 1.47933E+06 ops/sec
10/16 - Performed a throughput benchmark:
10/16 - Performed 2000000 find-or-put operations with random values from [0,...,20799999]
10/16 - Finds: 984287 (0.492144), Inserts: 1015713 (0.507857), Errors: 0 (0)
10/16 - Execution time: 1.35116 seconds
10/16 - Throughput: 1.48022E+06 ops/sec
12/16 - Performed a throughput benchmark:
12/16 - Performed 2000000 find-or-put operations with random values from [0,...,20799999]
12/16 - Finds: 983864 (0.491932), Inserts: 1016136 (0.508068), Errors: 0 (0)
12/16 - Execution time: 1.35213 seconds
12/16 - Throughput: 1.47915E+06 ops/sec
13/16 - Performed a throughput benchmark:
13/16 - Performed 2000000 find-or-put operations with random values from [0,...,20799999]
13/16 - Finds: 984797 (0.492399), Inserts: 1015203 (0.507602), Errors: 0 (0)
13/16 - Execution time: 1.35331 seconds
13/16 - Throughput: 1.47786E+06 ops/sec
15/16 - Performed a throughput benchmark:
15/16 - Performed 2000000 find-or-put operations with random values from [0,...,20799999]
15/16 - Finds: 984239 (0.492119), Inserts: 1015761 (0.50788), Errors: 0 (0)
15/16 - Execution time: 1.35407 seconds
15/16 - Throughput: 1.47702E+06 ops/sec
8/16 - Performed a throughput benchmark:
8/16 - Performed 2000000 find-or-put operations with random values from [0,...,20799999]
8/16 - Finds: 984945 (0.492472), Inserts: 1015055 (0.507528), Errors: 0 (0)
8/16 - Execution time: 1.35166 seconds
8/16 - Throughput: 1.47966E+06 ops/sec
