[1447500694.916909] [node008:9930 :0]         sys.c:719  MXM  WARN  Conflicting CPU frequencies detected, using: 3200.16
[1447500694.922695] [node008:9930 :0]         mxm.c:185  MXM  WARN  The 'ulimit -s' on the system is set to 'unlimited'. This may have negative performance implications. Please set the heap size to the default value (10240) 
UPCR: UPC threads 0..1 of 2 on node008 (pshm node 0 of 1, process 0 of 1, pid=9930)
0/2 - htable initialized
0/2 - table size: 2147483648 bytes (2048 MB)
0/2 - total number of buckets: 268435456
0/2 - block size: 1073741824 (1024 MB)
0/2 - number of buckets in block: 134217728
0/2 - number of blocks: 2
1/2 - Performed a throughput benchmark:
1/2 - Performed 2000000 find-or-put operations with random values from [0,...,799999]
1/2 - Finds: 1595186 (0.797593), Inserts: 404814 (0.202407), Errors: 0 (0)
1/2 - Execution time: 0.00911 seconds
1/2 - Throughput: 2.19539E+08 ops/sec
0/2 - Performed a throughput benchmark:
0/2 - Performed 2000000 find-or-put operations with random values from [0,...,799999]
0/2 - Finds: 1610195 (0.805098), Inserts: 389805 (0.194903), Errors: 0 (0)
0/2 - Execution time: 0.009049 seconds
0/2 - Throughput: 2.21019E+08 ops/sec
[1447500694.902460] [node008:9884 :0]         sys.c:719  MXM  WARN  Conflicting CPU frequencies detected, using: 3200.16
