[1447494468.176687] [node008:27400:0]         sys.c:719  MXM  WARN  Conflicting CPU frequencies detected, using: 2380.78
[1447494468.239620] [node008:27400:0]         mxm.c:185  MXM  WARN  The 'ulimit -s' on the system is set to 'unlimited'. This may have negative performance implications. Please set the heap size to the default value (10240) 
[1447494468.176868] [node008:27405:0]         sys.c:719  MXM  WARN  Conflicting CPU frequencies detected, using: 2380.78
[1447494468.245319] [node008:27405:0]         mxm.c:185  MXM  WARN  The 'ulimit -s' on the system is set to 'unlimited'. This may have negative performance implications. Please set the heap size to the default value (10240) 
[1447494468.175422] [node008:27398:0]         sys.c:719  MXM  WARN  Conflicting CPU frequencies detected, using: 2380.78
[1447494468.215936] [node008:27398:0]         mxm.c:185  MXM  WARN  The 'ulimit -s' on the system is set to 'unlimited'. This may have negative performance implications. Please set the heap size to the default value (10240) 
[1447494468.176028] [node008:27399:0]         sys.c:719  MXM  WARN  Conflicting CPU frequencies detected, using: 2380.78
[1447494468.223704] [node008:27399:0]         mxm.c:185  MXM  WARN  The 'ulimit -s' on the system is set to 'unlimited'. This may have negative performance implications. Please set the heap size to the default value (10240) 
[1447494468.175643] [node008:27401:0]         sys.c:719  MXM  WARN  Conflicting CPU frequencies detected, using: 2380.78
[1447494468.221448] [node008:27401:0]         mxm.c:185  MXM  WARN  The 'ulimit -s' on the system is set to 'unlimited'. This may have negative performance implications. Please set the heap size to the default value (10240) 
[1447494468.176566] [node008:27404:0]         sys.c:719  MXM  WARN  Conflicting CPU frequencies detected, using: 2380.78
[1447494468.233523] [node008:27404:0]         mxm.c:185  MXM  WARN  The 'ulimit -s' on the system is set to 'unlimited'. This may have negative performance implications. Please set the heap size to the default value (10240) 
[1447494468.176756] [node008:27402:0]         sys.c:719  MXM  WARN  Conflicting CPU frequencies detected, using: 2380.78
[1447494468.235327] [node008:27402:0]         mxm.c:185  MXM  WARN  The 'ulimit -s' on the system is set to 'unlimited'. This may have negative performance implications. Please set the heap size to the default value (10240) 
[1447494468.177039] [node008:27403:0]         sys.c:719  MXM  WARN  Conflicting CPU frequencies detected, using: 2380.78
[1447494468.243556] [node008:27403:0]         mxm.c:185  MXM  WARN  The 'ulimit -s' on the system is set to 'unlimited'. This may have negative performance implications. Please set the heap size to the default value (10240) 
[1447494468.572171] [node009:7507 :0]         sys.c:719  MXM  WARN  Conflicting CPU frequencies detected, using: 2400.00
[1447494468.577287] [node009:7507 :0]         mxm.c:185  MXM  WARN  The 'ulimit -s' on the system is set to 'unlimited'. This may have negative performance implications. Please set the heap size to the default value (10240) 
[1447494468.587151] [node009:7515 :0]         sys.c:719  MXM  WARN  Conflicting CPU frequencies detected, using: 2400.00
[1447494468.592512] [node009:7515 :0]         mxm.c:185  MXM  WARN  The 'ulimit -s' on the system is set to 'unlimited'. This may have negative performance implications. Please set the heap size to the default value (10240) 
[1447494468.603475] [node009:7538 :0]         sys.c:719  MXM  WARN  Conflicting CPU frequencies detected, using: 2400.66
[1447494468.608676] [node009:7538 :0]         mxm.c:185  MXM  WARN  The 'ulimit -s' on the system is set to 'unlimited'. This may have negative performance implications. Please set the heap size to the default value (10240) 
[1447494468.601638] [node010:13581:0]         sys.c:719  MXM  WARN  Conflicting CPU frequencies detected, using: 1824.38
[1447494468.605865] [node010:13581:0]         mxm.c:185  MXM  WARN  The 'ulimit -s' on the system is set to 'unlimited'. This may have negative performance implications. Please set the heap size to the default value (10240) 
[1447494468.620187] [node009:7545 :0]         sys.c:719  MXM  WARN  Conflicting CPU frequencies detected, using: 2400.66
[1447494468.624984] [node009:7545 :0]         mxm.c:185  MXM  WARN  The 'ulimit -s' on the system is set to 'unlimited'. This may have negative performance implications. Please set the heap size to the default value (10240) 
[1447494468.618530] [node011:7560 :0]         sys.c:719  MXM  WARN  Conflicting CPU frequencies detected, using: 2399.91
[1447494468.624117] [node011:7560 :0]         mxm.c:185  MXM  WARN  The 'ulimit -s' on the system is set to 'unlimited'. This may have negative performance implications. Please set the heap size to the default value (10240) 
[1447494468.636795] [node011:7592 :0]         sys.c:719  MXM  WARN  Conflicting CPU frequencies detected, using: 2400.00
[1447494468.641945] [node011:7592 :0]         mxm.c:185  MXM  WARN  The 'ulimit -s' on the system is set to 'unlimited'. This may have negative performance implications. Please set the heap size to the default value (10240) 
[1447494468.627722] [node011:7559 :0]         sys.c:719  MXM  WARN  Conflicting CPU frequencies detected, using: 2400.00
[1447494468.636049] [node011:7559 :0]         mxm.c:185  MXM  WARN  The 'ulimit -s' on the system is set to 'unlimited'. This may have negative performance implications. Please set the heap size to the default value (10240) 
[1447494468.655337] [node009:7600 :0]         sys.c:719  MXM  WARN  Conflicting CPU frequencies detected, using: 2400.00
[1447494468.660087] [node009:7600 :0]         mxm.c:185  MXM  WARN  The 'ulimit -s' on the system is set to 'unlimited'. This may have negative performance implications. Please set the heap size to the default value (10240) 
[1447494468.684305] [node009:7660 :0]         sys.c:719  MXM  WARN  Conflicting CPU frequencies detected, using: 2400.00
[1447494468.689713] [node009:7660 :0]         mxm.c:185  MXM  WARN  The 'ulimit -s' on the system is set to 'unlimited'. This may have negative performance implications. Please set the heap size to the default value (10240) 
[1447494468.687655] [node009:7686 :0]         sys.c:719  MXM  WARN  Conflicting CPU frequencies detected, using: 2400.00
[1447494468.693128] [node009:7686 :0]         mxm.c:185  MXM  WARN  The 'ulimit -s' on the system is set to 'unlimited'. This may have negative performance implications. Please set the heap size to the default value (10240) 
[1447494468.687581] [node011:7661 :0]         sys.c:719  MXM  WARN  Conflicting CPU frequencies detected, using: 2400.00
[1447494468.693076] [node011:7661 :0]         mxm.c:185  MXM  WARN  The 'ulimit -s' on the system is set to 'unlimited'. This may have negative performance implications. Please set the heap size to the default value (10240) 
[1447494468.709631] [node009:7689 :0]         sys.c:719  MXM  WARN  Conflicting CPU frequencies detected, using: 2400.00
[1447494468.716933] [node009:7689 :0]         mxm.c:185  MXM  WARN  The 'ulimit -s' on the system is set to 'unlimited'. This may have negative performance implications. Please set the heap size to the default value (10240) 
[1447494468.727021] [node012:28596:0]         sys.c:719  MXM  WARN  Conflicting CPU frequencies detected, using: 2364.75
[1447494468.732912] [node012:28596:0]         mxm.c:185  MXM  WARN  The 'ulimit -s' on the system is set to 'unlimited'. This may have negative performance implications. Please set the heap size to the default value (10240) 
[1447494468.760504] [node010:13625:0]         sys.c:719  MXM  WARN  Conflicting CPU frequencies detected, using: 2400.00
[1447494468.763070] [node010:13625:0]         mxm.c:185  MXM  WARN  The 'ulimit -s' on the system is set to 'unlimited'. This may have negative performance implications. Please set the heap size to the default value (10240) 
[1447494468.758461] [node010:13624:0]         sys.c:719  MXM  WARN  Conflicting CPU frequencies detected, using: 2400.00
[1447494468.761856] [node010:13624:0]         mxm.c:185  MXM  WARN  The 'ulimit -s' on the system is set to 'unlimited'. This may have negative performance implications. Please set the heap size to the default value (10240) 
[1447494468.759070] [node010:13622:0]         sys.c:719  MXM  WARN  Conflicting CPU frequencies detected, using: 2400.00
[1447494468.762650] [node010:13622:0]         mxm.c:185  MXM  WARN  The 'ulimit -s' on the system is set to 'unlimited'. This may have negative performance implications. Please set the heap size to the default value (10240) 
[1447494468.766592] [node010:13623:0]         sys.c:719  MXM  WARN  Conflicting CPU frequencies detected, using: 2400.00
[1447494468.770730] [node010:13623:0]         mxm.c:185  MXM  WARN  The 'ulimit -s' on the system is set to 'unlimited'. This may have negative performance implications. Please set the heap size to the default value (10240) 
[1447494468.753325] [node013:23949:0]         sys.c:719  MXM  WARN  Conflicting CPU frequencies detected, using: 2361.66
[1447494468.759392] [node013:23949:0]         mxm.c:185  MXM  WARN  The 'ulimit -s' on the system is set to 'unlimited'. This may have negative performance implications. Please set the heap size to the default value (10240) 
[1447494468.763536] [node013:23948:0]         sys.c:719  MXM  WARN  Conflicting CPU frequencies detected, using: 2361.66
[1447494468.771409] [node013:23948:0]         mxm.c:185  MXM  WARN  The 'ulimit -s' on the system is set to 'unlimited'. This may have negative performance implications. Please set the heap size to the default value (10240) 
[1447494468.828823] [node010:13755:0]         sys.c:719  MXM  WARN  Conflicting CPU frequencies detected, using: 2400.00
[1447494468.832003] [node010:13755:0]         mxm.c:185  MXM  WARN  The 'ulimit -s' on the system is set to 'unlimited'. This may have negative performance implications. Please set the heap size to the default value (10240) 
[1447494468.849351] [node011:7713 :0]         sys.c:719  MXM  WARN  Conflicting CPU frequencies detected, using: 2107.78
[1447494468.855306] [node011:7713 :0]         mxm.c:185  MXM  WARN  The 'ulimit -s' on the system is set to 'unlimited'. This may have negative performance implications. Please set the heap size to the default value (10240) 
[1447494468.898458] [node012:28630:0]         sys.c:719  MXM  WARN  Conflicting CPU frequencies detected, using: 2354.53
[1447494468.904572] [node012:28630:0]         mxm.c:185  MXM  WARN  The 'ulimit -s' on the system is set to 'unlimited'. This may have negative performance implications. Please set the heap size to the default value (10240) 
[1447494469.012128] [node010:13825:0]         sys.c:719  MXM  WARN  Conflicting CPU frequencies detected, using: 2398.88
[1447494469.015307] [node010:13825:0]         mxm.c:185  MXM  WARN  The 'ulimit -s' on the system is set to 'unlimited'. This may have negative performance implications. Please set the heap size to the default value (10240) 
[1447494469.012558] [node011:7753 :0]         sys.c:719  MXM  WARN  Conflicting CPU frequencies detected, using: 1897.97
[1447494469.018559] [node011:7753 :0]         mxm.c:185  MXM  WARN  The 'ulimit -s' on the system is set to 'unlimited'. This may have negative performance implications. Please set the heap size to the default value (10240) 
[1447494469.056619] [node013:24027:0]         sys.c:719  MXM  WARN  Conflicting CPU frequencies detected, using: 2361.66
[1447494469.062514] [node013:24027:0]         mxm.c:185  MXM  WARN  The 'ulimit -s' on the system is set to 'unlimited'. This may have negative performance implications. Please set the heap size to the default value (10240) 
[1447494469.066709] [node016:1929 :0]         sys.c:719  MXM  WARN  Conflicting CPU frequencies detected, using: 2027.62
[1447494469.070699] [node016:1929 :0]         mxm.c:185  MXM  WARN  The 'ulimit -s' on the system is set to 'unlimited'. This may have negative performance implications. Please set the heap size to the default value (10240) 
[1447494469.236418] [node011:7799 :0]         sys.c:719  MXM  WARN  Conflicting CPU frequencies detected, using: 2389.12
[1447494469.242213] [node011:7799 :0]         mxm.c:185  MXM  WARN  The 'ulimit -s' on the system is set to 'unlimited'. This may have negative performance implications. Please set the heap size to the default value (10240) 
[1447494469.264906] [node011:7813 :0]         sys.c:719  MXM  WARN  Conflicting CPU frequencies detected, using: 2400.00
[1447494469.270834] [node011:7813 :0]         mxm.c:185  MXM  WARN  The 'ulimit -s' on the system is set to 'unlimited'. This may have negative performance implications. Please set the heap size to the default value (10240) 
[1447494469.270970] [node015:15896:0]         sys.c:719  MXM  WARN  Conflicting CPU frequencies detected, using: 2400.19
[1447494469.275998] [node015:15896:0]         mxm.c:185  MXM  WARN  The 'ulimit -s' on the system is set to 'unlimited'. This may have negative performance implications. Please set the heap size to the default value (10240) 
[1447494469.277383] [node010:13871:0]         sys.c:719  MXM  WARN  Conflicting CPU frequencies detected, using: 2396.72
[1447494469.281095] [node010:13871:0]         mxm.c:185  MXM  WARN  The 'ulimit -s' on the system is set to 'unlimited'. This may have negative performance implications. Please set the heap size to the default value (10240) 
[1447494469.278514] [node015:15895:0]         sys.c:719  MXM  WARN  Conflicting CPU frequencies detected, using: 2400.09
[1447494469.285614] [node015:15895:0]         mxm.c:185  MXM  WARN  The 'ulimit -s' on the system is set to 'unlimited'. This may have negative performance implications. Please set the heap size to the default value (10240) 
[1447494469.294141] [node016:1970 :0]         sys.c:719  MXM  WARN  Conflicting CPU frequencies detected, using: 2400.00
[1447494469.297636] [node016:1970 :0]         mxm.c:185  MXM  WARN  The 'ulimit -s' on the system is set to 'unlimited'. This may have negative performance implications. Please set the heap size to the default value (10240) 
[1447494469.281528] [node013:24067:0]         sys.c:719  MXM  WARN  Conflicting CPU frequencies detected, using: 2310.66
[1447494469.287123] [node013:24067:0]         mxm.c:185  MXM  WARN  The 'ulimit -s' on the system is set to 'unlimited'. This may have negative performance implications. Please set the heap size to the default value (10240) 
[1447494469.294487] [node014:9475 :0]         sys.c:719  MXM  WARN  Conflicting CPU frequencies detected, using: 2400.00
[1447494469.298424] [node014:9475 :0]         mxm.c:185  MXM  WARN  The 'ulimit -s' on the system is set to 'unlimited'. This may have negative performance implications. Please set the heap size to the default value (10240) 
[1447494469.285867] [node013:24078:0]         sys.c:719  MXM  WARN  Conflicting CPU frequencies detected, using: 2310.66
[1447494469.290645] [node013:24078:0]         mxm.c:185  MXM  WARN  The 'ulimit -s' on the system is set to 'unlimited'. This may have negative performance implications. Please set the heap size to the default value (10240) 
[1447494469.295866] [node014:9471 :0]         sys.c:719  MXM  WARN  Conflicting CPU frequencies detected, using: 2400.00
[1447494469.298878] [node014:9471 :0]         mxm.c:185  MXM  WARN  The 'ulimit -s' on the system is set to 'unlimited'. This may have negative performance implications. Please set the heap size to the default value (10240) 
[1447494469.303940] [node016:1985 :0]         sys.c:719  MXM  WARN  Conflicting CPU frequencies detected, using: 2400.00
[1447494469.306743] [node016:1985 :0]         mxm.c:185  MXM  WARN  The 'ulimit -s' on the system is set to 'unlimited'. This may have negative performance implications. Please set the heap size to the default value (10240) 
[1447494469.280062] [node012:28687:0]         sys.c:719  MXM  WARN  Conflicting CPU frequencies detected, using: 2400.00
[1447494469.286929] [node012:28687:0]         mxm.c:185  MXM  WARN  The 'ulimit -s' on the system is set to 'unlimited'. This may have negative performance implications. Please set the heap size to the default value (10240) 
[1447494469.282409] [node012:28677:0]         sys.c:719  MXM  WARN  Conflicting CPU frequencies detected, using: 2400.00
[1447494469.289027] [node012:28677:0]         mxm.c:185  MXM  WARN  The 'ulimit -s' on the system is set to 'unlimited'. This may have negative performance implications. Please set the heap size to the default value (10240) 
[1447494469.302955] [node016:1986 :0]         sys.c:719  MXM  WARN  Conflicting CPU frequencies detected, using: 2400.00
[1447494469.306943] [node016:1986 :0]         mxm.c:185  MXM  WARN  The 'ulimit -s' on the system is set to 'unlimited'. This may have negative performance implications. Please set the heap size to the default value (10240) 
[1447494469.304686] [node016:1988 :0]         sys.c:719  MXM  WARN  Conflicting CPU frequencies detected, using: 2400.00
[1447494469.307938] [node016:1988 :0]         mxm.c:185  MXM  WARN  The 'ulimit -s' on the system is set to 'unlimited'. This may have negative performance implications. Please set the heap size to the default value (10240) 
[1447494469.310777] [node016:1969 :0]         sys.c:719  MXM  WARN  Conflicting CPU frequencies detected, using: 2400.00
[1447494469.314439] [node016:1969 :0]         mxm.c:185  MXM  WARN  The 'ulimit -s' on the system is set to 'unlimited'. This may have negative performance implications. Please set the heap size to the default value (10240) 
[1447494469.301110] [node017:32124:0]         sys.c:719  MXM  WARN  Conflicting CPU frequencies detected, using: 2400.47
[1447494469.306954] [node017:32124:0]         mxm.c:185  MXM  WARN  The 'ulimit -s' on the system is set to 'unlimited'. This may have negative performance implications. Please set the heap size to the default value (10240) 
[1447494469.313781] [node014:9488 :0]         sys.c:719  MXM  WARN  Conflicting CPU frequencies detected, using: 2400.00
[1447494469.317688] [node014:9488 :0]         mxm.c:185  MXM  WARN  The 'ulimit -s' on the system is set to 'unlimited'. This may have negative performance implications. Please set the heap size to the default value (10240) 
[1447494469.305419] [node017:32142:0]         sys.c:719  MXM  WARN  Conflicting CPU frequencies detected, using: 2400.47
[1447494469.310550] [node017:32142:0]         mxm.c:185  MXM  WARN  The 'ulimit -s' on the system is set to 'unlimited'. This may have negative performance implications. Please set the heap size to the default value (10240) 
[1447494469.292593] [node012:28682:0]         sys.c:719  MXM  WARN  Conflicting CPU frequencies detected, using: 2399.91
[1447494469.301324] [node012:28682:0]         mxm.c:185  MXM  WARN  The 'ulimit -s' on the system is set to 'unlimited'. This may have negative performance implications. Please set the heap size to the default value (10240) 
[1447494469.315998] [node019:23321:0]         sys.c:719  MXM  WARN  Conflicting CPU frequencies detected, using: 2400.00
[1447494469.318675] [node019:23321:0]         mxm.c:185  MXM  WARN  The 'ulimit -s' on the system is set to 'unlimited'. This may have negative performance implications. Please set the heap size to the default value (10240) 
[1447494469.310835] [node016:1981 :0]         sys.c:719  MXM  WARN  Conflicting CPU frequencies detected, using: 2400.00
[1447494469.316159] [node016:1981 :0]         mxm.c:185  MXM  WARN  The 'ulimit -s' on the system is set to 'unlimited'. This may have negative performance implications. Please set the heap size to the default value (10240) 
[1447494469.316200] [node019:23294:0]         sys.c:719  MXM  WARN  Conflicting CPU frequencies detected, using: 2400.00
[1447494469.319696] [node019:23294:0]         mxm.c:185  MXM  WARN  The 'ulimit -s' on the system is set to 'unlimited'. This may have negative performance implications. Please set the heap size to the default value (10240) 
[1447494469.308795] [node020:13346:0]         sys.c:719  MXM  WARN  Conflicting CPU frequencies detected, using: 2612.72
[1447494469.314164] [node020:13346:0]         mxm.c:185  MXM  WARN  The 'ulimit -s' on the system is set to 'unlimited'. This may have negative performance implications. Please set the heap size to the default value (10240) 
[1447494469.311745] [node014:9492 :0]         sys.c:719  MXM  WARN  Conflicting CPU frequencies detected, using: 2400.00
[1447494469.315505] [node014:9492 :0]         mxm.c:185  MXM  WARN  The 'ulimit -s' on the system is set to 'unlimited'. This may have negative performance implications. Please set the heap size to the default value (10240) 
[1447494469.314835] [node019:23289:0]         sys.c:719  MXM  WARN  Conflicting CPU frequencies detected, using: 2400.00
[1447494469.317569] [node019:23289:0]         mxm.c:185  MXM  WARN  The 'ulimit -s' on the system is set to 'unlimited'. This may have negative performance implications. Please set the heap size to the default value (10240) 
[1447494469.316683] [node014:9486 :0]         sys.c:719  MXM  WARN  Conflicting CPU frequencies detected, using: 2400.00
[1447494469.320031] [node014:9486 :0]         mxm.c:185  MXM  WARN  The 'ulimit -s' on the system is set to 'unlimited'. This may have negative performance implications. Please set the heap size to the default value (10240) 
[1447494469.316639] [node019:23291:0]         sys.c:719  MXM  WARN  Conflicting CPU frequencies detected, using: 2400.00
[1447494469.319941] [node019:23291:0]         mxm.c:185  MXM  WARN  The 'ulimit -s' on the system is set to 'unlimited'. This may have negative performance implications. Please set the heap size to the default value (10240) 
[1447494469.294743] [node015:15910:0]         sys.c:719  MXM  WARN  Conflicting CPU frequencies detected, using: 2400.00
[1447494469.305353] [node015:15910:0]         mxm.c:185  MXM  WARN  The 'ulimit -s' on the system is set to 'unlimited'. This may have negative performance implications. Please set the heap size to the default value (10240) 
[1447494469.295613] [node015:15936:0]         sys.c:719  MXM  WARN  Conflicting CPU frequencies detected, using: 2400.00
[1447494469.307835] [node015:15936:0]         mxm.c:185  MXM  WARN  The 'ulimit -s' on the system is set to 'unlimited'. This may have negative performance implications. Please set the heap size to the default value (10240) 
[1447494469.323230] [node021:706  :0]         sys.c:719  MXM  WARN  Conflicting CPU frequencies detected, using: 2400.00
[1447494469.326014] [node021:706  :0]         mxm.c:185  MXM  WARN  The 'ulimit -s' on the system is set to 'unlimited'. This may have negative performance implications. Please set the heap size to the default value (10240) 
[1447494469.308029] [node017:32122:0]         sys.c:719  MXM  WARN  Conflicting CPU frequencies detected, using: 2400.47
[1447494469.316474] [node017:32122:0]         mxm.c:185  MXM  WARN  The 'ulimit -s' on the system is set to 'unlimited'. This may have negative performance implications. Please set the heap size to the default value (10240) 
[1447494469.326279] [node014:9489 :0]         sys.c:719  MXM  WARN  Conflicting CPU frequencies detected, using: 2400.00
[1447494469.329043] [node014:9489 :0]         mxm.c:185  MXM  WARN  The 'ulimit -s' on the system is set to 'unlimited'. This may have negative performance implications. Please set the heap size to the default value (10240) 
[1447494469.303885] [node018:20672:0]         sys.c:719  MXM  WARN  Conflicting CPU frequencies detected, using: 2723.62
[1447494469.311030] [node018:20672:0]         mxm.c:185  MXM  WARN  The 'ulimit -s' on the system is set to 'unlimited'. This may have negative performance implications. Please set the heap size to the default value (10240) 
[1447494469.328693] [node019:23293:0]         sys.c:719  MXM  WARN  Conflicting CPU frequencies detected, using: 2400.00
[1447494469.331735] [node019:23293:0]         mxm.c:185  MXM  WARN  The 'ulimit -s' on the system is set to 'unlimited'. This may have negative performance implications. Please set the heap size to the default value (10240) 
[1447494469.300445] [node012:28685:0]         sys.c:719  MXM  WARN  Conflicting CPU frequencies detected, using: 2399.91
[1447494469.309401] [node012:28685:0]         mxm.c:185  MXM  WARN  The 'ulimit -s' on the system is set to 'unlimited'. This may have negative performance implications. Please set the heap size to the default value (10240) 
[1447494469.297340] [node015:15925:0]         sys.c:719  MXM  WARN  Conflicting CPU frequencies detected, using: 2400.00
[1447494469.308613] [node015:15925:0]         mxm.c:185  MXM  WARN  The 'ulimit -s' on the system is set to 'unlimited'. This may have negative performance implications. Please set the heap size to the default value (10240) 
[1447494469.320927] [node021:679  :0]         sys.c:719  MXM  WARN  Conflicting CPU frequencies detected, using: 2400.00
[1447494469.324875] [node021:679  :0]         mxm.c:185  MXM  WARN  The 'ulimit -s' on the system is set to 'unlimited'. This may have negative performance implications. Please set the heap size to the default value (10240) 
[1447494469.297094] [node013:24073:0]         sys.c:719  MXM  WARN  Conflicting CPU frequencies detected, using: 2395.59
[1447494469.306726] [node013:24073:0]         mxm.c:185  MXM  WARN  The 'ulimit -s' on the system is set to 'unlimited'. This may have negative performance implications. Please set the heap size to the default value (10240) 
[1447494469.306754] [node012:28689:0]         sys.c:719  MXM  WARN  Conflicting CPU frequencies detected, using: 2400.19
[1447494469.315142] [node012:28689:0]         mxm.c:185  MXM  WARN  The 'ulimit -s' on the system is set to 'unlimited'. This may have negative performance implications. Please set the heap size to the default value (10240) 
[1447494469.333404] [node014:9491 :0]         sys.c:719  MXM  WARN  Conflicting CPU frequencies detected, using: 2400.00
[1447494469.336042] [node014:9491 :0]         mxm.c:185  MXM  WARN  The 'ulimit -s' on the system is set to 'unlimited'. This may have negative performance implications. Please set the heap size to the default value (10240) 
[1447494469.299555] [node012:28686:0]         sys.c:719  MXM  WARN  Conflicting CPU frequencies detected, using: 2399.91
[1447494469.308466] [node012:28686:0]         mxm.c:185  MXM  WARN  The 'ulimit -s' on the system is set to 'unlimited'. This may have negative performance implications. Please set the heap size to the default value (10240) 
[1447494469.297253] [node013:24077:0]         sys.c:719  MXM  WARN  Conflicting CPU frequencies detected, using: 2395.59
[1447494469.307438] [node013:24077:0]         mxm.c:185  MXM  WARN  The 'ulimit -s' on the system is set to 'unlimited'. This may have negative performance implications. Please set the heap size to the default value (10240) 
[1447494469.334468] [node021:678  :0]         sys.c:719  MXM  WARN  Conflicting CPU frequencies detected, using: 2400.00
[1447494469.337015] [node021:678  :0]         mxm.c:185  MXM  WARN  The 'ulimit -s' on the system is set to 'unlimited'. This may have negative performance implications. Please set the heap size to the default value (10240) 
[1447494469.333672] [node021:677  :0]         sys.c:719  MXM  WARN  Conflicting CPU frequencies detected, using: 2400.00
[1447494469.336505] [node021:677  :0]         mxm.c:185  MXM  WARN  The 'ulimit -s' on the system is set to 'unlimited'. This may have negative performance implications. Please set the heap size to the default value (10240) 
[1447494469.299474] [node015:15934:0]         sys.c:719  MXM  WARN  Conflicting CPU frequencies detected, using: 2400.00
[1447494469.314534] [node015:15934:0]         mxm.c:185  MXM  WARN  The 'ulimit -s' on the system is set to 'unlimited'. This may have negative performance implications. Please set the heap size to the default value (10240) 
[1447494469.334931] [node016:1982 :0]         sys.c:719  MXM  WARN  Conflicting CPU frequencies detected, using: 2400.00
[1447494469.338913] [node016:1982 :0]         mxm.c:185  MXM  WARN  The 'ulimit -s' on the system is set to 'unlimited'. This may have negative performance implications. Please set the heap size to the default value (10240) 
[1447494469.322955] [node019:23323:0]         sys.c:719  MXM  WARN  Conflicting CPU frequencies detected, using: 2400.00
[1447494469.328949] [node019:23323:0]         mxm.c:185  MXM  WARN  The 'ulimit -s' on the system is set to 'unlimited'. This may have negative performance implications. Please set the heap size to the default value (10240) 
[1447494469.297692] [node013:24076:0]         sys.c:719  MXM  WARN  Conflicting CPU frequencies detected, using: 2395.59
[1447494469.308233] [node013:24076:0]         mxm.c:185  MXM  WARN  The 'ulimit -s' on the system is set to 'unlimited'. This may have negative performance implications. Please set the heap size to the default value (10240) 
[1447494469.307682] [node018:20683:0]         sys.c:719  MXM  WARN  Conflicting CPU frequencies detected, using: 2723.62
[1447494469.316657] [node018:20683:0]         mxm.c:185  MXM  WARN  The 'ulimit -s' on the system is set to 'unlimited'. This may have negative performance implications. Please set the heap size to the default value (10240) 
[1447494469.325507] [node021:680  :0]         sys.c:719  MXM  WARN  Conflicting CPU frequencies detected, using: 2400.00
[1447494469.329052] [node021:680  :0]         mxm.c:185  MXM  WARN  The 'ulimit -s' on the system is set to 'unlimited'. This may have negative performance implications. Please set the heap size to the default value (10240) 
[1447494469.332621] [node014:9487 :0]         sys.c:719  MXM  WARN  Conflicting CPU frequencies detected, using: 2400.00
[1447494469.336001] [node014:9487 :0]         mxm.c:185  MXM  WARN  The 'ulimit -s' on the system is set to 'unlimited'. This may have negative performance implications. Please set the heap size to the default value (10240) 
[1447494469.321319] [node022:9352 :0]         sys.c:719  MXM  WARN  Conflicting CPU frequencies detected, using: 2400.19
[1447494469.327997] [node022:9352 :0]         mxm.c:185  MXM  WARN  The 'ulimit -s' on the system is set to 'unlimited'. This may have negative performance implications. Please set the heap size to the default value (10240) 
[1447494469.326545] [node021:696  :0]         sys.c:719  MXM  WARN  Conflicting CPU frequencies detected, using: 2400.00
[1447494469.330444] [node021:696  :0]         mxm.c:185  MXM  WARN  The 'ulimit -s' on the system is set to 'unlimited'. This may have negative performance implications. Please set the heap size to the default value (10240) 
[1447494469.314713] [node020:13351:0]         sys.c:719  MXM  WARN  Conflicting CPU frequencies detected, using: 2612.72
[1447494469.321948] [node020:13351:0]         mxm.c:185  MXM  WARN  The 'ulimit -s' on the system is set to 'unlimited'. This may have negative performance implications. Please set the heap size to the default value (10240) 
[1447494469.318774] [node020:13361:0]         sys.c:719  MXM  WARN  Conflicting CPU frequencies detected, using: 2612.72
[1447494469.328487] [node020:13361:0]         mxm.c:185  MXM  WARN  The 'ulimit -s' on the system is set to 'unlimited'. This may have negative performance implications. Please set the heap size to the default value (10240) 
[1447494469.308710] [node018:20690:0]         sys.c:719  MXM  WARN  Conflicting CPU frequencies detected, using: 2632.03
[1447494469.322579] [node018:20690:0]         mxm.c:185  MXM  WARN  The 'ulimit -s' on the system is set to 'unlimited'. This may have negative performance implications. Please set the heap size to the default value (10240) 
[1447494469.320366] [node020:13355:0]         sys.c:719  MXM  WARN  Conflicting CPU frequencies detected, using: 2612.72
[1447494469.331799] [node020:13355:0]         mxm.c:185  MXM  WARN  The 'ulimit -s' on the system is set to 'unlimited'. This may have negative performance implications. Please set the heap size to the default value (10240) 
[1447494469.346494] [node019:23292:0]         sys.c:719  MXM  WARN  Conflicting CPU frequencies detected, using: 2400.09
[1447494469.349211] [node019:23292:0]         mxm.c:185  MXM  WARN  The 'ulimit -s' on the system is set to 'unlimited'. This may have negative performance implications. Please set the heap size to the default value (10240) 
[1447494469.337418] [node021:705  :0]         sys.c:719  MXM  WARN  Conflicting CPU frequencies detected, using: 2400.00
[1447494469.340728] [node021:705  :0]         mxm.c:185  MXM  WARN  The 'ulimit -s' on the system is set to 'unlimited'. This may have negative performance implications. Please set the heap size to the default value (10240) 
[1447494469.321773] [node015:15915:0]         sys.c:719  MXM  WARN  Conflicting CPU frequencies detected, using: 2400.00
[1447494469.329773] [node015:15915:0]         mxm.c:185  MXM  WARN  The 'ulimit -s' on the system is set to 'unlimited'. This may have negative performance implications. Please set the heap size to the default value (10240) 
[1447494469.343725] [node021:707  :0]         sys.c:719  MXM  WARN  Conflicting CPU frequencies detected, using: 2400.00
[1447494469.347050] [node021:707  :0]         mxm.c:185  MXM  WARN  The 'ulimit -s' on the system is set to 'unlimited'. This may have negative performance implications. Please set the heap size to the default value (10240) 
[1447494469.334646] [node019:23290:0]         sys.c:719  MXM  WARN  Conflicting CPU frequencies detected, using: 2400.00
[1447494469.339917] [node019:23290:0]         mxm.c:185  MXM  WARN  The 'ulimit -s' on the system is set to 'unlimited'. This may have negative performance implications. Please set the heap size to the default value (10240) 
[1447494469.327255] [node022:9358 :0]         sys.c:719  MXM  WARN  Conflicting CPU frequencies detected, using: 2400.00
[1447494469.335724] [node022:9358 :0]         mxm.c:185  MXM  WARN  The 'ulimit -s' on the system is set to 'unlimited'. This may have negative performance implications. Please set the heap size to the default value (10240) 
[1447494469.317964] [node015:15933:0]         sys.c:719  MXM  WARN  Conflicting CPU frequencies detected, using: 2400.00
[1447494469.326917] [node015:15933:0]         mxm.c:185  MXM  WARN  The 'ulimit -s' on the system is set to 'unlimited'. This may have negative performance implications. Please set the heap size to the default value (10240) 
[1447494469.326646] [node022:9359 :0]         sys.c:719  MXM  WARN  Conflicting CPU frequencies detected, using: 2400.00
[1447494469.334989] [node022:9359 :0]         mxm.c:185  MXM  WARN  The 'ulimit -s' on the system is set to 'unlimited'. This may have negative performance implications. Please set the heap size to the default value (10240) 
[1447494469.317823] [node020:13352:0]         sys.c:719  MXM  WARN  Conflicting CPU frequencies detected, using: 2612.72
[1447494469.333445] [node020:13352:0]         mxm.c:185  MXM  WARN  The 'ulimit -s' on the system is set to 'unlimited'. This may have negative performance implications. Please set the heap size to the default value (10240) 
[1447494469.311612] [node017:32141:0]         sys.c:719  MXM  WARN  Conflicting CPU frequencies detected, using: 2400.47
[1447494469.323005] [node017:32141:0]         mxm.c:185  MXM  WARN  The 'ulimit -s' on the system is set to 'unlimited'. This may have negative performance implications. Please set the heap size to the default value (10240) 
[1447494469.314148] [node018:20682:0]         sys.c:719  MXM  WARN  Conflicting CPU frequencies detected, using: 2645.81
[1447494469.330785] [node018:20682:0]         mxm.c:185  MXM  WARN  The 'ulimit -s' on the system is set to 'unlimited'. This may have negative performance implications. Please set the heap size to the default value (10240) 
[1447494469.330746] [node018:20684:0]         sys.c:719  MXM  WARN  Conflicting CPU frequencies detected, using: 2811.28
[1447494469.344369] [node018:20684:0]         mxm.c:185  MXM  WARN  The 'ulimit -s' on the system is set to 'unlimited'. This may have negative performance implications. Please set the heap size to the default value (10240) 
[1447494469.324058] [node017:32146:0]         sys.c:719  MXM  WARN  Conflicting CPU frequencies detected, using: 2400.47
[1447494469.333666] [node017:32146:0]         mxm.c:185  MXM  WARN  The 'ulimit -s' on the system is set to 'unlimited'. This may have negative performance implications. Please set the heap size to the default value (10240) 
[1447494469.311787] [node018:20691:0]         sys.c:719  MXM  WARN  Conflicting CPU frequencies detected, using: 2632.03
[1447494469.329147] [node018:20691:0]         mxm.c:185  MXM  WARN  The 'ulimit -s' on the system is set to 'unlimited'. This may have negative performance implications. Please set the heap size to the default value (10240) 
[1447494469.324411] [node017:32139:0]         sys.c:719  MXM  WARN  Conflicting CPU frequencies detected, using: 2400.47
[1447494469.332906] [node017:32139:0]         mxm.c:185  MXM  WARN  The 'ulimit -s' on the system is set to 'unlimited'. This may have negative performance implications. Please set the heap size to the default value (10240) 
[1447494469.328176] [node017:32133:0]         sys.c:719  MXM  WARN  Conflicting CPU frequencies detected, using: 2400.47
[1447494469.346372] [node017:32133:0]         mxm.c:185  MXM  WARN  The 'ulimit -s' on the system is set to 'unlimited'. This may have negative performance implications. Please set the heap size to the default value (10240) 
[1447494469.340723] [node020:13360:0]         sys.c:719  MXM  WARN  Conflicting CPU frequencies detected, using: 2670.75
[1447494469.350923] [node020:13360:0]         mxm.c:185  MXM  WARN  The 'ulimit -s' on the system is set to 'unlimited'. This may have negative performance implications. Please set the heap size to the default value (10240) 
[1447494469.330922] [node017:32140:0]         sys.c:719  MXM  WARN  Conflicting CPU frequencies detected, using: 2400.00
[1447494469.347051] [node017:32140:0]         mxm.c:185  MXM  WARN  The 'ulimit -s' on the system is set to 'unlimited'. This may have negative performance implications. Please set the heap size to the default value (10240) 
[1447494469.310505] [node018:20677:0]         sys.c:719  MXM  WARN  Conflicting CPU frequencies detected, using: 2632.03
[1447494469.332575] [node018:20677:0]         mxm.c:185  MXM  WARN  The 'ulimit -s' on the system is set to 'unlimited'. This may have negative performance implications. Please set the heap size to the default value (10240) 
[1447494469.341776] [node020:13354:0]         sys.c:719  MXM  WARN  Conflicting CPU frequencies detected, using: 2670.75
[1447494469.355134] [node020:13354:0]         mxm.c:185  MXM  WARN  The 'ulimit -s' on the system is set to 'unlimited'. This may have negative performance implications. Please set the heap size to the default value (10240) 
[1447494469.333453] [node018:20689:0]         sys.c:719  MXM  WARN  Conflicting CPU frequencies detected, using: 2811.28
[1447494469.354234] [node018:20689:0]         mxm.c:185  MXM  WARN  The 'ulimit -s' on the system is set to 'unlimited'. This may have negative performance implications. Please set the heap size to the default value (10240) 
[1447494469.341043] [node020:13357:0]         sys.c:719  MXM  WARN  Conflicting CPU frequencies detected, using: 2670.75
[1447494469.354404] [node020:13357:0]         mxm.c:185  MXM  WARN  The 'ulimit -s' on the system is set to 'unlimited'. This may have negative performance implications. Please set the heap size to the default value (10240) 
[1447494469.339192] [node022:9342 :0]         sys.c:719  MXM  WARN  Conflicting CPU frequencies detected, using: 2400.00
[1447494469.350251] [node022:9342 :0]         mxm.c:185  MXM  WARN  The 'ulimit -s' on the system is set to 'unlimited'. This may have negative performance implications. Please set the heap size to the default value (10240) 
[1447494469.343455] [node022:9356 :0]         sys.c:719  MXM  WARN  Conflicting CPU frequencies detected, using: 2400.00
[1447494469.358213] [node022:9356 :0]         mxm.c:185  MXM  WARN  The 'ulimit -s' on the system is set to 'unlimited'. This may have negative performance implications. Please set the heap size to the default value (10240) 
[1447494469.333753] [node023:24118:0]         sys.c:719  MXM  WARN  Conflicting CPU frequencies detected, using: 2400.19
[1447494469.345434] [node023:24118:0]         mxm.c:185  MXM  WARN  The 'ulimit -s' on the system is set to 'unlimited'. This may have negative performance implications. Please set the heap size to the default value (10240) 
[1447494469.345882] [node022:9354 :0]         sys.c:719  MXM  WARN  Conflicting CPU frequencies detected, using: 2400.00
[1447494469.361789] [node022:9354 :0]         mxm.c:185  MXM  WARN  The 'ulimit -s' on the system is set to 'unlimited'. This may have negative performance implications. Please set the heap size to the default value (10240) 
[1447494469.333473] [node023:24115:0]         sys.c:719  MXM  WARN  Conflicting CPU frequencies detected, using: 2400.19
[1447494469.351927] [node023:24115:0]         mxm.c:185  MXM  WARN  The 'ulimit -s' on the system is set to 'unlimited'. This may have negative performance implications. Please set the heap size to the default value (10240) 
[1447494469.345245] [node022:9353 :0]         sys.c:719  MXM  WARN  Conflicting CPU frequencies detected, using: 2400.00
[1447494469.366776] [node022:9353 :0]         mxm.c:185  MXM  WARN  The 'ulimit -s' on the system is set to 'unlimited'. This may have negative performance implications. Please set the heap size to the default value (10240) 
[1447494469.333582] [node023:24121:0]         sys.c:719  MXM  WARN  Conflicting CPU frequencies detected, using: 2400.19
[1447494469.349384] [node023:24121:0]         mxm.c:185  MXM  WARN  The 'ulimit -s' on the system is set to 'unlimited'. This may have negative performance implications. Please set the heap size to the default value (10240) 
[1447494469.339540] [node023:24116:0]         sys.c:719  MXM  WARN  Conflicting CPU frequencies detected, using: 2400.19
[1447494469.350962] [node023:24116:0]         mxm.c:185  MXM  WARN  The 'ulimit -s' on the system is set to 'unlimited'. This may have negative performance implications. Please set the heap size to the default value (10240) 
[1447494469.337718] [node023:24119:0]         sys.c:719  MXM  WARN  Conflicting CPU frequencies detected, using: 2400.19
[1447494469.350175] [node023:24119:0]         mxm.c:185  MXM  WARN  The 'ulimit -s' on the system is set to 'unlimited'. This may have negative performance implications. Please set the heap size to the default value (10240) 
[1447494469.355672] [node023:24114:0]         sys.c:719  MXM  WARN  Conflicting CPU frequencies detected, using: 2400.19
[1447494469.373662] [node023:24114:0]         mxm.c:185  MXM  WARN  The 'ulimit -s' on the system is set to 'unlimited'. This may have negative performance implications. Please set the heap size to the default value (10240) 
[1447494469.353716] [node022:9355 :0]         sys.c:719  MXM  WARN  Conflicting CPU frequencies detected, using: 2400.00
[1447494469.371665] [node022:9355 :0]         mxm.c:185  MXM  WARN  The 'ulimit -s' on the system is set to 'unlimited'. This may have negative performance implications. Please set the heap size to the default value (10240) 
[1447494469.350380] [node023:24117:0]         sys.c:719  MXM  WARN  Conflicting CPU frequencies detected, using: 2400.19
[1447494469.370102] [node023:24117:0]         mxm.c:185  MXM  WARN  The 'ulimit -s' on the system is set to 'unlimited'. This may have negative performance implications. Please set the heap size to the default value (10240) 
[1447494469.342465] [node023:24103:0]         sys.c:719  MXM  WARN  Conflicting CPU frequencies detected, using: 2400.19
[1447494469.374451] [node023:24103:0]         mxm.c:185  MXM  WARN  The 'ulimit -s' on the system is set to 'unlimited'. This may have negative performance implications. Please set the heap size to the default value (10240) 
UPCR: UPC thread   1 of 128 on node008 (pshm node  0 of 16, process   1 of 128, pid=27399)
UPCR: UPC thread   3 of 128 on node008 (pshm node  0 of 16, process   3 of 128, pid=27401)
UPCR: UPC thread   7 of 128 on node008 (pshm node  0 of 16, process   7 of 128, pid=27405)
UPCR: UPC thread   2 of 128 on node008 (pshm node  0 of 16, process   2 of 128, pid=27400)
UPCR: UPC thread   4 of 128 on node008 (pshm node  0 of 16, process   4 of 128, pid=27402)
UPCR: UPC thread   5 of 128 on node008 (pshm node  0 of 16, process   5 of 128, pid=27403)
UPCR: UPC thread   6 of 128 on node008 (pshm node  0 of 16, process   6 of 128, pid=27404)
UPCR: UPC thread   0 of 128 on node008 (pshm node  0 of 16, process   0 of 128, pid=27398)
UPCR: UPC thread  28 of 128 on node011 (pshm node  3 of 16, process  28 of 128, pid=7559)
UPCR: UPC thread 122 of 128 on node023 (pshm node 15 of 16, process 122 of 128, pid=24103)
UPCR: UPC thread 123 of 128 on node023 (pshm node 15 of 16, process 123 of 128, pid=24117)
UPCR: UPC thread 126 of 128 on node023 (pshm node 15 of 16, process 126 of 128, pid=24116)
UPCR: UPC thread 127 of 128 on node023 (pshm node 15 of 16, process 127 of 128, pid=24121)
UPCR: UPC thread 125 of 128 on node023 (pshm node 15 of 16, process 125 of 128, pid=24114)
UPCR: UPC thread  25 of 128 on node011 (pshm node  3 of 16, process  25 of 128, pid=7713)
UPCR: UPC thread  59 of 128 on node015 (pshm node  7 of 16, process  59 of 128, pid=15915)
UPCR: UPC thread 121 of 128 on node023 (pshm node 15 of 16, process 121 of 128, pid=24115)
UPCR: UPC thread   9 of 128 on node009 (pshm node  1 of 16, process   9 of 128, pid=7686)
UPCR: UPC thread  12 of 128 on node009 (pshm node  1 of 16, process  12 of 128, pid=7515)
UPCR: UPC thread 106 of 128 on node021 (pshm node 13 of 16, process 106 of 128, pid=680)
UPCR: UPC thread 107 of 128 on node021 (pshm node 13 of 16, process 107 of 128, pid=678)
UPCR: UPC thread 124 of 128 on node023 (pshm node 15 of 16, process 124 of 128, pid=24118)
UPCR: UPC thread  13 of 128 on node009 (pshm node  1 of 16, process  13 of 128, pid=7600)
UPCR: UPC thread  56 of 128 on node015 (pshm node  7 of 16, process  56 of 128, pid=15933)
UPCR: UPC thread  24 of 128 on node011 (pshm node  3 of 16, process  24 of 128, pid=7560)
UPCR: UPC thread  14 of 128 on node009 (pshm node  1 of 16, process  14 of 128, pid=7689)
UPCR: UPC thread  18 of 128 on node010 (pshm node  2 of 16, process  18 of 128, pid=13622)
UPCR: UPC thread 110 of 128 on node021 (pshm node 13 of 16, process 110 of 128, pid=677)
UPCR: UPC thread  27 of 128 on node011 (pshm node  3 of 16, process  27 of 128, pid=7661)
UPCR: UPC thread  79 of 128 on node017 (pshm node  9 of 16, process  79 of 128, pid=32141)
UPCR: UPC thread  17 of 128 on node010 (pshm node  2 of 16, process  17 of 128, pid=13625)
UPCR: UPC thread 120 of 128 on node023 (pshm node 15 of 16, process 120 of 128, pid=24119)
UPCR: UPC thread  43 of 128 on node013 (pshm node  5 of 16, process  43 of 128, pid=23948)
UPCR: UPC thread  58 of 128 on node015 (pshm node  7 of 16, process  58 of 128, pid=15896)
UPCR: UPC thread 105 of 128 on node021 (pshm node 13 of 16, process 105 of 128, pid=679)
UPCR: UPC thread  41 of 128 on node013 (pshm node  5 of 16, process  41 of 128, pid=23949)
UPCR: UPC thread  19 of 128 on node010 (pshm node  2 of 16, process  19 of 128, pid=13871)
UPCR: UPC thread   8 of 128 on node009 (pshm node  1 of 16, process   8 of 128, pid=7538)
UPCR: UPC thread  15 of 128 on node009 (pshm node  1 of 16, process  15 of 128, pid=7660)
UPCR: UPC thread  21 of 128 on node010 (pshm node  2 of 16, process  21 of 128, pid=13825)
UPCR: UPC thread 100 of 128 on node020 (pshm node 12 of 16, process 100 of 128, pid=13357)
UPCR: UPC thread  31 of 128 on node011 (pshm node  3 of 16, process  31 of 128, pid=7813)
UPCR: UPC thread  20 of 128 on node010 (pshm node  2 of 16, process  20 of 128, pid=13755)
UPCR: UPC thread  29 of 128 on node011 (pshm node  3 of 16, process  29 of 128, pid=7592)
UPCR: UPC thread  42 of 128 on node013 (pshm node  5 of 16, process  42 of 128, pid=24073)
UPCR: UPC thread  73 of 128 on node017 (pshm node  9 of 16, process  73 of 128, pid=32140)
UPCR: UPC thread  66 of 128 on node016 (pshm node  8 of 16, process  66 of 128, pid=1985)
UPCR: UPC thread  72 of 128 on node017 (pshm node  9 of 16, process  72 of 128, pid=32139)
UPCR: UPC thread 104 of 128 on node021 (pshm node 13 of 16, process 104 of 128, pid=706)
UPCR: UPC thread 115 of 128 on node022 (pshm node 14 of 16, process 115 of 128, pid=9356)
UPCR: UPC thread  64 of 128 on node016 (pshm node  8 of 16, process  64 of 128, pid=1970)
UPCR: UPC thread  62 of 128 on node015 (pshm node  7 of 16, process  62 of 128, pid=15936)
UPCR: UPC thread  82 of 128 on node018 (pshm node 10 of 16, process  82 of 128, pid=20672)
UPCR: UPC thread 108 of 128 on node021 (pshm node 13 of 16, process 108 of 128, pid=705)
UPCR: UPC thread  30 of 128 on node011 (pshm node  3 of 16, process  30 of 128, pid=7753)
UPCR: UPC thread 103 of 128 on node020 (pshm node 12 of 16, process 103 of 128, pid=13355)
UPCR: UPC thread  74 of 128 on node017 (pshm node  9 of 16, process  74 of 128, pid=32133)
UPCR: UPC thread  80 of 128 on node018 (pshm node 10 of 16, process  80 of 128, pid=20683)
UPCR: UPC thread  60 of 128 on node015 (pshm node  7 of 16, process  60 of 128, pid=15934)
UPCR: UPC thread 114 of 128 on node022 (pshm node 14 of 16, process 114 of 128, pid=9342)
UPCR: UPC thread 111 of 128 on node021 (pshm node 13 of 16, process 111 of 128, pid=696)
UPCR: UPC thread 119 of 128 on node022 (pshm node 14 of 16, process 119 of 128, pid=9352)
UPCR: UPC thread  99 of 128 on node020 (pshm node 12 of 16, process  99 of 128, pid=13346)
UPCR: UPC thread  26 of 128 on node011 (pshm node  3 of 16, process  26 of 128, pid=7799)
UPCR: UPC thread  22 of 128 on node010 (pshm node  2 of 16, process  22 of 128, pid=13581)
UPCR: UPC thread  94 of 128 on node019 (pshm node 11 of 16, process  94 of 128, pid=23321)
UPCR: UPC thread  36 of 128 on node012 (pshm node  4 of 16, process  36 of 128, pid=28686)
UPCR: UPC thread  70 of 128 on node016 (pshm node  8 of 16, process  70 of 128, pid=1988)
UPCR: UPC thread 102 of 128 on node020 (pshm node 12 of 16, process 102 of 128, pid=13360)
UPCR: UPC thread  81 of 128 on node018 (pshm node 10 of 16, process  81 of 128, pid=20677)
UPCR: UPC thread  95 of 128 on node019 (pshm node 11 of 16, process  95 of 128, pid=23323)
UPCR: UPC thread  78 of 128 on node017 (pshm node  9 of 16, process  78 of 128, pid=32122)
UPCR: UPC thread  68 of 128 on node016 (pshm node  8 of 16, process  68 of 128, pid=1986)
UPCR: UPC thread  11 of 128 on node009 (pshm node  1 of 16, process  11 of 128, pid=7545)
UPCR: UPC thread 112 of 128 on node022 (pshm node 14 of 16, process 112 of 128, pid=9353)
UPCR: UPC thread  46 of 128 on node013 (pshm node  5 of 16, process  46 of 128, pid=24077)
UPCR: UPC thread 118 of 128 on node022 (pshm node 14 of 16, process 118 of 128, pid=9355)
UPCR: UPC thread  10 of 128 on node009 (pshm node  1 of 16, process  10 of 128, pid=7507)
UPCR: UPC thread  44 of 128 on node013 (pshm node  5 of 16, process  44 of 128, pid=24078)
UPCR: UPC thread  97 of 128 on node020 (pshm node 12 of 16, process  97 of 128, pid=13354)
UPCR: UPC thread  98 of 128 on node020 (pshm node 12 of 16, process  98 of 128, pid=13351)
UPCR: UPC thread 117 of 128 on node022 (pshm node 14 of 16, process 117 of 128, pid=9359)
UPCR: UPC thread  96 of 128 on node020 (pshm node 12 of 16, process  96 of 128, pid=13352)
UPCR: UPC thread  38 of 128 on node012 (pshm node  4 of 16, process  38 of 128, pid=28685)
UPCR: UPC thread  63 of 128 on node015 (pshm node  7 of 16, process  63 of 128, pid=15925)
UPCR: UPC thread  16 of 128 on node010 (pshm node  2 of 16, process  16 of 128, pid=13623)
UPCR: UPC thread  33 of 128 on node012 (pshm node  4 of 16, process  33 of 128, pid=28596)
UPCR: UPC thread 109 of 128 on node021 (pshm node 13 of 16, process 109 of 128, pid=707)
UPCR: UPC thread  86 of 128 on node018 (pshm node 10 of 16, process  86 of 128, pid=20691)
UPCR: UPC thread  53 of 128 on node014 (pshm node  6 of 16, process  53 of 128, pid=9491)
UPCR: UPC thread  23 of 128 on node010 (pshm node  2 of 16, process  23 of 128, pid=13624)
UPCR: UPC thread  67 of 128 on node016 (pshm node  8 of 16, process  67 of 128, pid=1929)
UPCR: UPC thread 116 of 128 on node022 (pshm node 14 of 16, process 116 of 128, pid=9358)
UPCR: UPC thread  51 of 128 on node014 (pshm node  6 of 16, process  51 of 128, pid=9471)
UPCR: UPC thread  61 of 128 on node015 (pshm node  7 of 16, process  61 of 128, pid=15895)
UPCR: UPC thread  45 of 128 on node013 (pshm node  5 of 16, process  45 of 128, pid=24067)
UPCR: UPC thread  34 of 128 on node012 (pshm node  4 of 16, process  34 of 128, pid=28677)
UPCR: UPC thread  75 of 128 on node017 (pshm node  9 of 16, process  75 of 128, pid=32124)
UPCR: UPC thread  87 of 128 on node018 (pshm node 10 of 16, process  87 of 128, pid=20690)
UPCR: UPC thread  37 of 128 on node012 (pshm node  4 of 16, process  37 of 128, pid=28630)
UPCR: UPC thread  49 of 128 on node014 (pshm node  6 of 16, process  49 of 128, pid=9486)
UPCR: UPC thread  52 of 128 on node014 (pshm node  6 of 16, process  52 of 128, pid=9492)
UPCR: UPC thread  69 of 128 on node016 (pshm node  8 of 16, process  69 of 128, pid=1982)
UPCR: UPC thread  90 of 128 on node019 (pshm node 11 of 16, process  90 of 128, pid=23292)
UPCR: UPC thread 101 of 128 on node020 (pshm node 12 of 16, process 101 of 128, pid=13361)
UPCR: UPC thread  39 of 128 on node012 (pshm node  4 of 16, process  39 of 128, pid=28687)
UPCR: UPC thread  76 of 128 on node017 (pshm node  9 of 16, process  76 of 128, pid=32142)
UPCR: UPC thread  85 of 128 on node018 (pshm node 10 of 16, process  85 of 128, pid=20689)
UPCR: UPC thread  40 of 128 on node013 (pshm node  5 of 16, process  40 of 128, pid=24027)
UPCR: UPC thread  57 of 128 on node015 (pshm node  7 of 16, process  57 of 128, pid=15910)
UPCR: UPC thread  84 of 128 on node018 (pshm node 10 of 16, process  84 of 128, pid=20682)
UPCR: UPC thread  54 of 128 on node014 (pshm node  6 of 16, process  54 of 128, pid=9489)
UPCR: UPC thread  55 of 128 on node014 (pshm node  6 of 16, process  55 of 128, pid=9488)
UPCR: UPC thread  71 of 128 on node016 (pshm node  8 of 16, process  71 of 128, pid=1981)
UPCR: UPC thread  83 of 128 on node018 (pshm node 10 of 16, process  83 of 128, pid=20684)
UPCR: UPC thread  92 of 128 on node019 (pshm node 11 of 16, process  92 of 128, pid=23293)
UPCR: UPC thread  77 of 128 on node017 (pshm node  9 of 16, process  77 of 128, pid=32146)
UPCR: UPC thread  88 of 128 on node019 (pshm node 11 of 16, process  88 of 128, pid=23289)
UPCR: UPC thread  89 of 128 on node019 (pshm node 11 of 16, process  89 of 128, pid=23290)
UPCR: UPC thread  93 of 128 on node019 (pshm node 11 of 16, process  93 of 128, pid=23291)
UPCR: UPC thread  35 of 128 on node012 (pshm node  4 of 16, process  35 of 128, pid=28682)
UPCR: UPC thread  32 of 128 on node012 (pshm node  4 of 16, process  32 of 128, pid=28689)
UPCR: UPC thread  48 of 128 on node014 (pshm node  6 of 16, process  48 of 128, pid=9475)
UPCR: UPC thread 113 of 128 on node022 (pshm node 14 of 16, process 113 of 128, pid=9354)
UPCR: UPC thread  47 of 128 on node013 (pshm node  5 of 16, process  47 of 128, pid=24076)
UPCR: UPC thread  50 of 128 on node014 (pshm node  6 of 16, process  50 of 128, pid=9487)
UPCR: UPC thread  91 of 128 on node019 (pshm node 11 of 16, process  91 of 128, pid=23294)
UPCR: UPC thread  65 of 128 on node016 (pshm node  8 of 16, process  65 of 128, pid=1969)
0/128 - htable initialized
0/128 - table size: 137438953472 bytes (131072 MB)
0/128 - total number of buckets: 17179869184
0/128 - block size: 1073741824 (1024 MB)
0/128 - number of buckets in block: 134217728
0/128 - number of blocks: 128
65/128 - Performed a throughput benchmark:
65/128 - Performed 2000000 find-or-put operations with random values from [0,...,588799999]
65/128 - Finds: 372331 (0.186166), Inserts: 1627669 (0.813835), Errors: 0 (0)
65/128 - Execution time: 9.23926 seconds
65/128 - Throughput: 216467 ops/sec
64/128 - Performed a throughput benchmark:
64/128 - Performed 2000000 find-or-put operations with random values from [0,...,588799999]
64/128 - Finds: 372445 (0.186223), Inserts: 1627555 (0.813778), Errors: 0 (0)
64/128 - Execution time: 9.23569 seconds
64/128 - Throughput: 216551 ops/sec
70/128 - Performed a throughput benchmark:
70/128 - Performed 2000000 find-or-put operations with random values from [0,...,588799999]
70/128 - Finds: 373810 (0.186905), Inserts: 1626190 (0.813095), Errors: 0 (0)
70/128 - Execution time: 9.27327 seconds
70/128 - Throughput: 215674 ops/sec
66/128 - Performed a throughput benchmark:
66/128 - Performed 2000000 find-or-put operations with random values from [0,...,588799999]
66/128 - Finds: 372656 (0.186328), Inserts: 1627344 (0.813672), Errors: 0 (0)
66/128 - Execution time: 9.24903 seconds
66/128 - Throughput: 216239 ops/sec
67/128 - Performed a throughput benchmark:
67/128 - Performed 2000000 find-or-put operations with random values from [0,...,588799999]
67/128 - Finds: 374554 (0.187277), Inserts: 1625446 (0.812723), Errors: 0 (0)
67/128 - Execution time: 9.30293 seconds
67/128 - Throughput: 214986 ops/sec
47/128 - Performed a throughput benchmark:
47/128 - Performed 2000000 find-or-put operations with random values from [0,...,588799999]
47/128 - Finds: 376364 (0.188182), Inserts: 1623636 (0.811818), Errors: 0 (0)
47/128 - Execution time: 9.33334 seconds
47/128 - Throughput: 214285 ops/sec
42/128 - Performed a throughput benchmark:
42/128 - Performed 2000000 find-or-put operations with random values from [0,...,588799999]
42/128 - Finds: 375856 (0.187928), Inserts: 1624144 (0.812072), Errors: 0 (0)
42/128 - Execution time: 9.34747 seconds
42/128 - Throughput: 213962 ops/sec
53/128 - Performed a throughput benchmark:
53/128 - Performed 2000000 find-or-put operations with random values from [0,...,588799999]
53/128 - Finds: 376544 (0.188272), Inserts: 1623456 (0.811728), Errors: 0 (0)
53/128 - Execution time: 9.36479 seconds
53/128 - Throughput: 213566 ops/sec
71/128 - Performed a throughput benchmark:
71/128 - Performed 2000000 find-or-put operations with random values from [0,...,588799999]
71/128 - Finds: 376016 (0.188008), Inserts: 1623984 (0.811992), Errors: 0 (0)
71/128 - Execution time: 9.31499 seconds
71/128 - Throughput: 214708 ops/sec
32/128 - Performed a throughput benchmark:
32/128 - Performed 2000000 find-or-put operations with random values from [0,...,588799999]
32/128 - Finds: 376844 (0.188422), Inserts: 1623156 (0.811578), Errors: 0 (0)
32/128 - Execution time: 9.35376 seconds
32/128 - Throughput: 213818 ops/sec
48/128 - Performed a throughput benchmark:
48/128 - Performed 2000000 find-or-put operations with random values from [0,...,588799999]
48/128 - Finds: 377788 (0.188894), Inserts: 1622212 (0.811106), Errors: 0 (0)
48/128 - Execution time: 9.37139 seconds
48/128 - Throughput: 213415 ops/sec
40/128 - Performed a throughput benchmark:
40/128 - Performed 2000000 find-or-put operations with random values from [0,...,588799999]
40/128 - Finds: 376879 (0.18844), Inserts: 1623121 (0.811561), Errors: 0 (0)
40/128 - Execution time: 9.35285 seconds
40/128 - Throughput: 213839 ops/sec
55/128 - Performed a throughput benchmark:
55/128 - Performed 2000000 find-or-put operations with random values from [0,...,588799999]
55/128 - Finds: 376844 (0.188422), Inserts: 1623156 (0.811578), Errors: 0 (0)
55/128 - Execution time: 9.37507 seconds
55/128 - Throughput: 213332 ops/sec
45/128 - Performed a throughput benchmark:
45/128 - Performed 2000000 find-or-put operations with random values from [0,...,588799999]
45/128 - Finds: 376352 (0.188176), Inserts: 1623648 (0.811824), Errors: 0 (0)
45/128 - Execution time: 9.35458 seconds
45/128 - Throughput: 213799 ops/sec
17/128 - Performed a throughput benchmark:
17/128 - Performed 2000000 find-or-put operations with random values from [0,...,588799999]
17/128 - Finds: 377997 (0.188999), Inserts: 1622003 (0.811002), Errors: 0 (0)
17/128 - Execution time: 9.38071 seconds
17/128 - Throughput: 213203 ops/sec
68/128 - Performed a throughput benchmark:
68/128 - Performed 2000000 find-or-put operations with random values from [0,...,588799999]
68/128 - Finds: 373694 (0.186847), Inserts: 1626306 (0.813153), Errors: 0 (0)
68/128 - Execution time: 9.27719 seconds
68/128 - Throughput: 215583 ops/sec
89/128 - Performed a throughput benchmark:
89/128 - Performed 2000000 find-or-put operations with random values from [0,...,588799999]
89/128 - Finds: 376966 (0.188483), Inserts: 1623034 (0.811517), Errors: 0 (0)
89/128 - Execution time: 9.38716 seconds
89/128 - Throughput: 213057 ops/sec
41/128 - Performed a throughput benchmark:
41/128 - Performed 2000000 find-or-put operations with random values from [0,...,588799999]
41/128 - Finds: 377438 (0.188719), Inserts: 1622562 (0.811281), Errors: 0 (0)
41/128 - Execution time: 9.37972 seconds
41/128 - Throughput: 213226 ops/sec
21/128 - Performed a throughput benchmark:
21/128 - Performed 2000000 find-or-put operations with random values from [0,...,588799999]
21/128 - Finds: 377061 (0.18853), Inserts: 1622939 (0.811469), Errors: 0 (0)
21/128 - Execution time: 9.38723 seconds
21/128 - Throughput: 213055 ops/sec
46/128 - Performed a throughput benchmark:
46/128 - Performed 2000000 find-or-put operations with random values from [0,...,588799999]
46/128 - Finds: 377833 (0.188916), Inserts: 1622167 (0.811083), Errors: 0 (0)
46/128 - Execution time: 9.38563 seconds
46/128 - Throughput: 213092 ops/sec
9/128 - Performed a throughput benchmark:
9/128 - Performed 2000000 find-or-put operations with random values from [0,...,588799999]
9/128 - Finds: 377769 (0.188885), Inserts: 1622231 (0.811115), Errors: 0 (0)
9/128 - Execution time: 9.39211 seconds
9/128 - Throughput: 212945 ops/sec
113/128 - Performed a throughput benchmark:
113/128 - Performed 2000000 find-or-put operations with random values from [0,...,588799999]
113/128 - Finds: 376958 (0.188479), Inserts: 1623042 (0.811521), Errors: 0 (0)
113/128 - Execution time: 9.39791 seconds
113/128 - Throughput: 212813 ops/sec
28/128 - Performed a throughput benchmark:
28/128 - Performed 2000000 find-or-put operations with random values from [0,...,588799999]
28/128 - Finds: 377712 (0.188856), Inserts: 1622288 (0.811144), Errors: 0 (0)
28/128 - Execution time: 9.4017 seconds
28/128 - Throughput: 212727 ops/sec
3/128 - Performed a throughput benchmark:
3/128 - Performed 2000000 find-or-put operations with random values from [0,...,588799999]
3/128 - Finds: 379045 (0.189523), Inserts: 1620955 (0.810477), Errors: 0 (0)
3/128 - Execution time: 9.38013 seconds
3/128 - Throughput: 213217 ops/sec
10/128 - Performed a throughput benchmark:
10/128 - Performed 2000000 find-or-put operations with random values from [0,...,588799999]
10/128 - Finds: 377967 (0.188983), Inserts: 1622033 (0.811017), Errors: 0 (0)
10/128 - Execution time: 9.38564 seconds
10/128 - Throughput: 213092 ops/sec
78/128 - Performed a throughput benchmark:
78/128 - Performed 2000000 find-or-put operations with random values from [0,...,588799999]
78/128 - Finds: 377532 (0.188766), Inserts: 1622468 (0.811234), Errors: 0 (0)
78/128 - Execution time: 9.3742 seconds
78/128 - Throughput: 213351 ops/sec
31/128 - Performed a throughput benchmark:
31/128 - Performed 2000000 find-or-put operations with random values from [0,...,588799999]
31/128 - Finds: 378780 (0.18939), Inserts: 1621220 (0.81061), Errors: 0 (0)
31/128 - Execution time: 9.40497 seconds
31/128 - Throughput: 212654 ops/sec
24/128 - Performed a throughput benchmark:
24/128 - Performed 2000000 find-or-put operations with random values from [0,...,588799999]
24/128 - Finds: 378688 (0.189344), Inserts: 1621312 (0.810656), Errors: 0 (0)
24/128 - Execution time: 9.40277 seconds
24/128 - Throughput: 212703 ops/sec
114/128 - Performed a throughput benchmark:
114/128 - Performed 2000000 find-or-put operations with random values from [0,...,588799999]
114/128 - Finds: 378071 (0.189035), Inserts: 1621929 (0.810964), Errors: 0 (0)
114/128 - Execution time: 9.40042 seconds
114/128 - Throughput: 212756 ops/sec
13/128 - Performed a throughput benchmark:
13/128 - Performed 2000000 find-or-put operations with random values from [0,...,588799999]
13/128 - Finds: 377585 (0.188793), Inserts: 1622415 (0.811207), Errors: 0 (0)
13/128 - Execution time: 9.40813 seconds
13/128 - Throughput: 212582 ops/sec
33/128 - Performed a throughput benchmark:
33/128 - Performed 2000000 find-or-put operations with random values from [0,...,588799999]
33/128 - Finds: 377420 (0.18871), Inserts: 1622580 (0.81129), Errors: 0 (0)
33/128 - Execution time: 9.3977 seconds
33/128 - Throughput: 212818 ops/sec
91/128 - Performed a throughput benchmark:
91/128 - Performed 2000000 find-or-put operations with random values from [0,...,588799999]
91/128 - Finds: 378771 (0.189386), Inserts: 1621229 (0.810615), Errors: 0 (0)
91/128 - Execution time: 9.40386 seconds
91/128 - Throughput: 212679 ops/sec
44/128 - Performed a throughput benchmark:
44/128 - Performed 2000000 find-or-put operations with random values from [0,...,588799999]
44/128 - Finds: 378294 (0.189147), Inserts: 1621706 (0.810853), Errors: 0 (0)
44/128 - Execution time: 9.3863 seconds
44/128 - Throughput: 213076 ops/sec
96/128 - Performed a throughput benchmark:
96/128 - Performed 2000000 find-or-put operations with random values from [0,...,588799999]
96/128 - Finds: 377579 (0.188789), Inserts: 1622421 (0.81121), Errors: 0 (0)
96/128 - Execution time: 9.37892 seconds
96/128 - Throughput: 213244 ops/sec
103/128 - Performed a throughput benchmark:
103/128 - Performed 2000000 find-or-put operations with random values from [0,...,588799999]
103/128 - Finds: 377584 (0.188792), Inserts: 1622416 (0.811208), Errors: 0 (0)
103/128 - Execution time: 9.37971 seconds
103/128 - Throughput: 213226 ops/sec
84/128 - Performed a throughput benchmark:
84/128 - Performed 2000000 find-or-put operations with random values from [0,...,588799999]
84/128 - Finds: 377328 (0.188664), Inserts: 1622672 (0.811336), Errors: 0 (0)
84/128 - Execution time: 9.35998 seconds
84/128 - Throughput: 213676 ops/sec
101/128 - Performed a throughput benchmark:
101/128 - Performed 2000000 find-or-put operations with random values from [0,...,588799999]
101/128 - Finds: 378140 (0.18907), Inserts: 1621860 (0.81093), Errors: 0 (0)
101/128 - Execution time: 9.39507 seconds
101/128 - Throughput: 212878 ops/sec
81/128 - Performed a throughput benchmark:
81/128 - Performed 2000000 find-or-put operations with random values from [0,...,588799999]
81/128 - Finds: 376178 (0.188089), Inserts: 1623822 (0.811911), Errors: 0 (0)
81/128 - Execution time: 9.36476 seconds
81/128 - Throughput: 213567 ops/sec
86/128 - Performed a throughput benchmark:
86/128 - Performed 2000000 find-or-put operations with random values from [0,...,588799999]
86/128 - Finds: 377534 (0.188767), Inserts: 1622466 (0.811233), Errors: 0 (0)
86/128 - Execution time: 9.37053 seconds
86/128 - Throughput: 213435 ops/sec
87/128 - Performed a throughput benchmark:
87/128 - Performed 2000000 find-or-put operations with random values from [0,...,588799999]
87/128 - Finds: 376473 (0.188237), Inserts: 1623527 (0.811763), Errors: 0 (0)
87/128 - Execution time: 9.36477 seconds
87/128 - Throughput: 213566 ops/sec
115/128 - Performed a throughput benchmark:
115/128 - Performed 2000000 find-or-put operations with random values from [0,...,588799999]
115/128 - Finds: 377558 (0.188779), Inserts: 1622442 (0.811221), Errors: 0 (0)
115/128 - Execution time: 9.3993 seconds
115/128 - Throughput: 212782 ops/sec
83/128 - Performed a throughput benchmark:
83/128 - Performed 2000000 find-or-put operations with random values from [0,...,588799999]
83/128 - Finds: 376787 (0.188393), Inserts: 1623213 (0.811607), Errors: 0 (0)
83/128 - Execution time: 9.35258 seconds
83/128 - Throughput: 213845 ops/sec
98/128 - Performed a throughput benchmark:
98/128 - Performed 2000000 find-or-put operations with random values from [0,...,588799999]
98/128 - Finds: 376764 (0.188382), Inserts: 1623236 (0.811618), Errors: 0 (0)
98/128 - Execution time: 9.39414 seconds
98/128 - Throughput: 212899 ops/sec
23/128 - Performed a throughput benchmark:
23/128 - Performed 2000000 find-or-put operations with random values from [0,...,588799999]
23/128 - Finds: 378496 (0.189248), Inserts: 1621504 (0.810752), Errors: 0 (0)
23/128 - Execution time: 9.3979 seconds
23/128 - Throughput: 212814 ops/sec
99/128 - Performed a throughput benchmark:
99/128 - Performed 2000000 find-or-put operations with random values from [0,...,588799999]
99/128 - Finds: 376869 (0.188435), Inserts: 1623131 (0.811566), Errors: 0 (0)
99/128 - Execution time: 9.36511 seconds
99/128 - Throughput: 213559 ops/sec
35/128 - Performed a throughput benchmark:
35/128 - Performed 2000000 find-or-put operations with random values from [0,...,588799999]
35/128 - Finds: 378459 (0.189229), Inserts: 1621541 (0.81077), Errors: 0 (0)
35/128 - Execution time: 9.40208 seconds
35/128 - Throughput: 212719 ops/sec
43/128 - Performed a throughput benchmark:
43/128 - Performed 2000000 find-or-put operations with random values from [0,...,588799999]
43/128 - Finds: 378066 (0.189033), Inserts: 1621934 (0.810967), Errors: 0 (0)
43/128 - Execution time: 9.40378 seconds
43/128 - Throughput: 212680 ops/sec
0/128 - Performed a throughput benchmark:
0/128 - Performed 2000000 find-or-put operations with random values from [0,...,588799999]
0/128 - Finds: 378189 (0.189094), Inserts: 1621811 (0.810905), Errors: 0 (0)
0/128 - Execution time: 9.40744 seconds
0/128 - Throughput: 212598 ops/sec
19/128 - Performed a throughput benchmark:
19/128 - Performed 2000000 find-or-put operations with random values from [0,...,588799999]
19/128 - Finds: 379583 (0.189792), Inserts: 1620417 (0.810208), Errors: 0 (0)
19/128 - Execution time: 9.42009 seconds
19/128 - Throughput: 212312 ops/sec
1/128 - Performed a throughput benchmark:
1/128 - Performed 2000000 find-or-put operations with random values from [0,...,588799999]
1/128 - Finds: 378403 (0.189201), Inserts: 1621597 (0.810798), Errors: 0 (0)
1/128 - Execution time: 9.41782 seconds
1/128 - Throughput: 212363 ops/sec
59/128 - Performed a throughput benchmark:
59/128 - Performed 2000000 find-or-put operations with random values from [0,...,588799999]
59/128 - Finds: 379516 (0.189758), Inserts: 1620484 (0.810242), Errors: 0 (0)
59/128 - Execution time: 9.41051 seconds
59/128 - Throughput: 212528 ops/sec
108/128 - Performed a throughput benchmark:
108/128 - Performed 2000000 find-or-put operations with random values from [0,...,588799999]
108/128 - Finds: 377617 (0.188808), Inserts: 1622383 (0.811191), Errors: 0 (0)
108/128 - Execution time: 9.41262 seconds
108/128 - Throughput: 212481 ops/sec
29/128 - Performed a throughput benchmark:
29/128 - Performed 2000000 find-or-put operations with random values from [0,...,588799999]
29/128 - Finds: 379045 (0.189523), Inserts: 1620955 (0.810477), Errors: 0 (0)
29/128 - Execution time: 9.42858 seconds
29/128 - Throughput: 212121 ops/sec
37/128 - Performed a throughput benchmark:
37/128 - Performed 2000000 find-or-put operations with random values from [0,...,588799999]
37/128 - Finds: 379255 (0.189628), Inserts: 1620745 (0.810373), Errors: 0 (0)
37/128 - Execution time: 9.4179 seconds
37/128 - Throughput: 212361 ops/sec
7/128 - Performed a throughput benchmark:
7/128 - Performed 2000000 find-or-put operations with random values from [0,...,588799999]
7/128 - Finds: 377591 (0.188796), Inserts: 1622409 (0.811204), Errors: 0 (0)
7/128 - Execution time: 9.40652 seconds
7/128 - Throughput: 212619 ops/sec
5/128 - Performed a throughput benchmark:
5/128 - Performed 2000000 find-or-put operations with random values from [0,...,588799999]
5/128 - Finds: 379089 (0.189545), Inserts: 1620911 (0.810455), Errors: 0 (0)
5/128 - Execution time: 9.41037 seconds
5/128 - Throughput: 212531 ops/sec
6/128 - Performed a throughput benchmark:
6/128 - Performed 2000000 find-or-put operations with random values from [0,...,588799999]
6/128 - Finds: 378442 (0.189221), Inserts: 1621558 (0.810779), Errors: 0 (0)
6/128 - Execution time: 9.41005 seconds
6/128 - Throughput: 212539 ops/sec
25/128 - Performed a throughput benchmark:
25/128 - Performed 2000000 find-or-put operations with random values from [0,...,588799999]
25/128 - Finds: 380200 (0.1901), Inserts: 1619800 (0.8099), Errors: 0 (0)
25/128 - Execution time: 9.4348 seconds
25/128 - Throughput: 211981 ops/sec
4/128 - Performed a throughput benchmark:
4/128 - Performed 2000000 find-or-put operations with random values from [0,...,588799999]
4/128 - Finds: 378300 (0.18915), Inserts: 1621700 (0.81085), Errors: 0 (0)
4/128 - Execution time: 9.40829 seconds
4/128 - Throughput: 212578 ops/sec
117/128 - Performed a throughput benchmark:
117/128 - Performed 2000000 find-or-put operations with random values from [0,...,588799999]
117/128 - Finds: 379776 (0.189888), Inserts: 1620224 (0.810112), Errors: 0 (0)
117/128 - Execution time: 9.44073 seconds
117/128 - Throughput: 211848 ops/sec
60/128 - Performed a throughput benchmark:
60/128 - Performed 2000000 find-or-put operations with random values from [0,...,588799999]
60/128 - Finds: 377892 (0.188946), Inserts: 1622108 (0.811054), Errors: 0 (0)
60/128 - Execution time: 9.39835 seconds
60/128 - Throughput: 212803 ops/sec
30/128 - Performed a throughput benchmark:
30/128 - Performed 2000000 find-or-put operations with random values from [0,...,588799999]
30/128 - Finds: 380235 (0.190117), Inserts: 1619765 (0.809882), Errors: 0 (0)
30/128 - Execution time: 9.43779 seconds
30/128 - Throughput: 211914 ops/sec
52/128 - Performed a throughput benchmark:
52/128 - Performed 2000000 find-or-put operations with random values from [0,...,588799999]
52/128 - Finds: 378069 (0.189034), Inserts: 1621931 (0.810966), Errors: 0 (0)
52/128 - Execution time: 9.40085 seconds
52/128 - Throughput: 212747 ops/sec
11/128 - Performed a throughput benchmark:
11/128 - Performed 2000000 find-or-put operations with random values from [0,...,588799999]
11/128 - Finds: 380004 (0.190002), Inserts: 1619996 (0.809998), Errors: 0 (0)
11/128 - Execution time: 9.41777 seconds
11/128 - Throughput: 212365 ops/sec
97/128 - Performed a throughput benchmark:
97/128 - Performed 2000000 find-or-put operations with random values from [0,...,588799999]
97/128 - Finds: 377974 (0.188987), Inserts: 1622026 (0.811013), Errors: 0 (0)
97/128 - Execution time: 9.39233 seconds
97/128 - Throughput: 212940 ops/sec
22/128 - Performed a throughput benchmark:
22/128 - Performed 2000000 find-or-put operations with random values from [0,...,588799999]
22/128 - Finds: 381115 (0.190557), Inserts: 1618885 (0.809442), Errors: 0 (0)
22/128 - Execution time: 9.44414 seconds
22/128 - Throughput: 211772 ops/sec
102/128 - Performed a throughput benchmark:
102/128 - Performed 2000000 find-or-put operations with random values from [0,...,588799999]
102/128 - Finds: 377220 (0.18861), Inserts: 1622780 (0.81139), Errors: 0 (0)
102/128 - Execution time: 9.40899 seconds
102/128 - Throughput: 212563 ops/sec
100/128 - Performed a throughput benchmark:
100/128 - Performed 2000000 find-or-put operations with random values from [0,...,588799999]
100/128 - Finds: 376965 (0.188482), Inserts: 1623035 (0.811518), Errors: 0 (0)
100/128 - Execution time: 9.38187 seconds
100/128 - Throughput: 213177 ops/sec
116/128 - Performed a throughput benchmark:
116/128 - Performed 2000000 find-or-put operations with random values from [0,...,588799999]
116/128 - Finds: 381259 (0.19063), Inserts: 1618741 (0.80937), Errors: 0 (0)
116/128 - Execution time: 9.44607 seconds
116/128 - Throughput: 211728 ops/sec
62/128 - Performed a throughput benchmark:
62/128 - Performed 2000000 find-or-put operations with random values from [0,...,588799999]
62/128 - Finds: 377529 (0.188765), Inserts: 1622471 (0.811235), Errors: 0 (0)
62/128 - Execution time: 9.39202 seconds
62/128 - Throughput: 212947 ops/sec
57/128 - Performed a throughput benchmark:
57/128 - Performed 2000000 find-or-put operations with random values from [0,...,588799999]
57/128 - Finds: 377327 (0.188664), Inserts: 1622673 (0.811337), Errors: 0 (0)
57/128 - Execution time: 9.39005 seconds
57/128 - Throughput: 212992 ops/sec
80/128 - Performed a throughput benchmark:
80/128 - Performed 2000000 find-or-put operations with random values from [0,...,588799999]
80/128 - Finds: 378259 (0.18913), Inserts: 1621741 (0.810871), Errors: 0 (0)
80/128 - Execution time: 9.35686 seconds
80/128 - Throughput: 213747 ops/sec
73/128 - Performed a throughput benchmark:
73/128 - Performed 2000000 find-or-put operations with random values from [0,...,588799999]
73/128 - Finds: 379003 (0.189501), Inserts: 1620997 (0.810499), Errors: 0 (0)
73/128 - Execution time: 9.40159 seconds
73/128 - Throughput: 212730 ops/sec
26/128 - Performed a throughput benchmark:
26/128 - Performed 2000000 find-or-put operations with random values from [0,...,588799999]
26/128 - Finds: 380106 (0.190053), Inserts: 1619894 (0.809947), Errors: 0 (0)
26/128 - Execution time: 9.44819 seconds
26/128 - Throughput: 211681 ops/sec
93/128 - Performed a throughput benchmark:
93/128 - Performed 2000000 find-or-put operations with random values from [0,...,588799999]
93/128 - Finds: 377684 (0.188842), Inserts: 1622316 (0.811158), Errors: 0 (0)
93/128 - Execution time: 9.41227 seconds
93/128 - Throughput: 212489 ops/sec
82/128 - Performed a throughput benchmark:
82/128 - Performed 2000000 find-or-put operations with random values from [0,...,588799999]
82/128 - Finds: 375739 (0.187869), Inserts: 1624261 (0.81213), Errors: 0 (0)
82/128 - Execution time: 9.35829 seconds
82/128 - Throughput: 213714 ops/sec
118/128 - Performed a throughput benchmark:
118/128 - Performed 2000000 find-or-put operations with random values from [0,...,588799999]
118/128 - Finds: 379745 (0.189872), Inserts: 1620255 (0.810128), Errors: 0 (0)
118/128 - Execution time: 9.43106 seconds
118/128 - Throughput: 212065 ops/sec
111/128 - Performed a throughput benchmark:
111/128 - Performed 2000000 find-or-put operations with random values from [0,...,588799999]
111/128 - Finds: 380622 (0.190311), Inserts: 1619378 (0.809689), Errors: 0 (0)
111/128 - Execution time: 9.4419 seconds
111/128 - Throughput: 211822 ops/sec
126/128 - Performed a throughput benchmark:
126/128 - Performed 2000000 find-or-put operations with random values from [0,...,588799999]
126/128 - Finds: 377316 (0.188658), Inserts: 1622684 (0.811342), Errors: 0 (0)
126/128 - Execution time: 9.40284 seconds
126/128 - Throughput: 212702 ops/sec
127/128 - Performed a throughput benchmark:
127/128 - Performed 2000000 find-or-put operations with random values from [0,...,588799999]
127/128 - Finds: 377733 (0.188866), Inserts: 1622267 (0.811133), Errors: 0 (0)
127/128 - Execution time: 9.39779 seconds
127/128 - Throughput: 212816 ops/sec
110/128 - Performed a throughput benchmark:
110/128 - Performed 2000000 find-or-put operations with random values from [0,...,588799999]
110/128 - Finds: 379623 (0.189811), Inserts: 1620377 (0.810188), Errors: 0 (0)
110/128 - Execution time: 9.45064 seconds
110/128 - Throughput: 211626 ops/sec
69/128 - Performed a throughput benchmark:
69/128 - Performed 2000000 find-or-put operations with random values from [0,...,588799999]
69/128 - Finds: 377110 (0.188555), Inserts: 1622890 (0.811445), Errors: 0 (0)
69/128 - Execution time: 9.37747 seconds
69/128 - Throughput: 213277 ops/sec
124/128 - Performed a throughput benchmark:
124/128 - Performed 2000000 find-or-put operations with random values from [0,...,588799999]
124/128 - Finds: 378225 (0.189112), Inserts: 1621775 (0.810887), Errors: 0 (0)
124/128 - Execution time: 9.39876 seconds
124/128 - Throughput: 212794 ops/sec
36/128 - Performed a throughput benchmark:
36/128 - Performed 2000000 find-or-put operations with random values from [0,...,588799999]
36/128 - Finds: 378977 (0.189489), Inserts: 1621023 (0.810512), Errors: 0 (0)
36/128 - Execution time: 9.41704 seconds
36/128 - Throughput: 212381 ops/sec
125/128 - Performed a throughput benchmark:
125/128 - Performed 2000000 find-or-put operations with random values from [0,...,588799999]
125/128 - Finds: 377778 (0.188889), Inserts: 1622222 (0.811111), Errors: 0 (0)
125/128 - Execution time: 9.38675 seconds
125/128 - Throughput: 213066 ops/sec
50/128 - Performed a throughput benchmark:
50/128 - Performed 2000000 find-or-put operations with random values from [0,...,588799999]
50/128 - Finds: 378376 (0.189188), Inserts: 1621624 (0.810812), Errors: 0 (0)
50/128 - Execution time: 9.40365 seconds
50/128 - Throughput: 212683 ops/sec
58/128 - Performed a throughput benchmark:
58/128 - Performed 2000000 find-or-put operations with random values from [0,...,588799999]
58/128 - Finds: 377515 (0.188757), Inserts: 1622485 (0.811242), Errors: 0 (0)
58/128 - Execution time: 9.40118 seconds
58/128 - Throughput: 212739 ops/sec
18/128 - Performed a throughput benchmark:
18/128 - Performed 2000000 find-or-put operations with random values from [0,...,588799999]
18/128 - Finds: 378678 (0.189339), Inserts: 1621322 (0.810661), Errors: 0 (0)
18/128 - Execution time: 9.40446 seconds
18/128 - Throughput: 212665 ops/sec
106/128 - Performed a throughput benchmark:
106/128 - Performed 2000000 find-or-put operations with random values from [0,...,588799999]
106/128 - Finds: 378593 (0.189297), Inserts: 1621407 (0.810704), Errors: 0 (0)
106/128 - Execution time: 9.42873 seconds
106/128 - Throughput: 212118 ops/sec
15/128 - Performed a throughput benchmark:
15/128 - Performed 2000000 find-or-put operations with random values from [0,...,588799999]
15/128 - Finds: 377321 (0.188661), Inserts: 1622679 (0.811339), Errors: 0 (0)
15/128 - Execution time: 9.38848 seconds
15/128 - Throughput: 213027 ops/sec
38/128 - Performed a throughput benchmark:
38/128 - Performed 2000000 find-or-put operations with random values from [0,...,588799999]
38/128 - Finds: 377579 (0.188789), Inserts: 1622421 (0.81121), Errors: 0 (0)
38/128 - Execution time: 9.39156 seconds
38/128 - Throughput: 212957 ops/sec
76/128 - Performed a throughput benchmark:
76/128 - Performed 2000000 find-or-put operations with random values from [0,...,588799999]
76/128 - Finds: 378786 (0.189393), Inserts: 1621214 (0.810607), Errors: 0 (0)
76/128 - Execution time: 9.41008 seconds
76/128 - Throughput: 212538 ops/sec
51/128 - Performed a throughput benchmark:
51/128 - Performed 2000000 find-or-put operations with random values from [0,...,588799999]
51/128 - Finds: 378478 (0.189239), Inserts: 1621522 (0.810761), Errors: 0 (0)
51/128 - Execution time: 9.40622 seconds
51/128 - Throughput: 212625 ops/sec
12/128 - Performed a throughput benchmark:
12/128 - Performed 2000000 find-or-put operations with random values from [0,...,588799999]
12/128 - Finds: 378147 (0.189074), Inserts: 1621853 (0.810926), Errors: 0 (0)
12/128 - Execution time: 9.39155 seconds
12/128 - Throughput: 212958 ops/sec
77/128 - Performed a throughput benchmark:
77/128 - Performed 2000000 find-or-put operations with random values from [0,...,588799999]
77/128 - Finds: 377276 (0.188638), Inserts: 1622724 (0.811362), Errors: 0 (0)
77/128 - Execution time: 9.39386 seconds
77/128 - Throughput: 212905 ops/sec
92/128 - Performed a throughput benchmark:
92/128 - Performed 2000000 find-or-put operations with random values from [0,...,588799999]
92/128 - Finds: 377637 (0.188819), Inserts: 1622363 (0.811181), Errors: 0 (0)
92/128 - Execution time: 9.37978 seconds
92/128 - Throughput: 213225 ops/sec
75/128 - Performed a throughput benchmark:
75/128 - Performed 2000000 find-or-put operations with random values from [0,...,588799999]
75/128 - Finds: 378965 (0.189482), Inserts: 1621035 (0.810518), Errors: 0 (0)
75/128 - Execution time: 9.40173 seconds
75/128 - Throughput: 212727 ops/sec
27/128 - Performed a throughput benchmark:
27/128 - Performed 2000000 find-or-put operations with random values from [0,...,588799999]
27/128 - Finds: 378035 (0.189018), Inserts: 1621965 (0.810983), Errors: 0 (0)
27/128 - Execution time: 9.40427 seconds
27/128 - Throughput: 212669 ops/sec
94/128 - Performed a throughput benchmark:
94/128 - Performed 2000000 find-or-put operations with random values from [0,...,588799999]
94/128 - Finds: 377843 (0.188921), Inserts: 1622157 (0.811079), Errors: 0 (0)
94/128 - Execution time: 9.38873 seconds
94/128 - Throughput: 213021 ops/sec
56/128 - Performed a throughput benchmark:
56/128 - Performed 2000000 find-or-put operations with random values from [0,...,588799999]
56/128 - Finds: 377604 (0.188802), Inserts: 1622396 (0.811198), Errors: 0 (0)
56/128 - Execution time: 9.41015 seconds
56/128 - Throughput: 212536 ops/sec
54/128 - Performed a throughput benchmark:
54/128 - Performed 2000000 find-or-put operations with random values from [0,...,588799999]
54/128 - Finds: 379021 (0.18951), Inserts: 1620979 (0.810489), Errors: 0 (0)
54/128 - Execution time: 9.40392 seconds
54/128 - Throughput: 212677 ops/sec
109/128 - Performed a throughput benchmark:
109/128 - Performed 2000000 find-or-put operations with random values from [0,...,588799999]
109/128 - Finds: 380410 (0.190205), Inserts: 1619590 (0.809795), Errors: 0 (0)
109/128 - Execution time: 9.42032 seconds
109/128 - Throughput: 212307 ops/sec
49/128 - Performed a throughput benchmark:
49/128 - Performed 2000000 find-or-put operations with random values from [0,...,588799999]
49/128 - Finds: 378215 (0.189108), Inserts: 1621785 (0.810893), Errors: 0 (0)
49/128 - Execution time: 9.40991 seconds
49/128 - Throughput: 212542 ops/sec
105/128 - Performed a throughput benchmark:
105/128 - Performed 2000000 find-or-put operations with random values from [0,...,588799999]
105/128 - Finds: 379951 (0.189975), Inserts: 1620049 (0.810025), Errors: 0 (0)
105/128 - Execution time: 9.4401 seconds
105/128 - Throughput: 211862 ops/sec
119/128 - Performed a throughput benchmark:
119/128 - Performed 2000000 find-or-put operations with random values from [0,...,588799999]
119/128 - Finds: 378974 (0.189487), Inserts: 1621026 (0.810513), Errors: 0 (0)
119/128 - Execution time: 9.43023 seconds
119/128 - Throughput: 212084 ops/sec
95/128 - Performed a throughput benchmark:
95/128 - Performed 2000000 find-or-put operations with random values from [0,...,588799999]
95/128 - Finds: 379243 (0.189621), Inserts: 1620757 (0.810379), Errors: 0 (0)
95/128 - Execution time: 9.41495 seconds
95/128 - Throughput: 212428 ops/sec
107/128 - Performed a throughput benchmark:
107/128 - Performed 2000000 find-or-put operations with random values from [0,...,588799999]
107/128 - Finds: 378256 (0.189128), Inserts: 1621744 (0.810872), Errors: 0 (0)
107/128 - Execution time: 9.4238 seconds
107/128 - Throughput: 212229 ops/sec
74/128 - Performed a throughput benchmark:
74/128 - Performed 2000000 find-or-put operations with random values from [0,...,588799999]
74/128 - Finds: 378681 (0.18934), Inserts: 1621319 (0.810659), Errors: 0 (0)
74/128 - Execution time: 9.41415 seconds
74/128 - Throughput: 212446 ops/sec
90/128 - Performed a throughput benchmark:
90/128 - Performed 2000000 find-or-put operations with random values from [0,...,588799999]
90/128 - Finds: 377487 (0.188744), Inserts: 1622513 (0.811257), Errors: 0 (0)
90/128 - Execution time: 9.4072 seconds
90/128 - Throughput: 212603 ops/sec
61/128 - Performed a throughput benchmark:
61/128 - Performed 2000000 find-or-put operations with random values from [0,...,588799999]
61/128 - Finds: 378912 (0.189456), Inserts: 1621088 (0.810544), Errors: 0 (0)
61/128 - Execution time: 9.40807 seconds
61/128 - Throughput: 212583 ops/sec
121/128 - Performed a throughput benchmark:
121/128 - Performed 2000000 find-or-put operations with random values from [0,...,588799999]
121/128 - Finds: 377828 (0.188914), Inserts: 1622172 (0.811086), Errors: 0 (0)
121/128 - Execution time: 9.38769 seconds
121/128 - Throughput: 213045 ops/sec
88/128 - Performed a throughput benchmark:
88/128 - Performed 2000000 find-or-put operations with random values from [0,...,588799999]
88/128 - Finds: 377112 (0.188556), Inserts: 1622888 (0.811444), Errors: 0 (0)
88/128 - Execution time: 9.38606 seconds
88/128 - Throughput: 213082 ops/sec
79/128 - Performed a throughput benchmark:
79/128 - Performed 2000000 find-or-put operations with random values from [0,...,588799999]
79/128 - Finds: 378855 (0.189427), Inserts: 1621145 (0.810573), Errors: 0 (0)
79/128 - Execution time: 9.41491 seconds
79/128 - Throughput: 212429 ops/sec
120/128 - Performed a throughput benchmark:
120/128 - Performed 2000000 find-or-put operations with random values from [0,...,588799999]
120/128 - Finds: 376889 (0.188444), Inserts: 1623111 (0.811555), Errors: 0 (0)
120/128 - Execution time: 9.38461 seconds
120/128 - Throughput: 213115 ops/sec
123/128 - Performed a throughput benchmark:
123/128 - Performed 2000000 find-or-put operations with random values from [0,...,588799999]
123/128 - Finds: 377704 (0.188852), Inserts: 1622296 (0.811148), Errors: 0 (0)
123/128 - Execution time: 9.39142 seconds
123/128 - Throughput: 212960 ops/sec
72/128 - Performed a throughput benchmark:
72/128 - Performed 2000000 find-or-put operations with random values from [0,...,588799999]
72/128 - Finds: 378679 (0.189339), Inserts: 1621321 (0.810661), Errors: 0 (0)
72/128 - Execution time: 9.40902 seconds
72/128 - Throughput: 212562 ops/sec
20/128 - Performed a throughput benchmark:
20/128 - Performed 2000000 find-or-put operations with random values from [0,...,588799999]
20/128 - Finds: 378627 (0.189313), Inserts: 1621373 (0.810686), Errors: 0 (0)
20/128 - Execution time: 9.40065 seconds
20/128 - Throughput: 212751 ops/sec
14/128 - Performed a throughput benchmark:
14/128 - Performed 2000000 find-or-put operations with random values from [0,...,588799999]
14/128 - Finds: 378506 (0.189253), Inserts: 1621494 (0.810747), Errors: 0 (0)
14/128 - Execution time: 9.40656 seconds
14/128 - Throughput: 212618 ops/sec
104/128 - Performed a throughput benchmark:
104/128 - Performed 2000000 find-or-put operations with random values from [0,...,588799999]
104/128 - Finds: 378621 (0.18931), Inserts: 1621379 (0.810689), Errors: 0 (0)
104/128 - Execution time: 9.42528 seconds
104/128 - Throughput: 212195 ops/sec
16/128 - Performed a throughput benchmark:
16/128 - Performed 2000000 find-or-put operations with random values from [0,...,588799999]
16/128 - Finds: 378314 (0.189157), Inserts: 1621686 (0.810843), Errors: 0 (0)
16/128 - Execution time: 9.39023 seconds
16/128 - Throughput: 212987 ops/sec
34/128 - Performed a throughput benchmark:
34/128 - Performed 2000000 find-or-put operations with random values from [0,...,588799999]
34/128 - Finds: 378028 (0.189014), Inserts: 1621972 (0.810986), Errors: 0 (0)
34/128 - Execution time: 9.38835 seconds
34/128 - Throughput: 213030 ops/sec
122/128 - Performed a throughput benchmark:
122/128 - Performed 2000000 find-or-put operations with random values from [0,...,588799999]
122/128 - Finds: 377426 (0.188713), Inserts: 1622574 (0.811287), Errors: 0 (0)
122/128 - Execution time: 9.39869 seconds
122/128 - Throughput: 212796 ops/sec
39/128 - Performed a throughput benchmark:
39/128 - Performed 2000000 find-or-put operations with random values from [0,...,588799999]
39/128 - Finds: 377631 (0.188815), Inserts: 1622369 (0.811184), Errors: 0 (0)
39/128 - Execution time: 9.40138 seconds
39/128 - Throughput: 212735 ops/sec
112/128 - Performed a throughput benchmark:
112/128 - Performed 2000000 find-or-put operations with random values from [0,...,588799999]
112/128 - Finds: 379121 (0.18956), Inserts: 1620879 (0.810439), Errors: 0 (0)
112/128 - Execution time: 9.41742 seconds
112/128 - Throughput: 212372 ops/sec
8/128 - Performed a throughput benchmark:
8/128 - Performed 2000000 find-or-put operations with random values from [0,...,588799999]
8/128 - Finds: 378722 (0.189361), Inserts: 1621278 (0.810639), Errors: 0 (0)
8/128 - Execution time: 9.41297 seconds
8/128 - Throughput: 212473 ops/sec
85/128 - Performed a throughput benchmark:
85/128 - Performed 2000000 find-or-put operations with random values from [0,...,588799999]
85/128 - Finds: 382904 (0.191452), Inserts: 1617096 (0.808548), Errors: 0 (0)
85/128 - Execution time: 9.48673 seconds
85/128 - Throughput: 210821 ops/sec
63/128 - Performed a throughput benchmark:
63/128 - Performed 2000000 find-or-put operations with random values from [0,...,588799999]
63/128 - Finds: 384078 (0.192039), Inserts: 1615922 (0.807961), Errors: 0 (0)
63/128 - Execution time: 9.54513 seconds
63/128 - Throughput: 209531 ops/sec
2/128 - Performed a throughput benchmark:
2/128 - Performed 2000000 find-or-put operations with random values from [0,...,588799999]
2/128 - Finds: 392587 (0.196294), Inserts: 1607413 (0.803706), Errors: 0 (0)
2/128 - Execution time: 9.78467 seconds
2/128 - Throughput: 204401 ops/sec
[1447494468.157724] [node008:27353:0]         sys.c:719  MXM  WARN  Conflicting CPU frequencies detected, using: 2400.00
