[1447494768.934731] [node002:3443 :0]         sys.c:719  MXM  WARN  Conflicting CPU frequencies detected, using: 1499.62
[1447494768.965212] [node002:3443 :0]         mxm.c:185  MXM  WARN  The 'ulimit -s' on the system is set to 'unlimited'. This may have negative performance implications. Please set the heap size to the default value (10240) 
[1447494768.935862] [node002:3444 :0]         sys.c:719  MXM  WARN  Conflicting CPU frequencies detected, using: 1499.62
[1447494768.965169] [node002:3444 :0]         mxm.c:185  MXM  WARN  The 'ulimit -s' on the system is set to 'unlimited'. This may have negative performance implications. Please set the heap size to the default value (10240) 
[1447494769.651020] [node016:9153 :0]         sys.c:719  MXM  WARN  Conflicting CPU frequencies detected, using: 2146.50
[1447494769.655395] [node016:9153 :0]         mxm.c:185  MXM  WARN  The 'ulimit -s' on the system is set to 'unlimited'. This may have negative performance implications. Please set the heap size to the default value (10240) 
[1447494769.660839] [node016:9152 :0]         sys.c:719  MXM  WARN  Conflicting CPU frequencies detected, using: 2170.12
[1447494769.664497] [node016:9152 :0]         mxm.c:185  MXM  WARN  The 'ulimit -s' on the system is set to 'unlimited'. This may have negative performance implications. Please set the heap size to the default value (10240) 
[1447494769.660855] [node005:23095:0]         sys.c:719  MXM  WARN  Conflicting CPU frequencies detected, using: 2197.31
[1447494769.664687] [node005:23095:0]         mxm.c:185  MXM  WARN  The 'ulimit -s' on the system is set to 'unlimited'. This may have negative performance implications. Please set the heap size to the default value (10240) 
[1447494769.658753] [node005:23096:0]         sys.c:719  MXM  WARN  Conflicting CPU frequencies detected, using: 2197.31
[1447494769.662975] [node005:23096:0]         mxm.c:185  MXM  WARN  The 'ulimit -s' on the system is set to 'unlimited'. This may have negative performance implications. Please set the heap size to the default value (10240) 
[1447494769.661338] [node010:20768:0]         sys.c:719  MXM  WARN  Conflicting CPU frequencies detected, using: 1998.84
[1447494769.664789] [node010:20768:0]         mxm.c:185  MXM  WARN  The 'ulimit -s' on the system is set to 'unlimited'. This may have negative performance implications. Please set the heap size to the default value (10240) 
[1447494769.659004] [node010:20769:0]         sys.c:719  MXM  WARN  Conflicting CPU frequencies detected, using: 1998.84
[1447494769.663250] [node010:20769:0]         mxm.c:185  MXM  WARN  The 'ulimit -s' on the system is set to 'unlimited'. This may have negative performance implications. Please set the heap size to the default value (10240) 
[1447494769.661130] [node014:16657:0]         sys.c:719  MXM  WARN  Conflicting CPU frequencies detected, using: 2225.16
[1447494769.665242] [node014:16657:0]         mxm.c:185  MXM  WARN  The 'ulimit -s' on the system is set to 'unlimited'. This may have negative performance implications. Please set the heap size to the default value (10240) 
[1447494769.657931] [node008:32241:0]         sys.c:719  MXM  WARN  Conflicting CPU frequencies detected, using: 2095.59
[1447494769.665035] [node008:32241:0]         mxm.c:185  MXM  WARN  The 'ulimit -s' on the system is set to 'unlimited'. This may have negative performance implications. Please set the heap size to the default value (10240) 
[1447494769.661436] [node006:21165:0]         sys.c:719  MXM  WARN  Conflicting CPU frequencies detected, using: 1998.38
[1447494769.665857] [node006:21165:0]         mxm.c:185  MXM  WARN  The 'ulimit -s' on the system is set to 'unlimited'. This may have negative performance implications. Please set the heap size to the default value (10240) 
[1447494769.669117] [node006:21166:0]         sys.c:719  MXM  WARN  Conflicting CPU frequencies detected, using: 1998.38
[1447494769.674829] [node006:21166:0]         mxm.c:185  MXM  WARN  The 'ulimit -s' on the system is set to 'unlimited'. This may have negative performance implications. Please set the heap size to the default value (10240) 
[1447494769.664732] [node008:32240:0]         sys.c:719  MXM  WARN  Conflicting CPU frequencies detected, using: 2095.59
[1447494769.671892] [node008:32240:0]         mxm.c:185  MXM  WARN  The 'ulimit -s' on the system is set to 'unlimited'. This may have negative performance implications. Please set the heap size to the default value (10240) 
[1447494769.663081] [node004:15276:0]         sys.c:719  MXM  WARN  Conflicting CPU frequencies detected, using: 1603.22
[1447494769.667492] [node004:15276:0]         mxm.c:185  MXM  WARN  The 'ulimit -s' on the system is set to 'unlimited'. This may have negative performance implications. Please set the heap size to the default value (10240) 
[1447494769.676652] [node017:6961 :0]         sys.c:719  MXM  WARN  Conflicting CPU frequencies detected, using: 2110.50
[1447494769.682885] [node017:6961 :0]         mxm.c:185  MXM  WARN  The 'ulimit -s' on the system is set to 'unlimited'. This may have negative performance implications. Please set the heap size to the default value (10240) 
[1447494769.910351] [node036:15252:0]         sys.c:719  MXM  WARN  Conflicting CPU frequencies detected, using: 2400.00
[1447494769.915077] [node036:15252:0]         mxm.c:185  MXM  WARN  The 'ulimit -s' on the system is set to 'unlimited'. This may have negative performance implications. Please set the heap size to the default value (10240) 
[1447494769.919401] [node036:15256:0]         sys.c:719  MXM  WARN  Conflicting CPU frequencies detected, using: 2273.81
[1447494769.923326] [node036:15256:0]         mxm.c:185  MXM  WARN  The 'ulimit -s' on the system is set to 'unlimited'. This may have negative performance implications. Please set the heap size to the default value (10240) 
[1447494769.919519] [node027:7673 :0]         sys.c:719  MXM  WARN  Conflicting CPU frequencies detected, using: 2243.62
[1447494769.923778] [node027:7673 :0]         mxm.c:185  MXM  WARN  The 'ulimit -s' on the system is set to 'unlimited'. This may have negative performance implications. Please set the heap size to the default value (10240) 
[1447494769.916902] [node032:12798:0]         sys.c:719  MXM  WARN  Conflicting CPU frequencies detected, using: 2400.00
[1447494769.923193] [node032:12798:0]         mxm.c:185  MXM  WARN  The 'ulimit -s' on the system is set to 'unlimited'. This may have negative performance implications. Please set the heap size to the default value (10240) 
[1447494769.920722] [node007:7029 :0]         sys.c:719  MXM  WARN  Conflicting CPU frequencies detected, using: 2395.03
[1447494769.925044] [node007:7029 :0]         mxm.c:185  MXM  WARN  The 'ulimit -s' on the system is set to 'unlimited'. This may have negative performance implications. Please set the heap size to the default value (10240) 
[1447494769.923884] [node027:7670 :0]         sys.c:719  MXM  WARN  Conflicting CPU frequencies detected, using: 2243.62
[1447494769.927850] [node027:7670 :0]         mxm.c:185  MXM  WARN  The 'ulimit -s' on the system is set to 'unlimited'. This may have negative performance implications. Please set the heap size to the default value (10240) 
[1447494769.921403] [node007:7028 :0]         sys.c:719  MXM  WARN  Conflicting CPU frequencies detected, using: 2395.03
[1447494769.925402] [node007:7028 :0]         mxm.c:185  MXM  WARN  The 'ulimit -s' on the system is set to 'unlimited'. This may have negative performance implications. Please set the heap size to the default value (10240) 
[1447494769.923342] [node019:30410:0]         sys.c:719  MXM  WARN  Conflicting CPU frequencies detected, using: 2400.00
[1447494769.927416] [node019:30410:0]         mxm.c:185  MXM  WARN  The 'ulimit -s' on the system is set to 'unlimited'. This may have negative performance implications. Please set the heap size to the default value (10240) 
[1447494769.921239] [node011:14733:0]         sys.c:719  MXM  WARN  Conflicting CPU frequencies detected, using: 2293.03
[1447494769.927351] [node011:14733:0]         mxm.c:185  MXM  WARN  The 'ulimit -s' on the system is set to 'unlimited'. This may have negative performance implications. Please set the heap size to the default value (10240) 
[1447494769.915845] [node033:17288:0]         sys.c:719  MXM  WARN  Conflicting CPU frequencies detected, using: 2399.91
[1447494769.921662] [node033:17288:0]         mxm.c:185  MXM  WARN  The 'ulimit -s' on the system is set to 'unlimited'. This may have negative performance implications. Please set the heap size to the default value (10240) 
[1447494769.923836] [node019:30404:0]         sys.c:719  MXM  WARN  Conflicting CPU frequencies detected, using: 2400.00
[1447494769.927732] [node019:30404:0]         mxm.c:185  MXM  WARN  The 'ulimit -s' on the system is set to 'unlimited'. This may have negative performance implications. Please set the heap size to the default value (10240) 
[1447494769.911623] [node033:17289:0]         sys.c:719  MXM  WARN  Conflicting CPU frequencies detected, using: 2399.91
[1447494769.917895] [node033:17289:0]         mxm.c:185  MXM  WARN  The 'ulimit -s' on the system is set to 'unlimited'. This may have negative performance implications. Please set the heap size to the default value (10240) 
[1447494769.928460] [node035:12609:0]         sys.c:719  MXM  WARN  Conflicting CPU frequencies detected, using: 2342.91
[1447494769.932410] [node035:12609:0]         mxm.c:185  MXM  WARN  The 'ulimit -s' on the system is set to 'unlimited'. This may have negative performance implications. Please set the heap size to the default value (10240) 
[1447494769.927246] [node021:7956 :0]         sys.c:719  MXM  WARN  Conflicting CPU frequencies detected, using: 2400.00
[1447494769.930830] [node021:7956 :0]         mxm.c:185  MXM  WARN  The 'ulimit -s' on the system is set to 'unlimited'. This may have negative performance implications. Please set the heap size to the default value (10240) 
[1447494769.912979] [node011:14732:0]         sys.c:719  MXM  WARN  Conflicting CPU frequencies detected, using: 2293.03
[1447494769.919647] [node011:14732:0]         mxm.c:185  MXM  WARN  The 'ulimit -s' on the system is set to 'unlimited'. This may have negative performance implications. Please set the heap size to the default value (10240) 
[1447494769.924276] [node014:16697:0]         sys.c:719  MXM  WARN  Conflicting CPU frequencies detected, using: 2225.16
[1447494769.928692] [node014:16697:0]         mxm.c:185  MXM  WARN  The 'ulimit -s' on the system is set to 'unlimited'. This may have negative performance implications. Please set the heap size to the default value (10240) 
[1447494769.918812] [node032:12799:0]         sys.c:719  MXM  WARN  Conflicting CPU frequencies detected, using: 2400.00
[1447494769.926069] [node032:12799:0]         mxm.c:185  MXM  WARN  The 'ulimit -s' on the system is set to 'unlimited'. This may have negative performance implications. Please set the heap size to the default value (10240) 
[1447494769.917556] [node012:3419 :0]         sys.c:719  MXM  WARN  Conflicting CPU frequencies detected, using: 2274.28
[1447494769.923751] [node012:3419 :0]         mxm.c:185  MXM  WARN  The 'ulimit -s' on the system is set to 'unlimited'. This may have negative performance implications. Please set the heap size to the default value (10240) 
[1447494769.928934] [node026:11823:0]         sys.c:719  MXM  WARN  Conflicting CPU frequencies detected, using: 2181.47
[1447494769.933092] [node026:11823:0]         mxm.c:185  MXM  WARN  The 'ulimit -s' on the system is set to 'unlimited'. This may have negative performance implications. Please set the heap size to the default value (10240) 
[1447494769.930834] [node031:22429:0]         sys.c:719  MXM  WARN  Conflicting CPU frequencies detected, using: 2389.03
[1447494769.936568] [node031:22429:0]         mxm.c:185  MXM  WARN  The 'ulimit -s' on the system is set to 'unlimited'. This may have negative performance implications. Please set the heap size to the default value (10240) 
[1447494769.928905] [node029:18225:0]         sys.c:719  MXM  WARN  Conflicting CPU frequencies detected, using: 2063.44
[1447494769.933331] [node029:18225:0]         mxm.c:185  MXM  WARN  The 'ulimit -s' on the system is set to 'unlimited'. This may have negative performance implications. Please set the heap size to the default value (10240) 
[1447494769.941665] [node035:12613:0]         sys.c:719  MXM  WARN  Conflicting CPU frequencies detected, using: 2342.91
[1447494769.944915] [node035:12613:0]         mxm.c:185  MXM  WARN  The 'ulimit -s' on the system is set to 'unlimited'. This may have negative performance implications. Please set the heap size to the default value (10240) 
[1447494769.915250] [node015:23070:0]         sys.c:719  MXM  WARN  Conflicting CPU frequencies detected, using: 2019.75
[1447494769.922785] [node015:23070:0]         mxm.c:185  MXM  WARN  The 'ulimit -s' on the system is set to 'unlimited'. This may have negative performance implications. Please set the heap size to the default value (10240) 
[1447494769.935702] [node037:19058:0]         sys.c:719  MXM  WARN  Conflicting CPU frequencies detected, using: 2400.00
[1447494769.939806] [node037:19058:0]         mxm.c:185  MXM  WARN  The 'ulimit -s' on the system is set to 'unlimited'. This may have negative performance implications. Please set the heap size to the default value (10240) 
[1447494769.936859] [node037:19051:0]         sys.c:719  MXM  WARN  Conflicting CPU frequencies detected, using: 2400.00
[1447494769.940410] [node037:19051:0]         mxm.c:185  MXM  WARN  The 'ulimit -s' on the system is set to 'unlimited'. This may have negative performance implications. Please set the heap size to the default value (10240) 
[1447494769.926978] [node031:22428:0]         sys.c:719  MXM  WARN  Conflicting CPU frequencies detected, using: 2389.03
[1447494769.932974] [node031:22428:0]         mxm.c:185  MXM  WARN  The 'ulimit -s' on the system is set to 'unlimited'. This may have negative performance implications. Please set the heap size to the default value (10240) 
[1447494769.940872] [node021:7959 :0]         sys.c:719  MXM  WARN  Conflicting CPU frequencies detected, using: 2400.00
[1447494769.945138] [node021:7959 :0]         mxm.c:185  MXM  WARN  The 'ulimit -s' on the system is set to 'unlimited'. This may have negative performance implications. Please set the heap size to the default value (10240) 
[1447494769.942235] [node051:15289:0]         sys.c:719  MXM  WARN  Conflicting CPU frequencies detected, using: 2292.38
[1447494769.946178] [node051:15289:0]         mxm.c:185  MXM  WARN  The 'ulimit -s' on the system is set to 'unlimited'. This may have negative performance implications. Please set the heap size to the default value (10240) 
[1447494769.926754] [node012:3420 :0]         sys.c:719  MXM  WARN  Conflicting CPU frequencies detected, using: 2274.28
[1447494769.934102] [node012:3420 :0]         mxm.c:185  MXM  WARN  The 'ulimit -s' on the system is set to 'unlimited'. This may have negative performance implications. Please set the heap size to the default value (10240) 
[1447494769.920377] [node009:14616:0]         sys.c:719  MXM  WARN  Conflicting CPU frequencies detected, using: 2161.88
[1447494769.928528] [node009:14616:0]         mxm.c:185  MXM  WARN  The 'ulimit -s' on the system is set to 'unlimited'. This may have negative performance implications. Please set the heap size to the default value (10240) 
[1447494769.919320] [node009:14624:0]         sys.c:719  MXM  WARN  Conflicting CPU frequencies detected, using: 2161.88
[1447494769.926069] [node009:14624:0]         mxm.c:185  MXM  WARN  The 'ulimit -s' on the system is set to 'unlimited'. This may have negative performance implications. Please set the heap size to the default value (10240) 
[1447494769.939507] [node029:18224:0]         sys.c:719  MXM  WARN  Conflicting CPU frequencies detected, using: 2063.44
[1447494769.943324] [node029:18224:0]         mxm.c:185  MXM  WARN  The 'ulimit -s' on the system is set to 'unlimited'. This may have negative performance implications. Please set the heap size to the default value (10240) 
[1447494769.947204] [node028:27083:0]         sys.c:719  MXM  WARN  Conflicting CPU frequencies detected, using: 2097.09
[1447494769.950387] [node028:27083:0]         mxm.c:185  MXM  WARN  The 'ulimit -s' on the system is set to 'unlimited'. This may have negative performance implications. Please set the heap size to the default value (10240) 
[1447494769.937156] [node022:16512:0]         sys.c:719  MXM  WARN  Conflicting CPU frequencies detected, using: 2182.22
[1447494769.943173] [node022:16512:0]         mxm.c:185  MXM  WARN  The 'ulimit -s' on the system is set to 'unlimited'. This may have negative performance implications. Please set the heap size to the default value (10240) 
[1447494769.937103] [node028:27082:0]         sys.c:719  MXM  WARN  Conflicting CPU frequencies detected, using: 2097.09
[1447494769.941627] [node028:27082:0]         mxm.c:185  MXM  WARN  The 'ulimit -s' on the system is set to 'unlimited'. This may have negative performance implications. Please set the heap size to the default value (10240) 
[1447494769.936136] [node043:13062:0]         sys.c:719  MXM  WARN  Conflicting CPU frequencies detected, using: 2746.69
[1447494769.942052] [node043:13062:0]         mxm.c:185  MXM  WARN  The 'ulimit -s' on the system is set to 'unlimited'. This may have negative performance implications. Please set the heap size to the default value (10240) 
[1447494769.929029] [node038:15285:0]         sys.c:719  MXM  WARN  Conflicting CPU frequencies detected, using: 2325.66
[1447494769.935122] [node038:15285:0]         mxm.c:185  MXM  WARN  The 'ulimit -s' on the system is set to 'unlimited'. This may have negative performance implications. Please set the heap size to the default value (10240) 
[1447494769.948916] [node046:12567:0]         sys.c:719  MXM  WARN  Conflicting CPU frequencies detected, using: 1937.34
[1447494769.952040] [node046:12567:0]         mxm.c:185  MXM  WARN  The 'ulimit -s' on the system is set to 'unlimited'. This may have negative performance implications. Please set the heap size to the default value (10240) 
[1447494769.936934] [node049:12650:0]         sys.c:719  MXM  WARN  Conflicting CPU frequencies detected, using: 2097.84
[1447494769.941168] [node049:12650:0]         mxm.c:185  MXM  WARN  The 'ulimit -s' on the system is set to 'unlimited'. This may have negative performance implications. Please set the heap size to the default value (10240) 
[1447494769.931591] [node017:7001 :0]         sys.c:719  MXM  WARN  Conflicting CPU frequencies detected, using: 2110.50
[1447494769.937725] [node017:7001 :0]         mxm.c:185  MXM  WARN  The 'ulimit -s' on the system is set to 'unlimited'. This may have negative performance implications. Please set the heap size to the default value (10240) 
[1447494769.932641] [node034:13993:0]         sys.c:719  MXM  WARN  Conflicting CPU frequencies detected, using: 2213.34
[1447494769.938350] [node034:13993:0]         mxm.c:185  MXM  WARN  The 'ulimit -s' on the system is set to 'unlimited'. This may have negative performance implications. Please set the heap size to the default value (10240) 
[1447494769.941745] [node026:11821:0]         sys.c:719  MXM  WARN  Conflicting CPU frequencies detected, using: 2181.47
[1447494769.945792] [node026:11821:0]         mxm.c:185  MXM  WARN  The 'ulimit -s' on the system is set to 'unlimited'. This may have negative performance implications. Please set the heap size to the default value (10240) 
[1447494769.930749] [node013:31117:0]         sys.c:719  MXM  WARN  Conflicting CPU frequencies detected, using: 2043.28
[1447494769.937624] [node013:31117:0]         mxm.c:185  MXM  WARN  The 'ulimit -s' on the system is set to 'unlimited'. This may have negative performance implications. Please set the heap size to the default value (10240) 
[1447494769.926725] [node015:23076:0]         sys.c:719  MXM  WARN  Conflicting CPU frequencies detected, using: 2019.75
[1447494769.934365] [node015:23076:0]         mxm.c:185  MXM  WARN  The 'ulimit -s' on the system is set to 'unlimited'. This may have negative performance implications. Please set the heap size to the default value (10240) 
[1447494769.933628] [node018:27842:0]         sys.c:719  MXM  WARN  Conflicting CPU frequencies detected, using: 2098.41
[1447494769.939437] [node018:27842:0]         mxm.c:185  MXM  WARN  The 'ulimit -s' on the system is set to 'unlimited'. This may have negative performance implications. Please set the heap size to the default value (10240) 
[1447494769.939400] [node043:13056:0]         sys.c:719  MXM  WARN  Conflicting CPU frequencies detected, using: 2746.69
[1447494769.945691] [node043:13056:0]         mxm.c:185  MXM  WARN  The 'ulimit -s' on the system is set to 'unlimited'. This may have negative performance implications. Please set the heap size to the default value (10240) 
[1447494769.928130] [node018:27848:0]         sys.c:719  MXM  WARN  Conflicting CPU frequencies detected, using: 2098.41
[1447494769.934159] [node018:27848:0]         mxm.c:185  MXM  WARN  The 'ulimit -s' on the system is set to 'unlimited'. This may have negative performance implications. Please set the heap size to the default value (10240) 
[1447494769.931989] [node023:31289:0]         sys.c:719  MXM  WARN  Conflicting CPU frequencies detected, using: 1997.44
[1447494769.939058] [node023:31289:0]         mxm.c:185  MXM  WARN  The 'ulimit -s' on the system is set to 'unlimited'. This may have negative performance implications. Please set the heap size to the default value (10240) 
[1447494769.942309] [node049:12651:0]         sys.c:719  MXM  WARN  Conflicting CPU frequencies detected, using: 2097.84
[1447494769.946434] [node049:12651:0]         mxm.c:185  MXM  WARN  The 'ulimit -s' on the system is set to 'unlimited'. This may have negative performance implications. Please set the heap size to the default value (10240) 
[1447494769.938042] [node038:15277:0]         sys.c:719  MXM  WARN  Conflicting CPU frequencies detected, using: 2325.66
[1447494769.944452] [node038:15277:0]         mxm.c:185  MXM  WARN  The 'ulimit -s' on the system is set to 'unlimited'. This may have negative performance implications. Please set the heap size to the default value (10240) 
[1447494769.932796] [node040:19925:0]         sys.c:719  MXM  WARN  Conflicting CPU frequencies detected, using: 2110.88
[1447494769.938880] [node040:19925:0]         mxm.c:185  MXM  WARN  The 'ulimit -s' on the system is set to 'unlimited'. This may have negative performance implications. Please set the heap size to the default value (10240) 
[1447494769.935125] [node023:31290:0]         sys.c:719  MXM  WARN  Conflicting CPU frequencies detected, using: 1997.44
[1447494769.942261] [node023:31290:0]         mxm.c:185  MXM  WARN  The 'ulimit -s' on the system is set to 'unlimited'. This may have negative performance implications. Please set the heap size to the default value (10240) 
[1447494769.940293] [node034:13994:0]         sys.c:719  MXM  WARN  Conflicting CPU frequencies detected, using: 2213.34
[1447494769.948697] [node034:13994:0]         mxm.c:185  MXM  WARN  The 'ulimit -s' on the system is set to 'unlimited'. This may have negative performance implications. Please set the heap size to the default value (10240) 
[1447494769.928398] [node013:31118:0]         sys.c:719  MXM  WARN  Conflicting CPU frequencies detected, using: 2043.28
[1447494769.935505] [node013:31118:0]         mxm.c:185  MXM  WARN  The 'ulimit -s' on the system is set to 'unlimited'. This may have negative performance implications. Please set the heap size to the default value (10240) 
[1447494769.924908] [node020:20534:0]         sys.c:719  MXM  WARN  Conflicting CPU frequencies detected, using: 2334.75
[1447494769.932892] [node020:20534:0]         mxm.c:185  MXM  WARN  The 'ulimit -s' on the system is set to 'unlimited'. This may have negative performance implications. Please set the heap size to the default value (10240) 
[1447494769.936488] [node044:17202:0]         sys.c:719  MXM  WARN  Conflicting CPU frequencies detected, using: 2436.66
[1447494769.942791] [node044:17202:0]         mxm.c:185  MXM  WARN  The 'ulimit -s' on the system is set to 'unlimited'. This may have negative performance implications. Please set the heap size to the default value (10240) 
[1447494769.935450] [node030:15707:0]         sys.c:719  MXM  WARN  Conflicting CPU frequencies detected, using: 2366.44
[1447494769.941874] [node030:15707:0]         mxm.c:185  MXM  WARN  The 'ulimit -s' on the system is set to 'unlimited'. This may have negative performance implications. Please set the heap size to the default value (10240) 
[1447494769.943060] [node047:24142:0]         sys.c:719  MXM  WARN  Conflicting CPU frequencies detected, using: 2191.03
[1447494769.947357] [node047:24142:0]         mxm.c:185  MXM  WARN  The 'ulimit -s' on the system is set to 'unlimited'. This may have negative performance implications. Please set the heap size to the default value (10240) 
[1447494769.947663] [node048:25312:0]         sys.c:719  MXM  WARN  Conflicting CPU frequencies detected, using: 1999.03
[1447494769.951714] [node048:25312:0]         mxm.c:185  MXM  WARN  The 'ulimit -s' on the system is set to 'unlimited'. This may have negative performance implications. Please set the heap size to the default value (10240) 
[1447494769.936076] [node042:2042 :0]         sys.c:719  MXM  WARN  Conflicting CPU frequencies detected, using: 2326.59
[1447494769.942034] [node042:2042 :0]         mxm.c:185  MXM  WARN  The 'ulimit -s' on the system is set to 'unlimited'. This may have negative performance implications. Please set the heap size to the default value (10240) 
[1447494769.924855] [node020:20530:0]         sys.c:719  MXM  WARN  Conflicting CPU frequencies detected, using: 2334.75
[1447494769.933671] [node020:20530:0]         mxm.c:185  MXM  WARN  The 'ulimit -s' on the system is set to 'unlimited'. This may have negative performance implications. Please set the heap size to the default value (10240) 
[1447494769.941958] [node046:12561:0]         sys.c:719  MXM  WARN  Conflicting CPU frequencies detected, using: 1937.34
[1447494769.946333] [node046:12561:0]         mxm.c:185  MXM  WARN  The 'ulimit -s' on the system is set to 'unlimited'. This may have negative performance implications. Please set the heap size to the default value (10240) 
[1447494769.946035] [node045:15608:0]         sys.c:719  MXM  WARN  Conflicting CPU frequencies detected, using: 2033.06
[1447494769.951648] [node045:15608:0]         mxm.c:185  MXM  WARN  The 'ulimit -s' on the system is set to 'unlimited'. This may have negative performance implications. Please set the heap size to the default value (10240) 
[1447494769.948420] [node048:25318:0]         sys.c:719  MXM  WARN  Conflicting CPU frequencies detected, using: 1999.03
[1447494769.952657] [node048:25318:0]         mxm.c:185  MXM  WARN  The 'ulimit -s' on the system is set to 'unlimited'. This may have negative performance implications. Please set the heap size to the default value (10240) 
[1447494769.952815] [node051:15282:0]         sys.c:719  MXM  WARN  Conflicting CPU frequencies detected, using: 2292.38
[1447494769.956808] [node051:15282:0]         mxm.c:185  MXM  WARN  The 'ulimit -s' on the system is set to 'unlimited'. This may have negative performance implications. Please set the heap size to the default value (10240) 
[1447494769.941487] [node045:15602:0]         sys.c:719  MXM  WARN  Conflicting CPU frequencies detected, using: 2033.06
[1447494769.947674] [node045:15602:0]         mxm.c:185  MXM  WARN  The 'ulimit -s' on the system is set to 'unlimited'. This may have negative performance implications. Please set the heap size to the default value (10240) 
[1447494769.943632] [node030:15708:0]         sys.c:719  MXM  WARN  Conflicting CPU frequencies detected, using: 2366.44
[1447494769.949814] [node030:15708:0]         mxm.c:185  MXM  WARN  The 'ulimit -s' on the system is set to 'unlimited'. This may have negative performance implications. Please set the heap size to the default value (10240) 
[1447494769.935698] [node041:12082:0]         sys.c:719  MXM  WARN  Conflicting CPU frequencies detected, using: 2063.34
[1447494769.942133] [node041:12082:0]         mxm.c:185  MXM  WARN  The 'ulimit -s' on the system is set to 'unlimited'. This may have negative performance implications. Please set the heap size to the default value (10240) 
[1447494769.944901] [node044:17201:0]         sys.c:719  MXM  WARN  Conflicting CPU frequencies detected, using: 2436.66
[1447494769.951957] [node044:17201:0]         mxm.c:185  MXM  WARN  The 'ulimit -s' on the system is set to 'unlimited'. This may have negative performance implications. Please set the heap size to the default value (10240) 
[1447494769.937750] [node039:5675 :0]         sys.c:719  MXM  WARN  Conflicting CPU frequencies detected, using: 2172.47
[1447494769.944196] [node039:5675 :0]         mxm.c:185  MXM  WARN  The 'ulimit -s' on the system is set to 'unlimited'. This may have negative performance implications. Please set the heap size to the default value (10240) 
[1447494769.945727] [node039:5676 :0]         sys.c:719  MXM  WARN  Conflicting CPU frequencies detected, using: 2172.47
[1447494769.952134] [node039:5676 :0]         mxm.c:185  MXM  WARN  The 'ulimit -s' on the system is set to 'unlimited'. This may have negative performance implications. Please set the heap size to the default value (10240) 
[1447494769.948661] [node022:16513:0]         sys.c:719  MXM  WARN  Conflicting CPU frequencies detected, using: 2182.22
[1447494769.955229] [node022:16513:0]         mxm.c:185  MXM  WARN  The 'ulimit -s' on the system is set to 'unlimited'. This may have negative performance implications. Please set the heap size to the default value (10240) 
[1447494769.946261] [node040:19924:0]         sys.c:719  MXM  WARN  Conflicting CPU frequencies detected, using: 2110.88
[1447494769.953198] [node040:19924:0]         mxm.c:185  MXM  WARN  The 'ulimit -s' on the system is set to 'unlimited'. This may have negative performance implications. Please set the heap size to the default value (10240) 
[1447494769.955859] [node050:6733 :0]         sys.c:719  MXM  WARN  Conflicting CPU frequencies detected, using: 2289.94
[1447494769.960363] [node050:6733 :0]         mxm.c:185  MXM  WARN  The 'ulimit -s' on the system is set to 'unlimited'. This may have negative performance implications. Please set the heap size to the default value (10240) 
[1447494769.937899] [node004:15317:0]         sys.c:719  MXM  WARN  Conflicting CPU frequencies detected, using: 1396.88
[1447494769.942316] [node004:15317:0]         mxm.c:185  MXM  WARN  The 'ulimit -s' on the system is set to 'unlimited'. This may have negative performance implications. Please set the heap size to the default value (10240) 
[1447494769.952183] [node047:24144:0]         sys.c:719  MXM  WARN  Conflicting CPU frequencies detected, using: 2191.03
[1447494769.957463] [node047:24144:0]         mxm.c:185  MXM  WARN  The 'ulimit -s' on the system is set to 'unlimited'. This may have negative performance implications. Please set the heap size to the default value (10240) 
[1447494769.945091] [node042:2035 :0]         sys.c:719  MXM  WARN  Conflicting CPU frequencies detected, using: 2326.59
[1447494769.953616] [node042:2035 :0]         mxm.c:185  MXM  WARN  The 'ulimit -s' on the system is set to 'unlimited'. This may have negative performance implications. Please set the heap size to the default value (10240) 
[1447494769.944939] [node041:12083:0]         sys.c:719  MXM  WARN  Conflicting CPU frequencies detected, using: 1799.25
[1447494769.952798] [node041:12083:0]         mxm.c:185  MXM  WARN  The 'ulimit -s' on the system is set to 'unlimited'. This may have negative performance implications. Please set the heap size to the default value (10240) 
[1447494769.988670] [node052:23815:0]         sys.c:719  MXM  WARN  Conflicting CPU frequencies detected, using: 1994.81
[1447494769.992771] [node052:23815:0]         mxm.c:185  MXM  WARN  The 'ulimit -s' on the system is set to 'unlimited'. This may have negative performance implications. Please set the heap size to the default value (10240) 
[1447494769.982012] [node052:23816:0]         sys.c:719  MXM  WARN  Conflicting CPU frequencies detected, using: 1994.81
[1447494769.986596] [node052:23816:0]         mxm.c:185  MXM  WARN  The 'ulimit -s' on the system is set to 'unlimited'. This may have negative performance implications. Please set the heap size to the default value (10240) 
[1447494770.965054] [node050:6773 :0]         sys.c:719  MXM  WARN  Conflicting CPU frequencies detected, using: 2289.94
[1447494770.969443] [node050:6773 :0]         mxm.c:185  MXM  WARN  The 'ulimit -s' on the system is set to 'unlimited'. This may have negative performance implications. Please set the heap size to the default value (10240) 
UPCR: UPC thread  0 of 96 on node002 (pshm node  0 of 48, process  0 of 96, pid=3443)
UPCR: UPC thread  1 of 96 on node002 (pshm node  0 of 48, process  1 of 96, pid=3444)
UPCR: UPC thread 65 of 96 on node037 (pshm node 32 of 48, process 65 of 96, pid=19058)
UPCR: UPC thread 41 of 96 on node023 (pshm node 20 of 48, process 41 of 96, pid=31289)
UPCR: UPC thread 56 of 96 on node033 (pshm node 28 of 48, process 56 of 96, pid=17288)
UPCR: UPC thread 28 of 96 on node017 (pshm node 14 of 48, process 28 of 96, pid=6961)
UPCR: UPC thread 44 of 96 on node027 (pshm node 22 of 48, process 44 of 96, pid=7673)
UPCR: UPC thread 25 of 96 on node015 (pshm node 12 of 48, process 25 of 96, pid=23070)
UPCR: UPC thread 57 of 96 on node033 (pshm node 28 of 48, process 57 of 96, pid=17289)
UPCR: UPC thread 52 of 96 on node031 (pshm node 26 of 48, process 52 of 96, pid=22429)
UPCR: UPC thread 38 of 96 on node022 (pshm node 19 of 48, process 38 of 96, pid=16512)
UPCR: UPC thread 36 of 96 on node021 (pshm node 18 of 48, process 36 of 96, pid=7959)
UPCR: UPC thread 89 of 96 on node049 (pshm node 44 of 48, process 89 of 96, pid=12651)
UPCR: UPC thread 88 of 96 on node049 (pshm node 44 of 48, process 88 of 96, pid=12650)
UPCR: UPC thread 29 of 96 on node017 (pshm node 14 of 48, process 29 of 96, pid=7001)
UPCR: UPC thread 17 of 96 on node011 (pshm node  8 of 48, process 17 of 96, pid=14732)
UPCR: UPC thread 11 of 96 on node008 (pshm node  5 of 48, process 11 of 96, pid=32240)
UPCR: UPC thread 43 of 96 on node026 (pshm node 21 of 48, process 43 of 96, pid=11821)
UPCR: UPC thread 49 of 96 on node029 (pshm node 24 of 48, process 49 of 96, pid=18224)
UPCR: UPC thread 60 of 96 on node035 (pshm node 30 of 48, process 60 of 96, pid=12609)
UPCR: UPC thread 77 of 96 on node043 (pshm node 38 of 48, process 77 of 96, pid=13056)
UPCR: UPC thread 32 of 96 on node019 (pshm node 16 of 48, process 32 of 96, pid=30410)
UPCR: UPC thread 69 of 96 on node039 (pshm node 34 of 48, process 69 of 96, pid=5675)
UPCR: UPC thread 13 of 96 on node009 (pshm node  6 of 48, process 13 of 96, pid=14624)
UPCR: UPC thread 54 of 96 on node032 (pshm node 27 of 48, process 54 of 96, pid=12798)
UPCR: UPC thread 39 of 96 on node022 (pshm node 19 of 48, process 39 of 96, pid=16513)
UPCR: UPC thread 16 of 96 on node011 (pshm node  8 of 48, process 16 of 96, pid=14733)
UPCR: UPC thread 22 of 96 on node014 (pshm node 11 of 48, process 22 of 96, pid=16697)
UPCR: UPC thread 81 of 96 on node045 (pshm node 40 of 48, process 81 of 96, pid=15602)
UPCR: UPC thread  9 of 96 on node007 (pshm node  4 of 48, process  9 of 96, pid=7029)
UPCR: UPC thread 75 of 96 on node042 (pshm node 37 of 48, process 75 of 96, pid=2042)
UPCR: UPC thread 64 of 96 on node037 (pshm node 32 of 48, process 64 of 96, pid=19051)
UPCR: UPC thread 55 of 96 on node032 (pshm node 27 of 48, process 55 of 96, pid=12799)
UPCR: UPC thread 80 of 96 on node045 (pshm node 40 of 48, process 80 of 96, pid=15608)
UPCR: UPC thread 18 of 96 on node012 (pshm node  9 of 48, process 18 of 96, pid=3420)
UPCR: UPC thread 27 of 96 on node016 (pshm node 13 of 48, process 27 of 96, pid=9153)
UPCR: UPC thread 42 of 96 on node026 (pshm node 21 of 48, process 42 of 96, pid=11823)
UPCR: UPC thread 86 of 96 on node048 (pshm node 43 of 48, process 86 of 96, pid=25312)
UPCR: UPC thread 24 of 96 on node015 (pshm node 12 of 48, process 24 of 96, pid=23076)
UPCR: UPC thread 68 of 96 on node039 (pshm node 34 of 48, process 68 of 96, pid=5676)
UPCR: UPC thread 71 of 96 on node040 (pshm node 35 of 48, process 71 of 96, pid=19925)
UPCR: UPC thread 33 of 96 on node019 (pshm node 16 of 48, process 33 of 96, pid=30404)
UPCR: UPC thread 34 of 96 on node020 (pshm node 17 of 48, process 34 of 96, pid=20530)
UPCR: UPC thread 37 of 96 on node021 (pshm node 18 of 48, process 37 of 96, pid=7956)
UPCR: UPC thread 72 of 96 on node041 (pshm node 36 of 48, process 72 of 96, pid=12082)
UPCR: UPC thread 35 of 96 on node020 (pshm node 17 of 48, process 35 of 96, pid=20534)
UPCR: UPC thread 83 of 96 on node046 (pshm node 41 of 48, process 83 of 96, pid=12561)
UPCR: UPC thread 91 of 96 on node050 (pshm node 45 of 48, process 91 of 96, pid=6733)
UPCR: UPC thread 31 of 96 on node018 (pshm node 15 of 48, process 31 of 96, pid=27842)
UPCR: UPC thread 84 of 96 on node047 (pshm node 42 of 48, process 84 of 96, pid=24142)
UPCR: UPC thread 90 of 96 on node050 (pshm node 45 of 48, process 90 of 96, pid=6773)
UPCR: UPC thread  4 of 96 on node005 (pshm node  2 of 48, process  4 of 96, pid=23096)
UPCR: UPC thread 92 of 96 on node051 (pshm node 46 of 48, process 92 of 96, pid=15289)
UPCR: UPC thread  5 of 96 on node005 (pshm node  2 of 48, process  5 of 96, pid=23095)
UPCR: UPC thread 19 of 96 on node012 (pshm node  9 of 48, process 19 of 96, pid=3419)
UPCR: UPC thread  2 of 96 on node004 (pshm node  1 of 48, process  2 of 96, pid=15276)
UPCR: UPC thread 63 of 96 on node036 (pshm node 31 of 48, process 63 of 96, pid=15256)
UPCR: UPC thread 53 of 96 on node031 (pshm node 26 of 48, process 53 of 96, pid=22428)
UPCR: UPC thread 70 of 96 on node040 (pshm node 35 of 48, process 70 of 96, pid=19924)
UPCR: UPC thread 47 of 96 on node028 (pshm node 23 of 48, process 47 of 96, pid=27083)
UPCR: UPC thread 10 of 96 on node008 (pshm node  5 of 48, process 10 of 96, pid=32241)
UPCR: UPC thread 58 of 96 on node034 (pshm node 29 of 48, process 58 of 96, pid=13993)
UPCR: UPC thread 78 of 96 on node044 (pshm node 39 of 48, process 78 of 96, pid=17202)
UPCR: UPC thread 21 of 96 on node013 (pshm node 10 of 48, process 21 of 96, pid=31118)
UPCR: UPC thread 67 of 96 on node038 (pshm node 33 of 48, process 67 of 96, pid=15285)
UPCR: UPC thread  6 of 96 on node006 (pshm node  3 of 48, process  6 of 96, pid=21165)
UPCR: UPC thread 93 of 96 on node051 (pshm node 46 of 48, process 93 of 96, pid=15282)
UPCR: UPC thread 30 of 96 on node018 (pshm node 15 of 48, process 30 of 96, pid=27848)
UPCR: UPC thread 40 of 96 on node023 (pshm node 20 of 48, process 40 of 96, pid=31290)
UPCR: UPC thread 12 of 96 on node009 (pshm node  6 of 48, process 12 of 96, pid=14616)
UPCR: UPC thread 95 of 96 on node052 (pshm node 47 of 48, process 95 of 96, pid=23815)
UPCR: UPC thread 23 of 96 on node014 (pshm node 11 of 48, process 23 of 96, pid=16657)
UPCR: UPC thread 26 of 96 on node016 (pshm node 13 of 48, process 26 of 96, pid=9152)
UPCR: UPC thread 85 of 96 on node047 (pshm node 42 of 48, process 85 of 96, pid=24144)
UPCR: UPC thread  7 of 96 on node006 (pshm node  3 of 48, process  7 of 96, pid=21166)
UPCR: UPC thread  3 of 96 on node004 (pshm node  1 of 48, process  3 of 96, pid=15317)
UPCR: UPC thread 62 of 96 on node036 (pshm node 31 of 48, process 62 of 96, pid=15252)
UPCR: UPC thread 48 of 96 on node029 (pshm node 24 of 48, process 48 of 96, pid=18225)
UPCR: UPC thread 46 of 96 on node028 (pshm node 23 of 48, process 46 of 96, pid=27082)
UPCR: UPC thread 14 of 96 on node010 (pshm node  7 of 48, process 14 of 96, pid=20768)
UPCR: UPC thread 73 of 96 on node041 (pshm node 36 of 48, process 73 of 96, pid=12083)
UPCR: UPC thread 79 of 96 on node044 (pshm node 39 of 48, process 79 of 96, pid=17201)
UPCR: UPC thread 74 of 96 on node042 (pshm node 37 of 48, process 74 of 96, pid=2035)
UPCR: UPC thread 59 of 96 on node034 (pshm node 29 of 48, process 59 of 96, pid=13994)
UPCR: UPC thread 82 of 96 on node046 (pshm node 41 of 48, process 82 of 96, pid=12567)
UPCR: UPC thread 51 of 96 on node030 (pshm node 25 of 48, process 51 of 96, pid=15708)
UPCR: UPC thread 61 of 96 on node035 (pshm node 30 of 48, process 61 of 96, pid=12613)
UPCR: UPC thread  8 of 96 on node007 (pshm node  4 of 48, process  8 of 96, pid=7028)
UPCR: UPC thread 66 of 96 on node038 (pshm node 33 of 48, process 66 of 96, pid=15277)
UPCR: UPC thread 20 of 96 on node013 (pshm node 10 of 48, process 20 of 96, pid=31117)
UPCR: UPC thread 87 of 96 on node048 (pshm node 43 of 48, process 87 of 96, pid=25318)
UPCR: UPC thread 15 of 96 on node010 (pshm node  7 of 48, process 15 of 96, pid=20769)
UPCR: UPC thread 45 of 96 on node027 (pshm node 22 of 48, process 45 of 96, pid=7670)
UPCR: UPC thread 94 of 96 on node052 (pshm node 47 of 48, process 94 of 96, pid=23816)
UPCR: UPC thread 76 of 96 on node043 (pshm node 38 of 48, process 76 of 96, pid=13062)
UPCR: UPC thread 50 of 96 on node030 (pshm node 25 of 48, process 50 of 96, pid=15707)
0/96 - htable initialized
0/96 - table size: 103079215104 bytes (98304 MB)
0/96 - total number of buckets: 12884901888
0/96 - block size: 1073741824 (1024 MB)
0/96 - number of buckets in block: 134217728
0/96 - number of blocks: 96
27/96 - Performed a throughput benchmark:
27/96 - Performed 2000000 find-or-put operations with random values from [0,...,441599998]
27/96 - Finds: 358045 (0.179023), Inserts: 1641955 (0.820978), Errors: 0 (0)
27/96 - Execution time: 9.81027 seconds
27/96 - Throughput: 203868 ops/sec
26/96 - Performed a throughput benchmark:
26/96 - Performed 2000000 find-or-put operations with random values from [0,...,441599998]
26/96 - Finds: 357338 (0.178669), Inserts: 1642662 (0.821331), Errors: 0 (0)
26/96 - Execution time: 9.8135 seconds
26/96 - Throughput: 203801 ops/sec
20/96 - Performed a throughput benchmark:
20/96 - Performed 2000000 find-or-put operations with random values from [0,...,441599998]
20/96 - Finds: 359615 (0.179808), Inserts: 1640385 (0.820192), Errors: 0 (0)
20/96 - Execution time: 9.90104 seconds
20/96 - Throughput: 201999 ops/sec
24/96 - Performed a throughput benchmark:
24/96 - Performed 2000000 find-or-put operations with random values from [0,...,441599998]
24/96 - Finds: 359696 (0.179848), Inserts: 1640304 (0.820152), Errors: 0 (0)
24/96 - Execution time: 9.9139 seconds
24/96 - Throughput: 201737 ops/sec
25/96 - Performed a throughput benchmark:
25/96 - Performed 2000000 find-or-put operations with random values from [0,...,441599998]
25/96 - Finds: 359431 (0.179716), Inserts: 1640569 (0.820284), Errors: 0 (0)
25/96 - Execution time: 9.90895 seconds
25/96 - Throughput: 201838 ops/sec
32/96 - Performed a throughput benchmark:
32/96 - Performed 2000000 find-or-put operations with random values from [0,...,441599998]
32/96 - Finds: 360285 (0.180143), Inserts: 1639715 (0.819858), Errors: 0 (0)
32/96 - Execution time: 9.93707 seconds
32/96 - Throughput: 201267 ops/sec
10/96 - Performed a throughput benchmark:
10/96 - Performed 2000000 find-or-put operations with random values from [0,...,441599998]
10/96 - Finds: 360587 (0.180293), Inserts: 1639413 (0.819707), Errors: 0 (0)
10/96 - Execution time: 9.9092 seconds
10/96 - Throughput: 201833 ops/sec
33/96 - Performed a throughput benchmark:
33/96 - Performed 2000000 find-or-put operations with random values from [0,...,441599998]
33/96 - Finds: 360010 (0.180005), Inserts: 1639990 (0.819995), Errors: 0 (0)
33/96 - Execution time: 9.91362 seconds
33/96 - Throughput: 201743 ops/sec
37/96 - Performed a throughput benchmark:
37/96 - Performed 2000000 find-or-put operations with random values from [0,...,441599998]
37/96 - Finds: 360348 (0.180174), Inserts: 1639652 (0.819826), Errors: 0 (0)
37/96 - Execution time: 9.91571 seconds
37/96 - Throughput: 201700 ops/sec
28/96 - Performed a throughput benchmark:
28/96 - Performed 2000000 find-or-put operations with random values from [0,...,441599998]
28/96 - Finds: 360031 (0.180015), Inserts: 1639969 (0.819985), Errors: 0 (0)
28/96 - Execution time: 9.9466 seconds
28/96 - Throughput: 201074 ops/sec
35/96 - Performed a throughput benchmark:
35/96 - Performed 2000000 find-or-put operations with random values from [0,...,441599998]
35/96 - Finds: 359001 (0.179501), Inserts: 1640999 (0.8205), Errors: 0 (0)
35/96 - Execution time: 9.926 seconds
35/96 - Throughput: 201491 ops/sec
21/96 - Performed a throughput benchmark:
21/96 - Performed 2000000 find-or-put operations with random values from [0,...,441599998]
21/96 - Finds: 360168 (0.180084), Inserts: 1639832 (0.819916), Errors: 0 (0)
21/96 - Execution time: 9.91552 seconds
21/96 - Throughput: 201704 ops/sec
41/96 - Performed a throughput benchmark:
41/96 - Performed 2000000 find-or-put operations with random values from [0,...,441599998]
41/96 - Finds: 361513 (0.180756), Inserts: 1638487 (0.819244), Errors: 0 (0)
41/96 - Execution time: 9.92427 seconds
41/96 - Throughput: 201526 ops/sec
40/96 - Performed a throughput benchmark:
40/96 - Performed 2000000 find-or-put operations with random values from [0,...,441599998]
40/96 - Finds: 359930 (0.179965), Inserts: 1640070 (0.820035), Errors: 0 (0)
40/96 - Execution time: 9.94108 seconds
40/96 - Throughput: 201185 ops/sec
30/96 - Performed a throughput benchmark:
30/96 - Performed 2000000 find-or-put operations with random values from [0,...,441599998]
30/96 - Finds: 362000 (0.181), Inserts: 1638000 (0.819), Errors: 0 (0)
30/96 - Execution time: 9.94571 seconds
30/96 - Throughput: 201092 ops/sec
34/96 - Performed a throughput benchmark:
34/96 - Performed 2000000 find-or-put operations with random values from [0,...,441599998]
34/96 - Finds: 361128 (0.180564), Inserts: 1638872 (0.819436), Errors: 0 (0)
34/96 - Execution time: 9.95506 seconds
34/96 - Throughput: 200903 ops/sec
13/96 - Performed a throughput benchmark:
13/96 - Performed 2000000 find-or-put operations with random values from [0,...,441599998]
13/96 - Finds: 361278 (0.180639), Inserts: 1638722 (0.819361), Errors: 0 (0)
13/96 - Execution time: 9.93353 seconds
13/96 - Throughput: 201338 ops/sec
29/96 - Performed a throughput benchmark:
29/96 - Performed 2000000 find-or-put operations with random values from [0,...,441599998]
29/96 - Finds: 360987 (0.180494), Inserts: 1639013 (0.819507), Errors: 0 (0)
29/96 - Execution time: 9.93867 seconds
29/96 - Throughput: 201234 ops/sec
17/96 - Performed a throughput benchmark:
17/96 - Performed 2000000 find-or-put operations with random values from [0,...,441599998]
17/96 - Finds: 361776 (0.180888), Inserts: 1638224 (0.819112), Errors: 0 (0)
17/96 - Execution time: 9.95093 seconds
17/96 - Throughput: 200986 ops/sec
16/96 - Performed a throughput benchmark:
16/96 - Performed 2000000 find-or-put operations with random values from [0,...,441599998]
16/96 - Finds: 361000 (0.1805), Inserts: 1639000 (0.8195), Errors: 0 (0)
16/96 - Execution time: 9.96056 seconds
16/96 - Throughput: 200792 ops/sec
70/96 - Performed a throughput benchmark:
70/96 - Performed 2000000 find-or-put operations with random values from [0,...,441599998]
70/96 - Finds: 362253 (0.181126), Inserts: 1637747 (0.818874), Errors: 0 (0)
70/96 - Execution time: 9.96805 seconds
70/96 - Throughput: 200641 ops/sec
15/96 - Performed a throughput benchmark:
15/96 - Performed 2000000 find-or-put operations with random values from [0,...,441599998]
15/96 - Finds: 361920 (0.18096), Inserts: 1638080 (0.81904), Errors: 0 (0)
15/96 - Execution time: 9.94959 seconds
15/96 - Throughput: 201013 ops/sec
14/96 - Performed a throughput benchmark:
14/96 - Performed 2000000 find-or-put operations with random values from [0,...,441599998]
14/96 - Finds: 362516 (0.181258), Inserts: 1637484 (0.818742), Errors: 0 (0)
14/96 - Execution time: 9.96173 seconds
14/96 - Throughput: 200768 ops/sec
56/96 - Performed a throughput benchmark:
56/96 - Performed 2000000 find-or-put operations with random values from [0,...,441599998]
56/96 - Finds: 361483 (0.180741), Inserts: 1638517 (0.819259), Errors: 0 (0)
56/96 - Execution time: 9.96809 seconds
56/96 - Throughput: 200640 ops/sec
39/96 - Performed a throughput benchmark:
39/96 - Performed 2000000 find-or-put operations with random values from [0,...,441599998]
39/96 - Finds: 360910 (0.180455), Inserts: 1639090 (0.819545), Errors: 0 (0)
39/96 - Execution time: 9.94948 seconds
39/96 - Throughput: 201016 ops/sec
69/96 - Performed a throughput benchmark:
69/96 - Performed 2000000 find-or-put operations with random values from [0,...,441599998]
69/96 - Finds: 362101 (0.181051), Inserts: 1637899 (0.818949), Errors: 0 (0)
69/96 - Execution time: 9.97089 seconds
69/96 - Throughput: 200584 ops/sec
51/96 - Performed a throughput benchmark:
51/96 - Performed 2000000 find-or-put operations with random values from [0,...,441599998]
51/96 - Finds: 362418 (0.181209), Inserts: 1637582 (0.818791), Errors: 0 (0)
51/96 - Execution time: 9.98233 seconds
51/96 - Throughput: 200354 ops/sec
12/96 - Performed a throughput benchmark:
12/96 - Performed 2000000 find-or-put operations with random values from [0,...,441599998]
12/96 - Finds: 362437 (0.181219), Inserts: 1637563 (0.818782), Errors: 0 (0)
12/96 - Execution time: 9.95341 seconds
12/96 - Throughput: 200936 ops/sec
38/96 - Performed a throughput benchmark:
38/96 - Performed 2000000 find-or-put operations with random values from [0,...,441599998]
38/96 - Finds: 361882 (0.180941), Inserts: 1638118 (0.819059), Errors: 0 (0)
38/96 - Execution time: 9.95094 seconds
38/96 - Throughput: 200986 ops/sec
81/96 - Performed a throughput benchmark:
81/96 - Performed 2000000 find-or-put operations with random values from [0,...,441599998]
81/96 - Finds: 362066 (0.181033), Inserts: 1637934 (0.818967), Errors: 0 (0)
81/96 - Execution time: 9.98688 seconds
81/96 - Throughput: 200263 ops/sec
71/96 - Performed a throughput benchmark:
71/96 - Performed 2000000 find-or-put operations with random values from [0,...,441599998]
71/96 - Finds: 362948 (0.181474), Inserts: 1637052 (0.818526), Errors: 0 (0)
71/96 - Execution time: 9.98751 seconds
71/96 - Throughput: 200250 ops/sec
67/96 - Performed a throughput benchmark:
67/96 - Performed 2000000 find-or-put operations with random values from [0,...,441599998]
67/96 - Finds: 361592 (0.180796), Inserts: 1638408 (0.819204), Errors: 0 (0)
67/96 - Execution time: 9.99682 seconds
67/96 - Throughput: 200064 ops/sec
50/96 - Performed a throughput benchmark:
50/96 - Performed 2000000 find-or-put operations with random values from [0,...,441599998]
50/96 - Finds: 362674 (0.181337), Inserts: 1637326 (0.818663), Errors: 0 (0)
50/96 - Execution time: 9.99806 seconds
50/96 - Throughput: 200039 ops/sec
19/96 - Performed a throughput benchmark:
19/96 - Performed 2000000 find-or-put operations with random values from [0,...,441599998]
19/96 - Finds: 361642 (0.180821), Inserts: 1638358 (0.819179), Errors: 0 (0)
19/96 - Execution time: 9.97035 seconds
19/96 - Throughput: 200595 ops/sec
80/96 - Performed a throughput benchmark:
80/96 - Performed 2000000 find-or-put operations with random values from [0,...,441599998]
80/96 - Finds: 361841 (0.180921), Inserts: 1638159 (0.819079), Errors: 0 (0)
80/96 - Execution time: 9.98007 seconds
80/96 - Throughput: 200399 ops/sec
68/96 - Performed a throughput benchmark:
68/96 - Performed 2000000 find-or-put operations with random values from [0,...,441599998]
68/96 - Finds: 360976 (0.180488), Inserts: 1639024 (0.819512), Errors: 0 (0)
68/96 - Execution time: 9.9751 seconds
68/96 - Throughput: 200499 ops/sec
72/96 - Performed a throughput benchmark:
72/96 - Performed 2000000 find-or-put operations with random values from [0,...,441599998]
72/96 - Finds: 362168 (0.181084), Inserts: 1637832 (0.818916), Errors: 0 (0)
72/96 - Execution time: 9.9936 seconds
72/96 - Throughput: 200128 ops/sec
11/96 - Performed a throughput benchmark:
11/96 - Performed 2000000 find-or-put operations with random values from [0,...,441599998]
11/96 - Finds: 361800 (0.1809), Inserts: 1638200 (0.8191), Errors: 0 (0)
11/96 - Execution time: 9.99697 seconds
11/96 - Throughput: 200061 ops/sec
63/96 - Performed a throughput benchmark:
63/96 - Performed 2000000 find-or-put operations with random values from [0,...,441599998]
63/96 - Finds: 362111 (0.181056), Inserts: 1637889 (0.818944), Errors: 0 (0)
63/96 - Execution time: 9.98041 seconds
63/96 - Throughput: 200393 ops/sec
55/96 - Performed a throughput benchmark:
55/96 - Performed 2000000 find-or-put operations with random values from [0,...,441599998]
55/96 - Finds: 360996 (0.180498), Inserts: 1639004 (0.819502), Errors: 0 (0)
55/96 - Execution time: 9.97189 seconds
55/96 - Throughput: 200564 ops/sec
73/96 - Performed a throughput benchmark:
73/96 - Performed 2000000 find-or-put operations with random values from [0,...,441599998]
73/96 - Finds: 362135 (0.181067), Inserts: 1637865 (0.818932), Errors: 0 (0)
73/96 - Execution time: 9.99936 seconds
73/96 - Throughput: 200013 ops/sec
57/96 - Performed a throughput benchmark:
57/96 - Performed 2000000 find-or-put operations with random values from [0,...,441599998]
57/96 - Finds: 362109 (0.181055), Inserts: 1637891 (0.818945), Errors: 0 (0)
57/96 - Execution time: 9.96854 seconds
57/96 - Throughput: 200631 ops/sec
65/96 - Performed a throughput benchmark:
65/96 - Performed 2000000 find-or-put operations with random values from [0,...,441599998]
65/96 - Finds: 361873 (0.180937), Inserts: 1638127 (0.819064), Errors: 0 (0)
65/96 - Execution time: 9.99961 seconds
65/96 - Throughput: 200008 ops/sec
22/96 - Performed a throughput benchmark:
22/96 - Performed 2000000 find-or-put operations with random values from [0,...,441599998]
22/96 - Finds: 362986 (0.181493), Inserts: 1637014 (0.818507), Errors: 0 (0)
22/96 - Execution time: 9.9953 seconds
22/96 - Throughput: 200094 ops/sec
18/96 - Performed a throughput benchmark:
18/96 - Performed 2000000 find-or-put operations with random values from [0,...,441599998]
18/96 - Finds: 361660 (0.18083), Inserts: 1638340 (0.81917), Errors: 0 (0)
18/96 - Execution time: 9.99835 seconds
18/96 - Throughput: 200033 ops/sec
59/96 - Performed a throughput benchmark:
59/96 - Performed 2000000 find-or-put operations with random values from [0,...,441599998]
59/96 - Finds: 361244 (0.180622), Inserts: 1638756 (0.819378), Errors: 0 (0)
59/96 - Execution time: 9.98694 seconds
59/96 - Throughput: 200262 ops/sec
36/96 - Performed a throughput benchmark:
36/96 - Performed 2000000 find-or-put operations with random values from [0,...,441599998]
36/96 - Finds: 359945 (0.179973), Inserts: 1640055 (0.820028), Errors: 0 (0)
36/96 - Execution time: 9.91857 seconds
36/96 - Throughput: 201642 ops/sec
60/96 - Performed a throughput benchmark:
60/96 - Performed 2000000 find-or-put operations with random values from [0,...,441599998]
60/96 - Finds: 362754 (0.181377), Inserts: 1637246 (0.818623), Errors: 0 (0)
60/96 - Execution time: 9.99822 seconds
60/96 - Throughput: 200036 ops/sec
58/96 - Performed a throughput benchmark:
58/96 - Performed 2000000 find-or-put operations with random values from [0,...,441599998]
58/96 - Finds: 362478 (0.181239), Inserts: 1637522 (0.818761), Errors: 0 (0)
58/96 - Execution time: 10.0052 seconds
58/96 - Throughput: 199896 ops/sec
66/96 - Performed a throughput benchmark:
66/96 - Performed 2000000 find-or-put operations with random values from [0,...,441599998]
66/96 - Finds: 361891 (0.180946), Inserts: 1638109 (0.819055), Errors: 0 (0)
66/96 - Execution time: 10.0125 seconds
66/96 - Throughput: 199750 ops/sec
53/96 - Performed a throughput benchmark:
53/96 - Performed 2000000 find-or-put operations with random values from [0,...,441599998]
53/96 - Finds: 364574 (0.182287), Inserts: 1635426 (0.817713), Errors: 0 (0)
53/96 - Execution time: 10.0224 seconds
53/96 - Throughput: 199552 ops/sec
61/96 - Performed a throughput benchmark:
61/96 - Performed 2000000 find-or-put operations with random values from [0,...,441599998]
61/96 - Finds: 362573 (0.181286), Inserts: 1637427 (0.818713), Errors: 0 (0)
61/96 - Execution time: 10.0019 seconds
61/96 - Throughput: 199963 ops/sec
79/96 - Performed a throughput benchmark:
79/96 - Performed 2000000 find-or-put operations with random values from [0,...,441599998]
79/96 - Finds: 362790 (0.181395), Inserts: 1637210 (0.818605), Errors: 0 (0)
79/96 - Execution time: 10.0033 seconds
79/96 - Throughput: 199935 ops/sec
23/96 - Performed a throughput benchmark:
23/96 - Performed 2000000 find-or-put operations with random values from [0,...,441599998]
23/96 - Finds: 362988 (0.181494), Inserts: 1637012 (0.818506), Errors: 0 (0)
23/96 - Execution time: 10.0046 seconds
23/96 - Throughput: 199908 ops/sec
74/96 - Performed a throughput benchmark:
74/96 - Performed 2000000 find-or-put operations with random values from [0,...,441599998]
74/96 - Finds: 363995 (0.181998), Inserts: 1636005 (0.818002), Errors: 0 (0)
74/96 - Execution time: 10.0138 seconds
74/96 - Throughput: 199724 ops/sec
52/96 - Performed a throughput benchmark:
52/96 - Performed 2000000 find-or-put operations with random values from [0,...,441599998]
52/96 - Finds: 363705 (0.181853), Inserts: 1636295 (0.818148), Errors: 0 (0)
52/96 - Execution time: 10.0338 seconds
52/96 - Throughput: 199325 ops/sec
62/96 - Performed a throughput benchmark:
62/96 - Performed 2000000 find-or-put operations with random values from [0,...,441599998]
62/96 - Finds: 360141 (0.18007), Inserts: 1639859 (0.819929), Errors: 0 (0)
62/96 - Execution time: 9.98047 seconds
62/96 - Throughput: 200391 ops/sec
75/96 - Performed a throughput benchmark:
75/96 - Performed 2000000 find-or-put operations with random values from [0,...,441599998]
75/96 - Finds: 363750 (0.181875), Inserts: 1636250 (0.818125), Errors: 0 (0)
75/96 - Execution time: 10.0231 seconds
75/96 - Throughput: 199539 ops/sec
31/96 - Performed a throughput benchmark:
31/96 - Performed 2000000 find-or-put operations with random values from [0,...,441599998]
31/96 - Finds: 364856 (0.182428), Inserts: 1635144 (0.817572), Errors: 0 (0)
31/96 - Execution time: 10.0351 seconds
31/96 - Throughput: 199301 ops/sec
54/96 - Performed a throughput benchmark:
54/96 - Performed 2000000 find-or-put operations with random values from [0,...,441599998]
54/96 - Finds: 361463 (0.180731), Inserts: 1638537 (0.819268), Errors: 0 (0)
54/96 - Execution time: 9.99814 seconds
54/96 - Throughput: 200037 ops/sec
64/96 - Performed a throughput benchmark:
64/96 - Performed 2000000 find-or-put operations with random values from [0,...,441599998]
64/96 - Finds: 362321 (0.181161), Inserts: 1637679 (0.81884), Errors: 0 (0)
64/96 - Execution time: 10.0028 seconds
64/96 - Throughput: 199944 ops/sec
76/96 - Performed a throughput benchmark:
76/96 - Performed 2000000 find-or-put operations with random values from [0,...,441599998]
76/96 - Finds: 362416 (0.181208), Inserts: 1637584 (0.818792), Errors: 0 (0)
76/96 - Execution time: 10.0125 seconds
76/96 - Throughput: 199751 ops/sec
77/96 - Performed a throughput benchmark:
77/96 - Performed 2000000 find-or-put operations with random values from [0,...,441599998]
77/96 - Finds: 363311 (0.181655), Inserts: 1636689 (0.818345), Errors: 0 (0)
77/96 - Execution time: 10.0106 seconds
77/96 - Throughput: 199789 ops/sec
78/96 - Performed a throughput benchmark:
78/96 - Performed 2000000 find-or-put operations with random values from [0,...,441599998]
78/96 - Finds: 363157 (0.181579), Inserts: 1636843 (0.818422), Errors: 0 (0)
78/96 - Execution time: 10.008 seconds
78/96 - Throughput: 199840 ops/sec
7/96 - Performed a throughput benchmark:
7/96 - Performed 2000000 find-or-put operations with random values from [0,...,441599998]
7/96 - Finds: 398982 (0.199491), Inserts: 1601018 (0.800509), Errors: 0 (0)
7/96 - Execution time: 11.0945 seconds
7/96 - Throughput: 180269 ops/sec
5/96 - Performed a throughput benchmark:
5/96 - Performed 2000000 find-or-put operations with random values from [0,...,441599998]
5/96 - Finds: 399615 (0.199807), Inserts: 1600385 (0.800192), Errors: 0 (0)
5/96 - Execution time: 11.0892 seconds
5/96 - Throughput: 180356 ops/sec
45/96 - Performed a throughput benchmark:
45/96 - Performed 2000000 find-or-put operations with random values from [0,...,441599998]
45/96 - Finds: 399964 (0.199982), Inserts: 1600036 (0.800018), Errors: 0 (0)
45/96 - Execution time: 11.1318 seconds
45/96 - Throughput: 179666 ops/sec
43/96 - Performed a throughput benchmark:
43/96 - Performed 2000000 find-or-put operations with random values from [0,...,441599998]
43/96 - Finds: 400929 (0.200464), Inserts: 1599071 (0.799535), Errors: 0 (0)
43/96 - Execution time: 11.1246 seconds
43/96 - Throughput: 179782 ops/sec
49/96 - Performed a throughput benchmark:
49/96 - Performed 2000000 find-or-put operations with random values from [0,...,441599998]
49/96 - Finds: 400608 (0.200304), Inserts: 1599392 (0.799696), Errors: 0 (0)
49/96 - Execution time: 11.1509 seconds
49/96 - Throughput: 179357 ops/sec
47/96 - Performed a throughput benchmark:
47/96 - Performed 2000000 find-or-put operations with random values from [0,...,441599998]
47/96 - Finds: 402313 (0.201156), Inserts: 1597687 (0.798844), Errors: 0 (0)
47/96 - Execution time: 11.1961 seconds
47/96 - Throughput: 178634 ops/sec
8/96 - Performed a throughput benchmark:
8/96 - Performed 2000000 find-or-put operations with random values from [0,...,441599998]
8/96 - Finds: 403822 (0.201911), Inserts: 1596178 (0.798089), Errors: 0 (0)
8/96 - Execution time: 11.2855 seconds
8/96 - Throughput: 177219 ops/sec
9/96 - Performed a throughput benchmark:
9/96 - Performed 2000000 find-or-put operations with random values from [0,...,441599998]
9/96 - Finds: 405215 (0.202607), Inserts: 1594785 (0.797392), Errors: 0 (0)
9/96 - Execution time: 11.3196 seconds
9/96 - Throughput: 176684 ops/sec
2/96 - Performed a throughput benchmark:
2/96 - Performed 2000000 find-or-put operations with random values from [0,...,441599998]
2/96 - Finds: 403303 (0.201652), Inserts: 1596697 (0.798349), Errors: 0 (0)
2/96 - Execution time: 11.2953 seconds
2/96 - Throughput: 177065 ops/sec
6/96 - Performed a throughput benchmark:
6/96 - Performed 2000000 find-or-put operations with random values from [0,...,441599998]
6/96 - Finds: 405701 (0.20285), Inserts: 1594299 (0.797149), Errors: 0 (0)
6/96 - Execution time: 11.3315 seconds
6/96 - Throughput: 176499 ops/sec
3/96 - Performed a throughput benchmark:
3/96 - Performed 2000000 find-or-put operations with random values from [0,...,441599998]
3/96 - Finds: 405249 (0.202625), Inserts: 1594751 (0.797376), Errors: 0 (0)
3/96 - Execution time: 11.3421 seconds
3/96 - Throughput: 176334 ops/sec
0/96 - Performed a throughput benchmark:
0/96 - Performed 2000000 find-or-put operations with random values from [0,...,441599998]
0/96 - Finds: 405841 (0.202921), Inserts: 1594159 (0.79708), Errors: 0 (0)
0/96 - Execution time: 11.3336 seconds
0/96 - Throughput: 176466 ops/sec
1/96 - Performed a throughput benchmark:
1/96 - Performed 2000000 find-or-put operations with random values from [0,...,441599998]
1/96 - Finds: 404957 (0.202479), Inserts: 1595043 (0.797521), Errors: 0 (0)
1/96 - Execution time: 11.328 seconds
1/96 - Throughput: 176554 ops/sec
4/96 - Performed a throughput benchmark:
4/96 - Performed 2000000 find-or-put operations with random values from [0,...,441599998]
4/96 - Finds: 405749 (0.202875), Inserts: 1594251 (0.797126), Errors: 0 (0)
4/96 - Execution time: 11.3326 seconds
4/96 - Throughput: 176482 ops/sec
44/96 - Performed a throughput benchmark:
44/96 - Performed 2000000 find-or-put operations with random values from [0,...,441599998]
44/96 - Finds: 406195 (0.203097), Inserts: 1593805 (0.796902), Errors: 0 (0)
44/96 - Execution time: 11.3568 seconds
44/96 - Throughput: 176106 ops/sec
48/96 - Performed a throughput benchmark:
48/96 - Performed 2000000 find-or-put operations with random values from [0,...,441599998]
48/96 - Finds: 406187 (0.203094), Inserts: 1593813 (0.796906), Errors: 0 (0)
48/96 - Execution time: 11.3684 seconds
48/96 - Throughput: 175927 ops/sec
42/96 - Performed a throughput benchmark:
42/96 - Performed 2000000 find-or-put operations with random values from [0,...,441599998]
42/96 - Finds: 406899 (0.20345), Inserts: 1593101 (0.796551), Errors: 0 (0)
42/96 - Execution time: 11.3628 seconds
42/96 - Throughput: 176013 ops/sec
46/96 - Performed a throughput benchmark:
46/96 - Performed 2000000 find-or-put operations with random values from [0,...,441599998]
46/96 - Finds: 407791 (0.203896), Inserts: 1592209 (0.796104), Errors: 0 (0)
46/96 - Execution time: 11.4116 seconds
46/96 - Throughput: 175260 ops/sec
89/96 - Performed a throughput benchmark:
89/96 - Performed 2000000 find-or-put operations with random values from [0,...,441599998]
89/96 - Finds: 415120 (0.20756), Inserts: 1584880 (0.79244), Errors: 0 (0)
89/96 - Execution time: 11.7476 seconds
89/96 - Throughput: 170248 ops/sec
82/96 - Performed a throughput benchmark:
82/96 - Performed 2000000 find-or-put operations with random values from [0,...,441599998]
82/96 - Finds: 415989 (0.207994), Inserts: 1584011 (0.792006), Errors: 0 (0)
82/96 - Execution time: 11.7329 seconds
82/96 - Throughput: 170462 ops/sec
95/96 - Performed a throughput benchmark:
95/96 - Performed 2000000 find-or-put operations with random values from [0,...,441599998]
95/96 - Finds: 415723 (0.207862), Inserts: 1584277 (0.792138), Errors: 0 (0)
95/96 - Execution time: 11.7389 seconds
95/96 - Throughput: 170373 ops/sec
87/96 - Performed a throughput benchmark:
87/96 - Performed 2000000 find-or-put operations with random values from [0,...,441599998]
87/96 - Finds: 415900 (0.20795), Inserts: 1584100 (0.79205), Errors: 0 (0)
87/96 - Execution time: 11.7556 seconds
87/96 - Throughput: 170131 ops/sec
93/96 - Performed a throughput benchmark:
93/96 - Performed 2000000 find-or-put operations with random values from [0,...,441599998]
93/96 - Finds: 419493 (0.209747), Inserts: 1580507 (0.790254), Errors: 0 (0)
93/96 - Execution time: 11.854 seconds
93/96 - Throughput: 168719 ops/sec
86/96 - Performed a throughput benchmark:
86/96 - Performed 2000000 find-or-put operations with random values from [0,...,441599998]
86/96 - Finds: 419058 (0.209529), Inserts: 1580942 (0.790471), Errors: 0 (0)
86/96 - Execution time: 11.9399 seconds
86/96 - Throughput: 167506 ops/sec
94/96 - Performed a throughput benchmark:
94/96 - Performed 2000000 find-or-put operations with random values from [0,...,441599998]
94/96 - Finds: 421993 (0.210997), Inserts: 1578007 (0.789003), Errors: 0 (0)
94/96 - Execution time: 11.9656 seconds
94/96 - Throughput: 167146 ops/sec
85/96 - Performed a throughput benchmark:
85/96 - Performed 2000000 find-or-put operations with random values from [0,...,441599998]
85/96 - Finds: 421327 (0.210664), Inserts: 1578673 (0.789336), Errors: 0 (0)
85/96 - Execution time: 11.9735 seconds
85/96 - Throughput: 167035 ops/sec
91/96 - Performed a throughput benchmark:
91/96 - Performed 2000000 find-or-put operations with random values from [0,...,441599998]
91/96 - Finds: 422337 (0.211169), Inserts: 1577663 (0.788832), Errors: 0 (0)
91/96 - Execution time: 11.9694 seconds
91/96 - Throughput: 167093 ops/sec
83/96 - Performed a throughput benchmark:
83/96 - Performed 2000000 find-or-put operations with random values from [0,...,441599998]
83/96 - Finds: 420985 (0.210492), Inserts: 1579015 (0.789508), Errors: 0 (0)
83/96 - Execution time: 11.9787 seconds
83/96 - Throughput: 166963 ops/sec
88/96 - Performed a throughput benchmark:
88/96 - Performed 2000000 find-or-put operations with random values from [0,...,441599998]
88/96 - Finds: 422108 (0.211054), Inserts: 1577892 (0.788946), Errors: 0 (0)
88/96 - Execution time: 12.0066 seconds
88/96 - Throughput: 166575 ops/sec
84/96 - Performed a throughput benchmark:
84/96 - Performed 2000000 find-or-put operations with random values from [0,...,441599998]
84/96 - Finds: 423625 (0.211812), Inserts: 1576375 (0.788188), Errors: 0 (0)
84/96 - Execution time: 12.0096 seconds
84/96 - Throughput: 166534 ops/sec
90/96 - Performed a throughput benchmark:
90/96 - Performed 2000000 find-or-put operations with random values from [0,...,441599998]
90/96 - Finds: 421351 (0.210675), Inserts: 1578649 (0.789324), Errors: 0 (0)
90/96 - Execution time: 11.9919 seconds
90/96 - Throughput: 166779 ops/sec
92/96 - Performed a throughput benchmark:
92/96 - Performed 2000000 find-or-put operations with random values from [0,...,441599998]
92/96 - Finds: 424495 (0.212248), Inserts: 1575505 (0.787752), Errors: 0 (0)
92/96 - Execution time: 12.1134 seconds
92/96 - Throughput: 165107 ops/sec
[1447494768.917458] [node002:3398 :0]         sys.c:719  MXM  WARN  Conflicting CPU frequencies detected, using: 1411.12
