upcrun: WARNING: Given options request 1 nodes for 1 processes, 
upcrun: WARNING: but there is no setting for 'smp_spawn_nodes'.
upcrun: WARNING: Will use setting for 'smp_spawn' instead.
upcrun: WARNING: THREAD LAYOUT MIGHT NOT MATCH YOUR REQUEST.
UPCR: UPC threads 0..3 of 4 on node008 (pshm node 0 of 1, process 0 of 1, pid=15831)
0/4 - htable initialized
0/4 - table size: 4294967296 bytes (4096 MB)
0/4 - total number of buckets: 536870912
0/4 - block size: 1073741824 (1024 MB)
0/4 - number of buckets in block: 134217728
0/4 - number of blocks: 4
1/4 - Performed a throughput benchmark:
1/4 - Performed 2000000 find-or-put operations with random values from [0,...,1599999]
1/4 - Finds: 1588002 (0.794001), Inserts: 411998 (0.205999), Errors: 0 (0)
1/4 - Execution time: 0.004152 seconds
1/4 - Throughput: 4.81696E+08 ops/sec
3/4 - Performed a throughput benchmark:
3/4 - Performed 2000000 find-or-put operations with random values from [0,...,1599999]
3/4 - Finds: 1607744 (0.803872), Inserts: 392256 (0.196128), Errors: 0 (0)
3/4 - Execution time: 0.004174 seconds
3/4 - Throughput: 4.79157E+08 ops/sec
0/4 - Performed a throughput benchmark:
0/4 - Performed 2000000 find-or-put operations with random values from [0,...,1599999]
0/4 - Finds: 1607466 (0.803733), Inserts: 392534 (0.196267), Errors: 0 (0)
0/4 - Execution time: 0.004545 seconds
0/4 - Throughput: 4.40044E+08 ops/sec
2/4 - Performed a throughput benchmark:
2/4 - Performed 2000000 find-or-put operations with random values from [0,...,1599999]
2/4 - Finds: 1607540 (0.80377), Inserts: 392460 (0.19623), Errors: 0 (0)
2/4 - Execution time: 0.004729 seconds
2/4 - Throughput: 4.22922E+08 ops/sec
