upcrun: WARNING: Given options request 1 nodes for 1 processes, 
upcrun: WARNING: but there is no setting for 'smp_spawn_nodes'.
upcrun: WARNING: Will use setting for 'smp_spawn' instead.
upcrun: WARNING: THREAD LAYOUT MIGHT NOT MATCH YOUR REQUEST.
UPCR: UPC threads 0..11 of 12 on node008 (pshm node 0 of 1, process 0 of 1, pid=16450)
0/12 - htable initialized
0/12 - table size: 12884901888 bytes (12288 MB)
0/12 - total number of buckets: 1610612736
0/12 - block size: 1073741824 (1024 MB)
0/12 - number of buckets in block: 134217728
0/12 - number of blocks: 12
6/12 - Performed a throughput benchmark:
6/12 - Performed 2000000 find-or-put operations with random values from [0,...,4799999]
6/12 - Finds: 1588815 (0.794408), Inserts: 411185 (0.205593), Errors: 0 (0)
6/12 - Execution time: 0.534334 seconds
6/12 - Throughput: 3.74298E+06 ops/sec
1/12 - Performed a throughput benchmark:
1/12 - Performed 2000000 find-or-put operations with random values from [0,...,4799999]
1/12 - Finds: 1588650 (0.794325), Inserts: 411350 (0.205675), Errors: 0 (0)
1/12 - Execution time: 0.535419 seconds
1/12 - Throughput: 3.73539E+06 ops/sec
3/12 - Performed a throughput benchmark:
3/12 - Performed 2000000 find-or-put operations with random values from [0,...,4799999]
3/12 - Finds: 1588572 (0.794286), Inserts: 411428 (0.205714), Errors: 0 (0)
3/12 - Execution time: 0.537649 seconds
3/12 - Throughput: 3.7199E+06 ops/sec
2/12 - Performed a throughput benchmark:
2/12 - Performed 2000000 find-or-put operations with random values from [0,...,4799999]
2/12 - Finds: 1588652 (0.794326), Inserts: 411348 (0.205674), Errors: 0 (0)
2/12 - Execution time: 0.53687 seconds
2/12 - Throughput: 3.7253E+06 ops/sec
5/12 - Performed a throughput benchmark:
5/12 - Performed 2000000 find-or-put operations with random values from [0,...,4799999]
5/12 - Finds: 1589494 (0.794747), Inserts: 410506 (0.205253), Errors: 0 (0)
5/12 - Execution time: 0.538495 seconds
5/12 - Throughput: 3.71405E+06 ops/sec
4/12 - Performed a throughput benchmark:
4/12 - Performed 2000000 find-or-put operations with random values from [0,...,4799999]
4/12 - Finds: 1589293 (0.794647), Inserts: 410707 (0.205353), Errors: 0 (0)
4/12 - Execution time: 0.536607 seconds
4/12 - Throughput: 3.72712E+06 ops/sec
7/12 - Performed a throughput benchmark:
7/12 - Performed 2000000 find-or-put operations with random values from [0,...,4799999]
7/12 - Finds: 1590543 (0.795272), Inserts: 409457 (0.204729), Errors: 0 (0)
7/12 - Execution time: 0.539874 seconds
7/12 - Throughput: 3.70457E+06 ops/sec
0/12 - Performed a throughput benchmark:
0/12 - Performed 2000000 find-or-put operations with random values from [0,...,4799999]
0/12 - Finds: 1590875 (0.795438), Inserts: 409125 (0.204563), Errors: 0 (0)
0/12 - Execution time: 0.54049 seconds
0/12 - Throughput: 3.70035E+06 ops/sec
9/12 - Performed a throughput benchmark:
9/12 - Performed 2000000 find-or-put operations with random values from [0,...,4799999]
9/12 - Finds: 1626354 (0.813177), Inserts: 373646 (0.186823), Errors: 0 (0)
9/12 - Execution time: 0.61466 seconds
9/12 - Throughput: 3.25383E+06 ops/sec
10/12 - Performed a throughput benchmark:
10/12 - Performed 2000000 find-or-put operations with random values from [0,...,4799999]
10/12 - Finds: 1627471 (0.813735), Inserts: 372529 (0.186264), Errors: 0 (0)
10/12 - Execution time: 0.618933 seconds
10/12 - Throughput: 3.23137E+06 ops/sec
8/12 - Performed a throughput benchmark:
8/12 - Performed 2000000 find-or-put operations with random values from [0,...,4799999]
8/12 - Finds: 1626662 (0.813331), Inserts: 373338 (0.186669), Errors: 0 (0)
8/12 - Execution time: 0.621862 seconds
8/12 - Throughput: 3.21615E+06 ops/sec
11/12 - Performed a throughput benchmark:
11/12 - Performed 2000000 find-or-put operations with random values from [0,...,4799999]
11/12 - Finds: 1636812 (0.818406), Inserts: 363188 (0.181594), Errors: 0 (0)
11/12 - Execution time: 0.670923 seconds
11/12 - Throughput: 2.98097E+06 ops/sec
