[1447509114.409875] [node008:25218:0]         sys.c:719  MXM  WARN  Conflicting CPU frequencies detected, using: 1616.25
[1447509114.415642] [node008:25218:0]         mxm.c:185  MXM  WARN  The 'ulimit -s' on the system is set to 'unlimited'. This may have negative performance implications. Please set the heap size to the default value (10240) 
UPCR: UPC threads 0..1 of 2 on node008 (pshm node 0 of 1, process 0 of 1, pid=25218)
0/2 - htable initialized
0/2 - table size: 2147483648 bytes (2048 MB)
0/2 - total number of buckets: 268435456
0/2 - block size: 1073741824 (1024 MB)
0/2 - number of buckets in block: 134217728
0/2 - number of blocks: 2
1/2 - Performed a throughput benchmark:
1/2 - Performed 2000000 find-or-put operations with random values from [0,...,9199999]
1/2 - Finds: 370136 (0.185068), Inserts: 1629864 (0.814932), Errors: 0 (0)
1/2 - Execution time: 0.010883 seconds
1/2 - Throughput: 1.83773E+08 ops/sec
0/2 - Performed a throughput benchmark:
0/2 - Performed 2000000 find-or-put operations with random values from [0,...,9199999]
0/2 - Finds: 385286 (0.192643), Inserts: 1614714 (0.807357), Errors: 0 (0)
0/2 - Execution time: 0.012088 seconds
0/2 - Throughput: 1.65453E+08 ops/sec
[1447509114.394865] [node008:25173:0]         sys.c:719  MXM  WARN  Conflicting CPU frequencies detected, using: 1616.25
