[1447500862.767485] [node008:10569:0]         sys.c:719  MXM  WARN  Conflicting CPU frequencies detected, using: 1496.81
[1447500862.773121] [node008:10569:0]         mxm.c:185  MXM  WARN  The 'ulimit -s' on the system is set to 'unlimited'. This may have negative performance implications. Please set the heap size to the default value (10240) 
UPCR: UPC threads 0..3 of 4 on node008 (pshm node 0 of 1, process 0 of 1, pid=10569)
0/4 - htable initialized
0/4 - table size: 4294967296 bytes (4096 MB)
0/4 - total number of buckets: 536870912
0/4 - block size: 1073741824 (1024 MB)
0/4 - number of buckets in block: 134217728
0/4 - number of blocks: 4
1/4 - Performed a throughput benchmark:
1/4 - Performed 2000000 find-or-put operations with random values from [0,...,18399999]
1/4 - Finds: 373114 (0.186557), Inserts: 1626886 (0.813443), Errors: 0 (0)
1/4 - Execution time: 0.010618 seconds
1/4 - Throughput: 1.88359E+08 ops/sec
0/4 - Performed a throughput benchmark:
0/4 - Performed 2000000 find-or-put operations with random values from [0,...,18399999]
0/4 - Finds: 374008 (0.187004), Inserts: 1625992 (0.812996), Errors: 0 (0)
0/4 - Execution time: 0.011331 seconds
0/4 - Throughput: 1.76507E+08 ops/sec
3/4 - Performed a throughput benchmark:
3/4 - Performed 2000000 find-or-put operations with random values from [0,...,18399999]
3/4 - Finds: 378856 (0.189428), Inserts: 1621144 (0.810572), Errors: 0 (0)
3/4 - Execution time: 0.012294 seconds
3/4 - Throughput: 1.62681E+08 ops/sec
2/4 - Performed a throughput benchmark:
2/4 - Performed 2000000 find-or-put operations with random values from [0,...,18399999]
2/4 - Finds: 385226 (0.192613), Inserts: 1614774 (0.807387), Errors: 0 (0)
2/4 - Execution time: 0.016378 seconds
2/4 - Throughput: 1.22115E+08 ops/sec
[1447500862.751860] [node008:10523:0]         sys.c:719  MXM  WARN  Conflicting CPU frequencies detected, using: 1496.81
