[1447500852.731788] [node008:10491:0]         sys.c:719  MXM  WARN  Conflicting CPU frequencies detected, using: 1626.66
[1447500852.737607] [node008:10491:0]         mxm.c:185  MXM  WARN  The 'ulimit -s' on the system is set to 'unlimited'. This may have negative performance implications. Please set the heap size to the default value (10240) 
UPCR: UPC threads 0..1 of 2 on node008 (pshm node 0 of 1, process 0 of 1, pid=10491)
0/2 - htable initialized
0/2 - table size: 2147483648 bytes (2048 MB)
0/2 - total number of buckets: 268435456
0/2 - block size: 1073741824 (1024 MB)
0/2 - number of buckets in block: 134217728
0/2 - number of blocks: 2
1/2 - Performed a throughput benchmark:
1/2 - Performed 2000000 find-or-put operations with random values from [0,...,9199999]
1/2 - Finds: 371562 (0.185781), Inserts: 1628438 (0.814219), Errors: 0 (0)
1/2 - Execution time: 0.011513 seconds
1/2 - Throughput: 1.73717E+08 ops/sec
0/2 - Performed a throughput benchmark:
0/2 - Performed 2000000 find-or-put operations with random values from [0,...,9199999]
0/2 - Finds: 385433 (0.192717), Inserts: 1614567 (0.807284), Errors: 0 (0)
0/2 - Execution time: 0.011491 seconds
0/2 - Throughput: 1.74049E+08 ops/sec
[1447500852.715042] [node008:10446:0]         sys.c:719  MXM  WARN  Conflicting CPU frequencies detected, using: 1626.66
