[1447508724.036261] [node008:22754:0]         sys.c:719  MXM  WARN  Conflicting CPU frequencies detected, using: 1992.38
[1447508724.042142] [node008:22754:0]         mxm.c:185  MXM  WARN  The 'ulimit -s' on the system is set to 'unlimited'. This may have negative performance implications. Please set the heap size to the default value (10240) 
UPCR: UPC threads 0..1 of 2 on node008 (pshm node 0 of 1, process 0 of 1, pid=22754)
0/2 - htable initialized
0/2 - table size: 2147483648 bytes (2048 MB)
0/2 - total number of buckets: 268435456
0/2 - block size: 1073741824 (1024 MB)
0/2 - number of buckets in block: 134217728
0/2 - number of blocks: 2
1/2 - Performed a throughput benchmark:
1/2 - Performed 2000000 find-or-put operations with random values from [0,...,2599999]
1/2 - Finds: 963472 (0.481736), Inserts: 1036528 (0.518264), Errors: 0 (0)
1/2 - Execution time: 0.009855 seconds
1/2 - Throughput: 2.02943E+08 ops/sec
0/2 - Performed a throughput benchmark:
0/2 - Performed 2000000 find-or-put operations with random values from [0,...,2599999]
0/2 - Finds: 994090 (0.497045), Inserts: 1005910 (0.502955), Errors: 0 (0)
0/2 - Execution time: 0.012267 seconds
0/2 - Throughput: 1.63039E+08 ops/sec
[1447508724.019982] [node008:22709:0]         sys.c:719  MXM  WARN  Conflicting CPU frequencies detected, using: 1992.38
