[1441220348.610337] [node001:15557:0]         sys.c:719  MXM  WARN  Conflicting CPU frequencies detected, using: 1394.25
[1441220348.652474] [node001:15557:0]         mxm.c:185  MXM  WARN  The 'ulimit -s' on the system is set to 'unlimited'. This may have negative performance implications. Please set the heap size to the default value (10240) 
[1441220348.610533] [node001:15556:0]         sys.c:719  MXM  WARN  Conflicting CPU frequencies detected, using: 1394.25
[1441220348.650311] [node001:15556:0]         mxm.c:185  MXM  WARN  The 'ulimit -s' on the system is set to 'unlimited'. This may have negative performance implications. Please set the heap size to the default value (10240) 
[1441220348.606265] [node001:15554:0]         sys.c:719  MXM  WARN  Conflicting CPU frequencies detected, using: 1394.25
[1441220348.648137] [node001:15554:0]         mxm.c:185  MXM  WARN  The 'ulimit -s' on the system is set to 'unlimited'. This may have negative performance implications. Please set the heap size to the default value (10240) 
[1441220348.606326] [node001:15555:0]         sys.c:719  MXM  WARN  Conflicting CPU frequencies detected, using: 1394.25
[1441220348.648599] [node001:15555:0]         mxm.c:185  MXM  WARN  The 'ulimit -s' on the system is set to 'unlimited'. This may have negative performance implications. Please set the heap size to the default value (10240) 
[1441220348.916426] [node002:23313:0]         sys.c:719  MXM  WARN  Conflicting CPU frequencies detected, using: 1398.56
[1441220348.920149] [node002:23313:0]         mxm.c:185  MXM  WARN  The 'ulimit -s' on the system is set to 'unlimited'. This may have negative performance implications. Please set the heap size to the default value (10240) 
[1441220348.988770] [node002:23336:0]         sys.c:719  MXM  WARN  Conflicting CPU frequencies detected, using: 1717.97
[1441220348.991991] [node002:23336:0]         mxm.c:185  MXM  WARN  The 'ulimit -s' on the system is set to 'unlimited'. This may have negative performance implications. Please set the heap size to the default value (10240) 
[1441220348.974682] [node003:21186:0]         sys.c:719  MXM  WARN  Conflicting CPU frequencies detected, using: 1497.66
[1441220348.978506] [node003:21186:0]         mxm.c:185  MXM  WARN  The 'ulimit -s' on the system is set to 'unlimited'. This may have negative performance implications. Please set the heap size to the default value (10240) 
[1441220349.026945] [node002:23354:0]         sys.c:719  MXM  WARN  Conflicting CPU frequencies detected, using: 1797.38
[1441220349.030044] [node002:23354:0]         mxm.c:185  MXM  WARN  The 'ulimit -s' on the system is set to 'unlimited'. This may have negative performance implications. Please set the heap size to the default value (10240) 
[1441220349.150203] [node002:23385:0]         sys.c:719  MXM  WARN  Conflicting CPU frequencies detected, using: 1789.22
[1441220349.153793] [node002:23385:0]         mxm.c:185  MXM  WARN  The 'ulimit -s' on the system is set to 'unlimited'. This may have negative performance implications. Please set the heap size to the default value (10240) 
[1441220349.195242] [node004:20644:0]         sys.c:719  MXM  WARN  Conflicting CPU frequencies detected, using: 1792.50
[1441220349.198130] [node004:20644:0]         mxm.c:185  MXM  WARN  The 'ulimit -s' on the system is set to 'unlimited'. This may have negative performance implications. Please set the heap size to the default value (10240) 
[1441220349.180745] [node004:20634:0]         sys.c:719  MXM  WARN  Conflicting CPU frequencies detected, using: 1792.50
[1441220349.184053] [node004:20634:0]         mxm.c:185  MXM  WARN  The 'ulimit -s' on the system is set to 'unlimited'. This may have negative performance implications. Please set the heap size to the default value (10240) 
[1441220349.198310] [node006:20433:0]         sys.c:719  MXM  WARN  Conflicting CPU frequencies detected, using: 1698.56
[1441220349.201949] [node006:20433:0]         mxm.c:185  MXM  WARN  The 'ulimit -s' on the system is set to 'unlimited'. This may have negative performance implications. Please set the heap size to the default value (10240) 
[1441220349.198620] [node007:25675:0]         sys.c:719  MXM  WARN  Conflicting CPU frequencies detected, using: 1591.59
[1441220349.202117] [node007:25675:0]         mxm.c:185  MXM  WARN  The 'ulimit -s' on the system is set to 'unlimited'. This may have negative performance implications. Please set the heap size to the default value (10240) 
[1441220349.242739] [node009:28081:0]         sys.c:719  MXM  WARN  Conflicting CPU frequencies detected, using: 1398.38
[1441220349.248228] [node009:28081:0]         mxm.c:185  MXM  WARN  The 'ulimit -s' on the system is set to 'unlimited'. This may have negative performance implications. Please set the heap size to the default value (10240) 
[1441220349.233756] [node004:20670:0]         sys.c:719  MXM  WARN  Conflicting CPU frequencies detected, using: 1998.56
[1441220349.237113] [node004:20670:0]         mxm.c:185  MXM  WARN  The 'ulimit -s' on the system is set to 'unlimited'. This may have negative performance implications. Please set the heap size to the default value (10240) 
[1441220349.235175] [node006:20450:0]         sys.c:719  MXM  WARN  Conflicting CPU frequencies detected, using: 1797.47
[1441220349.238767] [node006:20450:0]         mxm.c:185  MXM  WARN  The 'ulimit -s' on the system is set to 'unlimited'. This may have negative performance implications. Please set the heap size to the default value (10240) 
[1441220349.244610] [node005:21171:0]         sys.c:719  MXM  WARN  Conflicting CPU frequencies detected, using: 1990.78
[1441220349.247787] [node005:21171:0]         mxm.c:185  MXM  WARN  The 'ulimit -s' on the system is set to 'unlimited'. This may have negative performance implications. Please set the heap size to the default value (10240) 
[1441220349.238673] [node005:21170:0]         sys.c:719  MXM  WARN  Conflicting CPU frequencies detected, using: 1990.78
[1441220349.242266] [node005:21170:0]         mxm.c:185  MXM  WARN  The 'ulimit -s' on the system is set to 'unlimited'. This may have negative performance implications. Please set the heap size to the default value (10240) 
[1441220349.311096] [node011:25621:0]         sys.c:719  MXM  WARN  Conflicting CPU frequencies detected, using: 1499.25
[1441220349.316418] [node011:25621:0]         mxm.c:185  MXM  WARN  The 'ulimit -s' on the system is set to 'unlimited'. This may have negative performance implications. Please set the heap size to the default value (10240) 
[1441220349.284100] [node007:25698:0]         sys.c:719  MXM  WARN  Conflicting CPU frequencies detected, using: 1859.34
[1441220349.287690] [node007:25698:0]         mxm.c:185  MXM  WARN  The 'ulimit -s' on the system is set to 'unlimited'. This may have negative performance implications. Please set the heap size to the default value (10240) 
[1441220349.313222] [node013:25883:0]         sys.c:719  MXM  WARN  Conflicting CPU frequencies detected, using: 1476.00
[1441220349.318954] [node013:25883:0]         mxm.c:185  MXM  WARN  The 'ulimit -s' on the system is set to 'unlimited'. This may have negative performance implications. Please set the heap size to the default value (10240) 
[1441220349.351080] [node007:25722:0]         sys.c:719  MXM  WARN  Conflicting CPU frequencies detected, using: 2272.78
[1441220349.354035] [node007:25722:0]         mxm.c:185  MXM  WARN  The 'ulimit -s' on the system is set to 'unlimited'. This may have negative performance implications. Please set the heap size to the default value (10240) 
[1441220349.357330] [node005:21217:0]         sys.c:719  MXM  WARN  Conflicting CPU frequencies detected, using: 1764.38
[1441220349.360827] [node005:21217:0]         mxm.c:185  MXM  WARN  The 'ulimit -s' on the system is set to 'unlimited'. This may have negative performance implications. Please set the heap size to the default value (10240) 
[1441220349.375351] [node007:25740:0]         sys.c:719  MXM  WARN  Conflicting CPU frequencies detected, using: 2299.97
[1441220349.378154] [node007:25740:0]         mxm.c:185  MXM  WARN  The 'ulimit -s' on the system is set to 'unlimited'. This may have negative performance implications. Please set the heap size to the default value (10240) 
[1441220349.355251] [node008:1473 :0]         sys.c:719  MXM  WARN  Conflicting CPU frequencies detected, using: 1697.53
[1441220349.360734] [node008:1473 :0]         mxm.c:185  MXM  WARN  The 'ulimit -s' on the system is set to 'unlimited'. This may have negative performance implications. Please set the heap size to the default value (10240) 
[1441220349.362394] [node013:25902:0]         sys.c:719  MXM  WARN  Conflicting CPU frequencies detected, using: 1795.97
[1441220349.368242] [node013:25902:0]         mxm.c:185  MXM  WARN  The 'ulimit -s' on the system is set to 'unlimited'. This may have negative performance implications. Please set the heap size to the default value (10240) 
[1441220349.370651] [node025:12553:0]         sys.c:719  MXM  WARN  Conflicting CPU frequencies detected, using: 1599.94
[1441220349.374036] [node025:12553:0]         mxm.c:185  MXM  WARN  The 'ulimit -s' on the system is set to 'unlimited'. This may have negative performance implications. Please set the heap size to the default value (10240) 
[1441220349.368289] [node009:28105:0]         sys.c:719  MXM  WARN  Conflicting CPU frequencies detected, using: 1596.28
[1441220349.374110] [node009:28105:0]         mxm.c:185  MXM  WARN  The 'ulimit -s' on the system is set to 'unlimited'. This may have negative performance implications. Please set the heap size to the default value (10240) 
[1441220349.392720] [node025:12570:0]         sys.c:719  MXM  WARN  Conflicting CPU frequencies detected, using: 1699.41
[1441220349.396588] [node025:12570:0]         mxm.c:185  MXM  WARN  The 'ulimit -s' on the system is set to 'unlimited'. This may have negative performance implications. Please set the heap size to the default value (10240) 
[1441220349.392707] [node003:21210:0]         sys.c:719  MXM  WARN  Conflicting CPU frequencies detected, using: 1695.28
[1441220349.396167] [node003:21210:0]         mxm.c:185  MXM  WARN  The 'ulimit -s' on the system is set to 'unlimited'. This may have negative performance implications. Please set the heap size to the default value (10240) 
[1441220349.390809] [node024:20264:0]         sys.c:719  MXM  WARN  Conflicting CPU frequencies detected, using: 1692.84
[1441220349.395082] [node024:20264:0]         mxm.c:185  MXM  WARN  The 'ulimit -s' on the system is set to 'unlimited'. This may have negative performance implications. Please set the heap size to the default value (10240) 
[1441220349.400747] [node011:25645:0]         sys.c:719  MXM  WARN  Conflicting CPU frequencies detected, using: 1799.53
[1441220349.406659] [node011:25645:0]         mxm.c:185  MXM  WARN  The 'ulimit -s' on the system is set to 'unlimited'. This may have negative performance implications. Please set the heap size to the default value (10240) 
[1441220349.391929] [node020:30266:0]         sys.c:719  MXM  WARN  Conflicting CPU frequencies detected, using: 1698.38
[1441220349.396724] [node020:30266:0]         mxm.c:185  MXM  WARN  The 'ulimit -s' on the system is set to 'unlimited'. This may have negative performance implications. Please set the heap size to the default value (10240) 
[1441220349.398469] [node006:20481:0]         sys.c:719  MXM  WARN  Conflicting CPU frequencies detected, using: 1580.62
[1441220349.401992] [node006:20481:0]         mxm.c:185  MXM  WARN  The 'ulimit -s' on the system is set to 'unlimited'. This may have negative performance implications. Please set the heap size to the default value (10240) 
[1441220349.408642] [node008:1491 :0]         sys.c:719  MXM  WARN  Conflicting CPU frequencies detected, using: 1897.22
[1441220349.413773] [node008:1491 :0]         mxm.c:185  MXM  WARN  The 'ulimit -s' on the system is set to 'unlimited'. This may have negative performance implications. Please set the heap size to the default value (10240) 
[1441220349.409259] [node020:30276:0]         sys.c:719  MXM  WARN  Conflicting CPU frequencies detected, using: 1899.84
[1441220349.415071] [node020:30276:0]         mxm.c:185  MXM  WARN  The 'ulimit -s' on the system is set to 'unlimited'. This may have negative performance implications. Please set the heap size to the default value (10240) 
[1441220349.402417] [node011:25646:0]         sys.c:719  MXM  WARN  Conflicting CPU frequencies detected, using: 1891.69
[1441220349.409321] [node011:25646:0]         mxm.c:185  MXM  WARN  The 'ulimit -s' on the system is set to 'unlimited'. This may have negative performance implications. Please set the heap size to the default value (10240) 
[1441220349.398588] [node010:25572:0]         sys.c:719  MXM  WARN  Conflicting CPU frequencies detected, using: 1594.22
[1441220349.402256] [node010:25572:0]         mxm.c:185  MXM  WARN  The 'ulimit -s' on the system is set to 'unlimited'. This may have negative performance implications. Please set the heap size to the default value (10240) 
[1441220349.410688] [node020:30282:0]         sys.c:719  MXM  WARN  Conflicting CPU frequencies detected, using: 1899.84
[1441220349.417356] [node020:30282:0]         mxm.c:185  MXM  WARN  The 'ulimit -s' on the system is set to 'unlimited'. This may have negative performance implications. Please set the heap size to the default value (10240) 
[1441220349.411773] [node008:1492 :0]         sys.c:719  MXM  WARN  Conflicting CPU frequencies detected, using: 1998.00
[1441220349.417228] [node008:1492 :0]         mxm.c:185  MXM  WARN  The 'ulimit -s' on the system is set to 'unlimited'. This may have negative performance implications. Please set the heap size to the default value (10240) 
[1441220349.420130] [node003:21227:0]         sys.c:719  MXM  WARN  Conflicting CPU frequencies detected, using: 1890.56
[1441220349.423522] [node003:21227:0]         mxm.c:185  MXM  WARN  The 'ulimit -s' on the system is set to 'unlimited'. This may have negative performance implications. Please set the heap size to the default value (10240) 
[1441220349.429783] [node003:21235:0]         sys.c:719  MXM  WARN  Conflicting CPU frequencies detected, using: 1890.56
[1441220349.432453] [node003:21235:0]         mxm.c:185  MXM  WARN  The 'ulimit -s' on the system is set to 'unlimited'. This may have negative performance implications. Please set the heap size to the default value (10240) 
[1441220349.416221] [node008:1518 :0]         sys.c:719  MXM  WARN  Conflicting CPU frequencies detected, using: 1998.00
[1441220349.422858] [node008:1518 :0]         mxm.c:185  MXM  WARN  The 'ulimit -s' on the system is set to 'unlimited'. This may have negative performance implications. Please set the heap size to the default value (10240) 
[1441220349.412955] [node049:11355:0]         sys.c:719  MXM  WARN  Conflicting CPU frequencies detected, using: 1690.50
[1441220349.416476] [node049:11355:0]         mxm.c:185  MXM  WARN  The 'ulimit -s' on the system is set to 'unlimited'. This may have negative performance implications. Please set the heap size to the default value (10240) 
[1441220349.414482] [node009:28122:0]         sys.c:719  MXM  WARN  Conflicting CPU frequencies detected, using: 1700.06
[1441220349.419723] [node009:28122:0]         mxm.c:185  MXM  WARN  The 'ulimit -s' on the system is set to 'unlimited'. This may have negative performance implications. Please set the heap size to the default value (10240) 
[1441220349.423225] [node013:25928:0]         sys.c:719  MXM  WARN  Conflicting CPU frequencies detected, using: 1897.97
[1441220349.428288] [node013:25928:0]         mxm.c:185  MXM  WARN  The 'ulimit -s' on the system is set to 'unlimited'. This may have negative performance implications. Please set the heap size to the default value (10240) 
[1441220349.428607] [node028:2946 :0]         sys.c:719  MXM  WARN  Conflicting CPU frequencies detected, using: 1797.09
[1441220349.431894] [node028:2946 :0]         mxm.c:185  MXM  WARN  The 'ulimit -s' on the system is set to 'unlimited'. This may have negative performance implications. Please set the heap size to the default value (10240) 
[1441220349.432550] [node049:11372:0]         sys.c:719  MXM  WARN  Conflicting CPU frequencies detected, using: 1699.97
[1441220349.435509] [node049:11372:0]         mxm.c:185  MXM  WARN  The 'ulimit -s' on the system is set to 'unlimited'. This may have negative performance implications. Please set the heap size to the default value (10240) 
[1441220349.426345] [node023:19341:0]         sys.c:719  MXM  WARN  Conflicting CPU frequencies detected, using: 1695.38
[1441220349.431098] [node023:19341:0]         mxm.c:185  MXM  WARN  The 'ulimit -s' on the system is set to 'unlimited'. This may have negative performance implications. Please set the heap size to the default value (10240) 
[1441220349.417409] [node012:25828:0]         sys.c:719  MXM  WARN  Conflicting CPU frequencies detected, using: 1699.59
[1441220349.422584] [node012:25828:0]         mxm.c:185  MXM  WARN  The 'ulimit -s' on the system is set to 'unlimited'. This may have negative performance implications. Please set the heap size to the default value (10240) 
[1441220349.423116] [node028:2940 :0]         sys.c:719  MXM  WARN  Conflicting CPU frequencies detected, using: 1699.97
[1441220349.426659] [node028:2940 :0]         mxm.c:185  MXM  WARN  The 'ulimit -s' on the system is set to 'unlimited'. This may have negative performance implications. Please set the heap size to the default value (10240) 
[1441220349.421363] [node023:19335:0]         sys.c:719  MXM  WARN  Conflicting CPU frequencies detected, using: 1695.38
[1441220349.426436] [node023:19335:0]         mxm.c:185  MXM  WARN  The 'ulimit -s' on the system is set to 'unlimited'. This may have negative performance implications. Please set the heap size to the default value (10240) 
[1441220349.426762] [node021:4778 :0]         sys.c:719  MXM  WARN  Conflicting CPU frequencies detected, using: 1499.91
[1441220349.430165] [node021:4778 :0]         mxm.c:185  MXM  WARN  The 'ulimit -s' on the system is set to 'unlimited'. This may have negative performance implications. Please set the heap size to the default value (10240) 
[1441220349.432299] [node028:2961 :0]         sys.c:719  MXM  WARN  Conflicting CPU frequencies detected, using: 1797.09
[1441220349.437200] [node028:2961 :0]         mxm.c:185  MXM  WARN  The 'ulimit -s' on the system is set to 'unlimited'. This may have negative performance implications. Please set the heap size to the default value (10240) 
[1441220349.428023] [node012:25835:0]         sys.c:719  MXM  WARN  Conflicting CPU frequencies detected, using: 1799.44
[1441220349.434843] [node012:25835:0]         mxm.c:185  MXM  WARN  The 'ulimit -s' on the system is set to 'unlimited'. This may have negative performance implications. Please set the heap size to the default value (10240) 
[1441220349.431488] [node014:20654:0]         sys.c:719  MXM  WARN  Conflicting CPU frequencies detected, using: 1798.59
[1441220349.434978] [node014:20654:0]         mxm.c:185  MXM  WARN  The 'ulimit -s' on the system is set to 'unlimited'. This may have negative performance implications. Please set the heap size to the default value (10240) 
[1441220349.438030] [node014:20661:0]         sys.c:719  MXM  WARN  Conflicting CPU frequencies detected, using: 1798.59
[1441220349.441134] [node014:20661:0]         mxm.c:185  MXM  WARN  The 'ulimit -s' on the system is set to 'unlimited'. This may have negative performance implications. Please set the heap size to the default value (10240) 
[1441220349.423014] [node019:31580:0]         sys.c:719  MXM  WARN  Conflicting CPU frequencies detected, using: 1493.44
[1441220349.426654] [node019:31580:0]         mxm.c:185  MXM  WARN  The 'ulimit -s' on the system is set to 'unlimited'. This may have negative performance implications. Please set the heap size to the default value (10240) 
[1441220349.433804] [node050:6597 :0]         sys.c:719  MXM  WARN  Conflicting CPU frequencies detected, using: 1693.78
[1441220349.437352] [node050:6597 :0]         mxm.c:185  MXM  WARN  The 'ulimit -s' on the system is set to 'unlimited'. This may have negative performance implications. Please set the heap size to the default value (10240) 
[1441220349.437752] [node012:25849:0]         sys.c:719  MXM  WARN  Conflicting CPU frequencies detected, using: 1894.88
[1441220349.445574] [node012:25849:0]         mxm.c:185  MXM  WARN  The 'ulimit -s' on the system is set to 'unlimited'. This may have negative performance implications. Please set the heap size to the default value (10240) 
[1441220349.429347] [node015:18259:0]         sys.c:719  MXM  WARN  Conflicting CPU frequencies detected, using: 1699.12
[1441220349.434389] [node015:18259:0]         mxm.c:185  MXM  WARN  The 'ulimit -s' on the system is set to 'unlimited'. This may have negative performance implications. Please set the heap size to the default value (10240) 
[1441220349.438732] [node015:18269:0]         sys.c:719  MXM  WARN  Conflicting CPU frequencies detected, using: 1795.78
[1441220349.445497] [node015:18269:0]         mxm.c:185  MXM  WARN  The 'ulimit -s' on the system is set to 'unlimited'. This may have negative performance implications. Please set the heap size to the default value (10240) 
[1441220349.437921] [node022:29643:0]         sys.c:719  MXM  WARN  Conflicting CPU frequencies detected, using: 1697.62
[1441220349.443057] [node022:29643:0]         mxm.c:185  MXM  WARN  The 'ulimit -s' on the system is set to 'unlimited'. This may have negative performance implications. Please set the heap size to the default value (10240) 
[1441220349.431117] [node018:9583 :0]         sys.c:719  MXM  WARN  Conflicting CPU frequencies detected, using: 1697.25
[1441220349.436187] [node018:9583 :0]         mxm.c:185  MXM  WARN  The 'ulimit -s' on the system is set to 'unlimited'. This may have negative performance implications. Please set the heap size to the default value (10240) 
[1441220349.440255] [node005:21240:0]         sys.c:719  MXM  WARN  Conflicting CPU frequencies detected, using: 1600.12
[1441220349.443746] [node005:21240:0]         mxm.c:185  MXM  WARN  The 'ulimit -s' on the system is set to 'unlimited'. This may have negative performance implications. Please set the heap size to the default value (10240) 
[1441220349.463865] [node051:29445:0]         sys.c:719  MXM  WARN  Conflicting CPU frequencies detected, using: 2094.28
[1441220349.466777] [node051:29445:0]         mxm.c:185  MXM  WARN  The 'ulimit -s' on the system is set to 'unlimited'. This may have negative performance implications. Please set the heap size to the default value (10240) 
[1441220349.460817] [node020:30329:0]         sys.c:719  MXM  WARN  Conflicting CPU frequencies detected, using: 2197.03
[1441220349.465536] [node020:30329:0]         mxm.c:185  MXM  WARN  The 'ulimit -s' on the system is set to 'unlimited'. This may have negative performance implications. Please set the heap size to the default value (10240) 
[1441220349.454894] [node051:29443:0]         sys.c:719  MXM  WARN  Conflicting CPU frequencies detected, using: 1998.00
[1441220349.458047] [node051:29443:0]         mxm.c:185  MXM  WARN  The 'ulimit -s' on the system is set to 'unlimited'. This may have negative performance implications. Please set the heap size to the default value (10240) 
[1441220349.459015] [node051:29444:0]         sys.c:719  MXM  WARN  Conflicting CPU frequencies detected, using: 1998.00
[1441220349.462482] [node051:29444:0]         mxm.c:185  MXM  WARN  The 'ulimit -s' on the system is set to 'unlimited'. This may have negative performance implications. Please set the heap size to the default value (10240) 
[1441220349.458927] [node052:32367:0]         sys.c:719  MXM  WARN  Conflicting CPU frequencies detected, using: 1798.59
[1441220349.461983] [node052:32367:0]         mxm.c:185  MXM  WARN  The 'ulimit -s' on the system is set to 'unlimited'. This may have negative performance implications. Please set the heap size to the default value (10240) 
[1441220349.458431] [node018:9600 :0]         sys.c:719  MXM  WARN  Conflicting CPU frequencies detected, using: 1898.53
[1441220349.463574] [node018:9600 :0]         mxm.c:185  MXM  WARN  The 'ulimit -s' on the system is set to 'unlimited'. This may have negative performance implications. Please set the heap size to the default value (10240) 
[1441220349.473316] [node021:4795 :0]         sys.c:719  MXM  WARN  Conflicting CPU frequencies detected, using: 1895.16
[1441220349.476544] [node021:4795 :0]         mxm.c:185  MXM  WARN  The 'ulimit -s' on the system is set to 'unlimited'. This may have negative performance implications. Please set the heap size to the default value (10240) 
[1441220349.471551] [node012:25883:0]         sys.c:719  MXM  WARN  Conflicting CPU frequencies detected, using: 2298.09
[1441220349.476628] [node012:25883:0]         mxm.c:185  MXM  WARN  The 'ulimit -s' on the system is set to 'unlimited'. This may have negative performance implications. Please set the heap size to the default value (10240) 
[1441220349.456979] [node052:32368:0]         sys.c:719  MXM  WARN  Conflicting CPU frequencies detected, using: 1798.59
[1441220349.460327] [node052:32368:0]         mxm.c:185  MXM  WARN  The 'ulimit -s' on the system is set to 'unlimited'. This may have negative performance implications. Please set the heap size to the default value (10240) 
[1441220349.471493] [node049:11395:0]         sys.c:719  MXM  WARN  Conflicting CPU frequencies detected, using: 1899.47
[1441220349.474690] [node049:11395:0]         mxm.c:185  MXM  WARN  The 'ulimit -s' on the system is set to 'unlimited'. This may have negative performance implications. Please set the heap size to the default value (10240) 
[1441220349.473498] [node051:29492:0]         sys.c:719  MXM  WARN  Conflicting CPU frequencies detected, using: 2094.28
[1441220349.476751] [node051:29492:0]         mxm.c:185  MXM  WARN  The 'ulimit -s' on the system is set to 'unlimited'. This may have negative performance implications. Please set the heap size to the default value (10240) 
[1441220349.462621] [node004:20707:0]         sys.c:719  MXM  WARN  Conflicting CPU frequencies detected, using: 1699.97
[1441220349.466162] [node004:20707:0]         mxm.c:185  MXM  WARN  The 'ulimit -s' on the system is set to 'unlimited'. This may have negative performance implications. Please set the heap size to the default value (10240) 
[1441220349.470801] [node028:2995 :0]         sys.c:719  MXM  WARN  Conflicting CPU frequencies detected, using: 1899.94
[1441220349.474182] [node028:2995 :0]         mxm.c:185  MXM  WARN  The 'ulimit -s' on the system is set to 'unlimited'. This may have negative performance implications. Please set the heap size to the default value (10240) 
[1441220349.482522] [node010:25597:0]         sys.c:719  MXM  WARN  Conflicting CPU frequencies detected, using: 2193.19
[1441220349.485383] [node010:25597:0]         mxm.c:185  MXM  WARN  The 'ulimit -s' on the system is set to 'unlimited'. This may have negative performance implications. Please set the heap size to the default value (10240) 
[1441220349.481017] [node052:32403:0]         sys.c:719  MXM  WARN  Conflicting CPU frequencies detected, using: 1899.00
[1441220349.483770] [node052:32403:0]         mxm.c:185  MXM  WARN  The 'ulimit -s' on the system is set to 'unlimited'. This may have negative performance implications. Please set the heap size to the default value (10240) 
[1441220349.474796] [node015:18303:0]         sys.c:719  MXM  WARN  Conflicting CPU frequencies detected, using: 1996.41
[1441220349.479521] [node015:18303:0]         mxm.c:185  MXM  WARN  The 'ulimit -s' on the system is set to 'unlimited'. This may have negative performance implications. Please set the heap size to the default value (10240) 
[1441220349.468071] [node015:18293:0]         sys.c:719  MXM  WARN  Conflicting CPU frequencies detected, using: 1996.41
[1441220349.474217] [node015:18293:0]         mxm.c:185  MXM  WARN  The 'ulimit -s' on the system is set to 'unlimited'. This may have negative performance implications. Please set the heap size to the default value (10240) 
[1441220349.485605] [node010:25613:0]         sys.c:719  MXM  WARN  Conflicting CPU frequencies detected, using: 2193.19
[1441220349.488238] [node010:25613:0]         mxm.c:185  MXM  WARN  The 'ulimit -s' on the system is set to 'unlimited'. This may have negative performance implications. Please set the heap size to the default value (10240) 
[1441220349.482897] [node019:31603:0]         sys.c:719  MXM  WARN  Conflicting CPU frequencies detected, using: 1773.00
[1441220349.485845] [node019:31603:0]         mxm.c:185  MXM  WARN  The 'ulimit -s' on the system is set to 'unlimited'. This may have negative performance implications. Please set the heap size to the default value (10240) 
[1441220349.487093] [node046:20739:0]         sys.c:719  MXM  WARN  Conflicting CPU frequencies detected, using: 1899.47
[1441220349.490077] [node046:20739:0]         mxm.c:185  MXM  WARN  The 'ulimit -s' on the system is set to 'unlimited'. This may have negative performance implications. Please set the heap size to the default value (10240) 
[1441220349.479975] [node023:19374:0]         sys.c:719  MXM  WARN  Conflicting CPU frequencies detected, using: 2081.91
[1441220349.484984] [node023:19374:0]         mxm.c:185  MXM  WARN  The 'ulimit -s' on the system is set to 'unlimited'. This may have negative performance implications. Please set the heap size to the default value (10240) 
[1441220349.483270] [node010:25596:0]         sys.c:719  MXM  WARN  Conflicting CPU frequencies detected, using: 2193.19
[1441220349.486397] [node010:25596:0]         mxm.c:185  MXM  WARN  The 'ulimit -s' on the system is set to 'unlimited'. This may have negative performance implications. Please set the heap size to the default value (10240) 
[1441220349.486493] [node049:11419:0]         sys.c:719  MXM  WARN  Conflicting CPU frequencies detected, using: 2054.62
[1441220349.489517] [node049:11419:0]         mxm.c:185  MXM  WARN  The 'ulimit -s' on the system is set to 'unlimited'. This may have negative performance implications. Please set the heap size to the default value (10240) 
[1441220349.490580] [node024:20289:0]         sys.c:719  MXM  WARN  Conflicting CPU frequencies detected, using: 2296.97
[1441220349.493471] [node024:20289:0]         mxm.c:185  MXM  WARN  The 'ulimit -s' on the system is set to 'unlimited'. This may have negative performance implications. Please set the heap size to the default value (10240) 
[1441220349.483516] [node023:19375:0]         sys.c:719  MXM  WARN  Conflicting CPU frequencies detected, using: 2100.00
[1441220349.488206] [node023:19375:0]         mxm.c:185  MXM  WARN  The 'ulimit -s' on the system is set to 'unlimited'. This may have negative performance implications. Please set the heap size to the default value (10240) 
[1441220349.475373] [node046:20729:0]         sys.c:719  MXM  WARN  Conflicting CPU frequencies detected, using: 1796.25
[1441220349.478701] [node046:20729:0]         mxm.c:185  MXM  WARN  The 'ulimit -s' on the system is set to 'unlimited'. This may have negative performance implications. Please set the heap size to the default value (10240) 
[1441220349.494200] [node021:4818 :0]         sys.c:719  MXM  WARN  Conflicting CPU frequencies detected, using: 2094.38
[1441220349.497994] [node021:4818 :0]         mxm.c:185  MXM  WARN  The 'ulimit -s' on the system is set to 'unlimited'. This may have negative performance implications. Please set the heap size to the default value (10240) 
[1441220349.485690] [node052:32402:0]         sys.c:719  MXM  WARN  Conflicting CPU frequencies detected, using: 1996.78
[1441220349.489247] [node052:32402:0]         mxm.c:185  MXM  WARN  The 'ulimit -s' on the system is set to 'unlimited'. This may have negative performance implications. Please set the heap size to the default value (10240) 
[1441220349.494045] [node050:6620 :0]         sys.c:719  MXM  WARN  Conflicting CPU frequencies detected, using: 1990.69
[1441220349.496652] [node050:6620 :0]         mxm.c:185  MXM  WARN  The 'ulimit -s' on the system is set to 'unlimited'. This may have negative performance implications. Please set the heap size to the default value (10240) 
[1441220349.485188] [node025:12607:0]         sys.c:719  MXM  WARN  Conflicting CPU frequencies detected, using: 1900.03
[1441220349.488392] [node025:12607:0]         mxm.c:185  MXM  WARN  The 'ulimit -s' on the system is set to 'unlimited'. This may have negative performance implications. Please set the heap size to the default value (10240) 
[1441220349.487624] [node021:4810 :0]         sys.c:719  MXM  WARN  Conflicting CPU frequencies detected, using: 2094.38
[1441220349.491449] [node021:4810 :0]         mxm.c:185  MXM  WARN  The 'ulimit -s' on the system is set to 'unlimited'. This may have negative performance implications. Please set the heap size to the default value (10240) 
[1441220349.495173] [node024:20290:0]         sys.c:719  MXM  WARN  Conflicting CPU frequencies detected, using: 2296.97
[1441220349.498217] [node024:20290:0]         mxm.c:185  MXM  WARN  The 'ulimit -s' on the system is set to 'unlimited'. This may have negative performance implications. Please set the heap size to the default value (10240) 
[1441220349.490777] [node050:6619 :0]         sys.c:719  MXM  WARN  Conflicting CPU frequencies detected, using: 1990.69
[1441220349.494334] [node050:6619 :0]         mxm.c:185  MXM  WARN  The 'ulimit -s' on the system is set to 'unlimited'. This may have negative performance implications. Please set the heap size to the default value (10240) 
[1441220349.484233] [node025:12600:0]         sys.c:719  MXM  WARN  Conflicting CPU frequencies detected, using: 1900.03
[1441220349.487681] [node025:12600:0]         mxm.c:185  MXM  WARN  The 'ulimit -s' on the system is set to 'unlimited'. This may have negative performance implications. Please set the heap size to the default value (10240) 
[1441220349.479768] [node022:29661:0]         sys.c:719  MXM  WARN  Conflicting CPU frequencies detected, using: 1899.94
[1441220349.485302] [node022:29661:0]         mxm.c:185  MXM  WARN  The 'ulimit -s' on the system is set to 'unlimited'. This may have negative performance implications. Please set the heap size to the default value (10240) 
[1441220349.489754] [node047:11291:0]         sys.c:719  MXM  WARN  Conflicting CPU frequencies detected, using: 1894.88
[1441220349.493389] [node047:11291:0]         mxm.c:185  MXM  WARN  The 'ulimit -s' on the system is set to 'unlimited'. This may have negative performance implications. Please set the heap size to the default value (10240) 
[1441220349.486589] [node018:9623 :0]         sys.c:719  MXM  WARN  Conflicting CPU frequencies detected, using: 2199.38
[1441220349.494258] [node018:9623 :0]         mxm.c:185  MXM  WARN  The 'ulimit -s' on the system is set to 'unlimited'. This may have negative performance implications. Please set the heap size to the default value (10240) 
[1441220349.484617] [node018:9622 :0]         sys.c:719  MXM  WARN  Conflicting CPU frequencies detected, using: 2199.38
[1441220349.491901] [node018:9622 :0]         mxm.c:185  MXM  WARN  The 'ulimit -s' on the system is set to 'unlimited'. This may have negative performance implications. Please set the heap size to the default value (10240) 
[1441220349.493211] [node046:20746:0]         sys.c:719  MXM  WARN  Conflicting CPU frequencies detected, using: 1899.47
[1441220349.496380] [node046:20746:0]         mxm.c:185  MXM  WARN  The 'ulimit -s' on the system is set to 'unlimited'. This may have negative performance implications. Please set the heap size to the default value (10240) 
[1441220349.482020] [node017:28427:0]         sys.c:719  MXM  WARN  Conflicting CPU frequencies detected, using: 1798.69
[1441220349.486947] [node017:28427:0]         mxm.c:185  MXM  WARN  The 'ulimit -s' on the system is set to 'unlimited'. This may have negative performance implications. Please set the heap size to the default value (10240) 
[1441220349.486476] [node011:25691:0]         sys.c:719  MXM  WARN  Conflicting CPU frequencies detected, using: 2227.97
[1441220349.492161] [node011:25691:0]         mxm.c:185  MXM  WARN  The 'ulimit -s' on the system is set to 'unlimited'. This may have negative performance implications. Please set the heap size to the default value (10240) 
[1441220349.502717] [node048:11378:0]         sys.c:719  MXM  WARN  Conflicting CPU frequencies detected, using: 1999.97
[1441220349.505470] [node048:11378:0]         mxm.c:185  MXM  WARN  The 'ulimit -s' on the system is set to 'unlimited'. This may have negative performance implications. Please set the heap size to the default value (10240) 
[1441220349.488496] [node022:29662:0]         sys.c:719  MXM  WARN  Conflicting CPU frequencies detected, using: 1995.66
[1441220349.497910] [node022:29662:0]         mxm.c:185  MXM  WARN  The 'ulimit -s' on the system is set to 'unlimited'. This may have negative performance implications. Please set the heap size to the default value (10240) 
[1441220349.487188] [node022:29678:0]         sys.c:719  MXM  WARN  Conflicting CPU frequencies detected, using: 1995.66
[1441220349.494883] [node022:29678:0]         mxm.c:185  MXM  WARN  The 'ulimit -s' on the system is set to 'unlimited'. This may have negative performance implications. Please set the heap size to the default value (10240) 
[1441220349.486932] [node006:20505:0]         sys.c:719  MXM  WARN  Conflicting CPU frequencies detected, using: 1573.97
[1441220349.490538] [node006:20505:0]         mxm.c:185  MXM  WARN  The 'ulimit -s' on the system is set to 'unlimited'. This may have negative performance implications. Please set the heap size to the default value (10240) 
[1441220349.488168] [node013:25954:0]         sys.c:719  MXM  WARN  Conflicting CPU frequencies detected, using: 1981.12
[1441220349.493718] [node013:25954:0]         mxm.c:185  MXM  WARN  The 'ulimit -s' on the system is set to 'unlimited'. This may have negative performance implications. Please set the heap size to the default value (10240) 
[1441220349.500282] [node048:11373:0]         sys.c:719  MXM  WARN  Conflicting CPU frequencies detected, using: 1999.97
[1441220349.503601] [node048:11373:0]         mxm.c:185  MXM  WARN  The 'ulimit -s' on the system is set to 'unlimited'. This may have negative performance implications. Please set the heap size to the default value (10240) 
[1441220349.500282] [node048:11372:0]         sys.c:719  MXM  WARN  Conflicting CPU frequencies detected, using: 1999.97
[1441220349.503691] [node048:11372:0]         mxm.c:185  MXM  WARN  The 'ulimit -s' on the system is set to 'unlimited'. This may have negative performance implications. Please set the heap size to the default value (10240) 
[1441220349.512875] [node019:31621:0]         sys.c:719  MXM  WARN  Conflicting CPU frequencies detected, using: 1899.28
[1441220349.515688] [node019:31621:0]         mxm.c:185  MXM  WARN  The 'ulimit -s' on the system is set to 'unlimited'. This may have negative performance implications. Please set the heap size to the default value (10240) 
[1441220349.517654] [node024:20322:0]         sys.c:719  MXM  WARN  Conflicting CPU frequencies detected, using: 2399.91
[1441220349.520792] [node024:20322:0]         mxm.c:185  MXM  WARN  The 'ulimit -s' on the system is set to 'unlimited'. This may have negative performance implications. Please set the heap size to the default value (10240) 
[1441220349.498409] [node017:28439:0]         sys.c:719  MXM  WARN  Conflicting CPU frequencies detected, using: 1899.94
[1441220349.504165] [node017:28439:0]         mxm.c:185  MXM  WARN  The 'ulimit -s' on the system is set to 'unlimited'. This may have negative performance implications. Please set the heap size to the default value (10240) 
[1441220349.512060] [node046:20783:0]         sys.c:719  MXM  WARN  Conflicting CPU frequencies detected, using: 1999.97
[1441220349.514967] [node046:20783:0]         mxm.c:185  MXM  WARN  The 'ulimit -s' on the system is set to 'unlimited'. This may have negative performance implications. Please set the heap size to the default value (10240) 
[1441220349.514641] [node019:31625:0]         sys.c:719  MXM  WARN  Conflicting CPU frequencies detected, using: 1994.25
[1441220349.517367] [node019:31625:0]         mxm.c:185  MXM  WARN  The 'ulimit -s' on the system is set to 'unlimited'. This may have negative performance implications. Please set the heap size to the default value (10240) 
[1441220349.499792] [node017:28436:0]         sys.c:719  MXM  WARN  Conflicting CPU frequencies detected, using: 1899.94
[1441220349.506464] [node017:28436:0]         mxm.c:185  MXM  WARN  The 'ulimit -s' on the system is set to 'unlimited'. This may have negative performance implications. Please set the heap size to the default value (10240) 
[1441220349.488088] [node009:28152:0]         sys.c:719  MXM  WARN  Conflicting CPU frequencies detected, using: 1754.53
[1441220349.493695] [node009:28152:0]         mxm.c:185  MXM  WARN  The 'ulimit -s' on the system is set to 'unlimited'. This may have negative performance implications. Please set the heap size to the default value (10240) 
[1441220349.512879] [node048:11422:0]         sys.c:719  MXM  WARN  Conflicting CPU frequencies detected, using: 1999.97
[1441220349.515884] [node048:11422:0]         mxm.c:185  MXM  WARN  The 'ulimit -s' on the system is set to 'unlimited'. This may have negative performance implications. Please set the heap size to the default value (10240) 
[1441220349.504740] [node014:20701:0]         sys.c:719  MXM  WARN  Conflicting CPU frequencies detected, using: 1899.94
[1441220349.508436] [node014:20701:0]         mxm.c:185  MXM  WARN  The 'ulimit -s' on the system is set to 'unlimited'. This may have negative performance implications. Please set the heap size to the default value (10240) 
[1441220349.517455] [node050:6655 :0]         sys.c:719  MXM  WARN  Conflicting CPU frequencies detected, using: 2096.06
[1441220349.520630] [node050:6655 :0]         mxm.c:185  MXM  WARN  The 'ulimit -s' on the system is set to 'unlimited'. This may have negative performance implications. Please set the heap size to the default value (10240) 
[1441220349.509000] [node014:20703:0]         sys.c:719  MXM  WARN  Conflicting CPU frequencies detected, using: 1998.66
[1441220349.512314] [node014:20703:0]         mxm.c:185  MXM  WARN  The 'ulimit -s' on the system is set to 'unlimited'. This may have negative performance implications. Please set the heap size to the default value (10240) 
[1441220349.516024] [node017:28478:0]         sys.c:719  MXM  WARN  Conflicting CPU frequencies detected, using: 1990.88
[1441220349.521541] [node017:28478:0]         mxm.c:185  MXM  WARN  The 'ulimit -s' on the system is set to 'unlimited'. This may have negative performance implications. Please set the heap size to the default value (10240) 
[1441220349.533397] [node047:11309:0]         sys.c:719  MXM  WARN  Conflicting CPU frequencies detected, using: 2192.44
[1441220349.536911] [node047:11309:0]         mxm.c:185  MXM  WARN  The 'ulimit -s' on the system is set to 'unlimited'. This may have negative performance implications. Please set the heap size to the default value (10240) 
[1441220349.543779] [node047:11310:0]         sys.c:719  MXM  WARN  Conflicting CPU frequencies detected, using: 2192.44
[1441220349.546343] [node047:11310:0]         mxm.c:185  MXM  WARN  The 'ulimit -s' on the system is set to 'unlimited'. This may have negative performance implications. Please set the heap size to the default value (10240) 
[1441220349.542060] [node047:11318:0]         sys.c:719  MXM  WARN  Conflicting CPU frequencies detected, using: 2192.44
[1441220349.544734] [node047:11318:0]         mxm.c:185  MXM  WARN  The 'ulimit -s' on the system is set to 'unlimited'. This may have negative performance implications. Please set the heap size to the default value (10240) 
UPCR: UPC thread   0 of 128 on node001 (pshm node  0 of 32, process   0 of 128, pid=15554)
UPCR: UPC thread   3 of 128 on node001 (pshm node  0 of 32, process   3 of 128, pid=15557)
UPCR: UPC thread   1 of 128 on node001 (pshm node  0 of 32, process   1 of 128, pid=15555)
UPCR: UPC thread   2 of 128 on node001 (pshm node  0 of 32, process   2 of 128, pid=15556)
UPCR: UPC thread  47 of 128 on node012 (pshm node 11 of 32, process  47 of 128, pid=25828)
UPCR: UPC thread  29 of 128 on node008 (pshm node  7 of 32, process  29 of 128, pid=1491)
UPCR: UPC thread  60 of 128 on node017 (pshm node 15 of 32, process  60 of 128, pid=28439)
UPCR: UPC thread  28 of 128 on node008 (pshm node  7 of 32, process  28 of 128, pid=1518)
UPCR: UPC thread  33 of 128 on node009 (pshm node  8 of 32, process  33 of 128, pid=28152)
UPCR: UPC thread  15 of 128 on node004 (pshm node  3 of 32, process  15 of 128, pid=20670)
UPCR: UPC thread  93 of 128 on node025 (pshm node 23 of 32, process  93 of 128, pid=12607)
UPCR: UPC thread  76 of 128 on node021 (pshm node 19 of 32, process  76 of 128, pid=4810)
UPCR: UPC thread   6 of 128 on node002 (pshm node  1 of 32, process   6 of 128, pid=23354)
UPCR: UPC thread 119 of 128 on node050 (pshm node 29 of 32, process 119 of 128, pid=6597)
UPCR: UPC thread  14 of 128 on node004 (pshm node  3 of 32, process  14 of 128, pid=20707)
UPCR: UPC thread  67 of 128 on node018 (pshm node 16 of 32, process  67 of 128, pid=9623)
UPCR: UPC thread  12 of 128 on node004 (pshm node  3 of 32, process  12 of 128, pid=20644)
UPCR: UPC thread  51 of 128 on node013 (pshm node 12 of 32, process  51 of 128, pid=25954)
UPCR: UPC thread  17 of 128 on node005 (pshm node  4 of 32, process  17 of 128, pid=21170)
UPCR: UPC thread  20 of 128 on node006 (pshm node  5 of 32, process  20 of 128, pid=20505)
UPCR: UPC thread  30 of 128 on node008 (pshm node  7 of 32, process  30 of 128, pid=1473)
UPCR: UPC thread   5 of 128 on node002 (pshm node  1 of 32, process   5 of 128, pid=23385)
UPCR: UPC thread  79 of 128 on node021 (pshm node 19 of 32, process  79 of 128, pid=4778)
UPCR: UPC thread 124 of 128 on node052 (pshm node 31 of 32, process 124 of 128, pid=32403)
UPCR: UPC thread  57 of 128 on node015 (pshm node 14 of 32, process  57 of 128, pid=18293)
UPCR: UPC thread 112 of 128 on node049 (pshm node 28 of 32, process 112 of 128, pid=11355)
UPCR: UPC thread  54 of 128 on node014 (pshm node 13 of 32, process  54 of 128, pid=20703)
UPCR: UPC thread  75 of 128 on node020 (pshm node 18 of 32, process  75 of 128, pid=30282)
UPCR: UPC thread 107 of 128 on node047 (pshm node 26 of 32, process 107 of 128, pid=11318)
UPCR: UPC thread  36 of 128 on node010 (pshm node  9 of 32, process  36 of 128, pid=25597)
UPCR: UPC thread  92 of 128 on node025 (pshm node 23 of 32, process  92 of 128, pid=12570)
UPCR: UPC thread  44 of 128 on node012 (pshm node 11 of 32, process  44 of 128, pid=25849)
UPCR: UPC thread  84 of 128 on node023 (pshm node 21 of 32, process  84 of 128, pid=19341)
UPCR: UPC thread  11 of 128 on node003 (pshm node  2 of 32, process  11 of 128, pid=21235)
UPCR: UPC thread  46 of 128 on node012 (pshm node 11 of 32, process  46 of 128, pid=25883)
UPCR: UPC thread  31 of 128 on node008 (pshm node  7 of 32, process  31 of 128, pid=1492)
UPCR: UPC thread  61 of 128 on node017 (pshm node 15 of 32, process  61 of 128, pid=28436)
UPCR: UPC thread  43 of 128 on node011 (pshm node 10 of 32, process  43 of 128, pid=25621)
UPCR: UPC thread  78 of 128 on node021 (pshm node 19 of 32, process  78 of 128, pid=4818)
UPCR: UPC thread  32 of 128 on node009 (pshm node  8 of 32, process  32 of 128, pid=28122)
UPCR: UPC thread  58 of 128 on node015 (pshm node 14 of 32, process  58 of 128, pid=18303)
UPCR: UPC thread  42 of 128 on node011 (pshm node 10 of 32, process  42 of 128, pid=25691)
UPCR: UPC thread 106 of 128 on node047 (pshm node 26 of 32, process 106 of 128, pid=11310)
UPCR: UPC thread  35 of 128 on node009 (pshm node  8 of 32, process  35 of 128, pid=28081)
UPCR: UPC thread  38 of 128 on node010 (pshm node  9 of 32, process  38 of 128, pid=25613)
UPCR: UPC thread  37 of 128 on node010 (pshm node  9 of 32, process  37 of 128, pid=25596)
UPCR: UPC thread  77 of 128 on node021 (pshm node 19 of 32, process  77 of 128, pid=4795)
UPCR: UPC thread 101 of 128 on node046 (pshm node 25 of 32, process 101 of 128, pid=20739)
UPCR: UPC thread  82 of 128 on node022 (pshm node 20 of 32, process  82 of 128, pid=29661)
UPCR: UPC thread 105 of 128 on node047 (pshm node 26 of 32, process 105 of 128, pid=11309)
UPCR: UPC thread 104 of 128 on node047 (pshm node 26 of 32, process 104 of 128, pid=11291)
UPCR: UPC thread  34 of 128 on node009 (pshm node  8 of 32, process  34 of 128, pid=28105)
UPCR: UPC thread  95 of 128 on node025 (pshm node 23 of 32, process  95 of 128, pid=12553)
UPCR: UPC thread  55 of 128 on node014 (pshm node 13 of 32, process  55 of 128, pid=20654)
UPCR: UPC thread 116 of 128 on node050 (pshm node 29 of 32, process 116 of 128, pid=6619)
UPCR: UPC thread   4 of 128 on node002 (pshm node  1 of 32, process   4 of 128, pid=23336)
UPCR: UPC thread 100 of 128 on node046 (pshm node 25 of 32, process 100 of 128, pid=20783)
UPCR: UPC thread  74 of 128 on node020 (pshm node 18 of 32, process  74 of 128, pid=30329)
UPCR: UPC thread  39 of 128 on node010 (pshm node  9 of 32, process  39 of 128, pid=25572)
UPCR: UPC thread  64 of 128 on node018 (pshm node 16 of 32, process  64 of 128, pid=9583)
UPCR: UPC thread  72 of 128 on node020 (pshm node 18 of 32, process  72 of 128, pid=30276)
UPCR: UPC thread  48 of 128 on node013 (pshm node 12 of 32, process  48 of 128, pid=25883)
UPCR: UPC thread 117 of 128 on node050 (pshm node 29 of 32, process 117 of 128, pid=6655)
UPCR: UPC thread  69 of 128 on node019 (pshm node 17 of 32, process  69 of 128, pid=31621)
UPCR: UPC thread 102 of 128 on node046 (pshm node 25 of 32, process 102 of 128, pid=20746)
UPCR: UPC thread  90 of 128 on node024 (pshm node 22 of 32, process  90 of 128, pid=20289)
UPCR: UPC thread  40 of 128 on node011 (pshm node 10 of 32, process  40 of 128, pid=25646)
UPCR: UPC thread  52 of 128 on node014 (pshm node 13 of 32, process  52 of 128, pid=20701)
UPCR: UPC thread  13 of 128 on node004 (pshm node  3 of 32, process  13 of 128, pid=20634)
UPCR: UPC thread 114 of 128 on node049 (pshm node 28 of 32, process 114 of 128, pid=11395)
UPCR: UPC thread  26 of 128 on node007 (pshm node  6 of 32, process  26 of 128, pid=25722)
UPCR: UPC thread  88 of 128 on node024 (pshm node 22 of 32, process  88 of 128, pid=20322)
UPCR: UPC thread 126 of 128 on node052 (pshm node 31 of 32, process 126 of 128, pid=32368)
UPCR: UPC thread   8 of 128 on node003 (pshm node  2 of 32, process   8 of 128, pid=21227)
UPCR: UPC thread   7 of 128 on node002 (pshm node  1 of 32, process   7 of 128, pid=23313)
UPCR: UPC thread  73 of 128 on node020 (pshm node 18 of 32, process  73 of 128, pid=30266)
UPCR: UPC thread 113 of 128 on node049 (pshm node 28 of 32, process 113 of 128, pid=11419)
UPCR: UPC thread  99 of 128 on node028 (pshm node 24 of 32, process  99 of 128, pid=2995)
UPCR: UPC thread  10 of 128 on node003 (pshm node  2 of 32, process  10 of 128, pid=21210)
UPCR: UPC thread  65 of 128 on node018 (pshm node 16 of 32, process  65 of 128, pid=9622)
UPCR: UPC thread  86 of 128 on node023 (pshm node 21 of 32, process  86 of 128, pid=19335)
UPCR: UPC thread  94 of 128 on node025 (pshm node 23 of 32, process  94 of 128, pid=12600)
UPCR: UPC thread  25 of 128 on node007 (pshm node  6 of 32, process  25 of 128, pid=25675)
UPCR: UPC thread  41 of 128 on node011 (pshm node 10 of 32, process  41 of 128, pid=25645)
UPCR: UPC thread  87 of 128 on node023 (pshm node 21 of 32, process  87 of 128, pid=19375)
UPCR: UPC thread   9 of 128 on node003 (pshm node  2 of 32, process   9 of 128, pid=21186)
UPCR: UPC thread  19 of 128 on node005 (pshm node  4 of 32, process  19 of 128, pid=21217)
UPCR: UPC thread  53 of 128 on node014 (pshm node 13 of 32, process  53 of 128, pid=20661)
UPCR: UPC thread  22 of 128 on node006 (pshm node  5 of 32, process  22 of 128, pid=20433)
UPCR: UPC thread  45 of 128 on node012 (pshm node 11 of 32, process  45 of 128, pid=25835)
UPCR: UPC thread  91 of 128 on node024 (pshm node 22 of 32, process  91 of 128, pid=20264)
UPCR: UPC thread  66 of 128 on node018 (pshm node 16 of 32, process  66 of 128, pid=9600)
UPCR: UPC thread 103 of 128 on node046 (pshm node 25 of 32, process 103 of 128, pid=20729)
UPCR: UPC thread  70 of 128 on node019 (pshm node 17 of 32, process  70 of 128, pid=31625)
UPCR: UPC thread  24 of 128 on node007 (pshm node  6 of 32, process  24 of 128, pid=25698)
UPCR: UPC thread  71 of 128 on node019 (pshm node 17 of 32, process  71 of 128, pid=31580)
UPCR: UPC thread 111 of 128 on node048 (pshm node 27 of 32, process 111 of 128, pid=11372)
UPCR: UPC thread  89 of 128 on node024 (pshm node 22 of 32, process  89 of 128, pid=20290)
UPCR: UPC thread 110 of 128 on node048 (pshm node 27 of 32, process 110 of 128, pid=11422)
UPCR: UPC thread  98 of 128 on node028 (pshm node 24 of 32, process  98 of 128, pid=2940)
UPCR: UPC thread  23 of 128 on node006 (pshm node  5 of 32, process  23 of 128, pid=20481)
UPCR: UPC thread  85 of 128 on node023 (pshm node 21 of 32, process  85 of 128, pid=19374)
UPCR: UPC thread  21 of 128 on node006 (pshm node  5 of 32, process  21 of 128, pid=20450)
UPCR: UPC thread 125 of 128 on node052 (pshm node 31 of 32, process 125 of 128, pid=32367)
UPCR: UPC thread  27 of 128 on node007 (pshm node  6 of 32, process  27 of 128, pid=25740)
UPCR: UPC thread 109 of 128 on node048 (pshm node 27 of 32, process 109 of 128, pid=11378)
UPCR: UPC thread 120 of 128 on node051 (pshm node 30 of 32, process 120 of 128, pid=29444)
UPCR: UPC thread 122 of 128 on node051 (pshm node 30 of 32, process 122 of 128, pid=29445)
UPCR: UPC thread 127 of 128 on node052 (pshm node 31 of 32, process 127 of 128, pid=32402)
UPCR: UPC thread  59 of 128 on node015 (pshm node 14 of 32, process  59 of 128, pid=18269)
UPCR: UPC thread 123 of 128 on node051 (pshm node 30 of 32, process 123 of 128, pid=29443)
UPCR: UPC thread 108 of 128 on node048 (pshm node 27 of 32, process 108 of 128, pid=11373)
UPCR: UPC thread  16 of 128 on node005 (pshm node  4 of 32, process  16 of 128, pid=21171)
UPCR: UPC thread 121 of 128 on node051 (pshm node 30 of 32, process 121 of 128, pid=29492)
UPCR: UPC thread  97 of 128 on node028 (pshm node 24 of 32, process  97 of 128, pid=2961)
UPCR: UPC thread  62 of 128 on node017 (pshm node 15 of 32, process  62 of 128, pid=28427)
UPCR: UPC thread  68 of 128 on node019 (pshm node 17 of 32, process  68 of 128, pid=31603)
UPCR: UPC thread  80 of 128 on node022 (pshm node 20 of 32, process  80 of 128, pid=29662)
UPCR: UPC thread  50 of 128 on node013 (pshm node 12 of 32, process  50 of 128, pid=25928)
UPCR: UPC thread 115 of 128 on node049 (pshm node 28 of 32, process 115 of 128, pid=11372)
UPCR: UPC thread  96 of 128 on node028 (pshm node 24 of 32, process  96 of 128, pid=2946)
UPCR: UPC thread  56 of 128 on node015 (pshm node 14 of 32, process  56 of 128, pid=18259)
UPCR: UPC thread  18 of 128 on node005 (pshm node  4 of 32, process  18 of 128, pid=21240)
UPCR: UPC thread  63 of 128 on node017 (pshm node 15 of 32, process  63 of 128, pid=28478)
UPCR: UPC thread  49 of 128 on node013 (pshm node 12 of 32, process  49 of 128, pid=25902)
UPCR: UPC thread 118 of 128 on node050 (pshm node 29 of 32, process 118 of 128, pid=6620)
UPCR: UPC thread  83 of 128 on node022 (pshm node 20 of 32, process  83 of 128, pid=29643)
UPCR: UPC thread  81 of 128 on node022 (pshm node 20 of 32, process  81 of 128, pid=29678)
0/128 - htable initialized
0/128 - table size: 137438953472 bytes (131072 MB)
0/128 - total number of buckets: 17179869184
0/128 - block size: 1073741824 (1024 MB)
0/128 - number of buckets in block: 134217728
0/128 - number of blocks: 128
51/128 - Performed a throughput benchmark:
51/128 - Performed 2000000 find-or-put operations with random values from [0,...,588799999]
51/128 - Finds: 338215 (0.169107), Inserts: 1661785 (0.830893), Errors: 0 (0)
51/128 - Execution time: 11.1796 seconds
51/128 - Throughput: 178897 ops/sec
81/128 - Performed a throughput benchmark:
81/128 - Performed 2000000 find-or-put operations with random values from [0,...,588799999]
81/128 - Finds: 335672 (0.167836), Inserts: 1664328 (0.832164), Errors: 0 (0)
81/128 - Execution time: 11.1725 seconds
81/128 - Throughput: 179012 ops/sec
55/128 - Performed a throughput benchmark:
55/128 - Performed 2000000 find-or-put operations with random values from [0,...,588799999]
55/128 - Finds: 336567 (0.168284), Inserts: 1663433 (0.831716), Errors: 0 (0)
55/128 - Execution time: 11.1861 seconds
55/128 - Throughput: 178793 ops/sec
37/128 - Performed a throughput benchmark:
37/128 - Performed 2000000 find-or-put operations with random values from [0,...,588799999]
37/128 - Finds: 335912 (0.167956), Inserts: 1664088 (0.832044), Errors: 0 (0)
37/128 - Execution time: 11.1745 seconds
37/128 - Throughput: 178980 ops/sec
36/128 - Performed a throughput benchmark:
36/128 - Performed 2000000 find-or-put operations with random values from [0,...,588799999]
36/128 - Finds: 336677 (0.168339), Inserts: 1663323 (0.831662), Errors: 0 (0)
36/128 - Execution time: 11.1972 seconds
36/128 - Throughput: 178616 ops/sec
38/128 - Performed a throughput benchmark:
38/128 - Performed 2000000 find-or-put operations with random values from [0,...,588799999]
38/128 - Finds: 336678 (0.168339), Inserts: 1663322 (0.831661), Errors: 0 (0)
38/128 - Execution time: 11.1905 seconds
38/128 - Throughput: 178724 ops/sec
28/128 - Performed a throughput benchmark:
28/128 - Performed 2000000 find-or-put operations with random values from [0,...,588799999]
28/128 - Finds: 335138 (0.167569), Inserts: 1664862 (0.832431), Errors: 0 (0)
28/128 - Execution time: 11.1757 seconds
28/128 - Throughput: 178959 ops/sec
49/128 - Performed a throughput benchmark:
49/128 - Performed 2000000 find-or-put operations with random values from [0,...,588799999]
49/128 - Finds: 337175 (0.168588), Inserts: 1662825 (0.831412), Errors: 0 (0)
49/128 - Execution time: 11.1853 seconds
49/128 - Throughput: 178806 ops/sec
54/128 - Performed a throughput benchmark:
54/128 - Performed 2000000 find-or-put operations with random values from [0,...,588799999]
54/128 - Finds: 336871 (0.168435), Inserts: 1663129 (0.831565), Errors: 0 (0)
54/128 - Execution time: 11.2008 seconds
54/128 - Throughput: 178559 ops/sec
39/128 - Performed a throughput benchmark:
39/128 - Performed 2000000 find-or-put operations with random values from [0,...,588799999]
39/128 - Finds: 336266 (0.168133), Inserts: 1663734 (0.831867), Errors: 0 (0)
39/128 - Execution time: 11.1917 seconds
39/128 - Throughput: 178704 ops/sec
29/128 - Performed a throughput benchmark:
29/128 - Performed 2000000 find-or-put operations with random values from [0,...,588799999]
29/128 - Finds: 336776 (0.168388), Inserts: 1663224 (0.831612), Errors: 0 (0)
29/128 - Execution time: 11.1918 seconds
29/128 - Throughput: 178703 ops/sec
76/128 - Performed a throughput benchmark:
76/128 - Performed 2000000 find-or-put operations with random values from [0,...,588799999]
76/128 - Finds: 337921 (0.168961), Inserts: 1662079 (0.83104), Errors: 0 (0)
76/128 - Execution time: 11.2072 seconds
76/128 - Throughput: 178457 ops/sec
42/128 - Performed a throughput benchmark:
42/128 - Performed 2000000 find-or-put operations with random values from [0,...,588799999]
42/128 - Finds: 336223 (0.168111), Inserts: 1663777 (0.831889), Errors: 0 (0)
42/128 - Execution time: 11.1929 seconds
42/128 - Throughput: 178685 ops/sec
66/128 - Performed a throughput benchmark:
66/128 - Performed 2000000 find-or-put operations with random values from [0,...,588799999]
66/128 - Finds: 336205 (0.168102), Inserts: 1663795 (0.831897), Errors: 0 (0)
66/128 - Execution time: 11.208 seconds
66/128 - Throughput: 178444 ops/sec
35/128 - Performed a throughput benchmark:
35/128 - Performed 2000000 find-or-put operations with random values from [0,...,588799999]
35/128 - Finds: 336905 (0.168453), Inserts: 1663095 (0.831547), Errors: 0 (0)
35/128 - Execution time: 11.2101 seconds
35/128 - Throughput: 178410 ops/sec
41/128 - Performed a throughput benchmark:
41/128 - Performed 2000000 find-or-put operations with random values from [0,...,588799999]
41/128 - Finds: 336325 (0.168162), Inserts: 1663675 (0.831838), Errors: 0 (0)
41/128 - Execution time: 11.1986 seconds
41/128 - Throughput: 178594 ops/sec
83/128 - Performed a throughput benchmark:
83/128 - Performed 2000000 find-or-put operations with random values from [0,...,588799999]
83/128 - Finds: 336445 (0.168222), Inserts: 1663555 (0.831777), Errors: 0 (0)
83/128 - Execution time: 11.2114 seconds
83/128 - Throughput: 178390 ops/sec
80/128 - Performed a throughput benchmark:
80/128 - Performed 2000000 find-or-put operations with random values from [0,...,588799999]
80/128 - Finds: 335966 (0.167983), Inserts: 1664034 (0.832017), Errors: 0 (0)
80/128 - Execution time: 11.1893 seconds
80/128 - Throughput: 178742 ops/sec
33/128 - Performed a throughput benchmark:
33/128 - Performed 2000000 find-or-put operations with random values from [0,...,588799999]
33/128 - Finds: 336340 (0.16817), Inserts: 1663660 (0.83183), Errors: 0 (0)
33/128 - Execution time: 11.2057 seconds
33/128 - Throughput: 178480 ops/sec
44/128 - Performed a throughput benchmark:
44/128 - Performed 2000000 find-or-put operations with random values from [0,...,588799999]
44/128 - Finds: 336555 (0.168277), Inserts: 1663445 (0.831723), Errors: 0 (0)
44/128 - Execution time: 11.208 seconds
44/128 - Throughput: 178444 ops/sec
56/128 - Performed a throughput benchmark:
56/128 - Performed 2000000 find-or-put operations with random values from [0,...,588799999]
56/128 - Finds: 337257 (0.168628), Inserts: 1662743 (0.831372), Errors: 0 (0)
56/128 - Execution time: 11.2133 seconds
56/128 - Throughput: 178360 ops/sec
67/128 - Performed a throughput benchmark:
67/128 - Performed 2000000 find-or-put operations with random values from [0,...,588799999]
67/128 - Finds: 337255 (0.168628), Inserts: 1662745 (0.831372), Errors: 0 (0)
67/128 - Execution time: 11.2051 seconds
67/128 - Throughput: 178490 ops/sec
64/128 - Performed a throughput benchmark:
64/128 - Performed 2000000 find-or-put operations with random values from [0,...,588799999]
64/128 - Finds: 337514 (0.168757), Inserts: 1662486 (0.831243), Errors: 0 (0)
64/128 - Execution time: 11.2137 seconds
64/128 - Throughput: 178353 ops/sec
53/128 - Performed a throughput benchmark:
53/128 - Performed 2000000 find-or-put operations with random values from [0,...,588799999]
53/128 - Finds: 335809 (0.167905), Inserts: 1664191 (0.832095), Errors: 0 (0)
53/128 - Execution time: 11.1912 seconds
53/128 - Throughput: 178713 ops/sec
59/128 - Performed a throughput benchmark:
59/128 - Performed 2000000 find-or-put operations with random values from [0,...,588799999]
59/128 - Finds: 336003 (0.168001), Inserts: 1663997 (0.831998), Errors: 0 (0)
59/128 - Execution time: 11.1954 seconds
59/128 - Throughput: 178644 ops/sec
65/128 - Performed a throughput benchmark:
65/128 - Performed 2000000 find-or-put operations with random values from [0,...,588799999]
65/128 - Finds: 337675 (0.168838), Inserts: 1662325 (0.831163), Errors: 0 (0)
65/128 - Execution time: 11.2113 seconds
65/128 - Throughput: 178392 ops/sec
52/128 - Performed a throughput benchmark:
52/128 - Performed 2000000 find-or-put operations with random values from [0,...,588799999]
52/128 - Finds: 336938 (0.168469), Inserts: 1663062 (0.831531), Errors: 0 (0)
52/128 - Execution time: 11.1904 seconds
52/128 - Throughput: 178724 ops/sec
48/128 - Performed a throughput benchmark:
48/128 - Performed 2000000 find-or-put operations with random values from [0,...,588799999]
48/128 - Finds: 337962 (0.168981), Inserts: 1662038 (0.831019), Errors: 0 (0)
48/128 - Execution time: 11.2119 seconds
48/128 - Throughput: 178382 ops/sec
82/128 - Performed a throughput benchmark:
82/128 - Performed 2000000 find-or-put operations with random values from [0,...,588799999]
82/128 - Finds: 337110 (0.168555), Inserts: 1662890 (0.831445), Errors: 0 (0)
82/128 - Execution time: 11.2042 seconds
82/128 - Throughput: 178504 ops/sec
86/128 - Performed a throughput benchmark:
86/128 - Performed 2000000 find-or-put operations with random values from [0,...,588799999]
86/128 - Finds: 336668 (0.168334), Inserts: 1663332 (0.831666), Errors: 0 (0)
86/128 - Execution time: 11.2083 seconds
86/128 - Throughput: 178439 ops/sec
34/128 - Performed a throughput benchmark:
34/128 - Performed 2000000 find-or-put operations with random values from [0,...,588799999]
34/128 - Finds: 336663 (0.168331), Inserts: 1663337 (0.831669), Errors: 0 (0)
34/128 - Execution time: 11.2048 seconds
34/128 - Throughput: 178495 ops/sec
45/128 - Performed a throughput benchmark:
45/128 - Performed 2000000 find-or-put operations with random values from [0,...,588799999]
45/128 - Finds: 336934 (0.168467), Inserts: 1663066 (0.831533), Errors: 0 (0)
45/128 - Execution time: 11.219 seconds
45/128 - Throughput: 178269 ops/sec
40/128 - Performed a throughput benchmark:
40/128 - Performed 2000000 find-or-put operations with random values from [0,...,588799999]
40/128 - Finds: 337062 (0.168531), Inserts: 1662938 (0.831469), Errors: 0 (0)
40/128 - Execution time: 11.1971 seconds
40/128 - Throughput: 178617 ops/sec
78/128 - Performed a throughput benchmark:
78/128 - Performed 2000000 find-or-put operations with random values from [0,...,588799999]
78/128 - Finds: 336621 (0.168311), Inserts: 1663379 (0.831689), Errors: 0 (0)
78/128 - Execution time: 11.2093 seconds
78/128 - Throughput: 178424 ops/sec
85/128 - Performed a throughput benchmark:
85/128 - Performed 2000000 find-or-put operations with random values from [0,...,588799999]
85/128 - Finds: 336960 (0.16848), Inserts: 1663040 (0.83152), Errors: 0 (0)
85/128 - Execution time: 11.2092 seconds
85/128 - Throughput: 178425 ops/sec
47/128 - Performed a throughput benchmark:
47/128 - Performed 2000000 find-or-put operations with random values from [0,...,588799999]
47/128 - Finds: 337069 (0.168535), Inserts: 1662931 (0.831465), Errors: 0 (0)
47/128 - Execution time: 11.217 seconds
47/128 - Throughput: 178300 ops/sec
79/128 - Performed a throughput benchmark:
79/128 - Performed 2000000 find-or-put operations with random values from [0,...,588799999]
79/128 - Finds: 336799 (0.1684), Inserts: 1663201 (0.8316), Errors: 0 (0)
79/128 - Execution time: 11.2084 seconds
79/128 - Throughput: 178438 ops/sec
87/128 - Performed a throughput benchmark:
87/128 - Performed 2000000 find-or-put operations with random values from [0,...,588799999]
87/128 - Finds: 337744 (0.168872), Inserts: 1662256 (0.831128), Errors: 0 (0)
87/128 - Execution time: 11.2185 seconds
87/128 - Throughput: 178276 ops/sec
58/128 - Performed a throughput benchmark:
58/128 - Performed 2000000 find-or-put operations with random values from [0,...,588799999]
58/128 - Finds: 336045 (0.168022), Inserts: 1663955 (0.831978), Errors: 0 (0)
58/128 - Execution time: 11.1984 seconds
58/128 - Throughput: 178597 ops/sec
50/128 - Performed a throughput benchmark:
50/128 - Performed 2000000 find-or-put operations with random values from [0,...,588799999]
50/128 - Finds: 336977 (0.168489), Inserts: 1663023 (0.831511), Errors: 0 (0)
50/128 - Execution time: 11.2051 seconds
50/128 - Throughput: 178490 ops/sec
63/128 - Performed a throughput benchmark:
63/128 - Performed 2000000 find-or-put operations with random values from [0,...,588799999]
63/128 - Finds: 337651 (0.168825), Inserts: 1662349 (0.831175), Errors: 0 (0)
63/128 - Execution time: 11.2256 seconds
63/128 - Throughput: 178164 ops/sec
31/128 - Performed a throughput benchmark:
31/128 - Performed 2000000 find-or-put operations with random values from [0,...,588799999]
31/128 - Finds: 337612 (0.168806), Inserts: 1662388 (0.831194), Errors: 0 (0)
31/128 - Execution time: 11.2015 seconds
31/128 - Throughput: 178547 ops/sec
57/128 - Performed a throughput benchmark:
57/128 - Performed 2000000 find-or-put operations with random values from [0,...,588799999]
57/128 - Finds: 336635 (0.168318), Inserts: 1663365 (0.831682), Errors: 0 (0)
57/128 - Execution time: 11.2012 seconds
57/128 - Throughput: 178553 ops/sec
46/128 - Performed a throughput benchmark:
46/128 - Performed 2000000 find-or-put operations with random values from [0,...,588799999]
46/128 - Finds: 337028 (0.168514), Inserts: 1662972 (0.831486), Errors: 0 (0)
46/128 - Execution time: 11.2023 seconds
46/128 - Throughput: 178535 ops/sec
30/128 - Performed a throughput benchmark:
30/128 - Performed 2000000 find-or-put operations with random values from [0,...,588799999]
30/128 - Finds: 336806 (0.168403), Inserts: 1663194 (0.831597), Errors: 0 (0)
30/128 - Execution time: 11.2091 seconds
30/128 - Throughput: 178426 ops/sec
32/128 - Performed a throughput benchmark:
32/128 - Performed 2000000 find-or-put operations with random values from [0,...,588799999]
32/128 - Finds: 337237 (0.168619), Inserts: 1662763 (0.831381), Errors: 0 (0)
32/128 - Execution time: 11.2138 seconds
32/128 - Throughput: 178352 ops/sec
68/128 - Performed a throughput benchmark:
68/128 - Performed 2000000 find-or-put operations with random values from [0,...,588799999]
68/128 - Finds: 336621 (0.168311), Inserts: 1663379 (0.831689), Errors: 0 (0)
68/128 - Execution time: 11.2163 seconds
68/128 - Throughput: 178313 ops/sec
77/128 - Performed a throughput benchmark:
77/128 - Performed 2000000 find-or-put operations with random values from [0,...,588799999]
77/128 - Finds: 337287 (0.168644), Inserts: 1662713 (0.831357), Errors: 0 (0)
77/128 - Execution time: 11.2118 seconds
77/128 - Throughput: 178383 ops/sec
70/128 - Performed a throughput benchmark:
70/128 - Performed 2000000 find-or-put operations with random values from [0,...,588799999]
70/128 - Finds: 336506 (0.168253), Inserts: 1663494 (0.831747), Errors: 0 (0)
70/128 - Execution time: 11.2242 seconds
70/128 - Throughput: 178187 ops/sec
60/128 - Performed a throughput benchmark:
60/128 - Performed 2000000 find-or-put operations with random values from [0,...,588799999]
60/128 - Finds: 335665 (0.167832), Inserts: 1664335 (0.832167), Errors: 0 (0)
60/128 - Execution time: 11.2259 seconds
60/128 - Throughput: 178159 ops/sec
84/128 - Performed a throughput benchmark:
84/128 - Performed 2000000 find-or-put operations with random values from [0,...,588799999]
84/128 - Finds: 337234 (0.168617), Inserts: 1662766 (0.831383), Errors: 0 (0)
84/128 - Execution time: 11.2287 seconds
84/128 - Throughput: 178115 ops/sec
62/128 - Performed a throughput benchmark:
62/128 - Performed 2000000 find-or-put operations with random values from [0,...,588799999]
62/128 - Finds: 338573 (0.169287), Inserts: 1661427 (0.830713), Errors: 0 (0)
62/128 - Execution time: 11.2339 seconds
62/128 - Throughput: 178032 ops/sec
69/128 - Performed a throughput benchmark:
69/128 - Performed 2000000 find-or-put operations with random values from [0,...,588799999]
69/128 - Finds: 336993 (0.168496), Inserts: 1663007 (0.831503), Errors: 0 (0)
69/128 - Execution time: 11.2254 seconds
69/128 - Throughput: 178167 ops/sec
71/128 - Performed a throughput benchmark:
71/128 - Performed 2000000 find-or-put operations with random values from [0,...,588799999]
71/128 - Finds: 337851 (0.168926), Inserts: 1662149 (0.831075), Errors: 0 (0)
71/128 - Execution time: 11.2384 seconds
71/128 - Throughput: 177961 ops/sec
43/128 - Performed a throughput benchmark:
43/128 - Performed 2000000 find-or-put operations with random values from [0,...,588799999]
43/128 - Finds: 337695 (0.168848), Inserts: 1662305 (0.831152), Errors: 0 (0)
43/128 - Execution time: 11.2272 seconds
43/128 - Throughput: 178139 ops/sec
72/128 - Performed a throughput benchmark:
72/128 - Performed 2000000 find-or-put operations with random values from [0,...,588799999]
72/128 - Finds: 337919 (0.16896), Inserts: 1662081 (0.83104), Errors: 0 (0)
72/128 - Execution time: 11.2562 seconds
72/128 - Throughput: 177680 ops/sec
75/128 - Performed a throughput benchmark:
75/128 - Performed 2000000 find-or-put operations with random values from [0,...,588799999]
75/128 - Finds: 338598 (0.169299), Inserts: 1661402 (0.830701), Errors: 0 (0)
75/128 - Execution time: 11.2533 seconds
75/128 - Throughput: 177726 ops/sec
74/128 - Performed a throughput benchmark:
74/128 - Performed 2000000 find-or-put operations with random values from [0,...,588799999]
74/128 - Finds: 337480 (0.16874), Inserts: 1662520 (0.83126), Errors: 0 (0)
74/128 - Execution time: 11.2496 seconds
74/128 - Throughput: 177784 ops/sec
61/128 - Performed a throughput benchmark:
61/128 - Performed 2000000 find-or-put operations with random values from [0,...,588799999]
61/128 - Finds: 337117 (0.168558), Inserts: 1662883 (0.831441), Errors: 0 (0)
61/128 - Execution time: 11.2489 seconds
61/128 - Throughput: 177795 ops/sec
73/128 - Performed a throughput benchmark:
73/128 - Performed 2000000 find-or-put operations with random values from [0,...,588799999]
73/128 - Finds: 337889 (0.168944), Inserts: 1662111 (0.831055), Errors: 0 (0)
73/128 - Execution time: 11.2529 seconds
73/128 - Throughput: 177732 ops/sec
11/128 - Performed a throughput benchmark:
11/128 - Performed 2000000 find-or-put operations with random values from [0,...,588799999]
11/128 - Finds: 396102 (0.198051), Inserts: 1603898 (0.801949), Errors: 0 (0)
11/128 - Execution time: 13.3802 seconds
11/128 - Throughput: 149474 ops/sec
16/128 - Performed a throughput benchmark:
16/128 - Performed 2000000 find-or-put operations with random values from [0,...,588799999]
16/128 - Finds: 397025 (0.198513), Inserts: 1602975 (0.801488), Errors: 0 (0)
16/128 - Execution time: 13.4155 seconds
16/128 - Throughput: 149081 ops/sec
12/128 - Performed a throughput benchmark:
12/128 - Performed 2000000 find-or-put operations with random values from [0,...,588799999]
12/128 - Finds: 398047 (0.199023), Inserts: 1601953 (0.800976), Errors: 0 (0)
12/128 - Execution time: 13.4239 seconds
12/128 - Throughput: 148988 ops/sec
27/128 - Performed a throughput benchmark:
27/128 - Performed 2000000 find-or-put operations with random values from [0,...,588799999]
27/128 - Finds: 400318 (0.200159), Inserts: 1599682 (0.799841), Errors: 0 (0)
27/128 - Execution time: 13.6251 seconds
27/128 - Throughput: 146788 ops/sec
2/128 - Performed a throughput benchmark:
2/128 - Performed 2000000 find-or-put operations with random values from [0,...,588799999]
2/128 - Finds: 401003 (0.200501), Inserts: 1598997 (0.799499), Errors: 0 (0)
2/128 - Execution time: 13.6387 seconds
2/128 - Throughput: 146641 ops/sec
5/128 - Performed a throughput benchmark:
5/128 - Performed 2000000 find-or-put operations with random values from [0,...,588799999]
5/128 - Finds: 401359 (0.20068), Inserts: 1598641 (0.79932), Errors: 0 (0)
5/128 - Execution time: 13.6609 seconds
5/128 - Throughput: 146404 ops/sec
6/128 - Performed a throughput benchmark:
6/128 - Performed 2000000 find-or-put operations with random values from [0,...,588799999]
6/128 - Finds: 402830 (0.201415), Inserts: 1597170 (0.798585), Errors: 0 (0)
6/128 - Execution time: 13.6878 seconds
6/128 - Throughput: 146115 ops/sec
8/128 - Performed a throughput benchmark:
8/128 - Performed 2000000 find-or-put operations with random values from [0,...,588799999]
8/128 - Finds: 401909 (0.200955), Inserts: 1598091 (0.799045), Errors: 0 (0)
8/128 - Execution time: 13.6752 seconds
8/128 - Throughput: 146250 ops/sec
14/128 - Performed a throughput benchmark:
14/128 - Performed 2000000 find-or-put operations with random values from [0,...,588799999]
14/128 - Finds: 402246 (0.201123), Inserts: 1597754 (0.798877), Errors: 0 (0)
14/128 - Execution time: 13.6844 seconds
14/128 - Throughput: 146152 ops/sec
1/128 - Performed a throughput benchmark:
1/128 - Performed 2000000 find-or-put operations with random values from [0,...,588799999]
1/128 - Finds: 401829 (0.200914), Inserts: 1598171 (0.799086), Errors: 0 (0)
1/128 - Execution time: 13.6851 seconds
1/128 - Throughput: 146144 ops/sec
13/128 - Performed a throughput benchmark:
13/128 - Performed 2000000 find-or-put operations with random values from [0,...,588799999]
13/128 - Finds: 402397 (0.201199), Inserts: 1597603 (0.798802), Errors: 0 (0)
13/128 - Execution time: 13.6804 seconds
13/128 - Throughput: 146194 ops/sec
10/128 - Performed a throughput benchmark:
10/128 - Performed 2000000 find-or-put operations with random values from [0,...,588799999]
10/128 - Finds: 403965 (0.201983), Inserts: 1596035 (0.798018), Errors: 0 (0)
10/128 - Execution time: 13.6968 seconds
10/128 - Throughput: 146020 ops/sec
4/128 - Performed a throughput benchmark:
4/128 - Performed 2000000 find-or-put operations with random values from [0,...,588799999]
4/128 - Finds: 403339 (0.20167), Inserts: 1596661 (0.798331), Errors: 0 (0)
4/128 - Execution time: 13.7115 seconds
4/128 - Throughput: 145862 ops/sec
9/128 - Performed a throughput benchmark:
9/128 - Performed 2000000 find-or-put operations with random values from [0,...,588799999]
9/128 - Finds: 402875 (0.201437), Inserts: 1597125 (0.798562), Errors: 0 (0)
9/128 - Execution time: 13.6865 seconds
9/128 - Throughput: 146129 ops/sec
15/128 - Performed a throughput benchmark:
15/128 - Performed 2000000 find-or-put operations with random values from [0,...,588799999]
15/128 - Finds: 404510 (0.202255), Inserts: 1595490 (0.797745), Errors: 0 (0)
15/128 - Execution time: 13.7171 seconds
15/128 - Throughput: 145804 ops/sec
7/128 - Performed a throughput benchmark:
7/128 - Performed 2000000 find-or-put operations with random values from [0,...,588799999]
7/128 - Finds: 403168 (0.201584), Inserts: 1596832 (0.798416), Errors: 0 (0)
7/128 - Execution time: 13.7192 seconds
7/128 - Throughput: 145781 ops/sec
3/128 - Performed a throughput benchmark:
3/128 - Performed 2000000 find-or-put operations with random values from [0,...,588799999]
3/128 - Finds: 403343 (0.201672), Inserts: 1596657 (0.798328), Errors: 0 (0)
3/128 - Execution time: 13.7148 seconds
3/128 - Throughput: 145828 ops/sec
19/128 - Performed a throughput benchmark:
19/128 - Performed 2000000 find-or-put operations with random values from [0,...,588799999]
19/128 - Finds: 405584 (0.202792), Inserts: 1594416 (0.797208), Errors: 0 (0)
19/128 - Execution time: 13.738 seconds
19/128 - Throughput: 145581 ops/sec
22/128 - Performed a throughput benchmark:
22/128 - Performed 2000000 find-or-put operations with random values from [0,...,588799999]
22/128 - Finds: 403778 (0.201889), Inserts: 1596222 (0.798111), Errors: 0 (0)
22/128 - Execution time: 13.7422 seconds
22/128 - Throughput: 145537 ops/sec
17/128 - Performed a throughput benchmark:
17/128 - Performed 2000000 find-or-put operations with random values from [0,...,588799999]
17/128 - Finds: 403071 (0.201536), Inserts: 1596929 (0.798465), Errors: 0 (0)
17/128 - Execution time: 13.7237 seconds
17/128 - Throughput: 145733 ops/sec
24/128 - Performed a throughput benchmark:
24/128 - Performed 2000000 find-or-put operations with random values from [0,...,588799999]
24/128 - Finds: 404333 (0.202166), Inserts: 1595667 (0.797833), Errors: 0 (0)
24/128 - Execution time: 13.7455 seconds
24/128 - Throughput: 145502 ops/sec
18/128 - Performed a throughput benchmark:
18/128 - Performed 2000000 find-or-put operations with random values from [0,...,588799999]
18/128 - Finds: 405475 (0.202737), Inserts: 1594525 (0.797262), Errors: 0 (0)
18/128 - Execution time: 13.7382 seconds
18/128 - Throughput: 145580 ops/sec
0/128 - Performed a throughput benchmark:
0/128 - Performed 2000000 find-or-put operations with random values from [0,...,588799999]
0/128 - Finds: 404510 (0.202255), Inserts: 1595490 (0.797745), Errors: 0 (0)
0/128 - Execution time: 13.75 seconds
0/128 - Throughput: 145455 ops/sec
26/128 - Performed a throughput benchmark:
26/128 - Performed 2000000 find-or-put operations with random values from [0,...,588799999]
26/128 - Finds: 405298 (0.202649), Inserts: 1594702 (0.797351), Errors: 0 (0)
26/128 - Execution time: 13.7668 seconds
26/128 - Throughput: 145277 ops/sec
25/128 - Performed a throughput benchmark:
25/128 - Performed 2000000 find-or-put operations with random values from [0,...,588799999]
25/128 - Finds: 403820 (0.20191), Inserts: 1596180 (0.79809), Errors: 0 (0)
25/128 - Execution time: 13.7461 seconds
25/128 - Throughput: 145495 ops/sec
23/128 - Performed a throughput benchmark:
23/128 - Performed 2000000 find-or-put operations with random values from [0,...,588799999]
23/128 - Finds: 405913 (0.202957), Inserts: 1594087 (0.797044), Errors: 0 (0)
23/128 - Execution time: 13.7751 seconds
23/128 - Throughput: 145189 ops/sec
21/128 - Performed a throughput benchmark:
21/128 - Performed 2000000 find-or-put operations with random values from [0,...,588799999]
21/128 - Finds: 402412 (0.201206), Inserts: 1597588 (0.798794), Errors: 0 (0)
21/128 - Execution time: 13.7577 seconds
21/128 - Throughput: 145373 ops/sec
20/128 - Performed a throughput benchmark:
20/128 - Performed 2000000 find-or-put operations with random values from [0,...,588799999]
20/128 - Finds: 405648 (0.202824), Inserts: 1594352 (0.797176), Errors: 0 (0)
20/128 - Execution time: 13.7651 seconds
20/128 - Throughput: 145295 ops/sec
107/128 - Performed a throughput benchmark:
107/128 - Performed 2000000 find-or-put operations with random values from [0,...,588799999]
107/128 - Finds: 414136 (0.207068), Inserts: 1585864 (0.792932), Errors: 0 (0)
107/128 - Execution time: 14.1686 seconds
107/128 - Throughput: 141157 ops/sec
106/128 - Performed a throughput benchmark:
106/128 - Performed 2000000 find-or-put operations with random values from [0,...,588799999]
106/128 - Finds: 413802 (0.206901), Inserts: 1586198 (0.793099), Errors: 0 (0)
106/128 - Execution time: 14.1701 seconds
106/128 - Throughput: 141142 ops/sec
104/128 - Performed a throughput benchmark:
104/128 - Performed 2000000 find-or-put operations with random values from [0,...,588799999]
104/128 - Finds: 414402 (0.207201), Inserts: 1585598 (0.792799), Errors: 0 (0)
104/128 - Execution time: 14.1726 seconds
104/128 - Throughput: 141117 ops/sec
100/128 - Performed a throughput benchmark:
100/128 - Performed 2000000 find-or-put operations with random values from [0,...,588799999]
100/128 - Finds: 418157 (0.209079), Inserts: 1581843 (0.790922), Errors: 0 (0)
100/128 - Execution time: 14.2859 seconds
100/128 - Throughput: 139998 ops/sec
110/128 - Performed a throughput benchmark:
110/128 - Performed 2000000 find-or-put operations with random values from [0,...,588799999]
110/128 - Finds: 418806 (0.209403), Inserts: 1581194 (0.790597), Errors: 0 (0)
110/128 - Execution time: 14.3164 seconds
110/128 - Throughput: 139700 ops/sec
109/128 - Performed a throughput benchmark:
109/128 - Performed 2000000 find-or-put operations with random values from [0,...,588799999]
109/128 - Finds: 418503 (0.209252), Inserts: 1581497 (0.790748), Errors: 0 (0)
109/128 - Execution time: 14.2952 seconds
109/128 - Throughput: 139907 ops/sec
118/128 - Performed a throughput benchmark:
118/128 - Performed 2000000 find-or-put operations with random values from [0,...,588799999]
118/128 - Finds: 418281 (0.209141), Inserts: 1581719 (0.79086), Errors: 0 (0)
118/128 - Execution time: 14.2992 seconds
118/128 - Throughput: 139868 ops/sec
113/128 - Performed a throughput benchmark:
113/128 - Performed 2000000 find-or-put operations with random values from [0,...,588799999]
113/128 - Finds: 419038 (0.209519), Inserts: 1580962 (0.790481), Errors: 0 (0)
113/128 - Execution time: 14.3223 seconds
113/128 - Throughput: 139642 ops/sec
115/128 - Performed a throughput benchmark:
115/128 - Performed 2000000 find-or-put operations with random values from [0,...,588799999]
115/128 - Finds: 417941 (0.208971), Inserts: 1582059 (0.79103), Errors: 0 (0)
115/128 - Execution time: 14.3164 seconds
115/128 - Throughput: 139700 ops/sec
124/128 - Performed a throughput benchmark:
124/128 - Performed 2000000 find-or-put operations with random values from [0,...,588799999]
124/128 - Finds: 418718 (0.209359), Inserts: 1581282 (0.790641), Errors: 0 (0)
124/128 - Execution time: 14.3251 seconds
124/128 - Throughput: 139615 ops/sec
101/128 - Performed a throughput benchmark:
101/128 - Performed 2000000 find-or-put operations with random values from [0,...,588799999]
101/128 - Finds: 418516 (0.209258), Inserts: 1581484 (0.790742), Errors: 0 (0)
101/128 - Execution time: 14.3143 seconds
101/128 - Throughput: 139720 ops/sec
122/128 - Performed a throughput benchmark:
122/128 - Performed 2000000 find-or-put operations with random values from [0,...,588799999]
122/128 - Finds: 418533 (0.209266), Inserts: 1581467 (0.790733), Errors: 0 (0)
122/128 - Execution time: 14.3334 seconds
122/128 - Throughput: 139534 ops/sec
120/128 - Performed a throughput benchmark:
120/128 - Performed 2000000 find-or-put operations with random values from [0,...,588799999]
120/128 - Finds: 418884 (0.209442), Inserts: 1581116 (0.790558), Errors: 0 (0)
120/128 - Execution time: 14.3307 seconds
120/128 - Throughput: 139560 ops/sec
89/128 - Performed a throughput benchmark:
89/128 - Performed 2000000 find-or-put operations with random values from [0,...,588799999]
89/128 - Finds: 422758 (0.211379), Inserts: 1577242 (0.788621), Errors: 0 (0)
89/128 - Execution time: 14.4668 seconds
89/128 - Throughput: 138247 ops/sec
105/128 - Performed a throughput benchmark:
105/128 - Performed 2000000 find-or-put operations with random values from [0,...,588799999]
105/128 - Finds: 421532 (0.210766), Inserts: 1578468 (0.789234), Errors: 0 (0)
105/128 - Execution time: 14.4519 seconds
105/128 - Throughput: 138390 ops/sec
123/128 - Performed a throughput benchmark:
123/128 - Performed 2000000 find-or-put operations with random values from [0,...,588799999]
123/128 - Finds: 420913 (0.210456), Inserts: 1579087 (0.789543), Errors: 0 (0)
123/128 - Execution time: 14.4855 seconds
123/128 - Throughput: 138070 ops/sec
102/128 - Performed a throughput benchmark:
102/128 - Performed 2000000 find-or-put operations with random values from [0,...,588799999]
102/128 - Finds: 422125 (0.211062), Inserts: 1577875 (0.788937), Errors: 0 (0)
102/128 - Execution time: 14.4904 seconds
102/128 - Throughput: 138023 ops/sec
121/128 - Performed a throughput benchmark:
121/128 - Performed 2000000 find-or-put operations with random values from [0,...,588799999]
121/128 - Finds: 421829 (0.210915), Inserts: 1578171 (0.789085), Errors: 0 (0)
121/128 - Execution time: 14.504 seconds
121/128 - Throughput: 137893 ops/sec
125/128 - Performed a throughput benchmark:
125/128 - Performed 2000000 find-or-put operations with random values from [0,...,588799999]
125/128 - Finds: 422161 (0.211081), Inserts: 1577839 (0.788919), Errors: 0 (0)
125/128 - Execution time: 14.5146 seconds
125/128 - Throughput: 137792 ops/sec
127/128 - Performed a throughput benchmark:
127/128 - Performed 2000000 find-or-put operations with random values from [0,...,588799999]
127/128 - Finds: 423044 (0.211522), Inserts: 1576956 (0.788478), Errors: 0 (0)
127/128 - Execution time: 14.5488 seconds
127/128 - Throughput: 137469 ops/sec
96/128 - Performed a throughput benchmark:
96/128 - Performed 2000000 find-or-put operations with random values from [0,...,588799999]
96/128 - Finds: 424844 (0.212422), Inserts: 1575156 (0.787578), Errors: 0 (0)
96/128 - Execution time: 14.5665 seconds
96/128 - Throughput: 137301 ops/sec
108/128 - Performed a throughput benchmark:
108/128 - Performed 2000000 find-or-put operations with random values from [0,...,588799999]
108/128 - Finds: 423735 (0.211867), Inserts: 1576265 (0.788133), Errors: 0 (0)
108/128 - Execution time: 14.5778 seconds
108/128 - Throughput: 137195 ops/sec
119/128 - Performed a throughput benchmark:
119/128 - Performed 2000000 find-or-put operations with random values from [0,...,588799999]
119/128 - Finds: 422711 (0.211356), Inserts: 1577289 (0.788644), Errors: 0 (0)
119/128 - Execution time: 14.5515 seconds
119/128 - Throughput: 137443 ops/sec
114/128 - Performed a throughput benchmark:
114/128 - Performed 2000000 find-or-put operations with random values from [0,...,588799999]
114/128 - Finds: 425362 (0.212681), Inserts: 1574638 (0.787319), Errors: 0 (0)
114/128 - Execution time: 14.5927 seconds
114/128 - Throughput: 137054 ops/sec
117/128 - Performed a throughput benchmark:
117/128 - Performed 2000000 find-or-put operations with random values from [0,...,588799999]
117/128 - Finds: 425210 (0.212605), Inserts: 1574790 (0.787395), Errors: 0 (0)
117/128 - Execution time: 14.5731 seconds
117/128 - Throughput: 137239 ops/sec
126/128 - Performed a throughput benchmark:
126/128 - Performed 2000000 find-or-put operations with random values from [0,...,588799999]
126/128 - Finds: 426505 (0.213253), Inserts: 1573495 (0.786748), Errors: 0 (0)
126/128 - Execution time: 14.6012 seconds
126/128 - Throughput: 136975 ops/sec
116/128 - Performed a throughput benchmark:
116/128 - Performed 2000000 find-or-put operations with random values from [0,...,588799999]
116/128 - Finds: 422821 (0.211411), Inserts: 1577179 (0.78859), Errors: 0 (0)
116/128 - Execution time: 14.5767 seconds
116/128 - Throughput: 137205 ops/sec
111/128 - Performed a throughput benchmark:
111/128 - Performed 2000000 find-or-put operations with random values from [0,...,588799999]
111/128 - Finds: 424601 (0.212301), Inserts: 1575399 (0.787699), Errors: 0 (0)
111/128 - Execution time: 14.5863 seconds
111/128 - Throughput: 137115 ops/sec
95/128 - Performed a throughput benchmark:
95/128 - Performed 2000000 find-or-put operations with random values from [0,...,588799999]
95/128 - Finds: 424823 (0.212412), Inserts: 1575177 (0.787589), Errors: 0 (0)
95/128 - Execution time: 14.598 seconds
95/128 - Throughput: 137005 ops/sec
103/128 - Performed a throughput benchmark:
103/128 - Performed 2000000 find-or-put operations with random values from [0,...,588799999]
103/128 - Finds: 424118 (0.212059), Inserts: 1575882 (0.787941), Errors: 0 (0)
103/128 - Execution time: 14.599 seconds
103/128 - Throughput: 136996 ops/sec
112/128 - Performed a throughput benchmark:
112/128 - Performed 2000000 find-or-put operations with random values from [0,...,588799999]
112/128 - Finds: 423943 (0.211972), Inserts: 1576057 (0.788029), Errors: 0 (0)
112/128 - Execution time: 14.6165 seconds
112/128 - Throughput: 136832 ops/sec
92/128 - Performed a throughput benchmark:
92/128 - Performed 2000000 find-or-put operations with random values from [0,...,588799999]
92/128 - Finds: 423762 (0.211881), Inserts: 1576238 (0.788119), Errors: 0 (0)
92/128 - Execution time: 14.6352 seconds
92/128 - Throughput: 136657 ops/sec
91/128 - Performed a throughput benchmark:
91/128 - Performed 2000000 find-or-put operations with random values from [0,...,588799999]
91/128 - Finds: 427682 (0.213841), Inserts: 1572318 (0.786159), Errors: 0 (0)
91/128 - Execution time: 14.7504 seconds
91/128 - Throughput: 135590 ops/sec
94/128 - Performed a throughput benchmark:
94/128 - Performed 2000000 find-or-put operations with random values from [0,...,588799999]
94/128 - Finds: 428299 (0.214149), Inserts: 1571701 (0.785851), Errors: 0 (0)
94/128 - Execution time: 14.7674 seconds
94/128 - Throughput: 135434 ops/sec
93/128 - Performed a throughput benchmark:
93/128 - Performed 2000000 find-or-put operations with random values from [0,...,588799999]
93/128 - Finds: 425485 (0.212743), Inserts: 1574515 (0.787258), Errors: 0 (0)
93/128 - Execution time: 14.7396 seconds
93/128 - Throughput: 135689 ops/sec
90/128 - Performed a throughput benchmark:
90/128 - Performed 2000000 find-or-put operations with random values from [0,...,588799999]
90/128 - Finds: 428188 (0.214094), Inserts: 1571812 (0.785906), Errors: 0 (0)
90/128 - Execution time: 14.7604 seconds
90/128 - Throughput: 135498 ops/sec
97/128 - Performed a throughput benchmark:
97/128 - Performed 2000000 find-or-put operations with random values from [0,...,588799999]
97/128 - Finds: 429379 (0.21469), Inserts: 1570621 (0.785311), Errors: 0 (0)
97/128 - Execution time: 14.784 seconds
97/128 - Throughput: 135282 ops/sec
99/128 - Performed a throughput benchmark:
99/128 - Performed 2000000 find-or-put operations with random values from [0,...,588799999]
99/128 - Finds: 428764 (0.214382), Inserts: 1571236 (0.785618), Errors: 0 (0)
99/128 - Execution time: 14.7932 seconds
99/128 - Throughput: 135197 ops/sec
98/128 - Performed a throughput benchmark:
98/128 - Performed 2000000 find-or-put operations with random values from [0,...,588799999]
98/128 - Finds: 430192 (0.215096), Inserts: 1569808 (0.784904), Errors: 0 (0)
98/128 - Execution time: 14.8456 seconds
98/128 - Throughput: 134720 ops/sec
88/128 - Performed a throughput benchmark:
88/128 - Performed 2000000 find-or-put operations with random values from [0,...,588799999]
88/128 - Finds: 429378 (0.214689), Inserts: 1570622 (0.785311), Errors: 0 (0)
88/128 - Execution time: 14.7702 seconds
88/128 - Throughput: 135408 ops/sec
[1441220348.590710] [node001:15509:0]         sys.c:719  MXM  WARN  Conflicting CPU frequencies detected, using: 1887.47
