[1441225486.406348] [node001:2883 :0]         sys.c:719  MXM  WARN  Conflicting CPU frequencies detected, using: 1299.38
[1441225486.421210] [node001:2883 :0]         mxm.c:185  MXM  WARN  The 'ulimit -s' on the system is set to 'unlimited'. This may have negative performance implications. Please set the heap size to the default value (10240) 
[1441225486.654043] [node015:2782 :0]         sys.c:719  MXM  WARN  Conflicting CPU frequencies detected, using: 1513.59
[1441225486.659740] [node015:2782 :0]         mxm.c:185  MXM  WARN  The 'ulimit -s' on the system is set to 'unlimited'. This may have negative performance implications. Please set the heap size to the default value (10240) 
[1441225486.665709] [node011:12540:0]         sys.c:719  MXM  WARN  Conflicting CPU frequencies detected, using: 1444.31
[1441225486.671332] [node011:12540:0]         mxm.c:185  MXM  WARN  The 'ulimit -s' on the system is set to 'unlimited'. This may have negative performance implications. Please set the heap size to the default value (10240) 
[1441225486.665843] [node009:15221:0]         sys.c:719  MXM  WARN  Conflicting CPU frequencies detected, using: 1596.47
[1441225486.671451] [node009:15221:0]         mxm.c:185  MXM  WARN  The 'ulimit -s' on the system is set to 'unlimited'. This may have negative performance implications. Please set the heap size to the default value (10240) 
[1441225486.668671] [node017:18311:0]         sys.c:719  MXM  WARN  Conflicting CPU frequencies detected, using: 1383.00
[1441225486.674717] [node017:18311:0]         mxm.c:185  MXM  WARN  The 'ulimit -s' on the system is set to 'unlimited'. This may have negative performance implications. Please set the heap size to the default value (10240) 
[1441225486.671477] [node013:12816:0]         sys.c:719  MXM  WARN  Conflicting CPU frequencies detected, using: 1492.41
[1441225486.677635] [node013:12816:0]         mxm.c:185  MXM  WARN  The 'ulimit -s' on the system is set to 'unlimited'. This may have negative performance implications. Please set the heap size to the default value (10240) 
[1441225486.674096] [node008:24490:0]         sys.c:719  MXM  WARN  Conflicting CPU frequencies detected, using: 1497.75
[1441225486.680138] [node008:24490:0]         mxm.c:185  MXM  WARN  The 'ulimit -s' on the system is set to 'unlimited'. This may have negative performance implications. Please set the heap size to the default value (10240) 
[1441225486.679937] [node020:14612:0]         sys.c:719  MXM  WARN  Conflicting CPU frequencies detected, using: 1600.03
[1441225486.685901] [node020:14612:0]         mxm.c:185  MXM  WARN  The 'ulimit -s' on the system is set to 'unlimited'. This may have negative performance implications. Please set the heap size to the default value (10240) 
[1441225486.682879] [node018:28618:0]         sys.c:719  MXM  WARN  Conflicting CPU frequencies detected, using: 1587.38
[1441225486.688544] [node018:28618:0]         mxm.c:185  MXM  WARN  The 'ulimit -s' on the system is set to 'unlimited'. This may have negative performance implications. Please set the heap size to the default value (10240) 
[1441225486.691293] [node033:21999:0]         sys.c:719  MXM  WARN  Conflicting CPU frequencies detected, using: 1599.66
[1441225486.696548] [node033:21999:0]         mxm.c:185  MXM  WARN  The 'ulimit -s' on the system is set to 'unlimited'. This may have negative performance implications. Please set the heap size to the default value (10240) 
[1441225486.695924] [node023:28952:0]         sys.c:719  MXM  WARN  Conflicting CPU frequencies detected, using: 1503.84
[1441225486.701913] [node023:28952:0]         mxm.c:185  MXM  WARN  The 'ulimit -s' on the system is set to 'unlimited'. This may have negative performance implications. Please set the heap size to the default value (10240) 
[1441225486.695407] [node041:21456:0]         sys.c:719  MXM  WARN  Conflicting CPU frequencies detected, using: 1341.47
[1441225486.701088] [node041:21456:0]         mxm.c:185  MXM  WARN  The 'ulimit -s' on the system is set to 'unlimited'. This may have negative performance implications. Please set the heap size to the default value (10240) 
[1441225486.700743] [node007:8093 :0]         sys.c:719  MXM  WARN  Conflicting CPU frequencies detected, using: 1399.97
[1441225486.704530] [node007:8093 :0]         mxm.c:185  MXM  WARN  The 'ulimit -s' on the system is set to 'unlimited'. This may have negative performance implications. Please set the heap size to the default value (10240) 
[1441225486.696527] [node044:21318:0]         sys.c:719  MXM  WARN  Conflicting CPU frequencies detected, using: 1398.38
[1441225486.702303] [node044:21318:0]         mxm.c:185  MXM  WARN  The 'ulimit -s' on the system is set to 'unlimited'. This may have negative performance implications. Please set the heap size to the default value (10240) 
[1441225486.700550] [node039:21600:0]         sys.c:719  MXM  WARN  Conflicting CPU frequencies detected, using: 1494.84
[1441225486.706222] [node039:21600:0]         mxm.c:185  MXM  WARN  The 'ulimit -s' on the system is set to 'unlimited'. This may have negative performance implications. Please set the heap size to the default value (10240) 
[1441225486.657009] [node006:2860 :0]         sys.c:719  MXM  WARN  Conflicting CPU frequencies detected, using: 1544.25
[1441225486.660888] [node006:2860 :0]         mxm.c:185  MXM  WARN  The 'ulimit -s' on the system is set to 'unlimited'. This may have negative performance implications. Please set the heap size to the default value (10240) 
[1441225486.659288] [node004:3035 :0]         sys.c:719  MXM  WARN  Conflicting CPU frequencies detected, using: 1597.12
[1441225486.662993] [node004:3035 :0]         mxm.c:185  MXM  WARN  The 'ulimit -s' on the system is set to 'unlimited'. This may have negative performance implications. Please set the heap size to the default value (10240) 
[1441225486.662000] [node002:5761 :0]         sys.c:719  MXM  WARN  Conflicting CPU frequencies detected, using: 1595.25
[1441225486.665509] [node002:5761 :0]         mxm.c:185  MXM  WARN  The 'ulimit -s' on the system is set to 'unlimited'. This may have negative performance implications. Please set the heap size to the default value (10240) 
[1441225486.671786] [node003:3606 :0]         sys.c:719  MXM  WARN  Conflicting CPU frequencies detected, using: 1599.94
[1441225486.675154] [node003:3606 :0]         mxm.c:185  MXM  WARN  The 'ulimit -s' on the system is set to 'unlimited'. This may have negative performance implications. Please set the heap size to the default value (10240) 
[1441225486.725750] [node031:22007:0]         sys.c:719  MXM  WARN  Conflicting CPU frequencies detected, using: 1397.91
[1441225486.731448] [node031:22007:0]         mxm.c:185  MXM  WARN  The 'ulimit -s' on the system is set to 'unlimited'. This may have negative performance implications. Please set the heap size to the default value (10240) 
[1441225486.692013] [node024:29863:0]         sys.c:719  MXM  WARN  Conflicting CPU frequencies detected, using: 1565.81
[1441225486.695629] [node024:29863:0]         mxm.c:185  MXM  WARN  The 'ulimit -s' on the system is set to 'unlimited'. This may have negative performance implications. Please set the heap size to the default value (10240) 
[1441225486.727469] [node042:21443:0]         sys.c:719  MXM  WARN  Conflicting CPU frequencies detected, using: 1299.00
[1441225486.733518] [node042:21443:0]         mxm.c:185  MXM  WARN  The 'ulimit -s' on the system is set to 'unlimited'. This may have negative performance implications. Please set the heap size to the default value (10240) 
[1441225486.692375] [node036:21932:0]         sys.c:719  MXM  WARN  Conflicting CPU frequencies detected, using: 1500.00
[1441225486.696182] [node036:21932:0]         mxm.c:185  MXM  WARN  The 'ulimit -s' on the system is set to 'unlimited'. This may have negative performance implications. Please set the heap size to the default value (10240) 
[1441225486.698948] [node050:23416:0]         sys.c:719  MXM  WARN  Conflicting CPU frequencies detected, using: 1462.22
[1441225486.702689] [node050:23416:0]         mxm.c:185  MXM  WARN  The 'ulimit -s' on the system is set to 'unlimited'. This may have negative performance implications. Please set the heap size to the default value (10240) 
[1441225486.700032] [node012:12788:0]         sys.c:719  MXM  WARN  Conflicting CPU frequencies detected, using: 1594.88
[1441225486.705597] [node012:12788:0]         mxm.c:185  MXM  WARN  The 'ulimit -s' on the system is set to 'unlimited'. This may have negative performance implications. Please set the heap size to the default value (10240) 
[1441225486.762090] [node014:5218 :0]         sys.c:719  MXM  WARN  Conflicting CPU frequencies detected, using: 1264.50
[1441225486.766005] [node014:5218 :0]         mxm.c:185  MXM  WARN  The 'ulimit -s' on the system is set to 'unlimited'. This may have negative performance implications. Please set the heap size to the default value (10240) 
[1441225486.757681] [node032:21506:0]         sys.c:719  MXM  WARN  Conflicting CPU frequencies detected, using: 1491.56
[1441225486.763585] [node032:21506:0]         mxm.c:185  MXM  WARN  The 'ulimit -s' on the system is set to 'unlimited'. This may have negative performance implications. Please set the heap size to the default value (10240) 
[1441225486.790326] [node062:28616:0]         sys.c:719  MXM  WARN  Conflicting CPU frequencies detected, using: 1468.78
[1441225486.796361] [node062:28616:0]         mxm.c:185  MXM  WARN  The 'ulimit -s' on the system is set to 'unlimited'. This may have negative performance implications. Please set the heap size to the default value (10240) 
[1441225486.790478] [node038:21449:0]         sys.c:719  MXM  WARN  Conflicting CPU frequencies detected, using: 1500.00
[1441225486.795723] [node038:21449:0]         mxm.c:185  MXM  WARN  The 'ulimit -s' on the system is set to 'unlimited'. This may have negative performance implications. Please set the heap size to the default value (10240) 
[1441225486.755992] [node035:21665:0]         sys.c:719  MXM  WARN  Conflicting CPU frequencies detected, using: 1498.97
[1441225486.759835] [node035:21665:0]         mxm.c:185  MXM  WARN  The 'ulimit -s' on the system is set to 'unlimited'. This may have negative performance implications. Please set the heap size to the default value (10240) 
[1441225486.756018] [node064:28574:0]         sys.c:719  MXM  WARN  Conflicting CPU frequencies detected, using: 1594.22
[1441225486.761711] [node064:28574:0]         mxm.c:185  MXM  WARN  The 'ulimit -s' on the system is set to 'unlimited'. This may have negative performance implications. Please set the heap size to the default value (10240) 
[1441225486.808896] [node043:21301:0]         sys.c:719  MXM  WARN  Conflicting CPU frequencies detected, using: 1599.56
[1441225486.814744] [node043:21301:0]         mxm.c:185  MXM  WARN  The 'ulimit -s' on the system is set to 'unlimited'. This may have negative performance implications. Please set the heap size to the default value (10240) 
[1441225486.814888] [node034:21150:0]         sys.c:719  MXM  WARN  Conflicting CPU frequencies detected, using: 1586.06
[1441225486.820718] [node034:21150:0]         mxm.c:185  MXM  WARN  The 'ulimit -s' on the system is set to 'unlimited'. This may have negative performance implications. Please set the heap size to the default value (10240) 
[1441225486.816390] [node068:29413:0]         sys.c:719  MXM  WARN  Conflicting CPU frequencies detected, using: 1547.72
[1441225486.822893] [node068:29413:0]         mxm.c:185  MXM  WARN  The 'ulimit -s' on the system is set to 'unlimited'. This may have negative performance implications. Please set the heap size to the default value (10240) 
[1441225486.825138] [node045:21542:0]         sys.c:719  MXM  WARN  Conflicting CPU frequencies detected, using: 1373.44
[1441225486.831154] [node045:21542:0]         mxm.c:185  MXM  WARN  The 'ulimit -s' on the system is set to 'unlimited'. This may have negative performance implications. Please set the heap size to the default value (10240) 
[1441225486.793120] [node047:28123:0]         sys.c:719  MXM  WARN  Conflicting CPU frequencies detected, using: 1496.06
[1441225486.796823] [node047:28123:0]         mxm.c:185  MXM  WARN  The 'ulimit -s' on the system is set to 'unlimited'. This may have negative performance implications. Please set the heap size to the default value (10240) 
[1441225486.794389] [node048:28195:0]         sys.c:719  MXM  WARN  Conflicting CPU frequencies detected, using: 1493.06
[1441225486.798071] [node048:28195:0]         mxm.c:185  MXM  WARN  The 'ulimit -s' on the system is set to 'unlimited'. This may have negative performance implications. Please set the heap size to the default value (10240) 
[1441225486.797842] [node057:29153:0]         sys.c:719  MXM  WARN  Conflicting CPU frequencies detected, using: 1658.81
[1441225486.802192] [node057:29153:0]         mxm.c:185  MXM  WARN  The 'ulimit -s' on the system is set to 'unlimited'. This may have negative performance implications. Please set the heap size to the default value (10240) 
[1441225486.797136] [node060:29343:0]         sys.c:719  MXM  WARN  Conflicting CPU frequencies detected, using: 1498.97
[1441225486.801453] [node060:29343:0]         mxm.c:185  MXM  WARN  The 'ulimit -s' on the system is set to 'unlimited'. This may have negative performance implications. Please set the heap size to the default value (10240) 
[1441225486.800962] [node063:28779:0]         sys.c:719  MXM  WARN  Conflicting CPU frequencies detected, using: 1496.25
[1441225486.804719] [node063:28779:0]         mxm.c:185  MXM  WARN  The 'ulimit -s' on the system is set to 'unlimited'. This may have negative performance implications. Please set the heap size to the default value (10240) 
[1441225486.844539] [node010:12734:0]         sys.c:719  MXM  WARN  Conflicting CPU frequencies detected, using: 1378.59
[1441225486.848238] [node010:12734:0]         mxm.c:185  MXM  WARN  The 'ulimit -s' on the system is set to 'unlimited'. This may have negative performance implications. Please set the heap size to the default value (10240) 
[1441225486.797532] [node005:3640 :0]         sys.c:719  MXM  WARN  Conflicting CPU frequencies detected, using: 1473.84
[1441225486.801404] [node005:3640 :0]         mxm.c:185  MXM  WARN  The 'ulimit -s' on the system is set to 'unlimited'. This may have negative performance implications. Please set the heap size to the default value (10240) 
[1441225486.803411] [node059:29468:0]         sys.c:719  MXM  WARN  Conflicting CPU frequencies detected, using: 1500.00
[1441225486.807771] [node059:29468:0]         mxm.c:185  MXM  WARN  The 'ulimit -s' on the system is set to 'unlimited'. This may have negative performance implications. Please set the heap size to the default value (10240) 
[1441225486.810380] [node052:16863:0]         sys.c:719  MXM  WARN  Conflicting CPU frequencies detected, using: 1599.94
[1441225486.814292] [node052:16863:0]         mxm.c:185  MXM  WARN  The 'ulimit -s' on the system is set to 'unlimited'. This may have negative performance implications. Please set the heap size to the default value (10240) 
[1441225486.847816] [node067:29392:0]         sys.c:719  MXM  WARN  Conflicting CPU frequencies detected, using: 1463.34
[1441225486.854364] [node067:29392:0]         mxm.c:185  MXM  WARN  The 'ulimit -s' on the system is set to 'unlimited'. This may have negative performance implications. Please set the heap size to the default value (10240) 
[1441225486.808211] [node049:28170:0]         sys.c:719  MXM  WARN  Conflicting CPU frequencies detected, using: 1393.88
[1441225486.811929] [node049:28170:0]         mxm.c:185  MXM  WARN  The 'ulimit -s' on the system is set to 'unlimited'. This may have negative performance implications. Please set the heap size to the default value (10240) 
[1441225486.810976] [node037:21850:0]         sys.c:719  MXM  WARN  Conflicting CPU frequencies detected, using: 1598.53
[1441225486.814732] [node037:21850:0]         mxm.c:185  MXM  WARN  The 'ulimit -s' on the system is set to 'unlimited'. This may have negative performance implications. Please set the heap size to the default value (10240) 
[1441225486.850401] [node040:21394:0]         sys.c:719  MXM  WARN  Conflicting CPU frequencies detected, using: 1292.16
[1441225486.856535] [node040:21394:0]         mxm.c:185  MXM  WARN  The 'ulimit -s' on the system is set to 'unlimited'. This may have negative performance implications. Please set the heap size to the default value (10240) 
[1441225486.816371] [node021:16731:0]         sys.c:719  MXM  WARN  Conflicting CPU frequencies detected, using: 1400.25
[1441225486.820201] [node021:16731:0]         mxm.c:185  MXM  WARN  The 'ulimit -s' on the system is set to 'unlimited'. This may have negative performance implications. Please set the heap size to the default value (10240) 
[1441225486.839332] [node019:15920:0]         sys.c:719  MXM  WARN  Conflicting CPU frequencies detected, using: 1496.44
[1441225486.843079] [node019:15920:0]         mxm.c:185  MXM  WARN  The 'ulimit -s' on the system is set to 'unlimited'. This may have negative performance implications. Please set the heap size to the default value (10240) 
[1441225486.905731] [node022:9264 :0]         sys.c:719  MXM  WARN  Conflicting CPU frequencies detected, using: 1498.78
[1441225486.911349] [node022:9264 :0]         mxm.c:185  MXM  WARN  The 'ulimit -s' on the system is set to 'unlimited'. This may have negative performance implications. Please set the heap size to the default value (10240) 
[1441225486.874929] [node029:3095 :0]         sys.c:719  MXM  WARN  Conflicting CPU frequencies detected, using: 1498.12
[1441225486.878773] [node029:3095 :0]         mxm.c:185  MXM  WARN  The 'ulimit -s' on the system is set to 'unlimited'. This may have negative performance implications. Please set the heap size to the default value (10240) 
[1441225486.926762] [node053:7526 :0]         sys.c:719  MXM  WARN  Conflicting CPU frequencies detected, using: 1405.59
[1441225486.932987] [node053:7526 :0]         mxm.c:185  MXM  WARN  The 'ulimit -s' on the system is set to 'unlimited'. This may have negative performance implications. Please set the heap size to the default value (10240) 
[1441225486.892937] [node051:13956:0]         sys.c:719  MXM  WARN  Conflicting CPU frequencies detected, using: 1532.53
[1441225486.896534] [node051:13956:0]         mxm.c:185  MXM  WARN  The 'ulimit -s' on the system is set to 'unlimited'. This may have negative performance implications. Please set the heap size to the default value (10240) 
[1441225486.946162] [node066:29406:0]         sys.c:719  MXM  WARN  Conflicting CPU frequencies detected, using: 1587.84
[1441225486.952889] [node066:29406:0]         mxm.c:185  MXM  WARN  The 'ulimit -s' on the system is set to 'unlimited'. This may have negative performance implications. Please set the heap size to the default value (10240) 
[1441225486.907005] [node058:29254:0]         sys.c:719  MXM  WARN  Conflicting CPU frequencies detected, using: 1399.97
[1441225486.911051] [node058:29254:0]         mxm.c:185  MXM  WARN  The 'ulimit -s' on the system is set to 'unlimited'. This may have negative performance implications. Please set the heap size to the default value (10240) 
[1441225486.950862] [node030:26051:0]         sys.c:719  MXM  WARN  Conflicting CPU frequencies detected, using: 1398.19
[1441225486.956553] [node030:26051:0]         mxm.c:185  MXM  WARN  The 'ulimit -s' on the system is set to 'unlimited'. This may have negative performance implications. Please set the heap size to the default value (10240) 
[1441225486.908743] [node046:5228 :0]         sys.c:719  MXM  WARN  Conflicting CPU frequencies detected, using: 1589.25
[1441225486.912561] [node046:5228 :0]         mxm.c:185  MXM  WARN  The 'ulimit -s' on the system is set to 'unlimited'. This may have negative performance implications. Please set the heap size to the default value (10240) 
[1441225486.919293] [node028:10422:0]         sys.c:719  MXM  WARN  Conflicting CPU frequencies detected, using: 1491.94
[1441225486.923087] [node028:10422:0]         mxm.c:185  MXM  WARN  The 'ulimit -s' on the system is set to 'unlimited'. This may have negative performance implications. Please set the heap size to the default value (10240) 
[1441225486.916129] [node065:29404:0]         sys.c:719  MXM  WARN  Conflicting CPU frequencies detected, using: 1464.56
[1441225486.920560] [node065:29404:0]         mxm.c:185  MXM  WARN  The 'ulimit -s' on the system is set to 'unlimited'. This may have negative performance implications. Please set the heap size to the default value (10240) 
[1441225486.923642] [node054:28490:0]         sys.c:719  MXM  WARN  Conflicting CPU frequencies detected, using: 1497.47
[1441225486.929617] [node054:28490:0]         mxm.c:185  MXM  WARN  The 'ulimit -s' on the system is set to 'unlimited'. This may have negative performance implications. Please set the heap size to the default value (10240) 
[1441225486.936893] [node056:28518:0]         sys.c:719  MXM  WARN  Conflicting CPU frequencies detected, using: 1590.75
[1441225486.943068] [node056:28518:0]         mxm.c:185  MXM  WARN  The 'ulimit -s' on the system is set to 'unlimited'. This may have negative performance implications. Please set the heap size to the default value (10240) 
[1441225486.996747] [node061:28775:0]         sys.c:719  MXM  WARN  Conflicting CPU frequencies detected, using: 1671.00
[1441225487.000637] [node061:28775:0]         mxm.c:185  MXM  WARN  The 'ulimit -s' on the system is set to 'unlimited'. This may have negative performance implications. Please set the heap size to the default value (10240) 
[1441225487.096046] [node055:28392:0]         sys.c:719  MXM  WARN  Conflicting CPU frequencies detected, using: 1497.38
[1441225487.101956] [node055:28392:0]         mxm.c:185  MXM  WARN  The 'ulimit -s' on the system is set to 'unlimited'. This may have negative performance implications. Please set the heap size to the default value (10240) 
[1441225487.937529] [node027:23432:0]         sys.c:719  MXM  WARN  Conflicting CPU frequencies detected, using: 1498.88
[1441225487.941450] [node027:23432:0]         mxm.c:185  MXM  WARN  The 'ulimit -s' on the system is set to 'unlimited'. This may have negative performance implications. Please set the heap size to the default value (10240) 
[1441225489.675571] [node025:20179:0]         sys.c:719  MXM  WARN  Conflicting CPU frequencies detected, using: 1582.88
[1441225489.679815] [node025:20179:0]         mxm.c:185  MXM  WARN  The 'ulimit -s' on the system is set to 'unlimited'. This may have negative performance implications. Please set the heap size to the default value (10240) 
UPCR: UPC thread  0 of 66 on node001 (pshm node  0 of 66, process  0 of 66, pid=2883)
UPCR: UPC thread 50 of 66 on node053 (pshm node 50 of 66, process 50 of 66, pid=7526)
UPCR: UPC thread 18 of 66 on node020 (pshm node 18 of 66, process 18 of 66, pid=14612)
UPCR: UPC thread 20 of 66 on node022 (pshm node 20 of 66, process 20 of 66, pid=9264)
UPCR: UPC thread  4 of 66 on node005 (pshm node  4 of 66, process  4 of 66, pid=3640)
UPCR: UPC thread 28 of 66 on node031 (pshm node 28 of 66, process 28 of 66, pid=22007)
UPCR: UPC thread 46 of 66 on node049 (pshm node 46 of 66, process 46 of 66, pid=28170)
UPCR: UPC thread 35 of 66 on node038 (pshm node 35 of 66, process 35 of 66, pid=21449)
UPCR: UPC thread 15 of 66 on node017 (pshm node 15 of 66, process 15 of 66, pid=18311)
UPCR: UPC thread  1 of 66 on node002 (pshm node  1 of 66, process  1 of 66, pid=5761)
UPCR: UPC thread  7 of 66 on node008 (pshm node  7 of 66, process  7 of 66, pid=24490)
UPCR: UPC thread 62 of 66 on node065 (pshm node 62 of 66, process 62 of 66, pid=29404)
UPCR: UPC thread 36 of 66 on node039 (pshm node 36 of 66, process 36 of 66, pid=21600)
UPCR: UPC thread 30 of 66 on node033 (pshm node 30 of 66, process 30 of 66, pid=21999)
UPCR: UPC thread  3 of 66 on node004 (pshm node  3 of 66, process  3 of 66, pid=3035)
UPCR: UPC thread 10 of 66 on node011 (pshm node 10 of 66, process 10 of 66, pid=12540)
UPCR: UPC thread 26 of 66 on node029 (pshm node 26 of 66, process 26 of 66, pid=3095)
UPCR: UPC thread 11 of 66 on node012 (pshm node 11 of 66, process 11 of 66, pid=12788)
UPCR: UPC thread  2 of 66 on node003 (pshm node  2 of 66, process  2 of 66, pid=3606)
UPCR: UPC thread 22 of 66 on node024 (pshm node 22 of 66, process 22 of 66, pid=29863)
UPCR: UPC thread 24 of 66 on node027 (pshm node 24 of 66, process 24 of 66, pid=23432)
UPCR: UPC thread 61 of 66 on node064 (pshm node 61 of 66, process 61 of 66, pid=28574)
UPCR: UPC thread 27 of 66 on node030 (pshm node 27 of 66, process 27 of 66, pid=26051)
UPCR: UPC thread 57 of 66 on node060 (pshm node 57 of 66, process 57 of 66, pid=29343)
UPCR: UPC thread 32 of 66 on node035 (pshm node 32 of 66, process 32 of 66, pid=21665)
UPCR: UPC thread 21 of 66 on node023 (pshm node 21 of 66, process 21 of 66, pid=28952)
UPCR: UPC thread 38 of 66 on node041 (pshm node 38 of 66, process 38 of 66, pid=21456)
UPCR: UPC thread 37 of 66 on node040 (pshm node 37 of 66, process 37 of 66, pid=21394)
UPCR: UPC thread 51 of 66 on node054 (pshm node 51 of 66, process 51 of 66, pid=28490)
UPCR: UPC thread  8 of 66 on node009 (pshm node  8 of 66, process  8 of 66, pid=15221)
UPCR: UPC thread 48 of 66 on node051 (pshm node 48 of 66, process 48 of 66, pid=13956)
UPCR: UPC thread  6 of 66 on node007 (pshm node  6 of 66, process  6 of 66, pid=8093)
UPCR: UPC thread 55 of 66 on node058 (pshm node 55 of 66, process 55 of 66, pid=29254)
UPCR: UPC thread 16 of 66 on node018 (pshm node 16 of 66, process 16 of 66, pid=28618)
UPCR: UPC thread 34 of 66 on node037 (pshm node 34 of 66, process 34 of 66, pid=21850)
UPCR: UPC thread 58 of 66 on node061 (pshm node 58 of 66, process 58 of 66, pid=28775)
UPCR: UPC thread 19 of 66 on node021 (pshm node 19 of 66, process 19 of 66, pid=16731)
UPCR: UPC thread 47 of 66 on node050 (pshm node 47 of 66, process 47 of 66, pid=23416)
UPCR: UPC thread 12 of 66 on node013 (pshm node 12 of 66, process 12 of 66, pid=12816)
UPCR: UPC thread 60 of 66 on node063 (pshm node 60 of 66, process 60 of 66, pid=28779)
UPCR: UPC thread 23 of 66 on node025 (pshm node 23 of 66, process 23 of 66, pid=20179)
UPCR: UPC thread  5 of 66 on node006 (pshm node  5 of 66, process  5 of 66, pid=2860)
UPCR: UPC thread 64 of 66 on node067 (pshm node 64 of 66, process 64 of 66, pid=29392)
UPCR: UPC thread 17 of 66 on node019 (pshm node 17 of 66, process 17 of 66, pid=15920)
UPCR: UPC thread 49 of 66 on node052 (pshm node 49 of 66, process 49 of 66, pid=16863)
UPCR: UPC thread 41 of 66 on node044 (pshm node 41 of 66, process 41 of 66, pid=21318)
UPCR: UPC thread 42 of 66 on node045 (pshm node 42 of 66, process 42 of 66, pid=21542)
UPCR: UPC thread 39 of 66 on node042 (pshm node 39 of 66, process 39 of 66, pid=21443)
UPCR: UPC thread 25 of 66 on node028 (pshm node 25 of 66, process 25 of 66, pid=10422)
UPCR: UPC thread 33 of 66 on node036 (pshm node 33 of 66, process 33 of 66, pid=21932)
UPCR: UPC thread 29 of 66 on node032 (pshm node 29 of 66, process 29 of 66, pid=21506)
UPCR: UPC thread 31 of 66 on node034 (pshm node 31 of 66, process 31 of 66, pid=21150)
UPCR: UPC thread 54 of 66 on node057 (pshm node 54 of 66, process 54 of 66, pid=29153)
UPCR: UPC thread 40 of 66 on node043 (pshm node 40 of 66, process 40 of 66, pid=21301)
UPCR: UPC thread 52 of 66 on node055 (pshm node 52 of 66, process 52 of 66, pid=28392)
UPCR: UPC thread  9 of 66 on node010 (pshm node  9 of 66, process  9 of 66, pid=12734)
UPCR: UPC thread 13 of 66 on node014 (pshm node 13 of 66, process 13 of 66, pid=5218)
UPCR: UPC thread 44 of 66 on node047 (pshm node 44 of 66, process 44 of 66, pid=28123)
UPCR: UPC thread 63 of 66 on node066 (pshm node 63 of 66, process 63 of 66, pid=29406)
UPCR: UPC thread 56 of 66 on node059 (pshm node 56 of 66, process 56 of 66, pid=29468)
UPCR: UPC thread 65 of 66 on node068 (pshm node 65 of 66, process 65 of 66, pid=29413)
UPCR: UPC thread 14 of 66 on node015 (pshm node 14 of 66, process 14 of 66, pid=2782)
UPCR: UPC thread 53 of 66 on node056 (pshm node 53 of 66, process 53 of 66, pid=28518)
UPCR: UPC thread 45 of 66 on node048 (pshm node 45 of 66, process 45 of 66, pid=28195)
UPCR: UPC thread 59 of 66 on node062 (pshm node 59 of 66, process 59 of 66, pid=28616)
UPCR: UPC thread 43 of 66 on node046 (pshm node 43 of 66, process 43 of 66, pid=5228)
0/66 - htable initialized
0/66 - table size: 70866960384 bytes (67584 MB)
0/66 - total number of buckets: 8858370048
0/66 - block size: 1073741824 (1024 MB)
0/66 - number of buckets in block: 134217728
0/66 - number of blocks: 66
52/66 - Performed a throughput benchmark:
52/66 - Performed 2000000 find-or-put operations with random values from [0,...,303599998]
52/66 - Finds: 363539 (0.18177), Inserts: 1636461 (0.81823), Errors: 0 (0)
52/66 - Execution time: 9.60913 seconds
52/66 - Throughput: 208135 ops/sec
51/66 - Performed a throughput benchmark:
51/66 - Performed 2000000 find-or-put operations with random values from [0,...,303599998]
51/66 - Finds: 364278 (0.182139), Inserts: 1635722 (0.817861), Errors: 0 (0)
51/66 - Execution time: 9.60607 seconds
51/66 - Throughput: 208202 ops/sec
50/66 - Performed a throughput benchmark:
50/66 - Performed 2000000 find-or-put operations with random values from [0,...,303599998]
50/66 - Finds: 364725 (0.182363), Inserts: 1635275 (0.817638), Errors: 0 (0)
50/66 - Execution time: 9.60909 seconds
50/66 - Throughput: 208136 ops/sec
58/66 - Performed a throughput benchmark:
58/66 - Performed 2000000 find-or-put operations with random values from [0,...,303599998]
58/66 - Finds: 365514 (0.182757), Inserts: 1634486 (0.817243), Errors: 0 (0)
58/66 - Execution time: 9.61732 seconds
58/66 - Throughput: 207958 ops/sec
53/66 - Performed a throughput benchmark:
53/66 - Performed 2000000 find-or-put operations with random values from [0,...,303599998]
53/66 - Finds: 363662 (0.181831), Inserts: 1636338 (0.818169), Errors: 0 (0)
53/66 - Execution time: 9.61262 seconds
53/66 - Throughput: 208060 ops/sec
14/66 - Performed a throughput benchmark:
14/66 - Performed 2000000 find-or-put operations with random values from [0,...,303599998]
14/66 - Finds: 365845 (0.182922), Inserts: 1634155 (0.817078), Errors: 0 (0)
14/66 - Execution time: 9.64447 seconds
14/66 - Throughput: 207373 ops/sec
55/66 - Performed a throughput benchmark:
55/66 - Performed 2000000 find-or-put operations with random values from [0,...,303599998]
55/66 - Finds: 364813 (0.182406), Inserts: 1635187 (0.817593), Errors: 0 (0)
55/66 - Execution time: 9.62269 seconds
55/66 - Throughput: 207842 ops/sec
62/66 - Performed a throughput benchmark:
62/66 - Performed 2000000 find-or-put operations with random values from [0,...,303599998]
62/66 - Finds: 364653 (0.182327), Inserts: 1635347 (0.817674), Errors: 0 (0)
62/66 - Execution time: 9.62945 seconds
62/66 - Throughput: 207696 ops/sec
64/66 - Performed a throughput benchmark:
64/66 - Performed 2000000 find-or-put operations with random values from [0,...,303599998]
64/66 - Finds: 365872 (0.182936), Inserts: 1634128 (0.817064), Errors: 0 (0)
64/66 - Execution time: 9.63595 seconds
64/66 - Throughput: 207556 ops/sec
21/66 - Performed a throughput benchmark:
21/66 - Performed 2000000 find-or-put operations with random values from [0,...,303599998]
21/66 - Finds: 365983 (0.182992), Inserts: 1634017 (0.817009), Errors: 0 (0)
21/66 - Execution time: 9.63755 seconds
21/66 - Throughput: 207522 ops/sec
10/66 - Performed a throughput benchmark:
10/66 - Performed 2000000 find-or-put operations with random values from [0,...,303599998]
10/66 - Finds: 364817 (0.182409), Inserts: 1635183 (0.817592), Errors: 0 (0)
10/66 - Execution time: 9.6398 seconds
10/66 - Throughput: 207473 ops/sec
61/66 - Performed a throughput benchmark:
61/66 - Performed 2000000 find-or-put operations with random values from [0,...,303599998]
61/66 - Finds: 363653 (0.181827), Inserts: 1636347 (0.818173), Errors: 0 (0)
61/66 - Execution time: 9.61567 seconds
61/66 - Throughput: 207994 ops/sec
56/66 - Performed a throughput benchmark:
56/66 - Performed 2000000 find-or-put operations with random values from [0,...,303599998]
56/66 - Finds: 364536 (0.182268), Inserts: 1635464 (0.817732), Errors: 0 (0)
56/66 - Execution time: 9.63342 seconds
56/66 - Throughput: 207611 ops/sec
60/66 - Performed a throughput benchmark:
60/66 - Performed 2000000 find-or-put operations with random values from [0,...,303599998]
60/66 - Finds: 364227 (0.182114), Inserts: 1635773 (0.817886), Errors: 0 (0)
60/66 - Execution time: 9.61731 seconds
60/66 - Throughput: 207958 ops/sec
63/66 - Performed a throughput benchmark:
63/66 - Performed 2000000 find-or-put operations with random values from [0,...,303599998]
63/66 - Finds: 366109 (0.183055), Inserts: 1633891 (0.816945), Errors: 0 (0)
63/66 - Execution time: 9.63912 seconds
63/66 - Throughput: 207488 ops/sec
13/66 - Performed a throughput benchmark:
13/66 - Performed 2000000 find-or-put operations with random values from [0,...,303599998]
13/66 - Finds: 365493 (0.182747), Inserts: 1634507 (0.817253), Errors: 0 (0)
13/66 - Execution time: 9.64643 seconds
13/66 - Throughput: 207331 ops/sec
65/66 - Performed a throughput benchmark:
65/66 - Performed 2000000 find-or-put operations with random values from [0,...,303599998]
65/66 - Finds: 364208 (0.182104), Inserts: 1635792 (0.817896), Errors: 0 (0)
65/66 - Execution time: 9.62009 seconds
65/66 - Throughput: 207898 ops/sec
57/66 - Performed a throughput benchmark:
57/66 - Performed 2000000 find-or-put operations with random values from [0,...,303599998]
57/66 - Finds: 364678 (0.182339), Inserts: 1635322 (0.817661), Errors: 0 (0)
57/66 - Execution time: 9.62297 seconds
57/66 - Throughput: 207836 ops/sec
7/66 - Performed a throughput benchmark:
7/66 - Performed 2000000 find-or-put operations with random values from [0,...,303599998]
7/66 - Finds: 365341 (0.182671), Inserts: 1634659 (0.81733), Errors: 0 (0)
7/66 - Execution time: 9.64583 seconds
7/66 - Throughput: 207343 ops/sec
18/66 - Performed a throughput benchmark:
18/66 - Performed 2000000 find-or-put operations with random values from [0,...,303599998]
18/66 - Finds: 366080 (0.18304), Inserts: 1633920 (0.81696), Errors: 0 (0)
18/66 - Execution time: 9.65639 seconds
18/66 - Throughput: 207117 ops/sec
16/66 - Performed a throughput benchmark:
16/66 - Performed 2000000 find-or-put operations with random values from [0,...,303599998]
16/66 - Finds: 365605 (0.182803), Inserts: 1634395 (0.817198), Errors: 0 (0)
16/66 - Execution time: 9.65459 seconds
16/66 - Throughput: 207155 ops/sec
54/66 - Performed a throughput benchmark:
54/66 - Performed 2000000 find-or-put operations with random values from [0,...,303599998]
54/66 - Finds: 364869 (0.182434), Inserts: 1635131 (0.817565), Errors: 0 (0)
54/66 - Execution time: 9.64965 seconds
54/66 - Throughput: 207261 ops/sec
33/66 - Performed a throughput benchmark:
33/66 - Performed 2000000 find-or-put operations with random values from [0,...,303599998]
33/66 - Finds: 367636 (0.183818), Inserts: 1632364 (0.816182), Errors: 0 (0)
33/66 - Execution time: 9.68345 seconds
33/66 - Throughput: 206538 ops/sec
17/66 - Performed a throughput benchmark:
17/66 - Performed 2000000 find-or-put operations with random values from [0,...,303599998]
17/66 - Finds: 365056 (0.182528), Inserts: 1634944 (0.817472), Errors: 0 (0)
17/66 - Execution time: 9.65361 seconds
17/66 - Throughput: 207176 ops/sec
8/66 - Performed a throughput benchmark:
8/66 - Performed 2000000 find-or-put operations with random values from [0,...,303599998]
8/66 - Finds: 365394 (0.182697), Inserts: 1634606 (0.817303), Errors: 0 (0)
8/66 - Execution time: 9.65045 seconds
8/66 - Throughput: 207244 ops/sec
31/66 - Performed a throughput benchmark:
31/66 - Performed 2000000 find-or-put operations with random values from [0,...,303599998]
31/66 - Finds: 366449 (0.183225), Inserts: 1633551 (0.816775), Errors: 0 (0)
31/66 - Execution time: 9.68445 seconds
31/66 - Throughput: 206517 ops/sec
59/66 - Performed a throughput benchmark:
59/66 - Performed 2000000 find-or-put operations with random values from [0,...,303599998]
59/66 - Finds: 365074 (0.182537), Inserts: 1634926 (0.817463), Errors: 0 (0)
59/66 - Execution time: 9.65758 seconds
59/66 - Throughput: 207091 ops/sec
35/66 - Performed a throughput benchmark:
35/66 - Performed 2000000 find-or-put operations with random values from [0,...,303599998]
35/66 - Finds: 366019 (0.183009), Inserts: 1633981 (0.81699), Errors: 0 (0)
35/66 - Execution time: 9.68465 seconds
35/66 - Throughput: 206512 ops/sec
30/66 - Performed a throughput benchmark:
30/66 - Performed 2000000 find-or-put operations with random values from [0,...,303599998]
30/66 - Finds: 367131 (0.183565), Inserts: 1632869 (0.816434), Errors: 0 (0)
30/66 - Execution time: 9.67442 seconds
30/66 - Throughput: 206731 ops/sec
20/66 - Performed a throughput benchmark:
20/66 - Performed 2000000 find-or-put operations with random values from [0,...,303599998]
20/66 - Finds: 366377 (0.183189), Inserts: 1633623 (0.816812), Errors: 0 (0)
20/66 - Execution time: 9.65802 seconds
20/66 - Throughput: 207082 ops/sec
27/66 - Performed a throughput benchmark:
27/66 - Performed 2000000 find-or-put operations with random values from [0,...,303599998]
27/66 - Finds: 367654 (0.183827), Inserts: 1632346 (0.816173), Errors: 0 (0)
27/66 - Execution time: 9.67988 seconds
27/66 - Throughput: 206614 ops/sec
19/66 - Performed a throughput benchmark:
19/66 - Performed 2000000 find-or-put operations with random values from [0,...,303599998]
19/66 - Finds: 365736 (0.182868), Inserts: 1634264 (0.817132), Errors: 0 (0)
19/66 - Execution time: 9.66189 seconds
19/66 - Throughput: 206999 ops/sec
15/66 - Performed a throughput benchmark:
15/66 - Performed 2000000 find-or-put operations with random values from [0,...,303599998]
15/66 - Finds: 365500 (0.18275), Inserts: 1634500 (0.81725), Errors: 0 (0)
15/66 - Execution time: 9.65589 seconds
15/66 - Throughput: 207127 ops/sec
37/66 - Performed a throughput benchmark:
37/66 - Performed 2000000 find-or-put operations with random values from [0,...,303599998]
37/66 - Finds: 366367 (0.183183), Inserts: 1633633 (0.816816), Errors: 0 (0)
37/66 - Execution time: 9.68032 seconds
37/66 - Throughput: 206605 ops/sec
29/66 - Performed a throughput benchmark:
29/66 - Performed 2000000 find-or-put operations with random values from [0,...,303599998]
29/66 - Finds: 365764 (0.182882), Inserts: 1634236 (0.817118), Errors: 0 (0)
29/66 - Execution time: 9.68071 seconds
29/66 - Throughput: 206596 ops/sec
12/66 - Performed a throughput benchmark:
12/66 - Performed 2000000 find-or-put operations with random values from [0,...,303599998]
12/66 - Finds: 364633 (0.182316), Inserts: 1635367 (0.817684), Errors: 0 (0)
12/66 - Execution time: 9.65928 seconds
12/66 - Throughput: 207055 ops/sec
42/66 - Performed a throughput benchmark:
42/66 - Performed 2000000 find-or-put operations with random values from [0,...,303599998]
42/66 - Finds: 366764 (0.183382), Inserts: 1633236 (0.816618), Errors: 0 (0)
42/66 - Execution time: 9.69231 seconds
42/66 - Throughput: 206349 ops/sec
39/66 - Performed a throughput benchmark:
39/66 - Performed 2000000 find-or-put operations with random values from [0,...,303599998]
39/66 - Finds: 365557 (0.182779), Inserts: 1634443 (0.817222), Errors: 0 (0)
39/66 - Execution time: 9.67988 seconds
39/66 - Throughput: 206614 ops/sec
9/66 - Performed a throughput benchmark:
9/66 - Performed 2000000 find-or-put operations with random values from [0,...,303599998]
9/66 - Finds: 366824 (0.183412), Inserts: 1633176 (0.816588), Errors: 0 (0)
9/66 - Execution time: 9.69 seconds
9/66 - Throughput: 206398 ops/sec
11/66 - Performed a throughput benchmark:
11/66 - Performed 2000000 find-or-put operations with random values from [0,...,303599998]
11/66 - Finds: 366613 (0.183307), Inserts: 1633387 (0.816693), Errors: 0 (0)
11/66 - Execution time: 9.70485 seconds
11/66 - Throughput: 206083 ops/sec
40/66 - Performed a throughput benchmark:
40/66 - Performed 2000000 find-or-put operations with random values from [0,...,303599998]
40/66 - Finds: 365871 (0.182936), Inserts: 1634129 (0.817064), Errors: 0 (0)
40/66 - Execution time: 9.69738 seconds
40/66 - Throughput: 206241 ops/sec
38/66 - Performed a throughput benchmark:
38/66 - Performed 2000000 find-or-put operations with random values from [0,...,303599998]
38/66 - Finds: 366996 (0.183498), Inserts: 1633004 (0.816502), Errors: 0 (0)
38/66 - Execution time: 9.70738 seconds
38/66 - Throughput: 206029 ops/sec
32/66 - Performed a throughput benchmark:
32/66 - Performed 2000000 find-or-put operations with random values from [0,...,303599998]
32/66 - Finds: 367484 (0.183742), Inserts: 1632516 (0.816258), Errors: 0 (0)
32/66 - Execution time: 9.69556 seconds
32/66 - Throughput: 206280 ops/sec
34/66 - Performed a throughput benchmark:
34/66 - Performed 2000000 find-or-put operations with random values from [0,...,303599998]
34/66 - Finds: 367460 (0.18373), Inserts: 1632540 (0.81627), Errors: 0 (0)
34/66 - Execution time: 9.70538 seconds
34/66 - Throughput: 206071 ops/sec
41/66 - Performed a throughput benchmark:
41/66 - Performed 2000000 find-or-put operations with random values from [0,...,303599998]
41/66 - Finds: 366342 (0.183171), Inserts: 1633658 (0.816829), Errors: 0 (0)
41/66 - Execution time: 9.69999 seconds
41/66 - Throughput: 206186 ops/sec
36/66 - Performed a throughput benchmark:
36/66 - Performed 2000000 find-or-put operations with random values from [0,...,303599998]
36/66 - Finds: 366799 (0.183399), Inserts: 1633201 (0.8166), Errors: 0 (0)
36/66 - Execution time: 9.69482 seconds
36/66 - Throughput: 206296 ops/sec
28/66 - Performed a throughput benchmark:
28/66 - Performed 2000000 find-or-put operations with random values from [0,...,303599998]
28/66 - Finds: 367709 (0.183855), Inserts: 1632291 (0.816145), Errors: 0 (0)
28/66 - Execution time: 9.72547 seconds
28/66 - Throughput: 205646 ops/sec
44/66 - Performed a throughput benchmark:
44/66 - Performed 2000000 find-or-put operations with random values from [0,...,303599998]
44/66 - Finds: 406537 (0.203268), Inserts: 1593463 (0.796732), Errors: 0 (0)
44/66 - Execution time: 10.9921 seconds
44/66 - Throughput: 181949 ops/sec
45/66 - Performed a throughput benchmark:
45/66 - Performed 2000000 find-or-put operations with random values from [0,...,303599998]
45/66 - Finds: 407001 (0.203501), Inserts: 1592999 (0.7965), Errors: 0 (0)
45/66 - Execution time: 11.0012 seconds
45/66 - Throughput: 181798 ops/sec
43/66 - Performed a throughput benchmark:
43/66 - Performed 2000000 find-or-put operations with random values from [0,...,303599998]
43/66 - Finds: 408254 (0.204127), Inserts: 1591746 (0.795873), Errors: 0 (0)
43/66 - Execution time: 11.0002 seconds
43/66 - Throughput: 181815 ops/sec
49/66 - Performed a throughput benchmark:
49/66 - Performed 2000000 find-or-put operations with random values from [0,...,303599998]
49/66 - Finds: 406559 (0.20328), Inserts: 1593441 (0.796721), Errors: 0 (0)
49/66 - Execution time: 10.9896 seconds
49/66 - Throughput: 181990 ops/sec
46/66 - Performed a throughput benchmark:
46/66 - Performed 2000000 find-or-put operations with random values from [0,...,303599998]
46/66 - Finds: 407918 (0.203959), Inserts: 1592082 (0.796041), Errors: 0 (0)
46/66 - Execution time: 11.0107 seconds
46/66 - Throughput: 181642 ops/sec
47/66 - Performed a throughput benchmark:
47/66 - Performed 2000000 find-or-put operations with random values from [0,...,303599998]
47/66 - Finds: 407915 (0.203958), Inserts: 1592085 (0.796042), Errors: 0 (0)
47/66 - Execution time: 11.0087 seconds
47/66 - Throughput: 181675 ops/sec
48/66 - Performed a throughput benchmark:
48/66 - Performed 2000000 find-or-put operations with random values from [0,...,303599998]
48/66 - Finds: 407431 (0.203715), Inserts: 1592569 (0.796284), Errors: 0 (0)
48/66 - Execution time: 11.0238 seconds
48/66 - Throughput: 181425 ops/sec
1/66 - Performed a throughput benchmark:
1/66 - Performed 2000000 find-or-put operations with random values from [0,...,303599998]
1/66 - Finds: 407916 (0.203958), Inserts: 1592084 (0.796042), Errors: 0 (0)
1/66 - Execution time: 11.031 seconds
1/66 - Throughput: 181307 ops/sec
5/66 - Performed a throughput benchmark:
5/66 - Performed 2000000 find-or-put operations with random values from [0,...,303599998]
5/66 - Finds: 407640 (0.20382), Inserts: 1592360 (0.79618), Errors: 0 (0)
5/66 - Execution time: 11.0376 seconds
5/66 - Throughput: 181200 ops/sec
3/66 - Performed a throughput benchmark:
3/66 - Performed 2000000 find-or-put operations with random values from [0,...,303599998]
3/66 - Finds: 408174 (0.204087), Inserts: 1591826 (0.795913), Errors: 0 (0)
3/66 - Execution time: 11.0246 seconds
3/66 - Throughput: 181412 ops/sec
6/66 - Performed a throughput benchmark:
6/66 - Performed 2000000 find-or-put operations with random values from [0,...,303599998]
6/66 - Finds: 410113 (0.205057), Inserts: 1589887 (0.794944), Errors: 0 (0)
6/66 - Execution time: 11.0579 seconds
6/66 - Throughput: 180866 ops/sec
4/66 - Performed a throughput benchmark:
4/66 - Performed 2000000 find-or-put operations with random values from [0,...,303599998]
4/66 - Finds: 411167 (0.205584), Inserts: 1588833 (0.794416), Errors: 0 (0)
4/66 - Execution time: 11.0592 seconds
4/66 - Throughput: 180845 ops/sec
22/66 - Performed a throughput benchmark:
22/66 - Performed 2000000 find-or-put operations with random values from [0,...,303599998]
22/66 - Finds: 409501 (0.204751), Inserts: 1590499 (0.79525), Errors: 0 (0)
22/66 - Execution time: 11.0607 seconds
22/66 - Throughput: 180820 ops/sec
24/66 - Performed a throughput benchmark:
24/66 - Performed 2000000 find-or-put operations with random values from [0,...,303599998]
24/66 - Finds: 409393 (0.204697), Inserts: 1590607 (0.795304), Errors: 0 (0)
24/66 - Execution time: 11.0623 seconds
24/66 - Throughput: 180795 ops/sec
2/66 - Performed a throughput benchmark:
2/66 - Performed 2000000 find-or-put operations with random values from [0,...,303599998]
2/66 - Finds: 408963 (0.204482), Inserts: 1591037 (0.795519), Errors: 0 (0)
2/66 - Execution time: 11.0626 seconds
2/66 - Throughput: 180790 ops/sec
26/66 - Performed a throughput benchmark:
26/66 - Performed 2000000 find-or-put operations with random values from [0,...,303599998]
26/66 - Finds: 410752 (0.205376), Inserts: 1589248 (0.794624), Errors: 0 (0)
26/66 - Execution time: 11.0849 seconds
26/66 - Throughput: 180426 ops/sec
25/66 - Performed a throughput benchmark:
25/66 - Performed 2000000 find-or-put operations with random values from [0,...,303599998]
25/66 - Finds: 409591 (0.204795), Inserts: 1590409 (0.795204), Errors: 0 (0)
25/66 - Execution time: 11.0867 seconds
25/66 - Throughput: 180396 ops/sec
0/66 - Performed a throughput benchmark:
0/66 - Performed 2000000 find-or-put operations with random values from [0,...,303599998]
0/66 - Finds: 411966 (0.205983), Inserts: 1588034 (0.794017), Errors: 0 (0)
0/66 - Execution time: 11.118 seconds
0/66 - Throughput: 179889 ops/sec
23/66 - Performed a throughput benchmark:
23/66 - Performed 2000000 find-or-put operations with random values from [0,...,303599998]
23/66 - Finds: 411556 (0.205778), Inserts: 1588444 (0.794222), Errors: 0 (0)
23/66 - Execution time: 11.1074 seconds
23/66 - Throughput: 180061 ops/sec
[1441225486.389868] [node001:2832 :0]         sys.c:719  MXM  WARN  Conflicting CPU frequencies detected, using: 1588.97
