[1441219005.773597] [node017:19415:0]         sys.c:719  MXM  WARN  Conflicting CPU frequencies detected, using: 1789.50
[1441219005.795811] [node017:19415:0]         mxm.c:185  MXM  WARN  The 'ulimit -s' on the system is set to 'unlimited'. This may have negative performance implications. Please set the heap size to the default value (10240) 
[1441219005.773390] [node017:19411:0]         sys.c:719  MXM  WARN  Conflicting CPU frequencies detected, using: 1789.50
[1441219005.787117] [node017:19411:0]         mxm.c:185  MXM  WARN  The 'ulimit -s' on the system is set to 'unlimited'. This may have negative performance implications. Please set the heap size to the default value (10240) 
[1441219005.774864] [node017:19412:0]         sys.c:719  MXM  WARN  Conflicting CPU frequencies detected, using: 1789.50
[1441219005.794243] [node017:19412:0]         mxm.c:185  MXM  WARN  The 'ulimit -s' on the system is set to 'unlimited'. This may have negative performance implications. Please set the heap size to the default value (10240) 
[1441219005.773565] [node017:19414:0]         sys.c:719  MXM  WARN  Conflicting CPU frequencies detected, using: 1789.50
[1441219005.799806] [node017:19414:0]         mxm.c:185  MXM  WARN  The 'ulimit -s' on the system is set to 'unlimited'. This may have negative performance implications. Please set the heap size to the default value (10240) 
[1441219005.780681] [node017:19422:0]         sys.c:719  MXM  WARN  Conflicting CPU frequencies detected, using: 1399.97
[1441219005.807913] [node017:19422:0]         mxm.c:185  MXM  WARN  The 'ulimit -s' on the system is set to 'unlimited'. This may have negative performance implications. Please set the heap size to the default value (10240) 
[1441219005.777652] [node017:19418:0]         sys.c:719  MXM  WARN  Conflicting CPU frequencies detected, using: 1789.50
[1441219005.811026] [node017:19418:0]         mxm.c:185  MXM  WARN  The 'ulimit -s' on the system is set to 'unlimited'. This may have negative performance implications. Please set the heap size to the default value (10240) 
[1441219005.774830] [node017:19416:0]         sys.c:719  MXM  WARN  Conflicting CPU frequencies detected, using: 1789.50
[1441219005.809410] [node017:19416:0]         mxm.c:185  MXM  WARN  The 'ulimit -s' on the system is set to 'unlimited'. This may have negative performance implications. Please set the heap size to the default value (10240) 
[1441219005.777924] [node017:19419:0]         sys.c:719  MXM  WARN  Conflicting CPU frequencies detected, using: 1789.50
[1441219005.807187] [node017:19419:0]         mxm.c:185  MXM  WARN  The 'ulimit -s' on the system is set to 'unlimited'. This may have negative performance implications. Please set the heap size to the default value (10240) 
[1441219005.778918] [node017:19413:0]         sys.c:719  MXM  WARN  Conflicting CPU frequencies detected, using: 1399.59
[1441219005.814429] [node017:19413:0]         mxm.c:185  MXM  WARN  The 'ulimit -s' on the system is set to 'unlimited'. This may have negative performance implications. Please set the heap size to the default value (10240) 
[1441219005.777785] [node017:19421:0]         sys.c:719  MXM  WARN  Conflicting CPU frequencies detected, using: 1789.50
[1441219005.815504] [node017:19421:0]         mxm.c:185  MXM  WARN  The 'ulimit -s' on the system is set to 'unlimited'. This may have negative performance implications. Please set the heap size to the default value (10240) 
[1441219005.774420] [node017:19417:0]         sys.c:719  MXM  WARN  Conflicting CPU frequencies detected, using: 1789.50
[1441219005.818895] [node017:19417:0]         mxm.c:185  MXM  WARN  The 'ulimit -s' on the system is set to 'unlimited'. This may have negative performance implications. Please set the heap size to the default value (10240) 
[1441219005.778126] [node017:19420:0]         sys.c:719  MXM  WARN  Conflicting CPU frequencies detected, using: 1789.50
[1441219005.813245] [node017:19420:0]         mxm.c:185  MXM  WARN  The 'ulimit -s' on the system is set to 'unlimited'. This may have negative performance implications. Please set the heap size to the default value (10240) 
[1441219006.072046] [node018:30100:0]         sys.c:719  MXM  WARN  Conflicting CPU frequencies detected, using: 2400.00
[1441219006.078727] [node018:30100:0]         mxm.c:185  MXM  WARN  The 'ulimit -s' on the system is set to 'unlimited'. This may have negative performance implications. Please set the heap size to the default value (10240) 
[1441219006.064612] [node018:30098:0]         sys.c:719  MXM  WARN  Conflicting CPU frequencies detected, using: 2400.00
[1441219006.069089] [node018:30098:0]         mxm.c:185  MXM  WARN  The 'ulimit -s' on the system is set to 'unlimited'. This may have negative performance implications. Please set the heap size to the default value (10240) 
[1441219006.103957] [node018:30122:0]         sys.c:719  MXM  WARN  Conflicting CPU frequencies detected, using: 2400.00
[1441219006.143188] [node018:30122:0]         mxm.c:185  MXM  WARN  The 'ulimit -s' on the system is set to 'unlimited'. This may have negative performance implications. Please set the heap size to the default value (10240) 
[1441219006.096132] [node018:30114:0]         sys.c:719  MXM  WARN  Conflicting CPU frequencies detected, using: 2400.00
[1441219006.109265] [node018:30114:0]         mxm.c:185  MXM  WARN  The 'ulimit -s' on the system is set to 'unlimited'. This may have negative performance implications. Please set the heap size to the default value (10240) 
[1441219006.097444] [node018:30128:0]         sys.c:719  MXM  WARN  Conflicting CPU frequencies detected, using: 2400.00
[1441219006.110265] [node018:30128:0]         mxm.c:185  MXM  WARN  The 'ulimit -s' on the system is set to 'unlimited'. This may have negative performance implications. Please set the heap size to the default value (10240) 
[1441219006.092959] [node018:30119:0]         sys.c:719  MXM  WARN  Conflicting CPU frequencies detected, using: 2400.00
[1441219006.118884] [node018:30119:0]         mxm.c:185  MXM  WARN  The 'ulimit -s' on the system is set to 'unlimited'. This may have negative performance implications. Please set the heap size to the default value (10240) 
[1441219006.101580] [node018:30129:0]         sys.c:719  MXM  WARN  Conflicting CPU frequencies detected, using: 2400.00
[1441219006.137465] [node018:30129:0]         mxm.c:185  MXM  WARN  The 'ulimit -s' on the system is set to 'unlimited'. This may have negative performance implications. Please set the heap size to the default value (10240) 
[1441219006.096103] [node018:30125:0]         sys.c:719  MXM  WARN  Conflicting CPU frequencies detected, using: 2400.00
[1441219006.132399] [node018:30125:0]         mxm.c:185  MXM  WARN  The 'ulimit -s' on the system is set to 'unlimited'. This may have negative performance implications. Please set the heap size to the default value (10240) 
[1441219006.094752] [node018:30115:0]         sys.c:719  MXM  WARN  Conflicting CPU frequencies detected, using: 2400.00
[1441219006.118171] [node018:30115:0]         mxm.c:185  MXM  WARN  The 'ulimit -s' on the system is set to 'unlimited'. This may have negative performance implications. Please set the heap size to the default value (10240) 
[1441219006.095460] [node018:30123:0]         sys.c:719  MXM  WARN  Conflicting CPU frequencies detected, using: 2400.00
[1441219006.138191] [node018:30123:0]         mxm.c:185  MXM  WARN  The 'ulimit -s' on the system is set to 'unlimited'. This may have negative performance implications. Please set the heap size to the default value (10240) 
[1441219006.093622] [node018:30121:0]         sys.c:719  MXM  WARN  Conflicting CPU frequencies detected, using: 2400.00
[1441219006.111737] [node018:30121:0]         mxm.c:185  MXM  WARN  The 'ulimit -s' on the system is set to 'unlimited'. This may have negative performance implications. Please set the heap size to the default value (10240) 
[1441219006.101701] [node018:30126:0]         sys.c:719  MXM  WARN  Conflicting CPU frequencies detected, using: 2400.00
[1441219006.133117] [node018:30126:0]         mxm.c:185  MXM  WARN  The 'ulimit -s' on the system is set to 'unlimited'. This may have negative performance implications. Please set the heap size to the default value (10240) 
UPCR: UPC thread 11 of 24 on node017 (pshm node 0 of 2, process 11 of 24, pid=19422)
UPCR: UPC thread  2 of 24 on node017 (pshm node 0 of 2, process  2 of 24, pid=19413)
UPCR: UPC thread  8 of 24 on node017 (pshm node 0 of 2, process  8 of 24, pid=19419)
UPCR: UPC thread  7 of 24 on node017 (pshm node 0 of 2, process  7 of 24, pid=19418)
UPCR: UPC thread  0 of 24 on node017 (pshm node 0 of 2, process  0 of 24, pid=19411)
UPCR: UPC thread  6 of 24 on node017 (pshm node 0 of 2, process  6 of 24, pid=19417)
UPCR: UPC thread  5 of 24 on node017 (pshm node 0 of 2, process  5 of 24, pid=19416)
UPCR: UPC thread  9 of 24 on node017 (pshm node 0 of 2, process  9 of 24, pid=19420)
UPCR: UPC thread  1 of 24 on node017 (pshm node 0 of 2, process  1 of 24, pid=19412)
UPCR: UPC thread 10 of 24 on node017 (pshm node 0 of 2, process 10 of 24, pid=19421)
UPCR: UPC thread  3 of 24 on node017 (pshm node 0 of 2, process  3 of 24, pid=19414)
UPCR: UPC thread  4 of 24 on node017 (pshm node 0 of 2, process  4 of 24, pid=19415)
UPCR: UPC thread 16 of 24 on node018 (pshm node 1 of 2, process 16 of 24, pid=30128)
UPCR: UPC thread 17 of 24 on node018 (pshm node 1 of 2, process 17 of 24, pid=30114)
UPCR: UPC thread 15 of 24 on node018 (pshm node 1 of 2, process 15 of 24, pid=30119)
UPCR: UPC thread 12 of 24 on node018 (pshm node 1 of 2, process 12 of 24, pid=30123)
UPCR: UPC thread 18 of 24 on node018 (pshm node 1 of 2, process 18 of 24, pid=30121)
UPCR: UPC thread 14 of 24 on node018 (pshm node 1 of 2, process 14 of 24, pid=30115)
UPCR: UPC thread 21 of 24 on node018 (pshm node 1 of 2, process 21 of 24, pid=30125)
UPCR: UPC thread 19 of 24 on node018 (pshm node 1 of 2, process 19 of 24, pid=30122)
UPCR: UPC thread 22 of 24 on node018 (pshm node 1 of 2, process 22 of 24, pid=30129)
UPCR: UPC thread 20 of 24 on node018 (pshm node 1 of 2, process 20 of 24, pid=30100)
UPCR: UPC thread 23 of 24 on node018 (pshm node 1 of 2, process 23 of 24, pid=30126)
UPCR: UPC thread 13 of 24 on node018 (pshm node 1 of 2, process 13 of 24, pid=30098)
0/24 - htable initialized
0/24 - table size: 25769803776 bytes (24576 MB)
0/24 - total number of buckets: 3221225472
0/24 - block size: 1073741824 (1024 MB)
0/24 - number of buckets in block: 134217728
0/24 - number of blocks: 24
3/24 - Performed a throughput benchmark:
3/24 - Performed 2000000 find-or-put operations with random values from [0,...,110399998]
3/24 - Finds: 372054 (0.186027), Inserts: 1627946 (0.813973), Errors: 0 (0)
3/24 - Execution time: 6.29272 seconds
3/24 - Throughput: 317828 ops/sec
5/24 - Performed a throughput benchmark:
5/24 - Performed 2000000 find-or-put operations with random values from [0,...,110399998]
5/24 - Finds: 373242 (0.186621), Inserts: 1626758 (0.813379), Errors: 0 (0)
5/24 - Execution time: 6.3167 seconds
5/24 - Throughput: 316621 ops/sec
4/24 - Performed a throughput benchmark:
4/24 - Performed 2000000 find-or-put operations with random values from [0,...,110399998]
4/24 - Finds: 371968 (0.185984), Inserts: 1628032 (0.814016), Errors: 0 (0)
4/24 - Execution time: 6.29214 seconds
4/24 - Throughput: 317857 ops/sec
0/24 - Performed a throughput benchmark:
0/24 - Performed 2000000 find-or-put operations with random values from [0,...,110399998]
0/24 - Finds: 372025 (0.186012), Inserts: 1627975 (0.813987), Errors: 0 (0)
0/24 - Execution time: 6.29974 seconds
0/24 - Throughput: 317473 ops/sec
7/24 - Performed a throughput benchmark:
7/24 - Performed 2000000 find-or-put operations with random values from [0,...,110399998]
7/24 - Finds: 374136 (0.187068), Inserts: 1625864 (0.812932), Errors: 0 (0)
7/24 - Execution time: 6.31511 seconds
7/24 - Throughput: 316701 ops/sec
1/24 - Performed a throughput benchmark:
1/24 - Performed 2000000 find-or-put operations with random values from [0,...,110399998]
1/24 - Finds: 372406 (0.186203), Inserts: 1627594 (0.813797), Errors: 0 (0)
1/24 - Execution time: 6.31996 seconds
1/24 - Throughput: 316458 ops/sec
12/24 - Performed a throughput benchmark:
12/24 - Performed 2000000 find-or-put operations with random values from [0,...,110399998]
12/24 - Finds: 374287 (0.187143), Inserts: 1625713 (0.812856), Errors: 0 (0)
12/24 - Execution time: 6.37189 seconds
12/24 - Throughput: 313878 ops/sec
19/24 - Performed a throughput benchmark:
19/24 - Performed 2000000 find-or-put operations with random values from [0,...,110399998]
19/24 - Finds: 377352 (0.188676), Inserts: 1622648 (0.811324), Errors: 0 (0)
19/24 - Execution time: 6.39677 seconds
19/24 - Throughput: 312658 ops/sec
15/24 - Performed a throughput benchmark:
15/24 - Performed 2000000 find-or-put operations with random values from [0,...,110399998]
15/24 - Finds: 374035 (0.187018), Inserts: 1625965 (0.812983), Errors: 0 (0)
15/24 - Execution time: 6.35745 seconds
15/24 - Throughput: 314592 ops/sec
18/24 - Performed a throughput benchmark:
18/24 - Performed 2000000 find-or-put operations with random values from [0,...,110399998]
18/24 - Finds: 376091 (0.188046), Inserts: 1623909 (0.811955), Errors: 0 (0)
18/24 - Execution time: 6.38098 seconds
18/24 - Throughput: 313432 ops/sec
16/24 - Performed a throughput benchmark:
16/24 - Performed 2000000 find-or-put operations with random values from [0,...,110399998]
16/24 - Finds: 372752 (0.186376), Inserts: 1627248 (0.813624), Errors: 0 (0)
16/24 - Execution time: 6.34111 seconds
16/24 - Throughput: 315402 ops/sec
13/24 - Performed a throughput benchmark:
13/24 - Performed 2000000 find-or-put operations with random values from [0,...,110399998]
13/24 - Finds: 375269 (0.187635), Inserts: 1624731 (0.812365), Errors: 0 (0)
13/24 - Execution time: 6.36903 seconds
13/24 - Throughput: 314019 ops/sec
14/24 - Performed a throughput benchmark:
14/24 - Performed 2000000 find-or-put operations with random values from [0,...,110399998]
14/24 - Finds: 374924 (0.187462), Inserts: 1625076 (0.812538), Errors: 0 (0)
14/24 - Execution time: 6.36267 seconds
14/24 - Throughput: 314333 ops/sec
17/24 - Performed a throughput benchmark:
17/24 - Performed 2000000 find-or-put operations with random values from [0,...,110399998]
17/24 - Finds: 375775 (0.187888), Inserts: 1624225 (0.812113), Errors: 0 (0)
17/24 - Execution time: 6.39455 seconds
17/24 - Throughput: 312766 ops/sec
10/24 - Performed a throughput benchmark:
10/24 - Performed 2000000 find-or-put operations with random values from [0,...,110399998]
10/24 - Finds: 381730 (0.190865), Inserts: 1618270 (0.809135), Errors: 0 (0)
10/24 - Execution time: 6.49683 seconds
10/24 - Throughput: 307842 ops/sec
9/24 - Performed a throughput benchmark:
9/24 - Performed 2000000 find-or-put operations with random values from [0,...,110399998]
9/24 - Finds: 380912 (0.190456), Inserts: 1619088 (0.809544), Errors: 0 (0)
9/24 - Execution time: 6.53135 seconds
9/24 - Throughput: 306216 ops/sec
6/24 - Performed a throughput benchmark:
6/24 - Performed 2000000 find-or-put operations with random values from [0,...,110399998]
6/24 - Finds: 381276 (0.190638), Inserts: 1618724 (0.809362), Errors: 0 (0)
6/24 - Execution time: 6.51537 seconds
6/24 - Throughput: 306966 ops/sec
2/24 - Performed a throughput benchmark:
2/24 - Performed 2000000 find-or-put operations with random values from [0,...,110399998]
2/24 - Finds: 381496 (0.190748), Inserts: 1618504 (0.809252), Errors: 0 (0)
2/24 - Execution time: 6.53202 seconds
2/24 - Throughput: 306184 ops/sec
11/24 - Performed a throughput benchmark:
11/24 - Performed 2000000 find-or-put operations with random values from [0,...,110399998]
11/24 - Finds: 380823 (0.190412), Inserts: 1619177 (0.809589), Errors: 0 (0)
11/24 - Execution time: 6.52989 seconds
11/24 - Throughput: 306284 ops/sec
8/24 - Performed a throughput benchmark:
8/24 - Performed 2000000 find-or-put operations with random values from [0,...,110399998]
8/24 - Finds: 384660 (0.19233), Inserts: 1615340 (0.80767), Errors: 0 (0)
8/24 - Execution time: 6.60604 seconds
8/24 - Throughput: 302753 ops/sec
23/24 - Performed a throughput benchmark:
23/24 - Performed 2000000 find-or-put operations with random values from [0,...,110399998]
23/24 - Finds: 386260 (0.19313), Inserts: 1613740 (0.80687), Errors: 0 (0)
23/24 - Execution time: 6.64886 seconds
23/24 - Throughput: 300803 ops/sec
22/24 - Performed a throughput benchmark:
22/24 - Performed 2000000 find-or-put operations with random values from [0,...,110399998]
22/24 - Finds: 382256 (0.191128), Inserts: 1617744 (0.808872), Errors: 0 (0)
22/24 - Execution time: 6.56931 seconds
22/24 - Throughput: 304446 ops/sec
20/24 - Performed a throughput benchmark:
20/24 - Performed 2000000 find-or-put operations with random values from [0,...,110399998]
20/24 - Finds: 385706 (0.192853), Inserts: 1614294 (0.807147), Errors: 0 (0)
20/24 - Execution time: 6.63952 seconds
20/24 - Throughput: 301227 ops/sec
21/24 - Performed a throughput benchmark:
21/24 - Performed 2000000 find-or-put operations with random values from [0,...,110399998]
21/24 - Finds: 391806 (0.195903), Inserts: 1608194 (0.804097), Errors: 0 (0)
21/24 - Execution time: 6.72898 seconds
21/24 - Throughput: 297222 ops/sec
[1441219005.757928] [node017:19366:0]         sys.c:719  MXM  WARN  Conflicting CPU frequencies detected, using: 1698.19
