[1441220288.492316] [node001:14583:0]         sys.c:719  MXM  WARN  Conflicting CPU frequencies detected, using: 1398.09
[1441220288.497672] [node001:14583:0]         mxm.c:185  MXM  WARN  The 'ulimit -s' on the system is set to 'unlimited'. This may have negative performance implications. Please set the heap size to the default value (10240) 
[1441220288.715650] [node011:25398:0]         sys.c:719  MXM  WARN  Conflicting CPU frequencies detected, using: 1499.72
[1441220288.721285] [node011:25398:0]         mxm.c:185  MXM  WARN  The 'ulimit -s' on the system is set to 'unlimited'. This may have negative performance implications. Please set the heap size to the default value (10240) 
[1441220288.719169] [node023:19110:0]         sys.c:719  MXM  WARN  Conflicting CPU frequencies detected, using: 1498.50
[1441220288.725096] [node023:19110:0]         mxm.c:185  MXM  WARN  The 'ulimit -s' on the system is set to 'unlimited'. This may have negative performance implications. Please set the heap size to the default value (10240) 
[1441220288.720288] [node015:18033:0]         sys.c:719  MXM  WARN  Conflicting CPU frequencies detected, using: 1396.31
[1441220288.726045] [node015:18033:0]         mxm.c:185  MXM  WARN  The 'ulimit -s' on the system is set to 'unlimited'. This may have negative performance implications. Please set the heap size to the default value (10240) 
[1441220288.720577] [node013:25659:0]         sys.c:719  MXM  WARN  Conflicting CPU frequencies detected, using: 1499.06
[1441220288.726359] [node013:25659:0]         mxm.c:185  MXM  WARN  The 'ulimit -s' on the system is set to 'unlimited'. This may have negative performance implications. Please set the heap size to the default value (10240) 
[1441220288.729590] [node017:28205:0]         sys.c:719  MXM  WARN  Conflicting CPU frequencies detected, using: 1454.16
[1441220288.735360] [node017:28205:0]         mxm.c:185  MXM  WARN  The 'ulimit -s' on the system is set to 'unlimited'. This may have negative performance implications. Please set the heap size to the default value (10240) 
[1441220288.733176] [node018:9360 :0]         sys.c:719  MXM  WARN  Conflicting CPU frequencies detected, using: 1391.25
[1441220288.739187] [node018:9360 :0]         mxm.c:185  MXM  WARN  The 'ulimit -s' on the system is set to 'unlimited'. This may have negative performance implications. Please set the heap size to the default value (10240) 
[1441220288.742346] [node009:27857:0]         sys.c:719  MXM  WARN  Conflicting CPU frequencies detected, using: 1495.78
[1441220288.748260] [node009:27857:0]         mxm.c:185  MXM  WARN  The 'ulimit -s' on the system is set to 'unlimited'. This may have negative performance implications. Please set the heap size to the default value (10240) 
[1441220288.712892] [node003:20963:0]         sys.c:719  MXM  WARN  Conflicting CPU frequencies detected, using: 1699.97
[1441220288.716296] [node003:20963:0]         mxm.c:185  MXM  WARN  The 'ulimit -s' on the system is set to 'unlimited'. This may have negative performance implications. Please set the heap size to the default value (10240) 
[1441220288.712009] [node012:25605:0]         sys.c:719  MXM  WARN  Conflicting CPU frequencies detected, using: 1598.53
[1441220288.717264] [node012:25605:0]         mxm.c:185  MXM  WARN  The 'ulimit -s' on the system is set to 'unlimited'. This may have negative performance implications. Please set the heap size to the default value (10240) 
[1441220288.717754] [node007:25454:0]         sys.c:719  MXM  WARN  Conflicting CPU frequencies detected, using: 1496.16
[1441220288.721428] [node007:25454:0]         mxm.c:185  MXM  WARN  The 'ulimit -s' on the system is set to 'unlimited'. This may have negative performance implications. Please set the heap size to the default value (10240) 
[1441220288.718977] [node004:20412:0]         sys.c:719  MXM  WARN  Conflicting CPU frequencies detected, using: 1499.25
[1441220288.722490] [node004:20412:0]         mxm.c:185  MXM  WARN  The 'ulimit -s' on the system is set to 'unlimited'. This may have negative performance implications. Please set the heap size to the default value (10240) 
[1441220288.761047] [node020:30039:0]         sys.c:719  MXM  WARN  Conflicting CPU frequencies detected, using: 1500.19
[1441220288.767044] [node020:30039:0]         mxm.c:185  MXM  WARN  The 'ulimit -s' on the system is set to 'unlimited'. This may have negative performance implications. Please set the heap size to the default value (10240) 
[1441220288.720907] [node002:23090:0]         sys.c:719  MXM  WARN  Conflicting CPU frequencies detected, using: 1399.97
[1441220288.724572] [node002:23090:0]         mxm.c:185  MXM  WARN  The 'ulimit -s' on the system is set to 'unlimited'. This may have negative performance implications. Please set the heap size to the default value (10240) 
[1441220288.715667] [node008:1247 :0]         sys.c:719  MXM  WARN  Conflicting CPU frequencies detected, using: 1699.97
[1441220288.721623] [node008:1247 :0]         mxm.c:185  MXM  WARN  The 'ulimit -s' on the system is set to 'unlimited'. This may have negative performance implications. Please set the heap size to the default value (10240) 
[1441220288.736208] [node010:25349:0]         sys.c:719  MXM  WARN  Conflicting CPU frequencies detected, using: 1555.50
[1441220288.739652] [node010:25349:0]         mxm.c:185  MXM  WARN  The 'ulimit -s' on the system is set to 'unlimited'. This may have negative performance implications. Please set the heap size to the default value (10240) 
[1441220288.769548] [node025:12330:0]         sys.c:719  MXM  WARN  Conflicting CPU frequencies detected, using: 2149.78
[1441220288.773184] [node025:12330:0]         mxm.c:185  MXM  WARN  The 'ulimit -s' on the system is set to 'unlimited'. This may have negative performance implications. Please set the heap size to the default value (10240) 
[1441220288.756025] [node014:20429:0]         sys.c:719  MXM  WARN  Conflicting CPU frequencies detected, using: 1399.41
[1441220288.759540] [node014:20429:0]         mxm.c:185  MXM  WARN  The 'ulimit -s' on the system is set to 'unlimited'. This may have negative performance implications. Please set the heap size to the default value (10240) 
[1441220288.770704] [node047:11068:0]         sys.c:719  MXM  WARN  Conflicting CPU frequencies detected, using: 2400.00
[1441220288.774422] [node047:11068:0]         mxm.c:185  MXM  WARN  The 'ulimit -s' on the system is set to 'unlimited'. This may have negative performance implications. Please set the heap size to the default value (10240) 
[1441220288.778556] [node024:20042:0]         sys.c:719  MXM  WARN  Conflicting CPU frequencies detected, using: 2300.72
[1441220288.782488] [node024:20042:0]         mxm.c:185  MXM  WARN  The 'ulimit -s' on the system is set to 'unlimited'. This may have negative performance implications. Please set the heap size to the default value (10240) 
[1441220288.772492] [node022:29420:0]         sys.c:719  MXM  WARN  Conflicting CPU frequencies detected, using: 2389.22
[1441220288.778110] [node022:29420:0]         mxm.c:185  MXM  WARN  The 'ulimit -s' on the system is set to 'unlimited'. This may have negative performance implications. Please set the heap size to the default value (10240) 
[1441220288.769535] [node019:31357:0]         sys.c:719  MXM  WARN  Conflicting CPU frequencies detected, using: 1698.19
[1441220288.773058] [node019:31357:0]         mxm.c:185  MXM  WARN  The 'ulimit -s' on the system is set to 'unlimited'. This may have negative performance implications. Please set the heap size to the default value (10240) 
[1441220288.769357] [node021:4554 :0]         sys.c:719  MXM  WARN  Conflicting CPU frequencies detected, using: 1494.56
[1441220288.773085] [node021:4554 :0]         mxm.c:185  MXM  WARN  The 'ulimit -s' on the system is set to 'unlimited'. This may have negative performance implications. Please set the heap size to the default value (10240) 
[1441220288.768217] [node049:11131:0]         sys.c:719  MXM  WARN  Conflicting CPU frequencies detected, using: 1498.12
[1441220288.772182] [node049:11131:0]         mxm.c:185  MXM  WARN  The 'ulimit -s' on the system is set to 'unlimited'. This may have negative performance implications. Please set the heap size to the default value (10240) 
[1441220288.771888] [node048:11148:0]         sys.c:719  MXM  WARN  Conflicting CPU frequencies detected, using: 1500.00
[1441220288.775489] [node048:11148:0]         mxm.c:185  MXM  WARN  The 'ulimit -s' on the system is set to 'unlimited'. This may have negative performance implications. Please set the heap size to the default value (10240) 
[1441220288.769344] [node005:20946:0]         sys.c:719  MXM  WARN  Conflicting CPU frequencies detected, using: 1496.25
[1441220288.772944] [node005:20946:0]         mxm.c:185  MXM  WARN  The 'ulimit -s' on the system is set to 'unlimited'. This may have negative performance implications. Please set the heap size to the default value (10240) 
[1441220288.787787] [node046:20501:0]         sys.c:719  MXM  WARN  Conflicting CPU frequencies detected, using: 2400.00
[1441220288.791492] [node046:20501:0]         mxm.c:185  MXM  WARN  The 'ulimit -s' on the system is set to 'unlimited'. This may have negative performance implications. Please set the heap size to the default value (10240) 
[1441220288.771248] [node006:20210:0]         sys.c:719  MXM  WARN  Conflicting CPU frequencies detected, using: 1500.00
[1441220288.774821] [node006:20210:0]         mxm.c:185  MXM  WARN  The 'ulimit -s' on the system is set to 'unlimited'. This may have negative performance implications. Please set the heap size to the default value (10240) 
[1441220288.784442] [node052:32144:0]         sys.c:719  MXM  WARN  Conflicting CPU frequencies detected, using: 1596.09
[1441220288.788443] [node052:32144:0]         mxm.c:185  MXM  WARN  The 'ulimit -s' on the system is set to 'unlimited'. This may have negative performance implications. Please set the heap size to the default value (10240) 
[1441220288.786783] [node028:2716 :0]         sys.c:719  MXM  WARN  Conflicting CPU frequencies detected, using: 1395.66
[1441220288.790589] [node028:2716 :0]         mxm.c:185  MXM  WARN  The 'ulimit -s' on the system is set to 'unlimited'. This may have negative performance implications. Please set the heap size to the default value (10240) 
[1441220288.792658] [node050:6372 :0]         sys.c:719  MXM  WARN  Conflicting CPU frequencies detected, using: 1452.75
[1441220288.796366] [node050:6372 :0]         mxm.c:185  MXM  WARN  The 'ulimit -s' on the system is set to 'unlimited'. This may have negative performance implications. Please set the heap size to the default value (10240) 
[1441220289.806083] [node051:29217:0]         sys.c:719  MXM  WARN  Conflicting CPU frequencies detected, using: 1495.50
[1441220289.809803] [node051:29217:0]         mxm.c:185  MXM  WARN  The 'ulimit -s' on the system is set to 'unlimited'. This may have negative performance implications. Please set the heap size to the default value (10240) 
UPCR: UPC thread  0 of 32 on node001 (pshm node  0 of 32, process  0 of 32, pid=14583)
UPCR: UPC thread 30 of 32 on node051 (pshm node 30 of 32, process 30 of 32, pid=29217)
UPCR: UPC thread  5 of 32 on node006 (pshm node  5 of 32, process  5 of 32, pid=20210)
UPCR: UPC thread 18 of 32 on node020 (pshm node 18 of 32, process 18 of 32, pid=30039)
UPCR: UPC thread 16 of 32 on node018 (pshm node 16 of 32, process 16 of 32, pid=9360)
UPCR: UPC thread  2 of 32 on node003 (pshm node  2 of 32, process  2 of 32, pid=20963)
UPCR: UPC thread 12 of 32 on node013 (pshm node 12 of 32, process 12 of 32, pid=25659)
UPCR: UPC thread 14 of 32 on node015 (pshm node 14 of 32, process 14 of 32, pid=18033)
UPCR: UPC thread  6 of 32 on node007 (pshm node  6 of 32, process  6 of 32, pid=25454)
UPCR: UPC thread  3 of 32 on node004 (pshm node  3 of 32, process  3 of 32, pid=20412)
UPCR: UPC thread 26 of 32 on node047 (pshm node 26 of 32, process 26 of 32, pid=11068)
UPCR: UPC thread  8 of 32 on node009 (pshm node  8 of 32, process  8 of 32, pid=27857)
UPCR: UPC thread 22 of 32 on node024 (pshm node 22 of 32, process 22 of 32, pid=20042)
UPCR: UPC thread 28 of 32 on node049 (pshm node 28 of 32, process 28 of 32, pid=11131)
UPCR: UPC thread 17 of 32 on node019 (pshm node 17 of 32, process 17 of 32, pid=31357)
UPCR: UPC thread  1 of 32 on node002 (pshm node  1 of 32, process  1 of 32, pid=23090)
UPCR: UPC thread 27 of 32 on node048 (pshm node 27 of 32, process 27 of 32, pid=11148)
UPCR: UPC thread 11 of 32 on node012 (pshm node 11 of 32, process 11 of 32, pid=25605)
UPCR: UPC thread 19 of 32 on node021 (pshm node 19 of 32, process 19 of 32, pid=4554)
UPCR: UPC thread  7 of 32 on node008 (pshm node  7 of 32, process  7 of 32, pid=1247)
UPCR: UPC thread  9 of 32 on node010 (pshm node  9 of 32, process  9 of 32, pid=25349)
UPCR: UPC thread 24 of 32 on node028 (pshm node 24 of 32, process 24 of 32, pid=2716)
UPCR: UPC thread 13 of 32 on node014 (pshm node 13 of 32, process 13 of 32, pid=20429)
UPCR: UPC thread 10 of 32 on node011 (pshm node 10 of 32, process 10 of 32, pid=25398)
UPCR: UPC thread 31 of 32 on node052 (pshm node 31 of 32, process 31 of 32, pid=32144)
UPCR: UPC thread 20 of 32 on node022 (pshm node 20 of 32, process 20 of 32, pid=29420)
UPCR: UPC thread 15 of 32 on node017 (pshm node 15 of 32, process 15 of 32, pid=28205)
UPCR: UPC thread 23 of 32 on node025 (pshm node 23 of 32, process 23 of 32, pid=12330)
UPCR: UPC thread 29 of 32 on node050 (pshm node 29 of 32, process 29 of 32, pid=6372)
UPCR: UPC thread 21 of 32 on node023 (pshm node 21 of 32, process 21 of 32, pid=19110)
UPCR: UPC thread 25 of 32 on node046 (pshm node 25 of 32, process 25 of 32, pid=20501)
UPCR: UPC thread  4 of 32 on node005 (pshm node  4 of 32, process  4 of 32, pid=20946)
0/32 - htable initialized
0/32 - table size: 34359738368 bytes (32768 MB)
0/32 - total number of buckets: 4294967296
0/32 - block size: 1073741824 (1024 MB)
0/32 - number of buckets in block: 134217728
0/32 - number of blocks: 32
12/32 - Performed a throughput benchmark:
12/32 - Performed 2000000 find-or-put operations with random values from [0,...,147199999]
12/32 - Finds: 345251 (0.172625), Inserts: 1654749 (0.827375), Errors: 0 (0)
12/32 - Execution time: 9.00907 seconds
12/32 - Throughput: 221998 ops/sec
8/32 - Performed a throughput benchmark:
8/32 - Performed 2000000 find-or-put operations with random values from [0,...,147199999]
8/32 - Finds: 346428 (0.173214), Inserts: 1653572 (0.826786), Errors: 0 (0)
8/32 - Execution time: 9.01369 seconds
8/32 - Throughput: 221885 ops/sec
9/32 - Performed a throughput benchmark:
9/32 - Performed 2000000 find-or-put operations with random values from [0,...,147199999]
9/32 - Finds: 345999 (0.173), Inserts: 1654001 (0.827001), Errors: 0 (0)
9/32 - Execution time: 9.01183 seconds
9/32 - Throughput: 221930 ops/sec
17/32 - Performed a throughput benchmark:
17/32 - Performed 2000000 find-or-put operations with random values from [0,...,147199999]
17/32 - Finds: 346412 (0.173206), Inserts: 1653588 (0.826794), Errors: 0 (0)
17/32 - Execution time: 9.02478 seconds
17/32 - Throughput: 221612 ops/sec
20/32 - Performed a throughput benchmark:
20/32 - Performed 2000000 find-or-put operations with random values from [0,...,147199999]
20/32 - Finds: 345140 (0.17257), Inserts: 1654860 (0.82743), Errors: 0 (0)
20/32 - Execution time: 9.01862 seconds
20/32 - Throughput: 221763 ops/sec
7/32 - Performed a throughput benchmark:
7/32 - Performed 2000000 find-or-put operations with random values from [0,...,147199999]
7/32 - Finds: 344564 (0.172282), Inserts: 1655436 (0.827718), Errors: 0 (0)
7/32 - Execution time: 9.00667 seconds
7/32 - Throughput: 222058 ops/sec
10/32 - Performed a throughput benchmark:
10/32 - Performed 2000000 find-or-put operations with random values from [0,...,147199999]
10/32 - Finds: 346429 (0.173214), Inserts: 1653571 (0.826785), Errors: 0 (0)
10/32 - Execution time: 9.00738 seconds
10/32 - Throughput: 222040 ops/sec
21/32 - Performed a throughput benchmark:
21/32 - Performed 2000000 find-or-put operations with random values from [0,...,147199999]
21/32 - Finds: 345787 (0.172894), Inserts: 1654213 (0.827106), Errors: 0 (0)
21/32 - Execution time: 9.0222 seconds
21/32 - Throughput: 221675 ops/sec
13/32 - Performed a throughput benchmark:
13/32 - Performed 2000000 find-or-put operations with random values from [0,...,147199999]
13/32 - Finds: 345309 (0.172654), Inserts: 1654691 (0.827345), Errors: 0 (0)
13/32 - Execution time: 9.02437 seconds
13/32 - Throughput: 221622 ops/sec
15/32 - Performed a throughput benchmark:
15/32 - Performed 2000000 find-or-put operations with random values from [0,...,147199999]
15/32 - Finds: 345451 (0.172726), Inserts: 1654549 (0.827275), Errors: 0 (0)
15/32 - Execution time: 9.02621 seconds
15/32 - Throughput: 221577 ops/sec
11/32 - Performed a throughput benchmark:
11/32 - Performed 2000000 find-or-put operations with random values from [0,...,147199999]
11/32 - Finds: 345965 (0.172983), Inserts: 1654035 (0.827017), Errors: 0 (0)
11/32 - Execution time: 9.03295 seconds
11/32 - Throughput: 221412 ops/sec
19/32 - Performed a throughput benchmark:
19/32 - Performed 2000000 find-or-put operations with random values from [0,...,147199999]
19/32 - Finds: 345396 (0.172698), Inserts: 1654604 (0.827302), Errors: 0 (0)
19/32 - Execution time: 9.02528 seconds
19/32 - Throughput: 221600 ops/sec
18/32 - Performed a throughput benchmark:
18/32 - Performed 2000000 find-or-put operations with random values from [0,...,147199999]
18/32 - Finds: 346254 (0.173127), Inserts: 1653746 (0.826873), Errors: 0 (0)
18/32 - Execution time: 9.04471 seconds
18/32 - Throughput: 221124 ops/sec
14/32 - Performed a throughput benchmark:
14/32 - Performed 2000000 find-or-put operations with random values from [0,...,147199999]
14/32 - Finds: 347252 (0.173626), Inserts: 1652748 (0.826374), Errors: 0 (0)
14/32 - Execution time: 9.05891 seconds
14/32 - Throughput: 220777 ops/sec
16/32 - Performed a throughput benchmark:
16/32 - Performed 2000000 find-or-put operations with random values from [0,...,147199999]
16/32 - Finds: 347215 (0.173607), Inserts: 1652785 (0.826392), Errors: 0 (0)
16/32 - Execution time: 9.08388 seconds
16/32 - Throughput: 220170 ops/sec
6/32 - Performed a throughput benchmark:
6/32 - Performed 2000000 find-or-put operations with random values from [0,...,147199999]
6/32 - Finds: 388487 (0.194244), Inserts: 1611513 (0.805756), Errors: 0 (0)
6/32 - Execution time: 10.2417 seconds
6/32 - Throughput: 195280 ops/sec
2/32 - Performed a throughput benchmark:
2/32 - Performed 2000000 find-or-put operations with random values from [0,...,147199999]
2/32 - Finds: 387616 (0.193808), Inserts: 1612384 (0.806192), Errors: 0 (0)
2/32 - Execution time: 10.2552 seconds
2/32 - Throughput: 195024 ops/sec
4/32 - Performed a throughput benchmark:
4/32 - Performed 2000000 find-or-put operations with random values from [0,...,147199999]
4/32 - Finds: 388278 (0.194139), Inserts: 1611722 (0.805861), Errors: 0 (0)
4/32 - Execution time: 10.2654 seconds
4/32 - Throughput: 194830 ops/sec
3/32 - Performed a throughput benchmark:
3/32 - Performed 2000000 find-or-put operations with random values from [0,...,147199999]
3/32 - Finds: 389567 (0.194783), Inserts: 1610433 (0.805217), Errors: 0 (0)
3/32 - Execution time: 10.2731 seconds
3/32 - Throughput: 194684 ops/sec
5/32 - Performed a throughput benchmark:
5/32 - Performed 2000000 find-or-put operations with random values from [0,...,147199999]
5/32 - Finds: 388622 (0.194311), Inserts: 1611378 (0.805689), Errors: 0 (0)
5/32 - Execution time: 10.2649 seconds
5/32 - Throughput: 194839 ops/sec
1/32 - Performed a throughput benchmark:
1/32 - Performed 2000000 find-or-put operations with random values from [0,...,147199999]
1/32 - Finds: 389286 (0.194643), Inserts: 1610714 (0.805357), Errors: 0 (0)
1/32 - Execution time: 10.2919 seconds
1/32 - Throughput: 194327 ops/sec
0/32 - Performed a throughput benchmark:
0/32 - Performed 2000000 find-or-put operations with random values from [0,...,147199999]
0/32 - Finds: 390331 (0.195165), Inserts: 1609669 (0.804835), Errors: 0 (0)
0/32 - Execution time: 10.3095 seconds
0/32 - Throughput: 193995 ops/sec
31/32 - Performed a throughput benchmark:
31/32 - Performed 2000000 find-or-put operations with random values from [0,...,147199999]
31/32 - Finds: 416962 (0.208481), Inserts: 1583038 (0.791519), Errors: 0 (0)
31/32 - Execution time: 11.3196 seconds
31/32 - Throughput: 176684 ops/sec
29/32 - Performed a throughput benchmark:
29/32 - Performed 2000000 find-or-put operations with random values from [0,...,147199999]
29/32 - Finds: 417642 (0.208821), Inserts: 1582358 (0.791179), Errors: 0 (0)
29/32 - Execution time: 11.302 seconds
29/32 - Throughput: 176960 ops/sec
28/32 - Performed a throughput benchmark:
28/32 - Performed 2000000 find-or-put operations with random values from [0,...,147199999]
28/32 - Finds: 416830 (0.208415), Inserts: 1583170 (0.791585), Errors: 0 (0)
28/32 - Execution time: 11.325 seconds
28/32 - Throughput: 176600 ops/sec
27/32 - Performed a throughput benchmark:
27/32 - Performed 2000000 find-or-put operations with random values from [0,...,147199999]
27/32 - Finds: 417919 (0.208959), Inserts: 1582081 (0.791041), Errors: 0 (0)
27/32 - Execution time: 11.3221 seconds
27/32 - Throughput: 176645 ops/sec
30/32 - Performed a throughput benchmark:
30/32 - Performed 2000000 find-or-put operations with random values from [0,...,147199999]
30/32 - Finds: 418944 (0.209472), Inserts: 1581056 (0.790528), Errors: 0 (0)
30/32 - Execution time: 11.3586 seconds
30/32 - Throughput: 176078 ops/sec
26/32 - Performed a throughput benchmark:
26/32 - Performed 2000000 find-or-put operations with random values from [0,...,147199999]
26/32 - Finds: 415854 (0.207927), Inserts: 1584146 (0.792073), Errors: 0 (0)
26/32 - Execution time: 11.3144 seconds
26/32 - Throughput: 176766 ops/sec
25/32 - Performed a throughput benchmark:
25/32 - Performed 2000000 find-or-put operations with random values from [0,...,147199999]
25/32 - Finds: 418047 (0.209024), Inserts: 1581953 (0.790976), Errors: 0 (0)
25/32 - Execution time: 11.3409 seconds
25/32 - Throughput: 176353 ops/sec
23/32 - Performed a throughput benchmark:
23/32 - Performed 2000000 find-or-put operations with random values from [0,...,147199999]
23/32 - Finds: 422783 (0.211392), Inserts: 1577217 (0.788609), Errors: 0 (0)
23/32 - Execution time: 11.5585 seconds
23/32 - Throughput: 173032 ops/sec
24/32 - Performed a throughput benchmark:
24/32 - Performed 2000000 find-or-put operations with random values from [0,...,147199999]
24/32 - Finds: 423769 (0.211885), Inserts: 1576231 (0.788115), Errors: 0 (0)
24/32 - Execution time: 11.5758 seconds
24/32 - Throughput: 172774 ops/sec
22/32 - Performed a throughput benchmark:
22/32 - Performed 2000000 find-or-put operations with random values from [0,...,147199999]
22/32 - Finds: 425483 (0.212742), Inserts: 1574517 (0.787258), Errors: 0 (0)
22/32 - Execution time: 11.6148 seconds
22/32 - Throughput: 172194 ops/sec
[1441220288.476678] [node001:14538:0]         sys.c:719  MXM  WARN  Conflicting CPU frequencies detected, using: 1478.81
