[1441220138.202333] [node001:11450:0]         sys.c:719  MXM  WARN  Conflicting CPU frequencies detected, using: 1682.53
[1441220138.228129] [node001:11450:0]         mxm.c:185  MXM  WARN  The 'ulimit -s' on the system is set to 'unlimited'. This may have negative performance implications. Please set the heap size to the default value (10240) 
[1441220138.202483] [node001:11449:0]         sys.c:719  MXM  WARN  Conflicting CPU frequencies detected, using: 1682.53
[1441220138.252000] [node001:11449:0]         mxm.c:185  MXM  WARN  The 'ulimit -s' on the system is set to 'unlimited'. This may have negative performance implications. Please set the heap size to the default value (10240) 
[1441220138.202375] [node001:11448:0]         sys.c:719  MXM  WARN  Conflicting CPU frequencies detected, using: 1682.53
[1441220138.250670] [node001:11448:0]         mxm.c:185  MXM  WARN  The 'ulimit -s' on the system is set to 'unlimited'. This may have negative performance implications. Please set the heap size to the default value (10240) 
[1441220138.201826] [node001:11447:0]         sys.c:719  MXM  WARN  Conflicting CPU frequencies detected, using: 1682.53
[1441220138.228269] [node001:11447:0]         mxm.c:185  MXM  WARN  The 'ulimit -s' on the system is set to 'unlimited'. This may have negative performance implications. Please set the heap size to the default value (10240) 
[1441220138.504238] [node013:23404:0]         sys.c:719  MXM  WARN  Conflicting CPU frequencies detected, using: 1494.84
[1441220138.510363] [node013:23404:0]         mxm.c:185  MXM  WARN  The 'ulimit -s' on the system is set to 'unlimited'. This may have negative performance implications. Please set the heap size to the default value (10240) 
[1441220138.503566] [node003:18726:0]         sys.c:719  MXM  WARN  Conflicting CPU frequencies detected, using: 2094.00
[1441220138.506105] [node003:18726:0]         mxm.c:185  MXM  WARN  The 'ulimit -s' on the system is set to 'unlimited'. This may have negative performance implications. Please set the heap size to the default value (10240) 
[1441220138.489527] [node004:18165:0]         sys.c:719  MXM  WARN  Conflicting CPU frequencies detected, using: 2167.97
[1441220138.493012] [node004:18165:0]         mxm.c:185  MXM  WARN  The 'ulimit -s' on the system is set to 'unlimited'. This may have negative performance implications. Please set the heap size to the default value (10240) 
[1441220138.489253] [node003:18712:0]         sys.c:719  MXM  WARN  Conflicting CPU frequencies detected, using: 1998.00
[1441220138.492515] [node003:18712:0]         mxm.c:185  MXM  WARN  The 'ulimit -s' on the system is set to 'unlimited'. This may have negative performance implications. Please set the heap size to the default value (10240) 
[1441220138.488808] [node003:18711:0]         sys.c:719  MXM  WARN  Conflicting CPU frequencies detected, using: 1998.00
[1441220138.492608] [node003:18711:0]         mxm.c:185  MXM  WARN  The 'ulimit -s' on the system is set to 'unlimited'. This may have negative performance implications. Please set the heap size to the default value (10240) 
[1441220138.532149] [node002:20857:0]         sys.c:719  MXM  WARN  Conflicting CPU frequencies detected, using: 2186.16
[1441220138.534810] [node002:20857:0]         mxm.c:185  MXM  WARN  The 'ulimit -s' on the system is set to 'unlimited'. This may have negative performance implications. Please set the heap size to the default value (10240) 
[1441220138.533959] [node002:20856:0]         sys.c:719  MXM  WARN  Conflicting CPU frequencies detected, using: 2186.16
[1441220138.537409] [node002:20856:0]         mxm.c:185  MXM  WARN  The 'ulimit -s' on the system is set to 'unlimited'. This may have negative performance implications. Please set the heap size to the default value (10240) 
[1441220138.530788] [node002:20858:0]         sys.c:719  MXM  WARN  Conflicting CPU frequencies detected, using: 2186.16
[1441220138.533567] [node002:20858:0]         mxm.c:185  MXM  WARN  The 'ulimit -s' on the system is set to 'unlimited'. This may have negative performance implications. Please set the heap size to the default value (10240) 
[1441220138.527822] [node002:20859:0]         sys.c:719  MXM  WARN  Conflicting CPU frequencies detected, using: 2100.00
[1441220138.531335] [node002:20859:0]         mxm.c:185  MXM  WARN  The 'ulimit -s' on the system is set to 'unlimited'. This may have negative performance implications. Please set the heap size to the default value (10240) 
[1441220138.543644] [node004:18188:0]         sys.c:719  MXM  WARN  Conflicting CPU frequencies detected, using: 1995.19
[1441220138.546865] [node004:18188:0]         mxm.c:185  MXM  WARN  The 'ulimit -s' on the system is set to 'unlimited'. This may have negative performance implications. Please set the heap size to the default value (10240) 
[1441220138.545675] [node006:17975:0]         sys.c:719  MXM  WARN  Conflicting CPU frequencies detected, using: 1496.91
[1441220138.549469] [node006:17975:0]         mxm.c:185  MXM  WARN  The 'ulimit -s' on the system is set to 'unlimited'. This may have negative performance implications. Please set the heap size to the default value (10240) 
[1441220138.609869] [node003:18782:0]         sys.c:719  MXM  WARN  Conflicting CPU frequencies detected, using: 2246.72
[1441220138.612961] [node003:18782:0]         mxm.c:185  MXM  WARN  The 'ulimit -s' on the system is set to 'unlimited'. This may have negative performance implications. Please set the heap size to the default value (10240) 
[1441220138.645318] [node008:31425:0]         sys.c:719  MXM  WARN  Conflicting CPU frequencies detected, using: 1496.72
[1441220138.651209] [node008:31425:0]         mxm.c:185  MXM  WARN  The 'ulimit -s' on the system is set to 'unlimited'. This may have negative performance implications. Please set the heap size to the default value (10240) 
[1441220138.631021] [node005:18696:0]         sys.c:719  MXM  WARN  Conflicting CPU frequencies detected, using: 1694.91
[1441220138.634629] [node005:18696:0]         mxm.c:185  MXM  WARN  The 'ulimit -s' on the system is set to 'unlimited'. This may have negative performance implications. Please set the heap size to the default value (10240) 
[1441220138.686664] [node011:23144:0]         sys.c:719  MXM  WARN  Conflicting CPU frequencies detected, using: 1396.41
[1441220138.692205] [node011:23144:0]         mxm.c:185  MXM  WARN  The 'ulimit -s' on the system is set to 'unlimited'. This may have negative performance implications. Please set the heap size to the default value (10240) 
[1441220138.672837] [node005:18713:0]         sys.c:719  MXM  WARN  Conflicting CPU frequencies detected, using: 1797.00
[1441220138.676086] [node005:18713:0]         mxm.c:185  MXM  WARN  The 'ulimit -s' on the system is set to 'unlimited'. This may have negative performance implications. Please set the heap size to the default value (10240) 
[1441220138.685679] [node010:23097:0]         sys.c:719  MXM  WARN  Conflicting CPU frequencies detected, using: 1500.19
[1441220138.689146] [node010:23097:0]         mxm.c:185  MXM  WARN  The 'ulimit -s' on the system is set to 'unlimited'. This may have negative performance implications. Please set the heap size to the default value (10240) 
[1441220138.788256] [node017:25966:0]         sys.c:719  MXM  WARN  Conflicting CPU frequencies detected, using: 1497.19
[1441220138.794031] [node017:25966:0]         mxm.c:185  MXM  WARN  The 'ulimit -s' on the system is set to 'unlimited'. This may have negative performance implications. Please set the heap size to the default value (10240) 
[1441220138.778214] [node010:23121:0]         sys.c:719  MXM  WARN  Conflicting CPU frequencies detected, using: 1998.84
[1441220138.780928] [node010:23121:0]         mxm.c:185  MXM  WARN  The 'ulimit -s' on the system is set to 'unlimited'. This may have negative performance implications. Please set the heap size to the default value (10240) 
[1441220138.759483] [node019:29114:0]         sys.c:719  MXM  WARN  Conflicting CPU frequencies detected, using: 1590.84
[1441220138.762924] [node019:29114:0]         mxm.c:185  MXM  WARN  The 'ulimit -s' on the system is set to 'unlimited'. This may have negative performance implications. Please set the heap size to the default value (10240) 
[1441220138.782755] [node006:18005:0]         sys.c:719  MXM  WARN  Conflicting CPU frequencies detected, using: 1795.69
[1441220138.785777] [node006:18005:0]         mxm.c:185  MXM  WARN  The 'ulimit -s' on the system is set to 'unlimited'. This may have negative performance implications. Please set the heap size to the default value (10240) 
[1441220138.777003] [node006:17999:0]         sys.c:719  MXM  WARN  Conflicting CPU frequencies detected, using: 1699.50
[1441220138.780368] [node006:17999:0]         mxm.c:185  MXM  WARN  The 'ulimit -s' on the system is set to 'unlimited'. This may have negative performance implications. Please set the heap size to the default value (10240) 
[1441220138.764121] [node007:23200:0]         sys.c:719  MXM  WARN  Conflicting CPU frequencies detected, using: 1465.69
[1441220138.767833] [node007:23200:0]         mxm.c:185  MXM  WARN  The 'ulimit -s' on the system is set to 'unlimited'. This may have negative performance implications. Please set the heap size to the default value (10240) 
[1441220138.764968] [node009:25611:0]         sys.c:719  MXM  WARN  Conflicting CPU frequencies detected, using: 1699.97
[1441220138.769968] [node009:25611:0]         mxm.c:185  MXM  WARN  The 'ulimit -s' on the system is set to 'unlimited'. This may have negative performance implications. Please set the heap size to the default value (10240) 
[1441220138.812186] [node011:23168:0]         sys.c:719  MXM  WARN  Conflicting CPU frequencies detected, using: 1299.94
[1441220138.818032] [node011:23168:0]         mxm.c:185  MXM  WARN  The 'ulimit -s' on the system is set to 'unlimited'. This may have negative performance implications. Please set the heap size to the default value (10240) 
[1441220138.814069] [node015:15783:0]         sys.c:719  MXM  WARN  Conflicting CPU frequencies detected, using: 1399.97
[1441220138.819357] [node015:15783:0]         mxm.c:185  MXM  WARN  The 'ulimit -s' on the system is set to 'unlimited'. This may have negative performance implications. Please set the heap size to the default value (10240) 
[1441220138.782798] [node009:25622:0]         sys.c:719  MXM  WARN  Conflicting CPU frequencies detected, using: 1773.19
[1441220138.789097] [node009:25622:0]         mxm.c:185  MXM  WARN  The 'ulimit -s' on the system is set to 'unlimited'. This may have negative performance implications. Please set the heap size to the default value (10240) 
[1441220138.779275] [node009:25620:0]         sys.c:719  MXM  WARN  Conflicting CPU frequencies detected, using: 1773.19
[1441220138.786622] [node009:25620:0]         mxm.c:185  MXM  WARN  The 'ulimit -s' on the system is set to 'unlimited'. This may have negative performance implications. Please set the heap size to the default value (10240) 
[1441220138.813439] [node010:23138:0]         sys.c:719  MXM  WARN  Conflicting CPU frequencies detected, using: 2293.69
[1441220138.816437] [node010:23138:0]         mxm.c:185  MXM  WARN  The 'ulimit -s' on the system is set to 'unlimited'. This may have negative performance implications. Please set the heap size to the default value (10240) 
[1441220138.812479] [node049:8890 :0]         sys.c:719  MXM  WARN  Conflicting CPU frequencies detected, using: 1682.81
[1441220138.816016] [node049:8890 :0]         mxm.c:185  MXM  WARN  The 'ulimit -s' on the system is set to 'unlimited'. This may have negative performance implications. Please set the heap size to the default value (10240) 
[1441220138.815053] [node013:23428:0]         sys.c:719  MXM  WARN  Conflicting CPU frequencies detected, using: 1699.97
[1441220138.820475] [node013:23428:0]         mxm.c:185  MXM  WARN  The 'ulimit -s' on the system is set to 'unlimited'. This may have negative performance implications. Please set the heap size to the default value (10240) 
[1441220138.826600] [node005:18744:0]         sys.c:719  MXM  WARN  Conflicting CPU frequencies detected, using: 1684.97
[1441220138.829876] [node005:18744:0]         mxm.c:185  MXM  WARN  The 'ulimit -s' on the system is set to 'unlimited'. This may have negative performance implications. Please set the heap size to the default value (10240) 
[1441220138.854039] [node010:23161:0]         sys.c:719  MXM  WARN  Conflicting CPU frequencies detected, using: 2386.59
[1441220138.857301] [node010:23161:0]         mxm.c:185  MXM  WARN  The 'ulimit -s' on the system is set to 'unlimited'. This may have negative performance implications. Please set the heap size to the default value (10240) 
[1441220138.845212] [node014:18193:0]         sys.c:719  MXM  WARN  Conflicting CPU frequencies detected, using: 1796.72
[1441220138.848564] [node014:18193:0]         mxm.c:185  MXM  WARN  The 'ulimit -s' on the system is set to 'unlimited'. This may have negative performance implications. Please set the heap size to the default value (10240) 
[1441220138.844949] [node008:31449:0]         sys.c:719  MXM  WARN  Conflicting CPU frequencies detected, using: 1698.38
[1441220138.850279] [node008:31449:0]         mxm.c:185  MXM  WARN  The 'ulimit -s' on the system is set to 'unlimited'. This may have negative performance implications. Please set the heap size to the default value (10240) 
[1441220138.864935] [node007:23224:0]         sys.c:719  MXM  WARN  Conflicting CPU frequencies detected, using: 1899.94
[1441220138.867580] [node007:23224:0]         mxm.c:185  MXM  WARN  The 'ulimit -s' on the system is set to 'unlimited'. This may have negative performance implications. Please set the heap size to the default value (10240) 
[1441220138.853785] [node006:18045:0]         sys.c:719  MXM  WARN  Conflicting CPU frequencies detected, using: 1896.94
[1441220138.857219] [node006:18045:0]         mxm.c:185  MXM  WARN  The 'ulimit -s' on the system is set to 'unlimited'. This may have negative performance implications. Please set the heap size to the default value (10240) 
[1441220138.845708] [node018:7122 :0]         sys.c:719  MXM  WARN  Conflicting CPU frequencies detected, using: 1690.59
[1441220138.850905] [node018:7122 :0]         mxm.c:185  MXM  WARN  The 'ulimit -s' on the system is set to 'unlimited'. This may have negative performance implications. Please set the heap size to the default value (10240) 
[1441220138.876306] [node014:18210:0]         sys.c:719  MXM  WARN  Conflicting CPU frequencies detected, using: 1997.06
[1441220138.879783] [node014:18210:0]         mxm.c:185  MXM  WARN  The 'ulimit -s' on the system is set to 'unlimited'. This may have negative performance implications. Please set the heap size to the default value (10240) 
[1441220138.868085] [node008:31466:0]         sys.c:719  MXM  WARN  Conflicting CPU frequencies detected, using: 1899.66
[1441220138.873292] [node008:31466:0]         mxm.c:185  MXM  WARN  The 'ulimit -s' on the system is set to 'unlimited'. This may have negative performance implications. Please set the heap size to the default value (10240) 
[1441220138.881388] [node019:29138:0]         sys.c:719  MXM  WARN  Conflicting CPU frequencies detected, using: 1996.03
[1441220138.884406] [node019:29138:0]         mxm.c:185  MXM  WARN  The 'ulimit -s' on the system is set to 'unlimited'. This may have negative performance implications. Please set the heap size to the default value (10240) 
[1441220138.876287] [node024:17798:0]         sys.c:719  MXM  WARN  Conflicting CPU frequencies detected, using: 1897.59
[1441220138.879357] [node024:17798:0]         mxm.c:185  MXM  WARN  The 'ulimit -s' on the system is set to 'unlimited'. This may have negative performance implications. Please set the heap size to the default value (10240) 
[1441220138.881471] [node007:23237:0]         sys.c:719  MXM  WARN  Conflicting CPU frequencies detected, using: 1999.12
[1441220138.884119] [node007:23237:0]         mxm.c:185  MXM  WARN  The 'ulimit -s' on the system is set to 'unlimited'. This may have negative performance implications. Please set the heap size to the default value (10240) 
[1441220138.870934] [node005:18761:0]         sys.c:719  MXM  WARN  Conflicting CPU frequencies detected, using: 1742.16
[1441220138.874332] [node005:18761:0]         mxm.c:185  MXM  WARN  The 'ulimit -s' on the system is set to 'unlimited'. This may have negative performance implications. Please set the heap size to the default value (10240) 
[1441220138.869811] [node017:25989:0]         sys.c:719  MXM  WARN  Conflicting CPU frequencies detected, using: 1899.00
[1441220138.874856] [node017:25989:0]         mxm.c:185  MXM  WARN  The 'ulimit -s' on the system is set to 'unlimited'. This may have negative performance implications. Please set the heap size to the default value (10240) 
[1441220138.887983] [node014:18222:0]         sys.c:719  MXM  WARN  Conflicting CPU frequencies detected, using: 2098.78
[1441220138.890629] [node014:18222:0]         mxm.c:185  MXM  WARN  The 'ulimit -s' on the system is set to 'unlimited'. This may have negative performance implications. Please set the heap size to the default value (10240) 
[1441220138.882776] [node019:29144:0]         sys.c:719  MXM  WARN  Conflicting CPU frequencies detected, using: 1996.03
[1441220138.886169] [node019:29144:0]         mxm.c:185  MXM  WARN  The 'ulimit -s' on the system is set to 'unlimited'. This may have negative performance implications. Please set the heap size to the default value (10240) 
[1441220138.882840] [node049:8913 :0]         sys.c:719  MXM  WARN  Conflicting CPU frequencies detected, using: 1996.69
[1441220138.885930] [node049:8913 :0]         mxm.c:185  MXM  WARN  The 'ulimit -s' on the system is set to 'unlimited'. This may have negative performance implications. Please set the heap size to the default value (10240) 
[1441220138.876863] [node013:23457:0]         sys.c:719  MXM  WARN  Conflicting CPU frequencies detected, using: 1997.81
[1441220138.883275] [node013:23457:0]         mxm.c:185  MXM  WARN  The 'ulimit -s' on the system is set to 'unlimited'. This may have negative performance implications. Please set the heap size to the default value (10240) 
[1441220138.884261] [node025:10088:0]         sys.c:719  MXM  WARN  Conflicting CPU frequencies detected, using: 2091.56
[1441220138.887649] [node025:10088:0]         mxm.c:185  MXM  WARN  The 'ulimit -s' on the system is set to 'unlimited'. This may have negative performance implications. Please set the heap size to the default value (10240) 
[1441220138.877549] [node013:23449:0]         sys.c:719  MXM  WARN  Conflicting CPU frequencies detected, using: 1997.81
[1441220138.884767] [node013:23449:0]         mxm.c:185  MXM  WARN  The 'ulimit -s' on the system is set to 'unlimited'. This may have negative performance implications. Please set the heap size to the default value (10240) 
[1441220138.875422] [node004:18213:0]         sys.c:719  MXM  WARN  Conflicting CPU frequencies detected, using: 1692.19
[1441220138.879112] [node004:18213:0]         mxm.c:185  MXM  WARN  The 'ulimit -s' on the system is set to 'unlimited'. This may have negative performance implications. Please set the heap size to the default value (10240) 
[1441220138.889518] [node049:8923 :0]         sys.c:719  MXM  WARN  Conflicting CPU frequencies detected, using: 1996.69
[1441220138.892361] [node049:8923 :0]         mxm.c:185  MXM  WARN  The 'ulimit -s' on the system is set to 'unlimited'. This may have negative performance implications. Please set the heap size to the default value (10240) 
[1441220138.864806] [node012:23361:0]         sys.c:719  MXM  WARN  Conflicting CPU frequencies detected, using: 1693.78
[1441220138.870084] [node012:23361:0]         mxm.c:185  MXM  WARN  The 'ulimit -s' on the system is set to 'unlimited'. This may have negative performance implications. Please set the heap size to the default value (10240) 
[1441220138.881357] [node012:23375:0]         sys.c:719  MXM  WARN  Conflicting CPU frequencies detected, using: 1797.94
[1441220138.886108] [node012:23375:0]         mxm.c:185  MXM  WARN  The 'ulimit -s' on the system is set to 'unlimited'. This may have negative performance implications. Please set the heap size to the default value (10240) 
[1441220138.882486] [node018:7139 :0]         sys.c:719  MXM  WARN  Conflicting CPU frequencies detected, using: 1800.00
[1441220138.887801] [node018:7139 :0]         mxm.c:185  MXM  WARN  The 'ulimit -s' on the system is set to 'unlimited'. This may have negative performance implications. Please set the heap size to the default value (10240) 
[1441220138.895539] [node024:17814:0]         sys.c:719  MXM  WARN  Conflicting CPU frequencies detected, using: 1999.31
[1441220138.898445] [node024:17814:0]         mxm.c:185  MXM  WARN  The 'ulimit -s' on the system is set to 'unlimited'. This may have negative performance implications. Please set the heap size to the default value (10240) 
[1441220138.871851] [node023:16875:0]         sys.c:719  MXM  WARN  Conflicting CPU frequencies detected, using: 1690.50
[1441220138.877320] [node023:16875:0]         mxm.c:185  MXM  WARN  The 'ulimit -s' on the system is set to 'unlimited'. This may have negative performance implications. Please set the heap size to the default value (10240) 
[1441220138.895295] [node024:17813:0]         sys.c:719  MXM  WARN  Conflicting CPU frequencies detected, using: 1999.31
[1441220138.898349] [node024:17813:0]         mxm.c:185  MXM  WARN  The 'ulimit -s' on the system is set to 'unlimited'. This may have negative performance implications. Please set the heap size to the default value (10240) 
[1441220138.879632] [node017:25998:0]         sys.c:719  MXM  WARN  Conflicting CPU frequencies detected, using: 1999.03
[1441220138.886256] [node017:25998:0]         mxm.c:185  MXM  WARN  The 'ulimit -s' on the system is set to 'unlimited'. This may have negative performance implications. Please set the heap size to the default value (10240) 
[1441220138.894274] [node007:23253:0]         sys.c:719  MXM  WARN  Conflicting CPU frequencies detected, using: 2078.44
[1441220138.897138] [node007:23253:0]         mxm.c:185  MXM  WARN  The 'ulimit -s' on the system is set to 'unlimited'. This may have negative performance implications. Please set the heap size to the default value (10240) 
[1441220138.896435] [node049:8941 :0]         sys.c:719  MXM  WARN  Conflicting CPU frequencies detected, using: 1996.69
[1441220138.899394] [node049:8941 :0]         mxm.c:185  MXM  WARN  The 'ulimit -s' on the system is set to 'unlimited'. This may have negative performance implications. Please set the heap size to the default value (10240) 
[1441220138.891184] [node017:26019:0]         sys.c:719  MXM  WARN  Conflicting CPU frequencies detected, using: 1999.03
[1441220138.898104] [node017:26019:0]         mxm.c:185  MXM  WARN  The 'ulimit -s' on the system is set to 'unlimited'. This may have negative performance implications. Please set the heap size to the default value (10240) 
[1441220138.886088] [node009:25683:0]         sys.c:719  MXM  WARN  Conflicting CPU frequencies detected, using: 2078.16
[1441220138.891156] [node009:25683:0]         mxm.c:185  MXM  WARN  The 'ulimit -s' on the system is set to 'unlimited'. This may have negative performance implications. Please set the heap size to the default value (10240) 
[1441220138.896333] [node008:31487:0]         sys.c:719  MXM  WARN  Conflicting CPU frequencies detected, using: 1990.69
[1441220138.902206] [node008:31487:0]         mxm.c:185  MXM  WARN  The 'ulimit -s' on the system is set to 'unlimited'. This may have negative performance implications. Please set the heap size to the default value (10240) 
[1441220138.902239] [node021:2271 :0]         sys.c:719  MXM  WARN  Conflicting CPU frequencies detected, using: 1899.09
[1441220138.905008] [node021:2271 :0]         mxm.c:185  MXM  WARN  The 'ulimit -s' on the system is set to 'unlimited'. This may have negative performance implications. Please set the heap size to the default value (10240) 
[1441220138.885710] [node022:27185:0]         sys.c:719  MXM  WARN  Conflicting CPU frequencies detected, using: 1695.09
[1441220138.890874] [node022:27185:0]         mxm.c:185  MXM  WARN  The 'ulimit -s' on the system is set to 'unlimited'. This may have negative performance implications. Please set the heap size to the default value (10240) 
[1441220138.903707] [node025:10096:0]         sys.c:719  MXM  WARN  Conflicting CPU frequencies detected, using: 2100.00
[1441220138.906521] [node025:10096:0]         mxm.c:185  MXM  WARN  The 'ulimit -s' on the system is set to 'unlimited'. This may have negative performance implications. Please set the heap size to the default value (10240) 
[1441220138.891377] [node015:15806:0]         sys.c:719  MXM  WARN  Conflicting CPU frequencies detected, using: 1899.94
[1441220138.896420] [node015:15806:0]         mxm.c:185  MXM  WARN  The 'ulimit -s' on the system is set to 'unlimited'. This may have negative performance implications. Please set the heap size to the default value (10240) 
[1441220138.902515] [node025:10097:0]         sys.c:719  MXM  WARN  Conflicting CPU frequencies detected, using: 2100.00
[1441220138.905615] [node025:10097:0]         mxm.c:185  MXM  WARN  The 'ulimit -s' on the system is set to 'unlimited'. This may have negative performance implications. Please set the heap size to the default value (10240) 
[1441220138.912379] [node024:17849:0]         sys.c:719  MXM  WARN  Conflicting CPU frequencies detected, using: 2097.09
[1441220138.915144] [node024:17849:0]         mxm.c:185  MXM  WARN  The 'ulimit -s' on the system is set to 'unlimited'. This may have negative performance implications. Please set the heap size to the default value (10240) 
[1441220138.903010] [node046:18266:0]         sys.c:719  MXM  WARN  Conflicting CPU frequencies detected, using: 1795.88
[1441220138.906110] [node046:18266:0]         mxm.c:185  MXM  WARN  The 'ulimit -s' on the system is set to 'unlimited'. This may have negative performance implications. Please set the heap size to the default value (10240) 
[1441220138.914527] [node021:2275 :0]         sys.c:719  MXM  WARN  Conflicting CPU frequencies detected, using: 2097.66
[1441220138.917317] [node021:2275 :0]         mxm.c:185  MXM  WARN  The 'ulimit -s' on the system is set to 'unlimited'. This may have negative performance implications. Please set the heap size to the default value (10240) 
[1441220138.894107] [node023:16892:0]         sys.c:719  MXM  WARN  Conflicting CPU frequencies detected, using: 1797.09
[1441220138.899385] [node023:16892:0]         mxm.c:185  MXM  WARN  The 'ulimit -s' on the system is set to 'unlimited'. This may have negative performance implications. Please set the heap size to the default value (10240) 
[1441220138.898915] [node018:7155 :0]         sys.c:719  MXM  WARN  Conflicting CPU frequencies detected, using: 1896.28
[1441220138.904512] [node018:7155 :0]         mxm.c:185  MXM  WARN  The 'ulimit -s' on the system is set to 'unlimited'. This may have negative performance implications. Please set the heap size to the default value (10240) 
[1441220138.907000] [node048:8917 :0]         sys.c:719  MXM  WARN  Conflicting CPU frequencies detected, using: 1694.16
[1441220138.909858] [node048:8917 :0]         mxm.c:185  MXM  WARN  The 'ulimit -s' on the system is set to 'unlimited'. This may have negative performance implications. Please set the heap size to the default value (10240) 
[1441220138.896782] [node048:8907 :0]         sys.c:719  MXM  WARN  Conflicting CPU frequencies detected, using: 1599.94
[1441220138.900107] [node048:8907 :0]         mxm.c:185  MXM  WARN  The 'ulimit -s' on the system is set to 'unlimited'. This may have negative performance implications. Please set the heap size to the default value (10240) 
[1441220138.897226] [node004:18229:0]         sys.c:719  MXM  WARN  Conflicting CPU frequencies detected, using: 1700.06
[1441220138.901068] [node004:18229:0]         mxm.c:185  MXM  WARN  The 'ulimit -s' on the system is set to 'unlimited'. This may have negative performance implications. Please set the heap size to the default value (10240) 
[1441220138.903163] [node025:10100:0]         sys.c:719  MXM  WARN  Conflicting CPU frequencies detected, using: 2100.00
[1441220138.905878] [node025:10100:0]         mxm.c:185  MXM  WARN  The 'ulimit -s' on the system is set to 'unlimited'. This may have negative performance implications. Please set the heap size to the default value (10240) 
[1441220138.894828] [node022:27193:0]         sys.c:719  MXM  WARN  Conflicting CPU frequencies detected, using: 1797.00
[1441220138.901656] [node022:27193:0]         mxm.c:185  MXM  WARN  The 'ulimit -s' on the system is set to 'unlimited'. This may have negative performance implications. Please set the heap size to the default value (10240) 
[1441220138.897328] [node011:23191:0]         sys.c:719  MXM  WARN  Conflicting CPU frequencies detected, using: 1891.31
[1441220138.902522] [node011:23191:0]         mxm.c:185  MXM  WARN  The 'ulimit -s' on the system is set to 'unlimited'. This may have negative performance implications. Please set the heap size to the default value (10240) 
[1441220138.918097] [node021:2291 :0]         sys.c:719  MXM  WARN  Conflicting CPU frequencies detected, using: 2097.66
[1441220138.920997] [node021:2291 :0]         mxm.c:185  MXM  WARN  The 'ulimit -s' on the system is set to 'unlimited'. This may have negative performance implications. Please set the heap size to the default value (10240) 
[1441220138.899569] [node015:15813:0]         sys.c:719  MXM  WARN  Conflicting CPU frequencies detected, using: 1899.94
[1441220138.906240] [node015:15813:0]         mxm.c:185  MXM  WARN  The 'ulimit -s' on the system is set to 'unlimited'. This may have negative performance implications. Please set the heap size to the default value (10240) 
[1441220138.904979] [node015:15811:0]         sys.c:719  MXM  WARN  Conflicting CPU frequencies detected, using: 1995.38
[1441220138.910291] [node015:15811:0]         mxm.c:185  MXM  WARN  The 'ulimit -s' on the system is set to 'unlimited'. This may have negative performance implications. Please set the heap size to the default value (10240) 
[1441220138.924572] [node014:18255:0]         sys.c:719  MXM  WARN  Conflicting CPU frequencies detected, using: 2299.12
[1441220138.927502] [node014:18255:0]         mxm.c:185  MXM  WARN  The 'ulimit -s' on the system is set to 'unlimited'. This may have negative performance implications. Please set the heap size to the default value (10240) 
[1441220138.919557] [node021:2281 :0]         sys.c:719  MXM  WARN  Conflicting CPU frequencies detected, using: 2097.66
[1441220138.922661] [node021:2281 :0]         mxm.c:185  MXM  WARN  The 'ulimit -s' on the system is set to 'unlimited'. This may have negative performance implications. Please set the heap size to the default value (10240) 
[1441220138.916675] [node048:8932 :0]         sys.c:719  MXM  WARN  Conflicting CPU frequencies detected, using: 1699.59
[1441220138.919768] [node048:8932 :0]         mxm.c:185  MXM  WARN  The 'ulimit -s' on the system is set to 'unlimited'. This may have negative performance implications. Please set the heap size to the default value (10240) 
[1441220138.897930] [node012:23390:0]         sys.c:719  MXM  WARN  Conflicting CPU frequencies detected, using: 1800.00
[1441220138.906178] [node012:23390:0]         mxm.c:185  MXM  WARN  The 'ulimit -s' on the system is set to 'unlimited'. This may have negative performance implications. Please set the heap size to the default value (10240) 
[1441220138.901071] [node018:7157 :0]         sys.c:719  MXM  WARN  Conflicting CPU frequencies detected, using: 1896.28
[1441220138.907421] [node018:7157 :0]         mxm.c:185  MXM  WARN  The 'ulimit -s' on the system is set to 'unlimited'. This may have negative performance implications. Please set the heap size to the default value (10240) 
[1441220138.903028] [node022:27205:0]         sys.c:719  MXM  WARN  Conflicting CPU frequencies detected, using: 1799.16
[1441220138.910027] [node022:27205:0]         mxm.c:185  MXM  WARN  The 'ulimit -s' on the system is set to 'unlimited'. This may have negative performance implications. Please set the heap size to the default value (10240) 
[1441220138.911615] [node023:16906:0]         sys.c:719  MXM  WARN  Conflicting CPU frequencies detected, using: 1897.12
[1441220138.916642] [node023:16906:0]         mxm.c:185  MXM  WARN  The 'ulimit -s' on the system is set to 'unlimited'. This may have negative performance implications. Please set the heap size to the default value (10240) 
[1441220138.897514] [node012:23389:0]         sys.c:719  MXM  WARN  Conflicting CPU frequencies detected, using: 1800.00
[1441220138.905447] [node012:23389:0]         mxm.c:185  MXM  WARN  The 'ulimit -s' on the system is set to 'unlimited'. This may have negative performance implications. Please set the heap size to the default value (10240) 
[1441220138.915919] [node022:27233:0]         sys.c:719  MXM  WARN  Conflicting CPU frequencies detected, using: 1998.00
[1441220138.923119] [node022:27233:0]         mxm.c:185  MXM  WARN  The 'ulimit -s' on the system is set to 'unlimited'. This may have negative performance implications. Please set the heap size to the default value (10240) 
[1441220138.936841] [node019:29180:0]         sys.c:719  MXM  WARN  Conflicting CPU frequencies detected, using: 2396.16
[1441220138.939846] [node019:29180:0]         mxm.c:185  MXM  WARN  The 'ulimit -s' on the system is set to 'unlimited'. This may have negative performance implications. Please set the heap size to the default value (10240) 
[1441220138.907238] [node011:23198:0]         sys.c:719  MXM  WARN  Conflicting CPU frequencies detected, using: 1899.94
[1441220138.914147] [node011:23198:0]         mxm.c:185  MXM  WARN  The 'ulimit -s' on the system is set to 'unlimited'. This may have negative performance implications. Please set the heap size to the default value (10240) 
[1441220138.900549] [node020:27804:0]         sys.c:719  MXM  WARN  Conflicting CPU frequencies detected, using: 1899.56
[1441220138.909553] [node020:27804:0]         mxm.c:185  MXM  WARN  The 'ulimit -s' on the system is set to 'unlimited'. This may have negative performance implications. Please set the heap size to the default value (10240) 
[1441220138.931489] [node048:8951 :0]         sys.c:719  MXM  WARN  Conflicting CPU frequencies detected, using: 1898.81
[1441220138.934627] [node048:8951 :0]         mxm.c:185  MXM  WARN  The 'ulimit -s' on the system is set to 'unlimited'. This may have negative performance implications. Please set the heap size to the default value (10240) 
[1441220138.902431] [node020:27818:0]         sys.c:719  MXM  WARN  Conflicting CPU frequencies detected, using: 1899.56
[1441220138.912064] [node020:27818:0]         mxm.c:185  MXM  WARN  The 'ulimit -s' on the system is set to 'unlimited'. This may have negative performance implications. Please set the heap size to the default value (10240) 
[1441220138.939222] [node046:18284:0]         sys.c:719  MXM  WARN  Conflicting CPU frequencies detected, using: 1997.06
[1441220138.942063] [node046:18284:0]         mxm.c:185  MXM  WARN  The 'ulimit -s' on the system is set to 'unlimited'. This may have negative performance implications. Please set the heap size to the default value (10240) 
[1441220138.901390] [node020:27803:0]         sys.c:719  MXM  WARN  Conflicting CPU frequencies detected, using: 1899.56
[1441220138.911280] [node020:27803:0]         mxm.c:185  MXM  WARN  The 'ulimit -s' on the system is set to 'unlimited'. This may have negative performance implications. Please set the heap size to the default value (10240) 
[1441220138.941697] [node046:18285:0]         sys.c:719  MXM  WARN  Conflicting CPU frequencies detected, using: 2088.28
[1441220138.944646] [node046:18285:0]         mxm.c:185  MXM  WARN  The 'ulimit -s' on the system is set to 'unlimited'. This may have negative performance implications. Please set the heap size to the default value (10240) 
[1441220138.914380] [node020:27853:0]         sys.c:719  MXM  WARN  Conflicting CPU frequencies detected, using: 1997.62
[1441220138.925686] [node020:27853:0]         mxm.c:185  MXM  WARN  The 'ulimit -s' on the system is set to 'unlimited'. This may have negative performance implications. Please set the heap size to the default value (10240) 
[1441220138.930917] [node023:16932:0]         sys.c:719  MXM  WARN  Conflicting CPU frequencies detected, using: 2091.84
[1441220138.935797] [node023:16932:0]         mxm.c:185  MXM  WARN  The 'ulimit -s' on the system is set to 'unlimited'. This may have negative performance implications. Please set the heap size to the default value (10240) 
[1441220138.946538] [node046:18299:0]         sys.c:719  MXM  WARN  Conflicting CPU frequencies detected, using: 2088.28
[1441220138.949333] [node046:18299:0]         mxm.c:185  MXM  WARN  The 'ulimit -s' on the system is set to 'unlimited'. This may have negative performance implications. Please set the heap size to the default value (10240) 
[1441220138.946687] [node047:8833 :0]         sys.c:719  MXM  WARN  Conflicting CPU frequencies detected, using: 1995.75
[1441220138.950441] [node047:8833 :0]         mxm.c:185  MXM  WARN  The 'ulimit -s' on the system is set to 'unlimited'. This may have negative performance implications. Please set the heap size to the default value (10240) 
[1441220138.966960] [node047:8842 :0]         sys.c:719  MXM  WARN  Conflicting CPU frequencies detected, using: 2081.72
[1441220138.969705] [node047:8842 :0]         mxm.c:185  MXM  WARN  The 'ulimit -s' on the system is set to 'unlimited'. This may have negative performance implications. Please set the heap size to the default value (10240) 
[1441220138.970790] [node047:8849 :0]         sys.c:719  MXM  WARN  Conflicting CPU frequencies detected, using: 2081.72
[1441220138.973634] [node047:8849 :0]         mxm.c:185  MXM  WARN  The 'ulimit -s' on the system is set to 'unlimited'. This may have negative performance implications. Please set the heap size to the default value (10240) 
[1441220138.968021] [node047:8840 :0]         sys.c:719  MXM  WARN  Conflicting CPU frequencies detected, using: 2081.72
[1441220138.971009] [node047:8840 :0]         mxm.c:185  MXM  WARN  The 'ulimit -s' on the system is set to 'unlimited'. This may have negative performance implications. Please set the heap size to the default value (10240) 
UPCR: UPC thread   2 of 112 on node001 (pshm node  0 of 28, process   2 of 112, pid=11449)
UPCR: UPC thread   0 of 112 on node001 (pshm node  0 of 28, process   0 of 112, pid=11447)
UPCR: UPC thread   1 of 112 on node001 (pshm node  0 of 28, process   1 of 112, pid=11448)
UPCR: UPC thread   3 of 112 on node001 (pshm node  0 of 28, process   3 of 112, pid=11450)
UPCR: UPC thread  35 of 112 on node009 (pshm node  8 of 28, process  35 of 112, pid=25683)
UPCR: UPC thread  33 of 112 on node009 (pshm node  8 of 28, process  33 of 112, pid=25611)
UPCR: UPC thread  67 of 112 on node018 (pshm node 16 of 28, process  67 of 112, pid=7139)
UPCR: UPC thread  64 of 112 on node018 (pshm node 16 of 28, process  64 of 112, pid=7122)
UPCR: UPC thread  42 of 112 on node011 (pshm node 10 of 28, process  42 of 112, pid=23198)
UPCR: UPC thread  18 of 112 on node005 (pshm node  4 of 28, process  18 of 112, pid=18744)
UPCR: UPC thread  32 of 112 on node009 (pshm node  8 of 28, process  32 of 112, pid=25622)
UPCR: UPC thread  29 of 112 on node008 (pshm node  7 of 28, process  29 of 112, pid=31449)
UPCR: UPC thread  43 of 112 on node011 (pshm node 10 of 28, process  43 of 112, pid=23168)
UPCR: UPC thread  74 of 112 on node020 (pshm node 18 of 28, process  74 of 112, pid=27803)
UPCR: UPC thread  73 of 112 on node020 (pshm node 18 of 28, process  73 of 112, pid=27853)
UPCR: UPC thread  80 of 112 on node022 (pshm node 20 of 28, process  80 of 112, pid=27233)
UPCR: UPC thread  59 of 112 on node015 (pshm node 14 of 28, process  59 of 112, pid=15811)
UPCR: UPC thread  98 of 112 on node046 (pshm node 24 of 28, process  98 of 112, pid=18299)
UPCR: UPC thread  44 of 112 on node012 (pshm node 11 of 28, process  44 of 112, pid=23361)
UPCR: UPC thread  19 of 112 on node005 (pshm node  4 of 28, process  19 of 112, pid=18696)
UPCR: UPC thread  46 of 112 on node012 (pshm node 11 of 28, process  46 of 112, pid=23389)
UPCR: UPC thread  85 of 112 on node023 (pshm node 21 of 28, process  85 of 112, pid=16906)
UPCR: UPC thread  92 of 112 on node025 (pshm node 23 of 28, process  92 of 112, pid=10096)
UPCR: UPC thread   6 of 112 on node002 (pshm node  1 of 28, process   6 of 112, pid=20859)
UPCR: UPC thread  62 of 112 on node017 (pshm node 15 of 28, process  62 of 112, pid=25998)
UPCR: UPC thread  93 of 112 on node025 (pshm node 23 of 28, process  93 of 112, pid=10097)
UPCR: UPC thread  47 of 112 on node012 (pshm node 11 of 28, process  47 of 112, pid=23390)
UPCR: UPC thread  40 of 112 on node011 (pshm node 10 of 28, process  40 of 112, pid=23191)
UPCR: UPC thread  65 of 112 on node018 (pshm node 16 of 28, process  65 of 112, pid=7155)
UPCR: UPC thread  56 of 112 on node015 (pshm node 14 of 28, process  56 of 112, pid=15813)
UPCR: UPC thread 108 of 112 on node049 (pshm node 27 of 28, process 108 of 112, pid=8923)
UPCR: UPC thread  48 of 112 on node013 (pshm node 12 of 28, process  48 of 112, pid=23404)
UPCR: UPC thread  95 of 112 on node025 (pshm node 23 of 28, process  95 of 112, pid=10100)
UPCR: UPC thread  60 of 112 on node017 (pshm node 15 of 28, process  60 of 112, pid=26019)
UPCR: UPC thread  51 of 112 on node013 (pshm node 12 of 28, process  51 of 112, pid=23457)
UPCR: UPC thread  75 of 112 on node020 (pshm node 18 of 28, process  75 of 112, pid=27804)
UPCR: UPC thread  41 of 112 on node011 (pshm node 10 of 28, process  41 of 112, pid=23144)
UPCR: UPC thread  91 of 112 on node024 (pshm node 22 of 28, process  91 of 112, pid=17849)
UPCR: UPC thread  49 of 112 on node013 (pshm node 12 of 28, process  49 of 112, pid=23449)
UPCR: UPC thread  11 of 112 on node003 (pshm node  2 of 28, process  11 of 112, pid=18712)
UPCR: UPC thread  17 of 112 on node005 (pshm node  4 of 28, process  17 of 112, pid=18713)
UPCR: UPC thread  61 of 112 on node017 (pshm node 15 of 28, process  61 of 112, pid=25989)
UPCR: UPC thread  50 of 112 on node013 (pshm node 12 of 28, process  50 of 112, pid=23428)
UPCR: UPC thread  76 of 112 on node021 (pshm node 19 of 28, process  76 of 112, pid=2275)
UPCR: UPC thread 106 of 112 on node048 (pshm node 26 of 28, process 106 of 112, pid=8917)
UPCR: UPC thread 101 of 112 on node047 (pshm node 25 of 28, process 101 of 112, pid=8840)
UPCR: UPC thread  72 of 112 on node020 (pshm node 18 of 28, process  72 of 112, pid=27818)
UPCR: UPC thread  58 of 112 on node015 (pshm node 14 of 28, process  58 of 112, pid=15783)
UPCR: UPC thread   8 of 112 on node003 (pshm node  2 of 28, process   8 of 112, pid=18726)
UPCR: UPC thread 111 of 112 on node049 (pshm node 27 of 28, process 111 of 112, pid=8913)
UPCR: UPC thread  28 of 112 on node008 (pshm node  7 of 28, process  28 of 112, pid=31425)
UPCR: UPC thread  36 of 112 on node010 (pshm node  9 of 28, process  36 of 112, pid=23161)
UPCR: UPC thread  37 of 112 on node010 (pshm node  9 of 28, process  37 of 112, pid=23097)
UPCR: UPC thread  25 of 112 on node007 (pshm node  6 of 28, process  25 of 112, pid=23253)
UPCR: UPC thread   9 of 112 on node003 (pshm node  2 of 28, process   9 of 112, pid=18711)
UPCR: UPC thread  34 of 112 on node009 (pshm node  8 of 28, process  34 of 112, pid=25620)
UPCR: UPC thread  63 of 112 on node017 (pshm node 15 of 28, process  63 of 112, pid=25966)
UPCR: UPC thread 109 of 112 on node049 (pshm node 27 of 28, process 109 of 112, pid=8941)
UPCR: UPC thread 102 of 112 on node047 (pshm node 25 of 28, process 102 of 112, pid=8833)
UPCR: UPC thread  94 of 112 on node025 (pshm node 23 of 28, process  94 of 112, pid=10088)
UPCR: UPC thread  27 of 112 on node007 (pshm node  6 of 28, process  27 of 112, pid=23200)
UPCR: UPC thread  38 of 112 on node010 (pshm node  9 of 28, process  38 of 112, pid=23138)
UPCR: UPC thread  84 of 112 on node023 (pshm node 21 of 28, process  84 of 112, pid=16875)
UPCR: UPC thread  57 of 112 on node015 (pshm node 14 of 28, process  57 of 112, pid=15806)
UPCR: UPC thread  81 of 112 on node022 (pshm node 20 of 28, process  81 of 112, pid=27205)
UPCR: UPC thread   4 of 112 on node002 (pshm node  1 of 28, process   4 of 112, pid=20857)
UPCR: UPC thread  88 of 112 on node024 (pshm node 22 of 28, process  88 of 112, pid=17813)
UPCR: UPC thread  10 of 112 on node003 (pshm node  2 of 28, process  10 of 112, pid=18782)
UPCR: UPC thread  24 of 112 on node007 (pshm node  6 of 28, process  24 of 112, pid=23224)
UPCR: UPC thread   7 of 112 on node002 (pshm node  1 of 28, process   7 of 112, pid=20856)
UPCR: UPC thread  99 of 112 on node046 (pshm node 24 of 28, process  99 of 112, pid=18285)
UPCR: UPC thread  14 of 112 on node004 (pshm node  3 of 28, process  14 of 112, pid=18165)
UPCR: UPC thread  16 of 112 on node005 (pshm node  4 of 28, process  16 of 112, pid=18761)
UPCR: UPC thread 104 of 112 on node048 (pshm node 26 of 28, process 104 of 112, pid=8907)
UPCR: UPC thread  39 of 112 on node010 (pshm node  9 of 28, process  39 of 112, pid=23121)
UPCR: UPC thread  54 of 112 on node014 (pshm node 13 of 28, process  54 of 112, pid=18255)
UPCR: UPC thread  87 of 112 on node023 (pshm node 21 of 28, process  87 of 112, pid=16932)
UPCR: UPC thread 110 of 112 on node049 (pshm node 27 of 28, process 110 of 112, pid=8890)
UPCR: UPC thread  53 of 112 on node014 (pshm node 13 of 28, process  53 of 112, pid=18193)
UPCR: UPC thread  68 of 112 on node019 (pshm node 17 of 28, process  68 of 112, pid=29114)
UPCR: UPC thread  30 of 112 on node008 (pshm node  7 of 28, process  30 of 112, pid=31487)
UPCR: UPC thread 100 of 112 on node047 (pshm node 25 of 28, process 100 of 112, pid=8849)
UPCR: UPC thread  86 of 112 on node023 (pshm node 21 of 28, process  86 of 112, pid=16892)
UPCR: UPC thread  23 of 112 on node006 (pshm node  5 of 28, process  23 of 112, pid=18045)
UPCR: UPC thread  22 of 112 on node006 (pshm node  5 of 28, process  22 of 112, pid=18005)
UPCR: UPC thread   5 of 112 on node002 (pshm node  1 of 28, process   5 of 112, pid=20858)
UPCR: UPC thread  71 of 112 on node019 (pshm node 17 of 28, process  71 of 112, pid=29138)
UPCR: UPC thread  13 of 112 on node004 (pshm node  3 of 28, process  13 of 112, pid=18213)
UPCR: UPC thread  82 of 112 on node022 (pshm node 20 of 28, process  82 of 112, pid=27185)
UPCR: UPC thread  77 of 112 on node021 (pshm node 19 of 28, process  77 of 112, pid=2271)
UPCR: UPC thread  79 of 112 on node021 (pshm node 19 of 28, process  79 of 112, pid=2291)
UPCR: UPC thread 107 of 112 on node048 (pshm node 26 of 28, process 107 of 112, pid=8932)
UPCR: UPC thread  70 of 112 on node019 (pshm node 17 of 28, process  70 of 112, pid=29144)
UPCR: UPC thread  89 of 112 on node024 (pshm node 22 of 28, process  89 of 112, pid=17798)
UPCR: UPC thread 105 of 112 on node048 (pshm node 26 of 28, process 105 of 112, pid=8951)
UPCR: UPC thread  52 of 112 on node014 (pshm node 13 of 28, process  52 of 112, pid=18210)
UPCR: UPC thread  31 of 112 on node008 (pshm node  7 of 28, process  31 of 112, pid=31466)
UPCR: UPC thread  21 of 112 on node006 (pshm node  5 of 28, process  21 of 112, pid=17999)
UPCR: UPC thread  12 of 112 on node004 (pshm node  3 of 28, process  12 of 112, pid=18188)
UPCR: UPC thread  90 of 112 on node024 (pshm node 22 of 28, process  90 of 112, pid=17814)
UPCR: UPC thread  45 of 112 on node012 (pshm node 11 of 28, process  45 of 112, pid=23375)
UPCR: UPC thread  66 of 112 on node018 (pshm node 16 of 28, process  66 of 112, pid=7157)
UPCR: UPC thread  55 of 112 on node014 (pshm node 13 of 28, process  55 of 112, pid=18222)
UPCR: UPC thread  97 of 112 on node046 (pshm node 24 of 28, process  97 of 112, pid=18284)
UPCR: UPC thread  78 of 112 on node021 (pshm node 19 of 28, process  78 of 112, pid=2281)
UPCR: UPC thread  20 of 112 on node006 (pshm node  5 of 28, process  20 of 112, pid=17975)
UPCR: UPC thread 103 of 112 on node047 (pshm node 25 of 28, process 103 of 112, pid=8842)
UPCR: UPC thread  83 of 112 on node022 (pshm node 20 of 28, process  83 of 112, pid=27193)
UPCR: UPC thread  96 of 112 on node046 (pshm node 24 of 28, process  96 of 112, pid=18266)
UPCR: UPC thread  15 of 112 on node004 (pshm node  3 of 28, process  15 of 112, pid=18229)
UPCR: UPC thread  26 of 112 on node007 (pshm node  6 of 28, process  26 of 112, pid=23237)
UPCR: UPC thread  69 of 112 on node019 (pshm node 17 of 28, process  69 of 112, pid=29180)
0/112 - htable initialized
0/112 - table size: 120259084288 bytes (114688 MB)
0/112 - total number of buckets: 15032385536
0/112 - block size: 1073741824 (1024 MB)
0/112 - number of buckets in block: 134217728
0/112 - number of blocks: 112
54/112 - Performed a throughput benchmark:
54/112 - Performed 2000000 find-or-put operations with random values from [0,...,515199998]
54/112 - Finds: 339535 (0.169767), Inserts: 1660465 (0.830233), Errors: 0 (0)
54/112 - Execution time: 10.7186 seconds
54/112 - Throughput: 186592 ops/sec
53/112 - Performed a throughput benchmark:
53/112 - Performed 2000000 find-or-put operations with random values from [0,...,515199998]
53/112 - Finds: 338643 (0.169322), Inserts: 1661357 (0.830678), Errors: 0 (0)
53/112 - Execution time: 10.7259 seconds
53/112 - Throughput: 186465 ops/sec
40/112 - Performed a throughput benchmark:
40/112 - Performed 2000000 find-or-put operations with random values from [0,...,515199998]
40/112 - Finds: 339935 (0.169967), Inserts: 1660065 (0.830032), Errors: 0 (0)
40/112 - Execution time: 10.7281 seconds
40/112 - Throughput: 186427 ops/sec
45/112 - Performed a throughput benchmark:
45/112 - Performed 2000000 find-or-put operations with random values from [0,...,515199998]
45/112 - Finds: 340242 (0.170121), Inserts: 1659758 (0.829879), Errors: 0 (0)
45/112 - Execution time: 10.7248 seconds
45/112 - Throughput: 186483 ops/sec
49/112 - Performed a throughput benchmark:
49/112 - Performed 2000000 find-or-put operations with random values from [0,...,515199998]
49/112 - Finds: 339967 (0.169984), Inserts: 1660033 (0.830017), Errors: 0 (0)
49/112 - Execution time: 10.7282 seconds
49/112 - Throughput: 186425 ops/sec
55/112 - Performed a throughput benchmark:
55/112 - Performed 2000000 find-or-put operations with random values from [0,...,515199998]
55/112 - Finds: 339648 (0.169824), Inserts: 1660352 (0.830176), Errors: 0 (0)
55/112 - Execution time: 10.7222 seconds
55/112 - Throughput: 186529 ops/sec
51/112 - Performed a throughput benchmark:
51/112 - Performed 2000000 find-or-put operations with random values from [0,...,515199998]
51/112 - Finds: 340437 (0.170218), Inserts: 1659563 (0.829781), Errors: 0 (0)
51/112 - Execution time: 10.7305 seconds
51/112 - Throughput: 186385 ops/sec
87/112 - Performed a throughput benchmark:
87/112 - Performed 2000000 find-or-put operations with random values from [0,...,515199998]
87/112 - Finds: 340116 (0.170058), Inserts: 1659884 (0.829942), Errors: 0 (0)
87/112 - Execution time: 10.7345 seconds
87/112 - Throughput: 186315 ops/sec
44/112 - Performed a throughput benchmark:
44/112 - Performed 2000000 find-or-put operations with random values from [0,...,515199998]
44/112 - Finds: 341086 (0.170543), Inserts: 1658914 (0.829457), Errors: 0 (0)
44/112 - Execution time: 10.738 seconds
44/112 - Throughput: 186255 ops/sec
73/112 - Performed a throughput benchmark:
73/112 - Performed 2000000 find-or-put operations with random values from [0,...,515199998]
73/112 - Finds: 339789 (0.169895), Inserts: 1660211 (0.830106), Errors: 0 (0)
73/112 - Execution time: 10.7222 seconds
73/112 - Throughput: 186529 ops/sec
50/112 - Performed a throughput benchmark:
50/112 - Performed 2000000 find-or-put operations with random values from [0,...,515199998]
50/112 - Finds: 340237 (0.170119), Inserts: 1659763 (0.829882), Errors: 0 (0)
50/112 - Execution time: 10.7444 seconds
50/112 - Throughput: 186144 ops/sec
74/112 - Performed a throughput benchmark:
74/112 - Performed 2000000 find-or-put operations with random values from [0,...,515199998]
74/112 - Finds: 339266 (0.169633), Inserts: 1660734 (0.830367), Errors: 0 (0)
74/112 - Execution time: 10.7278 seconds
74/112 - Throughput: 186431 ops/sec
75/112 - Performed a throughput benchmark:
75/112 - Performed 2000000 find-or-put operations with random values from [0,...,515199998]
75/112 - Finds: 340076 (0.170038), Inserts: 1659924 (0.829962), Errors: 0 (0)
75/112 - Execution time: 10.7262 seconds
75/112 - Throughput: 186459 ops/sec
52/112 - Performed a throughput benchmark:
52/112 - Performed 2000000 find-or-put operations with random values from [0,...,515199998]
52/112 - Finds: 340422 (0.170211), Inserts: 1659578 (0.829789), Errors: 0 (0)
52/112 - Execution time: 10.7272 seconds
52/112 - Throughput: 186442 ops/sec
80/112 - Performed a throughput benchmark:
80/112 - Performed 2000000 find-or-put operations with random values from [0,...,515199998]
80/112 - Finds: 339909 (0.169955), Inserts: 1660091 (0.830045), Errors: 0 (0)
80/112 - Execution time: 10.7295 seconds
80/112 - Throughput: 186402 ops/sec
42/112 - Performed a throughput benchmark:
42/112 - Performed 2000000 find-or-put operations with random values from [0,...,515199998]
42/112 - Finds: 340257 (0.170128), Inserts: 1659743 (0.829871), Errors: 0 (0)
42/112 - Execution time: 10.7242 seconds
42/112 - Throughput: 186494 ops/sec
31/112 - Performed a throughput benchmark:
31/112 - Performed 2000000 find-or-put operations with random values from [0,...,515199998]
31/112 - Finds: 340501 (0.17025), Inserts: 1659499 (0.82975), Errors: 0 (0)
31/112 - Execution time: 10.7252 seconds
31/112 - Throughput: 186478 ops/sec
46/112 - Performed a throughput benchmark:
46/112 - Performed 2000000 find-or-put operations with random values from [0,...,515199998]
46/112 - Finds: 341007 (0.170504), Inserts: 1658993 (0.829496), Errors: 0 (0)
46/112 - Execution time: 10.7524 seconds
46/112 - Throughput: 186005 ops/sec
72/112 - Performed a throughput benchmark:
72/112 - Performed 2000000 find-or-put operations with random values from [0,...,515199998]
72/112 - Finds: 340430 (0.170215), Inserts: 1659570 (0.829785), Errors: 0 (0)
72/112 - Execution time: 10.7299 seconds
72/112 - Throughput: 186394 ops/sec
85/112 - Performed a throughput benchmark:
85/112 - Performed 2000000 find-or-put operations with random values from [0,...,515199998]
85/112 - Finds: 341402 (0.170701), Inserts: 1658598 (0.829299), Errors: 0 (0)
85/112 - Execution time: 10.7489 seconds
85/112 - Throughput: 186066 ops/sec
81/112 - Performed a throughput benchmark:
81/112 - Performed 2000000 find-or-put operations with random values from [0,...,515199998]
81/112 - Finds: 340219 (0.170109), Inserts: 1659781 (0.82989), Errors: 0 (0)
81/112 - Execution time: 10.7321 seconds
81/112 - Throughput: 186357 ops/sec
38/112 - Performed a throughput benchmark:
38/112 - Performed 2000000 find-or-put operations with random values from [0,...,515199998]
38/112 - Finds: 340272 (0.170136), Inserts: 1659728 (0.829864), Errors: 0 (0)
38/112 - Execution time: 10.7463 seconds
38/112 - Throughput: 186111 ops/sec
47/112 - Performed a throughput benchmark:
47/112 - Performed 2000000 find-or-put operations with random values from [0,...,515199998]
47/112 - Finds: 340661 (0.17033), Inserts: 1659339 (0.829669), Errors: 0 (0)
47/112 - Execution time: 10.7373 seconds
47/112 - Throughput: 186267 ops/sec
78/112 - Performed a throughput benchmark:
78/112 - Performed 2000000 find-or-put operations with random values from [0,...,515199998]
78/112 - Finds: 340222 (0.170111), Inserts: 1659778 (0.829889), Errors: 0 (0)
78/112 - Execution time: 10.7425 seconds
78/112 - Throughput: 186176 ops/sec
79/112 - Performed a throughput benchmark:
79/112 - Performed 2000000 find-or-put operations with random values from [0,...,515199998]
79/112 - Finds: 341224 (0.170612), Inserts: 1658776 (0.829388), Errors: 0 (0)
79/112 - Execution time: 10.7391 seconds
79/112 - Throughput: 186236 ops/sec
28/112 - Performed a throughput benchmark:
28/112 - Performed 2000000 find-or-put operations with random values from [0,...,515199998]
28/112 - Finds: 340378 (0.170189), Inserts: 1659622 (0.829811), Errors: 0 (0)
28/112 - Execution time: 10.7306 seconds
28/112 - Throughput: 186383 ops/sec
68/112 - Performed a throughput benchmark:
68/112 - Performed 2000000 find-or-put operations with random values from [0,...,515199998]
68/112 - Finds: 339222 (0.169611), Inserts: 1660778 (0.830389), Errors: 0 (0)
68/112 - Execution time: 10.7509 seconds
68/112 - Throughput: 186031 ops/sec
41/112 - Performed a throughput benchmark:
41/112 - Performed 2000000 find-or-put operations with random values from [0,...,515199998]
41/112 - Finds: 341136 (0.170568), Inserts: 1658864 (0.829432), Errors: 0 (0)
41/112 - Execution time: 10.754 seconds
41/112 - Throughput: 185978 ops/sec
35/112 - Performed a throughput benchmark:
35/112 - Performed 2000000 find-or-put operations with random values from [0,...,515199998]
35/112 - Finds: 340723 (0.170361), Inserts: 1659277 (0.829638), Errors: 0 (0)
35/112 - Execution time: 10.7317 seconds
35/112 - Throughput: 186364 ops/sec
83/112 - Performed a throughput benchmark:
83/112 - Performed 2000000 find-or-put operations with random values from [0,...,515199998]
83/112 - Finds: 340635 (0.170318), Inserts: 1659365 (0.829682), Errors: 0 (0)
83/112 - Execution time: 10.7449 seconds
83/112 - Throughput: 186134 ops/sec
65/112 - Performed a throughput benchmark:
65/112 - Performed 2000000 find-or-put operations with random values from [0,...,515199998]
65/112 - Finds: 340844 (0.170422), Inserts: 1659156 (0.829578), Errors: 0 (0)
65/112 - Execution time: 10.7614 seconds
65/112 - Throughput: 185850 ops/sec
30/112 - Performed a throughput benchmark:
30/112 - Performed 2000000 find-or-put operations with random values from [0,...,515199998]
30/112 - Finds: 340108 (0.170054), Inserts: 1659892 (0.829946), Errors: 0 (0)
30/112 - Execution time: 10.7371 seconds
30/112 - Throughput: 186270 ops/sec
32/112 - Performed a throughput benchmark:
32/112 - Performed 2000000 find-or-put operations with random values from [0,...,515199998]
32/112 - Finds: 340617 (0.170309), Inserts: 1659383 (0.829692), Errors: 0 (0)
32/112 - Execution time: 10.7559 seconds
32/112 - Throughput: 185945 ops/sec
77/112 - Performed a throughput benchmark:
77/112 - Performed 2000000 find-or-put operations with random values from [0,...,515199998]
77/112 - Finds: 340406 (0.170203), Inserts: 1659594 (0.829797), Errors: 0 (0)
77/112 - Execution time: 10.739 seconds
77/112 - Throughput: 186237 ops/sec
76/112 - Performed a throughput benchmark:
76/112 - Performed 2000000 find-or-put operations with random values from [0,...,515199998]
76/112 - Finds: 340531 (0.170265), Inserts: 1659469 (0.829735), Errors: 0 (0)
76/112 - Execution time: 10.7396 seconds
76/112 - Throughput: 186227 ops/sec
86/112 - Performed a throughput benchmark:
86/112 - Performed 2000000 find-or-put operations with random values from [0,...,515199998]
86/112 - Finds: 339964 (0.169982), Inserts: 1660036 (0.830018), Errors: 0 (0)
86/112 - Execution time: 10.7442 seconds
86/112 - Throughput: 186147 ops/sec
84/112 - Performed a throughput benchmark:
84/112 - Performed 2000000 find-or-put operations with random values from [0,...,515199998]
84/112 - Finds: 341242 (0.170621), Inserts: 1658758 (0.829379), Errors: 0 (0)
84/112 - Execution time: 10.7631 seconds
84/112 - Throughput: 185820 ops/sec
82/112 - Performed a throughput benchmark:
82/112 - Performed 2000000 find-or-put operations with random values from [0,...,515199998]
82/112 - Finds: 340700 (0.17035), Inserts: 1659300 (0.82965), Errors: 0 (0)
82/112 - Execution time: 10.7397 seconds
82/112 - Throughput: 186225 ops/sec
34/112 - Performed a throughput benchmark:
34/112 - Performed 2000000 find-or-put operations with random values from [0,...,515199998]
34/112 - Finds: 340313 (0.170156), Inserts: 1659687 (0.829843), Errors: 0 (0)
34/112 - Execution time: 10.7457 seconds
34/112 - Throughput: 186121 ops/sec
29/112 - Performed a throughput benchmark:
29/112 - Performed 2000000 find-or-put operations with random values from [0,...,515199998]
29/112 - Finds: 340737 (0.170369), Inserts: 1659263 (0.829631), Errors: 0 (0)
29/112 - Execution time: 10.7454 seconds
29/112 - Throughput: 186126 ops/sec
48/112 - Performed a throughput benchmark:
48/112 - Performed 2000000 find-or-put operations with random values from [0,...,515199998]
48/112 - Finds: 340604 (0.170302), Inserts: 1659396 (0.829698), Errors: 0 (0)
48/112 - Execution time: 10.7522 seconds
48/112 - Throughput: 186009 ops/sec
33/112 - Performed a throughput benchmark:
33/112 - Performed 2000000 find-or-put operations with random values from [0,...,515199998]
33/112 - Finds: 340883 (0.170441), Inserts: 1659117 (0.829558), Errors: 0 (0)
33/112 - Execution time: 10.7416 seconds
33/112 - Throughput: 186192 ops/sec
67/112 - Performed a throughput benchmark:
67/112 - Performed 2000000 find-or-put operations with random values from [0,...,515199998]
67/112 - Finds: 341463 (0.170732), Inserts: 1658537 (0.829268), Errors: 0 (0)
67/112 - Execution time: 10.7654 seconds
67/112 - Throughput: 185781 ops/sec
43/112 - Performed a throughput benchmark:
43/112 - Performed 2000000 find-or-put operations with random values from [0,...,515199998]
43/112 - Finds: 339795 (0.169898), Inserts: 1660205 (0.830102), Errors: 0 (0)
43/112 - Execution time: 10.7401 seconds
43/112 - Throughput: 186218 ops/sec
71/112 - Performed a throughput benchmark:
71/112 - Performed 2000000 find-or-put operations with random values from [0,...,515199998]
71/112 - Finds: 341045 (0.170522), Inserts: 1658955 (0.829477), Errors: 0 (0)
71/112 - Execution time: 10.7531 seconds
71/112 - Throughput: 185993 ops/sec
70/112 - Performed a throughput benchmark:
70/112 - Performed 2000000 find-or-put operations with random values from [0,...,515199998]
70/112 - Finds: 339338 (0.169669), Inserts: 1660662 (0.830331), Errors: 0 (0)
70/112 - Execution time: 10.7522 seconds
70/112 - Throughput: 186008 ops/sec
69/112 - Performed a throughput benchmark:
69/112 - Performed 2000000 find-or-put operations with random values from [0,...,515199998]
69/112 - Finds: 339804 (0.169902), Inserts: 1660196 (0.830098), Errors: 0 (0)
69/112 - Execution time: 10.7486 seconds
69/112 - Throughput: 186070 ops/sec
39/112 - Performed a throughput benchmark:
39/112 - Performed 2000000 find-or-put operations with random values from [0,...,515199998]
39/112 - Finds: 340280 (0.17014), Inserts: 1659720 (0.82986), Errors: 0 (0)
39/112 - Execution time: 10.753 seconds
39/112 - Throughput: 185994 ops/sec
59/112 - Performed a throughput benchmark:
59/112 - Performed 2000000 find-or-put operations with random values from [0,...,515199998]
59/112 - Finds: 342212 (0.171106), Inserts: 1657788 (0.828894), Errors: 0 (0)
59/112 - Execution time: 10.7849 seconds
59/112 - Throughput: 185444 ops/sec
66/112 - Performed a throughput benchmark:
66/112 - Performed 2000000 find-or-put operations with random values from [0,...,515199998]
66/112 - Finds: 341586 (0.170793), Inserts: 1658414 (0.829207), Errors: 0 (0)
66/112 - Execution time: 10.7584 seconds
66/112 - Throughput: 185901 ops/sec
36/112 - Performed a throughput benchmark:
36/112 - Performed 2000000 find-or-put operations with random values from [0,...,515199998]
36/112 - Finds: 340647 (0.170323), Inserts: 1659353 (0.829677), Errors: 0 (0)
36/112 - Execution time: 10.7681 seconds
36/112 - Throughput: 185733 ops/sec
63/112 - Performed a throughput benchmark:
63/112 - Performed 2000000 find-or-put operations with random values from [0,...,515199998]
63/112 - Finds: 341474 (0.170737), Inserts: 1658526 (0.829263), Errors: 0 (0)
63/112 - Execution time: 10.7924 seconds
63/112 - Throughput: 185315 ops/sec
57/112 - Performed a throughput benchmark:
57/112 - Performed 2000000 find-or-put operations with random values from [0,...,515199998]
57/112 - Finds: 341206 (0.170603), Inserts: 1658794 (0.829397), Errors: 0 (0)
57/112 - Execution time: 10.7836 seconds
57/112 - Throughput: 185466 ops/sec
58/112 - Performed a throughput benchmark:
58/112 - Performed 2000000 find-or-put operations with random values from [0,...,515199998]
58/112 - Finds: 341956 (0.170978), Inserts: 1658044 (0.829022), Errors: 0 (0)
58/112 - Execution time: 10.793 seconds
58/112 - Throughput: 185305 ops/sec
60/112 - Performed a throughput benchmark:
60/112 - Performed 2000000 find-or-put operations with random values from [0,...,515199998]
60/112 - Finds: 341318 (0.170659), Inserts: 1658682 (0.829341), Errors: 0 (0)
60/112 - Execution time: 10.7745 seconds
60/112 - Throughput: 185623 ops/sec
62/112 - Performed a throughput benchmark:
62/112 - Performed 2000000 find-or-put operations with random values from [0,...,515199998]
62/112 - Finds: 341451 (0.170726), Inserts: 1658549 (0.829275), Errors: 0 (0)
62/112 - Execution time: 10.7805 seconds
62/112 - Throughput: 185520 ops/sec
37/112 - Performed a throughput benchmark:
37/112 - Performed 2000000 find-or-put operations with random values from [0,...,515199998]
37/112 - Finds: 340573 (0.170287), Inserts: 1659427 (0.829713), Errors: 0 (0)
37/112 - Execution time: 10.7871 seconds
37/112 - Throughput: 185406 ops/sec
56/112 - Performed a throughput benchmark:
56/112 - Performed 2000000 find-or-put operations with random values from [0,...,515199998]
56/112 - Finds: 341008 (0.170504), Inserts: 1658992 (0.829496), Errors: 0 (0)
56/112 - Execution time: 10.7808 seconds
56/112 - Throughput: 185515 ops/sec
61/112 - Performed a throughput benchmark:
61/112 - Performed 2000000 find-or-put operations with random values from [0,...,515199998]
61/112 - Finds: 342685 (0.171343), Inserts: 1657315 (0.828658), Errors: 0 (0)
61/112 - Execution time: 10.7828 seconds
61/112 - Throughput: 185481 ops/sec
64/112 - Performed a throughput benchmark:
64/112 - Performed 2000000 find-or-put operations with random values from [0,...,515199998]
64/112 - Finds: 341138 (0.170569), Inserts: 1658862 (0.829431), Errors: 0 (0)
64/112 - Execution time: 10.7937 seconds
64/112 - Throughput: 185293 ops/sec
8/112 - Performed a throughput benchmark:
8/112 - Performed 2000000 find-or-put operations with random values from [0,...,515199998]
8/112 - Finds: 401970 (0.200985), Inserts: 1598030 (0.799015), Errors: 0 (0)
8/112 - Execution time: 12.8504 seconds
8/112 - Throughput: 155637 ops/sec
7/112 - Performed a throughput benchmark:
7/112 - Performed 2000000 find-or-put operations with random values from [0,...,515199998]
7/112 - Finds: 402752 (0.201376), Inserts: 1597248 (0.798624), Errors: 0 (0)
7/112 - Execution time: 12.8809 seconds
7/112 - Throughput: 155269 ops/sec
26/112 - Performed a throughput benchmark:
26/112 - Performed 2000000 find-or-put operations with random values from [0,...,515199998]
26/112 - Finds: 402304 (0.201152), Inserts: 1597696 (0.798848), Errors: 0 (0)
26/112 - Execution time: 12.8794 seconds
26/112 - Throughput: 155286 ops/sec
22/112 - Performed a throughput benchmark:
22/112 - Performed 2000000 find-or-put operations with random values from [0,...,515199998]
22/112 - Finds: 403138 (0.201569), Inserts: 1596862 (0.798431), Errors: 0 (0)
22/112 - Execution time: 12.9051 seconds
22/112 - Throughput: 154978 ops/sec
0/112 - Performed a throughput benchmark:
0/112 - Performed 2000000 find-or-put operations with random values from [0,...,515199998]
0/112 - Finds: 403554 (0.201777), Inserts: 1596446 (0.798223), Errors: 0 (0)
0/112 - Execution time: 12.9162 seconds
0/112 - Throughput: 154844 ops/sec
15/112 - Performed a throughput benchmark:
15/112 - Performed 2000000 find-or-put operations with random values from [0,...,515199998]
15/112 - Finds: 406233 (0.203117), Inserts: 1593767 (0.796883), Errors: 0 (0)
15/112 - Execution time: 13.0606 seconds
15/112 - Throughput: 153132 ops/sec
6/112 - Performed a throughput benchmark:
6/112 - Performed 2000000 find-or-put operations with random values from [0,...,515199998]
6/112 - Finds: 406662 (0.203331), Inserts: 1593338 (0.796669), Errors: 0 (0)
6/112 - Execution time: 13.0335 seconds
6/112 - Throughput: 153451 ops/sec
10/112 - Performed a throughput benchmark:
10/112 - Performed 2000000 find-or-put operations with random values from [0,...,515199998]
10/112 - Finds: 407608 (0.203804), Inserts: 1592392 (0.796196), Errors: 0 (0)
10/112 - Execution time: 13.1137 seconds
10/112 - Throughput: 152512 ops/sec
11/112 - Performed a throughput benchmark:
11/112 - Performed 2000000 find-or-put operations with random values from [0,...,515199998]
11/112 - Finds: 407937 (0.203968), Inserts: 1592063 (0.796032), Errors: 0 (0)
11/112 - Execution time: 13.1149 seconds
11/112 - Throughput: 152499 ops/sec
14/112 - Performed a throughput benchmark:
14/112 - Performed 2000000 find-or-put operations with random values from [0,...,515199998]
14/112 - Finds: 407919 (0.203959), Inserts: 1592081 (0.796041), Errors: 0 (0)
14/112 - Execution time: 13.169 seconds
14/112 - Throughput: 151871 ops/sec
9/112 - Performed a throughput benchmark:
9/112 - Performed 2000000 find-or-put operations with random values from [0,...,515199998]
9/112 - Finds: 410112 (0.205056), Inserts: 1589888 (0.794944), Errors: 0 (0)
9/112 - Execution time: 13.1523 seconds
9/112 - Throughput: 152065 ops/sec
25/112 - Performed a throughput benchmark:
25/112 - Performed 2000000 find-or-put operations with random values from [0,...,515199998]
25/112 - Finds: 407868 (0.203934), Inserts: 1592132 (0.796066), Errors: 0 (0)
25/112 - Execution time: 13.161 seconds
25/112 - Throughput: 151964 ops/sec
27/112 - Performed a throughput benchmark:
27/112 - Performed 2000000 find-or-put operations with random values from [0,...,515199998]
27/112 - Finds: 407657 (0.203828), Inserts: 1592343 (0.796172), Errors: 0 (0)
27/112 - Execution time: 13.1692 seconds
27/112 - Throughput: 151870 ops/sec
5/112 - Performed a throughput benchmark:
5/112 - Performed 2000000 find-or-put operations with random values from [0,...,515199998]
5/112 - Finds: 410328 (0.205164), Inserts: 1589672 (0.794836), Errors: 0 (0)
5/112 - Execution time: 13.1849 seconds
5/112 - Throughput: 151689 ops/sec
20/112 - Performed a throughput benchmark:
20/112 - Performed 2000000 find-or-put operations with random values from [0,...,515199998]
20/112 - Finds: 409478 (0.204739), Inserts: 1590522 (0.795261), Errors: 0 (0)
20/112 - Execution time: 13.1813 seconds
20/112 - Throughput: 151730 ops/sec
17/112 - Performed a throughput benchmark:
17/112 - Performed 2000000 find-or-put operations with random values from [0,...,515199998]
17/112 - Finds: 409234 (0.204617), Inserts: 1590766 (0.795383), Errors: 0 (0)
17/112 - Execution time: 13.1959 seconds
17/112 - Throughput: 151563 ops/sec
4/112 - Performed a throughput benchmark:
4/112 - Performed 2000000 find-or-put operations with random values from [0,...,515199998]
4/112 - Finds: 409543 (0.204771), Inserts: 1590457 (0.795229), Errors: 0 (0)
4/112 - Execution time: 13.194 seconds
4/112 - Throughput: 151584 ops/sec
23/112 - Performed a throughput benchmark:
23/112 - Performed 2000000 find-or-put operations with random values from [0,...,515199998]
23/112 - Finds: 411318 (0.205659), Inserts: 1588682 (0.794341), Errors: 0 (0)
23/112 - Execution time: 13.2037 seconds
23/112 - Throughput: 151473 ops/sec
19/112 - Performed a throughput benchmark:
19/112 - Performed 2000000 find-or-put operations with random values from [0,...,515199998]
19/112 - Finds: 409934 (0.204967), Inserts: 1590066 (0.795033), Errors: 0 (0)
19/112 - Execution time: 13.1885 seconds
19/112 - Throughput: 151648 ops/sec
24/112 - Performed a throughput benchmark:
24/112 - Performed 2000000 find-or-put operations with random values from [0,...,515199998]
24/112 - Finds: 408798 (0.204399), Inserts: 1591202 (0.795601), Errors: 0 (0)
24/112 - Execution time: 13.1986 seconds
24/112 - Throughput: 151531 ops/sec
13/112 - Performed a throughput benchmark:
13/112 - Performed 2000000 find-or-put operations with random values from [0,...,515199998]
13/112 - Finds: 410176 (0.205088), Inserts: 1589824 (0.794912), Errors: 0 (0)
13/112 - Execution time: 13.2043 seconds
13/112 - Throughput: 151466 ops/sec
21/112 - Performed a throughput benchmark:
21/112 - Performed 2000000 find-or-put operations with random values from [0,...,515199998]
21/112 - Finds: 410712 (0.205356), Inserts: 1589288 (0.794644), Errors: 0 (0)
21/112 - Execution time: 13.2065 seconds
21/112 - Throughput: 151441 ops/sec
18/112 - Performed a throughput benchmark:
18/112 - Performed 2000000 find-or-put operations with random values from [0,...,515199998]
18/112 - Finds: 410273 (0.205136), Inserts: 1589727 (0.794863), Errors: 0 (0)
18/112 - Execution time: 13.2255 seconds
18/112 - Throughput: 151223 ops/sec
1/112 - Performed a throughput benchmark:
1/112 - Performed 2000000 find-or-put operations with random values from [0,...,515199998]
1/112 - Finds: 410777 (0.205389), Inserts: 1589223 (0.794612), Errors: 0 (0)
1/112 - Execution time: 13.2361 seconds
1/112 - Throughput: 151102 ops/sec
2/112 - Performed a throughput benchmark:
2/112 - Performed 2000000 find-or-put operations with random values from [0,...,515199998]
2/112 - Finds: 411876 (0.205938), Inserts: 1588124 (0.794062), Errors: 0 (0)
2/112 - Execution time: 13.2297 seconds
2/112 - Throughput: 151175 ops/sec
3/112 - Performed a throughput benchmark:
3/112 - Performed 2000000 find-or-put operations with random values from [0,...,515199998]
3/112 - Finds: 411670 (0.205835), Inserts: 1588330 (0.794165), Errors: 0 (0)
3/112 - Execution time: 13.2333 seconds
3/112 - Throughput: 151134 ops/sec
12/112 - Performed a throughput benchmark:
12/112 - Performed 2000000 find-or-put operations with random values from [0,...,515199998]
12/112 - Finds: 411899 (0.20595), Inserts: 1588101 (0.79405), Errors: 0 (0)
12/112 - Execution time: 13.2221 seconds
12/112 - Throughput: 151262 ops/sec
16/112 - Performed a throughput benchmark:
16/112 - Performed 2000000 find-or-put operations with random values from [0,...,515199998]
16/112 - Finds: 412678 (0.206339), Inserts: 1587322 (0.793661), Errors: 0 (0)
16/112 - Execution time: 13.2547 seconds
16/112 - Throughput: 150890 ops/sec
99/112 - Performed a throughput benchmark:
99/112 - Performed 2000000 find-or-put operations with random values from [0,...,515199998]
99/112 - Finds: 431403 (0.215701), Inserts: 1568597 (0.784299), Errors: 0 (0)
99/112 - Execution time: 14.0412 seconds
99/112 - Throughput: 142438 ops/sec
98/112 - Performed a throughput benchmark:
98/112 - Performed 2000000 find-or-put operations with random values from [0,...,515199998]
98/112 - Finds: 430917 (0.215458), Inserts: 1569083 (0.784542), Errors: 0 (0)
98/112 - Execution time: 14.0418 seconds
98/112 - Throughput: 142432 ops/sec
103/112 - Performed a throughput benchmark:
103/112 - Performed 2000000 find-or-put operations with random values from [0,...,515199998]
103/112 - Finds: 432726 (0.216363), Inserts: 1567274 (0.783637), Errors: 0 (0)
103/112 - Execution time: 14.0972 seconds
103/112 - Throughput: 141873 ops/sec
106/112 - Performed a throughput benchmark:
106/112 - Performed 2000000 find-or-put operations with random values from [0,...,515199998]
106/112 - Finds: 432429 (0.216215), Inserts: 1567571 (0.783786), Errors: 0 (0)
106/112 - Execution time: 14.1171 seconds
106/112 - Throughput: 141673 ops/sec
100/112 - Performed a throughput benchmark:
100/112 - Performed 2000000 find-or-put operations with random values from [0,...,515199998]
100/112 - Finds: 432757 (0.216379), Inserts: 1567243 (0.783621), Errors: 0 (0)
100/112 - Execution time: 14.1218 seconds
100/112 - Throughput: 141625 ops/sec
92/112 - Performed a throughput benchmark:
92/112 - Performed 2000000 find-or-put operations with random values from [0,...,515199998]
92/112 - Finds: 433917 (0.216958), Inserts: 1566083 (0.783041), Errors: 0 (0)
92/112 - Execution time: 14.1917 seconds
92/112 - Throughput: 140927 ops/sec
88/112 - Performed a throughput benchmark:
88/112 - Performed 2000000 find-or-put operations with random values from [0,...,515199998]
88/112 - Finds: 434282 (0.217141), Inserts: 1565718 (0.782859), Errors: 0 (0)
88/112 - Execution time: 14.1939 seconds
88/112 - Throughput: 140906 ops/sec
101/112 - Performed a throughput benchmark:
101/112 - Performed 2000000 find-or-put operations with random values from [0,...,515199998]
101/112 - Finds: 435098 (0.217549), Inserts: 1564902 (0.782451), Errors: 0 (0)
101/112 - Execution time: 14.264 seconds
101/112 - Throughput: 140213 ops/sec
105/112 - Performed a throughput benchmark:
105/112 - Performed 2000000 find-or-put operations with random values from [0,...,515199998]
105/112 - Finds: 434992 (0.217496), Inserts: 1565008 (0.782504), Errors: 0 (0)
105/112 - Execution time: 14.2904 seconds
105/112 - Throughput: 139954 ops/sec
107/112 - Performed a throughput benchmark:
107/112 - Performed 2000000 find-or-put operations with random values from [0,...,515199998]
107/112 - Finds: 435979 (0.21799), Inserts: 1564021 (0.782011), Errors: 0 (0)
107/112 - Execution time: 14.2992 seconds
107/112 - Throughput: 139867 ops/sec
96/112 - Performed a throughput benchmark:
96/112 - Performed 2000000 find-or-put operations with random values from [0,...,515199998]
96/112 - Finds: 435674 (0.217837), Inserts: 1564326 (0.782163), Errors: 0 (0)
96/112 - Execution time: 14.2974 seconds
96/112 - Throughput: 139886 ops/sec
97/112 - Performed a throughput benchmark:
97/112 - Performed 2000000 find-or-put operations with random values from [0,...,515199998]
97/112 - Finds: 438665 (0.219333), Inserts: 1561335 (0.780667), Errors: 0 (0)
97/112 - Execution time: 14.3332 seconds
97/112 - Throughput: 139536 ops/sec
95/112 - Performed a throughput benchmark:
95/112 - Performed 2000000 find-or-put operations with random values from [0,...,515199998]
95/112 - Finds: 436804 (0.218402), Inserts: 1563196 (0.781598), Errors: 0 (0)
95/112 - Execution time: 14.3382 seconds
95/112 - Throughput: 139488 ops/sec
90/112 - Performed a throughput benchmark:
90/112 - Performed 2000000 find-or-put operations with random values from [0,...,515199998]
90/112 - Finds: 435521 (0.21776), Inserts: 1564479 (0.782239), Errors: 0 (0)
90/112 - Execution time: 14.3406 seconds
90/112 - Throughput: 139464 ops/sec
93/112 - Performed a throughput benchmark:
93/112 - Performed 2000000 find-or-put operations with random values from [0,...,515199998]
93/112 - Finds: 438251 (0.219126), Inserts: 1561749 (0.780875), Errors: 0 (0)
93/112 - Execution time: 14.3597 seconds
93/112 - Throughput: 139278 ops/sec
102/112 - Performed a throughput benchmark:
102/112 - Performed 2000000 find-or-put operations with random values from [0,...,515199998]
102/112 - Finds: 438221 (0.219111), Inserts: 1561779 (0.78089), Errors: 0 (0)
102/112 - Execution time: 14.3669 seconds
102/112 - Throughput: 139209 ops/sec
91/112 - Performed a throughput benchmark:
91/112 - Performed 2000000 find-or-put operations with random values from [0,...,515199998]
91/112 - Finds: 438266 (0.219133), Inserts: 1561734 (0.780867), Errors: 0 (0)
91/112 - Execution time: 14.3745 seconds
91/112 - Throughput: 139135 ops/sec
104/112 - Performed a throughput benchmark:
104/112 - Performed 2000000 find-or-put operations with random values from [0,...,515199998]
104/112 - Finds: 438874 (0.219437), Inserts: 1561126 (0.780563), Errors: 0 (0)
104/112 - Execution time: 14.4051 seconds
104/112 - Throughput: 138840 ops/sec
108/112 - Performed a throughput benchmark:
108/112 - Performed 2000000 find-or-put operations with random values from [0,...,515199998]
108/112 - Finds: 439535 (0.219768), Inserts: 1560465 (0.780232), Errors: 0 (0)
108/112 - Execution time: 14.4296 seconds
108/112 - Throughput: 138604 ops/sec
109/112 - Performed a throughput benchmark:
109/112 - Performed 2000000 find-or-put operations with random values from [0,...,515199998]
109/112 - Finds: 439371 (0.219686), Inserts: 1560629 (0.780315), Errors: 0 (0)
109/112 - Execution time: 14.4159 seconds
109/112 - Throughput: 138735 ops/sec
111/112 - Performed a throughput benchmark:
111/112 - Performed 2000000 find-or-put operations with random values from [0,...,515199998]
111/112 - Finds: 438868 (0.219434), Inserts: 1561132 (0.780566), Errors: 0 (0)
111/112 - Execution time: 14.4294 seconds
111/112 - Throughput: 138606 ops/sec
110/112 - Performed a throughput benchmark:
110/112 - Performed 2000000 find-or-put operations with random values from [0,...,515199998]
110/112 - Finds: 440153 (0.220077), Inserts: 1559847 (0.779923), Errors: 0 (0)
110/112 - Execution time: 14.4482 seconds
110/112 - Throughput: 138425 ops/sec
94/112 - Performed a throughput benchmark:
94/112 - Performed 2000000 find-or-put operations with random values from [0,...,515199998]
94/112 - Finds: 439684 (0.219842), Inserts: 1560316 (0.780158), Errors: 0 (0)
94/112 - Execution time: 14.4778 seconds
94/112 - Throughput: 138143 ops/sec
89/112 - Performed a throughput benchmark:
89/112 - Performed 2000000 find-or-put operations with random values from [0,...,515199998]
89/112 - Finds: 440336 (0.220168), Inserts: 1559664 (0.779832), Errors: 0 (0)
89/112 - Execution time: 14.4768 seconds
89/112 - Throughput: 138152 ops/sec
[1441220138.186630] [node001:11402:0]         sys.c:719  MXM  WARN  Conflicting CPU frequencies detected, using: 1692.28
