[1441219707.344848] [node001:3870 :0]         sys.c:719  MXM  WARN  Conflicting CPU frequencies detected, using: 1500.00
[1441219707.349349] [node001:3870 :0]         mxm.c:185  MXM  WARN  The 'ulimit -s' on the system is set to 'unlimited'. This may have negative performance implications. Please set the heap size to the default value (10240) 
[1441219707.344708] [node001:3869 :0]         sys.c:719  MXM  WARN  Conflicting CPU frequencies detected, using: 1500.00
[1441219707.350542] [node001:3869 :0]         mxm.c:185  MXM  WARN  The 'ulimit -s' on the system is set to 'unlimited'. This may have negative performance implications. Please set the heap size to the default value (10240) 
[1441219707.604940] [node008:26347:0]         sys.c:719  MXM  WARN  Conflicting CPU frequencies detected, using: 1499.44
[1441219707.610394] [node008:26347:0]         mxm.c:185  MXM  WARN  The 'ulimit -s' on the system is set to 'unlimited'. This may have negative performance implications. Please set the heap size to the default value (10240) 
[1441219707.599514] [node003:13639:0]         sys.c:719  MXM  WARN  Conflicting CPU frequencies detected, using: 1599.47
[1441219707.603060] [node003:13639:0]         mxm.c:185  MXM  WARN  The 'ulimit -s' on the system is set to 'unlimited'. This may have negative performance implications. Please set the heap size to the default value (10240) 
[1441219707.634267] [node005:13640:0]         sys.c:719  MXM  WARN  Conflicting CPU frequencies detected, using: 2428.78
[1441219707.637373] [node005:13640:0]         mxm.c:185  MXM  WARN  The 'ulimit -s' on the system is set to 'unlimited'. This may have negative performance implications. Please set the heap size to the default value (10240) 
[1441219707.632075] [node005:13634:0]         sys.c:719  MXM  WARN  Conflicting CPU frequencies detected, using: 2428.78
[1441219707.635633] [node005:13634:0]         mxm.c:185  MXM  WARN  The 'ulimit -s' on the system is set to 'unlimited'. This may have negative performance implications. Please set the heap size to the default value (10240) 
[1441219707.621060] [node007:18133:0]         sys.c:719  MXM  WARN  Conflicting CPU frequencies detected, using: 1498.59
[1441219707.624314] [node007:18133:0]         mxm.c:185  MXM  WARN  The 'ulimit -s' on the system is set to 'unlimited'. This may have negative performance implications. Please set the heap size to the default value (10240) 
[1441219707.632619] [node003:13656:0]         sys.c:719  MXM  WARN  Conflicting CPU frequencies detected, using: 1581.19
[1441219707.635976] [node003:13656:0]         mxm.c:185  MXM  WARN  The 'ulimit -s' on the system is set to 'unlimited'. This may have negative performance implications. Please set the heap size to the default value (10240) 
[1441219707.637732] [node002:15791:0]         sys.c:719  MXM  WARN  Conflicting CPU frequencies detected, using: 1697.16
[1441219707.641226] [node002:15791:0]         mxm.c:185  MXM  WARN  The 'ulimit -s' on the system is set to 'unlimited'. This may have negative performance implications. Please set the heap size to the default value (10240) 
[1441219707.633269] [node002:15784:0]         sys.c:719  MXM  WARN  Conflicting CPU frequencies detected, using: 1697.16
[1441219707.636889] [node002:15784:0]         mxm.c:185  MXM  WARN  The 'ulimit -s' on the system is set to 'unlimited'. This may have negative performance implications. Please set the heap size to the default value (10240) 
[1441219707.636167] [node004:13092:0]         sys.c:719  MXM  WARN  Conflicting CPU frequencies detected, using: 1454.25
[1441219707.639489] [node004:13092:0]         mxm.c:185  MXM  WARN  The 'ulimit -s' on the system is set to 'unlimited'. This may have negative performance implications. Please set the heap size to the default value (10240) 
[1441219707.678160] [node012:18291:0]         sys.c:719  MXM  WARN  Conflicting CPU frequencies detected, using: 1699.97
[1441219707.682884] [node012:18291:0]         mxm.c:185  MXM  WARN  The 'ulimit -s' on the system is set to 'unlimited'. This may have negative performance implications. Please set the heap size to the default value (10240) 
[1441219707.690601] [node014:13122:0]         sys.c:719  MXM  WARN  Conflicting CPU frequencies detected, using: 1793.06
[1441219707.693688] [node014:13122:0]         mxm.c:185  MXM  WARN  The 'ulimit -s' on the system is set to 'unlimited'. This may have negative performance implications. Please set the heap size to the default value (10240) 
[1441219707.687754] [node014:13121:0]         sys.c:719  MXM  WARN  Conflicting CPU frequencies detected, using: 1787.81
[1441219707.691435] [node014:13121:0]         mxm.c:185  MXM  WARN  The 'ulimit -s' on the system is set to 'unlimited'. This may have negative performance implications. Please set the heap size to the default value (10240) 
[1441219707.679785] [node010:18040:0]         sys.c:719  MXM  WARN  Conflicting CPU frequencies detected, using: 1800.00
[1441219707.683031] [node010:18040:0]         mxm.c:185  MXM  WARN  The 'ulimit -s' on the system is set to 'unlimited'. This may have negative performance implications. Please set the heap size to the default value (10240) 
[1441219707.672748] [node015:10716:0]         sys.c:719  MXM  WARN  Conflicting CPU frequencies detected, using: 1797.94
[1441219707.680366] [node015:10716:0]         mxm.c:185  MXM  WARN  The 'ulimit -s' on the system is set to 'unlimited'. This may have negative performance implications. Please set the heap size to the default value (10240) 
[1441219707.672206] [node012:18285:0]         sys.c:719  MXM  WARN  Conflicting CPU frequencies detected, using: 1679.34
[1441219707.677459] [node012:18285:0]         mxm.c:185  MXM  WARN  The 'ulimit -s' on the system is set to 'unlimited'. This may have negative performance implications. Please set the heap size to the default value (10240) 
[1441219707.672968] [node015:10717:0]         sys.c:719  MXM  WARN  Conflicting CPU frequencies detected, using: 1797.94
[1441219707.681155] [node015:10717:0]         mxm.c:185  MXM  WARN  The 'ulimit -s' on the system is set to 'unlimited'. This may have negative performance implications. Please set the heap size to the default value (10240) 
[1441219707.688075] [node009:20540:0]         sys.c:719  MXM  WARN  Conflicting CPU frequencies detected, using: 1698.94
[1441219707.694195] [node009:20540:0]         mxm.c:185  MXM  WARN  The 'ulimit -s' on the system is set to 'unlimited'. This may have negative performance implications. Please set the heap size to the default value (10240) 
[1441219707.652304] [node007:18150:0]         sys.c:719  MXM  WARN  Conflicting CPU frequencies detected, using: 1653.38
[1441219707.655783] [node007:18150:0]         mxm.c:185  MXM  WARN  The 'ulimit -s' on the system is set to 'unlimited'. This may have negative performance implications. Please set the heap size to the default value (10240) 
[1441219707.700614] [node047:6108 :0]         sys.c:719  MXM  WARN  Conflicting CPU frequencies detected, using: 1797.19
[1441219707.703977] [node047:6108 :0]         mxm.c:185  MXM  WARN  The 'ulimit -s' on the system is set to 'unlimited'. This may have negative performance implications. Please set the heap size to the default value (10240) 
[1441219707.698671] [node047:6104 :0]         sys.c:719  MXM  WARN  Conflicting CPU frequencies detected, using: 1797.19
[1441219707.702436] [node047:6104 :0]         mxm.c:185  MXM  WARN  The 'ulimit -s' on the system is set to 'unlimited'. This may have negative performance implications. Please set the heap size to the default value (10240) 
[1441219707.654683] [node008:26368:0]         sys.c:719  MXM  WARN  Conflicting CPU frequencies detected, using: 1790.44
[1441219707.659893] [node008:26368:0]         mxm.c:185  MXM  WARN  The 'ulimit -s' on the system is set to 'unlimited'. This may have negative performance implications. Please set the heap size to the default value (10240) 
[1441219707.686012] [node009:20541:0]         sys.c:719  MXM  WARN  Conflicting CPU frequencies detected, using: 1599.94
[1441219707.691712] [node009:20541:0]         mxm.c:185  MXM  WARN  The 'ulimit -s' on the system is set to 'unlimited'. This may have negative performance implications. Please set the heap size to the default value (10240) 
[1441219707.691299] [node011:18078:0]         sys.c:719  MXM  WARN  Conflicting CPU frequencies detected, using: 1771.31
[1441219707.696590] [node011:18078:0]         mxm.c:185  MXM  WARN  The 'ulimit -s' on the system is set to 'unlimited'. This may have negative performance implications. Please set the heap size to the default value (10240) 
[1441219707.694789] [node011:18077:0]         sys.c:719  MXM  WARN  Conflicting CPU frequencies detected, using: 1771.31
[1441219707.700536] [node011:18077:0]         mxm.c:185  MXM  WARN  The 'ulimit -s' on the system is set to 'unlimited'. This may have negative performance implications. Please set the heap size to the default value (10240) 
[1441219707.649483] [node013:18342:0]         sys.c:719  MXM  WARN  Conflicting CPU frequencies detected, using: 1696.03
[1441219707.654916] [node013:18342:0]         mxm.c:185  MXM  WARN  The 'ulimit -s' on the system is set to 'unlimited'. This may have negative performance implications. Please set the heap size to the default value (10240) 
[1441219707.703091] [node046:15547:0]         sys.c:719  MXM  WARN  Conflicting CPU frequencies detected, using: 1597.97
[1441219707.706479] [node046:15547:0]         mxm.c:185  MXM  WARN  The 'ulimit -s' on the system is set to 'unlimited'. This may have negative performance implications. Please set the heap size to the default value (10240) 
[1441219707.702147] [node046:15546:0]         sys.c:719  MXM  WARN  Conflicting CPU frequencies detected, using: 1597.97
[1441219707.705984] [node046:15546:0]         mxm.c:185  MXM  WARN  The 'ulimit -s' on the system is set to 'unlimited'. This may have negative performance implications. Please set the heap size to the default value (10240) 
[1441219707.659717] [node013:18350:0]         sys.c:719  MXM  WARN  Conflicting CPU frequencies detected, using: 1798.50
[1441219707.667745] [node013:18350:0]         mxm.c:185  MXM  WARN  The 'ulimit -s' on the system is set to 'unlimited'. This may have negative performance implications. Please set the heap size to the default value (10240) 
[1441219707.661278] [node006:12908:0]         sys.c:719  MXM  WARN  Conflicting CPU frequencies detected, using: 1599.94
[1441219707.664940] [node006:12908:0]         mxm.c:185  MXM  WARN  The 'ulimit -s' on the system is set to 'unlimited'. This may have negative performance implications. Please set the heap size to the default value (10240) 
[1441219707.676268] [node049:6175 :0]         sys.c:719  MXM  WARN  Conflicting CPU frequencies detected, using: 1770.47
[1441219707.681058] [node049:6175 :0]         mxm.c:185  MXM  WARN  The 'ulimit -s' on the system is set to 'unlimited'. This may have negative performance implications. Please set the heap size to the default value (10240) 
[1441219707.667523] [node049:6163 :0]         sys.c:719  MXM  WARN  Conflicting CPU frequencies detected, using: 1699.59
[1441219707.670795] [node049:6163 :0]         mxm.c:185  MXM  WARN  The 'ulimit -s' on the system is set to 'unlimited'. This may have negative performance implications. Please set the heap size to the default value (10240) 
[1441219707.683819] [node006:12922:0]         sys.c:719  MXM  WARN  Conflicting CPU frequencies detected, using: 1599.94
[1441219707.686868] [node006:12922:0]         mxm.c:185  MXM  WARN  The 'ulimit -s' on the system is set to 'unlimited'. This may have negative performance implications. Please set the heap size to the default value (10240) 
[1441219707.677791] [node004:13109:0]         sys.c:719  MXM  WARN  Conflicting CPU frequencies detected, using: 1648.41
[1441219707.681115] [node004:13109:0]         mxm.c:185  MXM  WARN  The 'ulimit -s' on the system is set to 'unlimited'. This may have negative performance implications. Please set the heap size to the default value (10240) 
[1441219707.678051] [node050:3742 :0]         sys.c:719  MXM  WARN  Conflicting CPU frequencies detected, using: 1800.00
[1441219707.681329] [node050:3742 :0]         mxm.c:185  MXM  WARN  The 'ulimit -s' on the system is set to 'unlimited'. This may have negative performance implications. Please set the heap size to the default value (10240) 
[1441219707.677052] [node050:3741 :0]         sys.c:719  MXM  WARN  Conflicting CPU frequencies detected, using: 1800.00
[1441219707.680834] [node050:3741 :0]         mxm.c:185  MXM  WARN  The 'ulimit -s' on the system is set to 'unlimited'. This may have negative performance implications. Please set the heap size to the default value (10240) 
[1441219707.680767] [node010:18039:0]         sys.c:719  MXM  WARN  Conflicting CPU frequencies detected, using: 1800.00
[1441219707.684097] [node010:18039:0]         mxm.c:185  MXM  WARN  The 'ulimit -s' on the system is set to 'unlimited'. This may have negative performance implications. Please set the heap size to the default value (10240) 
[1441219707.671646] [node048:6181 :0]         sys.c:719  MXM  WARN  Conflicting CPU frequencies detected, using: 1896.28
[1441219707.675120] [node048:6181 :0]         mxm.c:185  MXM  WARN  The 'ulimit -s' on the system is set to 'unlimited'. This may have negative performance implications. Please set the heap size to the default value (10240) 
[1441219707.679952] [node048:6189 :0]         sys.c:719  MXM  WARN  Conflicting CPU frequencies detected, using: 1998.75
[1441219707.684876] [node048:6189 :0]         mxm.c:185  MXM  WARN  The 'ulimit -s' on the system is set to 'unlimited'. This may have negative performance implications. Please set the heap size to the default value (10240) 
UPCR: UPC thread  1 of 40 on node001 (pshm node  0 of 20, process  1 of 40, pid=3870)
UPCR: UPC thread  0 of 40 on node001 (pshm node  0 of 20, process  0 of 40, pid=3869)
UPCR: UPC thread 19 of 40 on node010 (pshm node  9 of 20, process 19 of 40, pid=18039)
UPCR: UPC thread 21 of 40 on node011 (pshm node 10 of 20, process 21 of 40, pid=18078)
UPCR: UPC thread 18 of 40 on node010 (pshm node  9 of 20, process 18 of 40, pid=18040)
UPCR: UPC thread  3 of 40 on node002 (pshm node  1 of 20, process  3 of 40, pid=15784)
UPCR: UPC thread 38 of 40 on node050 (pshm node 19 of 20, process 38 of 40, pid=3741)
UPCR: UPC thread 28 of 40 on node015 (pshm node 14 of 20, process 28 of 40, pid=10717)
UPCR: UPC thread 11 of 40 on node006 (pshm node  5 of 20, process 11 of 40, pid=12922)
UPCR: UPC thread 20 of 40 on node011 (pshm node 10 of 20, process 20 of 40, pid=18077)
UPCR: UPC thread 27 of 40 on node014 (pshm node 13 of 20, process 27 of 40, pid=13121)
UPCR: UPC thread  2 of 40 on node002 (pshm node  1 of 20, process  2 of 40, pid=15791)
UPCR: UPC thread 25 of 40 on node013 (pshm node 12 of 20, process 25 of 40, pid=18350)
UPCR: UPC thread 24 of 40 on node013 (pshm node 12 of 20, process 24 of 40, pid=18342)
UPCR: UPC thread 13 of 40 on node007 (pshm node  6 of 20, process 13 of 40, pid=18150)
UPCR: UPC thread  6 of 40 on node004 (pshm node  3 of 20, process  6 of 40, pid=13092)
UPCR: UPC thread 12 of 40 on node007 (pshm node  6 of 20, process 12 of 40, pid=18133)
UPCR: UPC thread 10 of 40 on node006 (pshm node  5 of 20, process 10 of 40, pid=12908)
UPCR: UPC thread  5 of 40 on node003 (pshm node  2 of 20, process  5 of 40, pid=13639)
UPCR: UPC thread  9 of 40 on node005 (pshm node  4 of 20, process  9 of 40, pid=13640)
UPCR: UPC thread 23 of 40 on node012 (pshm node 11 of 20, process 23 of 40, pid=18291)
UPCR: UPC thread 15 of 40 on node008 (pshm node  7 of 20, process 15 of 40, pid=26368)
UPCR: UPC thread  7 of 40 on node004 (pshm node  3 of 20, process  7 of 40, pid=13109)
UPCR: UPC thread 16 of 40 on node009 (pshm node  8 of 20, process 16 of 40, pid=20541)
UPCR: UPC thread 33 of 40 on node047 (pshm node 16 of 20, process 33 of 40, pid=6104)
UPCR: UPC thread 31 of 40 on node046 (pshm node 15 of 20, process 31 of 40, pid=15546)
UPCR: UPC thread 14 of 40 on node008 (pshm node  7 of 20, process 14 of 40, pid=26347)
UPCR: UPC thread  8 of 40 on node005 (pshm node  4 of 20, process  8 of 40, pid=13634)
UPCR: UPC thread  4 of 40 on node003 (pshm node  2 of 20, process  4 of 40, pid=13656)
UPCR: UPC thread 30 of 40 on node046 (pshm node 15 of 20, process 30 of 40, pid=15547)
UPCR: UPC thread 34 of 40 on node048 (pshm node 17 of 20, process 34 of 40, pid=6181)
UPCR: UPC thread 36 of 40 on node049 (pshm node 18 of 20, process 36 of 40, pid=6163)
UPCR: UPC thread 17 of 40 on node009 (pshm node  8 of 20, process 17 of 40, pid=20540)
UPCR: UPC thread 37 of 40 on node049 (pshm node 18 of 20, process 37 of 40, pid=6175)
UPCR: UPC thread 26 of 40 on node014 (pshm node 13 of 20, process 26 of 40, pid=13122)
UPCR: UPC thread 39 of 40 on node050 (pshm node 19 of 20, process 39 of 40, pid=3742)
UPCR: UPC thread 29 of 40 on node015 (pshm node 14 of 20, process 29 of 40, pid=10716)
UPCR: UPC thread 32 of 40 on node047 (pshm node 16 of 20, process 32 of 40, pid=6108)
UPCR: UPC thread 35 of 40 on node048 (pshm node 17 of 20, process 35 of 40, pid=6189)
UPCR: UPC thread 22 of 40 on node012 (pshm node 11 of 20, process 22 of 40, pid=18285)
0/40 - htable initialized
0/40 - table size: 42949672960 bytes (40960 MB)
0/40 - total number of buckets: 5368709120
0/40 - block size: 1073741824 (1024 MB)
0/40 - number of buckets in block: 134217728
0/40 - number of blocks: 40
29/40 - Performed a throughput benchmark:
29/40 - Performed 2000000 find-or-put operations with random values from [0,...,183999999]
29/40 - Finds: 344161 (0.17208), Inserts: 1655839 (0.82792), Errors: 0 (0)
29/40 - Execution time: 9.25961 seconds
29/40 - Throughput: 215992 ops/sec
20/40 - Performed a throughput benchmark:
20/40 - Performed 2000000 find-or-put operations with random values from [0,...,183999999]
20/40 - Finds: 345247 (0.172624), Inserts: 1654753 (0.827376), Errors: 0 (0)
20/40 - Execution time: 9.26446 seconds
20/40 - Throughput: 215879 ops/sec
19/40 - Performed a throughput benchmark:
19/40 - Performed 2000000 find-or-put operations with random values from [0,...,183999999]
19/40 - Finds: 345300 (0.17265), Inserts: 1654700 (0.82735), Errors: 0 (0)
19/40 - Execution time: 9.25877 seconds
19/40 - Throughput: 216012 ops/sec
26/40 - Performed a throughput benchmark:
26/40 - Performed 2000000 find-or-put operations with random values from [0,...,183999999]
26/40 - Finds: 345902 (0.172951), Inserts: 1654098 (0.827049), Errors: 0 (0)
26/40 - Execution time: 9.27132 seconds
26/40 - Throughput: 215719 ops/sec
14/40 - Performed a throughput benchmark:
14/40 - Performed 2000000 find-or-put operations with random values from [0,...,183999999]
14/40 - Finds: 344928 (0.172464), Inserts: 1655072 (0.827536), Errors: 0 (0)
14/40 - Execution time: 9.25668 seconds
14/40 - Throughput: 216060 ops/sec
25/40 - Performed a throughput benchmark:
25/40 - Performed 2000000 find-or-put operations with random values from [0,...,183999999]
25/40 - Finds: 345535 (0.172767), Inserts: 1654465 (0.827233), Errors: 0 (0)
25/40 - Execution time: 9.27556 seconds
25/40 - Throughput: 215620 ops/sec
18/40 - Performed a throughput benchmark:
18/40 - Performed 2000000 find-or-put operations with random values from [0,...,183999999]
18/40 - Finds: 345985 (0.172992), Inserts: 1654015 (0.827008), Errors: 0 (0)
18/40 - Execution time: 9.26476 seconds
18/40 - Throughput: 215872 ops/sec
28/40 - Performed a throughput benchmark:
28/40 - Performed 2000000 find-or-put operations with random values from [0,...,183999999]
28/40 - Finds: 344454 (0.172227), Inserts: 1655546 (0.827773), Errors: 0 (0)
28/40 - Execution time: 9.26359 seconds
28/40 - Throughput: 215899 ops/sec
21/40 - Performed a throughput benchmark:
21/40 - Performed 2000000 find-or-put operations with random values from [0,...,183999999]
21/40 - Finds: 344614 (0.172307), Inserts: 1655386 (0.827693), Errors: 0 (0)
21/40 - Execution time: 9.26311 seconds
21/40 - Throughput: 215910 ops/sec
15/40 - Performed a throughput benchmark:
15/40 - Performed 2000000 find-or-put operations with random values from [0,...,183999999]
15/40 - Finds: 345780 (0.17289), Inserts: 1654220 (0.82711), Errors: 0 (0)
15/40 - Execution time: 9.27476 seconds
15/40 - Throughput: 215639 ops/sec
17/40 - Performed a throughput benchmark:
17/40 - Performed 2000000 find-or-put operations with random values from [0,...,183999999]
17/40 - Finds: 344647 (0.172323), Inserts: 1655353 (0.827677), Errors: 0 (0)
17/40 - Execution time: 9.28359 seconds
17/40 - Throughput: 215434 ops/sec
16/40 - Performed a throughput benchmark:
16/40 - Performed 2000000 find-or-put operations with random values from [0,...,183999999]
16/40 - Finds: 345293 (0.172647), Inserts: 1654707 (0.827353), Errors: 0 (0)
16/40 - Execution time: 9.2849 seconds
16/40 - Throughput: 215403 ops/sec
24/40 - Performed a throughput benchmark:
24/40 - Performed 2000000 find-or-put operations with random values from [0,...,183999999]
24/40 - Finds: 345207 (0.172603), Inserts: 1654793 (0.827396), Errors: 0 (0)
24/40 - Execution time: 9.28105 seconds
24/40 - Throughput: 215493 ops/sec
27/40 - Performed a throughput benchmark:
27/40 - Performed 2000000 find-or-put operations with random values from [0,...,183999999]
27/40 - Finds: 344909 (0.172455), Inserts: 1655091 (0.827546), Errors: 0 (0)
27/40 - Execution time: 9.28026 seconds
27/40 - Throughput: 215511 ops/sec
23/40 - Performed a throughput benchmark:
23/40 - Performed 2000000 find-or-put operations with random values from [0,...,183999999]
23/40 - Finds: 345366 (0.172683), Inserts: 1654634 (0.827317), Errors: 0 (0)
23/40 - Execution time: 9.29195 seconds
23/40 - Throughput: 215240 ops/sec
22/40 - Performed a throughput benchmark:
22/40 - Performed 2000000 find-or-put operations with random values from [0,...,183999999]
22/40 - Finds: 345486 (0.172743), Inserts: 1654514 (0.827257), Errors: 0 (0)
22/40 - Execution time: 9.29994 seconds
22/40 - Throughput: 215055 ops/sec
2/40 - Performed a throughput benchmark:
2/40 - Performed 2000000 find-or-put operations with random values from [0,...,183999999]
2/40 - Finds: 384261 (0.192131), Inserts: 1615739 (0.80787), Errors: 0 (0)
2/40 - Execution time: 10.3483 seconds
2/40 - Throughput: 193268 ops/sec
9/40 - Performed a throughput benchmark:
9/40 - Performed 2000000 find-or-put operations with random values from [0,...,183999999]
9/40 - Finds: 382319 (0.19116), Inserts: 1617681 (0.80884), Errors: 0 (0)
9/40 - Execution time: 10.3497 seconds
9/40 - Throughput: 193243 ops/sec
11/40 - Performed a throughput benchmark:
11/40 - Performed 2000000 find-or-put operations with random values from [0,...,183999999]
11/40 - Finds: 386063 (0.193031), Inserts: 1613937 (0.806968), Errors: 0 (0)
11/40 - Execution time: 10.4536 seconds
11/40 - Throughput: 191322 ops/sec
1/40 - Performed a throughput benchmark:
1/40 - Performed 2000000 find-or-put operations with random values from [0,...,183999999]
1/40 - Finds: 385417 (0.192709), Inserts: 1614583 (0.807292), Errors: 0 (0)
1/40 - Execution time: 10.4654 seconds
1/40 - Throughput: 191105 ops/sec
6/40 - Performed a throughput benchmark:
6/40 - Performed 2000000 find-or-put operations with random values from [0,...,183999999]
6/40 - Finds: 385310 (0.192655), Inserts: 1614690 (0.807345), Errors: 0 (0)
6/40 - Execution time: 10.4436 seconds
6/40 - Throughput: 191505 ops/sec
7/40 - Performed a throughput benchmark:
7/40 - Performed 2000000 find-or-put operations with random values from [0,...,183999999]
7/40 - Finds: 387627 (0.193813), Inserts: 1612373 (0.806187), Errors: 0 (0)
7/40 - Execution time: 10.5385 seconds
7/40 - Throughput: 189779 ops/sec
5/40 - Performed a throughput benchmark:
5/40 - Performed 2000000 find-or-put operations with random values from [0,...,183999999]
5/40 - Finds: 387157 (0.193578), Inserts: 1612843 (0.806422), Errors: 0 (0)
5/40 - Execution time: 10.5461 seconds
5/40 - Throughput: 189644 ops/sec
10/40 - Performed a throughput benchmark:
10/40 - Performed 2000000 find-or-put operations with random values from [0,...,183999999]
10/40 - Finds: 388934 (0.194467), Inserts: 1611066 (0.805533), Errors: 0 (0)
10/40 - Execution time: 10.5694 seconds
10/40 - Throughput: 189226 ops/sec
4/40 - Performed a throughput benchmark:
4/40 - Performed 2000000 find-or-put operations with random values from [0,...,183999999]
4/40 - Finds: 387484 (0.193742), Inserts: 1612516 (0.806258), Errors: 0 (0)
4/40 - Execution time: 10.5502 seconds
4/40 - Throughput: 189570 ops/sec
12/40 - Performed a throughput benchmark:
12/40 - Performed 2000000 find-or-put operations with random values from [0,...,183999999]
12/40 - Finds: 389275 (0.194637), Inserts: 1610725 (0.805362), Errors: 0 (0)
12/40 - Execution time: 10.5747 seconds
12/40 - Throughput: 189131 ops/sec
13/40 - Performed a throughput benchmark:
13/40 - Performed 2000000 find-or-put operations with random values from [0,...,183999999]
13/40 - Finds: 388654 (0.194327), Inserts: 1611346 (0.805673), Errors: 0 (0)
13/40 - Execution time: 10.5657 seconds
13/40 - Throughput: 189292 ops/sec
8/40 - Performed a throughput benchmark:
8/40 - Performed 2000000 find-or-put operations with random values from [0,...,183999999]
8/40 - Finds: 389670 (0.194835), Inserts: 1610330 (0.805165), Errors: 0 (0)
8/40 - Execution time: 10.5815 seconds
8/40 - Throughput: 189009 ops/sec
3/40 - Performed a throughput benchmark:
3/40 - Performed 2000000 find-or-put operations with random values from [0,...,183999999]
3/40 - Finds: 389206 (0.194603), Inserts: 1610794 (0.805397), Errors: 0 (0)
3/40 - Execution time: 10.5879 seconds
3/40 - Throughput: 188896 ops/sec
0/40 - Performed a throughput benchmark:
0/40 - Performed 2000000 find-or-put operations with random values from [0,...,183999999]
0/40 - Finds: 392563 (0.196281), Inserts: 1607437 (0.803719), Errors: 0 (0)
0/40 - Execution time: 10.633 seconds
0/40 - Throughput: 188094 ops/sec
37/40 - Performed a throughput benchmark:
37/40 - Performed 2000000 find-or-put operations with random values from [0,...,183999999]
37/40 - Finds: 413060 (0.20653), Inserts: 1586940 (0.79347), Errors: 0 (0)
37/40 - Execution time: 11.4159 seconds
37/40 - Throughput: 175194 ops/sec
30/40 - Performed a throughput benchmark:
30/40 - Performed 2000000 find-or-put operations with random values from [0,...,183999999]
30/40 - Finds: 416074 (0.208037), Inserts: 1583926 (0.791963), Errors: 0 (0)
30/40 - Execution time: 11.5497 seconds
30/40 - Throughput: 173164 ops/sec
36/40 - Performed a throughput benchmark:
36/40 - Performed 2000000 find-or-put operations with random values from [0,...,183999999]
36/40 - Finds: 417115 (0.208558), Inserts: 1582885 (0.791443), Errors: 0 (0)
36/40 - Execution time: 11.6176 seconds
36/40 - Throughput: 172152 ops/sec
32/40 - Performed a throughput benchmark:
32/40 - Performed 2000000 find-or-put operations with random values from [0,...,183999999]
32/40 - Finds: 417138 (0.208569), Inserts: 1582862 (0.791431), Errors: 0 (0)
32/40 - Execution time: 11.6163 seconds
32/40 - Throughput: 172172 ops/sec
35/40 - Performed a throughput benchmark:
35/40 - Performed 2000000 find-or-put operations with random values from [0,...,183999999]
35/40 - Finds: 417400 (0.2087), Inserts: 1582600 (0.7913), Errors: 0 (0)
35/40 - Execution time: 11.6564 seconds
35/40 - Throughput: 171580 ops/sec
39/40 - Performed a throughput benchmark:
39/40 - Performed 2000000 find-or-put operations with random values from [0,...,183999999]
39/40 - Finds: 419397 (0.209699), Inserts: 1580603 (0.790301), Errors: 0 (0)
39/40 - Execution time: 11.6433 seconds
39/40 - Throughput: 171772 ops/sec
38/40 - Performed a throughput benchmark:
38/40 - Performed 2000000 find-or-put operations with random values from [0,...,183999999]
38/40 - Finds: 419176 (0.209588), Inserts: 1580824 (0.790412), Errors: 0 (0)
38/40 - Execution time: 11.6331 seconds
38/40 - Throughput: 171923 ops/sec
31/40 - Performed a throughput benchmark:
31/40 - Performed 2000000 find-or-put operations with random values from [0,...,183999999]
31/40 - Finds: 418710 (0.209355), Inserts: 1581290 (0.790645), Errors: 0 (0)
31/40 - Execution time: 11.6419 seconds
31/40 - Throughput: 171793 ops/sec
33/40 - Performed a throughput benchmark:
33/40 - Performed 2000000 find-or-put operations with random values from [0,...,183999999]
33/40 - Finds: 418988 (0.209494), Inserts: 1581012 (0.790506), Errors: 0 (0)
33/40 - Execution time: 11.6649 seconds
33/40 - Throughput: 171454 ops/sec
34/40 - Performed a throughput benchmark:
34/40 - Performed 2000000 find-or-put operations with random values from [0,...,183999999]
34/40 - Finds: 420078 (0.210039), Inserts: 1579922 (0.789961), Errors: 0 (0)
34/40 - Execution time: 11.697 seconds
34/40 - Throughput: 170984 ops/sec
[1441219707.329503] [node001:3824 :0]         sys.c:719  MXM  WARN  Conflicting CPU frequencies detected, using: 1498.22
