[1441220318.553161] [node001:14983:0]         sys.c:719  MXM  WARN  Conflicting CPU frequencies detected, using: 1496.44
[1441220318.564924] [node001:14983:0]         mxm.c:185  MXM  WARN  The 'ulimit -s' on the system is set to 'unlimited'. This may have negative performance implications. Please set the heap size to the default value (10240) 
[1441220318.552868] [node001:14982:0]         sys.c:719  MXM  WARN  Conflicting CPU frequencies detected, using: 1399.97
[1441220318.564773] [node001:14982:0]         mxm.c:185  MXM  WARN  The 'ulimit -s' on the system is set to 'unlimited'. This may have negative performance implications. Please set the heap size to the default value (10240) 
[1441220318.884722] [node008:1327 :0]         sys.c:719  MXM  WARN  Conflicting CPU frequencies detected, using: 1599.94
[1441220318.890732] [node008:1327 :0]         mxm.c:185  MXM  WARN  The 'ulimit -s' on the system is set to 'unlimited'. This may have negative performance implications. Please set the heap size to the default value (10240) 
[1441220318.879684] [node005:21033:0]         sys.c:719  MXM  WARN  Conflicting CPU frequencies detected, using: 2398.12
[1441220318.883148] [node005:21033:0]         mxm.c:185  MXM  WARN  The 'ulimit -s' on the system is set to 'unlimited'. This may have negative performance implications. Please set the heap size to the default value (10240) 
[1441220318.875809] [node002:23180:0]         sys.c:719  MXM  WARN  Conflicting CPU frequencies detected, using: 1789.69
[1441220318.879381] [node002:23180:0]         mxm.c:185  MXM  WARN  The 'ulimit -s' on the system is set to 'unlimited'. This may have negative performance implications. Please set the heap size to the default value (10240) 
[1441220318.886565] [node004:20501:0]         sys.c:719  MXM  WARN  Conflicting CPU frequencies detected, using: 1899.94
[1441220318.889960] [node004:20501:0]         mxm.c:185  MXM  WARN  The 'ulimit -s' on the system is set to 'unlimited'. This may have negative performance implications. Please set the heap size to the default value (10240) 
[1441220318.884893] [node002:23181:0]         sys.c:719  MXM  WARN  Conflicting CPU frequencies detected, using: 1800.28
[1441220318.889711] [node002:23181:0]         mxm.c:185  MXM  WARN  The 'ulimit -s' on the system is set to 'unlimited'. This may have negative performance implications. Please set the heap size to the default value (10240) 
[1441220318.883848] [node004:20500:0]         sys.c:719  MXM  WARN  Conflicting CPU frequencies detected, using: 1899.94
[1441220318.887222] [node004:20500:0]         mxm.c:185  MXM  WARN  The 'ulimit -s' on the system is set to 'unlimited'. This may have negative performance implications. Please set the heap size to the default value (10240) 
[1441220318.886495] [node003:21043:0]         sys.c:719  MXM  WARN  Conflicting CPU frequencies detected, using: 1598.16
[1441220318.890015] [node003:21043:0]         mxm.c:185  MXM  WARN  The 'ulimit -s' on the system is set to 'unlimited'. This may have negative performance implications. Please set the heap size to the default value (10240) 
[1441220318.882073] [node006:20298:0]         sys.c:719  MXM  WARN  Conflicting CPU frequencies detected, using: 1508.25
[1441220318.885729] [node006:20298:0]         mxm.c:185  MXM  WARN  The 'ulimit -s' on the system is set to 'unlimited'. This may have negative performance implications. Please set the heap size to the default value (10240) 
[1441220318.889657] [node007:25533:0]         sys.c:719  MXM  WARN  Conflicting CPU frequencies detected, using: 1464.09
[1441220318.893282] [node007:25533:0]         mxm.c:185  MXM  WARN  The 'ulimit -s' on the system is set to 'unlimited'. This may have negative performance implications. Please set the heap size to the default value (10240) 
[1441220318.937718] [node003:21060:0]         sys.c:719  MXM  WARN  Conflicting CPU frequencies detected, using: 1699.97
[1441220318.941345] [node003:21060:0]         mxm.c:185  MXM  WARN  The 'ulimit -s' on the system is set to 'unlimited'. This may have negative performance implications. Please set the heap size to the default value (10240) 
[1441220319.018514] [node010:25437:0]         sys.c:719  MXM  WARN  Conflicting CPU frequencies detected, using: 1695.75
[1441220319.021562] [node010:25437:0]         mxm.c:185  MXM  WARN  The 'ulimit -s' on the system is set to 'unlimited'. This may have negative performance implications. Please set the heap size to the default value (10240) 
[1441220319.018205] [node005:21058:0]         sys.c:719  MXM  WARN  Conflicting CPU frequencies detected, using: 1588.22
[1441220319.021683] [node005:21058:0]         mxm.c:185  MXM  WARN  The 'ulimit -s' on the system is set to 'unlimited'. This may have negative performance implications. Please set the heap size to the default value (10240) 
[1441220319.027350] [node006:20323:0]         sys.c:719  MXM  WARN  Conflicting CPU frequencies detected, using: 1699.31
[1441220319.030905] [node006:20323:0]         mxm.c:185  MXM  WARN  The 'ulimit -s' on the system is set to 'unlimited'. This may have negative performance implications. Please set the heap size to the default value (10240) 
[1441220319.056953] [node015:18114:0]         sys.c:719  MXM  WARN  Conflicting CPU frequencies detected, using: 1594.97
[1441220319.062768] [node015:18114:0]         mxm.c:185  MXM  WARN  The 'ulimit -s' on the system is set to 'unlimited'. This may have negative performance implications. Please set the heap size to the default value (10240) 
[1441220319.030436] [node028:2798 :0]         sys.c:719  MXM  WARN  Conflicting CPU frequencies detected, using: 1597.31
[1441220319.033995] [node028:2798 :0]         mxm.c:185  MXM  WARN  The 'ulimit -s' on the system is set to 'unlimited'. This may have negative performance implications. Please set the heap size to the default value (10240) 
[1441220319.038684] [node050:6454 :0]         sys.c:719  MXM  WARN  Conflicting CPU frequencies detected, using: 1798.31
[1441220319.041979] [node050:6454 :0]         mxm.c:185  MXM  WARN  The 'ulimit -s' on the system is set to 'unlimited'. This may have negative performance implications. Please set the heap size to the default value (10240) 
[1441220319.058648] [node010:25454:0]         sys.c:719  MXM  WARN  Conflicting CPU frequencies detected, using: 1894.88
[1441220319.061656] [node010:25454:0]         mxm.c:185  MXM  WARN  The 'ulimit -s' on the system is set to 'unlimited'. This may have negative performance implications. Please set the heap size to the default value (10240) 
[1441220319.031442] [node017:28293:0]         sys.c:719  MXM  WARN  Conflicting CPU frequencies detected, using: 1691.91
[1441220319.037080] [node017:28293:0]         mxm.c:185  MXM  WARN  The 'ulimit -s' on the system is set to 'unlimited'. This may have negative performance implications. Please set the heap size to the default value (10240) 
[1441220319.076783] [node011:25480:0]         sys.c:719  MXM  WARN  Conflicting CPU frequencies detected, using: 1799.91
[1441220319.084281] [node011:25480:0]         mxm.c:185  MXM  WARN  The 'ulimit -s' on the system is set to 'unlimited'. This may have negative performance implications. Please set the heap size to the default value (10240) 
[1441220319.077031] [node011:25481:0]         sys.c:719  MXM  WARN  Conflicting CPU frequencies detected, using: 1799.91
[1441220319.085050] [node011:25481:0]         mxm.c:185  MXM  WARN  The 'ulimit -s' on the system is set to 'unlimited'. This may have negative performance implications. Please set the heap size to the default value (10240) 
[1441220319.052388] [node028:2815 :0]         sys.c:719  MXM  WARN  Conflicting CPU frequencies detected, using: 1697.34
[1441220319.055747] [node028:2815 :0]         mxm.c:185  MXM  WARN  The 'ulimit -s' on the system is set to 'unlimited'. This may have negative performance implications. Please set the heap size to the default value (10240) 
[1441220319.060628] [node050:6471 :0]         sys.c:719  MXM  WARN  Conflicting CPU frequencies detected, using: 1883.06
[1441220319.063725] [node050:6471 :0]         mxm.c:185  MXM  WARN  The 'ulimit -s' on the system is set to 'unlimited'. This may have negative performance implications. Please set the heap size to the default value (10240) 
[1441220319.054900] [node007:25558:0]         sys.c:719  MXM  WARN  Conflicting CPU frequencies detected, using: 1600.12
[1441220319.058588] [node007:25558:0]         mxm.c:185  MXM  WARN  The 'ulimit -s' on the system is set to 'unlimited'. This may have negative performance implications. Please set the heap size to the default value (10240) 
[1441220319.058492] [node025:12412:0]         sys.c:719  MXM  WARN  Conflicting CPU frequencies detected, using: 1599.94
[1441220319.062205] [node025:12412:0]         mxm.c:185  MXM  WARN  The 'ulimit -s' on the system is set to 'unlimited'. This may have negative performance implications. Please set the heap size to the default value (10240) 
[1441220319.058205] [node025:12413:0]         sys.c:719  MXM  WARN  Conflicting CPU frequencies detected, using: 1599.94
[1441220319.062340] [node025:12413:0]         mxm.c:185  MXM  WARN  The 'ulimit -s' on the system is set to 'unlimited'. This may have negative performance implications. Please set the heap size to the default value (10240) 
[1441220319.071005] [node019:31440:0]         sys.c:719  MXM  WARN  Conflicting CPU frequencies detected, using: 1998.75
[1441220319.074500] [node019:31440:0]         mxm.c:185  MXM  WARN  The 'ulimit -s' on the system is set to 'unlimited'. This may have negative performance implications. Please set the heap size to the default value (10240) 
[1441220319.071910] [node014:20520:0]         sys.c:719  MXM  WARN  Conflicting CPU frequencies detected, using: 1775.25
[1441220319.075079] [node014:20520:0]         mxm.c:185  MXM  WARN  The 'ulimit -s' on the system is set to 'unlimited'. This may have negative performance implications. Please set the heap size to the default value (10240) 
[1441220319.065599] [node049:11220:0]         sys.c:719  MXM  WARN  Conflicting CPU frequencies detected, using: 1866.38
[1441220319.069051] [node049:11220:0]         mxm.c:185  MXM  WARN  The 'ulimit -s' on the system is set to 'unlimited'. This may have negative performance implications. Please set the heap size to the default value (10240) 
[1441220319.072404] [node019:31441:0]         sys.c:719  MXM  WARN  Conflicting CPU frequencies detected, using: 1998.75
[1441220319.075143] [node019:31441:0]         mxm.c:185  MXM  WARN  The 'ulimit -s' on the system is set to 'unlimited'. This may have negative performance implications. Please set the heap size to the default value (10240) 
[1441220319.068874] [node022:29509:0]         sys.c:719  MXM  WARN  Conflicting CPU frequencies detected, using: 1699.97
[1441220319.073975] [node022:29509:0]         mxm.c:185  MXM  WARN  The 'ulimit -s' on the system is set to 'unlimited'. This may have negative performance implications. Please set the heap size to the default value (10240) 
[1441220319.069030] [node051:29305:0]         sys.c:719  MXM  WARN  Conflicting CPU frequencies detected, using: 1594.59
[1441220319.072378] [node051:29305:0]         mxm.c:185  MXM  WARN  The 'ulimit -s' on the system is set to 'unlimited'. This may have negative performance implications. Please set the heap size to the default value (10240) 
[1441220319.069045] [node046:20589:0]         sys.c:719  MXM  WARN  Conflicting CPU frequencies detected, using: 1599.94
[1441220319.072468] [node046:20589:0]         mxm.c:185  MXM  WARN  The 'ulimit -s' on the system is set to 'unlimited'. This may have negative performance implications. Please set the heap size to the default value (10240) 
[1441220319.059932] [node009:27945:0]         sys.c:719  MXM  WARN  Conflicting CPU frequencies detected, using: 1786.22
[1441220319.065499] [node009:27945:0]         mxm.c:185  MXM  WARN  The 'ulimit -s' on the system is set to 'unlimited'. This may have negative performance implications. Please set the heap size to the default value (10240) 
[1441220319.074303] [node049:11224:0]         sys.c:719  MXM  WARN  Conflicting CPU frequencies detected, using: 1866.38
[1441220319.079608] [node049:11224:0]         mxm.c:185  MXM  WARN  The 'ulimit -s' on the system is set to 'unlimited'. This may have negative performance implications. Please set the heap size to the default value (10240) 
[1441220319.060597] [node023:19199:0]         sys.c:719  MXM  WARN  Conflicting CPU frequencies detected, using: 1591.69
[1441220319.066254] [node023:19199:0]         mxm.c:185  MXM  WARN  The 'ulimit -s' on the system is set to 'unlimited'. This may have negative performance implications. Please set the heap size to the default value (10240) 
[1441220319.080543] [node047:11157:0]         sys.c:719  MXM  WARN  Conflicting CPU frequencies detected, using: 1898.06
[1441220319.083738] [node047:11157:0]         mxm.c:185  MXM  WARN  The 'ulimit -s' on the system is set to 'unlimited'. This may have negative performance implications. Please set the heap size to the default value (10240) 
[1441220319.077051] [node047:11158:0]         sys.c:719  MXM  WARN  Conflicting CPU frequencies detected, using: 1796.91
[1441220319.080413] [node047:11158:0]         mxm.c:185  MXM  WARN  The 'ulimit -s' on the system is set to 'unlimited'. This may have negative performance implications. Please set the heap size to the default value (10240) 
[1441220319.085321] [node014:20534:0]         sys.c:719  MXM  WARN  Conflicting CPU frequencies detected, using: 1660.41
[1441220319.088251] [node014:20534:0]         mxm.c:185  MXM  WARN  The 'ulimit -s' on the system is set to 'unlimited'. This may have negative performance implications. Please set the heap size to the default value (10240) 
[1441220319.075574] [node012:25696:0]         sys.c:719  MXM  WARN  Conflicting CPU frequencies detected, using: 1800.00
[1441220319.080046] [node012:25696:0]         mxm.c:185  MXM  WARN  The 'ulimit -s' on the system is set to 'unlimited'. This may have negative performance implications. Please set the heap size to the default value (10240) 
[1441220319.085279] [node021:4637 :0]         sys.c:719  MXM  WARN  Conflicting CPU frequencies detected, using: 1794.38
[1441220319.088357] [node021:4637 :0]         mxm.c:185  MXM  WARN  The 'ulimit -s' on the system is set to 'unlimited'. This may have negative performance implications. Please set the heap size to the default value (10240) 
[1441220319.063149] [node020:30133:0]         sys.c:719  MXM  WARN  Conflicting CPU frequencies detected, using: 1999.12
[1441220319.070818] [node020:30133:0]         mxm.c:185  MXM  WARN  The 'ulimit -s' on the system is set to 'unlimited'. This may have negative performance implications. Please set the heap size to the default value (10240) 
[1441220319.072850] [node024:20123:0]         sys.c:719  MXM  WARN  Conflicting CPU frequencies detected, using: 1597.22
[1441220319.076636] [node024:20123:0]         mxm.c:185  MXM  WARN  The 'ulimit -s' on the system is set to 'unlimited'. This may have negative performance implications. Please set the heap size to the default value (10240) 
[1441220319.080739] [node009:27962:0]         sys.c:719  MXM  WARN  Conflicting CPU frequencies detected, using: 1889.53
[1441220319.086422] [node009:27962:0]         mxm.c:185  MXM  WARN  The 'ulimit -s' on the system is set to 'unlimited'. This may have negative performance implications. Please set the heap size to the default value (10240) 
[1441220319.063185] [node020:30129:0]         sys.c:719  MXM  WARN  Conflicting CPU frequencies detected, using: 1999.12
[1441220319.071621] [node020:30129:0]         mxm.c:185  MXM  WARN  The 'ulimit -s' on the system is set to 'unlimited'. This may have negative performance implications. Please set the heap size to the default value (10240) 
[1441220319.080231] [node048:11237:0]         sys.c:719  MXM  WARN  Conflicting CPU frequencies detected, using: 1595.91
[1441220319.083610] [node048:11237:0]         mxm.c:185  MXM  WARN  The 'ulimit -s' on the system is set to 'unlimited'. This may have negative performance implications. Please set the heap size to the default value (10240) 
[1441220319.071437] [node012:25695:0]         sys.c:719  MXM  WARN  Conflicting CPU frequencies detected, using: 1792.41
[1441220319.077042] [node012:25695:0]         mxm.c:185  MXM  WARN  The 'ulimit -s' on the system is set to 'unlimited'. This may have negative performance implications. Please set the heap size to the default value (10240) 
[1441220319.066872] [node015:18122:0]         sys.c:719  MXM  WARN  Conflicting CPU frequencies detected, using: 1594.97
[1441220319.074242] [node015:18122:0]         mxm.c:185  MXM  WARN  The 'ulimit -s' on the system is set to 'unlimited'. This may have negative performance implications. Please set the heap size to the default value (10240) 
[1441220319.077925] [node048:11238:0]         sys.c:719  MXM  WARN  Conflicting CPU frequencies detected, using: 1595.91
[1441220319.081436] [node048:11238:0]         mxm.c:185  MXM  WARN  The 'ulimit -s' on the system is set to 'unlimited'. This may have negative performance implications. Please set the heap size to the default value (10240) 
[1441220319.069812] [node013:25739:0]         sys.c:719  MXM  WARN  Conflicting CPU frequencies detected, using: 1888.12
[1441220319.077650] [node013:25739:0]         mxm.c:185  MXM  WARN  The 'ulimit -s' on the system is set to 'unlimited'. This may have negative performance implications. Please set the heap size to the default value (10240) 
[1441220319.068848] [node013:25743:0]         sys.c:719  MXM  WARN  Conflicting CPU frequencies detected, using: 1888.12
[1441220319.076900] [node013:25743:0]         mxm.c:185  MXM  WARN  The 'ulimit -s' on the system is set to 'unlimited'. This may have negative performance implications. Please set the heap size to the default value (10240) 
[1441220319.096431] [node024:20140:0]         sys.c:719  MXM  WARN  Conflicting CPU frequencies detected, using: 1697.81
[1441220319.099545] [node024:20140:0]         mxm.c:185  MXM  WARN  The 'ulimit -s' on the system is set to 'unlimited'. This may have negative performance implications. Please set the heap size to the default value (10240) 
[1441220319.102800] [node046:20606:0]         sys.c:719  MXM  WARN  Conflicting CPU frequencies detected, using: 1686.47
[1441220319.106038] [node046:20606:0]         mxm.c:185  MXM  WARN  The 'ulimit -s' on the system is set to 'unlimited'. This may have negative performance implications. Please set the heap size to the default value (10240) 
[1441220319.075391] [node018:9449 :0]         sys.c:719  MXM  WARN  Conflicting CPU frequencies detected, using: 1699.97
[1441220319.081091] [node018:9449 :0]         mxm.c:185  MXM  WARN  The 'ulimit -s' on the system is set to 'unlimited'. This may have negative performance implications. Please set the heap size to the default value (10240) 
[1441220319.085224] [node008:1352 :0]         sys.c:719  MXM  WARN  Conflicting CPU frequencies detected, using: 1555.78
[1441220319.091141] [node008:1352 :0]         mxm.c:185  MXM  WARN  The 'ulimit -s' on the system is set to 'unlimited'. This may have negative performance implications. Please set the heap size to the default value (10240) 
[1441220319.109478] [node021:4654 :0]         sys.c:719  MXM  WARN  Conflicting CPU frequencies detected, using: 1691.81
[1441220319.112782] [node021:4654 :0]         mxm.c:185  MXM  WARN  The 'ulimit -s' on the system is set to 'unlimited'. This may have negative performance implications. Please set the heap size to the default value (10240) 
[1441220319.084925] [node018:9453 :0]         sys.c:719  MXM  WARN  Conflicting CPU frequencies detected, using: 1699.97
[1441220319.093062] [node018:9453 :0]         mxm.c:185  MXM  WARN  The 'ulimit -s' on the system is set to 'unlimited'. This may have negative performance implications. Please set the heap size to the default value (10240) 
[1441220319.113694] [node022:29526:0]         sys.c:719  MXM  WARN  Conflicting CPU frequencies detected, using: 1899.94
[1441220319.118741] [node022:29526:0]         mxm.c:185  MXM  WARN  The 'ulimit -s' on the system is set to 'unlimited'. This may have negative performance implications. Please set the heap size to the default value (10240) 
[1441220319.108918] [node023:19216:0]         sys.c:719  MXM  WARN  Conflicting CPU frequencies detected, using: 1581.75
[1441220319.114150] [node023:19216:0]         mxm.c:185  MXM  WARN  The 'ulimit -s' on the system is set to 'unlimited'. This may have negative performance implications. Please set the heap size to the default value (10240) 
[1441220319.123874] [node051:29322:0]         sys.c:719  MXM  WARN  Conflicting CPU frequencies detected, using: 1693.69
[1441220319.127226] [node051:29322:0]         mxm.c:185  MXM  WARN  The 'ulimit -s' on the system is set to 'unlimited'. This may have negative performance implications. Please set the heap size to the default value (10240) 
[1441220319.115707] [node017:28316:0]         sys.c:719  MXM  WARN  Conflicting CPU frequencies detected, using: 1699.97
[1441220319.121333] [node017:28316:0]         mxm.c:185  MXM  WARN  The 'ulimit -s' on the system is set to 'unlimited'. This may have negative performance implications. Please set the heap size to the default value (10240) 
[1441220319.127808] [node052:32230:0]         sys.c:719  MXM  WARN  Conflicting CPU frequencies detected, using: 1893.00
[1441220319.131585] [node052:32230:0]         mxm.c:185  MXM  WARN  The 'ulimit -s' on the system is set to 'unlimited'. This may have negative performance implications. Please set the heap size to the default value (10240) 
[1441220320.129705] [node052:32254:0]         sys.c:719  MXM  WARN  Conflicting CPU frequencies detected, using: 1893.00
[1441220320.133373] [node052:32254:0]         mxm.c:185  MXM  WARN  The 'ulimit -s' on the system is set to 'unlimited'. This may have negative performance implications. Please set the heap size to the default value (10240) 
UPCR: UPC thread  1 of 64 on node001 (pshm node  0 of 32, process  1 of 64, pid=14983)
UPCR: UPC thread  0 of 64 on node001 (pshm node  0 of 32, process  0 of 64, pid=14982)
UPCR: UPC thread 14 of 64 on node008 (pshm node  7 of 32, process 14 of 64, pid=1352)
UPCR: UPC thread 21 of 64 on node011 (pshm node 10 of 32, process 21 of 64, pid=25480)
UPCR: UPC thread 34 of 64 on node019 (pshm node 17 of 32, process 34 of 64, pid=31441)
UPCR: UPC thread 26 of 64 on node014 (pshm node 13 of 32, process 26 of 64, pid=20520)
UPCR: UPC thread  3 of 64 on node002 (pshm node  1 of 32, process  3 of 64, pid=23181)
UPCR: UPC thread 11 of 64 on node006 (pshm node  5 of 32, process 11 of 64, pid=20298)
UPCR: UPC thread  2 of 64 on node002 (pshm node  1 of 32, process  2 of 64, pid=23180)
UPCR: UPC thread 18 of 64 on node010 (pshm node  9 of 32, process 18 of 64, pid=25454)
UPCR: UPC thread 46 of 64 on node025 (pshm node 23 of 32, process 46 of 64, pid=12413)
UPCR: UPC thread 39 of 64 on node021 (pshm node 19 of 32, process 39 of 64, pid=4637)
UPCR: UPC thread 56 of 64 on node049 (pshm node 28 of 32, process 56 of 64, pid=11224)
UPCR: UPC thread 16 of 64 on node009 (pshm node  8 of 32, process 16 of 64, pid=27945)
UPCR: UPC thread 41 of 64 on node022 (pshm node 20 of 32, process 41 of 64, pid=29526)
UPCR: UPC thread 32 of 64 on node018 (pshm node 16 of 32, process 32 of 64, pid=9449)
UPCR: UPC thread  9 of 64 on node005 (pshm node  4 of 32, process  9 of 64, pid=21033)
UPCR: UPC thread  4 of 64 on node003 (pshm node  2 of 32, process  4 of 64, pid=21060)
UPCR: UPC thread 52 of 64 on node047 (pshm node 26 of 32, process 52 of 64, pid=11157)
UPCR: UPC thread 17 of 64 on node009 (pshm node  8 of 32, process 17 of 64, pid=27962)
UPCR: UPC thread 15 of 64 on node008 (pshm node  7 of 32, process 15 of 64, pid=1327)
UPCR: UPC thread 38 of 64 on node021 (pshm node 19 of 32, process 38 of 64, pid=4654)
UPCR: UPC thread 58 of 64 on node050 (pshm node 29 of 32, process 58 of 64, pid=6471)
UPCR: UPC thread 12 of 64 on node007 (pshm node  6 of 32, process 12 of 64, pid=25558)
UPCR: UPC thread 45 of 64 on node024 (pshm node 22 of 32, process 45 of 64, pid=20140)
UPCR: UPC thread  7 of 64 on node004 (pshm node  3 of 32, process  7 of 64, pid=20500)
UPCR: UPC thread 49 of 64 on node028 (pshm node 24 of 32, process 49 of 64, pid=2798)
UPCR: UPC thread 35 of 64 on node019 (pshm node 17 of 32, process 35 of 64, pid=31440)
UPCR: UPC thread 19 of 64 on node010 (pshm node  9 of 32, process 19 of 64, pid=25437)
UPCR: UPC thread 27 of 64 on node014 (pshm node 13 of 32, process 27 of 64, pid=20534)
UPCR: UPC thread 28 of 64 on node015 (pshm node 14 of 32, process 28 of 64, pid=18114)
UPCR: UPC thread 31 of 64 on node017 (pshm node 15 of 32, process 31 of 64, pid=28293)
UPCR: UPC thread 62 of 64 on node052 (pshm node 31 of 32, process 62 of 64, pid=32230)
UPCR: UPC thread 29 of 64 on node015 (pshm node 14 of 32, process 29 of 64, pid=18122)
UPCR: UPC thread 48 of 64 on node028 (pshm node 24 of 32, process 48 of 64, pid=2815)
UPCR: UPC thread 24 of 64 on node013 (pshm node 12 of 32, process 24 of 64, pid=25743)
UPCR: UPC thread 43 of 64 on node023 (pshm node 21 of 32, process 43 of 64, pid=19199)
UPCR: UPC thread 30 of 64 on node017 (pshm node 15 of 32, process 30 of 64, pid=28316)
UPCR: UPC thread 22 of 64 on node012 (pshm node 11 of 32, process 22 of 64, pid=25695)
UPCR: UPC thread 20 of 64 on node011 (pshm node 10 of 32, process 20 of 64, pid=25481)
UPCR: UPC thread 13 of 64 on node007 (pshm node  6 of 32, process 13 of 64, pid=25533)
UPCR: UPC thread 37 of 64 on node020 (pshm node 18 of 32, process 37 of 64, pid=30129)
UPCR: UPC thread 36 of 64 on node020 (pshm node 18 of 32, process 36 of 64, pid=30133)
UPCR: UPC thread 57 of 64 on node049 (pshm node 28 of 32, process 57 of 64, pid=11220)
UPCR: UPC thread 42 of 64 on node023 (pshm node 21 of 32, process 42 of 64, pid=19216)
UPCR: UPC thread 40 of 64 on node022 (pshm node 20 of 32, process 40 of 64, pid=29509)
UPCR: UPC thread 47 of 64 on node025 (pshm node 23 of 32, process 47 of 64, pid=12412)
UPCR: UPC thread 23 of 64 on node012 (pshm node 11 of 32, process 23 of 64, pid=25696)
UPCR: UPC thread  8 of 64 on node005 (pshm node  4 of 32, process  8 of 64, pid=21058)
UPCR: UPC thread 51 of 64 on node046 (pshm node 25 of 32, process 51 of 64, pid=20606)
UPCR: UPC thread 25 of 64 on node013 (pshm node 12 of 32, process 25 of 64, pid=25739)
UPCR: UPC thread 61 of 64 on node051 (pshm node 30 of 32, process 61 of 64, pid=29305)
UPCR: UPC thread 44 of 64 on node024 (pshm node 22 of 32, process 44 of 64, pid=20123)
UPCR: UPC thread  6 of 64 on node004 (pshm node  3 of 32, process  6 of 64, pid=20501)
UPCR: UPC thread 59 of 64 on node050 (pshm node 29 of 32, process 59 of 64, pid=6454)
UPCR: UPC thread 33 of 64 on node018 (pshm node 16 of 32, process 33 of 64, pid=9453)
UPCR: UPC thread 55 of 64 on node048 (pshm node 27 of 32, process 55 of 64, pid=11238)
UPCR: UPC thread 53 of 64 on node047 (pshm node 26 of 32, process 53 of 64, pid=11158)
UPCR: UPC thread 60 of 64 on node051 (pshm node 30 of 32, process 60 of 64, pid=29322)
UPCR: UPC thread  5 of 64 on node003 (pshm node  2 of 32, process  5 of 64, pid=21043)
UPCR: UPC thread 10 of 64 on node006 (pshm node  5 of 32, process 10 of 64, pid=20323)
UPCR: UPC thread 50 of 64 on node046 (pshm node 25 of 32, process 50 of 64, pid=20589)
UPCR: UPC thread 63 of 64 on node052 (pshm node 31 of 32, process 63 of 64, pid=32254)
UPCR: UPC thread 54 of 64 on node048 (pshm node 27 of 32, process 54 of 64, pid=11237)
0/64 - htable initialized
0/64 - table size: 68719476736 bytes (65536 MB)
0/64 - total number of buckets: 8589934592
0/64 - block size: 1073741824 (1024 MB)
0/64 - number of buckets in block: 134217728
0/64 - number of blocks: 64
28/64 - Performed a throughput benchmark:
28/64 - Performed 2000000 find-or-put operations with random values from [0,...,294399999]
28/64 - Finds: 345515 (0.172758), Inserts: 1654485 (0.827242), Errors: 0 (0)
28/64 - Execution time: 9.56568 seconds
28/64 - Throughput: 209081 ops/sec
41/64 - Performed a throughput benchmark:
41/64 - Performed 2000000 find-or-put operations with random values from [0,...,294399999]
41/64 - Finds: 346109 (0.173054), Inserts: 1653891 (0.826946), Errors: 0 (0)
41/64 - Execution time: 9.58116 seconds
41/64 - Throughput: 208743 ops/sec
21/64 - Performed a throughput benchmark:
21/64 - Performed 2000000 find-or-put operations with random values from [0,...,294399999]
21/64 - Finds: 345897 (0.172949), Inserts: 1654103 (0.827052), Errors: 0 (0)
21/64 - Execution time: 9.58807 seconds
21/64 - Throughput: 208593 ops/sec
15/64 - Performed a throughput benchmark:
15/64 - Performed 2000000 find-or-put operations with random values from [0,...,294399999]
15/64 - Finds: 346487 (0.173243), Inserts: 1653513 (0.826757), Errors: 0 (0)
15/64 - Execution time: 9.57451 seconds
15/64 - Throughput: 208888 ops/sec
42/64 - Performed a throughput benchmark:
42/64 - Performed 2000000 find-or-put operations with random values from [0,...,294399999]
42/64 - Finds: 345399 (0.1727), Inserts: 1654601 (0.8273), Errors: 0 (0)
42/64 - Execution time: 9.5817 seconds
42/64 - Throughput: 208731 ops/sec
34/64 - Performed a throughput benchmark:
34/64 - Performed 2000000 find-or-put operations with random values from [0,...,294399999]
34/64 - Finds: 345609 (0.172804), Inserts: 1654391 (0.827195), Errors: 0 (0)
34/64 - Execution time: 9.59251 seconds
34/64 - Throughput: 208496 ops/sec
33/64 - Performed a throughput benchmark:
33/64 - Performed 2000000 find-or-put operations with random values from [0,...,294399999]
33/64 - Finds: 345715 (0.172857), Inserts: 1654285 (0.827143), Errors: 0 (0)
33/64 - Execution time: 9.58278 seconds
33/64 - Throughput: 208708 ops/sec
25/64 - Performed a throughput benchmark:
25/64 - Performed 2000000 find-or-put operations with random values from [0,...,294399999]
25/64 - Finds: 346127 (0.173064), Inserts: 1653873 (0.826936), Errors: 0 (0)
25/64 - Execution time: 9.59673 seconds
25/64 - Throughput: 208404 ops/sec
18/64 - Performed a throughput benchmark:
18/64 - Performed 2000000 find-or-put operations with random values from [0,...,294399999]
18/64 - Finds: 345344 (0.172672), Inserts: 1654656 (0.827328), Errors: 0 (0)
18/64 - Execution time: 9.59578 seconds
18/64 - Throughput: 208425 ops/sec
24/64 - Performed a throughput benchmark:
24/64 - Performed 2000000 find-or-put operations with random values from [0,...,294399999]
24/64 - Finds: 346135 (0.173068), Inserts: 1653865 (0.826932), Errors: 0 (0)
24/64 - Execution time: 9.59726 seconds
24/64 - Throughput: 208393 ops/sec
39/64 - Performed a throughput benchmark:
39/64 - Performed 2000000 find-or-put operations with random values from [0,...,294399999]
39/64 - Finds: 345647 (0.172823), Inserts: 1654353 (0.827176), Errors: 0 (0)
39/64 - Execution time: 9.59007 seconds
39/64 - Throughput: 208549 ops/sec
29/64 - Performed a throughput benchmark:
29/64 - Performed 2000000 find-or-put operations with random values from [0,...,294399999]
29/64 - Finds: 346409 (0.173205), Inserts: 1653591 (0.826796), Errors: 0 (0)
29/64 - Execution time: 9.57371 seconds
29/64 - Throughput: 208905 ops/sec
23/64 - Performed a throughput benchmark:
23/64 - Performed 2000000 find-or-put operations with random values from [0,...,294399999]
23/64 - Finds: 345646 (0.172823), Inserts: 1654354 (0.827177), Errors: 0 (0)
23/64 - Execution time: 9.57404 seconds
23/64 - Throughput: 208898 ops/sec
32/64 - Performed a throughput benchmark:
32/64 - Performed 2000000 find-or-put operations with random values from [0,...,294399999]
32/64 - Finds: 346445 (0.173223), Inserts: 1653555 (0.826778), Errors: 0 (0)
32/64 - Execution time: 9.60172 seconds
32/64 - Throughput: 208296 ops/sec
22/64 - Performed a throughput benchmark:
22/64 - Performed 2000000 find-or-put operations with random values from [0,...,294399999]
22/64 - Finds: 345917 (0.172958), Inserts: 1654083 (0.827041), Errors: 0 (0)
22/64 - Execution time: 9.58322 seconds
22/64 - Throughput: 208698 ops/sec
16/64 - Performed a throughput benchmark:
16/64 - Performed 2000000 find-or-put operations with random values from [0,...,294399999]
16/64 - Finds: 347644 (0.173822), Inserts: 1652356 (0.826178), Errors: 0 (0)
16/64 - Execution time: 9.59998 seconds
16/64 - Throughput: 208334 ops/sec
14/64 - Performed a throughput benchmark:
14/64 - Performed 2000000 find-or-put operations with random values from [0,...,294399999]
14/64 - Finds: 345870 (0.172935), Inserts: 1654130 (0.827065), Errors: 0 (0)
14/64 - Execution time: 9.57402 seconds
14/64 - Throughput: 208899 ops/sec
40/64 - Performed a throughput benchmark:
40/64 - Performed 2000000 find-or-put operations with random values from [0,...,294399999]
40/64 - Finds: 345485 (0.172742), Inserts: 1654515 (0.827257), Errors: 0 (0)
40/64 - Execution time: 9.58426 seconds
40/64 - Throughput: 208675 ops/sec
43/64 - Performed a throughput benchmark:
43/64 - Performed 2000000 find-or-put operations with random values from [0,...,294399999]
43/64 - Finds: 346262 (0.173131), Inserts: 1653738 (0.826869), Errors: 0 (0)
43/64 - Execution time: 9.59427 seconds
43/64 - Throughput: 208458 ops/sec
38/64 - Performed a throughput benchmark:
38/64 - Performed 2000000 find-or-put operations with random values from [0,...,294399999]
38/64 - Finds: 345622 (0.172811), Inserts: 1654378 (0.827189), Errors: 0 (0)
38/64 - Execution time: 9.58831 seconds
38/64 - Throughput: 208587 ops/sec
20/64 - Performed a throughput benchmark:
20/64 - Performed 2000000 find-or-put operations with random values from [0,...,294399999]
20/64 - Finds: 346961 (0.173481), Inserts: 1653039 (0.826519), Errors: 0 (0)
20/64 - Execution time: 9.59602 seconds
20/64 - Throughput: 208420 ops/sec
35/64 - Performed a throughput benchmark:
35/64 - Performed 2000000 find-or-put operations with random values from [0,...,294399999]
35/64 - Finds: 346890 (0.173445), Inserts: 1653110 (0.826555), Errors: 0 (0)
35/64 - Execution time: 9.59358 seconds
35/64 - Throughput: 208473 ops/sec
19/64 - Performed a throughput benchmark:
19/64 - Performed 2000000 find-or-put operations with random values from [0,...,294399999]
19/64 - Finds: 346247 (0.173124), Inserts: 1653753 (0.826877), Errors: 0 (0)
19/64 - Execution time: 9.58847 seconds
19/64 - Throughput: 208584 ops/sec
30/64 - Performed a throughput benchmark:
30/64 - Performed 2000000 find-or-put operations with random values from [0,...,294399999]
30/64 - Finds: 345886 (0.172943), Inserts: 1654114 (0.827057), Errors: 0 (0)
30/64 - Execution time: 9.61871 seconds
30/64 - Throughput: 207928 ops/sec
31/64 - Performed a throughput benchmark:
31/64 - Performed 2000000 find-or-put operations with random values from [0,...,294399999]
31/64 - Finds: 346347 (0.173174), Inserts: 1653653 (0.826827), Errors: 0 (0)
31/64 - Execution time: 9.62072 seconds
31/64 - Throughput: 207885 ops/sec
36/64 - Performed a throughput benchmark:
36/64 - Performed 2000000 find-or-put operations with random values from [0,...,294399999]
36/64 - Finds: 348175 (0.174088), Inserts: 1651825 (0.825913), Errors: 0 (0)
36/64 - Execution time: 9.63745 seconds
36/64 - Throughput: 207524 ops/sec
37/64 - Performed a throughput benchmark:
37/64 - Performed 2000000 find-or-put operations with random values from [0,...,294399999]
37/64 - Finds: 348623 (0.174312), Inserts: 1651377 (0.825689), Errors: 0 (0)
37/64 - Execution time: 9.63748 seconds
37/64 - Throughput: 207523 ops/sec
17/64 - Performed a throughput benchmark:
17/64 - Performed 2000000 find-or-put operations with random values from [0,...,294399999]
17/64 - Finds: 346657 (0.173328), Inserts: 1653343 (0.826672), Errors: 0 (0)
17/64 - Execution time: 9.61569 seconds
17/64 - Throughput: 207993 ops/sec
26/64 - Performed a throughput benchmark:
26/64 - Performed 2000000 find-or-put operations with random values from [0,...,294399999]
26/64 - Finds: 347108 (0.173554), Inserts: 1652892 (0.826446), Errors: 0 (0)
26/64 - Execution time: 9.6356 seconds
26/64 - Throughput: 207564 ops/sec
27/64 - Performed a throughput benchmark:
27/64 - Performed 2000000 find-or-put operations with random values from [0,...,294399999]
27/64 - Finds: 347241 (0.173621), Inserts: 1652759 (0.82638), Errors: 0 (0)
27/64 - Execution time: 9.6517 seconds
27/64 - Throughput: 207217 ops/sec
6/64 - Performed a throughput benchmark:
6/64 - Performed 2000000 find-or-put operations with random values from [0,...,294399999]
6/64 - Finds: 385472 (0.192736), Inserts: 1614528 (0.807264), Errors: 0 (0)
6/64 - Execution time: 10.6781 seconds
6/64 - Throughput: 187299 ops/sec
3/64 - Performed a throughput benchmark:
3/64 - Performed 2000000 find-or-put operations with random values from [0,...,294399999]
3/64 - Finds: 385220 (0.19261), Inserts: 1614780 (0.80739), Errors: 0 (0)
3/64 - Execution time: 10.6723 seconds
3/64 - Throughput: 187401 ops/sec
1/64 - Performed a throughput benchmark:
1/64 - Performed 2000000 find-or-put operations with random values from [0,...,294399999]
1/64 - Finds: 386100 (0.19305), Inserts: 1613900 (0.80695), Errors: 0 (0)
1/64 - Execution time: 10.7056 seconds
1/64 - Throughput: 186817 ops/sec
13/64 - Performed a throughput benchmark:
13/64 - Performed 2000000 find-or-put operations with random values from [0,...,294399999]
13/64 - Finds: 389879 (0.194939), Inserts: 1610121 (0.80506), Errors: 0 (0)
13/64 - Execution time: 10.8644 seconds
13/64 - Throughput: 184087 ops/sec
7/64 - Performed a throughput benchmark:
7/64 - Performed 2000000 find-or-put operations with random values from [0,...,294399999]
7/64 - Finds: 389717 (0.194858), Inserts: 1610283 (0.805141), Errors: 0 (0)
7/64 - Execution time: 10.8671 seconds
7/64 - Throughput: 184042 ops/sec
11/64 - Performed a throughput benchmark:
11/64 - Performed 2000000 find-or-put operations with random values from [0,...,294399999]
11/64 - Finds: 389483 (0.194742), Inserts: 1610517 (0.805258), Errors: 0 (0)
11/64 - Execution time: 10.8592 seconds
11/64 - Throughput: 184176 ops/sec
2/64 - Performed a throughput benchmark:
2/64 - Performed 2000000 find-or-put operations with random values from [0,...,294399999]
2/64 - Finds: 390794 (0.195397), Inserts: 1609206 (0.804603), Errors: 0 (0)
2/64 - Execution time: 10.8666 seconds
2/64 - Throughput: 184050 ops/sec
8/64 - Performed a throughput benchmark:
8/64 - Performed 2000000 find-or-put operations with random values from [0,...,294399999]
8/64 - Finds: 389970 (0.194985), Inserts: 1610030 (0.805015), Errors: 0 (0)
8/64 - Execution time: 10.868 seconds
8/64 - Throughput: 184027 ops/sec
9/64 - Performed a throughput benchmark:
9/64 - Performed 2000000 find-or-put operations with random values from [0,...,294399999]
9/64 - Finds: 389847 (0.194923), Inserts: 1610153 (0.805076), Errors: 0 (0)
9/64 - Execution time: 10.8552 seconds
9/64 - Throughput: 184244 ops/sec
4/64 - Performed a throughput benchmark:
4/64 - Performed 2000000 find-or-put operations with random values from [0,...,294399999]
4/64 - Finds: 390528 (0.195264), Inserts: 1609472 (0.804736), Errors: 0 (0)
4/64 - Execution time: 10.883 seconds
4/64 - Throughput: 183773 ops/sec
10/64 - Performed a throughput benchmark:
10/64 - Performed 2000000 find-or-put operations with random values from [0,...,294399999]
10/64 - Finds: 390849 (0.195425), Inserts: 1609151 (0.804575), Errors: 0 (0)
10/64 - Execution time: 10.8766 seconds
10/64 - Throughput: 183881 ops/sec
5/64 - Performed a throughput benchmark:
5/64 - Performed 2000000 find-or-put operations with random values from [0,...,294399999]
5/64 - Finds: 390694 (0.195347), Inserts: 1609306 (0.804653), Errors: 0 (0)
5/64 - Execution time: 10.8837 seconds
5/64 - Throughput: 183761 ops/sec
12/64 - Performed a throughput benchmark:
12/64 - Performed 2000000 find-or-put operations with random values from [0,...,294399999]
12/64 - Finds: 390605 (0.195302), Inserts: 1609395 (0.804697), Errors: 0 (0)
12/64 - Execution time: 10.8968 seconds
12/64 - Throughput: 183540 ops/sec
0/64 - Performed a throughput benchmark:
0/64 - Performed 2000000 find-or-put operations with random values from [0,...,294399999]
0/64 - Finds: 391428 (0.195714), Inserts: 1608572 (0.804286), Errors: 0 (0)
0/64 - Execution time: 10.9126 seconds
0/64 - Throughput: 183274 ops/sec
58/64 - Performed a throughput benchmark:
58/64 - Performed 2000000 find-or-put operations with random values from [0,...,294399999]
58/64 - Finds: 411543 (0.205771), Inserts: 1588457 (0.794229), Errors: 0 (0)
58/64 - Execution time: 11.6651 seconds
58/64 - Throughput: 171452 ops/sec
60/64 - Performed a throughput benchmark:
60/64 - Performed 2000000 find-or-put operations with random values from [0,...,294399999]
60/64 - Finds: 416610 (0.208305), Inserts: 1583390 (0.791695), Errors: 0 (0)
60/64 - Execution time: 11.8869 seconds
60/64 - Throughput: 168253 ops/sec
59/64 - Performed a throughput benchmark:
59/64 - Performed 2000000 find-or-put operations with random values from [0,...,294399999]
59/64 - Finds: 416614 (0.208307), Inserts: 1583386 (0.791693), Errors: 0 (0)
59/64 - Execution time: 11.886 seconds
59/64 - Throughput: 168266 ops/sec
62/64 - Performed a throughput benchmark:
62/64 - Performed 2000000 find-or-put operations with random values from [0,...,294399999]
62/64 - Finds: 415391 (0.207696), Inserts: 1584609 (0.792304), Errors: 0 (0)
62/64 - Execution time: 11.8768 seconds
62/64 - Throughput: 168396 ops/sec
50/64 - Performed a throughput benchmark:
50/64 - Performed 2000000 find-or-put operations with random values from [0,...,294399999]
50/64 - Finds: 416122 (0.208061), Inserts: 1583878 (0.791939), Errors: 0 (0)
50/64 - Execution time: 11.8656 seconds
50/64 - Throughput: 168554 ops/sec
63/64 - Performed a throughput benchmark:
63/64 - Performed 2000000 find-or-put operations with random values from [0,...,294399999]
63/64 - Finds: 415581 (0.20779), Inserts: 1584419 (0.79221), Errors: 0 (0)
63/64 - Execution time: 11.8823 seconds
63/64 - Throughput: 168317 ops/sec
61/64 - Performed a throughput benchmark:
61/64 - Performed 2000000 find-or-put operations with random values from [0,...,294399999]
61/64 - Finds: 415819 (0.207909), Inserts: 1584181 (0.792091), Errors: 0 (0)
61/64 - Execution time: 11.8862 seconds
61/64 - Throughput: 168262 ops/sec
51/64 - Performed a throughput benchmark:
51/64 - Performed 2000000 find-or-put operations with random values from [0,...,294399999]
51/64 - Finds: 416284 (0.208142), Inserts: 1583716 (0.791858), Errors: 0 (0)
51/64 - Execution time: 11.8886 seconds
51/64 - Throughput: 168229 ops/sec
56/64 - Performed a throughput benchmark:
56/64 - Performed 2000000 find-or-put operations with random values from [0,...,294399999]
56/64 - Finds: 417755 (0.208877), Inserts: 1582245 (0.791122), Errors: 0 (0)
56/64 - Execution time: 11.9034 seconds
56/64 - Throughput: 168019 ops/sec
52/64 - Performed a throughput benchmark:
52/64 - Performed 2000000 find-or-put operations with random values from [0,...,294399999]
52/64 - Finds: 417017 (0.208509), Inserts: 1582983 (0.791492), Errors: 0 (0)
52/64 - Execution time: 11.8982 seconds
52/64 - Throughput: 168093 ops/sec
53/64 - Performed a throughput benchmark:
53/64 - Performed 2000000 find-or-put operations with random values from [0,...,294399999]
53/64 - Finds: 417051 (0.208526), Inserts: 1582949 (0.791474), Errors: 0 (0)
53/64 - Execution time: 11.9028 seconds
53/64 - Throughput: 168028 ops/sec
54/64 - Performed a throughput benchmark:
54/64 - Performed 2000000 find-or-put operations with random values from [0,...,294399999]
54/64 - Finds: 415762 (0.207881), Inserts: 1584238 (0.792119), Errors: 0 (0)
54/64 - Execution time: 11.9157 seconds
54/64 - Throughput: 167846 ops/sec
57/64 - Performed a throughput benchmark:
57/64 - Performed 2000000 find-or-put operations with random values from [0,...,294399999]
57/64 - Finds: 417812 (0.208906), Inserts: 1582188 (0.791094), Errors: 0 (0)
57/64 - Execution time: 11.9346 seconds
57/64 - Throughput: 167580 ops/sec
45/64 - Performed a throughput benchmark:
45/64 - Performed 2000000 find-or-put operations with random values from [0,...,294399999]
45/64 - Finds: 418522 (0.209261), Inserts: 1581478 (0.790739), Errors: 0 (0)
45/64 - Execution time: 11.9389 seconds
45/64 - Throughput: 167520 ops/sec
55/64 - Performed a throughput benchmark:
55/64 - Performed 2000000 find-or-put operations with random values from [0,...,294399999]
55/64 - Finds: 417236 (0.208618), Inserts: 1582764 (0.791382), Errors: 0 (0)
55/64 - Execution time: 11.935 seconds
55/64 - Throughput: 167575 ops/sec
48/64 - Performed a throughput benchmark:
48/64 - Performed 2000000 find-or-put operations with random values from [0,...,294399999]
48/64 - Finds: 422652 (0.211326), Inserts: 1577348 (0.788674), Errors: 0 (0)
48/64 - Execution time: 12.1242 seconds
48/64 - Throughput: 164960 ops/sec
47/64 - Performed a throughput benchmark:
47/64 - Performed 2000000 find-or-put operations with random values from [0,...,294399999]
47/64 - Finds: 421738 (0.210869), Inserts: 1578262 (0.789131), Errors: 0 (0)
47/64 - Execution time: 12.1237 seconds
47/64 - Throughput: 164966 ops/sec
49/64 - Performed a throughput benchmark:
49/64 - Performed 2000000 find-or-put operations with random values from [0,...,294399999]
49/64 - Finds: 423469 (0.211734), Inserts: 1576531 (0.788265), Errors: 0 (0)
49/64 - Execution time: 12.1501 seconds
49/64 - Throughput: 164608 ops/sec
44/64 - Performed a throughput benchmark:
44/64 - Performed 2000000 find-or-put operations with random values from [0,...,294399999]
44/64 - Finds: 424228 (0.212114), Inserts: 1575772 (0.787886), Errors: 0 (0)
44/64 - Execution time: 12.162 seconds
44/64 - Throughput: 164447 ops/sec
46/64 - Performed a throughput benchmark:
46/64 - Performed 2000000 find-or-put operations with random values from [0,...,294399999]
46/64 - Finds: 424161 (0.212081), Inserts: 1575839 (0.787919), Errors: 0 (0)
46/64 - Execution time: 12.1669 seconds
46/64 - Throughput: 164380 ops/sec
[1441220318.537568] [node001:14937:0]         sys.c:719  MXM  WARN  Conflicting CPU frequencies detected, using: 1371.38
