[1441219196.224337] [node008:21157:0]         sys.c:719  MXM  WARN  Conflicting CPU frequencies detected, using: 1398.75
[1441219196.231906] [node008:21157:0]         mxm.c:185  MXM  WARN  The 'ulimit -s' on the system is set to 'unlimited'. This may have negative performance implications. Please set the heap size to the default value (10240) 
[1441219196.224295] [node008:21156:0]         sys.c:719  MXM  WARN  Conflicting CPU frequencies detected, using: 1398.75
[1441219196.232546] [node008:21156:0]         mxm.c:185  MXM  WARN  The 'ulimit -s' on the system is set to 'unlimited'. This may have negative performance implications. Please set the heap size to the default value (10240) 
[1441219196.429359] [node012:10978:0]         sys.c:719  MXM  WARN  Conflicting CPU frequencies detected, using: 1874.16
[1441219196.435347] [node012:10978:0]         mxm.c:185  MXM  WARN  The 'ulimit -s' on the system is set to 'unlimited'. This may have negative performance implications. Please set the heap size to the default value (10240) 
[1441219196.427788] [node010:10732:0]         sys.c:719  MXM  WARN  Conflicting CPU frequencies detected, using: 1591.78
[1441219196.431083] [node010:10732:0]         mxm.c:185  MXM  WARN  The 'ulimit -s' on the system is set to 'unlimited'. This may have negative performance implications. Please set the heap size to the default value (10240) 
[1441219196.428101] [node015:3404 :0]         sys.c:719  MXM  WARN  Conflicting CPU frequencies detected, using: 1796.44
[1441219196.433236] [node015:3404 :0]         mxm.c:185  MXM  WARN  The 'ulimit -s' on the system is set to 'unlimited'. This may have negative performance implications. Please set the heap size to the default value (10240) 
[1441219196.421653] [node012:10977:0]         sys.c:719  MXM  WARN  Conflicting CPU frequencies detected, using: 1899.28
[1441219196.427025] [node012:10977:0]         mxm.c:185  MXM  WARN  The 'ulimit -s' on the system is set to 'unlimited'. This may have negative performance implications. Please set the heap size to the default value (10240) 
[1441219196.423292] [node015:3403 :0]         sys.c:719  MXM  WARN  Conflicting CPU frequencies detected, using: 1793.81
[1441219196.428979] [node015:3403 :0]         mxm.c:185  MXM  WARN  The 'ulimit -s' on the system is set to 'unlimited'. This may have negative performance implications. Please set the heap size to the default value (10240) 
[1441219196.419523] [node013:11033:0]         sys.c:719  MXM  WARN  Conflicting CPU frequencies detected, using: 1666.97
[1441219196.426499] [node013:11033:0]         mxm.c:185  MXM  WARN  The 'ulimit -s' on the system is set to 'unlimited'. This may have negative performance implications. Please set the heap size to the default value (10240) 
[1441219196.427336] [node009:13215:0]         sys.c:719  MXM  WARN  Conflicting CPU frequencies detected, using: 1772.25
[1441219196.434693] [node009:13215:0]         mxm.c:185  MXM  WARN  The 'ulimit -s' on the system is set to 'unlimited'. This may have negative performance implications. Please set the heap size to the default value (10240) 
[1441219196.425624] [node009:13217:0]         sys.c:719  MXM  WARN  Conflicting CPU frequencies detected, using: 1772.25
[1441219196.432062] [node009:13217:0]         mxm.c:185  MXM  WARN  The 'ulimit -s' on the system is set to 'unlimited'. This may have negative performance implications. Please set the heap size to the default value (10240) 
[1441219196.426562] [node011:10757:0]         sys.c:719  MXM  WARN  Conflicting CPU frequencies detected, using: 1700.06
[1441219196.433616] [node011:10757:0]         mxm.c:185  MXM  WARN  The 'ulimit -s' on the system is set to 'unlimited'. This may have negative performance implications. Please set the heap size to the default value (10240) 
[1441219196.425169] [node011:10759:0]         sys.c:719  MXM  WARN  Conflicting CPU frequencies detected, using: 1700.06
[1441219196.432083] [node011:10759:0]         mxm.c:185  MXM  WARN  The 'ulimit -s' on the system is set to 'unlimited'. This may have negative performance implications. Please set the heap size to the default value (10240) 
[1441219196.431113] [node014:5810 :0]         sys.c:719  MXM  WARN  Conflicting CPU frequencies detected, using: 1689.28
[1441219196.434766] [node014:5810 :0]         mxm.c:185  MXM  WARN  The 'ulimit -s' on the system is set to 'unlimited'. This may have negative performance implications. Please set the heap size to the default value (10240) 
[1441219196.424828] [node010:10727:0]         sys.c:719  MXM  WARN  Conflicting CPU frequencies detected, using: 1591.78
[1441219196.428422] [node010:10727:0]         mxm.c:185  MXM  WARN  The 'ulimit -s' on the system is set to 'unlimited'. This may have negative performance implications. Please set the heap size to the default value (10240) 
[1441219196.433309] [node014:5809 :0]         sys.c:719  MXM  WARN  Conflicting CPU frequencies detected, using: 1689.28
[1441219196.436721] [node014:5809 :0]         mxm.c:185  MXM  WARN  The 'ulimit -s' on the system is set to 'unlimited'. This may have negative performance implications. Please set the heap size to the default value (10240) 
[1441219196.422471] [node013:11038:0]         sys.c:719  MXM  WARN  Conflicting CPU frequencies detected, using: 1666.97
[1441219196.429152] [node013:11038:0]         mxm.c:185  MXM  WARN  The 'ulimit -s' on the system is set to 'unlimited'. This may have negative performance implications. Please set the heap size to the default value (10240) 
UPCR: UPC thread  1 of 16 on node008 (pshm node 0 of 8, process  1 of 16, pid=21157)
UPCR: UPC thread  0 of 16 on node008 (pshm node 0 of 8, process  0 of 16, pid=21156)
UPCR: UPC thread 13 of 16 on node014 (pshm node 6 of 8, process 13 of 16, pid=5809)
UPCR: UPC thread 12 of 16 on node014 (pshm node 6 of 8, process 12 of 16, pid=5810)
UPCR: UPC thread  9 of 16 on node012 (pshm node 4 of 8, process  9 of 16, pid=10977)
UPCR: UPC thread  5 of 16 on node010 (pshm node 2 of 8, process  5 of 16, pid=10727)
UPCR: UPC thread 10 of 16 on node013 (pshm node 5 of 8, process 10 of 16, pid=11038)
UPCR: UPC thread 11 of 16 on node013 (pshm node 5 of 8, process 11 of 16, pid=11033)
UPCR: UPC thread  3 of 16 on node009 (pshm node 1 of 8, process  3 of 16, pid=13217)
UPCR: UPC thread  6 of 16 on node011 (pshm node 3 of 8, process  6 of 16, pid=10757)
UPCR: UPC thread 15 of 16 on node015 (pshm node 7 of 8, process 15 of 16, pid=3403)
UPCR: UPC thread  7 of 16 on node011 (pshm node 3 of 8, process  7 of 16, pid=10759)
UPCR: UPC thread 14 of 16 on node015 (pshm node 7 of 8, process 14 of 16, pid=3404)
UPCR: UPC thread  4 of 16 on node010 (pshm node 2 of 8, process  4 of 16, pid=10732)
UPCR: UPC thread  2 of 16 on node009 (pshm node 1 of 8, process  2 of 16, pid=13215)
UPCR: UPC thread  8 of 16 on node012 (pshm node 4 of 8, process  8 of 16, pid=10978)
0/16 - htable initialized
0/16 - table size: 17179869184 bytes (16384 MB)
0/16 - total number of buckets: 2147483648
0/16 - block size: 1073741824 (1024 MB)
0/16 - number of buckets in block: 134217728
0/16 - number of blocks: 16
8/16 - Performed a throughput benchmark:
8/16 - Performed 2000000 find-or-put operations with random values from [0,...,73599999]
8/16 - Finds: 377172 (0.188586), Inserts: 1622828 (0.811414), Errors: 0 (0)
8/16 - Execution time: 7.14884 seconds
8/16 - Throughput: 279766 ops/sec
10/16 - Performed a throughput benchmark:
10/16 - Performed 2000000 find-or-put operations with random values from [0,...,73599999]
10/16 - Finds: 378021 (0.18901), Inserts: 1621979 (0.81099), Errors: 0 (0)
10/16 - Execution time: 7.14694 seconds
10/16 - Throughput: 279840 ops/sec
6/16 - Performed a throughput benchmark:
6/16 - Performed 2000000 find-or-put operations with random values from [0,...,73599999]
6/16 - Finds: 377142 (0.188571), Inserts: 1622858 (0.811429), Errors: 0 (0)
6/16 - Execution time: 7.15174 seconds
6/16 - Throughput: 279652 ops/sec
7/16 - Performed a throughput benchmark:
7/16 - Performed 2000000 find-or-put operations with random values from [0,...,73599999]
7/16 - Finds: 378718 (0.189359), Inserts: 1621282 (0.810641), Errors: 0 (0)
7/16 - Execution time: 7.15815 seconds
7/16 - Throughput: 279402 ops/sec
11/16 - Performed a throughput benchmark:
11/16 - Performed 2000000 find-or-put operations with random values from [0,...,73599999]
11/16 - Finds: 378688 (0.189344), Inserts: 1621312 (0.810656), Errors: 0 (0)
11/16 - Execution time: 7.16714 seconds
11/16 - Throughput: 279051 ops/sec
15/16 - Performed a throughput benchmark:
15/16 - Performed 2000000 find-or-put operations with random values from [0,...,73599999]
15/16 - Finds: 377655 (0.188828), Inserts: 1622345 (0.811172), Errors: 0 (0)
15/16 - Execution time: 7.16092 seconds
15/16 - Throughput: 279294 ops/sec
9/16 - Performed a throughput benchmark:
9/16 - Performed 2000000 find-or-put operations with random values from [0,...,73599999]
9/16 - Finds: 376606 (0.188303), Inserts: 1623394 (0.811697), Errors: 0 (0)
9/16 - Execution time: 7.15422 seconds
9/16 - Throughput: 279555 ops/sec
13/16 - Performed a throughput benchmark:
13/16 - Performed 2000000 find-or-put operations with random values from [0,...,73599999]
13/16 - Finds: 378865 (0.189433), Inserts: 1621135 (0.810567), Errors: 0 (0)
13/16 - Execution time: 7.17152 seconds
13/16 - Throughput: 278881 ops/sec
12/16 - Performed a throughput benchmark:
12/16 - Performed 2000000 find-or-put operations with random values from [0,...,73599999]
12/16 - Finds: 377826 (0.188913), Inserts: 1622174 (0.811087), Errors: 0 (0)
12/16 - Execution time: 7.16107 seconds
12/16 - Throughput: 279288 ops/sec
14/16 - Performed a throughput benchmark:
14/16 - Performed 2000000 find-or-put operations with random values from [0,...,73599999]
14/16 - Finds: 376993 (0.188497), Inserts: 1623007 (0.811504), Errors: 0 (0)
14/16 - Execution time: 7.15373 seconds
14/16 - Throughput: 279575 ops/sec
4/16 - Performed a throughput benchmark:
4/16 - Performed 2000000 find-or-put operations with random values from [0,...,73599999]
4/16 - Finds: 377326 (0.188663), Inserts: 1622674 (0.811337), Errors: 0 (0)
4/16 - Execution time: 7.15828 seconds
4/16 - Throughput: 279397 ops/sec
1/16 - Performed a throughput benchmark:
1/16 - Performed 2000000 find-or-put operations with random values from [0,...,73599999]
1/16 - Finds: 378329 (0.189165), Inserts: 1621671 (0.810836), Errors: 0 (0)
1/16 - Execution time: 7.18567 seconds
1/16 - Throughput: 278332 ops/sec
2/16 - Performed a throughput benchmark:
2/16 - Performed 2000000 find-or-put operations with random values from [0,...,73599999]
2/16 - Finds: 377476 (0.188738), Inserts: 1622524 (0.811262), Errors: 0 (0)
2/16 - Execution time: 7.17058 seconds
2/16 - Throughput: 278917 ops/sec
3/16 - Performed a throughput benchmark:
3/16 - Performed 2000000 find-or-put operations with random values from [0,...,73599999]
3/16 - Finds: 378145 (0.189073), Inserts: 1621855 (0.810928), Errors: 0 (0)
3/16 - Execution time: 7.16389 seconds
3/16 - Throughput: 279178 ops/sec
0/16 - Performed a throughput benchmark:
0/16 - Performed 2000000 find-or-put operations with random values from [0,...,73599999]
0/16 - Finds: 379653 (0.189827), Inserts: 1620347 (0.810173), Errors: 0 (0)
0/16 - Execution time: 7.20981 seconds
0/16 - Throughput: 277400 ops/sec
5/16 - Performed a throughput benchmark:
5/16 - Performed 2000000 find-or-put operations with random values from [0,...,73599999]
5/16 - Finds: 378150 (0.189075), Inserts: 1621850 (0.810925), Errors: 0 (0)
5/16 - Execution time: 7.17608 seconds
5/16 - Throughput: 278704 ops/sec
[1441219196.208777] [node008:21111:0]         sys.c:719  MXM  WARN  Conflicting CPU frequencies detected, using: 1299.94
