[1441225516.452533] [node001:3472 :0]         sys.c:719  MXM  WARN  Conflicting CPU frequencies detected, using: 1642.78
[1441225516.488763] [node001:3472 :0]         mxm.c:185  MXM  WARN  The 'ulimit -s' on the system is set to 'unlimited'. This may have negative performance implications. Please set the heap size to the default value (10240) 
[1441225516.457277] [node001:3471 :0]         sys.c:719  MXM  WARN  Conflicting CPU frequencies detected, using: 1642.78
[1441225516.495077] [node001:3471 :0]         mxm.c:185  MXM  WARN  The 'ulimit -s' on the system is set to 'unlimited'. This may have negative performance implications. Please set the heap size to the default value (10240) 
[1441225516.844022] [node008:24580:0]         sys.c:719  MXM  WARN  Conflicting CPU frequencies detected, using: 1589.53
[1441225516.850197] [node008:24580:0]         mxm.c:185  MXM  WARN  The 'ulimit -s' on the system is set to 'unlimited'. This may have negative performance implications. Please set the heap size to the default value (10240) 
[1441225516.836412] [node004:3125 :0]         sys.c:719  MXM  WARN  Conflicting CPU frequencies detected, using: 1595.81
[1441225516.840329] [node004:3125 :0]         mxm.c:185  MXM  WARN  The 'ulimit -s' on the system is set to 'unlimited'. This may have negative performance implications. Please set the heap size to the default value (10240) 
[1441225516.889112] [node005:3723 :0]         sys.c:719  MXM  WARN  Conflicting CPU frequencies detected, using: 1500.00
[1441225516.892631] [node005:3723 :0]         mxm.c:185  MXM  WARN  The 'ulimit -s' on the system is set to 'unlimited'. This may have negative performance implications. Please set the heap size to the default value (10240) 
[1441225516.857540] [node003:3700 :0]         sys.c:719  MXM  WARN  Conflicting CPU frequencies detected, using: 1798.12
[1441225516.860780] [node003:3700 :0]         mxm.c:185  MXM  WARN  The 'ulimit -s' on the system is set to 'unlimited'. This may have negative performance implications. Please set the heap size to the default value (10240) 
[1441225516.855972] [node003:3696 :0]         sys.c:719  MXM  WARN  Conflicting CPU frequencies detected, using: 1798.12
[1441225516.859410] [node003:3696 :0]         mxm.c:185  MXM  WARN  The 'ulimit -s' on the system is set to 'unlimited'. This may have negative performance implications. Please set the heap size to the default value (10240) 
[1441225516.851684] [node008:24587:0]         sys.c:719  MXM  WARN  Conflicting CPU frequencies detected, using: 1589.53
[1441225516.857904] [node008:24587:0]         mxm.c:185  MXM  WARN  The 'ulimit -s' on the system is set to 'unlimited'. This may have negative performance implications. Please set the heap size to the default value (10240) 
[1441225516.857938] [node002:5843 :0]         sys.c:719  MXM  WARN  Conflicting CPU frequencies detected, using: 1500.00
[1441225516.861538] [node002:5843 :0]         mxm.c:185  MXM  WARN  The 'ulimit -s' on the system is set to 'unlimited'. This may have negative performance implications. Please set the heap size to the default value (10240) 
[1441225516.853440] [node010:12825:0]         sys.c:719  MXM  WARN  Conflicting CPU frequencies detected, using: 1497.56
[1441225516.857159] [node010:12825:0]         mxm.c:185  MXM  WARN  The 'ulimit -s' on the system is set to 'unlimited'. This may have negative performance implications. Please set the heap size to the default value (10240) 
[1441225516.858092] [node006:2953 :0]         sys.c:719  MXM  WARN  Conflicting CPU frequencies detected, using: 1597.03
[1441225516.861601] [node006:2953 :0]         mxm.c:185  MXM  WARN  The 'ulimit -s' on the system is set to 'unlimited'. This may have negative performance implications. Please set the heap size to the default value (10240) 
[1441225516.876471] [node007:8201 :0]         sys.c:719  MXM  WARN  Conflicting CPU frequencies detected, using: 1595.81
[1441225516.879493] [node007:8201 :0]         mxm.c:185  MXM  WARN  The 'ulimit -s' on the system is set to 'unlimited'. This may have negative performance implications. Please set the heap size to the default value (10240) 
[1441225516.856454] [node007:8184 :0]         sys.c:719  MXM  WARN  Conflicting CPU frequencies detected, using: 1500.00
[1441225516.860106] [node007:8184 :0]         mxm.c:185  MXM  WARN  The 'ulimit -s' on the system is set to 'unlimited'. This may have negative performance implications. Please set the heap size to the default value (10240) 
[1441225516.882176] [node002:5860 :0]         sys.c:719  MXM  WARN  Conflicting CPU frequencies detected, using: 1599.66
[1441225516.885277] [node002:5860 :0]         mxm.c:185  MXM  WARN  The 'ulimit -s' on the system is set to 'unlimited'. This may have negative performance implications. Please set the heap size to the default value (10240) 
[1441225516.906178] [node015:2884 :0]         sys.c:719  MXM  WARN  Conflicting CPU frequencies detected, using: 1576.78
[1441225516.911958] [node015:2884 :0]         mxm.c:185  MXM  WARN  The 'ulimit -s' on the system is set to 'unlimited'. This may have negative performance implications. Please set the heap size to the default value (10240) 
[1441225516.891619] [node006:2970 :0]         sys.c:719  MXM  WARN  Conflicting CPU frequencies detected, using: 1689.28
[1441225516.894890] [node006:2970 :0]         mxm.c:185  MXM  WARN  The 'ulimit -s' on the system is set to 'unlimited'. This may have negative performance implications. Please set the heap size to the default value (10240) 
[1441225516.885109] [node011:12630:0]         sys.c:719  MXM  WARN  Conflicting CPU frequencies detected, using: 1582.59
[1441225516.890928] [node011:12630:0]         mxm.c:185  MXM  WARN  The 'ulimit -s' on the system is set to 'unlimited'. This may have negative performance implications. Please set the heap size to the default value (10240) 
[1441225516.888917] [node005:3722 :0]         sys.c:719  MXM  WARN  Conflicting CPU frequencies detected, using: 1500.00
[1441225516.892495] [node005:3722 :0]         mxm.c:185  MXM  WARN  The 'ulimit -s' on the system is set to 'unlimited'. This may have negative performance implications. Please set the heap size to the default value (10240) 
[1441225516.929228] [node004:3149 :0]         sys.c:719  MXM  WARN  Conflicting CPU frequencies detected, using: 1595.53
[1441225516.932831] [node004:3149 :0]         mxm.c:185  MXM  WARN  The 'ulimit -s' on the system is set to 'unlimited'. This may have negative performance implications. Please set the heap size to the default value (10240) 
[1441225517.022852] [node020:14694:0]         sys.c:719  MXM  WARN  Conflicting CPU frequencies detected, using: 1499.34
[1441225517.028307] [node020:14694:0]         mxm.c:185  MXM  WARN  The 'ulimit -s' on the system is set to 'unlimited'. This may have negative performance implications. Please set the heap size to the default value (10240) 
[1441225517.184835] [node037:21939:0]         sys.c:719  MXM  WARN  Conflicting CPU frequencies detected, using: 1497.00
[1441225517.188473] [node037:21939:0]         mxm.c:185  MXM  WARN  The 'ulimit -s' on the system is set to 'unlimited'. This may have negative performance implications. Please set the heap size to the default value (10240) 
[1441225517.196754] [node034:21233:0]         sys.c:719  MXM  WARN  Conflicting CPU frequencies detected, using: 1396.78
[1441225517.202775] [node034:21233:0]         mxm.c:185  MXM  WARN  The 'ulimit -s' on the system is set to 'unlimited'. This may have negative performance implications. Please set the heap size to the default value (10240) 
[1441225517.158923] [node023:29034:0]         sys.c:719  MXM  WARN  Conflicting CPU frequencies detected, using: 1599.47
[1441225517.164459] [node023:29034:0]         mxm.c:185  MXM  WARN  The 'ulimit -s' on the system is set to 'unlimited'. This may have negative performance implications. Please set the heap size to the default value (10240) 
[1441225517.203007] [node033:22080:0]         sys.c:719  MXM  WARN  Conflicting CPU frequencies detected, using: 1496.91
[1441225517.208687] [node033:22080:0]         mxm.c:185  MXM  WARN  The 'ulimit -s' on the system is set to 'unlimited'. This may have negative performance implications. Please set the heap size to the default value (10240) 
[1441225517.209866] [node030:26132:0]         sys.c:719  MXM  WARN  Conflicting CPU frequencies detected, using: 1500.19
[1441225517.215368] [node030:26132:0]         mxm.c:185  MXM  WARN  The 'ulimit -s' on the system is set to 'unlimited'. This may have negative performance implications. Please set the heap size to the default value (10240) 
[1441225517.211549] [node032:21597:0]         sys.c:719  MXM  WARN  Conflicting CPU frequencies detected, using: 1470.00
[1441225517.217224] [node032:21597:0]         mxm.c:185  MXM  WARN  The 'ulimit -s' on the system is set to 'unlimited'. This may have negative performance implications. Please set the heap size to the default value (10240) 
[1441225517.212540] [node068:29503:0]         sys.c:719  MXM  WARN  Conflicting CPU frequencies detected, using: 1321.22
[1441225517.218701] [node068:29503:0]         mxm.c:185  MXM  WARN  The 'ulimit -s' on the system is set to 'unlimited'. This may have negative performance implications. Please set the heap size to the default value (10240) 
[1441225517.218214] [node066:29490:0]         sys.c:719  MXM  WARN  Conflicting CPU frequencies detected, using: 1299.75
[1441225517.224874] [node066:29490:0]         mxm.c:185  MXM  WARN  The 'ulimit -s' on the system is set to 'unlimited'. This may have negative performance implications. Please set the heap size to the default value (10240) 
[1441225517.186050] [node019:16009:0]         sys.c:719  MXM  WARN  Conflicting CPU frequencies detected, using: 1488.94
[1441225517.189644] [node019:16009:0]         mxm.c:185  MXM  WARN  The 'ulimit -s' on the system is set to 'unlimited'. This may have negative performance implications. Please set the heap size to the default value (10240) 
[1441225517.192294] [node060:29426:0]         sys.c:719  MXM  WARN  Conflicting CPU frequencies detected, using: 1597.22
[1441225517.196470] [node060:29426:0]         mxm.c:185  MXM  WARN  The 'ulimit -s' on the system is set to 'unlimited'. This may have negative performance implications. Please set the heap size to the default value (10240) 
[1441225517.204265] [node025:20268:0]         sys.c:719  MXM  WARN  Conflicting CPU frequencies detected, using: 1599.00
[1441225517.208042] [node025:20268:0]         mxm.c:185  MXM  WARN  The 'ulimit -s' on the system is set to 'unlimited'. This may have negative performance implications. Please set the heap size to the default value (10240) 
[1441225517.202417] [node035:21756:0]         sys.c:719  MXM  WARN  Conflicting CPU frequencies detected, using: 1786.31
[1441225517.205738] [node035:21756:0]         mxm.c:185  MXM  WARN  The 'ulimit -s' on the system is set to 'unlimited'. This may have negative performance implications. Please set the heap size to the default value (10240) 
[1441225517.238441] [node039:21682:0]         sys.c:719  MXM  WARN  Conflicting CPU frequencies detected, using: 1496.81
[1441225517.244298] [node039:21682:0]         mxm.c:185  MXM  WARN  The 'ulimit -s' on the system is set to 'unlimited'. This may have negative performance implications. Please set the heap size to the default value (10240) 
[1441225517.205065] [node058:29343:0]         sys.c:719  MXM  WARN  Conflicting CPU frequencies detected, using: 1794.84
[1441225517.209072] [node058:29343:0]         mxm.c:185  MXM  WARN  The 'ulimit -s' on the system is set to 'unlimited'. This may have negative performance implications. Please set the heap size to the default value (10240) 
[1441225517.202017] [node053:7615 :0]         sys.c:719  MXM  WARN  Conflicting CPU frequencies detected, using: 1700.06
[1441225517.207344] [node053:7615 :0]         mxm.c:185  MXM  WARN  The 'ulimit -s' on the system is set to 'unlimited'. This may have negative performance implications. Please set the heap size to the default value (10240) 
[1441225517.205267] [node029:3187 :0]         sys.c:719  MXM  WARN  Conflicting CPU frequencies detected, using: 1500.00
[1441225517.208887] [node029:3187 :0]         mxm.c:185  MXM  WARN  The 'ulimit -s' on the system is set to 'unlimited'. This may have negative performance implications. Please set the heap size to the default value (10240) 
[1441225517.210457] [node035:21768:0]         sys.c:719  MXM  WARN  Conflicting CPU frequencies detected, using: 1786.31
[1441225517.217250] [node035:21768:0]         mxm.c:185  MXM  WARN  The 'ulimit -s' on the system is set to 'unlimited'. This may have negative performance implications. Please set the heap size to the default value (10240) 
[1441225517.211152] [node010:12849:0]         sys.c:719  MXM  WARN  Conflicting CPU frequencies detected, using: 1486.69
[1441225517.214628] [node010:12849:0]         mxm.c:185  MXM  WARN  The 'ulimit -s' on the system is set to 'unlimited'. This may have negative performance implications. Please set the heap size to the default value (10240) 
[1441225517.218598] [node053:7632 :0]         sys.c:719  MXM  WARN  Conflicting CPU frequencies detected, using: 1886.34
[1441225517.223649] [node053:7632 :0]         mxm.c:185  MXM  WARN  The 'ulimit -s' on the system is set to 'unlimited'. This may have negative performance implications. Please set the heap size to the default value (10240) 
[1441225517.214421] [node023:29055:0]         sys.c:719  MXM  WARN  Conflicting CPU frequencies detected, using: 1693.78
[1441225517.220267] [node023:29055:0]         mxm.c:185  MXM  WARN  The 'ulimit -s' on the system is set to 'unlimited'. This may have negative performance implications. Please set the heap size to the default value (10240) 
[1441225517.203812] [node056:28599:0]         sys.c:719  MXM  WARN  Conflicting CPU frequencies detected, using: 1798.22
[1441225517.209154] [node056:28599:0]         mxm.c:185  MXM  WARN  The 'ulimit -s' on the system is set to 'unlimited'. This may have negative performance implications. Please set the heap size to the default value (10240) 
[1441225517.249162] [node009:15312:0]         sys.c:719  MXM  WARN  Conflicting CPU frequencies detected, using: 1498.41
[1441225517.254838] [node009:15312:0]         mxm.c:185  MXM  WARN  The 'ulimit -s' on the system is set to 'unlimited'. This may have negative performance implications. Please set the heap size to the default value (10240) 
[1441225517.211891] [node063:28859:0]         sys.c:719  MXM  WARN  Conflicting CPU frequencies detected, using: 1564.41
[1441225517.215644] [node063:28859:0]         mxm.c:185  MXM  WARN  The 'ulimit -s' on the system is set to 'unlimited'. This may have negative performance implications. Please set the heap size to the default value (10240) 
[1441225517.212908] [node056:28607:0]         sys.c:719  MXM  WARN  Conflicting CPU frequencies detected, using: 1798.22
[1441225517.219764] [node056:28607:0]         mxm.c:185  MXM  WARN  The 'ulimit -s' on the system is set to 'unlimited'. This may have negative performance implications. Please set the heap size to the default value (10240) 
[1441225517.208969] [node055:28480:0]         sys.c:719  MXM  WARN  Conflicting CPU frequencies detected, using: 1595.62
[1441225517.214492] [node055:28480:0]         mxm.c:185  MXM  WARN  The 'ulimit -s' on the system is set to 'unlimited'. This may have negative performance implications. Please set the heap size to the default value (10240) 
[1441225517.226538] [node060:29443:0]         sys.c:719  MXM  WARN  Conflicting CPU frequencies detected, using: 1673.53
[1441225517.231323] [node060:29443:0]         mxm.c:185  MXM  WARN  The 'ulimit -s' on the system is set to 'unlimited'. This may have negative performance implications. Please set the heap size to the default value (10240) 
[1441225517.255088] [node031:22098:0]         sys.c:719  MXM  WARN  Conflicting CPU frequencies detected, using: 1699.97
[1441225517.263016] [node031:22098:0]         mxm.c:185  MXM  WARN  The 'ulimit -s' on the system is set to 'unlimited'. This may have negative performance implications. Please set the heap size to the default value (10240) 
[1441225517.265180] [node015:2908 :0]         sys.c:719  MXM  WARN  Conflicting CPU frequencies detected, using: 1424.16
[1441225517.270833] [node015:2908 :0]         mxm.c:185  MXM  WARN  The 'ulimit -s' on the system is set to 'unlimited'. This may have negative performance implications. Please set the heap size to the default value (10240) 
[1441225517.265599] [node017:18395:0]         sys.c:719  MXM  WARN  Conflicting CPU frequencies detected, using: 1499.81
[1441225517.270785] [node017:18395:0]         mxm.c:185  MXM  WARN  The 'ulimit -s' on the system is set to 'unlimited'. This may have negative performance implications. Please set the heap size to the default value (10240) 
[1441225517.231203] [node061:28855:0]         sys.c:719  MXM  WARN  Conflicting CPU frequencies detected, using: 1699.97
[1441225517.234651] [node061:28855:0]         mxm.c:185  MXM  WARN  The 'ulimit -s' on the system is set to 'unlimited'. This may have negative performance implications. Please set the heap size to the default value (10240) 
[1441225517.236842] [node052:16945:0]         sys.c:719  MXM  WARN  Conflicting CPU frequencies detected, using: 1898.81
[1441225517.240393] [node052:16945:0]         mxm.c:185  MXM  WARN  The 'ulimit -s' on the system is set to 'unlimited'. This may have negative performance implications. Please set the heap size to the default value (10240) 
[1441225517.226557] [node011:12654:0]         sys.c:719  MXM  WARN  Conflicting CPU frequencies detected, using: 1495.12
[1441225517.232319] [node011:12654:0]         mxm.c:185  MXM  WARN  The 'ulimit -s' on the system is set to 'unlimited'. This may have negative performance implications. Please set the heap size to the default value (10240) 
[1441225517.223772] [node054:28570:0]         sys.c:719  MXM  WARN  Conflicting CPU frequencies detected, using: 1577.25
[1441225517.229067] [node054:28570:0]         mxm.c:185  MXM  WARN  The 'ulimit -s' on the system is set to 'unlimited'. This may have negative performance implications. Please set the heap size to the default value (10240) 
[1441225517.226893] [node057:29234:0]         sys.c:719  MXM  WARN  Conflicting CPU frequencies detected, using: 1527.84
[1441225517.230927] [node057:29234:0]         mxm.c:185  MXM  WARN  The 'ulimit -s' on the system is set to 'unlimited'. This may have negative performance implications. Please set the heap size to the default value (10240) 
[1441225517.239153] [node049:28255:0]         sys.c:719  MXM  WARN  Conflicting CPU frequencies detected, using: 1599.94
[1441225517.242432] [node049:28255:0]         mxm.c:185  MXM  WARN  The 'ulimit -s' on the system is set to 'unlimited'. This may have negative performance implications. Please set the heap size to the default value (10240) 
[1441225517.222790] [node064:28656:0]         sys.c:719  MXM  WARN  Conflicting CPU frequencies detected, using: 1499.91
[1441225517.228286] [node064:28656:0]         mxm.c:185  MXM  WARN  The 'ulimit -s' on the system is set to 'unlimited'. This may have negative performance implications. Please set the heap size to the default value (10240) 
[1441225517.234409] [node049:28253:0]         sys.c:719  MXM  WARN  Conflicting CPU frequencies detected, using: 1599.94
[1441225517.238098] [node049:28253:0]         mxm.c:185  MXM  WARN  The 'ulimit -s' on the system is set to 'unlimited'. This may have negative performance implications. Please set the heap size to the default value (10240) 
[1441225517.234958] [node050:23506:0]         sys.c:719  MXM  WARN  Conflicting CPU frequencies detected, using: 1499.72
[1441225517.238601] [node050:23506:0]         mxm.c:185  MXM  WARN  The 'ulimit -s' on the system is set to 'unlimited'. This may have negative performance implications. Please set the heap size to the default value (10240) 
[1441225517.250636] [node027:23517:0]         sys.c:719  MXM  WARN  Conflicting CPU frequencies detected, using: 1693.22
[1441225517.253931] [node027:23517:0]         mxm.c:185  MXM  WARN  The 'ulimit -s' on the system is set to 'unlimited'. This may have negative performance implications. Please set the heap size to the default value (10240) 
[1441225517.259872] [node050:23523:0]         sys.c:719  MXM  WARN  Conflicting CPU frequencies detected, using: 1697.25
[1441225517.263159] [node050:23523:0]         mxm.c:185  MXM  WARN  The 'ulimit -s' on the system is set to 'unlimited'. This may have negative performance implications. Please set the heap size to the default value (10240) 
[1441225517.242006] [node067:29482:0]         sys.c:719  MXM  WARN  Conflicting CPU frequencies detected, using: 1491.56
[1441225517.248266] [node067:29482:0]         mxm.c:185  MXM  WARN  The 'ulimit -s' on the system is set to 'unlimited'. This may have negative performance implications. Please set the heap size to the default value (10240) 
[1441225517.264717] [node025:20289:0]         sys.c:719  MXM  WARN  Conflicting CPU frequencies detected, using: 1478.62
[1441225517.268128] [node025:20289:0]         mxm.c:185  MXM  WARN  The 'ulimit -s' on the system is set to 'unlimited'. This may have negative performance implications. Please set the heap size to the default value (10240) 
[1441225517.275260] [node061:28872:0]         sys.c:719  MXM  WARN  Conflicting CPU frequencies detected, using: 1800.00
[1441225517.278893] [node061:28872:0]         mxm.c:185  MXM  WARN  The 'ulimit -s' on the system is set to 'unlimited'. This may have negative performance implications. Please set the heap size to the default value (10240) 
[1441225517.269181] [node057:29251:0]         sys.c:719  MXM  WARN  Conflicting CPU frequencies detected, using: 1686.28
[1441225517.273389] [node057:29251:0]         mxm.c:185  MXM  WARN  The 'ulimit -s' on the system is set to 'unlimited'. This may have negative performance implications. Please set the heap size to the default value (10240) 
[1441225517.253255] [node012:12872:0]         sys.c:719  MXM  WARN  Conflicting CPU frequencies detected, using: 1595.81
[1441225517.258755] [node012:12872:0]         mxm.c:185  MXM  WARN  The 'ulimit -s' on the system is set to 'unlimited'. This may have negative performance implications. Please set the heap size to the default value (10240) 
[1441225517.254847] [node031:22099:0]         sys.c:719  MXM  WARN  Conflicting CPU frequencies detected, using: 1699.97
[1441225517.262212] [node031:22099:0]         mxm.c:185  MXM  WARN  The 'ulimit -s' on the system is set to 'unlimited'. This may have negative performance implications. Please set the heap size to the default value (10240) 
[1441225517.284572] [node021:16813:0]         sys.c:719  MXM  WARN  Conflicting CPU frequencies detected, using: 1696.03
[1441225517.288007] [node021:16813:0]         mxm.c:185  MXM  WARN  The 'ulimit -s' on the system is set to 'unlimited'. This may have negative performance implications. Please set the heap size to the default value (10240) 
[1441225517.295406] [node021:16821:0]         sys.c:719  MXM  WARN  Conflicting CPU frequencies detected, using: 1793.62
[1441225517.298291] [node021:16821:0]         mxm.c:185  MXM  WARN  The 'ulimit -s' on the system is set to 'unlimited'. This may have negative performance implications. Please set the heap size to the default value (10240) 
[1441225517.276558] [node042:21524:0]         sys.c:719  MXM  WARN  Conflicting CPU frequencies detected, using: 1698.75
[1441225517.281322] [node042:21524:0]         mxm.c:185  MXM  WARN  The 'ulimit -s' on the system is set to 'unlimited'. This may have negative performance implications. Please set the heap size to the default value (10240) 
[1441225517.278416] [node046:5319 :0]         sys.c:719  MXM  WARN  Conflicting CPU frequencies detected, using: 1599.94
[1441225517.281888] [node046:5319 :0]         mxm.c:185  MXM  WARN  The 'ulimit -s' on the system is set to 'unlimited'. This may have negative performance implications. Please set the heap size to the default value (10240) 
[1441225517.277648] [node055:28503:0]         sys.c:719  MXM  WARN  Conflicting CPU frequencies detected, using: 1627.22
[1441225517.283719] [node055:28503:0]         mxm.c:185  MXM  WARN  The 'ulimit -s' on the system is set to 'unlimited'. This may have negative performance implications. Please set the heap size to the default value (10240) 
[1441225517.320399] [node043:21391:0]         sys.c:719  MXM  WARN  Conflicting CPU frequencies detected, using: 1697.72
[1441225517.328136] [node043:21391:0]         mxm.c:185  MXM  WARN  The 'ulimit -s' on the system is set to 'unlimited'. This may have negative performance implications. Please set the heap size to the default value (10240) 
[1441225517.320410] [node043:21397:0]         sys.c:719  MXM  WARN  Conflicting CPU frequencies detected, using: 1697.72
[1441225517.328894] [node043:21397:0]         mxm.c:185  MXM  WARN  The 'ulimit -s' on the system is set to 'unlimited'. This may have negative performance implications. Please set the heap size to the default value (10240) 
[1441225517.281753] [node020:14718:0]         sys.c:719  MXM  WARN  Conflicting CPU frequencies detected, using: 1500.00
[1441225517.287580] [node020:14718:0]         mxm.c:185  MXM  WARN  The 'ulimit -s' on the system is set to 'unlimited'. This may have negative performance implications. Please set the heap size to the default value (10240) 
[1441225517.329399] [node054:28594:0]         sys.c:719  MXM  WARN  Conflicting CPU frequencies detected, using: 1396.50
[1441225517.335391] [node054:28594:0]         mxm.c:185  MXM  WARN  The 'ulimit -s' on the system is set to 'unlimited'. This may have negative performance implications. Please set the heap size to the default value (10240) 
[1441225517.328672] [node068:29527:0]         sys.c:719  MXM  WARN  Conflicting CPU frequencies detected, using: 1498.50
[1441225517.335133] [node068:29527:0]         mxm.c:185  MXM  WARN  The 'ulimit -s' on the system is set to 'unlimited'. This may have negative performance implications. Please set the heap size to the default value (10240) 
[1441225517.328618] [node018:28702:0]         sys.c:719  MXM  WARN  Conflicting CPU frequencies detected, using: 1688.44
[1441225517.334748] [node018:28702:0]         mxm.c:185  MXM  WARN  The 'ulimit -s' on the system is set to 'unlimited'. This may have negative performance implications. Please set the heap size to the default value (10240) 
[1441225517.311751] [node027:23540:0]         sys.c:719  MXM  WARN  Conflicting CPU frequencies detected, using: 1794.75
[1441225517.314833] [node027:23540:0]         mxm.c:185  MXM  WARN  The 'ulimit -s' on the system is set to 'unlimited'. This may have negative performance implications. Please set the heap size to the default value (10240) 
[1441225517.300493] [node042:21541:0]         sys.c:719  MXM  WARN  Conflicting CPU frequencies detected, using: 1870.59
[1441225517.306042] [node042:21541:0]         mxm.c:185  MXM  WARN  The 'ulimit -s' on the system is set to 'unlimited'. This may have negative performance implications. Please set the heap size to the default value (10240) 
[1441225517.335071] [node066:29514:0]         sys.c:719  MXM  WARN  Conflicting CPU frequencies detected, using: 1496.62
[1441225517.340856] [node066:29514:0]         mxm.c:185  MXM  WARN  The 'ulimit -s' on the system is set to 'unlimited'. This may have negative performance implications. Please set the heap size to the default value (10240) 
[1441225517.339714] [node009:15336:0]         sys.c:719  MXM  WARN  Conflicting CPU frequencies detected, using: 1402.31
[1441225517.345738] [node009:15336:0]         mxm.c:185  MXM  WARN  The 'ulimit -s' on the system is set to 'unlimited'. This may have negative performance implications. Please set the heap size to the default value (10240) 
[1441225517.308867] [node037:21963:0]         sys.c:719  MXM  WARN  Conflicting CPU frequencies detected, using: 1507.97
[1441225517.312420] [node037:21963:0]         mxm.c:185  MXM  WARN  The 'ulimit -s' on the system is set to 'unlimited'. This may have negative performance implications. Please set the heap size to the default value (10240) 
[1441225517.309032] [node064:28679:0]         sys.c:719  MXM  WARN  Conflicting CPU frequencies detected, using: 1870.97
[1441225517.314442] [node064:28679:0]         mxm.c:185  MXM  WARN  The 'ulimit -s' on the system is set to 'unlimited'. This may have negative performance implications. Please set the heap size to the default value (10240) 
[1441225517.305485] [node044:21400:0]         sys.c:719  MXM  WARN  Conflicting CPU frequencies detected, using: 1794.19
[1441225517.310634] [node044:21400:0]         mxm.c:185  MXM  WARN  The 'ulimit -s' on the system is set to 'unlimited'. This may have negative performance implications. Please set the heap size to the default value (10240) 
[1441225517.313971] [node014:5306 :0]         sys.c:719  MXM  WARN  Conflicting CPU frequencies detected, using: 1699.97
[1441225517.317114] [node014:5306 :0]         mxm.c:185  MXM  WARN  The 'ulimit -s' on the system is set to 'unlimited'. This may have negative performance implications. Please set the heap size to the default value (10240) 
[1441225517.311768] [node014:5302 :0]         sys.c:719  MXM  WARN  Conflicting CPU frequencies detected, using: 1699.97
[1441225517.315205] [node014:5302 :0]         mxm.c:185  MXM  WARN  The 'ulimit -s' on the system is set to 'unlimited'. This may have negative performance implications. Please set the heap size to the default value (10240) 
[1441225517.321465] [node046:5336 :0]         sys.c:719  MXM  WARN  Conflicting CPU frequencies detected, using: 1797.00
[1441225517.325097] [node046:5336 :0]         mxm.c:185  MXM  WARN  The 'ulimit -s' on the system is set to 'unlimited'. This may have negative performance implications. Please set the heap size to the default value (10240) 
[1441225517.320845] [node052:16969:0]         sys.c:719  MXM  WARN  Conflicting CPU frequencies detected, using: 1898.81
[1441225517.324235] [node052:16969:0]         mxm.c:185  MXM  WARN  The 'ulimit -s' on the system is set to 'unlimited'. This may have negative performance implications. Please set the heap size to the default value (10240) 
[1441225517.320596] [node029:3211 :0]         sys.c:719  MXM  WARN  Conflicting CPU frequencies detected, using: 1795.31
[1441225517.323936] [node029:3211 :0]         mxm.c:185  MXM  WARN  The 'ulimit -s' on the system is set to 'unlimited'. This may have negative performance implications. Please set the heap size to the default value (10240) 
[1441225517.298660] [node040:21476:0]         sys.c:719  MXM  WARN  Conflicting CPU frequencies detected, using: 1599.94
[1441225517.304115] [node040:21476:0]         mxm.c:185  MXM  WARN  The 'ulimit -s' on the system is set to 'unlimited'. This may have negative performance implications. Please set the heap size to the default value (10240) 
[1441225517.317921] [node063:28883:0]         sys.c:719  MXM  WARN  Conflicting CPU frequencies detected, using: 1699.97
[1441225517.321450] [node063:28883:0]         mxm.c:185  MXM  WARN  The 'ulimit -s' on the system is set to 'unlimited'. This may have negative performance implications. Please set the heap size to the default value (10240) 
[1441225517.315630] [node059:29556:0]         sys.c:719  MXM  WARN  Conflicting CPU frequencies detected, using: 1521.56
[1441225517.319670] [node059:29556:0]         mxm.c:185  MXM  WARN  The 'ulimit -s' on the system is set to 'unlimited'. This may have negative performance implications. Please set the heap size to the default value (10240) 
[1441225517.318061] [node024:29946:0]         sys.c:719  MXM  WARN  Conflicting CPU frequencies detected, using: 1795.41
[1441225517.321336] [node024:29946:0]         mxm.c:185  MXM  WARN  The 'ulimit -s' on the system is set to 'unlimited'. This may have negative performance implications. Please set the heap size to the default value (10240) 
[1441225517.324903] [node051:14037:0]         sys.c:719  MXM  WARN  Conflicting CPU frequencies detected, using: 1699.97
[1441225517.328306] [node051:14037:0]         mxm.c:185  MXM  WARN  The 'ulimit -s' on the system is set to 'unlimited'. This may have negative performance implications. Please set the heap size to the default value (10240) 
[1441225517.325023] [node048:28284:0]         sys.c:719  MXM  WARN  Conflicting CPU frequencies detected, using: 1692.28
[1441225517.328370] [node048:28284:0]         mxm.c:185  MXM  WARN  The 'ulimit -s' on the system is set to 'unlimited'. This may have negative performance implications. Please set the heap size to the default value (10240) 
[1441225517.313366] [node067:29505:0]         sys.c:719  MXM  WARN  Conflicting CPU frequencies detected, using: 1699.97
[1441225517.319591] [node067:29505:0]         mxm.c:185  MXM  WARN  The 'ulimit -s' on the system is set to 'unlimited'. This may have negative performance implications. Please set the heap size to the default value (10240) 
[1441225517.310597] [node013:12908:0]         sys.c:719  MXM  WARN  Conflicting CPU frequencies detected, using: 1621.88
[1441225517.315757] [node013:12908:0]         mxm.c:185  MXM  WARN  The 'ulimit -s' on the system is set to 'unlimited'. This may have negative performance implications. Please set the heap size to the default value (10240) 
[1441225517.312280] [node028:10512:0]         sys.c:719  MXM  WARN  Conflicting CPU frequencies detected, using: 1499.25
[1441225517.316022] [node028:10512:0]         mxm.c:185  MXM  WARN  The 'ulimit -s' on the system is set to 'unlimited'. This may have negative performance implications. Please set the heap size to the default value (10240) 
[1441225517.319532] [node019:16033:0]         sys.c:719  MXM  WARN  Conflicting CPU frequencies detected, using: 1494.84
[1441225517.323312] [node019:16033:0]         mxm.c:185  MXM  WARN  The 'ulimit -s' on the system is set to 'unlimited'. This may have negative performance implications. Please set the heap size to the default value (10240) 
[1441225517.315336] [node065:29485:0]         sys.c:719  MXM  WARN  Conflicting CPU frequencies detected, using: 1482.38
[1441225517.319384] [node065:29485:0]         mxm.c:185  MXM  WARN  The 'ulimit -s' on the system is set to 'unlimited'. This may have negative performance implications. Please set the heap size to the default value (10240) 
[1441225517.322328] [node048:28278:0]         sys.c:719  MXM  WARN  Conflicting CPU frequencies detected, using: 1692.28
[1441225517.325873] [node048:28278:0]         mxm.c:185  MXM  WARN  The 'ulimit -s' on the system is set to 'unlimited'. This may have negative performance implications. Please set the heap size to the default value (10240) 
[1441225517.326711] [node024:29954:0]         sys.c:719  MXM  WARN  Conflicting CPU frequencies detected, using: 1795.41
[1441225517.331476] [node024:29954:0]         mxm.c:185  MXM  WARN  The 'ulimit -s' on the system is set to 'unlimited'. This may have negative performance implications. Please set the heap size to the default value (10240) 
[1441225517.320236] [node040:21490:0]         sys.c:719  MXM  WARN  Conflicting CPU frequencies detected, using: 1693.78
[1441225517.325599] [node040:21490:0]         mxm.c:185  MXM  WARN  The 'ulimit -s' on the system is set to 'unlimited'. This may have negative performance implications. Please set the heap size to the default value (10240) 
[1441225517.323821] [node044:21410:0]         sys.c:719  MXM  WARN  Conflicting CPU frequencies detected, using: 1794.19
[1441225517.329663] [node044:21410:0]         mxm.c:185  MXM  WARN  The 'ulimit -s' on the system is set to 'unlimited'. This may have negative performance implications. Please set the heap size to the default value (10240) 
[1441225517.337232] [node051:14045:0]         sys.c:719  MXM  WARN  Conflicting CPU frequencies detected, using: 1792.59
[1441225517.340360] [node051:14045:0]         mxm.c:185  MXM  WARN  The 'ulimit -s' on the system is set to 'unlimited'. This may have negative performance implications. Please set the heap size to the default value (10240) 
[1441225517.325901] [node036:22015:0]         sys.c:719  MXM  WARN  Conflicting CPU frequencies detected, using: 1687.31
[1441225517.329123] [node036:22015:0]         mxm.c:185  MXM  WARN  The 'ulimit -s' on the system is set to 'unlimited'. This may have negative performance implications. Please set the heap size to the default value (10240) 
[1441225517.336309] [node013:12925:0]         sys.c:719  MXM  WARN  Conflicting CPU frequencies detected, using: 1898.16
[1441225517.341860] [node013:12925:0]         mxm.c:185  MXM  WARN  The 'ulimit -s' on the system is set to 'unlimited'. This may have negative performance implications. Please set the heap size to the default value (10240) 
[1441225517.329000] [node017:18416:0]         sys.c:719  MXM  WARN  Conflicting CPU frequencies detected, using: 1592.16
[1441225517.334091] [node017:18416:0]         mxm.c:185  MXM  WARN  The 'ulimit -s' on the system is set to 'unlimited'. This may have negative performance implications. Please set the heap size to the default value (10240) 
[1441225517.326145] [node047:28206:0]         sys.c:719  MXM  WARN  Conflicting CPU frequencies detected, using: 1492.50
[1441225517.329699] [node047:28206:0]         mxm.c:185  MXM  WARN  The 'ulimit -s' on the system is set to 'unlimited'. This may have negative performance implications. Please set the heap size to the default value (10240) 
[1441225517.346759] [node036:22032:0]         sys.c:719  MXM  WARN  Conflicting CPU frequencies detected, using: 1799.44
[1441225517.349871] [node036:22032:0]         mxm.c:185  MXM  WARN  The 'ulimit -s' on the system is set to 'unlimited'. This may have negative performance implications. Please set the heap size to the default value (10240) 
[1441225517.332026] [node065:29497:0]         sys.c:719  MXM  WARN  Conflicting CPU frequencies detected, using: 1494.19
[1441225517.335955] [node065:29497:0]         mxm.c:185  MXM  WARN  The 'ulimit -s' on the system is set to 'unlimited'. This may have negative performance implications. Please set the heap size to the default value (10240) 
[1441225517.331030] [node039:21706:0]         sys.c:719  MXM  WARN  Conflicting CPU frequencies detected, using: 1595.53
[1441225517.336525] [node039:21706:0]         mxm.c:185  MXM  WARN  The 'ulimit -s' on the system is set to 'unlimited'. This may have negative performance implications. Please set the heap size to the default value (10240) 
[1441225517.326865] [node022:9348 :0]         sys.c:719  MXM  WARN  Conflicting CPU frequencies detected, using: 1699.12
[1441225517.332671] [node022:9348 :0]         mxm.c:185  MXM  WARN  The 'ulimit -s' on the system is set to 'unlimited'. This may have negative performance implications. Please set the heap size to the default value (10240) 
[1441225517.332341] [node012:12895:0]         sys.c:719  MXM  WARN  Conflicting CPU frequencies detected, using: 1595.81
[1441225517.337719] [node012:12895:0]         mxm.c:185  MXM  WARN  The 'ulimit -s' on the system is set to 'unlimited'. This may have negative performance implications. Please set the heap size to the default value (10240) 
[1441225517.323450] [node038:21530:0]         sys.c:719  MXM  WARN  Conflicting CPU frequencies detected, using: 1594.88
[1441225517.328742] [node038:21530:0]         mxm.c:185  MXM  WARN  The 'ulimit -s' on the system is set to 'unlimited'. This may have negative performance implications. Please set the heap size to the default value (10240) 
[1441225517.329999] [node058:29367:0]         sys.c:719  MXM  WARN  Conflicting CPU frequencies detected, using: 1439.34
[1441225517.334133] [node058:29367:0]         mxm.c:185  MXM  WARN  The 'ulimit -s' on the system is set to 'unlimited'. This may have negative performance implications. Please set the heap size to the default value (10240) 
[1441225517.324462] [node045:21631:0]         sys.c:719  MXM  WARN  Conflicting CPU frequencies detected, using: 1598.06
[1441225517.329793] [node045:21631:0]         mxm.c:185  MXM  WARN  The 'ulimit -s' on the system is set to 'unlimited'. This may have negative performance implications. Please set the heap size to the default value (10240) 
[1441225517.329444] [node034:21257:0]         sys.c:719  MXM  WARN  Conflicting CPU frequencies detected, using: 1500.09
[1441225517.335048] [node034:21257:0]         mxm.c:185  MXM  WARN  The 'ulimit -s' on the system is set to 'unlimited'. This may have negative performance implications. Please set the heap size to the default value (10240) 
[1441225517.343855] [node028:10529:0]         sys.c:719  MXM  WARN  Conflicting CPU frequencies detected, using: 1582.22
[1441225517.347418] [node028:10529:0]         mxm.c:185  MXM  WARN  The 'ulimit -s' on the system is set to 'unlimited'. This may have negative performance implications. Please set the heap size to the default value (10240) 
[1441225517.340710] [node022:9358 :0]         sys.c:719  MXM  WARN  Conflicting CPU frequencies detected, using: 1699.12
[1441225517.347163] [node022:9358 :0]         mxm.c:185  MXM  WARN  The 'ulimit -s' on the system is set to 'unlimited'. This may have negative performance implications. Please set the heap size to the default value (10240) 
[1441225517.327336] [node033:22104:0]         sys.c:719  MXM  WARN  Conflicting CPU frequencies detected, using: 1498.41
[1441225517.332754] [node033:22104:0]         mxm.c:185  MXM  WARN  The 'ulimit -s' on the system is set to 'unlimited'. This may have negative performance implications. Please set the heap size to the default value (10240) 
[1441225517.337462] [node062:28709:0]         sys.c:719  MXM  WARN  Conflicting CPU frequencies detected, using: 1771.88
[1441225517.343307] [node062:28709:0]         mxm.c:185  MXM  WARN  The 'ulimit -s' on the system is set to 'unlimited'. This may have negative performance implications. Please set the heap size to the default value (10240) 
[1441225517.331078] [node018:28703:0]         sys.c:719  MXM  WARN  Conflicting CPU frequencies detected, using: 1688.44
[1441225517.337587] [node018:28703:0]         mxm.c:185  MXM  WARN  The 'ulimit -s' on the system is set to 'unlimited'. This may have negative performance implications. Please set the heap size to the default value (10240) 
[1441225517.346370] [node030:26156:0]         sys.c:719  MXM  WARN  Conflicting CPU frequencies detected, using: 1699.31
[1441225517.351816] [node030:26156:0]         mxm.c:185  MXM  WARN  The 'ulimit -s' on the system is set to 'unlimited'. This may have negative performance implications. Please set the heap size to the default value (10240) 
[1441225517.333583] [node062:28707:0]         sys.c:719  MXM  WARN  Conflicting CPU frequencies detected, using: 1771.88
[1441225517.339712] [node062:28707:0]         mxm.c:185  MXM  WARN  The 'ulimit -s' on the system is set to 'unlimited'. This may have negative performance implications. Please set the heap size to the default value (10240) 
[1441225517.333032] [node041:21545:0]         sys.c:719  MXM  WARN  Conflicting CPU frequencies detected, using: 1800.00
[1441225517.338941] [node041:21545:0]         mxm.c:185  MXM  WARN  The 'ulimit -s' on the system is set to 'unlimited'. This may have negative performance implications. Please set the heap size to the default value (10240) 
[1441225517.342237] [node041:21557:0]         sys.c:719  MXM  WARN  Conflicting CPU frequencies detected, using: 1800.00
[1441225517.349193] [node041:21557:0]         mxm.c:185  MXM  WARN  The 'ulimit -s' on the system is set to 'unlimited'. This may have negative performance implications. Please set the heap size to the default value (10240) 
[1441225517.362050] [node047:28223:0]         sys.c:719  MXM  WARN  Conflicting CPU frequencies detected, using: 1583.16
[1441225517.365360] [node047:28223:0]         mxm.c:185  MXM  WARN  The 'ulimit -s' on the system is set to 'unlimited'. This may have negative performance implications. Please set the heap size to the default value (10240) 
[1441225517.371050] [node059:29577:0]         sys.c:719  MXM  WARN  Conflicting CPU frequencies detected, using: 1877.72
[1441225517.374821] [node059:29577:0]         mxm.c:185  MXM  WARN  The 'ulimit -s' on the system is set to 'unlimited'. This may have negative performance implications. Please set the heap size to the default value (10240) 
[1441225517.367695] [node045:21648:0]         sys.c:719  MXM  WARN  Conflicting CPU frequencies detected, using: 1691.72
[1441225517.373317] [node045:21648:0]         mxm.c:185  MXM  WARN  The 'ulimit -s' on the system is set to 'unlimited'. This may have negative performance implications. Please set the heap size to the default value (10240) 
[1441225517.376201] [node038:21547:0]         sys.c:719  MXM  WARN  Conflicting CPU frequencies detected, using: 1599.66
[1441225517.381321] [node038:21547:0]         mxm.c:185  MXM  WARN  The 'ulimit -s' on the system is set to 'unlimited'. This may have negative performance implications. Please set the heap size to the default value (10240) 
[1441225517.365082] [node032:21621:0]         sys.c:719  MXM  WARN  Conflicting CPU frequencies detected, using: 1480.12
[1441225517.370927] [node032:21621:0]         mxm.c:185  MXM  WARN  The 'ulimit -s' on the system is set to 'unlimited'. This may have negative performance implications. Please set the heap size to the default value (10240) 
UPCR: UPC thread   0 of 132 on node001 (pshm node  0 of 66, process   0 of 132, pid=3471)
UPCR: UPC thread   1 of 132 on node001 (pshm node  0 of 66, process   1 of 132, pid=3472)
UPCR: UPC thread 113 of 132 on node059 (pshm node 56 of 66, process 113 of 132, pid=29577)
UPCR: UPC thread 104 of 132 on node055 (pshm node 52 of 66, process 104 of 132, pid=28503)
UPCR: UPC thread  74 of 132 on node040 (pshm node 37 of 66, process  74 of 132, pid=21476)
UPCR: UPC thread 108 of 132 on node057 (pshm node 54 of 66, process 108 of 132, pid=29251)
UPCR: UPC thread 114 of 132 on node060 (pshm node 57 of 66, process 114 of 132, pid=29426)
UPCR: UPC thread 100 of 132 on node053 (pshm node 50 of 66, process 100 of 132, pid=7632)
UPCR: UPC thread  30 of 132 on node017 (pshm node 15 of 66, process  30 of 132, pid=18416)
UPCR: UPC thread 110 of 132 on node058 (pshm node 55 of 66, process 110 of 132, pid=29343)
UPCR: UPC thread  25 of 132 on node013 (pshm node 12 of 66, process  25 of 132, pid=12925)
UPCR: UPC thread  68 of 132 on node037 (pshm node 34 of 66, process  68 of 132, pid=21963)
UPCR: UPC thread   4 of 132 on node003 (pshm node  2 of 66, process   4 of 132, pid=3700)
UPCR: UPC thread  60 of 132 on node033 (pshm node 30 of 66, process  60 of 132, pid=22104)
UPCR: UPC thread 109 of 132 on node057 (pshm node 54 of 66, process 109 of 132, pid=29234)
UPCR: UPC thread  80 of 132 on node043 (pshm node 40 of 66, process  80 of 132, pid=21391)
UPCR: UPC thread  12 of 132 on node007 (pshm node  6 of 66, process  12 of 132, pid=8201)
UPCR: UPC thread  38 of 132 on node021 (pshm node 19 of 66, process  38 of 132, pid=16813)
UPCR: UPC thread  18 of 132 on node010 (pshm node  9 of 66, process  18 of 132, pid=12825)
UPCR: UPC thread 118 of 132 on node062 (pshm node 59 of 66, process 118 of 132, pid=28709)
UPCR: UPC thread  81 of 132 on node043 (pshm node 40 of 66, process  81 of 132, pid=21397)
UPCR: UPC thread 121 of 132 on node063 (pshm node 60 of 66, process 121 of 132, pid=28859)
UPCR: UPC thread  93 of 132 on node049 (pshm node 46 of 66, process  93 of 132, pid=28255)
UPCR: UPC thread 125 of 132 on node065 (pshm node 62 of 66, process 125 of 132, pid=29497)
UPCR: UPC thread 117 of 132 on node061 (pshm node 58 of 66, process 117 of 132, pid=28855)
UPCR: UPC thread  92 of 132 on node049 (pshm node 46 of 66, process  92 of 132, pid=28253)
UPCR: UPC thread 115 of 132 on node060 (pshm node 57 of 66, process 115 of 132, pid=29443)
UPCR: UPC thread   2 of 132 on node002 (pshm node  1 of 66, process   2 of 132, pid=5860)
UPCR: UPC thread  55 of 132 on node030 (pshm node 27 of 66, process  55 of 132, pid=26156)
UPCR: UPC thread  21 of 132 on node011 (pshm node 10 of 66, process  21 of 132, pid=12654)
UPCR: UPC thread 127 of 132 on node066 (pshm node 63 of 66, process 127 of 132, pid=29514)
UPCR: UPC thread  14 of 132 on node008 (pshm node  7 of 66, process  14 of 132, pid=24587)
UPCR: UPC thread  35 of 132 on node019 (pshm node 17 of 66, process  35 of 132, pid=16009)
UPCR: UPC thread  69 of 132 on node037 (pshm node 34 of 66, process  69 of 132, pid=21939)
UPCR: UPC thread  96 of 132 on node051 (pshm node 48 of 66, process  96 of 132, pid=14045)
UPCR: UPC thread  49 of 132 on node027 (pshm node 24 of 66, process  49 of 132, pid=23517)
UPCR: UPC thread  53 of 132 on node029 (pshm node 26 of 66, process  53 of 132, pid=3211)
UPCR: UPC thread   9 of 132 on node005 (pshm node  4 of 66, process   9 of 132, pid=3723)
UPCR: UPC thread 128 of 132 on node067 (pshm node 64 of 66, process 128 of 132, pid=29505)
UPCR: UPC thread 107 of 132 on node056 (pshm node 53 of 66, process 107 of 132, pid=28599)
UPCR: UPC thread 112 of 132 on node059 (pshm node 56 of 66, process 112 of 132, pid=29556)
UPCR: UPC thread  50 of 132 on node028 (pshm node 25 of 66, process  50 of 132, pid=10512)
UPCR: UPC thread  36 of 132 on node020 (pshm node 18 of 66, process  36 of 132, pid=14718)
UPCR: UPC thread  32 of 132 on node018 (pshm node 16 of 66, process  32 of 132, pid=28702)
UPCR: UPC thread  70 of 132 on node038 (pshm node 35 of 66, process  70 of 132, pid=21530)
UPCR: UPC thread  46 of 132 on node025 (pshm node 23 of 66, process  46 of 132, pid=20268)
UPCR: UPC thread  10 of 132 on node006 (pshm node  5 of 66, process  10 of 132, pid=2970)
UPCR: UPC thread  15 of 132 on node008 (pshm node  7 of 66, process  15 of 132, pid=24580)
UPCR: UPC thread  59 of 132 on node032 (pshm node 29 of 66, process  59 of 132, pid=21621)
UPCR: UPC thread 101 of 132 on node053 (pshm node 50 of 66, process 101 of 132, pid=7615)
UPCR: UPC thread  73 of 132 on node039 (pshm node 36 of 66, process  73 of 132, pid=21682)
UPCR: UPC thread  85 of 132 on node045 (pshm node 42 of 66, process  85 of 132, pid=21648)
UPCR: UPC thread  17 of 132 on node009 (pshm node  8 of 66, process  17 of 132, pid=15312)
UPCR: UPC thread  26 of 132 on node014 (pshm node 13 of 66, process  26 of 132, pid=5302)
UPCR: UPC thread  75 of 132 on node040 (pshm node 37 of 66, process  75 of 132, pid=21490)
UPCR: UPC thread  67 of 132 on node036 (pshm node 33 of 66, process  67 of 132, pid=22015)
UPCR: UPC thread 119 of 132 on node062 (pshm node 59 of 66, process 119 of 132, pid=28707)
UPCR: UPC thread  78 of 132 on node042 (pshm node 39 of 66, process  78 of 132, pid=21524)
UPCR: UPC thread  40 of 132 on node022 (pshm node 20 of 66, process  40 of 132, pid=9358)
UPCR: UPC thread  64 of 132 on node035 (pshm node 32 of 66, process  64 of 132, pid=21768)
UPCR: UPC thread  72 of 132 on node039 (pshm node 36 of 66, process  72 of 132, pid=21706)
UPCR: UPC thread  51 of 132 on node028 (pshm node 25 of 66, process  51 of 132, pid=10529)
UPCR: UPC thread  91 of 132 on node048 (pshm node 45 of 66, process  91 of 132, pid=28284)
UPCR: UPC thread  57 of 132 on node031 (pshm node 28 of 66, process  57 of 132, pid=22098)
UPCR: UPC thread  58 of 132 on node032 (pshm node 29 of 66, process  58 of 132, pid=21597)
UPCR: UPC thread  33 of 132 on node018 (pshm node 16 of 66, process  33 of 132, pid=28703)
UPCR: UPC thread  37 of 132 on node020 (pshm node 18 of 66, process  37 of 132, pid=14694)
UPCR: UPC thread  24 of 132 on node013 (pshm node 12 of 66, process  24 of 132, pid=12908)
UPCR: UPC thread 102 of 132 on node054 (pshm node 51 of 66, process 102 of 132, pid=28570)
UPCR: UPC thread  65 of 132 on node035 (pshm node 32 of 66, process  65 of 132, pid=21756)
UPCR: UPC thread  62 of 132 on node034 (pshm node 31 of 66, process  62 of 132, pid=21233)
UPCR: UPC thread   8 of 132 on node005 (pshm node  4 of 66, process   8 of 132, pid=3722)
UPCR: UPC thread   5 of 132 on node003 (pshm node  2 of 66, process   5 of 132, pid=3696)
UPCR: UPC thread  20 of 132 on node011 (pshm node 10 of 66, process  20 of 132, pid=12630)
UPCR: UPC thread  29 of 132 on node015 (pshm node 14 of 66, process  29 of 132, pid=2884)
UPCR: UPC thread 124 of 132 on node065 (pshm node 62 of 66, process 124 of 132, pid=29485)
UPCR: UPC thread  95 of 132 on node050 (pshm node 47 of 66, process  95 of 132, pid=23523)
UPCR: UPC thread 116 of 132 on node061 (pshm node 58 of 66, process 116 of 132, pid=28872)
UPCR: UPC thread  63 of 132 on node034 (pshm node 31 of 66, process  63 of 132, pid=21257)
UPCR: UPC thread 103 of 132 on node054 (pshm node 51 of 66, process 103 of 132, pid=28594)
UPCR: UPC thread  19 of 132 on node010 (pshm node  9 of 66, process  19 of 132, pid=12849)
UPCR: UPC thread   6 of 132 on node004 (pshm node  3 of 66, process   6 of 132, pid=3149)
UPCR: UPC thread 106 of 132 on node056 (pshm node 53 of 66, process 106 of 132, pid=28607)
UPCR: UPC thread   3 of 132 on node002 (pshm node  1 of 66, process   3 of 132, pid=5843)
UPCR: UPC thread 122 of 132 on node064 (pshm node 61 of 66, process 122 of 132, pid=28679)
UPCR: UPC thread  16 of 132 on node009 (pshm node  8 of 66, process  16 of 132, pid=15336)
UPCR: UPC thread 129 of 132 on node067 (pshm node 64 of 66, process 129 of 132, pid=29482)
UPCR: UPC thread  27 of 132 on node014 (pshm node 13 of 66, process  27 of 132, pid=5306)
UPCR: UPC thread   7 of 132 on node004 (pshm node  3 of 66, process   7 of 132, pid=3125)
UPCR: UPC thread  54 of 132 on node030 (pshm node 27 of 66, process  54 of 132, pid=26132)
UPCR: UPC thread  28 of 132 on node015 (pshm node 14 of 66, process  28 of 132, pid=2908)
UPCR: UPC thread  47 of 132 on node025 (pshm node 23 of 66, process  47 of 132, pid=20289)
UPCR: UPC thread  82 of 132 on node044 (pshm node 41 of 66, process  82 of 132, pid=21400)
UPCR: UPC thread  84 of 132 on node045 (pshm node 42 of 66, process  84 of 132, pid=21631)
UPCR: UPC thread  66 of 132 on node036 (pshm node 33 of 66, process  66 of 132, pid=22032)
UPCR: UPC thread  13 of 132 on node007 (pshm node  6 of 66, process  13 of 132, pid=8184)
UPCR: UPC thread 131 of 132 on node068 (pshm node 65 of 66, process 131 of 132, pid=29503)
UPCR: UPC thread  88 of 132 on node047 (pshm node 44 of 66, process  88 of 132, pid=28206)
UPCR: UPC thread 105 of 132 on node055 (pshm node 52 of 66, process 105 of 132, pid=28480)
UPCR: UPC thread  98 of 132 on node052 (pshm node 49 of 66, process  98 of 132, pid=16969)
UPCR: UPC thread  99 of 132 on node052 (pshm node 49 of 66, process  99 of 132, pid=16945)
UPCR: UPC thread  11 of 132 on node006 (pshm node  5 of 66, process  11 of 132, pid=2953)
UPCR: UPC thread  31 of 132 on node017 (pshm node 15 of 66, process  31 of 132, pid=18395)
UPCR: UPC thread  41 of 132 on node022 (pshm node 20 of 66, process  41 of 132, pid=9348)
UPCR: UPC thread  76 of 132 on node041 (pshm node 38 of 66, process  76 of 132, pid=21557)
UPCR: UPC thread 120 of 132 on node063 (pshm node 60 of 66, process 120 of 132, pid=28883)
UPCR: UPC thread  45 of 132 on node024 (pshm node 22 of 66, process  45 of 132, pid=29946)
UPCR: UPC thread  44 of 132 on node024 (pshm node 22 of 66, process  44 of 132, pid=29954)
UPCR: UPC thread 126 of 132 on node066 (pshm node 63 of 66, process 126 of 132, pid=29490)
UPCR: UPC thread 111 of 132 on node058 (pshm node 55 of 66, process 111 of 132, pid=29367)
UPCR: UPC thread  52 of 132 on node029 (pshm node 26 of 66, process  52 of 132, pid=3187)
UPCR: UPC thread  97 of 132 on node051 (pshm node 48 of 66, process  97 of 132, pid=14037)
UPCR: UPC thread  22 of 132 on node012 (pshm node 11 of 66, process  22 of 132, pid=12895)
UPCR: UPC thread  43 of 132 on node023 (pshm node 21 of 66, process  43 of 132, pid=29055)
UPCR: UPC thread  90 of 132 on node048 (pshm node 45 of 66, process  90 of 132, pid=28278)
UPCR: UPC thread  61 of 132 on node033 (pshm node 30 of 66, process  61 of 132, pid=22080)
UPCR: UPC thread  87 of 132 on node046 (pshm node 43 of 66, process  87 of 132, pid=5319)
UPCR: UPC thread 130 of 132 on node068 (pshm node 65 of 66, process 130 of 132, pid=29527)
UPCR: UPC thread  83 of 132 on node044 (pshm node 41 of 66, process  83 of 132, pid=21410)
UPCR: UPC thread  39 of 132 on node021 (pshm node 19 of 66, process  39 of 132, pid=16821)
UPCR: UPC thread  48 of 132 on node027 (pshm node 24 of 66, process  48 of 132, pid=23540)
UPCR: UPC thread  89 of 132 on node047 (pshm node 44 of 66, process  89 of 132, pid=28223)
UPCR: UPC thread 123 of 132 on node064 (pshm node 61 of 66, process 123 of 132, pid=28656)
UPCR: UPC thread  34 of 132 on node019 (pshm node 17 of 66, process  34 of 132, pid=16033)
UPCR: UPC thread  86 of 132 on node046 (pshm node 43 of 66, process  86 of 132, pid=5336)
UPCR: UPC thread  42 of 132 on node023 (pshm node 21 of 66, process  42 of 132, pid=29034)
UPCR: UPC thread  77 of 132 on node041 (pshm node 38 of 66, process  77 of 132, pid=21545)
UPCR: UPC thread  71 of 132 on node038 (pshm node 35 of 66, process  71 of 132, pid=21547)
UPCR: UPC thread  56 of 132 on node031 (pshm node 28 of 66, process  56 of 132, pid=22099)
UPCR: UPC thread  23 of 132 on node012 (pshm node 11 of 66, process  23 of 132, pid=12872)
UPCR: UPC thread  94 of 132 on node050 (pshm node 47 of 66, process  94 of 132, pid=23506)
UPCR: UPC thread  79 of 132 on node042 (pshm node 39 of 66, process  79 of 132, pid=21541)
0/132 - htable initialized
0/132 - table size: 141733920768 bytes (135168 MB)
0/132 - total number of buckets: 17716740096
0/132 - block size: 1073741824 (1024 MB)
0/132 - number of buckets in block: 134217728
0/132 - number of blocks: 132
110/132 - Performed a throughput benchmark:
110/132 - Performed 2000000 find-or-put operations with random values from [0,...,607199998]
110/132 - Finds: 363482 (0.181741), Inserts: 1636518 (0.818259), Errors: 0 (0)
110/132 - Execution time: 10.2182 seconds
110/132 - Throughput: 195730 ops/sec
108/132 - Performed a throughput benchmark:
108/132 - Performed 2000000 find-or-put operations with random values from [0,...,607199998]
108/132 - Finds: 363598 (0.181799), Inserts: 1636402 (0.818201), Errors: 0 (0)
108/132 - Execution time: 10.2419 seconds
108/132 - Throughput: 195277 ops/sec
111/132 - Performed a throughput benchmark:
111/132 - Performed 2000000 find-or-put operations with random values from [0,...,607199998]
111/132 - Finds: 364692 (0.182346), Inserts: 1635308 (0.817654), Errors: 0 (0)
111/132 - Execution time: 10.2417 seconds
111/132 - Throughput: 195281 ops/sec
105/132 - Performed a throughput benchmark:
105/132 - Performed 2000000 find-or-put operations with random values from [0,...,607199998]
105/132 - Finds: 363107 (0.181554), Inserts: 1636893 (0.818446), Errors: 0 (0)
105/132 - Execution time: 10.2455 seconds
105/132 - Throughput: 195207 ops/sec
128/132 - Performed a throughput benchmark:
128/132 - Performed 2000000 find-or-put operations with random values from [0,...,607199998]
128/132 - Finds: 363736 (0.181868), Inserts: 1636264 (0.818132), Errors: 0 (0)
128/132 - Execution time: 10.2518 seconds
128/132 - Throughput: 195087 ops/sec
107/132 - Performed a throughput benchmark:
107/132 - Performed 2000000 find-or-put operations with random values from [0,...,607199998]
107/132 - Finds: 363717 (0.181859), Inserts: 1636283 (0.818141), Errors: 0 (0)
107/132 - Execution time: 10.2503 seconds
107/132 - Throughput: 195116 ops/sec
106/132 - Performed a throughput benchmark:
106/132 - Performed 2000000 find-or-put operations with random values from [0,...,607199998]
106/132 - Finds: 363233 (0.181616), Inserts: 1636767 (0.818384), Errors: 0 (0)
106/132 - Execution time: 10.2246 seconds
106/132 - Throughput: 195606 ops/sec
120/132 - Performed a throughput benchmark:
120/132 - Performed 2000000 find-or-put operations with random values from [0,...,607199998]
120/132 - Finds: 364254 (0.182127), Inserts: 1635746 (0.817873), Errors: 0 (0)
120/132 - Execution time: 10.2497 seconds
120/132 - Throughput: 195127 ops/sec
116/132 - Performed a throughput benchmark:
116/132 - Performed 2000000 find-or-put operations with random values from [0,...,607199998]
116/132 - Finds: 363507 (0.181754), Inserts: 1636493 (0.818246), Errors: 0 (0)
116/132 - Execution time: 10.2556 seconds
116/132 - Throughput: 195015 ops/sec
42/132 - Performed a throughput benchmark:
42/132 - Performed 2000000 find-or-put operations with random values from [0,...,607199998]
42/132 - Finds: 364238 (0.182119), Inserts: 1635762 (0.817881), Errors: 0 (0)
42/132 - Execution time: 10.2556 seconds
42/132 - Throughput: 195015 ops/sec
24/132 - Performed a throughput benchmark:
24/132 - Performed 2000000 find-or-put operations with random values from [0,...,607199998]
24/132 - Finds: 364697 (0.182348), Inserts: 1635303 (0.817651), Errors: 0 (0)
24/132 - Execution time: 10.2363 seconds
24/132 - Throughput: 195383 ops/sec
121/132 - Performed a throughput benchmark:
121/132 - Performed 2000000 find-or-put operations with random values from [0,...,607199998]
121/132 - Finds: 363640 (0.18182), Inserts: 1636360 (0.81818), Errors: 0 (0)
121/132 - Execution time: 10.24 seconds
121/132 - Throughput: 195312 ops/sec
112/132 - Performed a throughput benchmark:
112/132 - Performed 2000000 find-or-put operations with random values from [0,...,607199998]
112/132 - Finds: 363735 (0.181867), Inserts: 1636265 (0.818133), Errors: 0 (0)
112/132 - Execution time: 10.2501 seconds
112/132 - Throughput: 195120 ops/sec
129/132 - Performed a throughput benchmark:
129/132 - Performed 2000000 find-or-put operations with random values from [0,...,607199998]
129/132 - Finds: 363444 (0.181722), Inserts: 1636556 (0.818278), Errors: 0 (0)
129/132 - Execution time: 10.2497 seconds
129/132 - Throughput: 195127 ops/sec
102/132 - Performed a throughput benchmark:
102/132 - Performed 2000000 find-or-put operations with random values from [0,...,607199998]
102/132 - Finds: 363897 (0.181949), Inserts: 1636103 (0.818052), Errors: 0 (0)
102/132 - Execution time: 10.2556 seconds
102/132 - Throughput: 195015 ops/sec
104/132 - Performed a throughput benchmark:
104/132 - Performed 2000000 find-or-put operations with random values from [0,...,607199998]
104/132 - Finds: 363868 (0.181934), Inserts: 1636132 (0.818066), Errors: 0 (0)
104/132 - Execution time: 10.2412 seconds
104/132 - Throughput: 195290 ops/sec
109/132 - Performed a throughput benchmark:
109/132 - Performed 2000000 find-or-put operations with random values from [0,...,607199998]
109/132 - Finds: 364532 (0.182266), Inserts: 1635468 (0.817734), Errors: 0 (0)
109/132 - Execution time: 10.2644 seconds
109/132 - Throughput: 194848 ops/sec
118/132 - Performed a throughput benchmark:
118/132 - Performed 2000000 find-or-put operations with random values from [0,...,607199998]
118/132 - Finds: 364505 (0.182253), Inserts: 1635495 (0.817747), Errors: 0 (0)
118/132 - Execution time: 10.2767 seconds
118/132 - Throughput: 194615 ops/sec
25/132 - Performed a throughput benchmark:
25/132 - Performed 2000000 find-or-put operations with random values from [0,...,607199998]
25/132 - Finds: 363408 (0.181704), Inserts: 1636592 (0.818296), Errors: 0 (0)
25/132 - Execution time: 10.2577 seconds
25/132 - Throughput: 194976 ops/sec
32/132 - Performed a throughput benchmark:
32/132 - Performed 2000000 find-or-put operations with random values from [0,...,607199998]
32/132 - Finds: 365319 (0.18266), Inserts: 1634681 (0.817341), Errors: 0 (0)
32/132 - Execution time: 10.2752 seconds
32/132 - Throughput: 194643 ops/sec
103/132 - Performed a throughput benchmark:
103/132 - Performed 2000000 find-or-put operations with random values from [0,...,607199998]
103/132 - Finds: 365459 (0.182729), Inserts: 1634541 (0.817271), Errors: 0 (0)
103/132 - Execution time: 10.2799 seconds
103/132 - Throughput: 194554 ops/sec
117/132 - Performed a throughput benchmark:
117/132 - Performed 2000000 find-or-put operations with random values from [0,...,607199998]
117/132 - Finds: 365010 (0.182505), Inserts: 1634990 (0.817495), Errors: 0 (0)
117/132 - Execution time: 10.2892 seconds
117/132 - Throughput: 194378 ops/sec
114/132 - Performed a throughput benchmark:
114/132 - Performed 2000000 find-or-put operations with random values from [0,...,607199998]
114/132 - Finds: 363994 (0.181997), Inserts: 1636006 (0.818003), Errors: 0 (0)
114/132 - Execution time: 10.2641 seconds
114/132 - Throughput: 194855 ops/sec
20/132 - Performed a throughput benchmark:
20/132 - Performed 2000000 find-or-put operations with random values from [0,...,607199998]
20/132 - Finds: 364651 (0.182326), Inserts: 1635349 (0.817674), Errors: 0 (0)
20/132 - Execution time: 10.2795 seconds
20/132 - Throughput: 194562 ops/sec
122/132 - Performed a throughput benchmark:
122/132 - Performed 2000000 find-or-put operations with random values from [0,...,607199998]
122/132 - Finds: 364724 (0.182362), Inserts: 1635276 (0.817638), Errors: 0 (0)
122/132 - Execution time: 10.2685 seconds
122/132 - Throughput: 194771 ops/sec
115/132 - Performed a throughput benchmark:
115/132 - Performed 2000000 find-or-put operations with random values from [0,...,607199998]
115/132 - Finds: 364542 (0.182271), Inserts: 1635458 (0.817729), Errors: 0 (0)
115/132 - Execution time: 10.2825 seconds
115/132 - Throughput: 194506 ops/sec
100/132 - Performed a throughput benchmark:
100/132 - Performed 2000000 find-or-put operations with random values from [0,...,607199998]
100/132 - Finds: 365715 (0.182858), Inserts: 1634285 (0.817142), Errors: 0 (0)
100/132 - Execution time: 10.2699 seconds
100/132 - Throughput: 194744 ops/sec
15/132 - Performed a throughput benchmark:
15/132 - Performed 2000000 find-or-put operations with random values from [0,...,607199998]
15/132 - Finds: 365629 (0.182814), Inserts: 1634371 (0.817186), Errors: 0 (0)
15/132 - Execution time: 10.2944 seconds
15/132 - Throughput: 194281 ops/sec
19/132 - Performed a throughput benchmark:
19/132 - Performed 2000000 find-or-put operations with random values from [0,...,607199998]
19/132 - Finds: 364986 (0.182493), Inserts: 1635014 (0.817507), Errors: 0 (0)
19/132 - Execution time: 10.2909 seconds
19/132 - Throughput: 194346 ops/sec
56/132 - Performed a throughput benchmark:
56/132 - Performed 2000000 find-or-put operations with random values from [0,...,607199998]
56/132 - Finds: 365701 (0.18285), Inserts: 1634299 (0.817149), Errors: 0 (0)
56/132 - Execution time: 10.2984 seconds
56/132 - Throughput: 194205 ops/sec
123/132 - Performed a throughput benchmark:
123/132 - Performed 2000000 find-or-put operations with random values from [0,...,607199998]
123/132 - Finds: 364332 (0.182166), Inserts: 1635668 (0.817834), Errors: 0 (0)
123/132 - Execution time: 10.286 seconds
123/132 - Throughput: 194440 ops/sec
62/132 - Performed a throughput benchmark:
62/132 - Performed 2000000 find-or-put operations with random values from [0,...,607199998]
62/132 - Finds: 365432 (0.182716), Inserts: 1634568 (0.817284), Errors: 0 (0)
62/132 - Execution time: 10.297 seconds
62/132 - Throughput: 194230 ops/sec
26/132 - Performed a throughput benchmark:
26/132 - Performed 2000000 find-or-put operations with random values from [0,...,607199998]
26/132 - Finds: 364417 (0.182208), Inserts: 1635583 (0.817792), Errors: 0 (0)
26/132 - Execution time: 10.2753 seconds
26/132 - Throughput: 194641 ops/sec
23/132 - Performed a throughput benchmark:
23/132 - Performed 2000000 find-or-put operations with random values from [0,...,607199998]
23/132 - Finds: 365088 (0.182544), Inserts: 1634912 (0.817456), Errors: 0 (0)
23/132 - Execution time: 10.2986 seconds
23/132 - Throughput: 194200 ops/sec
34/132 - Performed a throughput benchmark:
34/132 - Performed 2000000 find-or-put operations with random values from [0,...,607199998]
34/132 - Finds: 364214 (0.182107), Inserts: 1635786 (0.817893), Errors: 0 (0)
34/132 - Execution time: 10.2634 seconds
34/132 - Throughput: 194867 ops/sec
43/132 - Performed a throughput benchmark:
43/132 - Performed 2000000 find-or-put operations with random values from [0,...,607199998]
43/132 - Finds: 365335 (0.182668), Inserts: 1634665 (0.817333), Errors: 0 (0)
43/132 - Execution time: 10.28 seconds
43/132 - Throughput: 194553 ops/sec
14/132 - Performed a throughput benchmark:
14/132 - Performed 2000000 find-or-put operations with random values from [0,...,607199998]
14/132 - Finds: 365882 (0.182941), Inserts: 1634118 (0.817059), Errors: 0 (0)
14/132 - Execution time: 10.2859 seconds
14/132 - Throughput: 194441 ops/sec
74/132 - Performed a throughput benchmark:
74/132 - Performed 2000000 find-or-put operations with random values from [0,...,607199998]
74/132 - Finds: 365500 (0.18275), Inserts: 1634500 (0.81725), Errors: 0 (0)
74/132 - Execution time: 10.2893 seconds
74/132 - Throughput: 194378 ops/sec
30/132 - Performed a throughput benchmark:
30/132 - Performed 2000000 find-or-put operations with random values from [0,...,607199998]
30/132 - Finds: 364277 (0.182139), Inserts: 1635723 (0.817862), Errors: 0 (0)
30/132 - Execution time: 10.2742 seconds
30/132 - Throughput: 194663 ops/sec
18/132 - Performed a throughput benchmark:
18/132 - Performed 2000000 find-or-put operations with random values from [0,...,607199998]
18/132 - Finds: 365167 (0.182584), Inserts: 1634833 (0.817416), Errors: 0 (0)
18/132 - Execution time: 10.2744 seconds
18/132 - Throughput: 194658 ops/sec
29/132 - Performed a throughput benchmark:
29/132 - Performed 2000000 find-or-put operations with random values from [0,...,607199998]
29/132 - Finds: 364577 (0.182288), Inserts: 1635423 (0.817712), Errors: 0 (0)
29/132 - Execution time: 10.29 seconds
29/132 - Throughput: 194364 ops/sec
31/132 - Performed a throughput benchmark:
31/132 - Performed 2000000 find-or-put operations with random values from [0,...,607199998]
31/132 - Finds: 364655 (0.182328), Inserts: 1635345 (0.817673), Errors: 0 (0)
31/132 - Execution time: 10.2922 seconds
31/132 - Throughput: 194323 ops/sec
124/132 - Performed a throughput benchmark:
124/132 - Performed 2000000 find-or-put operations with random values from [0,...,607199998]
124/132 - Finds: 365345 (0.182672), Inserts: 1634655 (0.817327), Errors: 0 (0)
124/132 - Execution time: 10.2737 seconds
124/132 - Throughput: 194672 ops/sec
101/132 - Performed a throughput benchmark:
101/132 - Performed 2000000 find-or-put operations with random values from [0,...,607199998]
101/132 - Finds: 364734 (0.182367), Inserts: 1635266 (0.817633), Errors: 0 (0)
101/132 - Execution time: 10.292 seconds
101/132 - Throughput: 194325 ops/sec
28/132 - Performed a throughput benchmark:
28/132 - Performed 2000000 find-or-put operations with random values from [0,...,607199998]
28/132 - Finds: 365159 (0.18258), Inserts: 1634841 (0.81742), Errors: 0 (0)
28/132 - Execution time: 10.2801 seconds
28/132 - Throughput: 194550 ops/sec
113/132 - Performed a throughput benchmark:
113/132 - Performed 2000000 find-or-put operations with random values from [0,...,607199998]
113/132 - Finds: 365040 (0.18252), Inserts: 1634960 (0.81748), Errors: 0 (0)
113/132 - Execution time: 10.2674 seconds
113/132 - Throughput: 194792 ops/sec
22/132 - Performed a throughput benchmark:
22/132 - Performed 2000000 find-or-put operations with random values from [0,...,607199998]
22/132 - Finds: 364893 (0.182447), Inserts: 1635107 (0.817554), Errors: 0 (0)
22/132 - Execution time: 10.273 seconds
22/132 - Throughput: 194685 ops/sec
36/132 - Performed a throughput benchmark:
36/132 - Performed 2000000 find-or-put operations with random values from [0,...,607199998]
36/132 - Finds: 365255 (0.182627), Inserts: 1634745 (0.817372), Errors: 0 (0)
36/132 - Execution time: 10.2991 seconds
36/132 - Throughput: 194191 ops/sec
127/132 - Performed a throughput benchmark:
127/132 - Performed 2000000 find-or-put operations with random values from [0,...,607199998]
127/132 - Finds: 364416 (0.182208), Inserts: 1635584 (0.817792), Errors: 0 (0)
127/132 - Execution time: 10.2927 seconds
127/132 - Throughput: 194312 ops/sec
119/132 - Performed a throughput benchmark:
119/132 - Performed 2000000 find-or-put operations with random values from [0,...,607199998]
119/132 - Finds: 365022 (0.182511), Inserts: 1634978 (0.817489), Errors: 0 (0)
119/132 - Execution time: 10.2833 seconds
119/132 - Throughput: 194491 ops/sec
35/132 - Performed a throughput benchmark:
35/132 - Performed 2000000 find-or-put operations with random values from [0,...,607199998]
35/132 - Finds: 364527 (0.182263), Inserts: 1635473 (0.817736), Errors: 0 (0)
35/132 - Execution time: 10.2893 seconds
35/132 - Throughput: 194376 ops/sec
40/132 - Performed a throughput benchmark:
40/132 - Performed 2000000 find-or-put operations with random values from [0,...,607199998]
40/132 - Finds: 366260 (0.18313), Inserts: 1633740 (0.81687), Errors: 0 (0)
40/132 - Execution time: 10.3014 seconds
40/132 - Throughput: 194149 ops/sec
33/132 - Performed a throughput benchmark:
33/132 - Performed 2000000 find-or-put operations with random values from [0,...,607199998]
33/132 - Finds: 365603 (0.182802), Inserts: 1634397 (0.817199), Errors: 0 (0)
33/132 - Execution time: 10.2941 seconds
33/132 - Throughput: 194286 ops/sec
84/132 - Performed a throughput benchmark:
84/132 - Performed 2000000 find-or-put operations with random values from [0,...,607199998]
84/132 - Finds: 365693 (0.182846), Inserts: 1634307 (0.817153), Errors: 0 (0)
84/132 - Execution time: 10.3212 seconds
84/132 - Throughput: 193776 ops/sec
81/132 - Performed a throughput benchmark:
81/132 - Performed 2000000 find-or-put operations with random values from [0,...,607199998]
81/132 - Finds: 366014 (0.183007), Inserts: 1633986 (0.816993), Errors: 0 (0)
81/132 - Execution time: 10.3233 seconds
81/132 - Throughput: 193736 ops/sec
37/132 - Performed a throughput benchmark:
37/132 - Performed 2000000 find-or-put operations with random values from [0,...,607199998]
37/132 - Finds: 366304 (0.183152), Inserts: 1633696 (0.816848), Errors: 0 (0)
37/132 - Execution time: 10.316 seconds
37/132 - Throughput: 193873 ops/sec
125/132 - Performed a throughput benchmark:
125/132 - Performed 2000000 find-or-put operations with random values from [0,...,607199998]
125/132 - Finds: 366098 (0.183049), Inserts: 1633902 (0.816951), Errors: 0 (0)
125/132 - Execution time: 10.3034 seconds
125/132 - Throughput: 194111 ops/sec
63/132 - Performed a throughput benchmark:
63/132 - Performed 2000000 find-or-put operations with random values from [0,...,607199998]
63/132 - Finds: 364957 (0.182478), Inserts: 1635043 (0.817522), Errors: 0 (0)
63/132 - Execution time: 10.3067 seconds
63/132 - Throughput: 194049 ops/sec
21/132 - Performed a throughput benchmark:
21/132 - Performed 2000000 find-or-put operations with random values from [0,...,607199998]
21/132 - Finds: 364487 (0.182244), Inserts: 1635513 (0.817756), Errors: 0 (0)
21/132 - Execution time: 10.2935 seconds
21/132 - Throughput: 194297 ops/sec
85/132 - Performed a throughput benchmark:
85/132 - Performed 2000000 find-or-put operations with random values from [0,...,607199998]
85/132 - Finds: 366084 (0.183042), Inserts: 1633916 (0.816958), Errors: 0 (0)
85/132 - Execution time: 10.3342 seconds
85/132 - Throughput: 193532 ops/sec
57/132 - Performed a throughput benchmark:
57/132 - Performed 2000000 find-or-put operations with random values from [0,...,607199998]
57/132 - Finds: 365496 (0.182748), Inserts: 1634504 (0.817252), Errors: 0 (0)
57/132 - Execution time: 10.3071 seconds
57/132 - Throughput: 194041 ops/sec
64/132 - Performed a throughput benchmark:
64/132 - Performed 2000000 find-or-put operations with random values from [0,...,607199998]
64/132 - Finds: 365815 (0.182908), Inserts: 1634185 (0.817092), Errors: 0 (0)
64/132 - Execution time: 10.3178 seconds
64/132 - Throughput: 193841 ops/sec
82/132 - Performed a throughput benchmark:
82/132 - Performed 2000000 find-or-put operations with random values from [0,...,607199998]
82/132 - Finds: 364512 (0.182256), Inserts: 1635488 (0.817744), Errors: 0 (0)
82/132 - Execution time: 10.302 seconds
82/132 - Throughput: 194137 ops/sec
83/132 - Performed a throughput benchmark:
83/132 - Performed 2000000 find-or-put operations with random values from [0,...,607199998]
83/132 - Finds: 365661 (0.182831), Inserts: 1634339 (0.817169), Errors: 0 (0)
83/132 - Execution time: 10.3379 seconds
83/132 - Throughput: 193463 ops/sec
67/132 - Performed a throughput benchmark:
67/132 - Performed 2000000 find-or-put operations with random values from [0,...,607199998]
67/132 - Finds: 366543 (0.183272), Inserts: 1633457 (0.816728), Errors: 0 (0)
67/132 - Execution time: 10.3354 seconds
67/132 - Throughput: 193510 ops/sec
75/132 - Performed a throughput benchmark:
75/132 - Performed 2000000 find-or-put operations with random values from [0,...,607199998]
75/132 - Finds: 365669 (0.182835), Inserts: 1634331 (0.817165), Errors: 0 (0)
75/132 - Execution time: 10.313 seconds
75/132 - Throughput: 193930 ops/sec
17/132 - Performed a throughput benchmark:
17/132 - Performed 2000000 find-or-put operations with random values from [0,...,607199998]
17/132 - Finds: 366049 (0.183025), Inserts: 1633951 (0.816975), Errors: 0 (0)
17/132 - Execution time: 10.3092 seconds
17/132 - Throughput: 194001 ops/sec
61/132 - Performed a throughput benchmark:
61/132 - Performed 2000000 find-or-put operations with random values from [0,...,607199998]
61/132 - Finds: 366505 (0.183253), Inserts: 1633495 (0.816747), Errors: 0 (0)
61/132 - Execution time: 10.3297 seconds
61/132 - Throughput: 193616 ops/sec
58/132 - Performed a throughput benchmark:
58/132 - Performed 2000000 find-or-put operations with random values from [0,...,607199998]
58/132 - Finds: 365860 (0.18293), Inserts: 1634140 (0.81707), Errors: 0 (0)
58/132 - Execution time: 10.3227 seconds
58/132 - Throughput: 193747 ops/sec
27/132 - Performed a throughput benchmark:
27/132 - Performed 2000000 find-or-put operations with random values from [0,...,607199998]
27/132 - Finds: 366051 (0.183026), Inserts: 1633949 (0.816975), Errors: 0 (0)
27/132 - Execution time: 10.3004 seconds
27/132 - Throughput: 194167 ops/sec
16/132 - Performed a throughput benchmark:
16/132 - Performed 2000000 find-or-put operations with random values from [0,...,607199998]
16/132 - Finds: 364842 (0.182421), Inserts: 1635158 (0.817579), Errors: 0 (0)
16/132 - Execution time: 10.3129 seconds
16/132 - Throughput: 193931 ops/sec
38/132 - Performed a throughput benchmark:
38/132 - Performed 2000000 find-or-put operations with random values from [0,...,607199998]
38/132 - Finds: 366690 (0.183345), Inserts: 1633310 (0.816655), Errors: 0 (0)
38/132 - Execution time: 10.329 seconds
38/132 - Throughput: 193630 ops/sec
66/132 - Performed a throughput benchmark:
66/132 - Performed 2000000 find-or-put operations with random values from [0,...,607199998]
66/132 - Finds: 365895 (0.182948), Inserts: 1634105 (0.817052), Errors: 0 (0)
66/132 - Execution time: 10.3151 seconds
66/132 - Throughput: 193890 ops/sec
68/132 - Performed a throughput benchmark:
68/132 - Performed 2000000 find-or-put operations with random values from [0,...,607199998]
68/132 - Finds: 366037 (0.183019), Inserts: 1633963 (0.816982), Errors: 0 (0)
68/132 - Execution time: 10.3264 seconds
68/132 - Throughput: 193679 ops/sec
126/132 - Performed a throughput benchmark:
126/132 - Performed 2000000 find-or-put operations with random values from [0,...,607199998]
126/132 - Finds: 366415 (0.183207), Inserts: 1633585 (0.816793), Errors: 0 (0)
126/132 - Execution time: 10.31 seconds
126/132 - Throughput: 193986 ops/sec
72/132 - Performed a throughput benchmark:
72/132 - Performed 2000000 find-or-put operations with random values from [0,...,607199998]
72/132 - Finds: 365338 (0.182669), Inserts: 1634662 (0.817331), Errors: 0 (0)
72/132 - Execution time: 10.3108 seconds
72/132 - Throughput: 193972 ops/sec
59/132 - Performed a throughput benchmark:
59/132 - Performed 2000000 find-or-put operations with random values from [0,...,607199998]
59/132 - Finds: 364977 (0.182488), Inserts: 1635023 (0.817511), Errors: 0 (0)
59/132 - Execution time: 10.3225 seconds
59/132 - Throughput: 193752 ops/sec
65/132 - Performed a throughput benchmark:
65/132 - Performed 2000000 find-or-put operations with random values from [0,...,607199998]
65/132 - Finds: 365319 (0.18266), Inserts: 1634681 (0.817341), Errors: 0 (0)
65/132 - Execution time: 10.3149 seconds
65/132 - Throughput: 193894 ops/sec
78/132 - Performed a throughput benchmark:
78/132 - Performed 2000000 find-or-put operations with random values from [0,...,607199998]
78/132 - Finds: 366689 (0.183344), Inserts: 1633311 (0.816655), Errors: 0 (0)
78/132 - Execution time: 10.33 seconds
78/132 - Throughput: 193611 ops/sec
79/132 - Performed a throughput benchmark:
79/132 - Performed 2000000 find-or-put operations with random values from [0,...,607199998]
79/132 - Finds: 366981 (0.183491), Inserts: 1633019 (0.816509), Errors: 0 (0)
79/132 - Execution time: 10.3394 seconds
79/132 - Throughput: 193434 ops/sec
70/132 - Performed a throughput benchmark:
70/132 - Performed 2000000 find-or-put operations with random values from [0,...,607199998]
70/132 - Finds: 366870 (0.183435), Inserts: 1633130 (0.816565), Errors: 0 (0)
70/132 - Execution time: 10.3436 seconds
70/132 - Throughput: 193356 ops/sec
60/132 - Performed a throughput benchmark:
60/132 - Performed 2000000 find-or-put operations with random values from [0,...,607199998]
60/132 - Finds: 365930 (0.182965), Inserts: 1634070 (0.817035), Errors: 0 (0)
60/132 - Execution time: 10.3197 seconds
60/132 - Throughput: 193804 ops/sec
73/132 - Performed a throughput benchmark:
73/132 - Performed 2000000 find-or-put operations with random values from [0,...,607199998]
73/132 - Finds: 366208 (0.183104), Inserts: 1633792 (0.816896), Errors: 0 (0)
73/132 - Execution time: 10.3215 seconds
73/132 - Throughput: 193771 ops/sec
55/132 - Performed a throughput benchmark:
55/132 - Performed 2000000 find-or-put operations with random values from [0,...,607199998]
55/132 - Finds: 366524 (0.183262), Inserts: 1633476 (0.816738), Errors: 0 (0)
55/132 - Execution time: 10.3451 seconds
55/132 - Throughput: 193329 ops/sec
80/132 - Performed a throughput benchmark:
80/132 - Performed 2000000 find-or-put operations with random values from [0,...,607199998]
80/132 - Finds: 367400 (0.1837), Inserts: 1632600 (0.8163), Errors: 0 (0)
80/132 - Execution time: 10.3413 seconds
80/132 - Throughput: 193399 ops/sec
130/132 - Performed a throughput benchmark:
130/132 - Performed 2000000 find-or-put operations with random values from [0,...,607199998]
130/132 - Finds: 365804 (0.182902), Inserts: 1634196 (0.817098), Errors: 0 (0)
130/132 - Execution time: 10.3223 seconds
130/132 - Throughput: 193755 ops/sec
69/132 - Performed a throughput benchmark:
69/132 - Performed 2000000 find-or-put operations with random values from [0,...,607199998]
69/132 - Finds: 366617 (0.183309), Inserts: 1633383 (0.816692), Errors: 0 (0)
69/132 - Execution time: 10.3501 seconds
69/132 - Throughput: 193236 ops/sec
41/132 - Performed a throughput benchmark:
41/132 - Performed 2000000 find-or-put operations with random values from [0,...,607199998]
41/132 - Finds: 365208 (0.182604), Inserts: 1634792 (0.817396), Errors: 0 (0)
41/132 - Execution time: 10.3253 seconds
41/132 - Throughput: 193698 ops/sec
39/132 - Performed a throughput benchmark:
39/132 - Performed 2000000 find-or-put operations with random values from [0,...,607199998]
39/132 - Finds: 367146 (0.183573), Inserts: 1632854 (0.816427), Errors: 0 (0)
39/132 - Execution time: 10.3547 seconds
39/132 - Throughput: 193149 ops/sec
71/132 - Performed a throughput benchmark:
71/132 - Performed 2000000 find-or-put operations with random values from [0,...,607199998]
71/132 - Finds: 367296 (0.183648), Inserts: 1632704 (0.816352), Errors: 0 (0)
71/132 - Execution time: 10.3419 seconds
71/132 - Throughput: 193387 ops/sec
54/132 - Performed a throughput benchmark:
54/132 - Performed 2000000 find-or-put operations with random values from [0,...,607199998]
54/132 - Finds: 366867 (0.183433), Inserts: 1633133 (0.816566), Errors: 0 (0)
54/132 - Execution time: 10.3473 seconds
54/132 - Throughput: 193287 ops/sec
76/132 - Performed a throughput benchmark:
76/132 - Performed 2000000 find-or-put operations with random values from [0,...,607199998]
76/132 - Finds: 369163 (0.184582), Inserts: 1630837 (0.815419), Errors: 0 (0)
76/132 - Execution time: 10.3963 seconds
76/132 - Throughput: 192376 ops/sec
77/132 - Performed a throughput benchmark:
77/132 - Performed 2000000 find-or-put operations with random values from [0,...,607199998]
77/132 - Finds: 369613 (0.184807), Inserts: 1630387 (0.815194), Errors: 0 (0)
77/132 - Execution time: 10.4153 seconds
77/132 - Throughput: 192025 ops/sec
131/132 - Performed a throughput benchmark:
131/132 - Performed 2000000 find-or-put operations with random values from [0,...,607199998]
131/132 - Finds: 369853 (0.184926), Inserts: 1630147 (0.815074), Errors: 0 (0)
131/132 - Execution time: 10.4433 seconds
131/132 - Throughput: 191509 ops/sec
93/132 - Performed a throughput benchmark:
93/132 - Performed 2000000 find-or-put operations with random values from [0,...,607199998]
93/132 - Finds: 404508 (0.202254), Inserts: 1595492 (0.797746), Errors: 0 (0)
93/132 - Execution time: 11.5348 seconds
93/132 - Throughput: 173389 ops/sec
91/132 - Performed a throughput benchmark:
91/132 - Performed 2000000 find-or-put operations with random values from [0,...,607199998]
91/132 - Finds: 404031 (0.202015), Inserts: 1595969 (0.797984), Errors: 0 (0)
91/132 - Execution time: 11.5363 seconds
91/132 - Throughput: 173366 ops/sec
12/132 - Performed a throughput benchmark:
12/132 - Performed 2000000 find-or-put operations with random values from [0,...,607199998]
12/132 - Finds: 404202 (0.202101), Inserts: 1595798 (0.797899), Errors: 0 (0)
12/132 - Execution time: 11.5446 seconds
12/132 - Throughput: 173242 ops/sec
96/132 - Performed a throughput benchmark:
96/132 - Performed 2000000 find-or-put operations with random values from [0,...,607199998]
96/132 - Finds: 404745 (0.202373), Inserts: 1595255 (0.797628), Errors: 0 (0)
96/132 - Execution time: 11.5265 seconds
96/132 - Throughput: 173513 ops/sec
95/132 - Performed a throughput benchmark:
95/132 - Performed 2000000 find-or-put operations with random values from [0,...,607199998]
95/132 - Finds: 404721 (0.20236), Inserts: 1595279 (0.797639), Errors: 0 (0)
95/132 - Execution time: 11.6197 seconds
95/132 - Throughput: 172121 ops/sec
2/132 - Performed a throughput benchmark:
2/132 - Performed 2000000 find-or-put operations with random values from [0,...,607199998]
2/132 - Finds: 407700 (0.20385), Inserts: 1592300 (0.79615), Errors: 0 (0)
2/132 - Execution time: 11.6992 seconds
2/132 - Throughput: 170952 ops/sec
98/132 - Performed a throughput benchmark:
98/132 - Performed 2000000 find-or-put operations with random values from [0,...,607199998]
98/132 - Finds: 409841 (0.204921), Inserts: 1590159 (0.79508), Errors: 0 (0)
98/132 - Execution time: 11.7289 seconds
98/132 - Throughput: 170519 ops/sec
86/132 - Performed a throughput benchmark:
86/132 - Performed 2000000 find-or-put operations with random values from [0,...,607199998]
86/132 - Finds: 409366 (0.204683), Inserts: 1590634 (0.795317), Errors: 0 (0)
86/132 - Execution time: 11.7217 seconds
86/132 - Throughput: 170623 ops/sec
6/132 - Performed a throughput benchmark:
6/132 - Performed 2000000 find-or-put operations with random values from [0,...,607199998]
6/132 - Finds: 408890 (0.204445), Inserts: 1591110 (0.795555), Errors: 0 (0)
6/132 - Execution time: 11.7268 seconds
6/132 - Throughput: 170549 ops/sec
10/132 - Performed a throughput benchmark:
10/132 - Performed 2000000 find-or-put operations with random values from [0,...,607199998]
10/132 - Finds: 409166 (0.204583), Inserts: 1590834 (0.795417), Errors: 0 (0)
10/132 - Execution time: 11.7381 seconds
10/132 - Throughput: 170386 ops/sec
92/132 - Performed a throughput benchmark:
92/132 - Performed 2000000 find-or-put operations with random values from [0,...,607199998]
92/132 - Finds: 409229 (0.204615), Inserts: 1590771 (0.795385), Errors: 0 (0)
92/132 - Execution time: 11.7341 seconds
92/132 - Throughput: 170444 ops/sec
94/132 - Performed a throughput benchmark:
94/132 - Performed 2000000 find-or-put operations with random values from [0,...,607199998]
94/132 - Finds: 408995 (0.204497), Inserts: 1591005 (0.795503), Errors: 0 (0)
94/132 - Execution time: 11.7172 seconds
94/132 - Throughput: 170689 ops/sec
99/132 - Performed a throughput benchmark:
99/132 - Performed 2000000 find-or-put operations with random values from [0,...,607199998]
99/132 - Finds: 409502 (0.204751), Inserts: 1590498 (0.795249), Errors: 0 (0)
99/132 - Execution time: 11.726 seconds
99/132 - Throughput: 170561 ops/sec
45/132 - Performed a throughput benchmark:
45/132 - Performed 2000000 find-or-put operations with random values from [0,...,607199998]
45/132 - Finds: 409387 (0.204694), Inserts: 1590613 (0.795307), Errors: 0 (0)
45/132 - Execution time: 11.7517 seconds
45/132 - Throughput: 170187 ops/sec
5/132 - Performed a throughput benchmark:
5/132 - Performed 2000000 find-or-put operations with random values from [0,...,607199998]
5/132 - Finds: 409968 (0.204984), Inserts: 1590032 (0.795016), Errors: 0 (0)
5/132 - Execution time: 11.7643 seconds
5/132 - Throughput: 170006 ops/sec
87/132 - Performed a throughput benchmark:
87/132 - Performed 2000000 find-or-put operations with random values from [0,...,607199998]
87/132 - Finds: 410520 (0.20526), Inserts: 1589480 (0.79474), Errors: 0 (0)
87/132 - Execution time: 11.7577 seconds
87/132 - Throughput: 170102 ops/sec
44/132 - Performed a throughput benchmark:
44/132 - Performed 2000000 find-or-put operations with random values from [0,...,607199998]
44/132 - Finds: 409660 (0.20483), Inserts: 1590340 (0.79517), Errors: 0 (0)
44/132 - Execution time: 11.7452 seconds
44/132 - Throughput: 170282 ops/sec
88/132 - Performed a throughput benchmark:
88/132 - Performed 2000000 find-or-put operations with random values from [0,...,607199998]
88/132 - Finds: 409207 (0.204603), Inserts: 1590793 (0.795396), Errors: 0 (0)
88/132 - Execution time: 11.7461 seconds
88/132 - Throughput: 170269 ops/sec
11/132 - Performed a throughput benchmark:
11/132 - Performed 2000000 find-or-put operations with random values from [0,...,607199998]
11/132 - Finds: 409371 (0.204685), Inserts: 1590629 (0.795315), Errors: 0 (0)
11/132 - Execution time: 11.7473 seconds
11/132 - Throughput: 170252 ops/sec
90/132 - Performed a throughput benchmark:
90/132 - Performed 2000000 find-or-put operations with random values from [0,...,607199998]
90/132 - Finds: 409604 (0.204802), Inserts: 1590396 (0.795198), Errors: 0 (0)
90/132 - Execution time: 11.733 seconds
90/132 - Throughput: 170459 ops/sec
4/132 - Performed a throughput benchmark:
4/132 - Performed 2000000 find-or-put operations with random values from [0,...,607199998]
4/132 - Finds: 409471 (0.204735), Inserts: 1590529 (0.795265), Errors: 0 (0)
4/132 - Execution time: 11.7402 seconds
4/132 - Throughput: 170355 ops/sec
3/132 - Performed a throughput benchmark:
3/132 - Performed 2000000 find-or-put operations with random values from [0,...,607199998]
3/132 - Finds: 411349 (0.205675), Inserts: 1588651 (0.794326), Errors: 0 (0)
3/132 - Execution time: 11.7756 seconds
3/132 - Throughput: 169843 ops/sec
89/132 - Performed a throughput benchmark:
89/132 - Performed 2000000 find-or-put operations with random values from [0,...,607199998]
89/132 - Finds: 409345 (0.204673), Inserts: 1590655 (0.795327), Errors: 0 (0)
89/132 - Execution time: 11.7657 seconds
89/132 - Throughput: 169986 ops/sec
1/132 - Performed a throughput benchmark:
1/132 - Performed 2000000 find-or-put operations with random values from [0,...,607199998]
1/132 - Finds: 410614 (0.205307), Inserts: 1589386 (0.794693), Errors: 0 (0)
1/132 - Execution time: 11.7876 seconds
1/132 - Throughput: 169670 ops/sec
13/132 - Performed a throughput benchmark:
13/132 - Performed 2000000 find-or-put operations with random values from [0,...,607199998]
13/132 - Finds: 410141 (0.20507), Inserts: 1589859 (0.794929), Errors: 0 (0)
13/132 - Execution time: 11.7755 seconds
13/132 - Throughput: 169844 ops/sec
53/132 - Performed a throughput benchmark:
53/132 - Performed 2000000 find-or-put operations with random values from [0,...,607199998]
53/132 - Finds: 411751 (0.205875), Inserts: 1588249 (0.794125), Errors: 0 (0)
53/132 - Execution time: 11.804 seconds
53/132 - Throughput: 169433 ops/sec
97/132 - Performed a throughput benchmark:
97/132 - Performed 2000000 find-or-put operations with random values from [0,...,607199998]
97/132 - Finds: 412499 (0.20625), Inserts: 1587501 (0.793751), Errors: 0 (0)
97/132 - Execution time: 11.7694 seconds
97/132 - Throughput: 169932 ops/sec
52/132 - Performed a throughput benchmark:
52/132 - Performed 2000000 find-or-put operations with random values from [0,...,607199998]
52/132 - Finds: 411624 (0.205812), Inserts: 1588376 (0.794188), Errors: 0 (0)
52/132 - Execution time: 11.7967 seconds
52/132 - Throughput: 169539 ops/sec
50/132 - Performed a throughput benchmark:
50/132 - Performed 2000000 find-or-put operations with random values from [0,...,607199998]
50/132 - Finds: 411915 (0.205957), Inserts: 1588085 (0.794042), Errors: 0 (0)
50/132 - Execution time: 11.7974 seconds
50/132 - Throughput: 169529 ops/sec
46/132 - Performed a throughput benchmark:
46/132 - Performed 2000000 find-or-put operations with random values from [0,...,607199998]
46/132 - Finds: 410743 (0.205372), Inserts: 1589257 (0.794628), Errors: 0 (0)
46/132 - Execution time: 11.7983 seconds
46/132 - Throughput: 169517 ops/sec
8/132 - Performed a throughput benchmark:
8/132 - Performed 2000000 find-or-put operations with random values from [0,...,607199998]
8/132 - Finds: 411361 (0.20568), Inserts: 1588639 (0.794319), Errors: 0 (0)
8/132 - Execution time: 11.8055 seconds
8/132 - Throughput: 169413 ops/sec
0/132 - Performed a throughput benchmark:
0/132 - Performed 2000000 find-or-put operations with random values from [0,...,607199998]
0/132 - Finds: 411029 (0.205514), Inserts: 1588971 (0.794485), Errors: 0 (0)
0/132 - Execution time: 11.7869 seconds
0/132 - Throughput: 169680 ops/sec
9/132 - Performed a throughput benchmark:
9/132 - Performed 2000000 find-or-put operations with random values from [0,...,607199998]
9/132 - Finds: 410182 (0.205091), Inserts: 1589818 (0.794909), Errors: 0 (0)
9/132 - Execution time: 11.8059 seconds
9/132 - Throughput: 169406 ops/sec
48/132 - Performed a throughput benchmark:
48/132 - Performed 2000000 find-or-put operations with random values from [0,...,607199998]
48/132 - Finds: 411325 (0.205662), Inserts: 1588675 (0.794338), Errors: 0 (0)
48/132 - Execution time: 11.8065 seconds
48/132 - Throughput: 169398 ops/sec
7/132 - Performed a throughput benchmark:
7/132 - Performed 2000000 find-or-put operations with random values from [0,...,607199998]
7/132 - Finds: 410713 (0.205356), Inserts: 1589287 (0.794643), Errors: 0 (0)
7/132 - Execution time: 11.8003 seconds
7/132 - Throughput: 169487 ops/sec
51/132 - Performed a throughput benchmark:
51/132 - Performed 2000000 find-or-put operations with random values from [0,...,607199998]
51/132 - Finds: 411814 (0.205907), Inserts: 1588186 (0.794093), Errors: 0 (0)
51/132 - Execution time: 11.8178 seconds
51/132 - Throughput: 169236 ops/sec
47/132 - Performed a throughput benchmark:
47/132 - Performed 2000000 find-or-put operations with random values from [0,...,607199998]
47/132 - Finds: 411518 (0.205759), Inserts: 1588482 (0.794241), Errors: 0 (0)
47/132 - Execution time: 11.8133 seconds
47/132 - Throughput: 169301 ops/sec
49/132 - Performed a throughput benchmark:
49/132 - Performed 2000000 find-or-put operations with random values from [0,...,607199998]
49/132 - Finds: 412124 (0.206062), Inserts: 1587876 (0.793938), Errors: 0 (0)
49/132 - Execution time: 11.8201 seconds
49/132 - Throughput: 169203 ops/sec
[1441225516.436565] [node001:3426 :0]         sys.c:719  MXM  WARN  Conflicting CPU frequencies detected, using: 1593.84
