[1441219577.077751] [node001:2260 :0]         sys.c:719  MXM  WARN  Conflicting CPU frequencies detected, using: 2362.03
[1441219577.123334] [node001:2260 :0]         mxm.c:185  MXM  WARN  The 'ulimit -s' on the system is set to 'unlimited'. This may have negative performance implications. Please set the heap size to the default value (10240) 
[1441219577.077669] [node001:2259 :0]         sys.c:719  MXM  WARN  Conflicting CPU frequencies detected, using: 2362.03
[1441219577.125245] [node001:2259 :0]         mxm.c:185  MXM  WARN  The 'ulimit -s' on the system is set to 'unlimited'. This may have negative performance implications. Please set the heap size to the default value (10240) 
[1441219577.081629] [node001:2263 :0]         sys.c:719  MXM  WARN  Conflicting CPU frequencies detected, using: 2362.03
[1441219577.128936] [node001:2263 :0]         mxm.c:185  MXM  WARN  The 'ulimit -s' on the system is set to 'unlimited'. This may have negative performance implications. Please set the heap size to the default value (10240) 
[1441219577.082019] [node001:2264 :0]         sys.c:719  MXM  WARN  Conflicting CPU frequencies detected, using: 2362.03
[1441219577.131843] [node001:2264 :0]         mxm.c:185  MXM  WARN  The 'ulimit -s' on the system is set to 'unlimited'. This may have negative performance implications. Please set the heap size to the default value (10240) 
[1441219577.077471] [node001:2258 :0]         sys.c:719  MXM  WARN  Conflicting CPU frequencies detected, using: 2362.03
[1441219577.124500] [node001:2258 :0]         mxm.c:185  MXM  WARN  The 'ulimit -s' on the system is set to 'unlimited'. This may have negative performance implications. Please set the heap size to the default value (10240) 
[1441219577.078180] [node001:2261 :0]         sys.c:719  MXM  WARN  Conflicting CPU frequencies detected, using: 2362.03
[1441219577.128987] [node001:2261 :0]         mxm.c:185  MXM  WARN  The 'ulimit -s' on the system is set to 'unlimited'. This may have negative performance implications. Please set the heap size to the default value (10240) 
[1441219577.085413] [node001:2262 :0]         sys.c:719  MXM  WARN  Conflicting CPU frequencies detected, using: 1399.22
[1441219577.129344] [node001:2262 :0]         mxm.c:185  MXM  WARN  The 'ulimit -s' on the system is set to 'unlimited'. This may have negative performance implications. Please set the heap size to the default value (10240) 
[1441219577.078231] [node001:2257 :0]         sys.c:719  MXM  WARN  Conflicting CPU frequencies detected, using: 2362.03
[1441219577.124563] [node001:2257 :0]         mxm.c:185  MXM  WARN  The 'ulimit -s' on the system is set to 'unlimited'. This may have negative performance implications. Please set the heap size to the default value (10240) 
[1441219577.358731] [node002:13707:0]         sys.c:719  MXM  WARN  Conflicting CPU frequencies detected, using: 1971.09
[1441219577.361833] [node002:13707:0]         mxm.c:185  MXM  WARN  The 'ulimit -s' on the system is set to 'unlimited'. This may have negative performance implications. Please set the heap size to the default value (10240) 
[1441219577.400934] [node003:11571:0]         sys.c:719  MXM  WARN  Conflicting CPU frequencies detected, using: 2329.41
[1441219577.404319] [node003:11571:0]         mxm.c:185  MXM  WARN  The 'ulimit -s' on the system is set to 'unlimited'. This may have negative performance implications. Please set the heap size to the default value (10240) 
[1441219577.440193] [node002:13732:0]         sys.c:719  MXM  WARN  Conflicting CPU frequencies detected, using: 1995.75
[1441219577.443096] [node002:13732:0]         mxm.c:185  MXM  WARN  The 'ulimit -s' on the system is set to 'unlimited'. This may have negative performance implications. Please set the heap size to the default value (10240) 
[1441219577.440697] [node002:13731:0]         sys.c:719  MXM  WARN  Conflicting CPU frequencies detected, using: 1995.75
[1441219577.444187] [node002:13731:0]         mxm.c:185  MXM  WARN  The 'ulimit -s' on the system is set to 'unlimited'. This may have negative performance implications. Please set the heap size to the default value (10240) 
[1441219577.447953] [node003:11588:0]         sys.c:719  MXM  WARN  Conflicting CPU frequencies detected, using: 2098.12
[1441219577.451001] [node003:11588:0]         mxm.c:185  MXM  WARN  The 'ulimit -s' on the system is set to 'unlimited'. This may have negative performance implications. Please set the heap size to the default value (10240) 
[1441219577.481670] [node002:13766:0]         sys.c:719  MXM  WARN  Conflicting CPU frequencies detected, using: 2299.69
[1441219577.484631] [node002:13766:0]         mxm.c:185  MXM  WARN  The 'ulimit -s' on the system is set to 'unlimited'. This may have negative performance implications. Please set the heap size to the default value (10240) 
[1441219577.474261] [node003:11611:0]         sys.c:719  MXM  WARN  Conflicting CPU frequencies detected, using: 2293.41
[1441219577.477420] [node003:11611:0]         mxm.c:185  MXM  WARN  The 'ulimit -s' on the system is set to 'unlimited'. This may have negative performance implications. Please set the heap size to the default value (10240) 
[1441219577.480525] [node002:13767:0]         sys.c:719  MXM  WARN  Conflicting CPU frequencies detected, using: 2299.69
[1441219577.483357] [node002:13767:0]         mxm.c:185  MXM  WARN  The 'ulimit -s' on the system is set to 'unlimited'. This may have negative performance implications. Please set the heap size to the default value (10240) 
[1441219577.492583] [node005:11562:0]         sys.c:719  MXM  WARN  Conflicting CPU frequencies detected, using: 1498.59
[1441219577.496541] [node005:11562:0]         mxm.c:185  MXM  WARN  The 'ulimit -s' on the system is set to 'unlimited'. This may have negative performance implications. Please set the heap size to the default value (10240) 
[1441219577.545878] [node002:13825:0]         sys.c:719  MXM  WARN  Conflicting CPU frequencies detected, using: 2400.00
[1441219577.548587] [node002:13825:0]         mxm.c:185  MXM  WARN  The 'ulimit -s' on the system is set to 'unlimited'. This may have negative performance implications. Please set the heap size to the default value (10240) 
[1441219577.547420] [node002:13833:0]         sys.c:719  MXM  WARN  Conflicting CPU frequencies detected, using: 2400.00
[1441219577.549917] [node002:13833:0]         mxm.c:185  MXM  WARN  The 'ulimit -s' on the system is set to 'unlimited'. This may have negative performance implications. Please set the heap size to the default value (10240) 
[1441219577.561976] [node002:13861:0]         sys.c:719  MXM  WARN  Conflicting CPU frequencies detected, using: 2400.00
[1441219577.564300] [node002:13861:0]         mxm.c:185  MXM  WARN  The 'ulimit -s' on the system is set to 'unlimited'. This may have negative performance implications. Please set the heap size to the default value (10240) 
[1441219577.556660] [node003:11643:0]         sys.c:719  MXM  WARN  Conflicting CPU frequencies detected, using: 2373.09
[1441219577.560223] [node003:11643:0]         mxm.c:185  MXM  WARN  The 'ulimit -s' on the system is set to 'unlimited'. This may have negative performance implications. Please set the heap size to the default value (10240) 
[1441219577.591635] [node005:11586:0]         sys.c:719  MXM  WARN  Conflicting CPU frequencies detected, using: 1597.22
[1441219577.595523] [node005:11586:0]         mxm.c:185  MXM  WARN  The 'ulimit -s' on the system is set to 'unlimited'. This may have negative performance implications. Please set the heap size to the default value (10240) 
[1441219577.809719] [node008:24284:0]         sys.c:719  MXM  WARN  Conflicting CPU frequencies detected, using: 1430.16
[1441219577.815909] [node008:24284:0]         mxm.c:185  MXM  WARN  The 'ulimit -s' on the system is set to 'unlimited'. This may have negative performance implications. Please set the heap size to the default value (10240) 
[1441219577.917924] [node006:10841:0]         sys.c:719  MXM  WARN  Conflicting CPU frequencies detected, using: 2362.50
[1441219577.921534] [node006:10841:0]         mxm.c:185  MXM  WARN  The 'ulimit -s' on the system is set to 'unlimited'. This may have negative performance implications. Please set the heap size to the default value (10240) 
[1441219577.930278] [node003:11667:0]         sys.c:719  MXM  WARN  Conflicting CPU frequencies detected, using: 1697.91
[1441219577.933897] [node003:11667:0]         mxm.c:185  MXM  WARN  The 'ulimit -s' on the system is set to 'unlimited'. This may have negative performance implications. Please set the heap size to the default value (10240) 
[1441219577.941331] [node007:16076:0]         sys.c:719  MXM  WARN  Conflicting CPU frequencies detected, using: 1897.97
[1441219577.944325] [node007:16076:0]         mxm.c:185  MXM  WARN  The 'ulimit -s' on the system is set to 'unlimited'. This may have negative performance implications. Please set the heap size to the default value (10240) 
[1441219577.935635] [node007:16068:0]         sys.c:719  MXM  WARN  Conflicting CPU frequencies detected, using: 1799.34
[1441219577.939250] [node007:16068:0]         mxm.c:185  MXM  WARN  The 'ulimit -s' on the system is set to 'unlimited'. This may have negative performance implications. Please set the heap size to the default value (10240) 
[1441219577.937241] [node004:11025:0]         sys.c:719  MXM  WARN  Conflicting CPU frequencies detected, using: 1695.28
[1441219577.940662] [node004:11025:0]         mxm.c:185  MXM  WARN  The 'ulimit -s' on the system is set to 'unlimited'. This may have negative performance implications. Please set the heap size to the default value (10240) 
[1441219577.952368] [node004:11037:0]         sys.c:719  MXM  WARN  Conflicting CPU frequencies detected, using: 1899.19
[1441219577.955573] [node004:11037:0]         mxm.c:185  MXM  WARN  The 'ulimit -s' on the system is set to 'unlimited'. This may have negative performance implications. Please set the heap size to the default value (10240) 
[1441219577.961131] [node007:16102:0]         sys.c:719  MXM  WARN  Conflicting CPU frequencies detected, using: 1985.44
[1441219577.963806] [node007:16102:0]         mxm.c:185  MXM  WARN  The 'ulimit -s' on the system is set to 'unlimited'. This may have negative performance implications. Please set the heap size to the default value (10240) 
[1441219577.924901] [node011:16010:0]         sys.c:719  MXM  WARN  Conflicting CPU frequencies detected, using: 1696.22
[1441219577.930607] [node011:16010:0]         mxm.c:185  MXM  WARN  The 'ulimit -s' on the system is set to 'unlimited'. This may have negative performance implications. Please set the heap size to the default value (10240) 
[1441219577.935460] [node010:15977:0]         sys.c:719  MXM  WARN  Conflicting CPU frequencies detected, using: 1599.94
[1441219577.938919] [node010:15977:0]         mxm.c:185  MXM  WARN  The 'ulimit -s' on the system is set to 'unlimited'. This may have negative performance implications. Please set the heap size to the default value (10240) 
[1441219577.950385] [node005:11610:0]         sys.c:719  MXM  WARN  Conflicting CPU frequencies detected, using: 1590.66
[1441219577.953898] [node005:11610:0]         mxm.c:185  MXM  WARN  The 'ulimit -s' on the system is set to 'unlimited'. This may have negative performance implications. Please set the heap size to the default value (10240) 
[1441219577.983923] [node004:11061:0]         sys.c:719  MXM  WARN  Conflicting CPU frequencies detected, using: 2091.19
[1441219577.986662] [node004:11061:0]         mxm.c:185  MXM  WARN  The 'ulimit -s' on the system is set to 'unlimited'. This may have negative performance implications. Please set the heap size to the default value (10240) 
[1441219577.982713] [node004:11060:0]         sys.c:719  MXM  WARN  Conflicting CPU frequencies detected, using: 1999.03
[1441219577.985909] [node004:11060:0]         mxm.c:185  MXM  WARN  The 'ulimit -s' on the system is set to 'unlimited'. This may have negative performance implications. Please set the heap size to the default value (10240) 
[1441219577.954130] [node008:24308:0]         sys.c:719  MXM  WARN  Conflicting CPU frequencies detected, using: 1395.56
[1441219577.959695] [node008:24308:0]         mxm.c:185  MXM  WARN  The 'ulimit -s' on the system is set to 'unlimited'. This may have negative performance implications. Please set the heap size to the default value (10240) 
[1441219577.986513] [node003:11688:0]         sys.c:719  MXM  WARN  Conflicting CPU frequencies detected, using: 1899.94
[1441219577.989817] [node003:11688:0]         mxm.c:185  MXM  WARN  The 'ulimit -s' on the system is set to 'unlimited'. This may have negative performance implications. Please set the heap size to the default value (10240) 
[1441219577.992861] [node010:16000:0]         sys.c:719  MXM  WARN  Conflicting CPU frequencies detected, using: 1800.00
[1441219577.995971] [node010:16000:0]         mxm.c:185  MXM  WARN  The 'ulimit -s' on the system is set to 'unlimited'. This may have negative performance implications. Please set the heap size to the default value (10240) 
[1441219577.994956] [node003:11700:0]         sys.c:719  MXM  WARN  Conflicting CPU frequencies detected, using: 1994.91
[1441219577.997967] [node003:11700:0]         mxm.c:185  MXM  WARN  The 'ulimit -s' on the system is set to 'unlimited'. This may have negative performance implications. Please set the heap size to the default value (10240) 
[1441219578.004491] [node007:16136:0]         sys.c:719  MXM  WARN  Conflicting CPU frequencies detected, using: 2193.09
[1441219578.007524] [node007:16136:0]         mxm.c:185  MXM  WARN  The 'ulimit -s' on the system is set to 'unlimited'. This may have negative performance implications. Please set the heap size to the default value (10240) 
[1441219578.019503] [node004:11106:0]         sys.c:719  MXM  WARN  Conflicting CPU frequencies detected, using: 2154.75
[1441219578.022167] [node004:11106:0]         mxm.c:185  MXM  WARN  The 'ulimit -s' on the system is set to 'unlimited'. This may have negative performance implications. Please set the heap size to the default value (10240) 
[1441219578.000521] [node011:16035:0]         sys.c:719  MXM  WARN  Conflicting CPU frequencies detected, using: 1799.34
[1441219578.006505] [node011:16035:0]         mxm.c:185  MXM  WARN  The 'ulimit -s' on the system is set to 'unlimited'. This may have negative performance implications. Please set the heap size to the default value (10240) 
[1441219577.996397] [node015:8657 :0]         sys.c:719  MXM  WARN  Conflicting CPU frequencies detected, using: 1695.38
[1441219578.001468] [node015:8657 :0]         mxm.c:185  MXM  WARN  The 'ulimit -s' on the system is set to 'unlimited'. This may have negative performance implications. Please set the heap size to the default value (10240) 
[1441219578.012697] [node005:11631:0]         sys.c:719  MXM  WARN  Conflicting CPU frequencies detected, using: 1790.91
[1441219578.016177] [node005:11631:0]         mxm.c:185  MXM  WARN  The 'ulimit -s' on the system is set to 'unlimited'. This may have negative performance implications. Please set the heap size to the default value (10240) 
[1441219578.002118] [node011:16034:0]         sys.c:719  MXM  WARN  Conflicting CPU frequencies detected, using: 1799.34
[1441219578.008996] [node011:16034:0]         mxm.c:185  MXM  WARN  The 'ulimit -s' on the system is set to 'unlimited'. This may have negative performance implications. Please set the heap size to the default value (10240) 
[1441219577.998013] [node013:16275:0]         sys.c:719  MXM  WARN  Conflicting CPU frequencies detected, using: 1697.62
[1441219578.003140] [node013:16275:0]         mxm.c:185  MXM  WARN  The 'ulimit -s' on the system is set to 'unlimited'. This may have negative performance implications. Please set the heap size to the default value (10240) 
[1441219578.019465] [node013:16292:0]         sys.c:719  MXM  WARN  Conflicting CPU frequencies detected, using: 1898.06
[1441219578.024871] [node013:16292:0]         mxm.c:185  MXM  WARN  The 'ulimit -s' on the system is set to 'unlimited'. This may have negative performance implications. Please set the heap size to the default value (10240) 
[1441219578.040181] [node010:16018:0]         sys.c:719  MXM  WARN  Conflicting CPU frequencies detected, using: 2197.78
[1441219578.043427] [node010:16018:0]         mxm.c:185  MXM  WARN  The 'ulimit -s' on the system is set to 'unlimited'. This may have negative performance implications. Please set the heap size to the default value (10240) 
[1441219577.998269] [node012:16220:0]         sys.c:719  MXM  WARN  Conflicting CPU frequencies detected, using: 1598.91
[1441219578.004105] [node012:16220:0]         mxm.c:185  MXM  WARN  The 'ulimit -s' on the system is set to 'unlimited'. This may have negative performance implications. Please set the heap size to the default value (10240) 
[1441219578.024064] [node015:8672 :0]         sys.c:719  MXM  WARN  Conflicting CPU frequencies detected, using: 1899.28
[1441219578.032276] [node015:8672 :0]         mxm.c:185  MXM  WARN  The 'ulimit -s' on the system is set to 'unlimited'. This may have negative performance implications. Please set the heap size to the default value (10240) 
[1441219578.033197] [node015:8690 :0]         sys.c:719  MXM  WARN  Conflicting CPU frequencies detected, using: 1899.75
[1441219578.038993] [node015:8690 :0]         mxm.c:185  MXM  WARN  The 'ulimit -s' on the system is set to 'unlimited'. This may have negative performance implications. Please set the heap size to the default value (10240) 
[1441219578.053255] [node007:16161:0]         sys.c:719  MXM  WARN  Conflicting CPU frequencies detected, using: 2400.00
[1441219578.056281] [node007:16161:0]         mxm.c:185  MXM  WARN  The 'ulimit -s' on the system is set to 'unlimited'. This may have negative performance implications. Please set the heap size to the default value (10240) 
[1441219578.024317] [node015:8673 :0]         sys.c:719  MXM  WARN  Conflicting CPU frequencies detected, using: 1899.28
[1441219578.033011] [node015:8673 :0]         mxm.c:185  MXM  WARN  The 'ulimit -s' on the system is set to 'unlimited'. This may have negative performance implications. Please set the heap size to the default value (10240) 
[1441219578.047185] [node013:16313:0]         sys.c:719  MXM  WARN  Conflicting CPU frequencies detected, using: 2193.94
[1441219578.052693] [node013:16313:0]         mxm.c:185  MXM  WARN  The 'ulimit -s' on the system is set to 'unlimited'. This may have negative performance implications. Please set the heap size to the default value (10240) 
[1441219578.029934] [node046:13486:0]         sys.c:719  MXM  WARN  Conflicting CPU frequencies detected, using: 1699.22
[1441219578.033230] [node046:13486:0]         mxm.c:185  MXM  WARN  The 'ulimit -s' on the system is set to 'unlimited'. This may have negative performance implications. Please set the heap size to the default value (10240) 
[1441219578.048138] [node014:11059:0]         sys.c:719  MXM  WARN  Conflicting CPU frequencies detected, using: 1788.56
[1441219578.051195] [node014:11059:0]         mxm.c:185  MXM  WARN  The 'ulimit -s' on the system is set to 'unlimited'. This may have negative performance implications. Please set the heap size to the default value (10240) 
[1441219578.044957] [node046:13496:0]         sys.c:719  MXM  WARN  Conflicting CPU frequencies detected, using: 1796.06
[1441219578.048109] [node046:13496:0]         mxm.c:185  MXM  WARN  The 'ulimit -s' on the system is set to 'unlimited'. This may have negative performance implications. Please set the heap size to the default value (10240) 
[1441219578.060362] [node013:16323:0]         sys.c:719  MXM  WARN  Conflicting CPU frequencies detected, using: 2290.78
[1441219578.065240] [node013:16323:0]         mxm.c:185  MXM  WARN  The 'ulimit -s' on the system is set to 'unlimited'. This may have negative performance implications. Please set the heap size to the default value (10240) 
[1441219578.079336] [node010:16042:0]         sys.c:719  MXM  WARN  Conflicting CPU frequencies detected, using: 2394.38
[1441219578.081679] [node010:16042:0]         mxm.c:185  MXM  WARN  The 'ulimit -s' on the system is set to 'unlimited'. This may have negative performance implications. Please set the heap size to the default value (10240) 
[1441219578.064958] [node013:16346:0]         sys.c:719  MXM  WARN  Conflicting CPU frequencies detected, using: 2290.78
[1441219578.069392] [node013:16346:0]         mxm.c:185  MXM  WARN  The 'ulimit -s' on the system is set to 'unlimited'. This may have negative performance implications. Please set the heap size to the default value (10240) 
[1441219578.071033] [node012:16243:0]         sys.c:719  MXM  WARN  Conflicting CPU frequencies detected, using: 1993.88
[1441219578.076213] [node012:16243:0]         mxm.c:185  MXM  WARN  The 'ulimit -s' on the system is set to 'unlimited'. This may have negative performance implications. Please set the heap size to the default value (10240) 
[1441219578.053062] [node009:18472:0]         sys.c:719  MXM  WARN  Conflicting CPU frequencies detected, using: 1888.12
[1441219578.061023] [node009:18472:0]         mxm.c:185  MXM  WARN  The 'ulimit -s' on the system is set to 'unlimited'. This may have negative performance implications. Please set the heap size to the default value (10240) 
[1441219578.080350] [node013:16368:0]         sys.c:719  MXM  WARN  Conflicting CPU frequencies detected, using: 2399.91
[1441219578.085225] [node013:16368:0]         mxm.c:185  MXM  WARN  The 'ulimit -s' on the system is set to 'unlimited'. This may have negative performance implications. Please set the heap size to the default value (10240) 
[1441219578.075738] [node014:11076:0]         sys.c:719  MXM  WARN  Conflicting CPU frequencies detected, using: 1899.94
[1441219578.080041] [node014:11076:0]         mxm.c:185  MXM  WARN  The 'ulimit -s' on the system is set to 'unlimited'. This may have negative performance implications. Please set the heap size to the default value (10240) 
[1441219578.053252] [node009:18471:0]         sys.c:719  MXM  WARN  Conflicting CPU frequencies detected, using: 1888.12
[1441219578.061823] [node009:18471:0]         mxm.c:185  MXM  WARN  The 'ulimit -s' on the system is set to 'unlimited'. This may have negative performance implications. Please set the heap size to the default value (10240) 
[1441219578.067757] [node008:24335:0]         sys.c:719  MXM  WARN  Conflicting CPU frequencies detected, using: 2395.03
[1441219578.074953] [node008:24335:0]         mxm.c:185  MXM  WARN  The 'ulimit -s' on the system is set to 'unlimited'. This may have negative performance implications. Please set the heap size to the default value (10240) 
[1441219578.092618] [node004:11145:0]         sys.c:719  MXM  WARN  Conflicting CPU frequencies detected, using: 2400.00
[1441219578.095272] [node004:11145:0]         mxm.c:185  MXM  WARN  The 'ulimit -s' on the system is set to 'unlimited'. This may have negative performance implications. Please set the heap size to the default value (10240) 
[1441219578.083776] [node011:16081:0]         sys.c:719  MXM  WARN  Conflicting CPU frequencies detected, using: 2297.06
[1441219578.089033] [node011:16081:0]         mxm.c:185  MXM  WARN  The 'ulimit -s' on the system is set to 'unlimited'. This may have negative performance implications. Please set the heap size to the default value (10240) 
[1441219578.068457] [node008:24333:0]         sys.c:719  MXM  WARN  Conflicting CPU frequencies detected, using: 2395.03
[1441219578.078933] [node008:24333:0]         mxm.c:185  MXM  WARN  The 'ulimit -s' on the system is set to 'unlimited'. This may have negative performance implications. Please set the heap size to the default value (10240) 
[1441219578.101286] [node010:16056:0]         sys.c:719  MXM  WARN  Conflicting CPU frequencies detected, using: 2400.00
[1441219578.103907] [node010:16056:0]         mxm.c:185  MXM  WARN  The 'ulimit -s' on the system is set to 'unlimited'. This may have negative performance implications. Please set the heap size to the default value (10240) 
[1441219578.098836] [node007:16182:0]         sys.c:719  MXM  WARN  Conflicting CPU frequencies detected, using: 2400.00
[1441219578.101745] [node007:16182:0]         mxm.c:185  MXM  WARN  The 'ulimit -s' on the system is set to 'unlimited'. This may have negative performance implications. Please set the heap size to the default value (10240) 
[1441219578.068494] [node008:24334:0]         sys.c:719  MXM  WARN  Conflicting CPU frequencies detected, using: 2395.03
[1441219578.083796] [node008:24334:0]         mxm.c:185  MXM  WARN  The 'ulimit -s' on the system is set to 'unlimited'. This may have negative performance implications. Please set the heap size to the default value (10240) 
[1441219578.104806] [node010:16054:0]         sys.c:719  MXM  WARN  Conflicting CPU frequencies detected, using: 2400.00
[1441219578.107070] [node010:16054:0]         mxm.c:185  MXM  WARN  The 'ulimit -s' on the system is set to 'unlimited'. This may have negative performance implications. Please set the heap size to the default value (10240) 
[1441219578.101749] [node007:16183:0]         sys.c:719  MXM  WARN  Conflicting CPU frequencies detected, using: 2400.00
[1441219578.104373] [node007:16183:0]         mxm.c:185  MXM  WARN  The 'ulimit -s' on the system is set to 'unlimited'. This may have negative performance implications. Please set the heap size to the default value (10240) 
[1441219578.087722] [node012:16261:0]         sys.c:719  MXM  WARN  Conflicting CPU frequencies detected, using: 2174.53
[1441219578.093520] [node012:16261:0]         mxm.c:185  MXM  WARN  The 'ulimit -s' on the system is set to 'unlimited'. This may have negative performance implications. Please set the heap size to the default value (10240) 
[1441219578.103782] [node010:16055:0]         sys.c:719  MXM  WARN  Conflicting CPU frequencies detected, using: 2400.00
[1441219578.106193] [node010:16055:0]         mxm.c:185  MXM  WARN  The 'ulimit -s' on the system is set to 'unlimited'. This may have negative performance implications. Please set the heap size to the default value (10240) 
[1441219578.085826] [node011:16084:0]         sys.c:719  MXM  WARN  Conflicting CPU frequencies detected, using: 2297.06
[1441219578.091337] [node011:16084:0]         mxm.c:185  MXM  WARN  The 'ulimit -s' on the system is set to 'unlimited'. This may have negative performance implications. Please set the heap size to the default value (10240) 
[1441219578.096241] [node009:18504:0]         sys.c:719  MXM  WARN  Conflicting CPU frequencies detected, using: 2098.50
[1441219578.101161] [node009:18504:0]         mxm.c:185  MXM  WARN  The 'ulimit -s' on the system is set to 'unlimited'. This may have negative performance implications. Please set the heap size to the default value (10240) 
[1441219578.072025] [node008:24357:0]         sys.c:719  MXM  WARN  Conflicting CPU frequencies detected, using: 2400.00
[1441219578.087068] [node008:24357:0]         mxm.c:185  MXM  WARN  The 'ulimit -s' on the system is set to 'unlimited'. This may have negative performance implications. Please set the heap size to the default value (10240) 
[1441219578.101550] [node004:11155:0]         sys.c:719  MXM  WARN  Conflicting CPU frequencies detected, using: 2400.00
[1441219578.104090] [node004:11155:0]         mxm.c:185  MXM  WARN  The 'ulimit -s' on the system is set to 'unlimited'. This may have negative performance implications. Please set the heap size to the default value (10240) 
[1441219578.094208] [node008:24417:0]         sys.c:719  MXM  WARN  Conflicting CPU frequencies detected, using: 2399.91
[1441219578.101331] [node008:24417:0]         mxm.c:185  MXM  WARN  The 'ulimit -s' on the system is set to 'unlimited'. This may have negative performance implications. Please set the heap size to the default value (10240) 
[1441219578.104724] [node046:13534:0]         sys.c:719  MXM  WARN  Conflicting CPU frequencies detected, using: 2297.53
[1441219578.108335] [node046:13534:0]         mxm.c:185  MXM  WARN  The 'ulimit -s' on the system is set to 'unlimited'. This may have negative performance implications. Please set the heap size to the default value (10240) 
[1441219578.104848] [node015:8752 :0]         sys.c:719  MXM  WARN  Conflicting CPU frequencies detected, using: 2400.00
[1441219578.109402] [node015:8752 :0]         mxm.c:185  MXM  WARN  The 'ulimit -s' on the system is set to 'unlimited'. This may have negative performance implications. Please set the heap size to the default value (10240) 
[1441219578.097409] [node013:16392:0]         sys.c:719  MXM  WARN  Conflicting CPU frequencies detected, using: 2399.91
[1441219578.104563] [node013:16392:0]         mxm.c:185  MXM  WARN  The 'ulimit -s' on the system is set to 'unlimited'. This may have negative performance implications. Please set the heap size to the default value (10240) 
[1441219578.113673] [node010:16117:0]         sys.c:719  MXM  WARN  Conflicting CPU frequencies detected, using: 2400.00
[1441219578.116549] [node010:16117:0]         mxm.c:185  MXM  WARN  The 'ulimit -s' on the system is set to 'unlimited'. This may have negative performance implications. Please set the heap size to the default value (10240) 
[1441219578.098796] [node012:16271:0]         sys.c:719  MXM  WARN  Conflicting CPU frequencies detected, using: 2199.94
[1441219578.105411] [node012:16271:0]         mxm.c:185  MXM  WARN  The 'ulimit -s' on the system is set to 'unlimited'. This may have negative performance implications. Please set the heap size to the default value (10240) 
[1441219578.113506] [node046:13535:0]         sys.c:719  MXM  WARN  Conflicting CPU frequencies detected, using: 2393.72
[1441219578.116410] [node046:13535:0]         mxm.c:185  MXM  WARN  The 'ulimit -s' on the system is set to 'unlimited'. This may have negative performance implications. Please set the heap size to the default value (10240) 
[1441219578.097904] [node013:16389:0]         sys.c:719  MXM  WARN  Conflicting CPU frequencies detected, using: 2399.91
[1441219578.105532] [node013:16389:0]         mxm.c:185  MXM  WARN  The 'ulimit -s' on the system is set to 'unlimited'. This may have negative performance implications. Please set the heap size to the default value (10240) 
[1441219578.113028] [node005:11660:0]         sys.c:719  MXM  WARN  Conflicting CPU frequencies detected, using: 2299.03
[1441219578.116182] [node005:11660:0]         mxm.c:185  MXM  WARN  The 'ulimit -s' on the system is set to 'unlimited'. This may have negative performance implications. Please set the heap size to the default value (10240) 
[1441219578.108086] [node015:8758 :0]         sys.c:719  MXM  WARN  Conflicting CPU frequencies detected, using: 2400.00
[1441219578.112624] [node015:8758 :0]         mxm.c:185  MXM  WARN  The 'ulimit -s' on the system is set to 'unlimited'. This may have negative performance implications. Please set the heap size to the default value (10240) 
[1441219578.070077] [node008:24358:0]         sys.c:719  MXM  WARN  Conflicting CPU frequencies detected, using: 2395.03
[1441219578.089681] [node008:24358:0]         mxm.c:185  MXM  WARN  The 'ulimit -s' on the system is set to 'unlimited'. This may have negative performance implications. Please set the heap size to the default value (10240) 
[1441219578.107448] [node005:11659:0]         sys.c:719  MXM  WARN  Conflicting CPU frequencies detected, using: 2198.91
[1441219578.110561] [node005:11659:0]         mxm.c:185  MXM  WARN  The 'ulimit -s' on the system is set to 'unlimited'. This may have negative performance implications. Please set the heap size to the default value (10240) 
[1441219578.118788] [node006:10866:0]         sys.c:719  MXM  WARN  Conflicting CPU frequencies detected, using: 2294.06
[1441219578.121162] [node006:10866:0]         mxm.c:185  MXM  WARN  The 'ulimit -s' on the system is set to 'unlimited'. This may have negative performance implications. Please set the heap size to the default value (10240) 
[1441219578.115253] [node006:10867:0]         sys.c:719  MXM  WARN  Conflicting CPU frequencies detected, using: 2197.22
[1441219578.118197] [node006:10867:0]         mxm.c:185  MXM  WARN  The 'ulimit -s' on the system is set to 'unlimited'. This may have negative performance implications. Please set the heap size to the default value (10240) 
[1441219578.132373] [node007:16222:0]         sys.c:719  MXM  WARN  Conflicting CPU frequencies detected, using: 2400.47
[1441219578.135552] [node007:16222:0]         mxm.c:185  MXM  WARN  The 'ulimit -s' on the system is set to 'unlimited'. This may have negative performance implications. Please set the heap size to the default value (10240) 
[1441219578.133650] [node004:11176:0]         sys.c:719  MXM  WARN  Conflicting CPU frequencies detected, using: 2400.00
[1441219578.136634] [node004:11176:0]         mxm.c:185  MXM  WARN  The 'ulimit -s' on the system is set to 'unlimited'. This may have negative performance implications. Please set the heap size to the default value (10240) 
[1441219578.119831] [node011:16117:0]         sys.c:719  MXM  WARN  Conflicting CPU frequencies detected, using: 2400.00
[1441219578.127153] [node011:16117:0]         mxm.c:185  MXM  WARN  The 'ulimit -s' on the system is set to 'unlimited'. This may have negative performance implications. Please set the heap size to the default value (10240) 
[1441219578.128354] [node015:8787 :0]         sys.c:719  MXM  WARN  Conflicting CPU frequencies detected, using: 2400.19
[1441219578.134278] [node015:8787 :0]         mxm.c:185  MXM  WARN  The 'ulimit -s' on the system is set to 'unlimited'. This may have negative performance implications. Please set the heap size to the default value (10240) 
[1441219578.120152] [node011:16118:0]         sys.c:719  MXM  WARN  Conflicting CPU frequencies detected, using: 2400.00
[1441219578.127955] [node011:16118:0]         mxm.c:185  MXM  WARN  The 'ulimit -s' on the system is set to 'unlimited'. This may have negative performance implications. Please set the heap size to the default value (10240) 
[1441219578.136804] [node006:10877:0]         sys.c:719  MXM  WARN  Conflicting CPU frequencies detected, using: 2399.06
[1441219578.139431] [node006:10877:0]         mxm.c:185  MXM  WARN  The 'ulimit -s' on the system is set to 'unlimited'. This may have negative performance implications. Please set the heap size to the default value (10240) 
[1441219578.137347] [node005:11692:0]         sys.c:719  MXM  WARN  Conflicting CPU frequencies detected, using: 2400.00
[1441219578.139904] [node005:11692:0]         mxm.c:185  MXM  WARN  The 'ulimit -s' on the system is set to 'unlimited'. This may have negative performance implications. Please set the heap size to the default value (10240) 
[1441219578.137022] [node006:10888:0]         sys.c:719  MXM  WARN  Conflicting CPU frequencies detected, using: 2399.06
[1441219578.139534] [node006:10888:0]         mxm.c:185  MXM  WARN  The 'ulimit -s' on the system is set to 'unlimited'. This may have negative performance implications. Please set the heap size to the default value (10240) 
[1441219578.140547] [node046:13568:0]         sys.c:719  MXM  WARN  Conflicting CPU frequencies detected, using: 2400.00
[1441219578.143208] [node046:13568:0]         mxm.c:185  MXM  WARN  The 'ulimit -s' on the system is set to 'unlimited'. This may have negative performance implications. Please set the heap size to the default value (10240) 
[1441219578.119365] [node003:11739:0]         sys.c:719  MXM  WARN  Conflicting CPU frequencies detected, using: 1818.94
[1441219578.122897] [node003:11739:0]         mxm.c:185  MXM  WARN  The 'ulimit -s' on the system is set to 'unlimited'. This may have negative performance implications. Please set the heap size to the default value (10240) 
[1441219578.138145] [node005:11702:0]         sys.c:719  MXM  WARN  Conflicting CPU frequencies detected, using: 2400.00
[1441219578.140465] [node005:11702:0]         mxm.c:185  MXM  WARN  The 'ulimit -s' on the system is set to 'unlimited'. This may have negative performance implications. Please set the heap size to the default value (10240) 
[1441219578.145635] [node006:10920:0]         sys.c:719  MXM  WARN  Conflicting CPU frequencies detected, using: 2399.91
[1441219578.148002] [node006:10920:0]         mxm.c:185  MXM  WARN  The 'ulimit -s' on the system is set to 'unlimited'. This may have negative performance implications. Please set the heap size to the default value (10240) 
[1441219578.128822] [node009:18523:0]         sys.c:719  MXM  WARN  Conflicting CPU frequencies detected, using: 2396.62
[1441219578.135845] [node009:18523:0]         mxm.c:185  MXM  WARN  The 'ulimit -s' on the system is set to 'unlimited'. This may have negative performance implications. Please set the heap size to the default value (10240) 
[1441219578.138560] [node011:16162:0]         sys.c:719  MXM  WARN  Conflicting CPU frequencies detected, using: 2400.09
[1441219578.143524] [node011:16162:0]         mxm.c:185  MXM  WARN  The 'ulimit -s' on the system is set to 'unlimited'. This may have negative performance implications. Please set the heap size to the default value (10240) 
[1441219578.147945] [node006:10949:0]         sys.c:719  MXM  WARN  Conflicting CPU frequencies detected, using: 2399.91
[1441219578.150498] [node006:10949:0]         mxm.c:185  MXM  WARN  The 'ulimit -s' on the system is set to 'unlimited'. This may have negative performance implications. Please set the heap size to the default value (10240) 
[1441219578.150930] [node006:10946:0]         sys.c:719  MXM  WARN  Conflicting CPU frequencies detected, using: 2399.91
[1441219578.153808] [node006:10946:0]         mxm.c:185  MXM  WARN  The 'ulimit -s' on the system is set to 'unlimited'. This may have negative performance implications. Please set the heap size to the default value (10240) 
[1441219578.129881] [node009:18536:0]         sys.c:719  MXM  WARN  Conflicting CPU frequencies detected, using: 2397.28
[1441219578.140574] [node009:18536:0]         mxm.c:185  MXM  WARN  The 'ulimit -s' on the system is set to 'unlimited'. This may have negative performance implications. Please set the heap size to the default value (10240) 
[1441219578.156851] [node046:13575:0]         sys.c:719  MXM  WARN  Conflicting CPU frequencies detected, using: 2400.00
[1441219578.159660] [node046:13575:0]         mxm.c:185  MXM  WARN  The 'ulimit -s' on the system is set to 'unlimited'. This may have negative performance implications. Please set the heap size to the default value (10240) 
[1441219578.133357] [node009:18550:0]         sys.c:719  MXM  WARN  Conflicting CPU frequencies detected, using: 2399.91
[1441219578.142943] [node009:18550:0]         mxm.c:185  MXM  WARN  The 'ulimit -s' on the system is set to 'unlimited'. This may have negative performance implications. Please set the heap size to the default value (10240) 
[1441219578.145869] [node015:8791 :0]         sys.c:719  MXM  WARN  Conflicting CPU frequencies detected, using: 2400.00
[1441219578.150772] [node015:8791 :0]         mxm.c:185  MXM  WARN  The 'ulimit -s' on the system is set to 'unlimited'. This may have negative performance implications. Please set the heap size to the default value (10240) 
[1441219578.158968] [node046:13584:0]         sys.c:719  MXM  WARN  Conflicting CPU frequencies detected, using: 2400.00
[1441219578.161324] [node046:13584:0]         mxm.c:185  MXM  WARN  The 'ulimit -s' on the system is set to 'unlimited'. This may have negative performance implications. Please set the heap size to the default value (10240) 
[1441219578.130511] [node009:18524:0]         sys.c:719  MXM  WARN  Conflicting CPU frequencies detected, using: 2397.28
[1441219578.143724] [node009:18524:0]         mxm.c:185  MXM  WARN  The 'ulimit -s' on the system is set to 'unlimited'. This may have negative performance implications. Please set the heap size to the default value (10240) 
[1441219578.165104] [node046:13615:0]         sys.c:719  MXM  WARN  Conflicting CPU frequencies detected, using: 2400.00
[1441219578.167772] [node046:13615:0]         mxm.c:185  MXM  WARN  The 'ulimit -s' on the system is set to 'unlimited'. This may have negative performance implications. Please set the heap size to the default value (10240) 
[1441219578.146774] [node012:16298:0]         sys.c:719  MXM  WARN  Conflicting CPU frequencies detected, using: 2400.00
[1441219578.151425] [node012:16298:0]         mxm.c:185  MXM  WARN  The 'ulimit -s' on the system is set to 'unlimited'. This may have negative performance implications. Please set the heap size to the default value (10240) 
[1441219578.167348] [node014:11104:0]         sys.c:719  MXM  WARN  Conflicting CPU frequencies detected, using: 2400.00
[1441219578.170192] [node014:11104:0]         mxm.c:185  MXM  WARN  The 'ulimit -s' on the system is set to 'unlimited'. This may have negative performance implications. Please set the heap size to the default value (10240) 
[1441219578.165672] [node014:11103:0]         sys.c:719  MXM  WARN  Conflicting CPU frequencies detected, using: 2400.00
[1441219578.169171] [node014:11103:0]         mxm.c:185  MXM  WARN  The 'ulimit -s' on the system is set to 'unlimited'. This may have negative performance implications. Please set the heap size to the default value (10240) 
[1441219578.166196] [node014:11105:0]         sys.c:719  MXM  WARN  Conflicting CPU frequencies detected, using: 2400.00
[1441219578.169287] [node014:11105:0]         mxm.c:185  MXM  WARN  The 'ulimit -s' on the system is set to 'unlimited'. This may have negative performance implications. Please set the heap size to the default value (10240) 
[1441219578.150112] [node012:16300:0]         sys.c:719  MXM  WARN  Conflicting CPU frequencies detected, using: 2400.00
[1441219578.159538] [node012:16300:0]         mxm.c:185  MXM  WARN  The 'ulimit -s' on the system is set to 'unlimited'. This may have negative performance implications. Please set the heap size to the default value (10240) 
[1441219578.159821] [node009:18609:0]         sys.c:719  MXM  WARN  Conflicting CPU frequencies detected, using: 2400.00
[1441219578.167256] [node009:18609:0]         mxm.c:185  MXM  WARN  The 'ulimit -s' on the system is set to 'unlimited'. This may have negative performance implications. Please set the heap size to the default value (10240) 
[1441219578.155260] [node012:16316:0]         sys.c:719  MXM  WARN  Conflicting CPU frequencies detected, using: 2400.00
[1441219578.164532] [node012:16316:0]         mxm.c:185  MXM  WARN  The 'ulimit -s' on the system is set to 'unlimited'. This may have negative performance implications. Please set the heap size to the default value (10240) 
[1441219578.149280] [node012:16299:0]         sys.c:719  MXM  WARN  Conflicting CPU frequencies detected, using: 2400.00
[1441219578.158074] [node012:16299:0]         mxm.c:185  MXM  WARN  The 'ulimit -s' on the system is set to 'unlimited'. This may have negative performance implications. Please set the heap size to the default value (10240) 
[1441219578.165663] [node014:11102:0]         sys.c:719  MXM  WARN  Conflicting CPU frequencies detected, using: 2400.00
[1441219578.169035] [node014:11102:0]         mxm.c:185  MXM  WARN  The 'ulimit -s' on the system is set to 'unlimited'. This may have negative performance implications. Please set the heap size to the default value (10240) 
[1441219578.174031] [node014:11127:0]         sys.c:719  MXM  WARN  Conflicting CPU frequencies detected, using: 2400.00
[1441219578.177433] [node014:11127:0]         mxm.c:185  MXM  WARN  The 'ulimit -s' on the system is set to 'unlimited'. This may have negative performance implications. Please set the heap size to the default value (10240) 
[1441219578.173940] [node014:11191:0]         sys.c:719  MXM  WARN  Conflicting CPU frequencies detected, using: 2400.00
[1441219578.177343] [node014:11191:0]         mxm.c:185  MXM  WARN  The 'ulimit -s' on the system is set to 'unlimited'. This may have negative performance implications. Please set the heap size to the default value (10240) 
UPCR: UPC thread   3 of 128 on node001 (pshm node  0 of 16, process   3 of 128, pid=2260)
UPCR: UPC thread   6 of 128 on node001 (pshm node  0 of 16, process   6 of 128, pid=2263)
UPCR: UPC thread   2 of 128 on node001 (pshm node  0 of 16, process   2 of 128, pid=2259)
UPCR: UPC thread   7 of 128 on node001 (pshm node  0 of 16, process   7 of 128, pid=2264)
UPCR: UPC thread 126 of 128 on node046 (pshm node 15 of 16, process 126 of 128, pid=13535)
UPCR: UPC thread 115 of 128 on node015 (pshm node 14 of 16, process 115 of 128, pid=8657)
UPCR: UPC thread   4 of 128 on node001 (pshm node  0 of 16, process   4 of 128, pid=2261)
UPCR: UPC thread   9 of 128 on node002 (pshm node  1 of 16, process   9 of 128, pid=13731)
UPCR: UPC thread   0 of 128 on node001 (pshm node  0 of 16, process   0 of 128, pid=2257)
UPCR: UPC thread 105 of 128 on node014 (pshm node 13 of 16, process 105 of 128, pid=11103)
UPCR: UPC thread 106 of 128 on node014 (pshm node 13 of 16, process 106 of 128, pid=11191)
UPCR: UPC thread   1 of 128 on node001 (pshm node  0 of 16, process   1 of 128, pid=2258)
UPCR: UPC thread   5 of 128 on node001 (pshm node  0 of 16, process   5 of 128, pid=2262)
UPCR: UPC thread  72 of 128 on node010 (pshm node  9 of 16, process  72 of 128, pid=16042)
UPCR: UPC thread 110 of 128 on node014 (pshm node 13 of 16, process 110 of 128, pid=11059)
UPCR: UPC thread  28 of 128 on node004 (pshm node  3 of 16, process  28 of 128, pid=11106)
UPCR: UPC thread  46 of 128 on node006 (pshm node  5 of 16, process  46 of 128, pid=10841)
UPCR: UPC thread 107 of 128 on node014 (pshm node 13 of 16, process 107 of 128, pid=11127)
UPCR: UPC thread  43 of 128 on node006 (pshm node  5 of 16, process  43 of 128, pid=10946)
UPCR: UPC thread  42 of 128 on node006 (pshm node  5 of 16, process  42 of 128, pid=10867)
UPCR: UPC thread  66 of 128 on node009 (pshm node  8 of 16, process  66 of 128, pid=18536)
UPCR: UPC thread  79 of 128 on node010 (pshm node  9 of 16, process  79 of 128, pid=16018)
UPCR: UPC thread  74 of 128 on node010 (pshm node  9 of 16, process  74 of 128, pid=16056)
UPCR: UPC thread  58 of 128 on node008 (pshm node  7 of 16, process  58 of 128, pid=24308)
UPCR: UPC thread  40 of 128 on node006 (pshm node  5 of 16, process  40 of 128, pid=10877)
UPCR: UPC thread  78 of 128 on node010 (pshm node  9 of 16, process  78 of 128, pid=15977)
UPCR: UPC thread  44 of 128 on node006 (pshm node  5 of 16, process  44 of 128, pid=10866)
UPCR: UPC thread  96 of 128 on node013 (pshm node 12 of 16, process  96 of 128, pid=16389)
UPCR: UPC thread  18 of 128 on node003 (pshm node  2 of 16, process  18 of 128, pid=11588)
UPCR: UPC thread  47 of 128 on node006 (pshm node  5 of 16, process  47 of 128, pid=10888)
UPCR: UPC thread  60 of 128 on node008 (pshm node  7 of 16, process  60 of 128, pid=24335)
UPCR: UPC thread  30 of 128 on node004 (pshm node  3 of 16, process  30 of 128, pid=11025)
UPCR: UPC thread  85 of 128 on node011 (pshm node 10 of 16, process  85 of 128, pid=16117)
UPCR: UPC thread  17 of 128 on node003 (pshm node  2 of 16, process  17 of 128, pid=11739)
UPCR: UPC thread  59 of 128 on node008 (pshm node  7 of 16, process  59 of 128, pid=24284)
UPCR: UPC thread  32 of 128 on node005 (pshm node  4 of 16, process  32 of 128, pid=11610)
UPCR: UPC thread 104 of 128 on node014 (pshm node 13 of 16, process 104 of 128, pid=11104)
UPCR: UPC thread  52 of 128 on node007 (pshm node  6 of 16, process  52 of 128, pid=16102)
UPCR: UPC thread  33 of 128 on node005 (pshm node  4 of 16, process  33 of 128, pid=11659)
UPCR: UPC thread 111 of 128 on node014 (pshm node 13 of 16, process 111 of 128, pid=11076)
UPCR: UPC thread  62 of 128 on node008 (pshm node  7 of 16, process  62 of 128, pid=24417)
UPCR: UPC thread  73 of 128 on node010 (pshm node  9 of 16, process  73 of 128, pid=16055)
UPCR: UPC thread  75 of 128 on node010 (pshm node  9 of 16, process  75 of 128, pid=16000)
UPCR: UPC thread 108 of 128 on node014 (pshm node 13 of 16, process 108 of 128, pid=11102)
UPCR: UPC thread 117 of 128 on node015 (pshm node 14 of 16, process 117 of 128, pid=8673)
UPCR: UPC thread  10 of 128 on node002 (pshm node  1 of 16, process  10 of 128, pid=13861)
UPCR: UPC thread  45 of 128 on node006 (pshm node  5 of 16, process  45 of 128, pid=10949)
UPCR: UPC thread  36 of 128 on node005 (pshm node  4 of 16, process  36 of 128, pid=11660)
UPCR: UPC thread  15 of 128 on node002 (pshm node  1 of 16, process  15 of 128, pid=13766)
UPCR: UPC thread 109 of 128 on node014 (pshm node 13 of 16, process 109 of 128, pid=11105)
UPCR: UPC thread  41 of 128 on node006 (pshm node  5 of 16, process  41 of 128, pid=10920)
UPCR: UPC thread 118 of 128 on node015 (pshm node 14 of 16, process 118 of 128, pid=8791)
UPCR: UPC thread  54 of 128 on node007 (pshm node  6 of 16, process  54 of 128, pid=16068)
UPCR: UPC thread  12 of 128 on node002 (pshm node  1 of 16, process  12 of 128, pid=13825)
UPCR: UPC thread  76 of 128 on node010 (pshm node  9 of 16, process  76 of 128, pid=16117)
UPCR: UPC thread  29 of 128 on node004 (pshm node  3 of 16, process  29 of 128, pid=11061)
UPCR: UPC thread  25 of 128 on node004 (pshm node  3 of 16, process  25 of 128, pid=11060)
UPCR: UPC thread  82 of 128 on node011 (pshm node 10 of 16, process  82 of 128, pid=16118)
UPCR: UPC thread  88 of 128 on node012 (pshm node 11 of 16, process  88 of 128, pid=16299)
UPCR: UPC thread 113 of 128 on node015 (pshm node 14 of 16, process 113 of 128, pid=8690)
UPCR: UPC thread  27 of 128 on node004 (pshm node  3 of 16, process  27 of 128, pid=11155)
UPCR: UPC thread  13 of 128 on node002 (pshm node  1 of 16, process  13 of 128, pid=13833)
UPCR: UPC thread  91 of 128 on node012 (pshm node 11 of 16, process  91 of 128, pid=16300)
UPCR: UPC thread  77 of 128 on node010 (pshm node  9 of 16, process  77 of 128, pid=16054)
UPCR: UPC thread  80 of 128 on node011 (pshm node 10 of 16, process  80 of 128, pid=16162)
UPCR: UPC thread  89 of 128 on node012 (pshm node 11 of 16, process  89 of 128, pid=16243)
UPCR: UPC thread  81 of 128 on node011 (pshm node 10 of 16, process  81 of 128, pid=16084)
UPCR: UPC thread  55 of 128 on node007 (pshm node  6 of 16, process  55 of 128, pid=16076)
UPCR: UPC thread 103 of 128 on node013 (pshm node 12 of 16, process 103 of 128, pid=16313)
UPCR: UPC thread  26 of 128 on node004 (pshm node  3 of 16, process  26 of 128, pid=11176)
UPCR: UPC thread 124 of 128 on node046 (pshm node 15 of 16, process 124 of 128, pid=13496)
UPCR: UPC thread  95 of 128 on node012 (pshm node 11 of 16, process  95 of 128, pid=16298)
UPCR: UPC thread  69 of 128 on node009 (pshm node  8 of 16, process  69 of 128, pid=18550)
UPCR: UPC thread 122 of 128 on node046 (pshm node 15 of 16, process 122 of 128, pid=13486)
UPCR: UPC thread 114 of 128 on node015 (pshm node 14 of 16, process 114 of 128, pid=8787)
UPCR: UPC thread  92 of 128 on node012 (pshm node 11 of 16, process  92 of 128, pid=16271)
UPCR: UPC thread  48 of 128 on node007 (pshm node  6 of 16, process  48 of 128, pid=16161)
UPCR: UPC thread  21 of 128 on node003 (pshm node  2 of 16, process  21 of 128, pid=11611)
UPCR: UPC thread  31 of 128 on node004 (pshm node  3 of 16, process  31 of 128, pid=11145)
UPCR: UPC thread  57 of 128 on node008 (pshm node  7 of 16, process  57 of 128, pid=24358)
UPCR: UPC thread  24 of 128 on node004 (pshm node  3 of 16, process  24 of 128, pid=11037)
UPCR: UPC thread 119 of 128 on node015 (pshm node 14 of 16, process 119 of 128, pid=8672)
UPCR: UPC thread  56 of 128 on node008 (pshm node  7 of 16, process  56 of 128, pid=24333)
UPCR: UPC thread  11 of 128 on node002 (pshm node  1 of 16, process  11 of 128, pid=13767)
UPCR: UPC thread  23 of 128 on node003 (pshm node  2 of 16, process  23 of 128, pid=11667)
UPCR: UPC thread  51 of 128 on node007 (pshm node  6 of 16, process  51 of 128, pid=16222)
UPCR: UPC thread  64 of 128 on node009 (pshm node  8 of 16, process  64 of 128, pid=18472)
UPCR: UPC thread  61 of 128 on node008 (pshm node  7 of 16, process  61 of 128, pid=24334)
UPCR: UPC thread  71 of 128 on node009 (pshm node  8 of 16, process  71 of 128, pid=18471)
UPCR: UPC thread  90 of 128 on node012 (pshm node 11 of 16, process  90 of 128, pid=16220)
UPCR: UPC thread 125 of 128 on node046 (pshm node 15 of 16, process 125 of 128, pid=13615)
UPCR: UPC thread 102 of 128 on node013 (pshm node 12 of 16, process 102 of 128, pid=16346)
UPCR: UPC thread  20 of 128 on node003 (pshm node  2 of 16, process  20 of 128, pid=11643)
UPCR: UPC thread  53 of 128 on node007 (pshm node  6 of 16, process  53 of 128, pid=16182)
UPCR: UPC thread  87 of 128 on node011 (pshm node 10 of 16, process  87 of 128, pid=16034)
UPCR: UPC thread  49 of 128 on node007 (pshm node  6 of 16, process  49 of 128, pid=16136)
UPCR: UPC thread  68 of 128 on node009 (pshm node  8 of 16, process  68 of 128, pid=18524)
UPCR: UPC thread 120 of 128 on node046 (pshm node 15 of 16, process 120 of 128, pid=13575)
UPCR: UPC thread 112 of 128 on node015 (pshm node 14 of 16, process 112 of 128, pid=8752)
UPCR: UPC thread  65 of 128 on node009 (pshm node  8 of 16, process  65 of 128, pid=18504)
UPCR: UPC thread  38 of 128 on node005 (pshm node  4 of 16, process  38 of 128, pid=11562)
UPCR: UPC thread  97 of 128 on node013 (pshm node 12 of 16, process  97 of 128, pid=16392)
UPCR: UPC thread  84 of 128 on node011 (pshm node 10 of 16, process  84 of 128, pid=16035)
UPCR: UPC thread 121 of 128 on node046 (pshm node 15 of 16, process 121 of 128, pid=13534)
UPCR: UPC thread  50 of 128 on node007 (pshm node  6 of 16, process  50 of 128, pid=16183)
UPCR: UPC thread  16 of 128 on node003 (pshm node  2 of 16, process  16 of 128, pid=11700)
UPCR: UPC thread  37 of 128 on node005 (pshm node  4 of 16, process  37 of 128, pid=11702)
UPCR: UPC thread  86 of 128 on node011 (pshm node 10 of 16, process  86 of 128, pid=16010)
UPCR: UPC thread  34 of 128 on node005 (pshm node  4 of 16, process  34 of 128, pid=11692)
UPCR: UPC thread  63 of 128 on node008 (pshm node  7 of 16, process  63 of 128, pid=24357)
UPCR: UPC thread  19 of 128 on node003 (pshm node  2 of 16, process  19 of 128, pid=11571)
UPCR: UPC thread  70 of 128 on node009 (pshm node  8 of 16, process  70 of 128, pid=18609)
UPCR: UPC thread  35 of 128 on node005 (pshm node  4 of 16, process  35 of 128, pid=11631)
UPCR: UPC thread  67 of 128 on node009 (pshm node  8 of 16, process  67 of 128, pid=18523)
UPCR: UPC thread  39 of 128 on node005 (pshm node  4 of 16, process  39 of 128, pid=11586)
UPCR: UPC thread  93 of 128 on node012 (pshm node 11 of 16, process  93 of 128, pid=16261)
UPCR: UPC thread 100 of 128 on node013 (pshm node 12 of 16, process 100 of 128, pid=16323)
UPCR: UPC thread 123 of 128 on node046 (pshm node 15 of 16, process 123 of 128, pid=13584)
UPCR: UPC thread   8 of 128 on node002 (pshm node  1 of 16, process   8 of 128, pid=13732)
UPCR: UPC thread  22 of 128 on node003 (pshm node  2 of 16, process  22 of 128, pid=11688)
UPCR: UPC thread  83 of 128 on node011 (pshm node 10 of 16, process  83 of 128, pid=16081)
UPCR: UPC thread 101 of 128 on node013 (pshm node 12 of 16, process 101 of 128, pid=16292)
UPCR: UPC thread  98 of 128 on node013 (pshm node 12 of 16, process  98 of 128, pid=16368)
UPCR: UPC thread  99 of 128 on node013 (pshm node 12 of 16, process  99 of 128, pid=16275)
UPCR: UPC thread 116 of 128 on node015 (pshm node 14 of 16, process 116 of 128, pid=8758)
UPCR: UPC thread  94 of 128 on node012 (pshm node 11 of 16, process  94 of 128, pid=16316)
UPCR: UPC thread 127 of 128 on node046 (pshm node 15 of 16, process 127 of 128, pid=13568)
UPCR: UPC thread  14 of 128 on node002 (pshm node  1 of 16, process  14 of 128, pid=13707)
0/128 - htable initialized
0/128 - table size: 137438953472 bytes (131072 MB)
0/128 - total number of buckets: 17179869184
0/128 - block size: 1073741824 (1024 MB)
0/128 - number of buckets in block: 134217728
0/128 - number of blocks: 128
72/128 - Performed a throughput benchmark:
72/128 - Performed 2000000 find-or-put operations with random values from [0,...,588799999]
72/128 - Finds: 338186 (0.169093), Inserts: 1661814 (0.830907), Errors: 0 (0)
72/128 - Execution time: 12.0854 seconds
72/128 - Throughput: 165489 ops/sec
84/128 - Performed a throughput benchmark:
84/128 - Performed 2000000 find-or-put operations with random values from [0,...,588799999]
84/128 - Finds: 339263 (0.169631), Inserts: 1660737 (0.830368), Errors: 0 (0)
84/128 - Execution time: 12.1202 seconds
84/128 - Throughput: 165014 ops/sec
85/128 - Performed a throughput benchmark:
85/128 - Performed 2000000 find-or-put operations with random values from [0,...,588799999]
85/128 - Finds: 337164 (0.168582), Inserts: 1662836 (0.831418), Errors: 0 (0)
85/128 - Execution time: 12.0827 seconds
85/128 - Throughput: 165526 ops/sec
87/128 - Performed a throughput benchmark:
87/128 - Performed 2000000 find-or-put operations with random values from [0,...,588799999]
87/128 - Finds: 339470 (0.169735), Inserts: 1660530 (0.830265), Errors: 0 (0)
87/128 - Execution time: 12.1427 seconds
87/128 - Throughput: 164708 ops/sec
75/128 - Performed a throughput benchmark:
75/128 - Performed 2000000 find-or-put operations with random values from [0,...,588799999]
75/128 - Finds: 339971 (0.169986), Inserts: 1660029 (0.830014), Errors: 0 (0)
75/128 - Execution time: 12.1388 seconds
75/128 - Throughput: 164760 ops/sec
83/128 - Performed a throughput benchmark:
83/128 - Performed 2000000 find-or-put operations with random values from [0,...,588799999]
83/128 - Finds: 339002 (0.169501), Inserts: 1660998 (0.830499), Errors: 0 (0)
83/128 - Execution time: 12.1371 seconds
83/128 - Throughput: 164784 ops/sec
78/128 - Performed a throughput benchmark:
78/128 - Performed 2000000 find-or-put operations with random values from [0,...,588799999]
78/128 - Finds: 340234 (0.170117), Inserts: 1659766 (0.829883), Errors: 0 (0)
78/128 - Execution time: 12.1545 seconds
78/128 - Throughput: 164548 ops/sec
112/128 - Performed a throughput benchmark:
112/128 - Performed 2000000 find-or-put operations with random values from [0,...,588799999]
112/128 - Finds: 340517 (0.170259), Inserts: 1659483 (0.829742), Errors: 0 (0)
112/128 - Execution time: 12.1641 seconds
112/128 - Throughput: 164419 ops/sec
86/128 - Performed a throughput benchmark:
86/128 - Performed 2000000 find-or-put operations with random values from [0,...,588799999]
86/128 - Finds: 340269 (0.170134), Inserts: 1659731 (0.829866), Errors: 0 (0)
86/128 - Execution time: 12.1621 seconds
86/128 - Throughput: 164446 ops/sec
114/128 - Performed a throughput benchmark:
114/128 - Performed 2000000 find-or-put operations with random values from [0,...,588799999]
114/128 - Finds: 339662 (0.169831), Inserts: 1660338 (0.830169), Errors: 0 (0)
114/128 - Execution time: 12.143 seconds
114/128 - Throughput: 164703 ops/sec
81/128 - Performed a throughput benchmark:
81/128 - Performed 2000000 find-or-put operations with random values from [0,...,588799999]
81/128 - Finds: 338622 (0.169311), Inserts: 1661378 (0.830689), Errors: 0 (0)
81/128 - Execution time: 12.1406 seconds
81/128 - Throughput: 164736 ops/sec
119/128 - Performed a throughput benchmark:
119/128 - Performed 2000000 find-or-put operations with random values from [0,...,588799999]
119/128 - Finds: 339732 (0.169866), Inserts: 1660268 (0.830134), Errors: 0 (0)
119/128 - Execution time: 12.1564 seconds
119/128 - Throughput: 164522 ops/sec
79/128 - Performed a throughput benchmark:
79/128 - Performed 2000000 find-or-put operations with random values from [0,...,588799999]
79/128 - Finds: 339953 (0.169977), Inserts: 1660047 (0.830024), Errors: 0 (0)
79/128 - Execution time: 12.1556 seconds
79/128 - Throughput: 164533 ops/sec
77/128 - Performed a throughput benchmark:
77/128 - Performed 2000000 find-or-put operations with random values from [0,...,588799999]
77/128 - Finds: 338741 (0.169371), Inserts: 1661259 (0.83063), Errors: 0 (0)
77/128 - Execution time: 12.1228 seconds
77/128 - Throughput: 164979 ops/sec
106/128 - Performed a throughput benchmark:
106/128 - Performed 2000000 find-or-put operations with random values from [0,...,588799999]
106/128 - Finds: 340188 (0.170094), Inserts: 1659812 (0.829906), Errors: 0 (0)
106/128 - Execution time: 12.1621 seconds
106/128 - Throughput: 164445 ops/sec
80/128 - Performed a throughput benchmark:
80/128 - Performed 2000000 find-or-put operations with random values from [0,...,588799999]
80/128 - Finds: 339704 (0.169852), Inserts: 1660296 (0.830148), Errors: 0 (0)
80/128 - Execution time: 12.1586 seconds
80/128 - Throughput: 164493 ops/sec
56/128 - Performed a throughput benchmark:
56/128 - Performed 2000000 find-or-put operations with random values from [0,...,588799999]
56/128 - Finds: 339491 (0.169745), Inserts: 1660509 (0.830255), Errors: 0 (0)
56/128 - Execution time: 12.161 seconds
56/128 - Throughput: 164460 ops/sec
71/128 - Performed a throughput benchmark:
71/128 - Performed 2000000 find-or-put operations with random values from [0,...,588799999]
71/128 - Finds: 340487 (0.170243), Inserts: 1659513 (0.829757), Errors: 0 (0)
71/128 - Execution time: 12.1773 seconds
71/128 - Throughput: 164240 ops/sec
89/128 - Performed a throughput benchmark:
89/128 - Performed 2000000 find-or-put operations with random values from [0,...,588799999]
89/128 - Finds: 340179 (0.17009), Inserts: 1659821 (0.82991), Errors: 0 (0)
89/128 - Execution time: 12.1579 seconds
89/128 - Throughput: 164502 ops/sec
102/128 - Performed a throughput benchmark:
102/128 - Performed 2000000 find-or-put operations with random values from [0,...,588799999]
102/128 - Finds: 339862 (0.169931), Inserts: 1660138 (0.830069), Errors: 0 (0)
102/128 - Execution time: 12.1629 seconds
102/128 - Throughput: 164434 ops/sec
57/128 - Performed a throughput benchmark:
57/128 - Performed 2000000 find-or-put operations with random values from [0,...,588799999]
57/128 - Finds: 340497 (0.170248), Inserts: 1659503 (0.829751), Errors: 0 (0)
57/128 - Execution time: 12.1691 seconds
57/128 - Throughput: 164351 ops/sec
100/128 - Performed a throughput benchmark:
100/128 - Performed 2000000 find-or-put operations with random values from [0,...,588799999]
100/128 - Finds: 340348 (0.170174), Inserts: 1659652 (0.829826), Errors: 0 (0)
100/128 - Execution time: 12.1874 seconds
100/128 - Throughput: 164103 ops/sec
69/128 - Performed a throughput benchmark:
69/128 - Performed 2000000 find-or-put operations with random values from [0,...,588799999]
69/128 - Finds: 339700 (0.16985), Inserts: 1660300 (0.83015), Errors: 0 (0)
69/128 - Execution time: 12.1648 seconds
69/128 - Throughput: 164409 ops/sec
103/128 - Performed a throughput benchmark:
103/128 - Performed 2000000 find-or-put operations with random values from [0,...,588799999]
103/128 - Finds: 339738 (0.169869), Inserts: 1660262 (0.830131), Errors: 0 (0)
103/128 - Execution time: 12.1846 seconds
103/128 - Throughput: 164142 ops/sec
63/128 - Performed a throughput benchmark:
63/128 - Performed 2000000 find-or-put operations with random values from [0,...,588799999]
63/128 - Finds: 340000 (0.17), Inserts: 1660000 (0.83), Errors: 0 (0)
63/128 - Execution time: 12.1781 seconds
63/128 - Throughput: 164230 ops/sec
65/128 - Performed a throughput benchmark:
65/128 - Performed 2000000 find-or-put operations with random values from [0,...,588799999]
65/128 - Finds: 340305 (0.170153), Inserts: 1659695 (0.829847), Errors: 0 (0)
65/128 - Execution time: 12.1797 seconds
65/128 - Throughput: 164208 ops/sec
66/128 - Performed a throughput benchmark:
66/128 - Performed 2000000 find-or-put operations with random values from [0,...,588799999]
66/128 - Finds: 338967 (0.169484), Inserts: 1661033 (0.830516), Errors: 0 (0)
66/128 - Execution time: 12.1686 seconds
66/128 - Throughput: 164358 ops/sec
93/128 - Performed a throughput benchmark:
93/128 - Performed 2000000 find-or-put operations with random values from [0,...,588799999]
93/128 - Finds: 340396 (0.170198), Inserts: 1659604 (0.829802), Errors: 0 (0)
93/128 - Execution time: 12.1763 seconds
93/128 - Throughput: 164253 ops/sec
113/128 - Performed a throughput benchmark:
113/128 - Performed 2000000 find-or-put operations with random values from [0,...,588799999]
113/128 - Finds: 340327 (0.170163), Inserts: 1659673 (0.829836), Errors: 0 (0)
113/128 - Execution time: 12.199 seconds
113/128 - Throughput: 163948 ops/sec
117/128 - Performed a throughput benchmark:
117/128 - Performed 2000000 find-or-put operations with random values from [0,...,588799999]
117/128 - Finds: 340245 (0.170123), Inserts: 1659755 (0.829878), Errors: 0 (0)
117/128 - Execution time: 12.1879 seconds
117/128 - Throughput: 164097 ops/sec
61/128 - Performed a throughput benchmark:
61/128 - Performed 2000000 find-or-put operations with random values from [0,...,588799999]
61/128 - Finds: 340692 (0.170346), Inserts: 1659308 (0.829654), Errors: 0 (0)
61/128 - Execution time: 12.1942 seconds
61/128 - Throughput: 164012 ops/sec
67/128 - Performed a throughput benchmark:
67/128 - Performed 2000000 find-or-put operations with random values from [0,...,588799999]
67/128 - Finds: 340895 (0.170448), Inserts: 1659105 (0.829553), Errors: 0 (0)
67/128 - Execution time: 12.1784 seconds
67/128 - Throughput: 164225 ops/sec
64/128 - Performed a throughput benchmark:
64/128 - Performed 2000000 find-or-put operations with random values from [0,...,588799999]
64/128 - Finds: 341101 (0.17055), Inserts: 1658899 (0.829449), Errors: 0 (0)
64/128 - Execution time: 12.1955 seconds
64/128 - Throughput: 163994 ops/sec
101/128 - Performed a throughput benchmark:
101/128 - Performed 2000000 find-or-put operations with random values from [0,...,588799999]
101/128 - Finds: 340039 (0.170019), Inserts: 1659961 (0.829981), Errors: 0 (0)
101/128 - Execution time: 12.1791 seconds
101/128 - Throughput: 164216 ops/sec
82/128 - Performed a throughput benchmark:
82/128 - Performed 2000000 find-or-put operations with random values from [0,...,588799999]
82/128 - Finds: 339814 (0.169907), Inserts: 1660186 (0.830093), Errors: 0 (0)
82/128 - Execution time: 12.1388 seconds
82/128 - Throughput: 164760 ops/sec
73/128 - Performed a throughput benchmark:
73/128 - Performed 2000000 find-or-put operations with random values from [0,...,588799999]
73/128 - Finds: 340453 (0.170227), Inserts: 1659547 (0.829774), Errors: 0 (0)
73/128 - Execution time: 12.1594 seconds
73/128 - Throughput: 164482 ops/sec
94/128 - Performed a throughput benchmark:
94/128 - Performed 2000000 find-or-put operations with random values from [0,...,588799999]
94/128 - Finds: 341400 (0.1707), Inserts: 1658600 (0.8293), Errors: 0 (0)
94/128 - Execution time: 12.1921 seconds
94/128 - Throughput: 164040 ops/sec
109/128 - Performed a throughput benchmark:
109/128 - Performed 2000000 find-or-put operations with random values from [0,...,588799999]
109/128 - Finds: 339537 (0.169768), Inserts: 1660463 (0.830232), Errors: 0 (0)
109/128 - Execution time: 12.1538 seconds
109/128 - Throughput: 164557 ops/sec
58/128 - Performed a throughput benchmark:
58/128 - Performed 2000000 find-or-put operations with random values from [0,...,588799999]
58/128 - Finds: 340169 (0.170084), Inserts: 1659831 (0.829916), Errors: 0 (0)
58/128 - Execution time: 12.1864 seconds
58/128 - Throughput: 164117 ops/sec
107/128 - Performed a throughput benchmark:
107/128 - Performed 2000000 find-or-put operations with random values from [0,...,588799999]
107/128 - Finds: 339977 (0.169988), Inserts: 1660023 (0.830012), Errors: 0 (0)
107/128 - Execution time: 12.166 seconds
107/128 - Throughput: 164393 ops/sec
104/128 - Performed a throughput benchmark:
104/128 - Performed 2000000 find-or-put operations with random values from [0,...,588799999]
104/128 - Finds: 337990 (0.168995), Inserts: 1662010 (0.831005), Errors: 0 (0)
104/128 - Execution time: 12.1375 seconds
104/128 - Throughput: 164779 ops/sec
88/128 - Performed a throughput benchmark:
88/128 - Performed 2000000 find-or-put operations with random values from [0,...,588799999]
88/128 - Finds: 339592 (0.169796), Inserts: 1660408 (0.830204), Errors: 0 (0)
88/128 - Execution time: 12.1831 seconds
88/128 - Throughput: 164162 ops/sec
70/128 - Performed a throughput benchmark:
70/128 - Performed 2000000 find-or-put operations with random values from [0,...,588799999]
70/128 - Finds: 340698 (0.170349), Inserts: 1659302 (0.829651), Errors: 0 (0)
70/128 - Execution time: 12.1609 seconds
70/128 - Throughput: 164462 ops/sec
111/128 - Performed a throughput benchmark:
111/128 - Performed 2000000 find-or-put operations with random values from [0,...,588799999]
111/128 - Finds: 340867 (0.170433), Inserts: 1659133 (0.829566), Errors: 0 (0)
111/128 - Execution time: 12.2201 seconds
111/128 - Throughput: 163665 ops/sec
95/128 - Performed a throughput benchmark:
95/128 - Performed 2000000 find-or-put operations with random values from [0,...,588799999]
95/128 - Finds: 341360 (0.17068), Inserts: 1658640 (0.82932), Errors: 0 (0)
95/128 - Execution time: 12.219 seconds
95/128 - Throughput: 163679 ops/sec
90/128 - Performed a throughput benchmark:
90/128 - Performed 2000000 find-or-put operations with random values from [0,...,588799999]
90/128 - Finds: 340875 (0.170437), Inserts: 1659125 (0.829562), Errors: 0 (0)
90/128 - Execution time: 12.1909 seconds
90/128 - Throughput: 164057 ops/sec
76/128 - Performed a throughput benchmark:
76/128 - Performed 2000000 find-or-put operations with random values from [0,...,588799999]
76/128 - Finds: 339598 (0.169799), Inserts: 1660402 (0.830201), Errors: 0 (0)
76/128 - Execution time: 12.1521 seconds
76/128 - Throughput: 164581 ops/sec
97/128 - Performed a throughput benchmark:
97/128 - Performed 2000000 find-or-put operations with random values from [0,...,588799999]
97/128 - Finds: 341945 (0.170972), Inserts: 1658055 (0.829028), Errors: 0 (0)
97/128 - Execution time: 12.2007 seconds
97/128 - Throughput: 163925 ops/sec
99/128 - Performed a throughput benchmark:
99/128 - Performed 2000000 find-or-put operations with random values from [0,...,588799999]
99/128 - Finds: 341429 (0.170714), Inserts: 1658571 (0.829286), Errors: 0 (0)
99/128 - Execution time: 12.2151 seconds
99/128 - Throughput: 163731 ops/sec
62/128 - Performed a throughput benchmark:
62/128 - Performed 2000000 find-or-put operations with random values from [0,...,588799999]
62/128 - Finds: 340848 (0.170424), Inserts: 1659152 (0.829576), Errors: 0 (0)
62/128 - Execution time: 12.196 seconds
62/128 - Throughput: 163988 ops/sec
68/128 - Performed a throughput benchmark:
68/128 - Performed 2000000 find-or-put operations with random values from [0,...,588799999]
68/128 - Finds: 340439 (0.170219), Inserts: 1659561 (0.829781), Errors: 0 (0)
68/128 - Execution time: 12.204 seconds
68/128 - Throughput: 163881 ops/sec
92/128 - Performed a throughput benchmark:
92/128 - Performed 2000000 find-or-put operations with random values from [0,...,588799999]
92/128 - Finds: 341292 (0.170646), Inserts: 1658708 (0.829354), Errors: 0 (0)
92/128 - Execution time: 12.2268 seconds
92/128 - Throughput: 163575 ops/sec
110/128 - Performed a throughput benchmark:
110/128 - Performed 2000000 find-or-put operations with random values from [0,...,588799999]
110/128 - Finds: 341072 (0.170536), Inserts: 1658928 (0.829464), Errors: 0 (0)
110/128 - Execution time: 12.2051 seconds
110/128 - Throughput: 163866 ops/sec
115/128 - Performed a throughput benchmark:
115/128 - Performed 2000000 find-or-put operations with random values from [0,...,588799999]
115/128 - Finds: 342230 (0.171115), Inserts: 1657770 (0.828885), Errors: 0 (0)
115/128 - Execution time: 12.2069 seconds
115/128 - Throughput: 163841 ops/sec
98/128 - Performed a throughput benchmark:
98/128 - Performed 2000000 find-or-put operations with random values from [0,...,588799999]
98/128 - Finds: 340228 (0.170114), Inserts: 1659772 (0.829886), Errors: 0 (0)
98/128 - Execution time: 12.1662 seconds
98/128 - Throughput: 164390 ops/sec
96/128 - Performed a throughput benchmark:
96/128 - Performed 2000000 find-or-put operations with random values from [0,...,588799999]
96/128 - Finds: 340730 (0.170365), Inserts: 1659270 (0.829635), Errors: 0 (0)
96/128 - Execution time: 12.1582 seconds
96/128 - Throughput: 164498 ops/sec
60/128 - Performed a throughput benchmark:
60/128 - Performed 2000000 find-or-put operations with random values from [0,...,588799999]
60/128 - Finds: 341429 (0.170714), Inserts: 1658571 (0.829286), Errors: 0 (0)
60/128 - Execution time: 12.2133 seconds
60/128 - Throughput: 163756 ops/sec
59/128 - Performed a throughput benchmark:
59/128 - Performed 2000000 find-or-put operations with random values from [0,...,588799999]
59/128 - Finds: 340383 (0.170191), Inserts: 1659617 (0.829808), Errors: 0 (0)
59/128 - Execution time: 12.2132 seconds
59/128 - Throughput: 163757 ops/sec
74/128 - Performed a throughput benchmark:
74/128 - Performed 2000000 find-or-put operations with random values from [0,...,588799999]
74/128 - Finds: 340299 (0.17015), Inserts: 1659701 (0.829851), Errors: 0 (0)
74/128 - Execution time: 12.1648 seconds
74/128 - Throughput: 164408 ops/sec
116/128 - Performed a throughput benchmark:
116/128 - Performed 2000000 find-or-put operations with random values from [0,...,588799999]
116/128 - Finds: 341684 (0.170842), Inserts: 1658316 (0.829158), Errors: 0 (0)
116/128 - Execution time: 12.1842 seconds
116/128 - Throughput: 164147 ops/sec
108/128 - Performed a throughput benchmark:
108/128 - Performed 2000000 find-or-put operations with random values from [0,...,588799999]
108/128 - Finds: 340146 (0.170073), Inserts: 1659854 (0.829927), Errors: 0 (0)
108/128 - Execution time: 12.1566 seconds
108/128 - Throughput: 164519 ops/sec
105/128 - Performed a throughput benchmark:
105/128 - Performed 2000000 find-or-put operations with random values from [0,...,588799999]
105/128 - Finds: 339483 (0.169741), Inserts: 1660517 (0.830259), Errors: 0 (0)
105/128 - Execution time: 12.1684 seconds
105/128 - Throughput: 164360 ops/sec
118/128 - Performed a throughput benchmark:
118/128 - Performed 2000000 find-or-put operations with random values from [0,...,588799999]
118/128 - Finds: 341528 (0.170764), Inserts: 1658472 (0.829236), Errors: 0 (0)
118/128 - Execution time: 12.2066 seconds
118/128 - Throughput: 163846 ops/sec
91/128 - Performed a throughput benchmark:
91/128 - Performed 2000000 find-or-put operations with random values from [0,...,588799999]
91/128 - Finds: 341533 (0.170766), Inserts: 1658467 (0.829233), Errors: 0 (0)
91/128 - Execution time: 12.2123 seconds
91/128 - Throughput: 163769 ops/sec
5/128 - Performed a throughput benchmark:
5/128 - Performed 2000000 find-or-put operations with random values from [0,...,588799999]
5/128 - Finds: 401282 (0.200641), Inserts: 1598718 (0.799359), Errors: 0 (0)
5/128 - Execution time: 14.594 seconds
5/128 - Throughput: 137042 ops/sec
9/128 - Performed a throughput benchmark:
9/128 - Performed 2000000 find-or-put operations with random values from [0,...,588799999]
9/128 - Finds: 401902 (0.200951), Inserts: 1598098 (0.799049), Errors: 0 (0)
9/128 - Execution time: 14.6243 seconds
9/128 - Throughput: 136759 ops/sec
41/128 - Performed a throughput benchmark:
41/128 - Performed 2000000 find-or-put operations with random values from [0,...,588799999]
41/128 - Finds: 401097 (0.200548), Inserts: 1598903 (0.799451), Errors: 0 (0)
41/128 - Execution time: 14.6338 seconds
41/128 - Throughput: 136670 ops/sec
24/128 - Performed a throughput benchmark:
24/128 - Performed 2000000 find-or-put operations with random values from [0,...,588799999]
24/128 - Finds: 402195 (0.201098), Inserts: 1597805 (0.798902), Errors: 0 (0)
24/128 - Execution time: 14.6581 seconds
24/128 - Throughput: 136444 ops/sec
16/128 - Performed a throughput benchmark:
16/128 - Performed 2000000 find-or-put operations with random values from [0,...,588799999]
16/128 - Finds: 402951 (0.201476), Inserts: 1597049 (0.798524), Errors: 0 (0)
16/128 - Execution time: 14.6512 seconds
16/128 - Throughput: 136507 ops/sec
2/128 - Performed a throughput benchmark:
2/128 - Performed 2000000 find-or-put operations with random values from [0,...,588799999]
2/128 - Finds: 402773 (0.201386), Inserts: 1597227 (0.798613), Errors: 0 (0)
2/128 - Execution time: 14.6664 seconds
2/128 - Throughput: 136366 ops/sec
53/128 - Performed a throughput benchmark:
53/128 - Performed 2000000 find-or-put operations with random values from [0,...,588799999]
53/128 - Finds: 401841 (0.200921), Inserts: 1598159 (0.79908), Errors: 0 (0)
53/128 - Execution time: 14.6235 seconds
53/128 - Throughput: 136766 ops/sec
52/128 - Performed a throughput benchmark:
52/128 - Performed 2000000 find-or-put operations with random values from [0,...,588799999]
52/128 - Finds: 402227 (0.201114), Inserts: 1597773 (0.798887), Errors: 0 (0)
52/128 - Execution time: 14.6694 seconds
52/128 - Throughput: 136338 ops/sec
43/128 - Performed a throughput benchmark:
43/128 - Performed 2000000 find-or-put operations with random values from [0,...,588799999]
43/128 - Finds: 403227 (0.201614), Inserts: 1596773 (0.798386), Errors: 0 (0)
43/128 - Execution time: 14.701 seconds
43/128 - Throughput: 136045 ops/sec
27/128 - Performed a throughput benchmark:
27/128 - Performed 2000000 find-or-put operations with random values from [0,...,588799999]
27/128 - Finds: 402347 (0.201174), Inserts: 1597653 (0.798826), Errors: 0 (0)
27/128 - Execution time: 14.6369 seconds
27/128 - Throughput: 136641 ops/sec
45/128 - Performed a throughput benchmark:
45/128 - Performed 2000000 find-or-put operations with random values from [0,...,588799999]
45/128 - Finds: 403140 (0.20157), Inserts: 1596860 (0.79843), Errors: 0 (0)
45/128 - Execution time: 14.6987 seconds
45/128 - Throughput: 136067 ops/sec
40/128 - Performed a throughput benchmark:
40/128 - Performed 2000000 find-or-put operations with random values from [0,...,588799999]
40/128 - Finds: 404414 (0.202207), Inserts: 1595586 (0.797793), Errors: 0 (0)
40/128 - Execution time: 14.6963 seconds
40/128 - Throughput: 136089 ops/sec
7/128 - Performed a throughput benchmark:
7/128 - Performed 2000000 find-or-put operations with random values from [0,...,588799999]
7/128 - Finds: 407755 (0.203877), Inserts: 1592245 (0.796122), Errors: 0 (0)
7/128 - Execution time: 14.8338 seconds
7/128 - Throughput: 134827 ops/sec
29/128 - Performed a throughput benchmark:
29/128 - Performed 2000000 find-or-put operations with random values from [0,...,588799999]
29/128 - Finds: 408027 (0.204013), Inserts: 1591973 (0.795987), Errors: 0 (0)
29/128 - Execution time: 14.9764 seconds
29/128 - Throughput: 133544 ops/sec
10/128 - Performed a throughput benchmark:
10/128 - Performed 2000000 find-or-put operations with random values from [0,...,588799999]
10/128 - Finds: 407714 (0.203857), Inserts: 1592286 (0.796143), Errors: 0 (0)
10/128 - Execution time: 15.0115 seconds
10/128 - Throughput: 133231 ops/sec
47/128 - Performed a throughput benchmark:
47/128 - Performed 2000000 find-or-put operations with random values from [0,...,588799999]
47/128 - Finds: 405736 (0.202868), Inserts: 1594264 (0.797132), Errors: 0 (0)
47/128 - Execution time: 14.9491 seconds
47/128 - Throughput: 133787 ops/sec
4/128 - Performed a throughput benchmark:
4/128 - Performed 2000000 find-or-put operations with random values from [0,...,588799999]
4/128 - Finds: 411894 (0.205947), Inserts: 1588106 (0.794053), Errors: 0 (0)
4/128 - Execution time: 15.069 seconds
4/128 - Throughput: 132723 ops/sec
3/128 - Performed a throughput benchmark:
3/128 - Performed 2000000 find-or-put operations with random values from [0,...,588799999]
3/128 - Finds: 412534 (0.206267), Inserts: 1587466 (0.793733), Errors: 0 (0)
3/128 - Execution time: 15.1025 seconds
3/128 - Throughput: 132428 ops/sec
6/128 - Performed a throughput benchmark:
6/128 - Performed 2000000 find-or-put operations with random values from [0,...,588799999]
6/128 - Finds: 412333 (0.206167), Inserts: 1587667 (0.793833), Errors: 0 (0)
6/128 - Execution time: 15.1212 seconds
6/128 - Throughput: 132265 ops/sec
46/128 - Performed a throughput benchmark:
46/128 - Performed 2000000 find-or-put operations with random values from [0,...,588799999]
46/128 - Finds: 411311 (0.205655), Inserts: 1588689 (0.794345), Errors: 0 (0)
46/128 - Execution time: 15.1417 seconds
46/128 - Throughput: 132086 ops/sec
1/128 - Performed a throughput benchmark:
1/128 - Performed 2000000 find-or-put operations with random values from [0,...,588799999]
1/128 - Finds: 413646 (0.206823), Inserts: 1586354 (0.793177), Errors: 0 (0)
1/128 - Execution time: 15.1559 seconds
1/128 - Throughput: 131961 ops/sec
15/128 - Performed a throughput benchmark:
15/128 - Performed 2000000 find-or-put operations with random values from [0,...,588799999]
15/128 - Finds: 411689 (0.205845), Inserts: 1588311 (0.794156), Errors: 0 (0)
15/128 - Execution time: 15.135 seconds
15/128 - Throughput: 132144 ops/sec
44/128 - Performed a throughput benchmark:
44/128 - Performed 2000000 find-or-put operations with random values from [0,...,588799999]
44/128 - Finds: 413890 (0.206945), Inserts: 1586110 (0.793055), Errors: 0 (0)
44/128 - Execution time: 15.1633 seconds
44/128 - Throughput: 131898 ops/sec
28/128 - Performed a throughput benchmark:
28/128 - Performed 2000000 find-or-put operations with random values from [0,...,588799999]
28/128 - Finds: 411759 (0.205879), Inserts: 1588241 (0.794121), Errors: 0 (0)
28/128 - Execution time: 15.1528 seconds
28/128 - Throughput: 131989 ops/sec
42/128 - Performed a throughput benchmark:
42/128 - Performed 2000000 find-or-put operations with random values from [0,...,588799999]
42/128 - Finds: 413288 (0.206644), Inserts: 1586712 (0.793356), Errors: 0 (0)
42/128 - Execution time: 15.1873 seconds
42/128 - Throughput: 131689 ops/sec
48/128 - Performed a throughput benchmark:
48/128 - Performed 2000000 find-or-put operations with random values from [0,...,588799999]
48/128 - Finds: 412740 (0.20637), Inserts: 1587260 (0.79363), Errors: 0 (0)
48/128 - Execution time: 15.1883 seconds
48/128 - Throughput: 131680 ops/sec
0/128 - Performed a throughput benchmark:
0/128 - Performed 2000000 find-or-put operations with random values from [0,...,588799999]
0/128 - Finds: 416708 (0.208354), Inserts: 1583292 (0.791646), Errors: 0 (0)
0/128 - Execution time: 15.2155 seconds
0/128 - Throughput: 131445 ops/sec
25/128 - Performed a throughput benchmark:
25/128 - Performed 2000000 find-or-put operations with random values from [0,...,588799999]
25/128 - Finds: 414426 (0.207213), Inserts: 1585574 (0.792787), Errors: 0 (0)
25/128 - Execution time: 15.2452 seconds
25/128 - Throughput: 131189 ops/sec
20/128 - Performed a throughput benchmark:
20/128 - Performed 2000000 find-or-put operations with random values from [0,...,588799999]
20/128 - Finds: 413435 (0.206717), Inserts: 1586565 (0.793283), Errors: 0 (0)
20/128 - Execution time: 15.2315 seconds
20/128 - Throughput: 131306 ops/sec
31/128 - Performed a throughput benchmark:
31/128 - Performed 2000000 find-or-put operations with random values from [0,...,588799999]
31/128 - Finds: 410820 (0.20541), Inserts: 1589180 (0.79459), Errors: 0 (0)
31/128 - Execution time: 15.1591 seconds
31/128 - Throughput: 131934 ops/sec
8/128 - Performed a throughput benchmark:
8/128 - Performed 2000000 find-or-put operations with random values from [0,...,588799999]
8/128 - Finds: 414958 (0.207479), Inserts: 1585042 (0.792521), Errors: 0 (0)
8/128 - Execution time: 15.249 seconds
8/128 - Throughput: 131156 ops/sec
14/128 - Performed a throughput benchmark:
14/128 - Performed 2000000 find-or-put operations with random values from [0,...,588799999]
14/128 - Finds: 413326 (0.206663), Inserts: 1586674 (0.793337), Errors: 0 (0)
14/128 - Execution time: 15.2326 seconds
14/128 - Throughput: 131298 ops/sec
49/128 - Performed a throughput benchmark:
49/128 - Performed 2000000 find-or-put operations with random values from [0,...,588799999]
49/128 - Finds: 415589 (0.207794), Inserts: 1584411 (0.792206), Errors: 0 (0)
49/128 - Execution time: 15.2658 seconds
49/128 - Throughput: 131012 ops/sec
51/128 - Performed a throughput benchmark:
51/128 - Performed 2000000 find-or-put operations with random values from [0,...,588799999]
51/128 - Finds: 414785 (0.207393), Inserts: 1585215 (0.792608), Errors: 0 (0)
51/128 - Execution time: 15.2607 seconds
51/128 - Throughput: 131055 ops/sec
54/128 - Performed a throughput benchmark:
54/128 - Performed 2000000 find-or-put operations with random values from [0,...,588799999]
54/128 - Finds: 415064 (0.207532), Inserts: 1584936 (0.792468), Errors: 0 (0)
54/128 - Execution time: 15.2614 seconds
54/128 - Throughput: 131050 ops/sec
55/128 - Performed a throughput benchmark:
55/128 - Performed 2000000 find-or-put operations with random values from [0,...,588799999]
55/128 - Finds: 415972 (0.207986), Inserts: 1584028 (0.792014), Errors: 0 (0)
55/128 - Execution time: 15.2702 seconds
55/128 - Throughput: 130974 ops/sec
30/128 - Performed a throughput benchmark:
30/128 - Performed 2000000 find-or-put operations with random values from [0,...,588799999]
30/128 - Finds: 415159 (0.20758), Inserts: 1584841 (0.79242), Errors: 0 (0)
30/128 - Execution time: 15.2644 seconds
30/128 - Throughput: 131024 ops/sec
22/128 - Performed a throughput benchmark:
22/128 - Performed 2000000 find-or-put operations with random values from [0,...,588799999]
22/128 - Finds: 414163 (0.207082), Inserts: 1585837 (0.792918), Errors: 0 (0)
22/128 - Execution time: 15.261 seconds
22/128 - Throughput: 131053 ops/sec
34/128 - Performed a throughput benchmark:
34/128 - Performed 2000000 find-or-put operations with random values from [0,...,588799999]
34/128 - Finds: 414469 (0.207234), Inserts: 1585531 (0.792766), Errors: 0 (0)
34/128 - Execution time: 15.2674 seconds
34/128 - Throughput: 130998 ops/sec
50/128 - Performed a throughput benchmark:
50/128 - Performed 2000000 find-or-put operations with random values from [0,...,588799999]
50/128 - Finds: 415408 (0.207704), Inserts: 1584592 (0.792296), Errors: 0 (0)
50/128 - Execution time: 15.2514 seconds
50/128 - Throughput: 131136 ops/sec
26/128 - Performed a throughput benchmark:
26/128 - Performed 2000000 find-or-put operations with random values from [0,...,588799999]
26/128 - Finds: 415338 (0.207669), Inserts: 1584662 (0.792331), Errors: 0 (0)
26/128 - Execution time: 15.2576 seconds
26/128 - Throughput: 131082 ops/sec
17/128 - Performed a throughput benchmark:
17/128 - Performed 2000000 find-or-put operations with random values from [0,...,588799999]
17/128 - Finds: 414022 (0.207011), Inserts: 1585978 (0.792989), Errors: 0 (0)
17/128 - Execution time: 15.2654 seconds
17/128 - Throughput: 131015 ops/sec
19/128 - Performed a throughput benchmark:
19/128 - Performed 2000000 find-or-put operations with random values from [0,...,588799999]
19/128 - Finds: 416194 (0.208097), Inserts: 1583806 (0.791903), Errors: 0 (0)
19/128 - Execution time: 15.2877 seconds
19/128 - Throughput: 130824 ops/sec
18/128 - Performed a throughput benchmark:
18/128 - Performed 2000000 find-or-put operations with random values from [0,...,588799999]
18/128 - Finds: 415161 (0.207581), Inserts: 1584839 (0.79242), Errors: 0 (0)
18/128 - Execution time: 15.2976 seconds
18/128 - Throughput: 130739 ops/sec
23/128 - Performed a throughput benchmark:
23/128 - Performed 2000000 find-or-put operations with random values from [0,...,588799999]
23/128 - Finds: 415284 (0.207642), Inserts: 1584716 (0.792358), Errors: 0 (0)
23/128 - Execution time: 15.2981 seconds
23/128 - Throughput: 130735 ops/sec
21/128 - Performed a throughput benchmark:
21/128 - Performed 2000000 find-or-put operations with random values from [0,...,588799999]
21/128 - Finds: 414648 (0.207324), Inserts: 1585352 (0.792676), Errors: 0 (0)
21/128 - Execution time: 15.2989 seconds
21/128 - Throughput: 130728 ops/sec
13/128 - Performed a throughput benchmark:
13/128 - Performed 2000000 find-or-put operations with random values from [0,...,588799999]
13/128 - Finds: 416892 (0.208446), Inserts: 1583108 (0.791554), Errors: 0 (0)
13/128 - Execution time: 15.2758 seconds
13/128 - Throughput: 130926 ops/sec
11/128 - Performed a throughput benchmark:
11/128 - Performed 2000000 find-or-put operations with random values from [0,...,588799999]
11/128 - Finds: 416684 (0.208342), Inserts: 1583316 (0.791658), Errors: 0 (0)
11/128 - Execution time: 15.3302 seconds
11/128 - Throughput: 130461 ops/sec
12/128 - Performed a throughput benchmark:
12/128 - Performed 2000000 find-or-put operations with random values from [0,...,588799999]
12/128 - Finds: 416686 (0.208343), Inserts: 1583314 (0.791657), Errors: 0 (0)
12/128 - Execution time: 15.3221 seconds
12/128 - Throughput: 130530 ops/sec
33/128 - Performed a throughput benchmark:
33/128 - Performed 2000000 find-or-put operations with random values from [0,...,588799999]
33/128 - Finds: 418826 (0.209413), Inserts: 1581174 (0.790587), Errors: 0 (0)
33/128 - Execution time: 15.4031 seconds
33/128 - Throughput: 129844 ops/sec
38/128 - Performed a throughput benchmark:
38/128 - Performed 2000000 find-or-put operations with random values from [0,...,588799999]
38/128 - Finds: 418728 (0.209364), Inserts: 1581272 (0.790636), Errors: 0 (0)
38/128 - Execution time: 15.4166 seconds
38/128 - Throughput: 129730 ops/sec
36/128 - Performed a throughput benchmark:
36/128 - Performed 2000000 find-or-put operations with random values from [0,...,588799999]
36/128 - Finds: 419943 (0.209972), Inserts: 1580057 (0.790029), Errors: 0 (0)
36/128 - Execution time: 15.4392 seconds
36/128 - Throughput: 129541 ops/sec
32/128 - Performed a throughput benchmark:
32/128 - Performed 2000000 find-or-put operations with random values from [0,...,588799999]
32/128 - Finds: 419243 (0.209621), Inserts: 1580757 (0.790378), Errors: 0 (0)
32/128 - Execution time: 15.4383 seconds
32/128 - Throughput: 129548 ops/sec
35/128 - Performed a throughput benchmark:
35/128 - Performed 2000000 find-or-put operations with random values from [0,...,588799999]
35/128 - Finds: 420963 (0.210481), Inserts: 1579037 (0.789519), Errors: 0 (0)
35/128 - Execution time: 15.4713 seconds
35/128 - Throughput: 129272 ops/sec
39/128 - Performed a throughput benchmark:
39/128 - Performed 2000000 find-or-put operations with random values from [0,...,588799999]
39/128 - Finds: 422706 (0.211353), Inserts: 1577294 (0.788647), Errors: 0 (0)
39/128 - Execution time: 15.5281 seconds
39/128 - Throughput: 128799 ops/sec
37/128 - Performed a throughput benchmark:
37/128 - Performed 2000000 find-or-put operations with random values from [0,...,588799999]
37/128 - Finds: 421474 (0.210737), Inserts: 1578526 (0.789263), Errors: 0 (0)
37/128 - Execution time: 15.5526 seconds
37/128 - Throughput: 128595 ops/sec
123/128 - Performed a throughput benchmark:
123/128 - Performed 2000000 find-or-put operations with random values from [0,...,588799999]
123/128 - Finds: 440626 (0.220313), Inserts: 1559374 (0.779687), Errors: 0 (0)
123/128 - Execution time: 16.3937 seconds
123/128 - Throughput: 121998 ops/sec
126/128 - Performed a throughput benchmark:
126/128 - Performed 2000000 find-or-put operations with random values from [0,...,588799999]
126/128 - Finds: 440883 (0.220442), Inserts: 1559117 (0.779559), Errors: 0 (0)
126/128 - Execution time: 16.3993 seconds
126/128 - Throughput: 121956 ops/sec
124/128 - Performed a throughput benchmark:
124/128 - Performed 2000000 find-or-put operations with random values from [0,...,588799999]
124/128 - Finds: 440974 (0.220487), Inserts: 1559026 (0.779513), Errors: 0 (0)
124/128 - Execution time: 16.4082 seconds
124/128 - Throughput: 121890 ops/sec
125/128 - Performed a throughput benchmark:
125/128 - Performed 2000000 find-or-put operations with random values from [0,...,588799999]
125/128 - Finds: 440680 (0.22034), Inserts: 1559320 (0.77966), Errors: 0 (0)
125/128 - Execution time: 16.4158 seconds
125/128 - Throughput: 121834 ops/sec
121/128 - Performed a throughput benchmark:
121/128 - Performed 2000000 find-or-put operations with random values from [0,...,588799999]
121/128 - Finds: 447671 (0.223835), Inserts: 1552329 (0.776165), Errors: 0 (0)
121/128 - Execution time: 16.7421 seconds
121/128 - Throughput: 119459 ops/sec
120/128 - Performed a throughput benchmark:
120/128 - Performed 2000000 find-or-put operations with random values from [0,...,588799999]
120/128 - Finds: 445991 (0.222996), Inserts: 1554009 (0.777004), Errors: 0 (0)
120/128 - Execution time: 16.702 seconds
120/128 - Throughput: 119746 ops/sec
122/128 - Performed a throughput benchmark:
122/128 - Performed 2000000 find-or-put operations with random values from [0,...,588799999]
122/128 - Finds: 447341 (0.22367), Inserts: 1552659 (0.77633), Errors: 0 (0)
122/128 - Execution time: 16.796 seconds
122/128 - Throughput: 119076 ops/sec
127/128 - Performed a throughput benchmark:
127/128 - Performed 2000000 find-or-put operations with random values from [0,...,588799999]
127/128 - Finds: 449372 (0.224686), Inserts: 1550628 (0.775314), Errors: 0 (0)
127/128 - Execution time: 16.8268 seconds
127/128 - Throughput: 118858 ops/sec
[1441219577.061576] [node001:2207 :0]         sys.c:719  MXM  WARN  Conflicting CPU frequencies detected, using: 2400.00
