[1447508941.285165] [node008:24063:0]         sys.c:719  MXM  WARN  Conflicting CPU frequencies detected, using: 1379.25
[1447508941.290919] [node008:24063:0]         mxm.c:185  MXM  WARN  The 'ulimit -s' on the system is set to 'unlimited'. This may have negative performance implications. Please set the heap size to the default value (10240) 
UPCR: UPC threads 0..3 of 4 on node008 (pshm node 0 of 1, process 0 of 1, pid=24063)
0/4 - htable initialized
0/4 - table size: 4294967296 bytes (4096 MB)
0/4 - total number of buckets: 536870912
0/4 - block size: 1073741824 (1024 MB)
0/4 - number of buckets in block: 134217728
0/4 - number of blocks: 4
0/4 - Performed a throughput benchmark:
0/4 - Performed 2000000 find-or-put operations with random values from [0,...,1599999]
0/4 - Finds: 1596890 (0.798445), Inserts: 403110 (0.201555), Errors: 0 (0)
0/4 - Execution time: 0.009968 seconds
0/4 - Throughput: 2.00642E+08 ops/sec
3/4 - Performed a throughput benchmark:
3/4 - Performed 2000000 find-or-put operations with random values from [0,...,1599999]
3/4 - Finds: 1603953 (0.801976), Inserts: 396047 (0.198023), Errors: 0 (0)
3/4 - Execution time: 0.010767 seconds
3/4 - Throughput: 1.85753E+08 ops/sec
2/4 - Performed a throughput benchmark:
2/4 - Performed 2000000 find-or-put operations with random values from [0,...,1599999]
2/4 - Finds: 1604656 (0.802328), Inserts: 395344 (0.197672), Errors: 0 (0)
2/4 - Execution time: 0.010445 seconds
2/4 - Throughput: 1.91479E+08 ops/sec
1/4 - Performed a throughput benchmark:
1/4 - Performed 2000000 find-or-put operations with random values from [0,...,1599999]
1/4 - Finds: 1605198 (0.802599), Inserts: 394802 (0.197401), Errors: 0 (0)
1/4 - Execution time: 0.010112 seconds
1/4 - Throughput: 1.97785E+08 ops/sec
[1447508941.269113] [node008:24018:0]         sys.c:719  MXM  WARN  Conflicting CPU frequencies detected, using: 1379.25
