[1441207742.712751] [node008:22675:0]         sys.c:719  MXM  WARN  Conflicting CPU frequencies detected, using: 1399.97
[1441207742.742350] [node008:22675:0]         mxm.c:185  MXM  WARN  The 'ulimit -s' on the system is set to 'unlimited'. This may have negative performance implications. Please set the heap size to the default value (10240) 
[1441207742.712882] [node008:22676:0]         sys.c:719  MXM  WARN  Conflicting CPU frequencies detected, using: 1399.97
[1441207742.744862] [node008:22676:0]         mxm.c:185  MXM  WARN  The 'ulimit -s' on the system is set to 'unlimited'. This may have negative performance implications. Please set the heap size to the default value (10240) 
[1441207742.981860] [node009:18134:0]         sys.c:719  MXM  WARN  Conflicting CPU frequencies detected, using: 1348.69
[1441207742.987709] [node009:18134:0]         mxm.c:185  MXM  WARN  The 'ulimit -s' on the system is set to 'unlimited'. This may have negative performance implications. Please set the heap size to the default value (10240) 
[1441207742.982237] [node013:18337:0]         sys.c:719  MXM  WARN  Conflicting CPU frequencies detected, using: 1598.25
[1441207742.988046] [node013:18337:0]         mxm.c:185  MXM  WARN  The 'ulimit -s' on the system is set to 'unlimited'. This may have negative performance implications. Please set the heap size to the default value (10240) 
[1441207742.989884] [node012:18251:0]         sys.c:719  MXM  WARN  Conflicting CPU frequencies detected, using: 1686.75
[1441207742.997262] [node012:18251:0]         mxm.c:185  MXM  WARN  The 'ulimit -s' on the system is set to 'unlimited'. This may have negative performance implications. Please set the heap size to the default value (10240) 
[1441207742.981566] [node012:18243:0]         sys.c:719  MXM  WARN  Conflicting CPU frequencies detected, using: 1686.75
[1441207742.987318] [node012:18243:0]         mxm.c:185  MXM  WARN  The 'ulimit -s' on the system is set to 'unlimited'. This may have negative performance implications. Please set the heap size to the default value (10240) 
[1441207742.995947] [node010:18022:0]         sys.c:719  MXM  WARN  Conflicting CPU frequencies detected, using: 1592.34
[1441207742.999521] [node010:18022:0]         mxm.c:185  MXM  WARN  The 'ulimit -s' on the system is set to 'unlimited'. This may have negative performance implications. Please set the heap size to the default value (10240) 
[1441207742.995755] [node015:13076:0]         sys.c:719  MXM  WARN  Conflicting CPU frequencies detected, using: 1598.81
[1441207743.001563] [node015:13076:0]         mxm.c:185  MXM  WARN  The 'ulimit -s' on the system is set to 'unlimited'. This may have negative performance implications. Please set the heap size to the default value (10240) 
[1441207743.029493] [node032:2639 :0]         sys.c:719  MXM  WARN  Conflicting CPU frequencies detected, using: 1652.81
[1441207743.034675] [node032:2639 :0]         mxm.c:185  MXM  WARN  The 'ulimit -s' on the system is set to 'unlimited'. This may have negative performance implications. Please set the heap size to the default value (10240) 
[1441207743.053043] [node014:15445:0]         sys.c:719  MXM  WARN  Conflicting CPU frequencies detected, using: 1500.00
[1441207743.056665] [node014:15445:0]         mxm.c:185  MXM  WARN  The 'ulimit -s' on the system is set to 'unlimited'. This may have negative performance implications. Please set the heap size to the default value (10240) 
[1441207743.089054] [node010:18046:0]         sys.c:719  MXM  WARN  Conflicting CPU frequencies detected, using: 1498.03
[1441207743.092617] [node010:18046:0]         mxm.c:185  MXM  WARN  The 'ulimit -s' on the system is set to 'unlimited'. This may have negative performance implications. Please set the heap size to the default value (10240) 
[1441207743.103220] [node032:2662 :0]         sys.c:719  MXM  WARN  Conflicting CPU frequencies detected, using: 1692.38
[1441207743.108367] [node032:2662 :0]         mxm.c:185  MXM  WARN  The 'ulimit -s' on the system is set to 'unlimited'. This may have negative performance implications. Please set the heap size to the default value (10240) 
[1441207743.140616] [node059:10498:0]         sys.c:719  MXM  WARN  Conflicting CPU frequencies detected, using: 2252.81
[1441207743.144841] [node059:10498:0]         mxm.c:185  MXM  WARN  The 'ulimit -s' on the system is set to 'unlimited'. This may have negative performance implications. Please set the heap size to the default value (10240) 
[1441207743.131331] [node011:18050:0]         sys.c:719  MXM  WARN  Conflicting CPU frequencies detected, using: 1694.81
[1441207743.137189] [node011:18050:0]         mxm.c:185  MXM  WARN  The 'ulimit -s' on the system is set to 'unlimited'. This may have negative performance implications. Please set the heap size to the default value (10240) 
[1441207743.167624] [node059:10515:0]         sys.c:719  MXM  WARN  Conflicting CPU frequencies detected, using: 2252.81
[1441207743.171533] [node059:10515:0]         mxm.c:185  MXM  WARN  The 'ulimit -s' on the system is set to 'unlimited'. This may have negative performance implications. Please set the heap size to the default value (10240) 
[1441207743.161749] [node037:2975 :0]         sys.c:719  MXM  WARN  Conflicting CPU frequencies detected, using: 1733.81
[1441207743.164813] [node037:2975 :0]         mxm.c:185  MXM  WARN  The 'ulimit -s' on the system is set to 'unlimited'. This may have negative performance implications. Please set the heap size to the default value (10240) 
[1441207743.150224] [node056:9848 :0]         sys.c:719  MXM  WARN  Conflicting CPU frequencies detected, using: 1700.25
[1441207743.155816] [node056:9848 :0]         mxm.c:185  MXM  WARN  The 'ulimit -s' on the system is set to 'unlimited'. This may have negative performance implications. Please set the heap size to the default value (10240) 
[1441207743.151262] [node055:9776 :0]         sys.c:719  MXM  WARN  Conflicting CPU frequencies detected, using: 1697.25
[1441207743.156953] [node055:9776 :0]         mxm.c:185  MXM  WARN  The 'ulimit -s' on the system is set to 'unlimited'. This may have negative performance implications. Please set the heap size to the default value (10240) 
[1441207743.153490] [node039:2873 :0]         sys.c:719  MXM  WARN  Conflicting CPU frequencies detected, using: 1599.75
[1441207743.158915] [node039:2873 :0]         mxm.c:185  MXM  WARN  The 'ulimit -s' on the system is set to 'unlimited'. This may have negative performance implications. Please set the heap size to the default value (10240) 
[1441207743.203791] [node009:18158:0]         sys.c:719  MXM  WARN  Conflicting CPU frequencies detected, using: 1299.47
[1441207743.209726] [node009:18158:0]         mxm.c:185  MXM  WARN  The 'ulimit -s' on the system is set to 'unlimited'. This may have negative performance implications. Please set the heap size to the default value (10240) 
[1441207743.163585] [node040:2637 :0]         sys.c:719  MXM  WARN  Conflicting CPU frequencies detected, using: 1500.00
[1441207743.168797] [node040:2637 :0]         mxm.c:185  MXM  WARN  The 'ulimit -s' on the system is set to 'unlimited'. This may have negative performance implications. Please set the heap size to the default value (10240) 
[1441207743.159637] [node045:2844 :0]         sys.c:719  MXM  WARN  Conflicting CPU frequencies detected, using: 1597.41
[1441207743.165271] [node045:2844 :0]         mxm.c:185  MXM  WARN  The 'ulimit -s' on the system is set to 'unlimited'. This may have negative performance implications. Please set the heap size to the default value (10240) 
[1441207743.192349] [node037:2993 :0]         sys.c:719  MXM  WARN  Conflicting CPU frequencies detected, using: 1733.81
[1441207743.195745] [node037:2993 :0]         mxm.c:185  MXM  WARN  The 'ulimit -s' on the system is set to 'unlimited'. This may have negative performance implications. Please set the heap size to the default value (10240) 
[1441207743.170967] [node030:6520 :0]         sys.c:719  MXM  WARN  Conflicting CPU frequencies detected, using: 1684.88
[1441207743.176383] [node030:6520 :0]         mxm.c:185  MXM  WARN  The 'ulimit -s' on the system is set to 'unlimited'. This may have negative performance implications. Please set the heap size to the default value (10240) 
[1441207743.170408] [node034:2439 :0]         sys.c:719  MXM  WARN  Conflicting CPU frequencies detected, using: 1555.97
[1441207743.175447] [node034:2439 :0]         mxm.c:185  MXM  WARN  The 'ulimit -s' on the system is set to 'unlimited'. This may have negative performance implications. Please set the heap size to the default value (10240) 
[1441207743.167683] [node031:3180 :0]         sys.c:719  MXM  WARN  Conflicting CPU frequencies detected, using: 1799.44
[1441207743.175059] [node031:3180 :0]         mxm.c:185  MXM  WARN  The 'ulimit -s' on the system is set to 'unlimited'. This may have negative performance implications. Please set the heap size to the default value (10240) 
[1441207743.187255] [node035:3024 :0]         sys.c:719  MXM  WARN  Conflicting CPU frequencies detected, using: 1697.72
[1441207743.190421] [node035:3024 :0]         mxm.c:185  MXM  WARN  The 'ulimit -s' on the system is set to 'unlimited'. This may have negative performance implications. Please set the heap size to the default value (10240) 
[1441207743.174170] [node036:3093 :0]         sys.c:719  MXM  WARN  Conflicting CPU frequencies detected, using: 1499.72
[1441207743.177716] [node036:3093 :0]         mxm.c:185  MXM  WARN  The 'ulimit -s' on the system is set to 'unlimited'. This may have negative performance implications. Please set the heap size to the default value (10240) 
[1441207743.167495] [node031:3179 :0]         sys.c:719  MXM  WARN  Conflicting CPU frequencies detected, using: 1799.44
[1441207743.175787] [node031:3179 :0]         mxm.c:185  MXM  WARN  The 'ulimit -s' on the system is set to 'unlimited'. This may have negative performance implications. Please set the heap size to the default value (10240) 
[1441207743.173257] [node053:21071:0]         sys.c:719  MXM  WARN  Conflicting CPU frequencies detected, using: 1699.97
[1441207743.178349] [node053:21071:0]         mxm.c:185  MXM  WARN  The 'ulimit -s' on the system is set to 'unlimited'. This may have negative performance implications. Please set the heap size to the default value (10240) 
[1441207743.181898] [node030:6534 :0]         sys.c:719  MXM  WARN  Conflicting CPU frequencies detected, using: 1699.22
[1441207743.189050] [node030:6534 :0]         mxm.c:185  MXM  WARN  The 'ulimit -s' on the system is set to 'unlimited'. This may have negative performance implications. Please set the heap size to the default value (10240) 
[1441207743.189169] [node053:21085:0]         sys.c:719  MXM  WARN  Conflicting CPU frequencies detected, using: 1794.56
[1441207743.194951] [node053:21085:0]         mxm.c:185  MXM  WARN  The 'ulimit -s' on the system is set to 'unlimited'. This may have negative performance implications. Please set the heap size to the default value (10240) 
[1441207743.188231] [node033:3188 :0]         sys.c:719  MXM  WARN  Conflicting CPU frequencies detected, using: 1992.66
[1441207743.193493] [node033:3188 :0]         mxm.c:185  MXM  WARN  The 'ulimit -s' on the system is set to 'unlimited'. This may have negative performance implications. Please set the heap size to the default value (10240) 
[1441207743.190825] [node040:2654 :0]         sys.c:719  MXM  WARN  Conflicting CPU frequencies detected, using: 1686.09
[1441207743.197403] [node040:2654 :0]         mxm.c:185  MXM  WARN  The 'ulimit -s' on the system is set to 'unlimited'. This may have negative performance implications. Please set the heap size to the default value (10240) 
[1441207743.184607] [node013:18361:0]         sys.c:719  MXM  WARN  Conflicting CPU frequencies detected, using: 1493.91
[1441207743.190141] [node013:18361:0]         mxm.c:185  MXM  WARN  The 'ulimit -s' on the system is set to 'unlimited'. This may have negative performance implications. Please set the heap size to the default value (10240) 
[1441207743.198969] [node056:9865 :0]         sys.c:719  MXM  WARN  Conflicting CPU frequencies detected, using: 1776.47
[1441207743.204358] [node056:9865 :0]         mxm.c:185  MXM  WARN  The 'ulimit -s' on the system is set to 'unlimited'. This may have negative performance implications. Please set the heap size to the default value (10240) 
[1441207743.194551] [node045:2864 :0]         sys.c:719  MXM  WARN  Conflicting CPU frequencies detected, using: 1780.22
[1441207743.201034] [node045:2864 :0]         mxm.c:185  MXM  WARN  The 'ulimit -s' on the system is set to 'unlimited'. This may have negative performance implications. Please set the heap size to the default value (10240) 
[1441207743.198867] [node055:9793 :0]         sys.c:719  MXM  WARN  Conflicting CPU frequencies detected, using: 1775.91
[1441207743.204446] [node055:9793 :0]         mxm.c:185  MXM  WARN  The 'ulimit -s' on the system is set to 'unlimited'. This may have negative performance implications. Please set the heap size to the default value (10240) 
[1441207743.199774] [node014:15469:0]         sys.c:719  MXM  WARN  Conflicting CPU frequencies detected, using: 1496.81
[1441207743.203212] [node014:15469:0]         mxm.c:185  MXM  WARN  The 'ulimit -s' on the system is set to 'unlimited'. This may have negative performance implications. Please set the heap size to the default value (10240) 
[1441207743.213684] [node035:3041 :0]         sys.c:719  MXM  WARN  Conflicting CPU frequencies detected, using: 1798.78
[1441207743.217333] [node035:3041 :0]         mxm.c:185  MXM  WARN  The 'ulimit -s' on the system is set to 'unlimited'. This may have negative performance implications. Please set the heap size to the default value (10240) 
[1441207743.199999] [node063:10127:0]         sys.c:719  MXM  WARN  Conflicting CPU frequencies detected, using: 1595.25
[1441207743.203430] [node063:10127:0]         mxm.c:185  MXM  WARN  The 'ulimit -s' on the system is set to 'unlimited'. This may have negative performance implications. Please set the heap size to the default value (10240) 
[1441207743.205304] [node061:10015:0]         sys.c:719  MXM  WARN  Conflicting CPU frequencies detected, using: 1794.19
[1441207743.208911] [node061:10015:0]         mxm.c:185  MXM  WARN  The 'ulimit -s' on the system is set to 'unlimited'. This may have negative performance implications. Please set the heap size to the default value (10240) 
[1441207743.201703] [node066:10511:0]         sys.c:719  MXM  WARN  Conflicting CPU frequencies detected, using: 2711.25
[1441207743.208374] [node066:10511:0]         mxm.c:185  MXM  WARN  The 'ulimit -s' on the system is set to 'unlimited'. This may have negative performance implications. Please set the heap size to the default value (10240) 
[1441207743.208773] [node061:10016:0]         sys.c:719  MXM  WARN  Conflicting CPU frequencies detected, using: 1794.19
[1441207743.212019] [node061:10016:0]         mxm.c:185  MXM  WARN  The 'ulimit -s' on the system is set to 'unlimited'. This may have negative performance implications. Please set the heap size to the default value (10240) 
[1441207743.203827] [node067:10416:0]         sys.c:719  MXM  WARN  Conflicting CPU frequencies detected, using: 2367.19
[1441207743.210373] [node067:10416:0]         mxm.c:185  MXM  WARN  The 'ulimit -s' on the system is set to 'unlimited'. This may have negative performance implications. Please set the heap size to the default value (10240) 
[1441207743.201752] [node039:2890 :0]         sys.c:719  MXM  WARN  Conflicting CPU frequencies detected, using: 1698.38
[1441207743.206943] [node039:2890 :0]         mxm.c:185  MXM  WARN  The 'ulimit -s' on the system is set to 'unlimited'. This may have negative performance implications. Please set the heap size to the default value (10240) 
[1441207743.211008] [node036:3110 :0]         sys.c:719  MXM  WARN  Conflicting CPU frequencies detected, using: 1585.03
[1441207743.214316] [node036:3110 :0]         mxm.c:185  MXM  WARN  The 'ulimit -s' on the system is set to 'unlimited'. This may have negative performance implications. Please set the heap size to the default value (10240) 
[1441207743.198477] [node038:2689 :0]         sys.c:719  MXM  WARN  Conflicting CPU frequencies detected, using: 1500.09
[1441207743.203791] [node038:2689 :0]         mxm.c:185  MXM  WARN  The 'ulimit -s' on the system is set to 'unlimited'. This may have negative performance implications. Please set the heap size to the default value (10240) 
[1441207743.205117] [node011:18073:0]         sys.c:719  MXM  WARN  Conflicting CPU frequencies detected, using: 1797.75
[1441207743.210154] [node011:18073:0]         mxm.c:185  MXM  WARN  The 'ulimit -s' on the system is set to 'unlimited'. This may have negative performance implications. Please set the heap size to the default value (10240) 
[1441207743.201357] [node062:10000:0]         sys.c:719  MXM  WARN  Conflicting CPU frequencies detected, using: 1597.69
[1441207743.206583] [node062:10000:0]         mxm.c:185  MXM  WARN  The 'ulimit -s' on the system is set to 'unlimited'. This may have negative performance implications. Please set the heap size to the default value (10240) 
[1441207743.210202] [node068:10531:0]         sys.c:719  MXM  WARN  Conflicting CPU frequencies detected, using: 2397.66
[1441207743.216748] [node068:10531:0]         mxm.c:185  MXM  WARN  The 'ulimit -s' on the system is set to 'unlimited'. This may have negative performance implications. Please set the heap size to the default value (10240) 
[1441207743.213146] [node057:10253:0]         sys.c:719  MXM  WARN  Conflicting CPU frequencies detected, using: 1996.97
[1441207743.217410] [node057:10253:0]         mxm.c:185  MXM  WARN  The 'ulimit -s' on the system is set to 'unlimited'. This may have negative performance implications. Please set the heap size to the default value (10240) 
[1441207743.211995] [node057:10254:0]         sys.c:719  MXM  WARN  Conflicting CPU frequencies detected, using: 1996.97
[1441207743.216209] [node057:10254:0]         mxm.c:185  MXM  WARN  The 'ulimit -s' on the system is set to 'unlimited'. This may have negative performance implications. Please set the heap size to the default value (10240) 
[1441207743.200576] [node015:13100:0]         sys.c:719  MXM  WARN  Conflicting CPU frequencies detected, using: 1554.09
[1441207743.206669] [node015:13100:0]         mxm.c:185  MXM  WARN  The 'ulimit -s' on the system is set to 'unlimited'. This may have negative performance implications. Please set the heap size to the default value (10240) 
[1441207743.205739] [node064:10007:0]         sys.c:719  MXM  WARN  Conflicting CPU frequencies detected, using: 1795.41
[1441207743.212623] [node064:10007:0]         mxm.c:185  MXM  WARN  The 'ulimit -s' on the system is set to 'unlimited'. This may have negative performance implications. Please set the heap size to the default value (10240) 
[1441207743.201897] [node054:9846 :0]         sys.c:719  MXM  WARN  Conflicting CPU frequencies detected, using: 1499.16
[1441207743.207095] [node054:9846 :0]         mxm.c:185  MXM  WARN  The 'ulimit -s' on the system is set to 'unlimited'. This may have negative performance implications. Please set the heap size to the default value (10240) 
[1441207743.205245] [node042:2714 :0]         sys.c:719  MXM  WARN  Conflicting CPU frequencies detected, using: 1699.50
[1441207743.211336] [node042:2714 :0]         mxm.c:185  MXM  WARN  The 'ulimit -s' on the system is set to 'unlimited'. This may have negative performance implications. Please set the heap size to the default value (10240) 
[1441207743.215401] [node060:10565:0]         sys.c:719  MXM  WARN  Conflicting CPU frequencies detected, using: 1670.62
[1441207743.219449] [node060:10565:0]         mxm.c:185  MXM  WARN  The 'ulimit -s' on the system is set to 'unlimited'. This may have negative performance implications. Please set the heap size to the default value (10240) 
[1441207743.221089] [node033:3205 :0]         sys.c:719  MXM  WARN  Conflicting CPU frequencies detected, using: 1992.66
[1441207743.227195] [node033:3205 :0]         mxm.c:185  MXM  WARN  The 'ulimit -s' on the system is set to 'unlimited'. This may have negative performance implications. Please set the heap size to the default value (10240) 
[1441207743.221047] [node038:2706 :0]         sys.c:719  MXM  WARN  Conflicting CPU frequencies detected, using: 1698.09
[1441207743.226129] [node038:2706 :0]         mxm.c:185  MXM  WARN  The 'ulimit -s' on the system is set to 'unlimited'. This may have negative performance implications. Please set the heap size to the default value (10240) 
[1441207743.212655] [node060:10564:0]         sys.c:719  MXM  WARN  Conflicting CPU frequencies detected, using: 1670.62
[1441207743.216878] [node060:10564:0]         mxm.c:185  MXM  WARN  The 'ulimit -s' on the system is set to 'unlimited'. This may have negative performance implications. Please set the heap size to the default value (10240) 
[1441207743.207050] [node042:2713 :0]         sys.c:719  MXM  WARN  Conflicting CPU frequencies detected, using: 1791.84
[1441207743.213621] [node042:2713 :0]         mxm.c:185  MXM  WARN  The 'ulimit -s' on the system is set to 'unlimited'. This may have negative performance implications. Please set the heap size to the default value (10240) 
[1441207743.207027] [node064:10006:0]         sys.c:719  MXM  WARN  Conflicting CPU frequencies detected, using: 1858.97
[1441207743.214506] [node064:10006:0]         mxm.c:185  MXM  WARN  The 'ulimit -s' on the system is set to 'unlimited'. This may have negative performance implications. Please set the heap size to the default value (10240) 
[1441207743.219097] [node034:2457 :0]         sys.c:719  MXM  WARN  Conflicting CPU frequencies detected, using: 1694.81
[1441207743.224793] [node034:2457 :0]         mxm.c:185  MXM  WARN  The 'ulimit -s' on the system is set to 'unlimited'. This may have negative performance implications. Please set the heap size to the default value (10240) 
[1441207743.214245] [node065:10538:0]         sys.c:719  MXM  WARN  Conflicting CPU frequencies detected, using: 1602.66
[1441207743.218663] [node065:10538:0]         mxm.c:185  MXM  WARN  The 'ulimit -s' on the system is set to 'unlimited'. This may have negative performance implications. Please set the heap size to the default value (10240) 
[1441207743.214195] [node065:10539:0]         sys.c:719  MXM  WARN  Conflicting CPU frequencies detected, using: 1602.66
[1441207743.218570] [node065:10539:0]         mxm.c:185  MXM  WARN  The 'ulimit -s' on the system is set to 'unlimited'. This may have negative performance implications. Please set the heap size to the default value (10240) 
[1441207743.230572] [node063:10144:0]         sys.c:719  MXM  WARN  Conflicting CPU frequencies detected, using: 1595.25
[1441207743.234402] [node063:10144:0]         mxm.c:185  MXM  WARN  The 'ulimit -s' on the system is set to 'unlimited'. This may have negative performance implications. Please set the heap size to the default value (10240) 
[1441207743.217868] [node043:2569 :0]         sys.c:719  MXM  WARN  Conflicting CPU frequencies detected, using: 1600.22
[1441207743.223353] [node043:2569 :0]         mxm.c:185  MXM  WARN  The 'ulimit -s' on the system is set to 'unlimited'. This may have negative performance implications. Please set the heap size to the default value (10240) 
[1441207743.229044] [node058:10536:0]         sys.c:719  MXM  WARN  Conflicting CPU frequencies detected, using: 1594.03
[1441207743.233038] [node058:10536:0]         mxm.c:185  MXM  WARN  The 'ulimit -s' on the system is set to 'unlimited'. This may have negative performance implications. Please set the heap size to the default value (10240) 
[1441207743.218679] [node044:2509 :0]         sys.c:719  MXM  WARN  Conflicting CPU frequencies detected, using: 1699.97
[1441207743.226427] [node044:2509 :0]         mxm.c:185  MXM  WARN  The 'ulimit -s' on the system is set to 'unlimited'. This may have negative performance implications. Please set the heap size to the default value (10240) 
[1441207743.221101] [node041:2612 :0]         sys.c:719  MXM  WARN  Conflicting CPU frequencies detected, using: 1596.56
[1441207743.226629] [node041:2612 :0]         mxm.c:185  MXM  WARN  The 'ulimit -s' on the system is set to 'unlimited'. This may have negative performance implications. Please set the heap size to the default value (10240) 
[1441207743.217961] [node044:2505 :0]         sys.c:719  MXM  WARN  Conflicting CPU frequencies detected, using: 1699.97
[1441207743.225674] [node044:2505 :0]         mxm.c:185  MXM  WARN  The 'ulimit -s' on the system is set to 'unlimited'. This may have negative performance implications. Please set the heap size to the default value (10240) 
[1441207743.225949] [node058:10537:0]         sys.c:719  MXM  WARN  Conflicting CPU frequencies detected, using: 1594.03
[1441207743.230043] [node058:10537:0]         mxm.c:185  MXM  WARN  The 'ulimit -s' on the system is set to 'unlimited'. This may have negative performance implications. Please set the heap size to the default value (10240) 
[1441207743.241649] [node043:2586 :0]         sys.c:719  MXM  WARN  Conflicting CPU frequencies detected, using: 1783.12
[1441207743.246707] [node043:2586 :0]         mxm.c:185  MXM  WARN  The 'ulimit -s' on the system is set to 'unlimited'. This may have negative performance implications. Please set the heap size to the default value (10240) 
[1441207743.246186] [node068:10548:0]         sys.c:719  MXM  WARN  Conflicting CPU frequencies detected, using: 2397.66
[1441207743.252922] [node068:10548:0]         mxm.c:185  MXM  WARN  The 'ulimit -s' on the system is set to 'unlimited'. This may have negative performance implications. Please set the heap size to the default value (10240) 
[1441207743.242474] [node062:10017:0]         sys.c:719  MXM  WARN  Conflicting CPU frequencies detected, using: 1798.88
[1441207743.248105] [node062:10017:0]         mxm.c:185  MXM  WARN  The 'ulimit -s' on the system is set to 'unlimited'. This may have negative performance implications. Please set the heap size to the default value (10240) 
[1441207743.232844] [node054:9863 :0]         sys.c:719  MXM  WARN  Conflicting CPU frequencies detected, using: 1593.19
[1441207743.239852] [node054:9863 :0]         mxm.c:185  MXM  WARN  The 'ulimit -s' on the system is set to 'unlimited'. This may have negative performance implications. Please set the heap size to the default value (10240) 
[1441207743.253024] [node066:10528:0]         sys.c:719  MXM  WARN  Conflicting CPU frequencies detected, using: 2711.25
[1441207743.259624] [node066:10528:0]         mxm.c:185  MXM  WARN  The 'ulimit -s' on the system is set to 'unlimited'. This may have negative performance implications. Please set the heap size to the default value (10240) 
[1441207743.257735] [node067:10433:0]         sys.c:719  MXM  WARN  Conflicting CPU frequencies detected, using: 2367.19
[1441207743.263845] [node067:10433:0]         mxm.c:185  MXM  WARN  The 'ulimit -s' on the system is set to 'unlimited'. This may have negative performance implications. Please set the heap size to the default value (10240) 
[1441207743.242806] [node041:2629 :0]         sys.c:719  MXM  WARN  Conflicting CPU frequencies detected, using: 1596.56
[1441207743.248147] [node041:2629 :0]         mxm.c:185  MXM  WARN  The 'ulimit -s' on the system is set to 'unlimited'. This may have negative performance implications. Please set the heap size to the default value (10240) 
UPCR: UPC thread  1 of 80 on node008 (pshm node  0 of 40, process  1 of 80, pid=22676)
UPCR: UPC thread  0 of 80 on node008 (pshm node  0 of 40, process  0 of 80, pid=22675)
UPCR: UPC thread 22 of 80 on node033 (pshm node 11 of 40, process 22 of 80, pid=3205)
UPCR: UPC thread 42 of 80 on node043 (pshm node 21 of 40, process 42 of 80, pid=2569)
UPCR: UPC thread  7 of 80 on node011 (pshm node  3 of 40, process  7 of 80, pid=18073)
UPCR: UPC thread 12 of 80 on node014 (pshm node  6 of 40, process 12 of 80, pid=15445)
UPCR: UPC thread 17 of 80 on node030 (pshm node  8 of 40, process 17 of 80, pid=6520)
UPCR: UPC thread  9 of 80 on node012 (pshm node  4 of 40, process  9 of 80, pid=18251)
UPCR: UPC thread 10 of 80 on node013 (pshm node  5 of 40, process 10 of 80, pid=18337)
UPCR: UPC thread 27 of 80 on node035 (pshm node 13 of 40, process 27 of 80, pid=3024)
UPCR: UPC thread 41 of 80 on node042 (pshm node 20 of 40, process 41 of 80, pid=2713)
UPCR: UPC thread 46 of 80 on node045 (pshm node 23 of 40, process 46 of 80, pid=2864)
UPCR: UPC thread 26 of 80 on node035 (pshm node 13 of 40, process 26 of 80, pid=3041)
UPCR: UPC thread 13 of 80 on node014 (pshm node  6 of 40, process 13 of 80, pid=15469)
UPCR: UPC thread 54 of 80 on node056 (pshm node 27 of 40, process 54 of 80, pid=9848)
UPCR: UPC thread  5 of 80 on node010 (pshm node  2 of 40, process  5 of 80, pid=18046)
UPCR: UPC thread 20 of 80 on node032 (pshm node 10 of 40, process 20 of 80, pid=2662)
UPCR: UPC thread 32 of 80 on node038 (pshm node 16 of 40, process 32 of 80, pid=2706)
UPCR: UPC thread 33 of 80 on node038 (pshm node 16 of 40, process 33 of 80, pid=2689)
UPCR: UPC thread 29 of 80 on node036 (pshm node 14 of 40, process 29 of 80, pid=3093)
UPCR: UPC thread 52 of 80 on node055 (pshm node 26 of 40, process 52 of 80, pid=9776)
UPCR: UPC thread 58 of 80 on node058 (pshm node 29 of 40, process 58 of 80, pid=10536)
UPCR: UPC thread 19 of 80 on node031 (pshm node  9 of 40, process 19 of 80, pid=3179)
UPCR: UPC thread  4 of 80 on node010 (pshm node  2 of 40, process  4 of 80, pid=18022)
UPCR: UPC thread 11 of 80 on node013 (pshm node  5 of 40, process 11 of 80, pid=18361)
UPCR: UPC thread 70 of 80 on node064 (pshm node 35 of 40, process 70 of 80, pid=10007)
UPCR: UPC thread 55 of 80 on node056 (pshm node 27 of 40, process 55 of 80, pid=9865)
UPCR: UPC thread 76 of 80 on node067 (pshm node 38 of 40, process 76 of 80, pid=10433)
UPCR: UPC thread 77 of 80 on node067 (pshm node 38 of 40, process 77 of 80, pid=10416)
UPCR: UPC thread  8 of 80 on node012 (pshm node  4 of 40, process  8 of 80, pid=18243)
UPCR: UPC thread 74 of 80 on node066 (pshm node 37 of 40, process 74 of 80, pid=10528)
UPCR: UPC thread 50 of 80 on node054 (pshm node 25 of 40, process 50 of 80, pid=9863)
UPCR: UPC thread 69 of 80 on node063 (pshm node 34 of 40, process 69 of 80, pid=10144)
UPCR: UPC thread 14 of 80 on node015 (pshm node  7 of 40, process 14 of 80, pid=13100)
UPCR: UPC thread 21 of 80 on node032 (pshm node 10 of 40, process 21 of 80, pid=2639)
UPCR: UPC thread 45 of 80 on node044 (pshm node 22 of 40, process 45 of 80, pid=2509)
UPCR: UPC thread 31 of 80 on node037 (pshm node 15 of 40, process 31 of 80, pid=2993)
UPCR: UPC thread 53 of 80 on node055 (pshm node 26 of 40, process 53 of 80, pid=9793)
UPCR: UPC thread 23 of 80 on node033 (pshm node 11 of 40, process 23 of 80, pid=3188)
UPCR: UPC thread 59 of 80 on node058 (pshm node 29 of 40, process 59 of 80, pid=10537)
UPCR: UPC thread 72 of 80 on node065 (pshm node 36 of 40, process 72 of 80, pid=10538)
UPCR: UPC thread 28 of 80 on node036 (pshm node 14 of 40, process 28 of 80, pid=3110)
UPCR: UPC thread  2 of 80 on node009 (pshm node  1 of 40, process  2 of 80, pid=18134)
UPCR: UPC thread 40 of 80 on node042 (pshm node 20 of 40, process 40 of 80, pid=2714)
UPCR: UPC thread 61 of 80 on node059 (pshm node 30 of 40, process 61 of 80, pid=10515)
UPCR: UPC thread 49 of 80 on node053 (pshm node 24 of 40, process 49 of 80, pid=21071)
UPCR: UPC thread 16 of 80 on node030 (pshm node  8 of 40, process 16 of 80, pid=6534)
UPCR: UPC thread 65 of 80 on node061 (pshm node 32 of 40, process 65 of 80, pid=10015)
UPCR: UPC thread 79 of 80 on node068 (pshm node 39 of 40, process 79 of 80, pid=10548)
UPCR: UPC thread 56 of 80 on node057 (pshm node 28 of 40, process 56 of 80, pid=10254)
UPCR: UPC thread 15 of 80 on node015 (pshm node  7 of 40, process 15 of 80, pid=13076)
UPCR: UPC thread 62 of 80 on node060 (pshm node 31 of 40, process 62 of 80, pid=10564)
UPCR: UPC thread 48 of 80 on node053 (pshm node 24 of 40, process 48 of 80, pid=21085)
UPCR: UPC thread 71 of 80 on node064 (pshm node 35 of 40, process 71 of 80, pid=10006)
UPCR: UPC thread  6 of 80 on node011 (pshm node  3 of 40, process  6 of 80, pid=18050)
UPCR: UPC thread 37 of 80 on node040 (pshm node 18 of 40, process 37 of 80, pid=2637)
UPCR: UPC thread 43 of 80 on node043 (pshm node 21 of 40, process 43 of 80, pid=2586)
UPCR: UPC thread  3 of 80 on node009 (pshm node  1 of 40, process  3 of 80, pid=18158)
UPCR: UPC thread 51 of 80 on node054 (pshm node 25 of 40, process 51 of 80, pid=9846)
UPCR: UPC thread 75 of 80 on node066 (pshm node 37 of 40, process 75 of 80, pid=10511)
UPCR: UPC thread 30 of 80 on node037 (pshm node 15 of 40, process 30 of 80, pid=2975)
UPCR: UPC thread 34 of 80 on node039 (pshm node 17 of 40, process 34 of 80, pid=2873)
UPCR: UPC thread 35 of 80 on node039 (pshm node 17 of 40, process 35 of 80, pid=2890)
UPCR: UPC thread 47 of 80 on node045 (pshm node 23 of 40, process 47 of 80, pid=2844)
UPCR: UPC thread 73 of 80 on node065 (pshm node 36 of 40, process 73 of 80, pid=10539)
UPCR: UPC thread 60 of 80 on node059 (pshm node 30 of 40, process 60 of 80, pid=10498)
UPCR: UPC thread 24 of 80 on node034 (pshm node 12 of 40, process 24 of 80, pid=2457)
UPCR: UPC thread 36 of 80 on node040 (pshm node 18 of 40, process 36 of 80, pid=2654)
UPCR: UPC thread 67 of 80 on node062 (pshm node 33 of 40, process 67 of 80, pid=10000)
UPCR: UPC thread 78 of 80 on node068 (pshm node 39 of 40, process 78 of 80, pid=10531)
UPCR: UPC thread 18 of 80 on node031 (pshm node  9 of 40, process 18 of 80, pid=3180)
UPCR: UPC thread 64 of 80 on node061 (pshm node 32 of 40, process 64 of 80, pid=10016)
UPCR: UPC thread 66 of 80 on node062 (pshm node 33 of 40, process 66 of 80, pid=10017)
UPCR: UPC thread 39 of 80 on node041 (pshm node 19 of 40, process 39 of 80, pid=2629)
UPCR: UPC thread 25 of 80 on node034 (pshm node 12 of 40, process 25 of 80, pid=2439)
UPCR: UPC thread 63 of 80 on node060 (pshm node 31 of 40, process 63 of 80, pid=10565)
UPCR: UPC thread 57 of 80 on node057 (pshm node 28 of 40, process 57 of 80, pid=10253)
UPCR: UPC thread 44 of 80 on node044 (pshm node 22 of 40, process 44 of 80, pid=2505)
UPCR: UPC thread 68 of 80 on node063 (pshm node 34 of 40, process 68 of 80, pid=10127)
UPCR: UPC thread 38 of 80 on node041 (pshm node 19 of 40, process 38 of 80, pid=2612)
0/80 - htable initialized
0/80 - table size: 85899345920 bytes (81920 MB)
0/80 - total number of buckets: 10737418240
0/80 - block size: 1073741824 (1024 MB)
0/80 - number of buckets in block: 134217728
0/80 - number of blocks: 80
49/80 - Performed a throughput benchmark:
49/80 - Performed 2000000 find-or-put operations with random values from [0,...,31999999]
49/80 - Finds: 1598044 (0.799022), Inserts: 401956 (0.200978), Errors: 0 (0)
49/80 - Execution time: 6.2588 seconds
49/80 - Throughput: 319550 ops/sec
69/80 - Performed a throughput benchmark:
69/80 - Performed 2000000 find-or-put operations with random values from [0,...,31999999]
69/80 - Finds: 1598880 (0.79944), Inserts: 401120 (0.20056), Errors: 0 (0)
69/80 - Execution time: 6.27546 seconds
69/80 - Throughput: 318702 ops/sec
61/80 - Performed a throughput benchmark:
61/80 - Performed 2000000 find-or-put operations with random values from [0,...,31999999]
61/80 - Finds: 1598292 (0.799146), Inserts: 401708 (0.200854), Errors: 0 (0)
61/80 - Execution time: 6.27657 seconds
61/80 - Throughput: 318645 ops/sec
16/80 - Performed a throughput benchmark:
16/80 - Performed 2000000 find-or-put operations with random values from [0,...,31999999]
16/80 - Finds: 1599139 (0.79957), Inserts: 400861 (0.200431), Errors: 0 (0)
16/80 - Execution time: 6.27834 seconds
16/80 - Throughput: 318556 ops/sec
44/80 - Performed a throughput benchmark:
44/80 - Performed 2000000 find-or-put operations with random values from [0,...,31999999]
44/80 - Finds: 1600067 (0.800033), Inserts: 399933 (0.199966), Errors: 0 (0)
44/80 - Execution time: 6.27326 seconds
44/80 - Throughput: 318814 ops/sec
38/80 - Performed a throughput benchmark:
38/80 - Performed 2000000 find-or-put operations with random values from [0,...,31999999]
38/80 - Finds: 1598831 (0.799415), Inserts: 401169 (0.200584), Errors: 0 (0)
38/80 - Execution time: 6.28829 seconds
38/80 - Throughput: 318052 ops/sec
48/80 - Performed a throughput benchmark:
48/80 - Performed 2000000 find-or-put operations with random values from [0,...,31999999]
48/80 - Finds: 1598779 (0.799389), Inserts: 401221 (0.20061), Errors: 0 (0)
48/80 - Execution time: 6.28719 seconds
48/80 - Throughput: 318107 ops/sec
58/80 - Performed a throughput benchmark:
58/80 - Performed 2000000 find-or-put operations with random values from [0,...,31999999]
58/80 - Finds: 1598447 (0.799223), Inserts: 401553 (0.200776), Errors: 0 (0)
58/80 - Execution time: 6.25828 seconds
58/80 - Throughput: 319577 ops/sec
51/80 - Performed a throughput benchmark:
51/80 - Performed 2000000 find-or-put operations with random values from [0,...,31999999]
51/80 - Finds: 1598900 (0.79945), Inserts: 401100 (0.20055), Errors: 0 (0)
51/80 - Execution time: 6.28007 seconds
51/80 - Throughput: 318468 ops/sec
66/80 - Performed a throughput benchmark:
66/80 - Performed 2000000 find-or-put operations with random values from [0,...,31999999]
66/80 - Finds: 1598402 (0.799201), Inserts: 401598 (0.200799), Errors: 0 (0)
66/80 - Execution time: 6.27873 seconds
66/80 - Throughput: 318536 ops/sec
39/80 - Performed a throughput benchmark:
39/80 - Performed 2000000 find-or-put operations with random values from [0,...,31999999]
39/80 - Finds: 1598276 (0.799138), Inserts: 401724 (0.200862), Errors: 0 (0)
39/80 - Execution time: 6.27891 seconds
39/80 - Throughput: 318526 ops/sec
52/80 - Performed a throughput benchmark:
52/80 - Performed 2000000 find-or-put operations with random values from [0,...,31999999]
52/80 - Finds: 1598966 (0.799483), Inserts: 401034 (0.200517), Errors: 0 (0)
52/80 - Execution time: 6.29538 seconds
52/80 - Throughput: 317693 ops/sec
36/80 - Performed a throughput benchmark:
36/80 - Performed 2000000 find-or-put operations with random values from [0,...,31999999]
36/80 - Finds: 1599513 (0.799756), Inserts: 400487 (0.200243), Errors: 0 (0)
36/80 - Execution time: 6.30049 seconds
36/80 - Throughput: 317436 ops/sec
67/80 - Performed a throughput benchmark:
67/80 - Performed 2000000 find-or-put operations with random values from [0,...,31999999]
67/80 - Finds: 1599130 (0.799565), Inserts: 400870 (0.200435), Errors: 0 (0)
67/80 - Execution time: 6.28568 seconds
67/80 - Throughput: 318183 ops/sec
35/80 - Performed a throughput benchmark:
35/80 - Performed 2000000 find-or-put operations with random values from [0,...,31999999]
35/80 - Finds: 1599220 (0.79961), Inserts: 400780 (0.20039), Errors: 0 (0)
35/80 - Execution time: 6.28878 seconds
35/80 - Throughput: 318027 ops/sec
33/80 - Performed a throughput benchmark:
33/80 - Performed 2000000 find-or-put operations with random values from [0,...,31999999]
33/80 - Finds: 1598931 (0.799466), Inserts: 401069 (0.200535), Errors: 0 (0)
33/80 - Execution time: 6.28632 seconds
33/80 - Throughput: 318151 ops/sec
68/80 - Performed a throughput benchmark:
68/80 - Performed 2000000 find-or-put operations with random values from [0,...,31999999]
68/80 - Finds: 1598945 (0.799473), Inserts: 401055 (0.200527), Errors: 0 (0)
68/80 - Execution time: 6.28519 seconds
68/80 - Throughput: 318209 ops/sec
50/80 - Performed a throughput benchmark:
50/80 - Performed 2000000 find-or-put operations with random values from [0,...,31999999]
50/80 - Finds: 1598292 (0.799146), Inserts: 401708 (0.200854), Errors: 0 (0)
50/80 - Execution time: 6.27968 seconds
50/80 - Throughput: 318487 ops/sec
28/80 - Performed a throughput benchmark:
28/80 - Performed 2000000 find-or-put operations with random values from [0,...,31999999]
28/80 - Finds: 1597977 (0.798988), Inserts: 402023 (0.201012), Errors: 0 (0)
28/80 - Execution time: 6.28228 seconds
28/80 - Throughput: 318356 ops/sec
56/80 - Performed a throughput benchmark:
56/80 - Performed 2000000 find-or-put operations with random values from [0,...,31999999]
56/80 - Finds: 1600953 (0.800477), Inserts: 399047 (0.199523), Errors: 0 (0)
56/80 - Execution time: 6.29722 seconds
56/80 - Throughput: 317600 ops/sec
23/80 - Performed a throughput benchmark:
23/80 - Performed 2000000 find-or-put operations with random values from [0,...,31999999]
23/80 - Finds: 1597273 (0.798636), Inserts: 402727 (0.201364), Errors: 0 (0)
23/80 - Execution time: 6.26247 seconds
23/80 - Throughput: 319363 ops/sec
40/80 - Performed a throughput benchmark:
40/80 - Performed 2000000 find-or-put operations with random values from [0,...,31999999]
40/80 - Finds: 1599512 (0.799756), Inserts: 400488 (0.200244), Errors: 0 (0)
40/80 - Execution time: 6.30139 seconds
40/80 - Throughput: 317390 ops/sec
43/80 - Performed a throughput benchmark:
43/80 - Performed 2000000 find-or-put operations with random values from [0,...,31999999]
43/80 - Finds: 1597695 (0.798848), Inserts: 402305 (0.201153), Errors: 0 (0)
43/80 - Execution time: 6.26214 seconds
43/80 - Throughput: 319380 ops/sec
32/80 - Performed a throughput benchmark:
32/80 - Performed 2000000 find-or-put operations with random values from [0,...,31999999]
32/80 - Finds: 1599217 (0.799609), Inserts: 400783 (0.200392), Errors: 0 (0)
32/80 - Execution time: 6.29921 seconds
32/80 - Throughput: 317500 ops/sec
70/80 - Performed a throughput benchmark:
70/80 - Performed 2000000 find-or-put operations with random values from [0,...,31999999]
70/80 - Finds: 1598854 (0.799427), Inserts: 401146 (0.200573), Errors: 0 (0)
70/80 - Execution time: 6.29411 seconds
70/80 - Throughput: 317757 ops/sec
62/80 - Performed a throughput benchmark:
62/80 - Performed 2000000 find-or-put operations with random values from [0,...,31999999]
62/80 - Finds: 1600241 (0.800121), Inserts: 399759 (0.199879), Errors: 0 (0)
62/80 - Execution time: 6.29528 seconds
62/80 - Throughput: 317698 ops/sec
21/80 - Performed a throughput benchmark:
21/80 - Performed 2000000 find-or-put operations with random values from [0,...,31999999]
21/80 - Finds: 1599464 (0.799732), Inserts: 400536 (0.200268), Errors: 0 (0)
21/80 - Execution time: 6.29252 seconds
21/80 - Throughput: 317838 ops/sec
45/80 - Performed a throughput benchmark:
45/80 - Performed 2000000 find-or-put operations with random values from [0,...,31999999]
45/80 - Finds: 1599043 (0.799521), Inserts: 400957 (0.200479), Errors: 0 (0)
45/80 - Execution time: 6.27226 seconds
45/80 - Throughput: 318864 ops/sec
22/80 - Performed a throughput benchmark:
22/80 - Performed 2000000 find-or-put operations with random values from [0,...,31999999]
22/80 - Finds: 1598148 (0.799074), Inserts: 401852 (0.200926), Errors: 0 (0)
22/80 - Execution time: 6.26807 seconds
22/80 - Throughput: 319077 ops/sec
59/80 - Performed a throughput benchmark:
59/80 - Performed 2000000 find-or-put operations with random values from [0,...,31999999]
59/80 - Finds: 1597952 (0.798976), Inserts: 402048 (0.201024), Errors: 0 (0)
59/80 - Execution time: 6.26448 seconds
59/80 - Throughput: 319260 ops/sec
19/80 - Performed a throughput benchmark:
19/80 - Performed 2000000 find-or-put operations with random values from [0,...,31999999]
19/80 - Finds: 1599657 (0.799829), Inserts: 400343 (0.200172), Errors: 0 (0)
19/80 - Execution time: 6.29686 seconds
19/80 - Throughput: 317618 ops/sec
72/80 - Performed a throughput benchmark:
72/80 - Performed 2000000 find-or-put operations with random values from [0,...,31999999]
72/80 - Finds: 1598986 (0.799493), Inserts: 401014 (0.200507), Errors: 0 (0)
72/80 - Execution time: 6.2924 seconds
72/80 - Throughput: 317844 ops/sec
29/80 - Performed a throughput benchmark:
29/80 - Performed 2000000 find-or-put operations with random values from [0,...,31999999]
29/80 - Finds: 1598662 (0.799331), Inserts: 401338 (0.200669), Errors: 0 (0)
29/80 - Execution time: 6.2854 seconds
29/80 - Throughput: 318198 ops/sec
31/80 - Performed a throughput benchmark:
31/80 - Performed 2000000 find-or-put operations with random values from [0,...,31999999]
31/80 - Finds: 1599176 (0.799588), Inserts: 400824 (0.200412), Errors: 0 (0)
31/80 - Execution time: 6.27741 seconds
31/80 - Throughput: 318603 ops/sec
17/80 - Performed a throughput benchmark:
17/80 - Performed 2000000 find-or-put operations with random values from [0,...,31999999]
17/80 - Finds: 1599649 (0.799825), Inserts: 400351 (0.200176), Errors: 0 (0)
17/80 - Execution time: 6.29117 seconds
17/80 - Throughput: 317906 ops/sec
25/80 - Performed a throughput benchmark:
25/80 - Performed 2000000 find-or-put operations with random values from [0,...,31999999]
25/80 - Finds: 1599641 (0.799821), Inserts: 400359 (0.20018), Errors: 0 (0)
25/80 - Execution time: 6.29768 seconds
25/80 - Throughput: 317577 ops/sec
42/80 - Performed a throughput benchmark:
42/80 - Performed 2000000 find-or-put operations with random values from [0,...,31999999]
42/80 - Finds: 1599202 (0.799601), Inserts: 400798 (0.200399), Errors: 0 (0)
42/80 - Execution time: 6.28157 seconds
42/80 - Throughput: 318392 ops/sec
77/80 - Performed a throughput benchmark:
77/80 - Performed 2000000 find-or-put operations with random values from [0,...,31999999]
77/80 - Finds: 1597749 (0.798875), Inserts: 402251 (0.201126), Errors: 0 (0)
77/80 - Execution time: 6.28218 seconds
77/80 - Throughput: 318361 ops/sec
47/80 - Performed a throughput benchmark:
47/80 - Performed 2000000 find-or-put operations with random values from [0,...,31999999]
47/80 - Finds: 1600484 (0.800242), Inserts: 399516 (0.199758), Errors: 0 (0)
47/80 - Execution time: 6.31665 seconds
47/80 - Throughput: 316624 ops/sec
60/80 - Performed a throughput benchmark:
60/80 - Performed 2000000 find-or-put operations with random values from [0,...,31999999]
60/80 - Finds: 1598869 (0.799435), Inserts: 401131 (0.200566), Errors: 0 (0)
60/80 - Execution time: 6.28387 seconds
60/80 - Throughput: 318275 ops/sec
71/80 - Performed a throughput benchmark:
71/80 - Performed 2000000 find-or-put operations with random values from [0,...,31999999]
71/80 - Finds: 1598133 (0.799067), Inserts: 401867 (0.200933), Errors: 0 (0)
71/80 - Execution time: 6.28381 seconds
71/80 - Throughput: 318278 ops/sec
18/80 - Performed a throughput benchmark:
18/80 - Performed 2000000 find-or-put operations with random values from [0,...,31999999]
18/80 - Finds: 1599665 (0.799832), Inserts: 400335 (0.200167), Errors: 0 (0)
18/80 - Execution time: 6.303 seconds
18/80 - Throughput: 317309 ops/sec
57/80 - Performed a throughput benchmark:
57/80 - Performed 2000000 find-or-put operations with random values from [0,...,31999999]
57/80 - Finds: 1601189 (0.800594), Inserts: 398811 (0.199406), Errors: 0 (0)
57/80 - Execution time: 6.29932 seconds
57/80 - Throughput: 317495 ops/sec
41/80 - Performed a throughput benchmark:
41/80 - Performed 2000000 find-or-put operations with random values from [0,...,31999999]
41/80 - Finds: 1600252 (0.800126), Inserts: 399748 (0.199874), Errors: 0 (0)
41/80 - Execution time: 6.30206 seconds
41/80 - Throughput: 317357 ops/sec
75/80 - Performed a throughput benchmark:
75/80 - Performed 2000000 find-or-put operations with random values from [0,...,31999999]
75/80 - Finds: 1601945 (0.800972), Inserts: 398055 (0.199027), Errors: 0 (0)
75/80 - Execution time: 6.3092 seconds
75/80 - Throughput: 316997 ops/sec
73/80 - Performed a throughput benchmark:
73/80 - Performed 2000000 find-or-put operations with random values from [0,...,31999999]
73/80 - Finds: 1598962 (0.799481), Inserts: 401038 (0.200519), Errors: 0 (0)
73/80 - Execution time: 6.29393 seconds
73/80 - Throughput: 317766 ops/sec
76/80 - Performed a throughput benchmark:
76/80 - Performed 2000000 find-or-put operations with random values from [0,...,31999999]
76/80 - Finds: 1598533 (0.799266), Inserts: 401467 (0.200734), Errors: 0 (0)
76/80 - Execution time: 6.29418 seconds
76/80 - Throughput: 317754 ops/sec
63/80 - Performed a throughput benchmark:
63/80 - Performed 2000000 find-or-put operations with random values from [0,...,31999999]
63/80 - Finds: 1600787 (0.800393), Inserts: 399213 (0.199606), Errors: 0 (0)
63/80 - Execution time: 6.29066 seconds
63/80 - Throughput: 317932 ops/sec
37/80 - Performed a throughput benchmark:
37/80 - Performed 2000000 find-or-put operations with random values from [0,...,31999999]
37/80 - Finds: 1599609 (0.799805), Inserts: 400391 (0.200195), Errors: 0 (0)
37/80 - Execution time: 6.30009 seconds
37/80 - Throughput: 317456 ops/sec
53/80 - Performed a throughput benchmark:
53/80 - Performed 2000000 find-or-put operations with random values from [0,...,31999999]
53/80 - Finds: 1599389 (0.799694), Inserts: 400611 (0.200305), Errors: 0 (0)
53/80 - Execution time: 6.30307 seconds
53/80 - Throughput: 317306 ops/sec
55/80 - Performed a throughput benchmark:
55/80 - Performed 2000000 find-or-put operations with random values from [0,...,31999999]
55/80 - Finds: 1600460 (0.80023), Inserts: 399540 (0.19977), Errors: 0 (0)
55/80 - Execution time: 6.30251 seconds
55/80 - Throughput: 317334 ops/sec
46/80 - Performed a throughput benchmark:
46/80 - Performed 2000000 find-or-put operations with random values from [0,...,31999999]
46/80 - Finds: 1600262 (0.800131), Inserts: 399738 (0.199869), Errors: 0 (0)
46/80 - Execution time: 6.31606 seconds
46/80 - Throughput: 316653 ops/sec
64/80 - Performed a throughput benchmark:
64/80 - Performed 2000000 find-or-put operations with random values from [0,...,31999999]
64/80 - Finds: 1599912 (0.799956), Inserts: 400088 (0.200044), Errors: 0 (0)
64/80 - Execution time: 6.29952 seconds
64/80 - Throughput: 317485 ops/sec
65/80 - Performed a throughput benchmark:
65/80 - Performed 2000000 find-or-put operations with random values from [0,...,31999999]
65/80 - Finds: 1599782 (0.799891), Inserts: 400218 (0.200109), Errors: 0 (0)
65/80 - Execution time: 6.29727 seconds
65/80 - Throughput: 317598 ops/sec
54/80 - Performed a throughput benchmark:
54/80 - Performed 2000000 find-or-put operations with random values from [0,...,31999999]
54/80 - Finds: 1600097 (0.800049), Inserts: 399903 (0.199952), Errors: 0 (0)
54/80 - Execution time: 6.29729 seconds
54/80 - Throughput: 317597 ops/sec
30/80 - Performed a throughput benchmark:
30/80 - Performed 2000000 find-or-put operations with random values from [0,...,31999999]
30/80 - Finds: 1599677 (0.799839), Inserts: 400323 (0.200161), Errors: 0 (0)
30/80 - Execution time: 6.30289 seconds
30/80 - Throughput: 317315 ops/sec
20/80 - Performed a throughput benchmark:
20/80 - Performed 2000000 find-or-put operations with random values from [0,...,31999999]
20/80 - Finds: 1600196 (0.800098), Inserts: 399804 (0.199902), Errors: 0 (0)
20/80 - Execution time: 6.30702 seconds
20/80 - Throughput: 317107 ops/sec
78/80 - Performed a throughput benchmark:
78/80 - Performed 2000000 find-or-put operations with random values from [0,...,31999999]
78/80 - Finds: 1600673 (0.800337), Inserts: 399327 (0.199663), Errors: 0 (0)
78/80 - Execution time: 6.33588 seconds
78/80 - Throughput: 315663 ops/sec
34/80 - Performed a throughput benchmark:
34/80 - Performed 2000000 find-or-put operations with random values from [0,...,31999999]
34/80 - Finds: 1599642 (0.799821), Inserts: 400358 (0.200179), Errors: 0 (0)
34/80 - Execution time: 6.31928 seconds
34/80 - Throughput: 316492 ops/sec
24/80 - Performed a throughput benchmark:
24/80 - Performed 2000000 find-or-put operations with random values from [0,...,31999999]
24/80 - Finds: 1601212 (0.800606), Inserts: 398788 (0.199394), Errors: 0 (0)
24/80 - Execution time: 6.3108 seconds
24/80 - Throughput: 316917 ops/sec
27/80 - Performed a throughput benchmark:
27/80 - Performed 2000000 find-or-put operations with random values from [0,...,31999999]
27/80 - Finds: 1599582 (0.799791), Inserts: 400418 (0.200209), Errors: 0 (0)
27/80 - Execution time: 6.33051 seconds
27/80 - Throughput: 315930 ops/sec
79/80 - Performed a throughput benchmark:
79/80 - Performed 2000000 find-or-put operations with random values from [0,...,31999999]
79/80 - Finds: 1599246 (0.799623), Inserts: 400754 (0.200377), Errors: 0 (0)
79/80 - Execution time: 6.30205 seconds
79/80 - Throughput: 317357 ops/sec
26/80 - Performed a throughput benchmark:
26/80 - Performed 2000000 find-or-put operations with random values from [0,...,31999999]
26/80 - Finds: 1600576 (0.800288), Inserts: 399424 (0.199712), Errors: 0 (0)
26/80 - Execution time: 6.34386 seconds
26/80 - Throughput: 315265 ops/sec
74/80 - Performed a throughput benchmark:
74/80 - Performed 2000000 find-or-put operations with random values from [0,...,31999999]
74/80 - Finds: 1603280 (0.80164), Inserts: 396720 (0.19836), Errors: 0 (0)
74/80 - Execution time: 6.33751 seconds
74/80 - Throughput: 315581 ops/sec
1/80 - Performed a throughput benchmark:
1/80 - Performed 2000000 find-or-put operations with random values from [0,...,31999999]
1/80 - Finds: 1616544 (0.808272), Inserts: 383456 (0.191728), Errors: 0 (0)
1/80 - Execution time: 6.51616 seconds
1/80 - Throughput: 306929 ops/sec
15/80 - Performed a throughput benchmark:
15/80 - Performed 2000000 find-or-put operations with random values from [0,...,31999999]
15/80 - Finds: 1615634 (0.807817), Inserts: 384366 (0.192183), Errors: 0 (0)
15/80 - Execution time: 6.50161 seconds
15/80 - Throughput: 307616 ops/sec
3/80 - Performed a throughput benchmark:
3/80 - Performed 2000000 find-or-put operations with random values from [0,...,31999999]
3/80 - Finds: 1616240 (0.80812), Inserts: 383760 (0.19188), Errors: 0 (0)
3/80 - Execution time: 6.54673 seconds
3/80 - Throughput: 305496 ops/sec
9/80 - Performed a throughput benchmark:
9/80 - Performed 2000000 find-or-put operations with random values from [0,...,31999999]
9/80 - Finds: 1614924 (0.807462), Inserts: 385076 (0.192538), Errors: 0 (0)
9/80 - Execution time: 6.51836 seconds
9/80 - Throughput: 306826 ops/sec
14/80 - Performed a throughput benchmark:
14/80 - Performed 2000000 find-or-put operations with random values from [0,...,31999999]
14/80 - Finds: 1615073 (0.807536), Inserts: 384927 (0.192464), Errors: 0 (0)
14/80 - Execution time: 6.51628 seconds
14/80 - Throughput: 306923 ops/sec
10/80 - Performed a throughput benchmark:
10/80 - Performed 2000000 find-or-put operations with random values from [0,...,31999999]
10/80 - Finds: 1615671 (0.807836), Inserts: 384329 (0.192164), Errors: 0 (0)
10/80 - Execution time: 6.51589 seconds
10/80 - Throughput: 306942 ops/sec
8/80 - Performed a throughput benchmark:
8/80 - Performed 2000000 find-or-put operations with random values from [0,...,31999999]
8/80 - Finds: 1615006 (0.807503), Inserts: 384994 (0.192497), Errors: 0 (0)
8/80 - Execution time: 6.50462 seconds
8/80 - Throughput: 307474 ops/sec
4/80 - Performed a throughput benchmark:
4/80 - Performed 2000000 find-or-put operations with random values from [0,...,31999999]
4/80 - Finds: 1618528 (0.809264), Inserts: 381472 (0.190736), Errors: 0 (0)
4/80 - Execution time: 6.53328 seconds
4/80 - Throughput: 306125 ops/sec
13/80 - Performed a throughput benchmark:
13/80 - Performed 2000000 find-or-put operations with random values from [0,...,31999999]
13/80 - Finds: 1615479 (0.80774), Inserts: 384521 (0.192261), Errors: 0 (0)
13/80 - Execution time: 6.53534 seconds
13/80 - Throughput: 306029 ops/sec
12/80 - Performed a throughput benchmark:
12/80 - Performed 2000000 find-or-put operations with random values from [0,...,31999999]
12/80 - Finds: 1615136 (0.807568), Inserts: 384864 (0.192432), Errors: 0 (0)
12/80 - Execution time: 6.51659 seconds
12/80 - Throughput: 306909 ops/sec
11/80 - Performed a throughput benchmark:
11/80 - Performed 2000000 find-or-put operations with random values from [0,...,31999999]
11/80 - Finds: 1614694 (0.807347), Inserts: 385306 (0.192653), Errors: 0 (0)
11/80 - Execution time: 6.50652 seconds
11/80 - Throughput: 307384 ops/sec
2/80 - Performed a throughput benchmark:
2/80 - Performed 2000000 find-or-put operations with random values from [0,...,31999999]
2/80 - Finds: 1615352 (0.807676), Inserts: 384648 (0.192324), Errors: 0 (0)
2/80 - Execution time: 6.54209 seconds
2/80 - Throughput: 305713 ops/sec
0/80 - Performed a throughput benchmark:
0/80 - Performed 2000000 find-or-put operations with random values from [0,...,31999999]
0/80 - Finds: 1616792 (0.808396), Inserts: 383208 (0.191604), Errors: 0 (0)
0/80 - Execution time: 6.54272 seconds
0/80 - Throughput: 305683 ops/sec
7/80 - Performed a throughput benchmark:
7/80 - Performed 2000000 find-or-put operations with random values from [0,...,31999999]
7/80 - Finds: 1615731 (0.807866), Inserts: 384269 (0.192135), Errors: 0 (0)
7/80 - Execution time: 6.55683 seconds
7/80 - Throughput: 305025 ops/sec
5/80 - Performed a throughput benchmark:
5/80 - Performed 2000000 find-or-put operations with random values from [0,...,31999999]
5/80 - Finds: 1617950 (0.808975), Inserts: 382050 (0.191025), Errors: 0 (0)
5/80 - Execution time: 6.5331 seconds
5/80 - Throughput: 306133 ops/sec
6/80 - Performed a throughput benchmark:
6/80 - Performed 2000000 find-or-put operations with random values from [0,...,31999999]
6/80 - Finds: 1616284 (0.808142), Inserts: 383716 (0.191858), Errors: 0 (0)
6/80 - Execution time: 6.56411 seconds
6/80 - Throughput: 304687 ops/sec
[1441207742.692894] [node008:22630:0]         sys.c:719  MXM  WARN  Conflicting CPU frequencies detected, using: 1378.12
