[1441210316.553923] [node001:1802 :0]         sys.c:719  MXM  WARN  Conflicting CPU frequencies detected, using: 1568.91
[1441210316.576671] [node001:1802 :0]         mxm.c:185  MXM  WARN  The 'ulimit -s' on the system is set to 'unlimited'. This may have negative performance implications. Please set the heap size to the default value (10240) 
[1441210316.550003] [node001:1801 :0]         sys.c:719  MXM  WARN  Conflicting CPU frequencies detected, using: 1568.91
[1441210316.575470] [node001:1801 :0]         mxm.c:185  MXM  WARN  The 'ulimit -s' on the system is set to 'unlimited'. This may have negative performance implications. Please set the heap size to the default value (10240) 
[1441210316.883116] [node015:19494:0]         sys.c:719  MXM  WARN  Conflicting CPU frequencies detected, using: 1399.69
[1441210316.888840] [node015:19494:0]         mxm.c:185  MXM  WARN  The 'ulimit -s' on the system is set to 'unlimited'. This may have negative performance implications. Please set the heap size to the default value (10240) 
[1441210316.864377] [node007:31573:0]         sys.c:719  MXM  WARN  Conflicting CPU frequencies detected, using: 1497.94
[1441210316.868045] [node007:31573:0]         mxm.c:185  MXM  WARN  The 'ulimit -s' on the system is set to 'unlimited'. This may have negative performance implications. Please set the heap size to the default value (10240) 
[1441210316.958941] [node010:26793:0]         sys.c:719  MXM  WARN  Conflicting CPU frequencies detected, using: 1498.12
[1441210316.962467] [node010:26793:0]         mxm.c:185  MXM  WARN  The 'ulimit -s' on the system is set to 'unlimited'. This may have negative performance implications. Please set the heap size to the default value (10240) 
[1441210316.963119] [node006:26346:0]         sys.c:719  MXM  WARN  Conflicting CPU frequencies detected, using: 1496.44
[1441210316.966757] [node006:26346:0]         mxm.c:185  MXM  WARN  The 'ulimit -s' on the system is set to 'unlimited'. This may have negative performance implications. Please set the heap size to the default value (10240) 
[1441210317.009584] [node031:20003:0]         sys.c:719  MXM  WARN  Conflicting CPU frequencies detected, using: 1398.47
[1441210317.015608] [node031:20003:0]         mxm.c:185  MXM  WARN  The 'ulimit -s' on the system is set to 'unlimited'. This may have negative performance implications. Please set the heap size to the default value (10240) 
[1441210317.020115] [node004:26476:0]         sys.c:719  MXM  WARN  Conflicting CPU frequencies detected, using: 1692.38
[1441210317.023932] [node004:26476:0]         mxm.c:185  MXM  WARN  The 'ulimit -s' on the system is set to 'unlimited'. This may have negative performance implications. Please set the heap size to the default value (10240) 
[1441210317.087716] [node039:19701:0]         sys.c:719  MXM  WARN  Conflicting CPU frequencies detected, using: 1495.12
[1441210317.093065] [node039:19701:0]         mxm.c:185  MXM  WARN  The 'ulimit -s' on the system is set to 'unlimited'. This may have negative performance implications. Please set the heap size to the default value (10240) 
[1441210317.071273] [node014:21865:0]         sys.c:719  MXM  WARN  Conflicting CPU frequencies detected, using: 1491.84
[1441210317.075097] [node014:21865:0]         mxm.c:185  MXM  WARN  The 'ulimit -s' on the system is set to 'unlimited'. This may have negative performance implications. Please set the heap size to the default value (10240) 
[1441210317.097295] [node007:31597:0]         sys.c:719  MXM  WARN  Conflicting CPU frequencies detected, using: 1590.66
[1441210317.100911] [node007:31597:0]         mxm.c:185  MXM  WARN  The 'ulimit -s' on the system is set to 'unlimited'. This may have negative performance implications. Please set the heap size to the default value (10240) 
[1441210317.160053] [node018:13175:0]         sys.c:719  MXM  WARN  Conflicting CPU frequencies detected, using: 1398.94
[1441210317.165835] [node018:13175:0]         mxm.c:185  MXM  WARN  The 'ulimit -s' on the system is set to 'unlimited'. This may have negative performance implications. Please set the heap size to the default value (10240) 
[1441210317.199810] [node053:5548 :0]         sys.c:719  MXM  WARN  Conflicting CPU frequencies detected, using: 1492.03
[1441210317.205401] [node053:5548 :0]         mxm.c:185  MXM  WARN  The 'ulimit -s' on the system is set to 'unlimited'. This may have negative performance implications. Please set the heap size to the default value (10240) 
[1441210317.208136] [node013:27108:0]         sys.c:719  MXM  WARN  Conflicting CPU frequencies detected, using: 1582.50
[1441210317.213704] [node013:27108:0]         mxm.c:185  MXM  WARN  The 'ulimit -s' on the system is set to 'unlimited'. This may have negative performance implications. Please set the heap size to the default value (10240) 
[1441210317.218800] [node012:27030:0]         sys.c:719  MXM  WARN  Conflicting CPU frequencies detected, using: 1496.62
[1441210317.224673] [node012:27030:0]         mxm.c:185  MXM  WARN  The 'ulimit -s' on the system is set to 'unlimited'. This may have negative performance implications. Please set the heap size to the default value (10240) 
[1441210317.187445] [node003:27007:0]         sys.c:719  MXM  WARN  Conflicting CPU frequencies detected, using: 1699.69
[1441210317.190972] [node003:27007:0]         mxm.c:185  MXM  WARN  The 'ulimit -s' on the system is set to 'unlimited'. This may have negative performance implications. Please set the heap size to the default value (10240) 
[1441210317.180483] [node017:2359 :0]         sys.c:719  MXM  WARN  Conflicting CPU frequencies detected, using: 1596.94
[1441210317.186453] [node017:2359 :0]         mxm.c:185  MXM  WARN  The 'ulimit -s' on the system is set to 'unlimited'. This may have negative performance implications. Please set the heap size to the default value (10240) 
[1441210317.183972] [node005:27029:0]         sys.c:719  MXM  WARN  Conflicting CPU frequencies detected, using: 1494.00
[1441210317.187764] [node005:27029:0]         mxm.c:185  MXM  WARN  The 'ulimit -s' on the system is set to 'unlimited'. This may have negative performance implications. Please set the heap size to the default value (10240) 
[1441210317.198173] [node002:29066:0]         sys.c:719  MXM  WARN  Conflicting CPU frequencies detected, using: 1597.03
[1441210317.201758] [node002:29066:0]         mxm.c:185  MXM  WARN  The 'ulimit -s' on the system is set to 'unlimited'. This may have negative performance implications. Please set the heap size to the default value (10240) 
[1441210317.208159] [node017:2376 :0]         sys.c:719  MXM  WARN  Conflicting CPU frequencies detected, using: 1788.38
[1441210317.213754] [node017:2376 :0]         mxm.c:185  MXM  WARN  The 'ulimit -s' on the system is set to 'unlimited'. This may have negative performance implications. Please set the heap size to the default value (10240) 
[1441210317.238607] [node033:20024:0]         sys.c:719  MXM  WARN  Conflicting CPU frequencies detected, using: 1500.00
[1441210317.244065] [node033:20024:0]         mxm.c:185  MXM  WARN  The 'ulimit -s' on the system is set to 'unlimited'. This may have negative performance implications. Please set the heap size to the default value (10240) 
[1441210317.213254] [node013:27114:0]         sys.c:719  MXM  WARN  Conflicting CPU frequencies detected, using: 1599.94
[1441210317.218350] [node013:27114:0]         mxm.c:185  MXM  WARN  The 'ulimit -s' on the system is set to 'unlimited'. This may have negative performance implications. Please set the heap size to the default value (10240) 
[1441210317.257670] [node008:4766 :0]         sys.c:719  MXM  WARN  Conflicting CPU frequencies detected, using: 1581.47
[1441210317.263289] [node008:4766 :0]         mxm.c:185  MXM  WARN  The 'ulimit -s' on the system is set to 'unlimited'. This may have negative performance implications. Please set the heap size to the default value (10240) 
[1441210317.219527] [node038:19521:0]         sys.c:719  MXM  WARN  Conflicting CPU frequencies detected, using: 1590.75
[1441210317.225117] [node038:19521:0]         mxm.c:185  MXM  WARN  The 'ulimit -s' on the system is set to 'unlimited'. This may have negative performance implications. Please set the heap size to the default value (10240) 
[1441210317.235900] [node061:26840:0]         sys.c:719  MXM  WARN  Conflicting CPU frequencies detected, using: 1699.97
[1441210317.239581] [node061:26840:0]         mxm.c:185  MXM  WARN  The 'ulimit -s' on the system is set to 'unlimited'. This may have negative performance implications. Please set the heap size to the default value (10240) 
[1441210317.247182] [node059:27328:0]         sys.c:719  MXM  WARN  Conflicting CPU frequencies detected, using: 2329.12
[1441210317.251571] [node059:27328:0]         mxm.c:185  MXM  WARN  The 'ulimit -s' on the system is set to 'unlimited'. This may have negative performance implications. Please set the heap size to the default value (10240) 
[1441210317.241201] [node048:21994:0]         sys.c:719  MXM  WARN  Conflicting CPU frequencies detected, using: 1598.91
[1441210317.245042] [node048:21994:0]         mxm.c:185  MXM  WARN  The 'ulimit -s' on the system is set to 'unlimited'. This may have negative performance implications. Please set the heap size to the default value (10240) 
[1441210317.256616] [node002:29087:0]         sys.c:719  MXM  WARN  Conflicting CPU frequencies detected, using: 1670.91
[1441210317.260068] [node002:29087:0]         mxm.c:185  MXM  WARN  The 'ulimit -s' on the system is set to 'unlimited'. This may have negative performance implications. Please set the heap size to the default value (10240) 
[1441210317.243826] [node053:5565 :0]         sys.c:719  MXM  WARN  Conflicting CPU frequencies detected, using: 1500.00
[1441210317.249632] [node053:5565 :0]         mxm.c:185  MXM  WARN  The 'ulimit -s' on the system is set to 'unlimited'. This may have negative performance implications. Please set the heap size to the default value (10240) 
[1441210317.244946] [node037:19820:0]         sys.c:719  MXM  WARN  Conflicting CPU frequencies detected, using: 1399.97
[1441210317.248607] [node037:19820:0]         mxm.c:185  MXM  WARN  The 'ulimit -s' on the system is set to 'unlimited'. This may have negative performance implications. Please set the heap size to the default value (10240) 
[1441210317.288515] [node041:19478:0]         sys.c:719  MXM  WARN  Conflicting CPU frequencies detected, using: 1373.53
[1441210317.294148] [node041:19478:0]         mxm.c:185  MXM  WARN  The 'ulimit -s' on the system is set to 'unlimited'. This may have negative performance implications. Please set the heap size to the default value (10240) 
[1441210317.240598] [node031:20027:0]         sys.c:719  MXM  WARN  Conflicting CPU frequencies detected, using: 1497.09
[1441210317.246054] [node031:20027:0]         mxm.c:185  MXM  WARN  The 'ulimit -s' on the system is set to 'unlimited'. This may have negative performance implications. Please set the heap size to the default value (10240) 
[1441210317.266090] [node058:27340:0]         sys.c:719  MXM  WARN  Conflicting CPU frequencies detected, using: 2482.31
[1441210317.270714] [node058:27340:0]         mxm.c:185  MXM  WARN  The 'ulimit -s' on the system is set to 'unlimited'. This may have negative performance implications. Please set the heap size to the default value (10240) 
[1441210317.252373] [node034:19283:0]         sys.c:719  MXM  WARN  Conflicting CPU frequencies detected, using: 1597.97
[1441210317.258114] [node034:19283:0]         mxm.c:185  MXM  WARN  The 'ulimit -s' on the system is set to 'unlimited'. This may have negative performance implications. Please set the heap size to the default value (10240) 
[1441210317.309748] [node042:19545:0]         sys.c:719  MXM  WARN  Conflicting CPU frequencies detected, using: 1498.88
[1441210317.315478] [node042:19545:0]         mxm.c:185  MXM  WARN  The 'ulimit -s' on the system is set to 'unlimited'. This may have negative performance implications. Please set the heap size to the default value (10240) 
[1441210317.311091] [node009:29270:0]         sys.c:719  MXM  WARN  Conflicting CPU frequencies detected, using: 1597.31
[1441210317.316400] [node009:29270:0]         mxm.c:185  MXM  WARN  The 'ulimit -s' on the system is set to 'unlimited'. This may have negative performance implications. Please set the heap size to the default value (10240) 
[1441210317.300415] [node058:27357:0]         sys.c:719  MXM  WARN  Conflicting CPU frequencies detected, using: 2482.31
[1441210317.304450] [node058:27357:0]         mxm.c:185  MXM  WARN  The 'ulimit -s' on the system is set to 'unlimited'. This may have negative performance implications. Please set the heap size to the default value (10240) 
[1441210317.279285] [node006:26370:0]         sys.c:719  MXM  WARN  Conflicting CPU frequencies detected, using: 1497.38
[1441210317.282852] [node006:26370:0]         mxm.c:185  MXM  WARN  The 'ulimit -s' on the system is set to 'unlimited'. This may have negative performance implications. Please set the heap size to the default value (10240) 
[1441210317.282730] [node055:26578:0]         sys.c:719  MXM  WARN  Conflicting CPU frequencies detected, using: 1599.94
[1441210317.288191] [node055:26578:0]         mxm.c:185  MXM  WARN  The 'ulimit -s' on the system is set to 'unlimited'. This may have negative performance implications. Please set the heap size to the default value (10240) 
[1441210317.279546] [node032:19497:0]         sys.c:719  MXM  WARN  Conflicting CPU frequencies detected, using: 1593.94
[1441210317.285004] [node032:19497:0]         mxm.c:185  MXM  WARN  The 'ulimit -s' on the system is set to 'unlimited'. This may have negative performance implications. Please set the heap size to the default value (10240) 
[1441210317.298095] [node004:26500:0]         sys.c:719  MXM  WARN  Conflicting CPU frequencies detected, using: 1600.03
[1441210317.301489] [node004:26500:0]         mxm.c:185  MXM  WARN  The 'ulimit -s' on the system is set to 'unlimited'. This may have negative performance implications. Please set the heap size to the default value (10240) 
[1441210317.293882] [node056:26639:0]         sys.c:719  MXM  WARN  Conflicting CPU frequencies detected, using: 1595.34
[1441210317.299388] [node056:26639:0]         mxm.c:185  MXM  WARN  The 'ulimit -s' on the system is set to 'unlimited'. This may have negative performance implications. Please set the heap size to the default value (10240) 
[1441210317.295798] [node033:20043:0]         sys.c:719  MXM  WARN  Conflicting CPU frequencies detected, using: 1684.22
[1441210317.301172] [node033:20043:0]         mxm.c:185  MXM  WARN  The 'ulimit -s' on the system is set to 'unlimited'. This may have negative performance implications. Please set the heap size to the default value (10240) 
[1441210317.335217] [node040:19477:0]         sys.c:719  MXM  WARN  Conflicting CPU frequencies detected, using: 1546.31
[1441210317.341967] [node040:19477:0]         mxm.c:185  MXM  WARN  The 'ulimit -s' on the system is set to 'unlimited'. This may have negative performance implications. Please set the heap size to the default value (10240) 
[1441210317.335809] [node040:19476:0]         sys.c:719  MXM  WARN  Conflicting CPU frequencies detected, using: 1546.31
[1441210317.343706] [node040:19476:0]         mxm.c:185  MXM  WARN  The 'ulimit -s' on the system is set to 'unlimited'. This may have negative performance implications. Please set the heap size to the default value (10240) 
[1441210317.296002] [node039:19725:0]         sys.c:719  MXM  WARN  Conflicting CPU frequencies detected, using: 1599.94
[1441210317.301483] [node039:19725:0]         mxm.c:185  MXM  WARN  The 'ulimit -s' on the system is set to 'unlimited'. This may have negative performance implications. Please set the heap size to the default value (10240) 
[1441210317.304637] [node055:26595:0]         sys.c:719  MXM  WARN  Conflicting CPU frequencies detected, using: 1599.94
[1441210317.309786] [node055:26595:0]         mxm.c:185  MXM  WARN  The 'ulimit -s' on the system is set to 'unlimited'. This may have negative performance implications. Please set the heap size to the default value (10240) 
[1441210317.315558] [node065:27335:0]         sys.c:719  MXM  WARN  Conflicting CPU frequencies detected, using: 1898.81
[1441210317.319497] [node065:27335:0]         mxm.c:185  MXM  WARN  The 'ulimit -s' on the system is set to 'unlimited'. This may have negative performance implications. Please set the heap size to the default value (10240) 
[1441210317.304713] [node011:26828:0]         sys.c:719  MXM  WARN  Conflicting CPU frequencies detected, using: 1596.19
[1441210317.310143] [node011:26828:0]         mxm.c:185  MXM  WARN  The 'ulimit -s' on the system is set to 'unlimited'. This may have negative performance implications. Please set the heap size to the default value (10240) 
[1441210317.299264] [node011:26822:0]         sys.c:719  MXM  WARN  Conflicting CPU frequencies detected, using: 1596.19
[1441210317.304751] [node011:26822:0]         mxm.c:185  MXM  WARN  The 'ulimit -s' on the system is set to 'unlimited'. This may have negative performance implications. Please set the heap size to the default value (10240) 
[1441210317.327048] [node059:27351:0]         sys.c:719  MXM  WARN  Conflicting CPU frequencies detected, using: 2329.12
[1441210317.331394] [node059:27351:0]         mxm.c:185  MXM  WARN  The 'ulimit -s' on the system is set to 'unlimited'. This may have negative performance implications. Please set the heap size to the default value (10240) 
[1441210317.327425] [node065:27345:0]         sys.c:719  MXM  WARN  Conflicting CPU frequencies detected, using: 1898.81
[1441210317.331403] [node065:27345:0]         mxm.c:185  MXM  WARN  The 'ulimit -s' on the system is set to 'unlimited'. This may have negative performance implications. Please set the heap size to the default value (10240) 
[1441210317.330968] [node061:26864:0]         sys.c:719  MXM  WARN  Conflicting CPU frequencies detected, using: 1728.19
[1441210317.334724] [node061:26864:0]         mxm.c:185  MXM  WARN  The 'ulimit -s' on the system is set to 'unlimited'. This may have negative performance implications. Please set the heap size to the default value (10240) 
[1441210317.306669] [node044:19346:0]         sys.c:719  MXM  WARN  Conflicting CPU frequencies detected, using: 1597.78
[1441210317.312540] [node044:19346:0]         mxm.c:185  MXM  WARN  The 'ulimit -s' on the system is set to 'unlimited'. This may have negative performance implications. Please set the heap size to the default value (10240) 
[1441210317.327569] [node050:19541:0]         sys.c:719  MXM  WARN  Conflicting CPU frequencies detected, using: 1997.91
[1441210317.331237] [node050:19541:0]         mxm.c:185  MXM  WARN  The 'ulimit -s' on the system is set to 'unlimited'. This may have negative performance implications. Please set the heap size to the default value (10240) 
[1441210317.325663] [node063:26948:0]         sys.c:719  MXM  WARN  Conflicting CPU frequencies detected, using: 1799.62
[1441210317.328422] [node063:26948:0]         mxm.c:185  MXM  WARN  The 'ulimit -s' on the system is set to 'unlimited'. This may have negative performance implications. Please set the heap size to the default value (10240) 
[1441210317.323078] [node056:26656:0]         sys.c:719  MXM  WARN  Conflicting CPU frequencies detected, using: 1794.94
[1441210317.330238] [node056:26656:0]         mxm.c:185  MXM  WARN  The 'ulimit -s' on the system is set to 'unlimited'. This may have negative performance implications. Please set the heap size to the default value (10240) 
[1441210317.323871] [node063:26947:0]         sys.c:719  MXM  WARN  Conflicting CPU frequencies detected, using: 1799.62
[1441210317.327208] [node063:26947:0]         mxm.c:185  MXM  WARN  The 'ulimit -s' on the system is set to 'unlimited'. This may have negative performance implications. Please set the heap size to the default value (10240) 
[1441210317.323838] [node035:19830:0]         sys.c:719  MXM  WARN  Conflicting CPU frequencies detected, using: 1695.56
[1441210317.327266] [node035:19830:0]         mxm.c:185  MXM  WARN  The 'ulimit -s' on the system is set to 'unlimited'. This may have negative performance implications. Please set the heap size to the default value (10240) 
[1441210317.324826] [node037:19843:0]         sys.c:719  MXM  WARN  Conflicting CPU frequencies detected, using: 1594.78
[1441210317.328395] [node037:19843:0]         mxm.c:185  MXM  WARN  The 'ulimit -s' on the system is set to 'unlimited'. This may have negative performance implications. Please set the heap size to the default value (10240) 
[1441210317.314917] [node009:29276:0]         sys.c:719  MXM  WARN  Conflicting CPU frequencies detected, using: 1597.31
[1441210317.319978] [node009:29276:0]         mxm.c:185  MXM  WARN  The 'ulimit -s' on the system is set to 'unlimited'. This may have negative performance implications. Please set the heap size to the default value (10240) 
[1441210317.329890] [node034:19306:0]         sys.c:719  MXM  WARN  Conflicting CPU frequencies detected, using: 1700.06
[1441210317.336020] [node034:19306:0]         mxm.c:185  MXM  WARN  The 'ulimit -s' on the system is set to 'unlimited'. This may have negative performance implications. Please set the heap size to the default value (10240) 
[1441210317.321035] [node044:19358:0]         sys.c:719  MXM  WARN  Conflicting CPU frequencies detected, using: 1697.53
[1441210317.327837] [node044:19358:0]         mxm.c:185  MXM  WARN  The 'ulimit -s' on the system is set to 'unlimited'. This may have negative performance implications. Please set the heap size to the default value (10240) 
[1441210317.327680] [node005:27053:0]         sys.c:719  MXM  WARN  Conflicting CPU frequencies detected, using: 1496.62
[1441210317.331295] [node005:27053:0]         mxm.c:185  MXM  WARN  The 'ulimit -s' on the system is set to 'unlimited'. This may have negative performance implications. Please set the heap size to the default value (10240) 
[1441210317.331938] [node060:27389:0]         sys.c:719  MXM  WARN  Conflicting CPU frequencies detected, using: 1831.88
[1441210317.335821] [node060:27389:0]         mxm.c:185  MXM  WARN  The 'ulimit -s' on the system is set to 'unlimited'. This may have negative performance implications. Please set the heap size to the default value (10240) 
[1441210317.329536] [node010:26817:0]         sys.c:719  MXM  WARN  Conflicting CPU frequencies detected, using: 1396.59
[1441210317.333150] [node010:26817:0]         mxm.c:185  MXM  WARN  The 'ulimit -s' on the system is set to 'unlimited'. This may have negative performance implications. Please set the heap size to the default value (10240) 
[1441210317.332228] [node068:27341:0]         sys.c:719  MXM  WARN  Conflicting CPU frequencies detected, using: 2142.94
[1441210317.338244] [node068:27341:0]         mxm.c:185  MXM  WARN  The 'ulimit -s' on the system is set to 'unlimited'. This may have negative performance implications. Please set the heap size to the default value (10240) 
[1441210317.335735] [node032:19517:0]         sys.c:719  MXM  WARN  Conflicting CPU frequencies detected, using: 1896.28
[1441210317.341327] [node032:19517:0]         mxm.c:185  MXM  WARN  The 'ulimit -s' on the system is set to 'unlimited'. This may have negative performance implications. Please set the heap size to the default value (10240) 
[1441210317.337766] [node067:27267:0]         sys.c:719  MXM  WARN  Conflicting CPU frequencies detected, using: 2331.19
[1441210317.343883] [node067:27267:0]         mxm.c:185  MXM  WARN  The 'ulimit -s' on the system is set to 'unlimited'. This may have negative performance implications. Please set the heap size to the default value (10240) 
[1441210317.347625] [node035:19847:0]         sys.c:719  MXM  WARN  Conflicting CPU frequencies detected, using: 1800.00
[1441210317.351080] [node035:19847:0]         mxm.c:185  MXM  WARN  The 'ulimit -s' on the system is set to 'unlimited'. This may have negative performance implications. Please set the heap size to the default value (10240) 
[1441210317.335129] [node067:27266:0]         sys.c:719  MXM  WARN  Conflicting CPU frequencies detected, using: 2331.19
[1441210317.342058] [node067:27266:0]         mxm.c:185  MXM  WARN  The 'ulimit -s' on the system is set to 'unlimited'. This may have negative performance implications. Please set the heap size to the default value (10240) 
[1441210317.330431] [node054:26645:0]         sys.c:719  MXM  WARN  Conflicting CPU frequencies detected, using: 1597.31
[1441210317.336047] [node054:26645:0]         mxm.c:185  MXM  WARN  The 'ulimit -s' on the system is set to 'unlimited'. This may have negative performance implications. Please set the heap size to the default value (10240) 
[1441210317.329128] [node012:27054:0]         sys.c:719  MXM  WARN  Conflicting CPU frequencies detected, using: 1495.78
[1441210317.334923] [node012:27054:0]         mxm.c:185  MXM  WARN  The 'ulimit -s' on the system is set to 'unlimited'. This may have negative performance implications. Please set the heap size to the default value (10240) 
[1441210317.344122] [node003:27031:0]         sys.c:719  MXM  WARN  Conflicting CPU frequencies detected, using: 1598.81
[1441210317.347608] [node003:27031:0]         mxm.c:185  MXM  WARN  The 'ulimit -s' on the system is set to 'unlimited'. This may have negative performance implications. Please set the heap size to the default value (10240) 
[1441210317.349308] [node049:21999:0]         sys.c:719  MXM  WARN  Conflicting CPU frequencies detected, using: 1598.16
[1441210317.352602] [node049:21999:0]         mxm.c:185  MXM  WARN  The 'ulimit -s' on the system is set to 'unlimited'. This may have negative performance implications. Please set the heap size to the default value (10240) 
[1441210317.341522] [node030:23478:0]         sys.c:719  MXM  WARN  Conflicting CPU frequencies detected, using: 1671.84
[1441210317.346916] [node030:23478:0]         mxm.c:185  MXM  WARN  The 'ulimit -s' on the system is set to 'unlimited'. This may have negative performance implications. Please set the heap size to the default value (10240) 
[1441210317.348846] [node054:26662:0]         sys.c:719  MXM  WARN  Conflicting CPU frequencies detected, using: 1694.72
[1441210317.354319] [node054:26662:0]         mxm.c:185  MXM  WARN  The 'ulimit -s' on the system is set to 'unlimited'. This may have negative performance implications. Please set the heap size to the default value (10240) 
[1441210317.351461] [node048:22018:0]         sys.c:719  MXM  WARN  Conflicting CPU frequencies detected, using: 1595.91
[1441210317.355047] [node048:22018:0]         mxm.c:185  MXM  WARN  The 'ulimit -s' on the system is set to 'unlimited'. This may have negative performance implications. Please set the heap size to the default value (10240) 
[1441210317.349293] [node014:21889:0]         sys.c:719  MXM  WARN  Conflicting CPU frequencies detected, using: 1497.75
[1441210317.352944] [node014:21889:0]         mxm.c:185  MXM  WARN  The 'ulimit -s' on the system is set to 'unlimited'. This may have negative performance implications. Please set the heap size to the default value (10240) 
[1441210317.361502] [node060:27406:0]         sys.c:719  MXM  WARN  Conflicting CPU frequencies detected, using: 1831.88
[1441210317.365679] [node060:27406:0]         mxm.c:185  MXM  WARN  The 'ulimit -s' on the system is set to 'unlimited'. This may have negative performance implications. Please set the heap size to the default value (10240) 
[1441210317.371225] [node051:12473:0]         sys.c:719  MXM  WARN  Conflicting CPU frequencies detected, using: 1699.69
[1441210317.374417] [node051:12473:0]         mxm.c:185  MXM  WARN  The 'ulimit -s' on the system is set to 'unlimited'. This may have negative performance implications. Please set the heap size to the default value (10240) 
[1441210317.354331] [node047:21913:0]         sys.c:719  MXM  WARN  Conflicting CPU frequencies detected, using: 1595.72
[1441210317.357849] [node047:21913:0]         mxm.c:185  MXM  WARN  The 'ulimit -s' on the system is set to 'unlimited'. This may have negative performance implications. Please set the heap size to the default value (10240) 
[1441210317.361596] [node036:19910:0]         sys.c:719  MXM  WARN  Conflicting CPU frequencies detected, using: 1794.19
[1441210317.365149] [node036:19910:0]         mxm.c:185  MXM  WARN  The 'ulimit -s' on the system is set to 'unlimited'. This may have negative performance implications. Please set the heap size to the default value (10240) 
[1441210317.347321] [node064:26805:0]         sys.c:719  MXM  WARN  Conflicting CPU frequencies detected, using: 1683.84
[1441210317.353292] [node064:26805:0]         mxm.c:185  MXM  WARN  The 'ulimit -s' on the system is set to 'unlimited'. This may have negative performance implications. Please set the heap size to the default value (10240) 
[1441210317.353717] [node041:19499:0]         sys.c:719  MXM  WARN  Conflicting CPU frequencies detected, using: 1585.59
[1441210317.359597] [node041:19499:0]         mxm.c:185  MXM  WARN  The 'ulimit -s' on the system is set to 'unlimited'. This may have negative performance implications. Please set the heap size to the default value (10240) 
[1441210317.357045] [node042:19562:0]         sys.c:719  MXM  WARN  Conflicting CPU frequencies detected, using: 1599.94
[1441210317.362636] [node042:19562:0]         mxm.c:185  MXM  WARN  The 'ulimit -s' on the system is set to 'unlimited'. This may have negative performance implications. Please set the heap size to the default value (10240) 
[1441210317.359356] [node051:12461:0]         sys.c:719  MXM  WARN  Conflicting CPU frequencies detected, using: 1699.69
[1441210317.363045] [node051:12461:0]         mxm.c:185  MXM  WARN  The 'ulimit -s' on the system is set to 'unlimited'. This may have negative performance implications. Please set the heap size to the default value (10240) 
[1441210317.366145] [node049:22013:0]         sys.c:719  MXM  WARN  Conflicting CPU frequencies detected, using: 1681.31
[1441210317.369475] [node049:22013:0]         mxm.c:185  MXM  WARN  The 'ulimit -s' on the system is set to 'unlimited'. This may have negative performance implications. Please set the heap size to the default value (10240) 
[1441210317.359401] [node066:27343:0]         sys.c:719  MXM  WARN  Conflicting CPU frequencies detected, using: 2400.09
[1441210317.365698] [node066:27343:0]         mxm.c:185  MXM  WARN  The 'ulimit -s' on the system is set to 'unlimited'. This may have negative performance implications. Please set the heap size to the default value (10240) 
[1441210317.356574] [node045:19663:0]         sys.c:719  MXM  WARN  Conflicting CPU frequencies detected, using: 1598.06
[1441210317.362122] [node045:19663:0]         mxm.c:185  MXM  WARN  The 'ulimit -s' on the system is set to 'unlimited'. This may have negative performance implications. Please set the heap size to the default value (10240) 
[1441210317.366865] [node057:27088:0]         sys.c:719  MXM  WARN  Conflicting CPU frequencies detected, using: 1686.47
[1441210317.370775] [node057:27088:0]         mxm.c:185  MXM  WARN  The 'ulimit -s' on the system is set to 'unlimited'. This may have negative performance implications. Please set the heap size to the default value (10240) 
[1441210317.360724] [node052:15393:0]         sys.c:719  MXM  WARN  Conflicting CPU frequencies detected, using: 1543.12
[1441210317.364578] [node052:15393:0]         mxm.c:185  MXM  WARN  The 'ulimit -s' on the system is set to 'unlimited'. This may have negative performance implications. Please set the heap size to the default value (10240) 
[1441210317.359681] [node046:29023:0]         sys.c:719  MXM  WARN  Conflicting CPU frequencies detected, using: 1499.44
[1441210317.363540] [node046:29023:0]         mxm.c:185  MXM  WARN  The 'ulimit -s' on the system is set to 'unlimited'. This may have negative performance implications. Please set the heap size to the default value (10240) 
[1441210317.368071] [node057:27087:0]         sys.c:719  MXM  WARN  Conflicting CPU frequencies detected, using: 1686.47
[1441210317.371894] [node057:27087:0]         mxm.c:185  MXM  WARN  The 'ulimit -s' on the system is set to 'unlimited'. This may have negative performance implications. Please set the heap size to the default value (10240) 
[1441210317.358798] [node043:19407:0]         sys.c:719  MXM  WARN  Conflicting CPU frequencies detected, using: 1695.09
[1441210317.364123] [node043:19407:0]         mxm.c:185  MXM  WARN  The 'ulimit -s' on the system is set to 'unlimited'. This may have negative performance implications. Please set the heap size to the default value (10240) 
[1441210317.408315] [node038:19545:0]         sys.c:719  MXM  WARN  Conflicting CPU frequencies detected, using: 1399.22
[1441210317.414029] [node038:19545:0]         mxm.c:185  MXM  WARN  The 'ulimit -s' on the system is set to 'unlimited'. This may have negative performance implications. Please set the heap size to the default value (10240) 
[1441210317.361245] [node015:19518:0]         sys.c:719  MXM  WARN  Conflicting CPU frequencies detected, using: 1498.69
[1441210317.367115] [node015:19518:0]         mxm.c:185  MXM  WARN  The 'ulimit -s' on the system is set to 'unlimited'. This may have negative performance implications. Please set the heap size to the default value (10240) 
[1441210317.388466] [node036:19927:0]         sys.c:719  MXM  WARN  Conflicting CPU frequencies detected, using: 1999.12
[1441210317.392794] [node036:19927:0]         mxm.c:185  MXM  WARN  The 'ulimit -s' on the system is set to 'unlimited'. This may have negative performance implications. Please set the heap size to the default value (10240) 
[1441210317.382587] [node047:21930:0]         sys.c:719  MXM  WARN  Conflicting CPU frequencies detected, using: 1788.94
[1441210317.385864] [node047:21930:0]         mxm.c:185  MXM  WARN  The 'ulimit -s' on the system is set to 'unlimited'. This may have negative performance implications. Please set the heap size to the default value (10240) 
[1441210317.365569] [node062:26789:0]         sys.c:719  MXM  WARN  Conflicting CPU frequencies detected, using: 1599.94
[1441210317.371145] [node062:26789:0]         mxm.c:185  MXM  WARN  The 'ulimit -s' on the system is set to 'unlimited'. This may have negative performance implications. Please set the heap size to the default value (10240) 
[1441210317.378710] [node043:19424:0]         sys.c:719  MXM  WARN  Conflicting CPU frequencies detected, using: 1798.97
[1441210317.384208] [node043:19424:0]         mxm.c:185  MXM  WARN  The 'ulimit -s' on the system is set to 'unlimited'. This may have negative performance implications. Please set the heap size to the default value (10240) 
[1441210317.388646] [node068:27358:0]         sys.c:719  MXM  WARN  Conflicting CPU frequencies detected, using: 2142.94
[1441210317.394327] [node068:27358:0]         mxm.c:185  MXM  WARN  The 'ulimit -s' on the system is set to 'unlimited'. This may have negative performance implications. Please set the heap size to the default value (10240) 
[1441210317.394097] [node050:19564:0]         sys.c:719  MXM  WARN  Conflicting CPU frequencies detected, using: 1997.91
[1441210317.397610] [node050:19564:0]         mxm.c:185  MXM  WARN  The 'ulimit -s' on the system is set to 'unlimited'. This may have negative performance implications. Please set the heap size to the default value (10240) 
[1441210317.391270] [node046:29040:0]         sys.c:719  MXM  WARN  Conflicting CPU frequencies detected, using: 1599.94
[1441210317.394256] [node046:29040:0]         mxm.c:185  MXM  WARN  The 'ulimit -s' on the system is set to 'unlimited'. This may have negative performance implications. Please set the heap size to the default value (10240) 
[1441210317.382960] [node008:4790 :0]         sys.c:719  MXM  WARN  Conflicting CPU frequencies detected, using: 1600.22
[1441210317.388421] [node008:4790 :0]         mxm.c:185  MXM  WARN  The 'ulimit -s' on the system is set to 'unlimited'. This may have negative performance implications. Please set the heap size to the default value (10240) 
[1441210317.394202] [node052:15410:0]         sys.c:719  MXM  WARN  Conflicting CPU frequencies detected, using: 1599.94
[1441210317.397571] [node052:15410:0]         mxm.c:185  MXM  WARN  The 'ulimit -s' on the system is set to 'unlimited'. This may have negative performance implications. Please set the heap size to the default value (10240) 
[1441210317.393726] [node045:19680:0]         sys.c:719  MXM  WARN  Conflicting CPU frequencies detected, using: 1684.50
[1441210317.399453] [node045:19680:0]         mxm.c:185  MXM  WARN  The 'ulimit -s' on the system is set to 'unlimited'. This may have negative performance implications. Please set the heap size to the default value (10240) 
[1441210317.402603] [node066:27360:0]         sys.c:719  MXM  WARN  Conflicting CPU frequencies detected, using: 2400.00
[1441210317.408871] [node066:27360:0]         mxm.c:185  MXM  WARN  The 'ulimit -s' on the system is set to 'unlimited'. This may have negative performance implications. Please set the heap size to the default value (10240) 
[1441210317.395903] [node062:26806:0]         sys.c:719  MXM  WARN  Conflicting CPU frequencies detected, using: 1797.84
[1441210317.402314] [node062:26806:0]         mxm.c:185  MXM  WARN  The 'ulimit -s' on the system is set to 'unlimited'. This may have negative performance implications. Please set the heap size to the default value (10240) 
[1441210317.399678] [node030:23497:0]         sys.c:719  MXM  WARN  Conflicting CPU frequencies detected, using: 1590.75
[1441210317.405229] [node030:23497:0]         mxm.c:185  MXM  WARN  The 'ulimit -s' on the system is set to 'unlimited'. This may have negative performance implications. Please set the heap size to the default value (10240) 
[1441210317.403858] [node064:26825:0]         sys.c:719  MXM  WARN  Conflicting CPU frequencies detected, using: 1692.00
[1441210317.409336] [node064:26825:0]         mxm.c:185  MXM  WARN  The 'ulimit -s' on the system is set to 'unlimited'. This may have negative performance implications. Please set the heap size to the default value (10240) 
[1441210318.127436] [node018:13199:0]         sys.c:719  MXM  WARN  Conflicting CPU frequencies detected, using: 1398.47
[1441210318.133294] [node018:13199:0]         mxm.c:185  MXM  WARN  The 'ulimit -s' on the system is set to 'unlimited'. This may have negative performance implications. Please set the heap size to the default value (10240) 
UPCR: UPC thread   1 of 112 on node001 (pshm node  0 of 56, process   1 of 112, pid=1802)
UPCR: UPC thread   0 of 112 on node001 (pshm node  0 of 56, process   0 of 112, pid=1801)
UPCR: UPC thread  14 of 112 on node008 (pshm node  7 of 56, process  14 of 112, pid=4766)
UPCR: UPC thread  87 of 112 on node056 (pshm node 43 of 56, process  87 of 112, pid=26656)
UPCR: UPC thread  63 of 112 on node044 (pshm node 31 of 56, process  63 of 112, pid=19358)
UPCR: UPC thread   7 of 112 on node004 (pshm node  3 of 56, process   7 of 112, pid=26476)
UPCR: UPC thread  62 of 112 on node044 (pshm node 31 of 56, process  62 of 112, pid=19346)
UPCR: UPC thread  41 of 112 on node033 (pshm node 20 of 56, process  41 of 112, pid=20024)
UPCR: UPC thread  43 of 112 on node034 (pshm node 21 of 56, process  43 of 112, pid=19306)
UPCR: UPC thread  23 of 112 on node012 (pshm node 11 of 56, process  23 of 112, pid=27054)
UPCR: UPC thread  42 of 112 on node034 (pshm node 21 of 56, process  42 of 112, pid=19283)
UPCR: UPC thread  11 of 112 on node006 (pshm node  5 of 56, process  11 of 112, pid=26370)
UPCR: UPC thread   6 of 112 on node004 (pshm node  3 of 56, process   6 of 112, pid=26500)
UPCR: UPC thread  38 of 112 on node032 (pshm node 19 of 56, process  38 of 112, pid=19497)
UPCR: UPC thread  55 of 112 on node040 (pshm node 27 of 56, process  55 of 112, pid=19477)
UPCR: UPC thread  24 of 112 on node013 (pshm node 12 of 56, process  24 of 112, pid=27108)
UPCR: UPC thread  70 of 112 on node048 (pshm node 35 of 56, process  70 of 112, pid=22018)
UPCR: UPC thread  10 of 112 on node006 (pshm node  5 of 56, process  10 of 112, pid=26346)
UPCR: UPC thread  71 of 112 on node048 (pshm node 35 of 56, process  71 of 112, pid=21994)
UPCR: UPC thread  17 of 112 on node009 (pshm node  8 of 56, process  17 of 112, pid=29270)
UPCR: UPC thread  90 of 112 on node058 (pshm node 45 of 56, process  90 of 112, pid=27340)
UPCR: UPC thread  58 of 112 on node042 (pshm node 29 of 56, process  58 of 112, pid=19562)
UPCR: UPC thread  33 of 112 on node018 (pshm node 16 of 56, process  33 of 112, pid=13199)
UPCR: UPC thread  26 of 112 on node014 (pshm node 13 of 56, process  26 of 112, pid=21865)
UPCR: UPC thread  15 of 112 on node008 (pshm node  7 of 56, process  15 of 112, pid=4790)
UPCR: UPC thread   4 of 112 on node003 (pshm node  2 of 56, process   4 of 112, pid=27007)
UPCR: UPC thread 100 of 112 on node063 (pshm node 50 of 56, process 100 of 112, pid=26947)
UPCR: UPC thread  85 of 112 on node055 (pshm node 42 of 56, process  85 of 112, pid=26595)
UPCR: UPC thread 111 of 112 on node068 (pshm node 55 of 56, process 111 of 112, pid=27358)
UPCR: UPC thread  22 of 112 on node012 (pshm node 11 of 56, process  22 of 112, pid=27030)
UPCR: UPC thread  52 of 112 on node039 (pshm node 26 of 56, process  52 of 112, pid=19725)
UPCR: UPC thread  59 of 112 on node042 (pshm node 29 of 56, process  59 of 112, pid=19545)
UPCR: UPC thread  39 of 112 on node032 (pshm node 19 of 56, process  39 of 112, pid=19517)
UPCR: UPC thread  77 of 112 on node051 (pshm node 38 of 56, process  77 of 112, pid=12461)
UPCR: UPC thread  49 of 112 on node037 (pshm node 24 of 56, process  49 of 112, pid=19820)
UPCR: UPC thread  28 of 112 on node015 (pshm node 14 of 56, process  28 of 112, pid=19494)
UPCR: UPC thread  65 of 112 on node045 (pshm node 32 of 56, process  65 of 112, pid=19663)
UPCR: UPC thread  64 of 112 on node045 (pshm node 32 of 56, process  64 of 112, pid=19680)
UPCR: UPC thread 108 of 112 on node067 (pshm node 54 of 56, process 108 of 112, pid=27267)
UPCR: UPC thread  25 of 112 on node013 (pshm node 12 of 56, process  25 of 112, pid=27114)
UPCR: UPC thread  35 of 112 on node030 (pshm node 17 of 56, process  35 of 112, pid=23497)
UPCR: UPC thread  27 of 112 on node014 (pshm node 13 of 56, process  27 of 112, pid=21889)
UPCR: UPC thread  40 of 112 on node033 (pshm node 20 of 56, process  40 of 112, pid=20043)
UPCR: UPC thread  69 of 112 on node047 (pshm node 34 of 56, process  69 of 112, pid=21930)
UPCR: UPC thread   5 of 112 on node003 (pshm node  2 of 56, process   5 of 112, pid=27031)
UPCR: UPC thread 102 of 112 on node064 (pshm node 51 of 56, process 102 of 112, pid=26825)
UPCR: UPC thread  37 of 112 on node031 (pshm node 18 of 56, process  37 of 112, pid=20003)
UPCR: UPC thread  80 of 112 on node053 (pshm node 40 of 56, process  80 of 112, pid=5548)
UPCR: UPC thread 106 of 112 on node066 (pshm node 53 of 56, process 106 of 112, pid=27343)
UPCR: UPC thread  68 of 112 on node047 (pshm node 34 of 56, process  68 of 112, pid=21913)
UPCR: UPC thread 109 of 112 on node067 (pshm node 54 of 56, process 109 of 112, pid=27266)
UPCR: UPC thread 101 of 112 on node063 (pshm node 50 of 56, process 101 of 112, pid=26948)
UPCR: UPC thread  46 of 112 on node036 (pshm node 23 of 56, process  46 of 112, pid=19927)
UPCR: UPC thread  48 of 112 on node037 (pshm node 24 of 56, process  48 of 112, pid=19843)
UPCR: UPC thread  89 of 112 on node057 (pshm node 44 of 56, process  89 of 112, pid=27088)
UPCR: UPC thread  66 of 112 on node046 (pshm node 33 of 56, process  66 of 112, pid=29040)
UPCR: UPC thread 107 of 112 on node066 (pshm node 53 of 56, process 107 of 112, pid=27360)
UPCR: UPC thread  96 of 112 on node061 (pshm node 48 of 56, process  96 of 112, pid=26864)
UPCR: UPC thread  13 of 112 on node007 (pshm node  6 of 56, process  13 of 112, pid=31573)
UPCR: UPC thread  34 of 112 on node030 (pshm node 17 of 56, process  34 of 112, pid=23478)
UPCR: UPC thread  36 of 112 on node031 (pshm node 18 of 56, process  36 of 112, pid=20027)
UPCR: UPC thread  99 of 112 on node062 (pshm node 49 of 56, process  99 of 112, pid=26789)
UPCR: UPC thread  84 of 112 on node055 (pshm node 42 of 56, process  84 of 112, pid=26578)
UPCR: UPC thread  79 of 112 on node052 (pshm node 39 of 56, process  79 of 112, pid=15410)
UPCR: UPC thread   8 of 112 on node005 (pshm node  4 of 56, process   8 of 112, pid=27029)
UPCR: UPC thread  92 of 112 on node059 (pshm node 46 of 56, process  92 of 112, pid=27328)
UPCR: UPC thread  78 of 112 on node052 (pshm node 39 of 56, process  78 of 112, pid=15393)
UPCR: UPC thread  72 of 112 on node049 (pshm node 36 of 56, process  72 of 112, pid=22013)
UPCR: UPC thread  81 of 112 on node053 (pshm node 40 of 56, process  81 of 112, pid=5565)
UPCR: UPC thread  94 of 112 on node060 (pshm node 47 of 56, process  94 of 112, pid=27389)
UPCR: UPC thread  88 of 112 on node057 (pshm node 44 of 56, process  88 of 112, pid=27087)
UPCR: UPC thread  97 of 112 on node061 (pshm node 48 of 56, process  97 of 112, pid=26840)
UPCR: UPC thread  44 of 112 on node035 (pshm node 22 of 56, process  44 of 112, pid=19830)
UPCR: UPC thread  18 of 112 on node010 (pshm node  9 of 56, process  18 of 112, pid=26817)
UPCR: UPC thread  76 of 112 on node051 (pshm node 38 of 56, process  76 of 112, pid=12473)
UPCR: UPC thread  12 of 112 on node007 (pshm node  6 of 56, process  12 of 112, pid=31597)
UPCR: UPC thread  21 of 112 on node011 (pshm node 10 of 56, process  21 of 112, pid=26822)
UPCR: UPC thread  53 of 112 on node039 (pshm node 26 of 56, process  53 of 112, pid=19701)
UPCR: UPC thread   2 of 112 on node002 (pshm node  1 of 56, process   2 of 112, pid=29087)
UPCR: UPC thread  67 of 112 on node046 (pshm node 33 of 56, process  67 of 112, pid=29023)
UPCR: UPC thread  57 of 112 on node041 (pshm node 28 of 56, process  57 of 112, pid=19478)
UPCR: UPC thread   9 of 112 on node005 (pshm node  4 of 56, process   9 of 112, pid=27053)
UPCR: UPC thread  47 of 112 on node036 (pshm node 23 of 56, process  47 of 112, pid=19910)
UPCR: UPC thread  20 of 112 on node011 (pshm node 10 of 56, process  20 of 112, pid=26828)
UPCR: UPC thread  83 of 112 on node054 (pshm node 41 of 56, process  83 of 112, pid=26662)
UPCR: UPC thread  29 of 112 on node015 (pshm node 14 of 56, process  29 of 112, pid=19518)
UPCR: UPC thread  60 of 112 on node043 (pshm node 30 of 56, process  60 of 112, pid=19424)
UPCR: UPC thread 103 of 112 on node064 (pshm node 51 of 56, process 103 of 112, pid=26805)
UPCR: UPC thread  82 of 112 on node054 (pshm node 41 of 56, process  82 of 112, pid=26645)
UPCR: UPC thread  74 of 112 on node050 (pshm node 37 of 56, process  74 of 112, pid=19564)
UPCR: UPC thread  56 of 112 on node041 (pshm node 28 of 56, process  56 of 112, pid=19499)
UPCR: UPC thread  30 of 112 on node017 (pshm node 15 of 56, process  30 of 112, pid=2376)
UPCR: UPC thread  86 of 112 on node056 (pshm node 43 of 56, process  86 of 112, pid=26639)
UPCR: UPC thread  98 of 112 on node062 (pshm node 49 of 56, process  98 of 112, pid=26806)
UPCR: UPC thread  61 of 112 on node043 (pshm node 30 of 56, process  61 of 112, pid=19407)
UPCR: UPC thread  91 of 112 on node058 (pshm node 45 of 56, process  91 of 112, pid=27357)
UPCR: UPC thread  54 of 112 on node040 (pshm node 27 of 56, process  54 of 112, pid=19476)
UPCR: UPC thread  50 of 112 on node038 (pshm node 25 of 56, process  50 of 112, pid=19545)
UPCR: UPC thread  75 of 112 on node050 (pshm node 37 of 56, process  75 of 112, pid=19541)
UPCR: UPC thread  16 of 112 on node009 (pshm node  8 of 56, process  16 of 112, pid=29276)
UPCR: UPC thread 110 of 112 on node068 (pshm node 55 of 56, process 110 of 112, pid=27341)
UPCR: UPC thread  51 of 112 on node038 (pshm node 25 of 56, process  51 of 112, pid=19521)
UPCR: UPC thread  31 of 112 on node017 (pshm node 15 of 56, process  31 of 112, pid=2359)
UPCR: UPC thread  19 of 112 on node010 (pshm node  9 of 56, process  19 of 112, pid=26793)
UPCR: UPC thread  95 of 112 on node060 (pshm node 47 of 56, process  95 of 112, pid=27406)
UPCR: UPC thread  32 of 112 on node018 (pshm node 16 of 56, process  32 of 112, pid=13175)
UPCR: UPC thread  93 of 112 on node059 (pshm node 46 of 56, process  93 of 112, pid=27351)
UPCR: UPC thread   3 of 112 on node002 (pshm node  1 of 56, process   3 of 112, pid=29066)
UPCR: UPC thread 105 of 112 on node065 (pshm node 52 of 56, process 105 of 112, pid=27335)
UPCR: UPC thread  45 of 112 on node035 (pshm node 22 of 56, process  45 of 112, pid=19847)
UPCR: UPC thread  73 of 112 on node049 (pshm node 36 of 56, process  73 of 112, pid=21999)
UPCR: UPC thread 104 of 112 on node065 (pshm node 52 of 56, process 104 of 112, pid=27345)
0/112 - htable initialized
0/112 - table size: 120259084288 bytes (114688 MB)
0/112 - total number of buckets: 15032385536
0/112 - block size: 1073741824 (1024 MB)
0/112 - number of buckets in block: 134217728
0/112 - number of blocks: 112
108/112 - Performed a throughput benchmark:
108/112 - Performed 2000000 find-or-put operations with random values from [0,...,44799999]
108/112 - Finds: 1581041 (0.79052), Inserts: 418959 (0.20948), Errors: 0 (0)
108/112 - Execution time: 6.82028 seconds
108/112 - Throughput: 293243 ops/sec
109/112 - Performed a throughput benchmark:
109/112 - Performed 2000000 find-or-put operations with random values from [0,...,44799999]
109/112 - Finds: 1581818 (0.790909), Inserts: 418182 (0.209091), Errors: 0 (0)
109/112 - Execution time: 6.83158 seconds
109/112 - Throughput: 292758 ops/sec
91/112 - Performed a throughput benchmark:
91/112 - Performed 2000000 find-or-put operations with random values from [0,...,44799999]
91/112 - Finds: 1581306 (0.790653), Inserts: 418694 (0.209347), Errors: 0 (0)
91/112 - Execution time: 6.80748 seconds
91/112 - Throughput: 293794 ops/sec
90/112 - Performed a throughput benchmark:
90/112 - Performed 2000000 find-or-put operations with random values from [0,...,44799999]
90/112 - Finds: 1581963 (0.790982), Inserts: 418037 (0.209018), Errors: 0 (0)
90/112 - Execution time: 6.81689 seconds
90/112 - Throughput: 293389 ops/sec
83/112 - Performed a throughput benchmark:
83/112 - Performed 2000000 find-or-put operations with random values from [0,...,44799999]
83/112 - Finds: 1581867 (0.790933), Inserts: 418133 (0.209066), Errors: 0 (0)
83/112 - Execution time: 6.82308 seconds
83/112 - Throughput: 293123 ops/sec
82/112 - Performed a throughput benchmark:
82/112 - Performed 2000000 find-or-put operations with random values from [0,...,44799999]
82/112 - Finds: 1582849 (0.791424), Inserts: 417151 (0.208575), Errors: 0 (0)
82/112 - Execution time: 6.80954 seconds
82/112 - Throughput: 293706 ops/sec
81/112 - Performed a throughput benchmark:
81/112 - Performed 2000000 find-or-put operations with random values from [0,...,44799999]
81/112 - Finds: 1582781 (0.79139), Inserts: 417219 (0.20861), Errors: 0 (0)
81/112 - Execution time: 6.82644 seconds
81/112 - Throughput: 292978 ops/sec
84/112 - Performed a throughput benchmark:
84/112 - Performed 2000000 find-or-put operations with random values from [0,...,44799999]
84/112 - Finds: 1582470 (0.791235), Inserts: 417530 (0.208765), Errors: 0 (0)
84/112 - Execution time: 6.82689 seconds
84/112 - Throughput: 292959 ops/sec
85/112 - Performed a throughput benchmark:
85/112 - Performed 2000000 find-or-put operations with random values from [0,...,44799999]
85/112 - Finds: 1582518 (0.791259), Inserts: 417482 (0.208741), Errors: 0 (0)
85/112 - Execution time: 6.82629 seconds
85/112 - Throughput: 292985 ops/sec
98/112 - Performed a throughput benchmark:
98/112 - Performed 2000000 find-or-put operations with random values from [0,...,44799999]
98/112 - Finds: 1582479 (0.791239), Inserts: 417521 (0.20876), Errors: 0 (0)
98/112 - Execution time: 6.83133 seconds
98/112 - Throughput: 292769 ops/sec
97/112 - Performed a throughput benchmark:
97/112 - Performed 2000000 find-or-put operations with random values from [0,...,44799999]
97/112 - Finds: 1583013 (0.791507), Inserts: 416987 (0.208493), Errors: 0 (0)
97/112 - Execution time: 6.84406 seconds
97/112 - Throughput: 292224 ops/sec
80/112 - Performed a throughput benchmark:
80/112 - Performed 2000000 find-or-put operations with random values from [0,...,44799999]
80/112 - Finds: 1583154 (0.791577), Inserts: 416846 (0.208423), Errors: 0 (0)
80/112 - Execution time: 6.83306 seconds
80/112 - Throughput: 292695 ops/sec
104/112 - Performed a throughput benchmark:
104/112 - Performed 2000000 find-or-put operations with random values from [0,...,44799999]
104/112 - Finds: 1582268 (0.791134), Inserts: 417732 (0.208866), Errors: 0 (0)
104/112 - Execution time: 6.82719 seconds
104/112 - Throughput: 292946 ops/sec
88/112 - Performed a throughput benchmark:
88/112 - Performed 2000000 find-or-put operations with random values from [0,...,44799999]
88/112 - Finds: 1582473 (0.791237), Inserts: 417527 (0.208763), Errors: 0 (0)
88/112 - Execution time: 6.83629 seconds
88/112 - Throughput: 292557 ops/sec
93/112 - Performed a throughput benchmark:
93/112 - Performed 2000000 find-or-put operations with random values from [0,...,44799999]
93/112 - Finds: 1584090 (0.792045), Inserts: 415910 (0.207955), Errors: 0 (0)
93/112 - Execution time: 6.85321 seconds
93/112 - Throughput: 291834 ops/sec
96/112 - Performed a throughput benchmark:
96/112 - Performed 2000000 find-or-put operations with random values from [0,...,44799999]
96/112 - Finds: 1582587 (0.791293), Inserts: 417413 (0.208706), Errors: 0 (0)
96/112 - Execution time: 6.85971 seconds
96/112 - Throughput: 291557 ops/sec
99/112 - Performed a throughput benchmark:
99/112 - Performed 2000000 find-or-put operations with random values from [0,...,44799999]
99/112 - Finds: 1582451 (0.791226), Inserts: 417549 (0.208775), Errors: 0 (0)
99/112 - Execution time: 6.83806 seconds
99/112 - Throughput: 292481 ops/sec
101/112 - Performed a throughput benchmark:
101/112 - Performed 2000000 find-or-put operations with random values from [0,...,44799999]
101/112 - Finds: 1583375 (0.791687), Inserts: 416625 (0.208313), Errors: 0 (0)
101/112 - Execution time: 6.82649 seconds
101/112 - Throughput: 292976 ops/sec
106/112 - Performed a throughput benchmark:
106/112 - Performed 2000000 find-or-put operations with random values from [0,...,44799999]
106/112 - Finds: 1583467 (0.791733), Inserts: 416533 (0.208266), Errors: 0 (0)
106/112 - Execution time: 6.83205 seconds
106/112 - Throughput: 292738 ops/sec
100/112 - Performed a throughput benchmark:
100/112 - Performed 2000000 find-or-put operations with random values from [0,...,44799999]
100/112 - Finds: 1582967 (0.791484), Inserts: 417033 (0.208516), Errors: 0 (0)
100/112 - Execution time: 6.82886 seconds
100/112 - Throughput: 292875 ops/sec
89/112 - Performed a throughput benchmark:
89/112 - Performed 2000000 find-or-put operations with random values from [0,...,44799999]
89/112 - Finds: 1583905 (0.791952), Inserts: 416095 (0.208047), Errors: 0 (0)
89/112 - Execution time: 6.84331 seconds
89/112 - Throughput: 292256 ops/sec
94/112 - Performed a throughput benchmark:
94/112 - Performed 2000000 find-or-put operations with random values from [0,...,44799999]
94/112 - Finds: 1584010 (0.792005), Inserts: 415990 (0.207995), Errors: 0 (0)
94/112 - Execution time: 6.83826 seconds
94/112 - Throughput: 292472 ops/sec
105/112 - Performed a throughput benchmark:
105/112 - Performed 2000000 find-or-put operations with random values from [0,...,44799999]
105/112 - Finds: 1582935 (0.791467), Inserts: 417065 (0.208533), Errors: 0 (0)
105/112 - Execution time: 6.84407 seconds
105/112 - Throughput: 292224 ops/sec
92/112 - Performed a throughput benchmark:
92/112 - Performed 2000000 find-or-put operations with random values from [0,...,44799999]
92/112 - Finds: 1584104 (0.792052), Inserts: 415896 (0.207948), Errors: 0 (0)
92/112 - Execution time: 6.8508 seconds
92/112 - Throughput: 291937 ops/sec
103/112 - Performed a throughput benchmark:
103/112 - Performed 2000000 find-or-put operations with random values from [0,...,44799999]
103/112 - Finds: 1582509 (0.791254), Inserts: 417491 (0.208746), Errors: 0 (0)
103/112 - Execution time: 6.85631 seconds
103/112 - Throughput: 291702 ops/sec
102/112 - Performed a throughput benchmark:
102/112 - Performed 2000000 find-or-put operations with random values from [0,...,44799999]
102/112 - Finds: 1583774 (0.791887), Inserts: 416226 (0.208113), Errors: 0 (0)
102/112 - Execution time: 6.87664 seconds
102/112 - Throughput: 290840 ops/sec
86/112 - Performed a throughput benchmark:
86/112 - Performed 2000000 find-or-put operations with random values from [0,...,44799999]
86/112 - Finds: 1583365 (0.791682), Inserts: 416635 (0.208317), Errors: 0 (0)
86/112 - Execution time: 6.86291 seconds
86/112 - Throughput: 291421 ops/sec
107/112 - Performed a throughput benchmark:
107/112 - Performed 2000000 find-or-put operations with random values from [0,...,44799999]
107/112 - Finds: 1583437 (0.791718), Inserts: 416563 (0.208282), Errors: 0 (0)
107/112 - Execution time: 6.84248 seconds
107/112 - Throughput: 292292 ops/sec
87/112 - Performed a throughput benchmark:
87/112 - Performed 2000000 find-or-put operations with random values from [0,...,44799999]
87/112 - Finds: 1583011 (0.791505), Inserts: 416989 (0.208494), Errors: 0 (0)
87/112 - Execution time: 6.86891 seconds
87/112 - Throughput: 291167 ops/sec
111/112 - Performed a throughput benchmark:
111/112 - Performed 2000000 find-or-put operations with random values from [0,...,44799999]
111/112 - Finds: 1585832 (0.792916), Inserts: 414168 (0.207084), Errors: 0 (0)
111/112 - Execution time: 6.90606 seconds
111/112 - Throughput: 289601 ops/sec
110/112 - Performed a throughput benchmark:
110/112 - Performed 2000000 find-or-put operations with random values from [0,...,44799999]
110/112 - Finds: 1586931 (0.793466), Inserts: 413069 (0.206535), Errors: 0 (0)
110/112 - Execution time: 6.93016 seconds
110/112 - Throughput: 288593 ops/sec
95/112 - Performed a throughput benchmark:
95/112 - Performed 2000000 find-or-put operations with random values from [0,...,44799999]
95/112 - Finds: 1588048 (0.794024), Inserts: 411952 (0.205976), Errors: 0 (0)
95/112 - Execution time: 6.92533 seconds
95/112 - Throughput: 288795 ops/sec
18/112 - Performed a throughput benchmark:
18/112 - Performed 2000000 find-or-put operations with random values from [0,...,44799999]
18/112 - Finds: 1590851 (0.795426), Inserts: 409149 (0.204574), Errors: 0 (0)
18/112 - Execution time: 6.95765 seconds
18/112 - Throughput: 287453 ops/sec
26/112 - Performed a throughput benchmark:
26/112 - Performed 2000000 find-or-put operations with random values from [0,...,44799999]
26/112 - Finds: 1591943 (0.795972), Inserts: 408057 (0.204029), Errors: 0 (0)
26/112 - Execution time: 6.97372 seconds
26/112 - Throughput: 286791 ops/sec
29/112 - Performed a throughput benchmark:
29/112 - Performed 2000000 find-or-put operations with random values from [0,...,44799999]
29/112 - Finds: 1592054 (0.796027), Inserts: 407946 (0.203973), Errors: 0 (0)
29/112 - Execution time: 6.98528 seconds
29/112 - Throughput: 286316 ops/sec
19/112 - Performed a throughput benchmark:
19/112 - Performed 2000000 find-or-put operations with random values from [0,...,44799999]
19/112 - Finds: 1591574 (0.795787), Inserts: 408426 (0.204213), Errors: 0 (0)
19/112 - Execution time: 6.96328 seconds
19/112 - Throughput: 287221 ops/sec
21/112 - Performed a throughput benchmark:
21/112 - Performed 2000000 find-or-put operations with random values from [0,...,44799999]
21/112 - Finds: 1591786 (0.795893), Inserts: 408214 (0.204107), Errors: 0 (0)
21/112 - Execution time: 6.9717 seconds
21/112 - Throughput: 286874 ops/sec
32/112 - Performed a throughput benchmark:
32/112 - Performed 2000000 find-or-put operations with random values from [0,...,44799999]
32/112 - Finds: 1592228 (0.796114), Inserts: 407772 (0.203886), Errors: 0 (0)
32/112 - Execution time: 6.99339 seconds
32/112 - Throughput: 285984 ops/sec
16/112 - Performed a throughput benchmark:
16/112 - Performed 2000000 find-or-put operations with random values from [0,...,44799999]
16/112 - Finds: 1590936 (0.795468), Inserts: 409064 (0.204532), Errors: 0 (0)
16/112 - Execution time: 6.96352 seconds
16/112 - Throughput: 287211 ops/sec
52/112 - Performed a throughput benchmark:
52/112 - Performed 2000000 find-or-put operations with random values from [0,...,44799999]
52/112 - Finds: 1593278 (0.796639), Inserts: 406722 (0.203361), Errors: 0 (0)
52/112 - Execution time: 6.99999 seconds
52/112 - Throughput: 285715 ops/sec
20/112 - Performed a throughput benchmark:
20/112 - Performed 2000000 find-or-put operations with random values from [0,...,44799999]
20/112 - Finds: 1591072 (0.795536), Inserts: 408928 (0.204464), Errors: 0 (0)
20/112 - Execution time: 6.95662 seconds
20/112 - Throughput: 287496 ops/sec
22/112 - Performed a throughput benchmark:
22/112 - Performed 2000000 find-or-put operations with random values from [0,...,44799999]
22/112 - Finds: 1592266 (0.796133), Inserts: 407734 (0.203867), Errors: 0 (0)
22/112 - Execution time: 6.98503 seconds
22/112 - Throughput: 286327 ops/sec
27/112 - Performed a throughput benchmark:
27/112 - Performed 2000000 find-or-put operations with random values from [0,...,44799999]
27/112 - Finds: 1592557 (0.796279), Inserts: 407443 (0.203721), Errors: 0 (0)
27/112 - Execution time: 6.98953 seconds
27/112 - Throughput: 286142 ops/sec
36/112 - Performed a throughput benchmark:
36/112 - Performed 2000000 find-or-put operations with random values from [0,...,44799999]
36/112 - Finds: 1592828 (0.796414), Inserts: 407172 (0.203586), Errors: 0 (0)
36/112 - Execution time: 7.01433 seconds
36/112 - Throughput: 285131 ops/sec
55/112 - Performed a throughput benchmark:
55/112 - Performed 2000000 find-or-put operations with random values from [0,...,44799999]
55/112 - Finds: 1593907 (0.796953), Inserts: 406093 (0.203046), Errors: 0 (0)
55/112 - Execution time: 7.00567 seconds
55/112 - Throughput: 285483 ops/sec
42/112 - Performed a throughput benchmark:
42/112 - Performed 2000000 find-or-put operations with random values from [0,...,44799999]
42/112 - Finds: 1593104 (0.796552), Inserts: 406896 (0.203448), Errors: 0 (0)
42/112 - Execution time: 6.99786 seconds
42/112 - Throughput: 285802 ops/sec
33/112 - Performed a throughput benchmark:
33/112 - Performed 2000000 find-or-put operations with random values from [0,...,44799999]
33/112 - Finds: 1591820 (0.79591), Inserts: 408180 (0.20409), Errors: 0 (0)
33/112 - Execution time: 6.99433 seconds
33/112 - Throughput: 285946 ops/sec
28/112 - Performed a throughput benchmark:
28/112 - Performed 2000000 find-or-put operations with random values from [0,...,44799999]
28/112 - Finds: 1592576 (0.796288), Inserts: 407424 (0.203712), Errors: 0 (0)
28/112 - Execution time: 7.00305 seconds
28/112 - Throughput: 285590 ops/sec
23/112 - Performed a throughput benchmark:
23/112 - Performed 2000000 find-or-put operations with random values from [0,...,44799999]
23/112 - Finds: 1591372 (0.795686), Inserts: 408628 (0.204314), Errors: 0 (0)
23/112 - Execution time: 6.96472 seconds
23/112 - Throughput: 287162 ops/sec
64/112 - Performed a throughput benchmark:
64/112 - Performed 2000000 find-or-put operations with random values from [0,...,44799999]
64/112 - Finds: 1593427 (0.796713), Inserts: 406573 (0.203287), Errors: 0 (0)
64/112 - Execution time: 7.00613 seconds
64/112 - Throughput: 285464 ops/sec
15/112 - Performed a throughput benchmark:
15/112 - Performed 2000000 find-or-put operations with random values from [0,...,44799999]
15/112 - Finds: 1591487 (0.795744), Inserts: 408513 (0.204257), Errors: 0 (0)
15/112 - Execution time: 6.98712 seconds
15/112 - Throughput: 286241 ops/sec
17/112 - Performed a throughput benchmark:
17/112 - Performed 2000000 find-or-put operations with random values from [0,...,44799999]
17/112 - Finds: 1592249 (0.796125), Inserts: 407751 (0.203875), Errors: 0 (0)
17/112 - Execution time: 6.98106 seconds
17/112 - Throughput: 286489 ops/sec
43/112 - Performed a throughput benchmark:
43/112 - Performed 2000000 find-or-put operations with random values from [0,...,44799999]
43/112 - Finds: 1592733 (0.796366), Inserts: 407267 (0.203633), Errors: 0 (0)
43/112 - Execution time: 6.99751 seconds
43/112 - Throughput: 285816 ops/sec
63/112 - Performed a throughput benchmark:
63/112 - Performed 2000000 find-or-put operations with random values from [0,...,44799999]
63/112 - Finds: 1593330 (0.796665), Inserts: 406670 (0.203335), Errors: 0 (0)
63/112 - Execution time: 6.99217 seconds
63/112 - Throughput: 286034 ops/sec
62/112 - Performed a throughput benchmark:
62/112 - Performed 2000000 find-or-put operations with random values from [0,...,44799999]
62/112 - Finds: 1592924 (0.796462), Inserts: 407076 (0.203538), Errors: 0 (0)
62/112 - Execution time: 7.00013 seconds
62/112 - Throughput: 285709 ops/sec
46/112 - Performed a throughput benchmark:
46/112 - Performed 2000000 find-or-put operations with random values from [0,...,44799999]
46/112 - Finds: 1592922 (0.796461), Inserts: 407078 (0.203539), Errors: 0 (0)
46/112 - Execution time: 7.00542 seconds
46/112 - Throughput: 285493 ops/sec
61/112 - Performed a throughput benchmark:
61/112 - Performed 2000000 find-or-put operations with random values from [0,...,44799999]
61/112 - Finds: 1592523 (0.796261), Inserts: 407477 (0.203738), Errors: 0 (0)
61/112 - Execution time: 6.99883 seconds
61/112 - Throughput: 285762 ops/sec
25/112 - Performed a throughput benchmark:
25/112 - Performed 2000000 find-or-put operations with random values from [0,...,44799999]
25/112 - Finds: 1592017 (0.796009), Inserts: 407983 (0.203991), Errors: 0 (0)
25/112 - Execution time: 7.01901 seconds
25/112 - Throughput: 284941 ops/sec
59/112 - Performed a throughput benchmark:
59/112 - Performed 2000000 find-or-put operations with random values from [0,...,44799999]
59/112 - Finds: 1594235 (0.797118), Inserts: 405765 (0.202882), Errors: 0 (0)
59/112 - Execution time: 7.01981 seconds
59/112 - Throughput: 284908 ops/sec
44/112 - Performed a throughput benchmark:
44/112 - Performed 2000000 find-or-put operations with random values from [0,...,44799999]
44/112 - Finds: 1593401 (0.796701), Inserts: 406599 (0.203299), Errors: 0 (0)
44/112 - Execution time: 7.0279 seconds
44/112 - Throughput: 284580 ops/sec
37/112 - Performed a throughput benchmark:
37/112 - Performed 2000000 find-or-put operations with random values from [0,...,44799999]
37/112 - Finds: 1593311 (0.796655), Inserts: 406689 (0.203345), Errors: 0 (0)
37/112 - Execution time: 7.00387 seconds
37/112 - Throughput: 285557 ops/sec
48/112 - Performed a throughput benchmark:
48/112 - Performed 2000000 find-or-put operations with random values from [0,...,44799999]
48/112 - Finds: 1594238 (0.797119), Inserts: 405762 (0.202881), Errors: 0 (0)
48/112 - Execution time: 7.01267 seconds
48/112 - Throughput: 285198 ops/sec
24/112 - Performed a throughput benchmark:
24/112 - Performed 2000000 find-or-put operations with random values from [0,...,44799999]
24/112 - Finds: 1592801 (0.7964), Inserts: 407199 (0.203599), Errors: 0 (0)
24/112 - Execution time: 7.02133 seconds
24/112 - Throughput: 284846 ops/sec
14/112 - Performed a throughput benchmark:
14/112 - Performed 2000000 find-or-put operations with random values from [0,...,44799999]
14/112 - Finds: 1591988 (0.795994), Inserts: 408012 (0.204006), Errors: 0 (0)
14/112 - Execution time: 6.99083 seconds
14/112 - Throughput: 286089 ops/sec
60/112 - Performed a throughput benchmark:
60/112 - Performed 2000000 find-or-put operations with random values from [0,...,44799999]
60/112 - Finds: 1592724 (0.796362), Inserts: 407276 (0.203638), Errors: 0 (0)
60/112 - Execution time: 7.01004 seconds
60/112 - Throughput: 285305 ops/sec
47/112 - Performed a throughput benchmark:
47/112 - Performed 2000000 find-or-put operations with random values from [0,...,44799999]
47/112 - Finds: 1592507 (0.796253), Inserts: 407493 (0.203746), Errors: 0 (0)
47/112 - Execution time: 7.00445 seconds
47/112 - Throughput: 285533 ops/sec
65/112 - Performed a throughput benchmark:
65/112 - Performed 2000000 find-or-put operations with random values from [0,...,44799999]
65/112 - Finds: 1593722 (0.796861), Inserts: 406278 (0.203139), Errors: 0 (0)
65/112 - Execution time: 7.02807 seconds
65/112 - Throughput: 284573 ops/sec
58/112 - Performed a throughput benchmark:
58/112 - Performed 2000000 find-or-put operations with random values from [0,...,44799999]
58/112 - Finds: 1594555 (0.797277), Inserts: 405445 (0.202722), Errors: 0 (0)
58/112 - Execution time: 7.02006 seconds
58/112 - Throughput: 284898 ops/sec
38/112 - Performed a throughput benchmark:
38/112 - Performed 2000000 find-or-put operations with random values from [0,...,44799999]
38/112 - Finds: 1593350 (0.796675), Inserts: 406650 (0.203325), Errors: 0 (0)
38/112 - Execution time: 7.02876 seconds
38/112 - Throughput: 284545 ops/sec
40/112 - Performed a throughput benchmark:
40/112 - Performed 2000000 find-or-put operations with random values from [0,...,44799999]
40/112 - Finds: 1594187 (0.797094), Inserts: 405813 (0.202906), Errors: 0 (0)
40/112 - Execution time: 7.01864 seconds
40/112 - Throughput: 284955 ops/sec
49/112 - Performed a throughput benchmark:
49/112 - Performed 2000000 find-or-put operations with random values from [0,...,44799999]
49/112 - Finds: 1592699 (0.79635), Inserts: 407301 (0.203651), Errors: 0 (0)
49/112 - Execution time: 7.02044 seconds
49/112 - Throughput: 284882 ops/sec
34/112 - Performed a throughput benchmark:
34/112 - Performed 2000000 find-or-put operations with random values from [0,...,44799999]
34/112 - Finds: 1593967 (0.796983), Inserts: 406033 (0.203016), Errors: 0 (0)
34/112 - Execution time: 7.03475 seconds
34/112 - Throughput: 284303 ops/sec
30/112 - Performed a throughput benchmark:
30/112 - Performed 2000000 find-or-put operations with random values from [0,...,44799999]
30/112 - Finds: 1592885 (0.796443), Inserts: 407115 (0.203558), Errors: 0 (0)
30/112 - Execution time: 7.02819 seconds
30/112 - Throughput: 284568 ops/sec
41/112 - Performed a throughput benchmark:
41/112 - Performed 2000000 find-or-put operations with random values from [0,...,44799999]
41/112 - Finds: 1593978 (0.796989), Inserts: 406022 (0.203011), Errors: 0 (0)
41/112 - Execution time: 7.01897 seconds
41/112 - Throughput: 284942 ops/sec
56/112 - Performed a throughput benchmark:
56/112 - Performed 2000000 find-or-put operations with random values from [0,...,44799999]
56/112 - Finds: 1595148 (0.797574), Inserts: 404852 (0.202426), Errors: 0 (0)
56/112 - Execution time: 7.04211 seconds
56/112 - Throughput: 284006 ops/sec
53/112 - Performed a throughput benchmark:
53/112 - Performed 2000000 find-or-put operations with random values from [0,...,44799999]
53/112 - Finds: 1594614 (0.797307), Inserts: 405386 (0.202693), Errors: 0 (0)
53/112 - Execution time: 7.01027 seconds
53/112 - Throughput: 285296 ops/sec
35/112 - Performed a throughput benchmark:
35/112 - Performed 2000000 find-or-put operations with random values from [0,...,44799999]
35/112 - Finds: 1592667 (0.796334), Inserts: 407333 (0.203667), Errors: 0 (0)
35/112 - Execution time: 7.01937 seconds
35/112 - Throughput: 284926 ops/sec
31/112 - Performed a throughput benchmark:
31/112 - Performed 2000000 find-or-put operations with random values from [0,...,44799999]
31/112 - Finds: 1594542 (0.797271), Inserts: 405458 (0.202729), Errors: 0 (0)
31/112 - Execution time: 7.04499 seconds
31/112 - Throughput: 283890 ops/sec
57/112 - Performed a throughput benchmark:
57/112 - Performed 2000000 find-or-put operations with random values from [0,...,44799999]
57/112 - Finds: 1594386 (0.797193), Inserts: 405614 (0.202807), Errors: 0 (0)
57/112 - Execution time: 7.04059 seconds
57/112 - Throughput: 284067 ops/sec
54/112 - Performed a throughput benchmark:
54/112 - Performed 2000000 find-or-put operations with random values from [0,...,44799999]
54/112 - Finds: 1593828 (0.796914), Inserts: 406172 (0.203086), Errors: 0 (0)
54/112 - Execution time: 7.01859 seconds
54/112 - Throughput: 284958 ops/sec
45/112 - Performed a throughput benchmark:
45/112 - Performed 2000000 find-or-put operations with random values from [0,...,44799999]
45/112 - Finds: 1593901 (0.796951), Inserts: 406099 (0.203049), Errors: 0 (0)
45/112 - Execution time: 7.02754 seconds
45/112 - Throughput: 284594 ops/sec
39/112 - Performed a throughput benchmark:
39/112 - Performed 2000000 find-or-put operations with random values from [0,...,44799999]
39/112 - Finds: 1594988 (0.797494), Inserts: 405012 (0.202506), Errors: 0 (0)
39/112 - Execution time: 7.02295 seconds
39/112 - Throughput: 284780 ops/sec
51/112 - Performed a throughput benchmark:
51/112 - Performed 2000000 find-or-put operations with random values from [0,...,44799999]
51/112 - Finds: 1594974 (0.797487), Inserts: 405026 (0.202513), Errors: 0 (0)
51/112 - Execution time: 7.04485 seconds
51/112 - Throughput: 283895 ops/sec
50/112 - Performed a throughput benchmark:
50/112 - Performed 2000000 find-or-put operations with random values from [0,...,44799999]
50/112 - Finds: 1593023 (0.796512), Inserts: 406977 (0.203488), Errors: 0 (0)
50/112 - Execution time: 7.03483 seconds
50/112 - Throughput: 284300 ops/sec
76/112 - Performed a throughput benchmark:
76/112 - Performed 2000000 find-or-put operations with random values from [0,...,44799999]
76/112 - Finds: 1634390 (0.817195), Inserts: 365610 (0.182805), Errors: 0 (0)
76/112 - Execution time: 7.75779 seconds
76/112 - Throughput: 257805 ops/sec
72/112 - Performed a throughput benchmark:
72/112 - Performed 2000000 find-or-put operations with random values from [0,...,44799999]
72/112 - Finds: 1636425 (0.818213), Inserts: 363575 (0.181787), Errors: 0 (0)
72/112 - Execution time: 7.76125 seconds
72/112 - Throughput: 257690 ops/sec
74/112 - Performed a throughput benchmark:
74/112 - Performed 2000000 find-or-put operations with random values from [0,...,44799999]
74/112 - Finds: 1638828 (0.819414), Inserts: 361172 (0.180586), Errors: 0 (0)
74/112 - Execution time: 7.87055 seconds
74/112 - Throughput: 254112 ops/sec
79/112 - Performed a throughput benchmark:
79/112 - Performed 2000000 find-or-put operations with random values from [0,...,44799999]
79/112 - Finds: 1638761 (0.81938), Inserts: 361239 (0.180619), Errors: 0 (0)
79/112 - Execution time: 7.87158 seconds
79/112 - Throughput: 254078 ops/sec
68/112 - Performed a throughput benchmark:
68/112 - Performed 2000000 find-or-put operations with random values from [0,...,44799999]
68/112 - Finds: 1639711 (0.819855), Inserts: 360289 (0.180145), Errors: 0 (0)
68/112 - Execution time: 7.90069 seconds
68/112 - Throughput: 253142 ops/sec
73/112 - Performed a throughput benchmark:
73/112 - Performed 2000000 find-or-put operations with random values from [0,...,44799999]
73/112 - Finds: 1641775 (0.820887), Inserts: 358225 (0.179113), Errors: 0 (0)
73/112 - Execution time: 7.90506 seconds
73/112 - Throughput: 253003 ops/sec
78/112 - Performed a throughput benchmark:
78/112 - Performed 2000000 find-or-put operations with random values from [0,...,44799999]
78/112 - Finds: 1640050 (0.820025), Inserts: 359950 (0.179975), Errors: 0 (0)
78/112 - Execution time: 7.89164 seconds
78/112 - Throughput: 253433 ops/sec
75/112 - Performed a throughput benchmark:
75/112 - Performed 2000000 find-or-put operations with random values from [0,...,44799999]
75/112 - Finds: 1639331 (0.819666), Inserts: 360669 (0.180335), Errors: 0 (0)
75/112 - Execution time: 7.88576 seconds
75/112 - Throughput: 253622 ops/sec
69/112 - Performed a throughput benchmark:
69/112 - Performed 2000000 find-or-put operations with random values from [0,...,44799999]
69/112 - Finds: 1640010 (0.820005), Inserts: 359990 (0.179995), Errors: 0 (0)
69/112 - Execution time: 7.89521 seconds
69/112 - Throughput: 253318 ops/sec
77/112 - Performed a throughput benchmark:
77/112 - Performed 2000000 find-or-put operations with random values from [0,...,44799999]
77/112 - Finds: 1640405 (0.820202), Inserts: 359595 (0.179797), Errors: 0 (0)
77/112 - Execution time: 7.90756 seconds
77/112 - Throughput: 252923 ops/sec
70/112 - Performed a throughput benchmark:
70/112 - Performed 2000000 find-or-put operations with random values from [0,...,44799999]
70/112 - Finds: 1642029 (0.821014), Inserts: 357971 (0.178985), Errors: 0 (0)
70/112 - Execution time: 7.92517 seconds
70/112 - Throughput: 252361 ops/sec
66/112 - Performed a throughput benchmark:
66/112 - Performed 2000000 find-or-put operations with random values from [0,...,44799999]
66/112 - Finds: 1642709 (0.821354), Inserts: 357291 (0.178646), Errors: 0 (0)
66/112 - Execution time: 7.92178 seconds
66/112 - Throughput: 252468 ops/sec
67/112 - Performed a throughput benchmark:
67/112 - Performed 2000000 find-or-put operations with random values from [0,...,44799999]
67/112 - Finds: 1642975 (0.821488), Inserts: 357025 (0.178512), Errors: 0 (0)
67/112 - Execution time: 7.95156 seconds
67/112 - Throughput: 251523 ops/sec
3/112 - Performed a throughput benchmark:
3/112 - Performed 2000000 find-or-put operations with random values from [0,...,44799999]
3/112 - Finds: 1645158 (0.822579), Inserts: 354842 (0.177421), Errors: 0 (0)
3/112 - Execution time: 8.0019 seconds
3/112 - Throughput: 249941 ops/sec
71/112 - Performed a throughput benchmark:
71/112 - Performed 2000000 find-or-put operations with random values from [0,...,44799999]
71/112 - Finds: 1643305 (0.821653), Inserts: 356695 (0.178347), Errors: 0 (0)
71/112 - Execution time: 7.96622 seconds
71/112 - Throughput: 251060 ops/sec
2/112 - Performed a throughput benchmark:
2/112 - Performed 2000000 find-or-put operations with random values from [0,...,44799999]
2/112 - Finds: 1645449 (0.822724), Inserts: 354551 (0.177276), Errors: 0 (0)
2/112 - Execution time: 8.00942 seconds
2/112 - Throughput: 249706 ops/sec
9/112 - Performed a throughput benchmark:
9/112 - Performed 2000000 find-or-put operations with random values from [0,...,44799999]
9/112 - Finds: 1645708 (0.822854), Inserts: 354292 (0.177146), Errors: 0 (0)
9/112 - Execution time: 8.01957 seconds
9/112 - Throughput: 249390 ops/sec
7/112 - Performed a throughput benchmark:
7/112 - Performed 2000000 find-or-put operations with random values from [0,...,44799999]
7/112 - Finds: 1645567 (0.822784), Inserts: 354433 (0.177216), Errors: 0 (0)
7/112 - Execution time: 8.00833 seconds
7/112 - Throughput: 249740 ops/sec
13/112 - Performed a throughput benchmark:
13/112 - Performed 2000000 find-or-put operations with random values from [0,...,44799999]
13/112 - Finds: 1644918 (0.822459), Inserts: 355082 (0.177541), Errors: 0 (0)
13/112 - Execution time: 8.00839 seconds
13/112 - Throughput: 249738 ops/sec
5/112 - Performed a throughput benchmark:
5/112 - Performed 2000000 find-or-put operations with random values from [0,...,44799999]
5/112 - Finds: 1645474 (0.822737), Inserts: 354526 (0.177263), Errors: 0 (0)
5/112 - Execution time: 8.0224 seconds
5/112 - Throughput: 249302 ops/sec
6/112 - Performed a throughput benchmark:
6/112 - Performed 2000000 find-or-put operations with random values from [0,...,44799999]
6/112 - Finds: 1645321 (0.822661), Inserts: 354679 (0.17734), Errors: 0 (0)
6/112 - Execution time: 8.00769 seconds
6/112 - Throughput: 249760 ops/sec
4/112 - Performed a throughput benchmark:
4/112 - Performed 2000000 find-or-put operations with random values from [0,...,44799999]
4/112 - Finds: 1646710 (0.823355), Inserts: 353290 (0.176645), Errors: 0 (0)
4/112 - Execution time: 8.04158 seconds
4/112 - Throughput: 248707 ops/sec
12/112 - Performed a throughput benchmark:
12/112 - Performed 2000000 find-or-put operations with random values from [0,...,44799999]
12/112 - Finds: 1645183 (0.822592), Inserts: 354817 (0.177408), Errors: 0 (0)
12/112 - Execution time: 8.01716 seconds
12/112 - Throughput: 249465 ops/sec
8/112 - Performed a throughput benchmark:
8/112 - Performed 2000000 find-or-put operations with random values from [0,...,44799999]
8/112 - Finds: 1645098 (0.822549), Inserts: 354902 (0.177451), Errors: 0 (0)
8/112 - Execution time: 8.01991 seconds
8/112 - Throughput: 249379 ops/sec
0/112 - Performed a throughput benchmark:
0/112 - Performed 2000000 find-or-put operations with random values from [0,...,44799999]
0/112 - Finds: 1645825 (0.822913), Inserts: 354175 (0.177088), Errors: 0 (0)
0/112 - Execution time: 8.02366 seconds
0/112 - Throughput: 249263 ops/sec
11/112 - Performed a throughput benchmark:
11/112 - Performed 2000000 find-or-put operations with random values from [0,...,44799999]
11/112 - Finds: 1646499 (0.823249), Inserts: 353501 (0.176751), Errors: 0 (0)
11/112 - Execution time: 8.04163 seconds
11/112 - Throughput: 248706 ops/sec
10/112 - Performed a throughput benchmark:
10/112 - Performed 2000000 find-or-put operations with random values from [0,...,44799999]
10/112 - Finds: 1648301 (0.824151), Inserts: 351699 (0.175849), Errors: 0 (0)
10/112 - Execution time: 8.06334 seconds
10/112 - Throughput: 248036 ops/sec
1/112 - Performed a throughput benchmark:
1/112 - Performed 2000000 find-or-put operations with random values from [0,...,44799999]
1/112 - Finds: 1647554 (0.823777), Inserts: 352446 (0.176223), Errors: 0 (0)
1/112 - Execution time: 8.04007 seconds
1/112 - Throughput: 248754 ops/sec
[1441210316.533939] [node001:1755 :0]         sys.c:719  MXM  WARN  Conflicting CPU frequencies detected, using: 1495.69
