[1441208103.442766] [node001:17559:0]         sys.c:719  MXM  WARN  Conflicting CPU frequencies detected, using: 1599.75
[1441208103.480933] [node001:17559:0]         mxm.c:185  MXM  WARN  The 'ulimit -s' on the system is set to 'unlimited'. This may have negative performance implications. Please set the heap size to the default value (10240) 
[1441208103.440263] [node001:17558:0]         sys.c:719  MXM  WARN  Conflicting CPU frequencies detected, using: 1599.75
[1441208103.486307] [node001:17558:0]         mxm.c:185  MXM  WARN  The 'ulimit -s' on the system is set to 'unlimited'. This may have negative performance implications. Please set the heap size to the default value (10240) 
[1441208103.717818] [node009:23107:0]         sys.c:719  MXM  WARN  Conflicting CPU frequencies detected, using: 1478.06
[1441208103.723888] [node009:23107:0]         mxm.c:185  MXM  WARN  The 'ulimit -s' on the system is set to 'unlimited'. This may have negative performance implications. Please set the heap size to the default value (10240) 
[1441208103.738269] [node002:22925:0]         sys.c:719  MXM  WARN  Conflicting CPU frequencies detected, using: 1795.69
[1441208103.741587] [node002:22925:0]         mxm.c:185  MXM  WARN  The 'ulimit -s' on the system is set to 'unlimited'. This may have negative performance implications. Please set the heap size to the default value (10240) 
[1441208103.736572] [node002:22924:0]         sys.c:719  MXM  WARN  Conflicting CPU frequencies detected, using: 1699.31
[1441208103.739985] [node002:22924:0]         mxm.c:185  MXM  WARN  The 'ulimit -s' on the system is set to 'unlimited'. This may have negative performance implications. Please set the heap size to the default value (10240) 
[1441208103.733061] [node006:20205:0]         sys.c:719  MXM  WARN  Conflicting CPU frequencies detected, using: 1496.91
[1441208103.736487] [node006:20205:0]         mxm.c:185  MXM  WARN  The 'ulimit -s' on the system is set to 'unlimited'. This may have negative performance implications. Please set the heap size to the default value (10240) 
[1441208103.739289] [node007:25427:0]         sys.c:719  MXM  WARN  Conflicting CPU frequencies detected, using: 1699.97
[1441208103.742762] [node007:25427:0]         mxm.c:185  MXM  WARN  The 'ulimit -s' on the system is set to 'unlimited'. This may have negative performance implications. Please set the heap size to the default value (10240) 
[1441208103.739130] [node007:25421:0]         sys.c:719  MXM  WARN  Conflicting CPU frequencies detected, using: 1699.97
[1441208103.742665] [node007:25421:0]         mxm.c:185  MXM  WARN  The 'ulimit -s' on the system is set to 'unlimited'. This may have negative performance implications. Please set the heap size to the default value (10240) 
[1441208103.736642] [node005:20868:0]         sys.c:719  MXM  WARN  Conflicting CPU frequencies detected, using: 1596.66
[1441208103.740715] [node005:20868:0]         mxm.c:185  MXM  WARN  The 'ulimit -s' on the system is set to 'unlimited'. This may have negative performance implications. Please set the heap size to the default value (10240) 
[1441208103.766064] [node003:20868:0]         sys.c:719  MXM  WARN  Conflicting CPU frequencies detected, using: 1583.44
[1441208103.769846] [node003:20868:0]         mxm.c:185  MXM  WARN  The 'ulimit -s' on the system is set to 'unlimited'. This may have negative performance implications. Please set the heap size to the default value (10240) 
[1441208103.769797] [node004:20331:0]         sys.c:719  MXM  WARN  Conflicting CPU frequencies detected, using: 1570.31
[1441208103.773412] [node004:20331:0]         mxm.c:185  MXM  WARN  The 'ulimit -s' on the system is set to 'unlimited'. This may have negative performance implications. Please set the heap size to the default value (10240) 
[1441208103.790358] [node003:20885:0]         sys.c:719  MXM  WARN  Conflicting CPU frequencies detected, using: 1600.03
[1441208103.793981] [node003:20885:0]         mxm.c:185  MXM  WARN  The 'ulimit -s' on the system is set to 'unlimited'. This may have negative performance implications. Please set the heap size to the default value (10240) 
[1441208103.867354] [node034:7449 :0]         sys.c:719  MXM  WARN  Conflicting CPU frequencies detected, using: 1494.47
[1441208103.872969] [node034:7449 :0]         mxm.c:185  MXM  WARN  The 'ulimit -s' on the system is set to 'unlimited'. This may have negative performance implications. Please set the heap size to the default value (10240) 
[1441208103.873330] [node033:8172 :0]         sys.c:719  MXM  WARN  Conflicting CPU frequencies detected, using: 1489.88
[1441208103.878792] [node033:8172 :0]         mxm.c:185  MXM  WARN  The 'ulimit -s' on the system is set to 'unlimited'. This may have negative performance implications. Please set the heap size to the default value (10240) 
[1441208103.862748] [node004:20355:0]         sys.c:719  MXM  WARN  Conflicting CPU frequencies detected, using: 1543.88
[1441208103.866463] [node004:20355:0]         mxm.c:185  MXM  WARN  The 'ulimit -s' on the system is set to 'unlimited'. This may have negative performance implications. Please set the heap size to the default value (10240) 
[1441208103.907122] [node040:7637 :0]         sys.c:719  MXM  WARN  Conflicting CPU frequencies detected, using: 1498.88
[1441208103.912683] [node040:7637 :0]         mxm.c:185  MXM  WARN  The 'ulimit -s' on the system is set to 'unlimited'. This may have negative performance implications. Please set the heap size to the default value (10240) 
[1441208103.949357] [node054:14826:0]         sys.c:719  MXM  WARN  Conflicting CPU frequencies detected, using: 1397.62
[1441208103.955154] [node054:14826:0]         mxm.c:185  MXM  WARN  The 'ulimit -s' on the system is set to 'unlimited'. This may have negative performance implications. Please set the heap size to the default value (10240) 
[1441208103.981674] [node039:7871 :0]         sys.c:719  MXM  WARN  Conflicting CPU frequencies detected, using: 1472.16
[1441208103.987431] [node039:7871 :0]         mxm.c:185  MXM  WARN  The 'ulimit -s' on the system is set to 'unlimited'. This may have negative performance implications. Please set the heap size to the default value (10240) 
[1441208103.954720] [node035:8015 :0]         sys.c:719  MXM  WARN  Conflicting CPU frequencies detected, using: 1497.00
[1441208103.958165] [node035:8015 :0]         mxm.c:185  MXM  WARN  The 'ulimit -s' on the system is set to 'unlimited'. This may have negative performance implications. Please set the heap size to the default value (10240) 
[1441208103.955080] [node046:22880:0]         sys.c:719  MXM  WARN  Conflicting CPU frequencies detected, using: 1598.72
[1441208103.958605] [node046:22880:0]         mxm.c:185  MXM  WARN  The 'ulimit -s' on the system is set to 'unlimited'. This may have negative performance implications. Please set the heap size to the default value (10240) 
[1441208103.957683] [node051:6328 :0]         sys.c:719  MXM  WARN  Conflicting CPU frequencies detected, using: 1599.84
[1441208103.961427] [node051:6328 :0]         mxm.c:185  MXM  WARN  The 'ulimit -s' on the system is set to 'unlimited'. This may have negative performance implications. Please set the heap size to the default value (10240) 
[1441208103.954547] [node031:8161 :0]         sys.c:719  MXM  WARN  Conflicting CPU frequencies detected, using: 1598.72
[1441208103.959657] [node031:8161 :0]         mxm.c:185  MXM  WARN  The 'ulimit -s' on the system is set to 'unlimited'. This may have negative performance implications. Please set the heap size to the default value (10240) 
[1441208103.955316] [node043:7574 :0]         sys.c:719  MXM  WARN  Conflicting CPU frequencies detected, using: 1599.94
[1441208103.961315] [node043:7574 :0]         mxm.c:185  MXM  WARN  The 'ulimit -s' on the system is set to 'unlimited'. This may have negative performance implications. Please set the heap size to the default value (10240) 
[1441208103.962227] [node032:7659 :0]         sys.c:719  MXM  WARN  Conflicting CPU frequencies detected, using: 1797.56
[1441208103.969655] [node032:7659 :0]         mxm.c:185  MXM  WARN  The 'ulimit -s' on the system is set to 'unlimited'. This may have negative performance implications. Please set the heap size to the default value (10240) 
[1441208103.989665] [node035:8032 :0]         sys.c:719  MXM  WARN  Conflicting CPU frequencies detected, using: 1698.28
[1441208103.992997] [node035:8032 :0]         mxm.c:185  MXM  WARN  The 'ulimit -s' on the system is set to 'unlimited'. This may have negative performance implications. Please set the heap size to the default value (10240) 
[1441208103.962416] [node032:7658 :0]         sys.c:719  MXM  WARN  Conflicting CPU frequencies detected, using: 1797.56
[1441208103.970386] [node032:7658 :0]         mxm.c:185  MXM  WARN  The 'ulimit -s' on the system is set to 'unlimited'. This may have negative performance implications. Please set the heap size to the default value (10240) 
[1441208104.004673] [node058:15525:0]         sys.c:719  MXM  WARN  Conflicting CPU frequencies detected, using: 2914.50
[1441208104.008247] [node058:15525:0]         mxm.c:185  MXM  WARN  The 'ulimit -s' on the system is set to 'unlimited'. This may have negative performance implications. Please set the heap size to the default value (10240) 
[1441208103.982869] [node031:8178 :0]         sys.c:719  MXM  WARN  Conflicting CPU frequencies detected, using: 1699.31
[1441208103.987818] [node031:8178 :0]         mxm.c:185  MXM  WARN  The 'ulimit -s' on the system is set to 'unlimited'. This may have negative performance implications. Please set the heap size to the default value (10240) 
[1441208103.996817] [node058:15517:0]         sys.c:719  MXM  WARN  Conflicting CPU frequencies detected, using: 2914.50
[1441208104.001540] [node058:15517:0]         mxm.c:185  MXM  WARN  The 'ulimit -s' on the system is set to 'unlimited'. This may have negative performance implications. Please set the heap size to the default value (10240) 
[1441208103.979767] [node042:7721 :0]         sys.c:719  MXM  WARN  Conflicting CPU frequencies detected, using: 1695.56
[1441208103.984750] [node042:7721 :0]         mxm.c:185  MXM  WARN  The 'ulimit -s' on the system is set to 'unlimited'. This may have negative performance implications. Please set the heap size to the default value (10240) 
[1441208103.983122] [node049:15865:0]         sys.c:719  MXM  WARN  Conflicting CPU frequencies detected, using: 1399.97
[1441208103.986810] [node049:15865:0]         mxm.c:185  MXM  WARN  The 'ulimit -s' on the system is set to 'unlimited'. This may have negative performance implications. Please set the heap size to the default value (10240) 
[1441208103.987668] [node042:7729 :0]         sys.c:719  MXM  WARN  Conflicting CPU frequencies detected, using: 1695.56
[1441208103.994343] [node042:7729 :0]         mxm.c:185  MXM  WARN  The 'ulimit -s' on the system is set to 'unlimited'. This may have negative performance implications. Please set the heap size to the default value (10240) 
[1441208103.993202] [node066:15490:0]         sys.c:719  MXM  WARN  Conflicting CPU frequencies detected, using: 2388.09
[1441208103.999649] [node066:15490:0]         mxm.c:185  MXM  WARN  The 'ulimit -s' on the system is set to 'unlimited'. This may have negative performance implications. Please set the heap size to the default value (10240) 
[1441208104.001988] [node065:15519:0]         sys.c:719  MXM  WARN  Conflicting CPU frequencies detected, using: 1824.00
[1441208104.005806] [node065:15519:0]         mxm.c:185  MXM  WARN  The 'ulimit -s' on the system is set to 'unlimited'. This may have negative performance implications. Please set the heap size to the default value (10240) 
[1441208104.001679] [node036:8078 :0]         sys.c:719  MXM  WARN  Conflicting CPU frequencies detected, using: 1798.50
[1441208104.005128] [node036:8078 :0]         mxm.c:185  MXM  WARN  The 'ulimit -s' on the system is set to 'unlimited'. This may have negative performance implications. Please set the heap size to the default value (10240) 
[1441208104.011828] [node036:8092 :0]         sys.c:719  MXM  WARN  Conflicting CPU frequencies detected, using: 1798.50
[1441208104.015562] [node036:8092 :0]         mxm.c:185  MXM  WARN  The 'ulimit -s' on the system is set to 'unlimited'. This may have negative performance implications. Please set the heap size to the default value (10240) 
[1441208103.999744] [node037:7966 :0]         sys.c:719  MXM  WARN  Conflicting CPU frequencies detected, using: 1500.00
[1441208104.003162] [node037:7966 :0]         mxm.c:185  MXM  WARN  The 'ulimit -s' on the system is set to 'unlimited'. This may have negative performance implications. Please set the heap size to the default value (10240) 
[1441208103.997779] [node044:7513 :0]         sys.c:719  MXM  WARN  Conflicting CPU frequencies detected, using: 1599.94
[1441208104.003055] [node044:7513 :0]         mxm.c:185  MXM  WARN  The 'ulimit -s' on the system is set to 'unlimited'. This may have negative performance implications. Please set the heap size to the default value (10240) 
[1441208104.001066] [node048:15853:0]         sys.c:719  MXM  WARN  Conflicting CPU frequencies detected, using: 1597.50
[1441208104.004520] [node048:15853:0]         mxm.c:185  MXM  WARN  The 'ulimit -s' on the system is set to 'unlimited'. This may have negative performance implications. Please set the heap size to the default value (10240) 
[1441208104.006968] [node005:20892:0]         sys.c:719  MXM  WARN  Conflicting CPU frequencies detected, using: 1597.59
[1441208104.010775] [node005:20892:0]         mxm.c:185  MXM  WARN  The 'ulimit -s' on the system is set to 'unlimited'. This may have negative performance implications. Please set the heap size to the default value (10240) 
[1441208104.016034] [node046:22903:0]         sys.c:719  MXM  WARN  Conflicting CPU frequencies detected, using: 1963.88
[1441208104.019508] [node046:22903:0]         mxm.c:185  MXM  WARN  The 'ulimit -s' on the system is set to 'unlimited'. This may have negative performance implications. Please set the heap size to the default value (10240) 
[1441208103.998407] [node008:30936:0]         sys.c:719  MXM  WARN  Conflicting CPU frequencies detected, using: 1797.84
[1441208104.003731] [node008:30936:0]         mxm.c:185  MXM  WARN  The 'ulimit -s' on the system is set to 'unlimited'. This may have negative performance implications. Please set the heap size to the default value (10240) 
[1441208103.997600] [node053:26048:0]         sys.c:719  MXM  WARN  Conflicting CPU frequencies detected, using: 1693.12
[1441208104.003060] [node053:26048:0]         mxm.c:185  MXM  WARN  The 'ulimit -s' on the system is set to 'unlimited'. This may have negative performance implications. Please set the heap size to the default value (10240) 
[1441208103.994015] [node030:11498:0]         sys.c:719  MXM  WARN  Conflicting CPU frequencies detected, using: 1592.91
[1441208103.999663] [node030:11498:0]         mxm.c:185  MXM  WARN  The 'ulimit -s' on the system is set to 'unlimited'. This may have negative performance implications. Please set the heap size to the default value (10240) 
[1441208104.007445] [node063:15098:0]         sys.c:719  MXM  WARN  Conflicting CPU frequencies detected, using: 1500.00
[1441208104.010805] [node063:15098:0]         mxm.c:185  MXM  WARN  The 'ulimit -s' on the system is set to 'unlimited'. This may have negative performance implications. Please set the heap size to the default value (10240) 
[1441208104.017109] [node060:15545:0]         sys.c:719  MXM  WARN  Conflicting CPU frequencies detected, using: 2074.12
[1441208104.021213] [node060:15545:0]         mxm.c:185  MXM  WARN  The 'ulimit -s' on the system is set to 'unlimited'. This may have negative performance implications. Please set the heap size to the default value (10240) 
[1441208104.005591] [node040:7661 :0]         sys.c:719  MXM  WARN  Conflicting CPU frequencies detected, using: 1600.12
[1441208104.011401] [node040:7661 :0]         mxm.c:185  MXM  WARN  The 'ulimit -s' on the system is set to 'unlimited'. This may have negative performance implications. Please set the heap size to the default value (10240) 
[1441208104.021708] [node037:7983 :0]         sys.c:719  MXM  WARN  Conflicting CPU frequencies detected, using: 1599.75
[1441208104.024998] [node037:7983 :0]         mxm.c:185  MXM  WARN  The 'ulimit -s' on the system is set to 'unlimited'. This may have negative performance implications. Please set the heap size to the default value (10240) 
[1441208104.013881] [node068:15517:0]         sys.c:719  MXM  WARN  Conflicting CPU frequencies detected, using: 2371.59
[1441208104.020568] [node068:15517:0]         mxm.c:185  MXM  WARN  The 'ulimit -s' on the system is set to 'unlimited'. This may have negative performance implications. Please set the heap size to the default value (10240) 
[1441208104.006696] [node045:7840 :0]         sys.c:719  MXM  WARN  Conflicting CPU frequencies detected, using: 1794.94
[1441208104.012073] [node045:7840 :0]         mxm.c:185  MXM  WARN  The 'ulimit -s' on the system is set to 'unlimited'. This may have negative performance implications. Please set the heap size to the default value (10240) 
[1441208104.011644] [node066:15500:0]         sys.c:719  MXM  WARN  Conflicting CPU frequencies detected, using: 2388.09
[1441208104.017926] [node066:15500:0]         mxm.c:185  MXM  WARN  The 'ulimit -s' on the system is set to 'unlimited'. This may have negative performance implications. Please set the heap size to the default value (10240) 
[1441208104.049369] [node034:7473 :0]         sys.c:719  MXM  WARN  Conflicting CPU frequencies detected, using: 1447.69
[1441208104.055315] [node034:7473 :0]         mxm.c:185  MXM  WARN  The 'ulimit -s' on the system is set to 'unlimited'. This may have negative performance implications. Please set the heap size to the default value (10240) 
[1441208104.011315] [node047:15776:0]         sys.c:719  MXM  WARN  Conflicting CPU frequencies detected, using: 1583.91
[1441208104.015008] [node047:15776:0]         mxm.c:185  MXM  WARN  The 'ulimit -s' on the system is set to 'unlimited'. This may have negative performance implications. Please set the heap size to the default value (10240) 
[1441208104.011220] [node068:15509:0]         sys.c:719  MXM  WARN  Conflicting CPU frequencies detected, using: 2371.59
[1441208104.018325] [node068:15509:0]         mxm.c:185  MXM  WARN  The 'ulimit -s' on the system is set to 'unlimited'. This may have negative performance implications. Please set the heap size to the default value (10240) 
[1441208104.004062] [node055:14753:0]         sys.c:719  MXM  WARN  Conflicting CPU frequencies detected, using: 1785.47
[1441208104.011715] [node055:14753:0]         mxm.c:185  MXM  WARN  The 'ulimit -s' on the system is set to 'unlimited'. This may have negative performance implications. Please set the heap size to the default value (10240) 
[1441208104.009299] [node062:14971:0]         sys.c:719  MXM  WARN  Conflicting CPU frequencies detected, using: 1698.00
[1441208104.014783] [node062:14971:0]         mxm.c:185  MXM  WARN  The 'ulimit -s' on the system is set to 'unlimited'. This may have negative performance implications. Please set the heap size to the default value (10240) 
[1441208104.033225] [node061:15002:0]         sys.c:719  MXM  WARN  Conflicting CPU frequencies detected, using: 1876.59
[1441208104.036234] [node061:15002:0]         mxm.c:185  MXM  WARN  The 'ulimit -s' on the system is set to 'unlimited'. This may have negative performance implications. Please set the heap size to the default value (10240) 
[1441208104.006709] [node041:7616 :0]         sys.c:719  MXM  WARN  Conflicting CPU frequencies detected, using: 1599.94
[1441208104.011707] [node041:7616 :0]         mxm.c:185  MXM  WARN  The 'ulimit -s' on the system is set to 'unlimited'. This may have negative performance implications. Please set the heap size to the default value (10240) 
[1441208104.002824] [node055:14754:0]         sys.c:719  MXM  WARN  Conflicting CPU frequencies detected, using: 1785.47
[1441208104.009631] [node055:14754:0]         mxm.c:185  MXM  WARN  The 'ulimit -s' on the system is set to 'unlimited'. This may have negative performance implications. Please set the heap size to the default value (10240) 
[1441208104.019289] [node061:14988:0]         sys.c:719  MXM  WARN  Conflicting CPU frequencies detected, using: 1797.38
[1441208104.022711] [node061:14988:0]         mxm.c:185  MXM  WARN  The 'ulimit -s' on the system is set to 'unlimited'. This may have negative performance implications. Please set the heap size to the default value (10240) 
[1441208104.012966] [node059:15485:0]         sys.c:719  MXM  WARN  Conflicting CPU frequencies detected, using: 1518.56
[1441208104.017052] [node059:15485:0]         mxm.c:185  MXM  WARN  The 'ulimit -s' on the system is set to 'unlimited'. This may have negative performance implications. Please set the heap size to the default value (10240) 
[1441208104.014014] [node067:15403:0]         sys.c:719  MXM  WARN  Conflicting CPU frequencies detected, using: 2324.06
[1441208104.020253] [node067:15403:0]         mxm.c:185  MXM  WARN  The 'ulimit -s' on the system is set to 'unlimited'. This may have negative performance implications. Please set the heap size to the default value (10240) 
[1441208104.022525] [node048:15870:0]         sys.c:719  MXM  WARN  Conflicting CPU frequencies detected, using: 1597.50
[1441208104.025942] [node048:15870:0]         mxm.c:185  MXM  WARN  The 'ulimit -s' on the system is set to 'unlimited'. This may have negative performance implications. Please set the heap size to the default value (10240) 
[1441208104.033043] [node060:15557:0]         sys.c:719  MXM  WARN  Conflicting CPU frequencies detected, using: 2074.12
[1441208104.037092] [node060:15557:0]         mxm.c:185  MXM  WARN  The 'ulimit -s' on the system is set to 'unlimited'. This may have negative performance implications. Please set the heap size to the default value (10240) 
[1441208104.024379] [node049:15882:0]         sys.c:719  MXM  WARN  Conflicting CPU frequencies detected, using: 1500.00
[1441208104.028169] [node049:15882:0]         mxm.c:185  MXM  WARN  The 'ulimit -s' on the system is set to 'unlimited'. This may have negative performance implications. Please set the heap size to the default value (10240) 
[1441208104.015315] [node064:14985:0]         sys.c:719  MXM  WARN  Conflicting CPU frequencies detected, using: 1684.22
[1441208104.022267] [node064:14985:0]         mxm.c:185  MXM  WARN  The 'ulimit -s' on the system is set to 'unlimited'. This may have negative performance implications. Please set the heap size to the default value (10240) 
[1441208104.019564] [node052:9255 :0]         sys.c:719  MXM  WARN  Conflicting CPU frequencies detected, using: 1595.72
[1441208104.023080] [node052:9255 :0]         mxm.c:185  MXM  WARN  The 'ulimit -s' on the system is set to 'unlimited'. This may have negative performance implications. Please set the heap size to the default value (10240) 
[1441208104.021024] [node041:7630 :0]         sys.c:719  MXM  WARN  Conflicting CPU frequencies detected, using: 1671.09
[1441208104.026269] [node041:7630 :0]         mxm.c:185  MXM  WARN  The 'ulimit -s' on the system is set to 'unlimited'. This may have negative performance implications. Please set the heap size to the default value (10240) 
[1441208104.019326] [node030:11516:0]         sys.c:719  MXM  WARN  Conflicting CPU frequencies detected, using: 1699.03
[1441208104.024418] [node030:11516:0]         mxm.c:185  MXM  WARN  The 'ulimit -s' on the system is set to 'unlimited'. This may have negative performance implications. Please set the heap size to the default value (10240) 
[1441208104.024398] [node067:15411:0]         sys.c:719  MXM  WARN  Conflicting CPU frequencies detected, using: 2324.06
[1441208104.031864] [node067:15411:0]         mxm.c:185  MXM  WARN  The 'ulimit -s' on the system is set to 'unlimited'. This may have negative performance implications. Please set the heap size to the default value (10240) 
[1441208104.028705] [node059:15497:0]         sys.c:719  MXM  WARN  Conflicting CPU frequencies detected, using: 1518.56
[1441208104.032461] [node059:15497:0]         mxm.c:185  MXM  WARN  The 'ulimit -s' on the system is set to 'unlimited'. This may have negative performance implications. Please set the heap size to the default value (10240) 
[1441208104.022995] [node053:26065:0]         sys.c:719  MXM  WARN  Conflicting CPU frequencies detected, using: 1699.97
[1441208104.029108] [node053:26065:0]         mxm.c:185  MXM  WARN  The 'ulimit -s' on the system is set to 'unlimited'. This may have negative performance implications. Please set the heap size to the default value (10240) 
[1441208104.021058] [node062:14983:0]         sys.c:719  MXM  WARN  Conflicting CPU frequencies detected, using: 1798.78
[1441208104.028342] [node062:14983:0]         mxm.c:185  MXM  WARN  The 'ulimit -s' on the system is set to 'unlimited'. This may have negative performance implications. Please set the heap size to the default value (10240) 
[1441208104.015802] [node064:14981:0]         sys.c:719  MXM  WARN  Conflicting CPU frequencies detected, using: 1684.22
[1441208104.023736] [node064:14981:0]         mxm.c:185  MXM  WARN  The 'ulimit -s' on the system is set to 'unlimited'. This may have negative performance implications. Please set the heap size to the default value (10240) 
[1441208104.022813] [node033:8196 :0]         sys.c:719  MXM  WARN  Conflicting CPU frequencies detected, using: 1785.00
[1441208104.028206] [node033:8196 :0]         mxm.c:185  MXM  WARN  The 'ulimit -s' on the system is set to 'unlimited'. This may have negative performance implications. Please set the heap size to the default value (10240) 
[1441208104.039127] [node063:15115:0]         sys.c:719  MXM  WARN  Conflicting CPU frequencies detected, using: 1599.94
[1441208104.042469] [node063:15115:0]         mxm.c:185  MXM  WARN  The 'ulimit -s' on the system is set to 'unlimited'. This may have negative performance implications. Please set the heap size to the default value (10240) 
[1441208104.023077] [node054:14849:0]         sys.c:719  MXM  WARN  Conflicting CPU frequencies detected, using: 1500.00
[1441208104.028494] [node054:14849:0]         mxm.c:185  MXM  WARN  The 'ulimit -s' on the system is set to 'unlimited'. This may have negative performance implications. Please set the heap size to the default value (10240) 
[1441208104.018438] [node057:15244:0]         sys.c:719  MXM  WARN  Conflicting CPU frequencies detected, using: 1452.47
[1441208104.022572] [node057:15244:0]         mxm.c:185  MXM  WARN  The 'ulimit -s' on the system is set to 'unlimited'. This may have negative performance implications. Please set the heap size to the default value (10240) 
[1441208104.017092] [node056:14826:0]         sys.c:719  MXM  WARN  Conflicting CPU frequencies detected, using: 1698.00
[1441208104.024934] [node056:14826:0]         mxm.c:185  MXM  WARN  The 'ulimit -s' on the system is set to 'unlimited'. This may have negative performance implications. Please set the heap size to the default value (10240) 
[1441208104.017883] [node056:14827:0]         sys.c:719  MXM  WARN  Conflicting CPU frequencies detected, using: 1698.00
[1441208104.025718] [node056:14827:0]         mxm.c:185  MXM  WARN  The 'ulimit -s' on the system is set to 'unlimited'. This may have negative performance implications. Please set the heap size to the default value (10240) 
[1441208104.030895] [node050:13417:0]         sys.c:719  MXM  WARN  Conflicting CPU frequencies detected, using: 1500.00
[1441208104.034387] [node050:13417:0]         mxm.c:185  MXM  WARN  The 'ulimit -s' on the system is set to 'unlimited'. This may have negative performance implications. Please set the heap size to the default value (10240) 
[1441208104.027231] [node038:7692 :0]         sys.c:719  MXM  WARN  Conflicting CPU frequencies detected, using: 1695.00
[1441208104.032561] [node038:7692 :0]         mxm.c:185  MXM  WARN  The 'ulimit -s' on the system is set to 'unlimited'. This may have negative performance implications. Please set the heap size to the default value (10240) 
[1441208104.043404] [node052:9272 :0]         sys.c:719  MXM  WARN  Conflicting CPU frequencies detected, using: 1692.66
[1441208104.046835] [node052:9272 :0]         mxm.c:185  MXM  WARN  The 'ulimit -s' on the system is set to 'unlimited'. This may have negative performance implications. Please set the heap size to the default value (10240) 
[1441208104.044468] [node038:7709 :0]         sys.c:719  MXM  WARN  Conflicting CPU frequencies detected, using: 1799.34
[1441208104.049482] [node038:7709 :0]         mxm.c:185  MXM  WARN  The 'ulimit -s' on the system is set to 'unlimited'. This may have negative performance implications. Please set the heap size to the default value (10240) 
[1441208104.045649] [node050:13431:0]         sys.c:719  MXM  WARN  Conflicting CPU frequencies detected, using: 1596.66
[1441208104.048979] [node050:13431:0]         mxm.c:185  MXM  WARN  The 'ulimit -s' on the system is set to 'unlimited'. This may have negative performance implications. Please set the heap size to the default value (10240) 
[1441208104.043584] [node039:7892 :0]         sys.c:719  MXM  WARN  Conflicting CPU frequencies detected, using: 1599.94
[1441208104.048707] [node039:7892 :0]         mxm.c:185  MXM  WARN  The 'ulimit -s' on the system is set to 'unlimited'. This may have negative performance implications. Please set the heap size to the default value (10240) 
[1441208104.033349] [node009:23131:0]         sys.c:719  MXM  WARN  Conflicting CPU frequencies detected, using: 1488.75
[1441208104.039167] [node009:23131:0]         mxm.c:185  MXM  WARN  The 'ulimit -s' on the system is set to 'unlimited'. This may have negative performance implications. Please set the heap size to the default value (10240) 
[1441208104.056187] [node044:7534 :0]         sys.c:719  MXM  WARN  Conflicting CPU frequencies detected, using: 1782.66
[1441208104.061268] [node044:7534 :0]         mxm.c:185  MXM  WARN  The 'ulimit -s' on the system is set to 'unlimited'. This may have negative performance implications. Please set the heap size to the default value (10240) 
[1441208104.056725] [node043:7598 :0]         sys.c:719  MXM  WARN  Conflicting CPU frequencies detected, using: 1595.25
[1441208104.062001] [node043:7598 :0]         mxm.c:185  MXM  WARN  The 'ulimit -s' on the system is set to 'unlimited'. This may have negative performance implications. Please set the heap size to the default value (10240) 
[1441208104.067473] [node057:15261:0]         sys.c:719  MXM  WARN  Conflicting CPU frequencies detected, using: 1599.94
[1441208104.071390] [node057:15261:0]         mxm.c:185  MXM  WARN  The 'ulimit -s' on the system is set to 'unlimited'. This may have negative performance implications. Please set the heap size to the default value (10240) 
[1441208104.075039] [node065:15542:0]         sys.c:719  MXM  WARN  Conflicting CPU frequencies detected, using: 1824.00
[1441208104.079331] [node065:15542:0]         mxm.c:185  MXM  WARN  The 'ulimit -s' on the system is set to 'unlimited'. This may have negative performance implications. Please set the heap size to the default value (10240) 
[1441208104.076071] [node051:6352 :0]         sys.c:719  MXM  WARN  Conflicting CPU frequencies detected, using: 1669.59
[1441208104.079340] [node051:6352 :0]         mxm.c:185  MXM  WARN  The 'ulimit -s' on the system is set to 'unlimited'. This may have negative performance implications. Please set the heap size to the default value (10240) 
[1441208104.076958] [node008:30959:0]         sys.c:719  MXM  WARN  Conflicting CPU frequencies detected, using: 1796.16
[1441208104.082837] [node008:30959:0]         mxm.c:185  MXM  WARN  The 'ulimit -s' on the system is set to 'unlimited'. This may have negative performance implications. Please set the heap size to the default value (10240) 
[1441208104.078415] [node047:15799:0]         sys.c:719  MXM  WARN  Conflicting CPU frequencies detected, using: 1582.78
[1441208104.082028] [node047:15799:0]         mxm.c:185  MXM  WARN  The 'ulimit -s' on the system is set to 'unlimited'. This may have negative performance implications. Please set the heap size to the default value (10240) 
[1441208104.081748] [node006:20229:0]         sys.c:719  MXM  WARN  Conflicting CPU frequencies detected, using: 1498.97
[1441208104.085473] [node006:20229:0]         mxm.c:185  MXM  WARN  The 'ulimit -s' on the system is set to 'unlimited'. This may have negative performance implications. Please set the heap size to the default value (10240) 
[1441208104.077037] [node045:7863 :0]         sys.c:719  MXM  WARN  Conflicting CPU frequencies detected, using: 1598.72
[1441208104.082863] [node045:7863 :0]         mxm.c:185  MXM  WARN  The 'ulimit -s' on the system is set to 'unlimited'. This may have negative performance implications. Please set the heap size to the default value (10240) 
UPCR: UPC thread  1 of 96 on node001 (pshm node  0 of 48, process  1 of 96, pid=17559)
UPCR: UPC thread  0 of 96 on node001 (pshm node  0 of 48, process  0 of 96, pid=17558)
UPCR: UPC thread 66 of 96 on node054 (pshm node 33 of 48, process 66 of 96, pid=14826)
UPCR: UPC thread 67 of 96 on node054 (pshm node 33 of 48, process 67 of 96, pid=14849)
UPCR: UPC thread 33 of 96 on node037 (pshm node 16 of 48, process 33 of 96, pid=7983)
UPCR: UPC thread 29 of 96 on node035 (pshm node 14 of 48, process 29 of 96, pid=8015)
UPCR: UPC thread 19 of 96 on node030 (pshm node  9 of 48, process 19 of 96, pid=11516)
UPCR: UPC thread 28 of 96 on node035 (pshm node 14 of 48, process 28 of 96, pid=8032)
UPCR: UPC thread 80 of 96 on node061 (pshm node 40 of 48, process 80 of 96, pid=14988)
UPCR: UPC thread 37 of 96 on node039 (pshm node 18 of 48, process 37 of 96, pid=7892)
UPCR: UPC thread 42 of 96 on node042 (pshm node 21 of 48, process 42 of 96, pid=7721)
UPCR: UPC thread 65 of 96 on node053 (pshm node 32 of 48, process 65 of 96, pid=26048)
UPCR: UPC thread 45 of 96 on node043 (pshm node 22 of 48, process 45 of 96, pid=7598)
UPCR: UPC thread 81 of 96 on node061 (pshm node 40 of 48, process 81 of 96, pid=15002)
UPCR: UPC thread 43 of 96 on node042 (pshm node 21 of 48, process 43 of 96, pid=7729)
UPCR: UPC thread  8 of 96 on node005 (pshm node  4 of 48, process  8 of 96, pid=20868)
UPCR: UPC thread 23 of 96 on node032 (pshm node 11 of 48, process 23 of 96, pid=7658)
UPCR: UPC thread 34 of 96 on node038 (pshm node 17 of 48, process 34 of 96, pid=7692)
UPCR: UPC thread 93 of 96 on node067 (pshm node 46 of 48, process 93 of 96, pid=15411)
UPCR: UPC thread 50 of 96 on node046 (pshm node 25 of 48, process 50 of 96, pid=22880)
UPCR: UPC thread 17 of 96 on node009 (pshm node  8 of 48, process 17 of 96, pid=23131)
UPCR: UPC thread 25 of 96 on node033 (pshm node 12 of 48, process 25 of 96, pid=8196)
UPCR: UPC thread 82 of 96 on node062 (pshm node 41 of 48, process 82 of 96, pid=14971)
UPCR: UPC thread 46 of 96 on node044 (pshm node 23 of 48, process 46 of 96, pid=7534)
UPCR: UPC thread 94 of 96 on node068 (pshm node 47 of 48, process 94 of 96, pid=15517)
UPCR: UPC thread 54 of 96 on node048 (pshm node 27 of 48, process 54 of 96, pid=15870)
UPCR: UPC thread 20 of 96 on node031 (pshm node 10 of 48, process 20 of 96, pid=8178)
UPCR: UPC thread 32 of 96 on node037 (pshm node 16 of 48, process 32 of 96, pid=7966)
UPCR: UPC thread 64 of 96 on node053 (pshm node 32 of 48, process 64 of 96, pid=26065)
UPCR: UPC thread  4 of 96 on node003 (pshm node  2 of 48, process  4 of 96, pid=20885)
UPCR: UPC thread 58 of 96 on node050 (pshm node 29 of 48, process 58 of 96, pid=13431)
UPCR: UPC thread 26 of 96 on node034 (pshm node 13 of 48, process 26 of 96, pid=7449)
UPCR: UPC thread 27 of 96 on node034 (pshm node 13 of 48, process 27 of 96, pid=7473)
UPCR: UPC thread 40 of 96 on node041 (pshm node 20 of 48, process 40 of 96, pid=7630)
UPCR: UPC thread  2 of 96 on node002 (pshm node  1 of 48, process  2 of 96, pid=22925)
UPCR: UPC thread  5 of 96 on node003 (pshm node  2 of 48, process  5 of 96, pid=20868)
UPCR: UPC thread 95 of 96 on node068 (pshm node 47 of 48, process 95 of 96, pid=15509)
UPCR: UPC thread 59 of 96 on node050 (pshm node 29 of 48, process 59 of 96, pid=13417)
UPCR: UPC thread 77 of 96 on node059 (pshm node 38 of 48, process 77 of 96, pid=15497)
UPCR: UPC thread 86 of 96 on node064 (pshm node 43 of 48, process 86 of 96, pid=14981)
UPCR: UPC thread  3 of 96 on node002 (pshm node  1 of 48, process  3 of 96, pid=22924)
UPCR: UPC thread 36 of 96 on node039 (pshm node 18 of 48, process 36 of 96, pid=7871)
UPCR: UPC thread 52 of 96 on node047 (pshm node 26 of 48, process 52 of 96, pid=15799)
UPCR: UPC thread 68 of 96 on node055 (pshm node 34 of 48, process 68 of 96, pid=14754)
UPCR: UPC thread 88 of 96 on node065 (pshm node 44 of 48, process 88 of 96, pid=15542)
UPCR: UPC thread 31 of 96 on node036 (pshm node 15 of 48, process 31 of 96, pid=8092)
UPCR: UPC thread 12 of 96 on node007 (pshm node  6 of 48, process 12 of 96, pid=25421)
UPCR: UPC thread 90 of 96 on node066 (pshm node 45 of 48, process 90 of 96, pid=15490)
UPCR: UPC thread 74 of 96 on node058 (pshm node 37 of 48, process 74 of 96, pid=15525)
UPCR: UPC thread 87 of 96 on node064 (pshm node 43 of 48, process 87 of 96, pid=14985)
UPCR: UPC thread 15 of 96 on node008 (pshm node  7 of 48, process 15 of 96, pid=30959)
UPCR: UPC thread 14 of 96 on node008 (pshm node  7 of 48, process 14 of 96, pid=30936)
UPCR: UPC thread 91 of 96 on node066 (pshm node 45 of 48, process 91 of 96, pid=15500)
UPCR: UPC thread 51 of 96 on node046 (pshm node 25 of 48, process 51 of 96, pid=22903)
UPCR: UPC thread 55 of 96 on node048 (pshm node 27 of 48, process 55 of 96, pid=15853)
UPCR: UPC thread 73 of 96 on node057 (pshm node 36 of 48, process 73 of 96, pid=15261)
UPCR: UPC thread 92 of 96 on node067 (pshm node 46 of 48, process 92 of 96, pid=15403)
UPCR: UPC thread 30 of 96 on node036 (pshm node 15 of 48, process 30 of 96, pid=8078)
UPCR: UPC thread 75 of 96 on node058 (pshm node 37 of 48, process 75 of 96, pid=15517)
UPCR: UPC thread 24 of 96 on node033 (pshm node 12 of 48, process 24 of 96, pid=8172)
UPCR: UPC thread 71 of 96 on node056 (pshm node 35 of 48, process 71 of 96, pid=14827)
UPCR: UPC thread 48 of 96 on node045 (pshm node 24 of 48, process 48 of 96, pid=7863)
UPCR: UPC thread 39 of 96 on node040 (pshm node 19 of 48, process 39 of 96, pid=7637)
UPCR: UPC thread 89 of 96 on node065 (pshm node 44 of 48, process 89 of 96, pid=15519)
UPCR: UPC thread 16 of 96 on node009 (pshm node  8 of 48, process 16 of 96, pid=23107)
UPCR: UPC thread  7 of 96 on node004 (pshm node  3 of 48, process  7 of 96, pid=20331)
UPCR: UPC thread 22 of 96 on node032 (pshm node 11 of 48, process 22 of 96, pid=7659)
UPCR: UPC thread 21 of 96 on node031 (pshm node 10 of 48, process 21 of 96, pid=8161)
UPCR: UPC thread 56 of 96 on node049 (pshm node 28 of 48, process 56 of 96, pid=15882)
UPCR: UPC thread 70 of 96 on node056 (pshm node 35 of 48, process 70 of 96, pid=14826)
UPCR: UPC thread 47 of 96 on node044 (pshm node 23 of 48, process 47 of 96, pid=7513)
UPCR: UPC thread 18 of 96 on node030 (pshm node  9 of 48, process 18 of 96, pid=11498)
UPCR: UPC thread  6 of 96 on node004 (pshm node  3 of 48, process  6 of 96, pid=20355)
UPCR: UPC thread 60 of 96 on node051 (pshm node 30 of 48, process 60 of 96, pid=6328)
UPCR: UPC thread 79 of 96 on node060 (pshm node 39 of 48, process 79 of 96, pid=15545)
UPCR: UPC thread 84 of 96 on node063 (pshm node 42 of 48, process 84 of 96, pid=15098)
UPCR: UPC thread 41 of 96 on node041 (pshm node 20 of 48, process 41 of 96, pid=7616)
UPCR: UPC thread 10 of 96 on node006 (pshm node  5 of 48, process 10 of 96, pid=20205)
UPCR: UPC thread 38 of 96 on node040 (pshm node 19 of 48, process 38 of 96, pid=7661)
UPCR: UPC thread 44 of 96 on node043 (pshm node 22 of 48, process 44 of 96, pid=7574)
UPCR: UPC thread 63 of 96 on node052 (pshm node 31 of 48, process 63 of 96, pid=9255)
UPCR: UPC thread 49 of 96 on node045 (pshm node 24 of 48, process 49 of 96, pid=7840)
UPCR: UPC thread 13 of 96 on node007 (pshm node  6 of 48, process 13 of 96, pid=25427)
UPCR: UPC thread 85 of 96 on node063 (pshm node 42 of 48, process 85 of 96, pid=15115)
UPCR: UPC thread 83 of 96 on node062 (pshm node 41 of 48, process 83 of 96, pid=14983)
UPCR: UPC thread 61 of 96 on node051 (pshm node 30 of 48, process 61 of 96, pid=6352)
UPCR: UPC thread 69 of 96 on node055 (pshm node 34 of 48, process 69 of 96, pid=14753)
UPCR: UPC thread 78 of 96 on node060 (pshm node 39 of 48, process 78 of 96, pid=15557)
UPCR: UPC thread  9 of 96 on node005 (pshm node  4 of 48, process  9 of 96, pid=20892)
UPCR: UPC thread 72 of 96 on node057 (pshm node 36 of 48, process 72 of 96, pid=15244)
UPCR: UPC thread 53 of 96 on node047 (pshm node 26 of 48, process 53 of 96, pid=15776)
UPCR: UPC thread 57 of 96 on node049 (pshm node 28 of 48, process 57 of 96, pid=15865)
UPCR: UPC thread 76 of 96 on node059 (pshm node 38 of 48, process 76 of 96, pid=15485)
UPCR: UPC thread 62 of 96 on node052 (pshm node 31 of 48, process 62 of 96, pid=9272)
UPCR: UPC thread 11 of 96 on node006 (pshm node  5 of 48, process 11 of 96, pid=20229)
UPCR: UPC thread 35 of 96 on node038 (pshm node 17 of 48, process 35 of 96, pid=7709)
0/96 - htable initialized
0/96 - table size: 103079215104 bytes (98304 MB)
0/96 - total number of buckets: 12884901888
0/96 - block size: 1073741824 (1024 MB)
0/96 - number of buckets in block: 134217728
0/96 - number of blocks: 96
90/96 - Performed a throughput benchmark:
90/96 - Performed 2000000 find-or-put operations with random values from [0,...,38399999]
90/96 - Finds: 1578415 (0.789207), Inserts: 421585 (0.210792), Errors: 0 (0)
90/96 - Execution time: 6.7129 seconds
90/96 - Throughput: 297934 ops/sec
65/96 - Performed a throughput benchmark:
65/96 - Performed 2000000 find-or-put operations with random values from [0,...,38399999]
65/96 - Finds: 1577858 (0.788929), Inserts: 422142 (0.211071), Errors: 0 (0)
65/96 - Execution time: 6.72674 seconds
65/96 - Throughput: 297321 ops/sec
93/96 - Performed a throughput benchmark:
93/96 - Performed 2000000 find-or-put operations with random values from [0,...,38399999]
93/96 - Finds: 1578633 (0.789316), Inserts: 421367 (0.210683), Errors: 0 (0)
93/96 - Execution time: 6.72787 seconds
93/96 - Throughput: 297271 ops/sec
78/96 - Performed a throughput benchmark:
78/96 - Performed 2000000 find-or-put operations with random values from [0,...,38399999]
78/96 - Finds: 1577795 (0.788898), Inserts: 422205 (0.211102), Errors: 0 (0)
78/96 - Execution time: 6.74524 seconds
78/96 - Throughput: 296505 ops/sec
77/96 - Performed a throughput benchmark:
77/96 - Performed 2000000 find-or-put operations with random values from [0,...,38399999]
77/96 - Finds: 1578037 (0.789018), Inserts: 421963 (0.210981), Errors: 0 (0)
77/96 - Execution time: 6.73976 seconds
77/96 - Throughput: 296746 ops/sec
80/96 - Performed a throughput benchmark:
80/96 - Performed 2000000 find-or-put operations with random values from [0,...,38399999]
80/96 - Finds: 1578655 (0.789327), Inserts: 421345 (0.210673), Errors: 0 (0)
80/96 - Execution time: 6.75494 seconds
80/96 - Throughput: 296080 ops/sec
71/96 - Performed a throughput benchmark:
71/96 - Performed 2000000 find-or-put operations with random values from [0,...,38399999]
71/96 - Finds: 1576967 (0.788484), Inserts: 423033 (0.211516), Errors: 0 (0)
71/96 - Execution time: 6.72238 seconds
71/96 - Throughput: 297514 ops/sec
87/96 - Performed a throughput benchmark:
87/96 - Performed 2000000 find-or-put operations with random values from [0,...,38399999]
87/96 - Finds: 1576962 (0.788481), Inserts: 423038 (0.211519), Errors: 0 (0)
87/96 - Execution time: 6.72082 seconds
87/96 - Throughput: 297583 ops/sec
72/96 - Performed a throughput benchmark:
72/96 - Performed 2000000 find-or-put operations with random values from [0,...,38399999]
72/96 - Finds: 1578476 (0.789238), Inserts: 421524 (0.210762), Errors: 0 (0)
72/96 - Execution time: 6.74873 seconds
72/96 - Throughput: 296352 ops/sec
88/96 - Performed a throughput benchmark:
88/96 - Performed 2000000 find-or-put operations with random values from [0,...,38399999]
88/96 - Finds: 1578988 (0.789494), Inserts: 421012 (0.210506), Errors: 0 (0)
88/96 - Execution time: 6.75098 seconds
88/96 - Throughput: 296253 ops/sec
83/96 - Performed a throughput benchmark:
83/96 - Performed 2000000 find-or-put operations with random values from [0,...,38399999]
83/96 - Finds: 1578311 (0.789156), Inserts: 421689 (0.210844), Errors: 0 (0)
83/96 - Execution time: 6.73351 seconds
83/96 - Throughput: 297022 ops/sec
68/96 - Performed a throughput benchmark:
68/96 - Performed 2000000 find-or-put operations with random values from [0,...,38399999]
68/96 - Finds: 1579402 (0.789701), Inserts: 420598 (0.210299), Errors: 0 (0)
68/96 - Execution time: 6.75358 seconds
68/96 - Throughput: 296139 ops/sec
76/96 - Performed a throughput benchmark:
76/96 - Performed 2000000 find-or-put operations with random values from [0,...,38399999]
76/96 - Finds: 1579036 (0.789518), Inserts: 420964 (0.210482), Errors: 0 (0)
76/96 - Execution time: 6.74481 seconds
76/96 - Throughput: 296524 ops/sec
70/96 - Performed a throughput benchmark:
70/96 - Performed 2000000 find-or-put operations with random values from [0,...,38399999]
70/96 - Finds: 1576499 (0.78825), Inserts: 423501 (0.211751), Errors: 0 (0)
70/96 - Execution time: 6.71573 seconds
70/96 - Throughput: 297808 ops/sec
82/96 - Performed a throughput benchmark:
82/96 - Performed 2000000 find-or-put operations with random values from [0,...,38399999]
82/96 - Finds: 1579056 (0.789528), Inserts: 420944 (0.210472), Errors: 0 (0)
82/96 - Execution time: 6.72701 seconds
82/96 - Throughput: 297309 ops/sec
64/96 - Performed a throughput benchmark:
64/96 - Performed 2000000 find-or-put operations with random values from [0,...,38399999]
64/96 - Finds: 1576608 (0.788304), Inserts: 423392 (0.211696), Errors: 0 (0)
64/96 - Execution time: 6.7229 seconds
64/96 - Throughput: 297491 ops/sec
66/96 - Performed a throughput benchmark:
66/96 - Performed 2000000 find-or-put operations with random values from [0,...,38399999]
66/96 - Finds: 1577179 (0.78859), Inserts: 422821 (0.211411), Errors: 0 (0)
66/96 - Execution time: 6.72383 seconds
66/96 - Throughput: 297450 ops/sec
67/96 - Performed a throughput benchmark:
67/96 - Performed 2000000 find-or-put operations with random values from [0,...,38399999]
67/96 - Finds: 1577627 (0.788813), Inserts: 422373 (0.211186), Errors: 0 (0)
67/96 - Execution time: 6.72569 seconds
67/96 - Throughput: 297367 ops/sec
85/96 - Performed a throughput benchmark:
85/96 - Performed 2000000 find-or-put operations with random values from [0,...,38399999]
85/96 - Finds: 1578283 (0.789142), Inserts: 421717 (0.210859), Errors: 0 (0)
85/96 - Execution time: 6.7443 seconds
85/96 - Throughput: 296547 ops/sec
69/96 - Performed a throughput benchmark:
69/96 - Performed 2000000 find-or-put operations with random values from [0,...,38399999]
69/96 - Finds: 1578414 (0.789207), Inserts: 421586 (0.210793), Errors: 0 (0)
69/96 - Execution time: 6.7477 seconds
69/96 - Throughput: 296397 ops/sec
86/96 - Performed a throughput benchmark:
86/96 - Performed 2000000 find-or-put operations with random values from [0,...,38399999]
86/96 - Finds: 1576490 (0.788245), Inserts: 423510 (0.211755), Errors: 0 (0)
86/96 - Execution time: 6.72205 seconds
86/96 - Throughput: 297528 ops/sec
91/96 - Performed a throughput benchmark:
91/96 - Performed 2000000 find-or-put operations with random values from [0,...,38399999]
91/96 - Finds: 1578430 (0.789215), Inserts: 421570 (0.210785), Errors: 0 (0)
91/96 - Execution time: 6.74113 seconds
91/96 - Throughput: 296686 ops/sec
81/96 - Performed a throughput benchmark:
81/96 - Performed 2000000 find-or-put operations with random values from [0,...,38399999]
81/96 - Finds: 1578244 (0.789122), Inserts: 421756 (0.210878), Errors: 0 (0)
81/96 - Execution time: 6.74043 seconds
81/96 - Throughput: 296717 ops/sec
84/96 - Performed a throughput benchmark:
84/96 - Performed 2000000 find-or-put operations with random values from [0,...,38399999]
84/96 - Finds: 1577391 (0.788695), Inserts: 422609 (0.211305), Errors: 0 (0)
84/96 - Execution time: 6.72427 seconds
84/96 - Throughput: 297430 ops/sec
79/96 - Performed a throughput benchmark:
79/96 - Performed 2000000 find-or-put operations with random values from [0,...,38399999]
79/96 - Finds: 1577721 (0.78886), Inserts: 422279 (0.21114), Errors: 0 (0)
79/96 - Execution time: 6.7383 seconds
79/96 - Throughput: 296811 ops/sec
73/96 - Performed a throughput benchmark:
73/96 - Performed 2000000 find-or-put operations with random values from [0,...,38399999]
73/96 - Finds: 1577850 (0.788925), Inserts: 422150 (0.211075), Errors: 0 (0)
73/96 - Execution time: 6.75994 seconds
73/96 - Throughput: 295861 ops/sec
89/96 - Performed a throughput benchmark:
89/96 - Performed 2000000 find-or-put operations with random values from [0,...,38399999]
89/96 - Finds: 1578663 (0.789331), Inserts: 421337 (0.210669), Errors: 0 (0)
89/96 - Execution time: 6.74482 seconds
89/96 - Throughput: 296524 ops/sec
92/96 - Performed a throughput benchmark:
92/96 - Performed 2000000 find-or-put operations with random values from [0,...,38399999]
92/96 - Finds: 1579010 (0.789505), Inserts: 420990 (0.210495), Errors: 0 (0)
92/96 - Execution time: 6.75036 seconds
92/96 - Throughput: 296280 ops/sec
75/96 - Performed a throughput benchmark:
75/96 - Performed 2000000 find-or-put operations with random values from [0,...,38399999]
75/96 - Finds: 1576845 (0.788423), Inserts: 423155 (0.211578), Errors: 0 (0)
75/96 - Execution time: 6.70854 seconds
75/96 - Throughput: 298128 ops/sec
74/96 - Performed a throughput benchmark:
74/96 - Performed 2000000 find-or-put operations with random values from [0,...,38399999]
74/96 - Finds: 1578196 (0.789098), Inserts: 421804 (0.210902), Errors: 0 (0)
74/96 - Execution time: 6.72194 seconds
74/96 - Throughput: 297533 ops/sec
94/96 - Performed a throughput benchmark:
94/96 - Performed 2000000 find-or-put operations with random values from [0,...,38399999]
94/96 - Finds: 1579904 (0.789952), Inserts: 420096 (0.210048), Errors: 0 (0)
94/96 - Execution time: 6.81164 seconds
94/96 - Throughput: 293615 ops/sec
95/96 - Performed a throughput benchmark:
95/96 - Performed 2000000 find-or-put operations with random values from [0,...,38399999]
95/96 - Finds: 1580410 (0.790205), Inserts: 419590 (0.209795), Errors: 0 (0)
95/96 - Execution time: 6.8245 seconds
95/96 - Throughput: 293062 ops/sec
33/96 - Performed a throughput benchmark:
33/96 - Performed 2000000 find-or-put operations with random values from [0,...,38399999]
33/96 - Finds: 1589615 (0.794808), Inserts: 410385 (0.205192), Errors: 0 (0)
33/96 - Execution time: 6.92925 seconds
33/96 - Throughput: 288631 ops/sec
31/96 - Performed a throughput benchmark:
31/96 - Performed 2000000 find-or-put operations with random values from [0,...,38399999]
31/96 - Finds: 1589616 (0.794808), Inserts: 410384 (0.205192), Errors: 0 (0)
31/96 - Execution time: 6.9314 seconds
31/96 - Throughput: 288542 ops/sec
32/96 - Performed a throughput benchmark:
32/96 - Performed 2000000 find-or-put operations with random values from [0,...,38399999]
32/96 - Finds: 1589857 (0.794929), Inserts: 410143 (0.205071), Errors: 0 (0)
32/96 - Execution time: 6.94505 seconds
32/96 - Throughput: 287975 ops/sec
37/96 - Performed a throughput benchmark:
37/96 - Performed 2000000 find-or-put operations with random values from [0,...,38399999]
37/96 - Finds: 1589907 (0.794953), Inserts: 410093 (0.205046), Errors: 0 (0)
37/96 - Execution time: 6.94647 seconds
37/96 - Throughput: 287916 ops/sec
25/96 - Performed a throughput benchmark:
25/96 - Performed 2000000 find-or-put operations with random values from [0,...,38399999]
25/96 - Finds: 1590000 (0.795), Inserts: 410000 (0.205), Errors: 0 (0)
25/96 - Execution time: 6.9476 seconds
25/96 - Throughput: 287869 ops/sec
23/96 - Performed a throughput benchmark:
23/96 - Performed 2000000 find-or-put operations with random values from [0,...,38399999]
23/96 - Finds: 1589932 (0.794966), Inserts: 410068 (0.205034), Errors: 0 (0)
23/96 - Execution time: 6.9458 seconds
23/96 - Throughput: 287944 ops/sec
19/96 - Performed a throughput benchmark:
19/96 - Performed 2000000 find-or-put operations with random values from [0,...,38399999]
19/96 - Finds: 1591344 (0.795672), Inserts: 408656 (0.204328), Errors: 0 (0)
19/96 - Execution time: 6.94785 seconds
19/96 - Throughput: 287859 ops/sec
22/96 - Performed a throughput benchmark:
22/96 - Performed 2000000 find-or-put operations with random values from [0,...,38399999]
22/96 - Finds: 1590725 (0.795362), Inserts: 409275 (0.204637), Errors: 0 (0)
22/96 - Execution time: 6.94413 seconds
22/96 - Throughput: 288013 ops/sec
42/96 - Performed a throughput benchmark:
42/96 - Performed 2000000 find-or-put operations with random values from [0,...,38399999]
42/96 - Finds: 1592070 (0.796035), Inserts: 407930 (0.203965), Errors: 0 (0)
42/96 - Execution time: 6.95692 seconds
42/96 - Throughput: 287484 ops/sec
26/96 - Performed a throughput benchmark:
26/96 - Performed 2000000 find-or-put operations with random values from [0,...,38399999]
26/96 - Finds: 1590231 (0.795115), Inserts: 409769 (0.204884), Errors: 0 (0)
26/96 - Execution time: 6.9385 seconds
26/96 - Throughput: 288247 ops/sec
24/96 - Performed a throughput benchmark:
24/96 - Performed 2000000 find-or-put operations with random values from [0,...,38399999]
24/96 - Finds: 1590497 (0.795249), Inserts: 409503 (0.204752), Errors: 0 (0)
24/96 - Execution time: 6.95127 seconds
24/96 - Throughput: 287717 ops/sec
49/96 - Performed a throughput benchmark:
49/96 - Performed 2000000 find-or-put operations with random values from [0,...,38399999]
49/96 - Finds: 1590637 (0.795319), Inserts: 409363 (0.204681), Errors: 0 (0)
49/96 - Execution time: 6.96205 seconds
49/96 - Throughput: 287272 ops/sec
27/96 - Performed a throughput benchmark:
27/96 - Performed 2000000 find-or-put operations with random values from [0,...,38399999]
27/96 - Finds: 1590576 (0.795288), Inserts: 409424 (0.204712), Errors: 0 (0)
27/96 - Execution time: 6.94937 seconds
27/96 - Throughput: 287796 ops/sec
45/96 - Performed a throughput benchmark:
45/96 - Performed 2000000 find-or-put operations with random values from [0,...,38399999]
45/96 - Finds: 1590810 (0.795405), Inserts: 409190 (0.204595), Errors: 0 (0)
45/96 - Execution time: 6.95107 seconds
45/96 - Throughput: 287726 ops/sec
36/96 - Performed a throughput benchmark:
36/96 - Performed 2000000 find-or-put operations with random values from [0,...,38399999]
36/96 - Finds: 1591318 (0.795659), Inserts: 408682 (0.204341), Errors: 0 (0)
36/96 - Execution time: 6.9577 seconds
36/96 - Throughput: 287451 ops/sec
47/96 - Performed a throughput benchmark:
47/96 - Performed 2000000 find-or-put operations with random values from [0,...,38399999]
47/96 - Finds: 1591396 (0.795698), Inserts: 408604 (0.204302), Errors: 0 (0)
47/96 - Execution time: 6.96573 seconds
47/96 - Throughput: 287120 ops/sec
29/96 - Performed a throughput benchmark:
29/96 - Performed 2000000 find-or-put operations with random values from [0,...,38399999]
29/96 - Finds: 1589863 (0.794932), Inserts: 410137 (0.205068), Errors: 0 (0)
29/96 - Execution time: 6.96301 seconds
29/96 - Throughput: 287232 ops/sec
30/96 - Performed a throughput benchmark:
30/96 - Performed 2000000 find-or-put operations with random values from [0,...,38399999]
30/96 - Finds: 1590682 (0.795341), Inserts: 409318 (0.204659), Errors: 0 (0)
30/96 - Execution time: 6.95803 seconds
30/96 - Throughput: 287437 ops/sec
43/96 - Performed a throughput benchmark:
43/96 - Performed 2000000 find-or-put operations with random values from [0,...,38399999]
43/96 - Finds: 1591473 (0.795736), Inserts: 408527 (0.204263), Errors: 0 (0)
43/96 - Execution time: 6.95376 seconds
43/96 - Throughput: 287614 ops/sec
46/96 - Performed a throughput benchmark:
46/96 - Performed 2000000 find-or-put operations with random values from [0,...,38399999]
46/96 - Finds: 1591870 (0.795935), Inserts: 408130 (0.204065), Errors: 0 (0)
46/96 - Execution time: 6.97644 seconds
46/96 - Throughput: 286679 ops/sec
35/96 - Performed a throughput benchmark:
35/96 - Performed 2000000 find-or-put operations with random values from [0,...,38399999]
35/96 - Finds: 1593731 (0.796866), Inserts: 406269 (0.203134), Errors: 0 (0)
35/96 - Execution time: 6.98019 seconds
35/96 - Throughput: 286525 ops/sec
18/96 - Performed a throughput benchmark:
18/96 - Performed 2000000 find-or-put operations with random values from [0,...,38399999]
18/96 - Finds: 1590352 (0.795176), Inserts: 409648 (0.204824), Errors: 0 (0)
18/96 - Execution time: 6.95944 seconds
18/96 - Throughput: 287380 ops/sec
28/96 - Performed a throughput benchmark:
28/96 - Performed 2000000 find-or-put operations with random values from [0,...,38399999]
28/96 - Finds: 1590298 (0.795149), Inserts: 409702 (0.204851), Errors: 0 (0)
28/96 - Execution time: 6.97104 seconds
28/96 - Throughput: 286901 ops/sec
34/96 - Performed a throughput benchmark:
34/96 - Performed 2000000 find-or-put operations with random values from [0,...,38399999]
34/96 - Finds: 1592558 (0.796279), Inserts: 407442 (0.203721), Errors: 0 (0)
34/96 - Execution time: 6.99163 seconds
34/96 - Throughput: 286056 ops/sec
40/96 - Performed a throughput benchmark:
40/96 - Performed 2000000 find-or-put operations with random values from [0,...,38399999]
40/96 - Finds: 1591926 (0.795963), Inserts: 408074 (0.204037), Errors: 0 (0)
40/96 - Execution time: 6.99612 seconds
40/96 - Throughput: 285873 ops/sec
20/96 - Performed a throughput benchmark:
20/96 - Performed 2000000 find-or-put operations with random values from [0,...,38399999]
20/96 - Finds: 1593437 (0.796718), Inserts: 406563 (0.203282), Errors: 0 (0)
20/96 - Execution time: 6.99547 seconds
20/96 - Throughput: 285899 ops/sec
44/96 - Performed a throughput benchmark:
44/96 - Performed 2000000 find-or-put operations with random values from [0,...,38399999]
44/96 - Finds: 1592196 (0.796098), Inserts: 407804 (0.203902), Errors: 0 (0)
44/96 - Execution time: 6.96438 seconds
44/96 - Throughput: 287176 ops/sec
41/96 - Performed a throughput benchmark:
41/96 - Performed 2000000 find-or-put operations with random values from [0,...,38399999]
41/96 - Finds: 1591491 (0.795745), Inserts: 408509 (0.204255), Errors: 0 (0)
41/96 - Execution time: 6.99133 seconds
41/96 - Throughput: 286069 ops/sec
48/96 - Performed a throughput benchmark:
48/96 - Performed 2000000 find-or-put operations with random values from [0,...,38399999]
48/96 - Finds: 1591396 (0.795698), Inserts: 408604 (0.204302), Errors: 0 (0)
48/96 - Execution time: 6.97016 seconds
48/96 - Throughput: 286937 ops/sec
21/96 - Performed a throughput benchmark:
21/96 - Performed 2000000 find-or-put operations with random values from [0,...,38399999]
21/96 - Finds: 1591819 (0.79591), Inserts: 408181 (0.204091), Errors: 0 (0)
21/96 - Execution time: 6.99249 seconds
21/96 - Throughput: 286021 ops/sec
38/96 - Performed a throughput benchmark:
38/96 - Performed 2000000 find-or-put operations with random values from [0,...,38399999]
38/96 - Finds: 1594130 (0.797065), Inserts: 405870 (0.202935), Errors: 0 (0)
38/96 - Execution time: 7.00551 seconds
38/96 - Throughput: 285490 ops/sec
39/96 - Performed a throughput benchmark:
39/96 - Performed 2000000 find-or-put operations with random values from [0,...,38399999]
39/96 - Finds: 1593501 (0.796751), Inserts: 406499 (0.203249), Errors: 0 (0)
39/96 - Execution time: 6.9998 seconds
39/96 - Throughput: 285722 ops/sec
17/96 - Performed a throughput benchmark:
17/96 - Performed 2000000 find-or-put operations with random values from [0,...,38399999]
17/96 - Finds: 1601787 (0.800894), Inserts: 398213 (0.199106), Errors: 0 (0)
17/96 - Execution time: 7.09123 seconds
17/96 - Throughput: 282038 ops/sec
14/96 - Performed a throughput benchmark:
14/96 - Performed 2000000 find-or-put operations with random values from [0,...,38399999]
14/96 - Finds: 1601708 (0.800854), Inserts: 398292 (0.199146), Errors: 0 (0)
14/96 - Execution time: 7.09882 seconds
14/96 - Throughput: 281737 ops/sec
15/96 - Performed a throughput benchmark:
15/96 - Performed 2000000 find-or-put operations with random values from [0,...,38399999]
15/96 - Finds: 1601643 (0.800821), Inserts: 398357 (0.199179), Errors: 0 (0)
15/96 - Execution time: 7.1063 seconds
15/96 - Throughput: 281441 ops/sec
16/96 - Performed a throughput benchmark:
16/96 - Performed 2000000 find-or-put operations with random values from [0,...,38399999]
16/96 - Finds: 1603563 (0.801782), Inserts: 396437 (0.198218), Errors: 0 (0)
16/96 - Execution time: 7.11118 seconds
16/96 - Throughput: 281247 ops/sec
58/96 - Performed a throughput benchmark:
58/96 - Performed 2000000 find-or-put operations with random values from [0,...,38399999]
58/96 - Finds: 1630502 (0.815251), Inserts: 369498 (0.184749), Errors: 0 (0)
58/96 - Execution time: 7.62846 seconds
58/96 - Throughput: 262176 ops/sec
62/96 - Performed a throughput benchmark:
62/96 - Performed 2000000 find-or-put operations with random values from [0,...,38399999]
62/96 - Finds: 1631816 (0.815908), Inserts: 368184 (0.184092), Errors: 0 (0)
62/96 - Execution time: 7.69849 seconds
62/96 - Throughput: 259791 ops/sec
59/96 - Performed a throughput benchmark:
59/96 - Performed 2000000 find-or-put operations with random values from [0,...,38399999]
59/96 - Finds: 1635342 (0.817671), Inserts: 364658 (0.182329), Errors: 0 (0)
59/96 - Execution time: 7.73264 seconds
59/96 - Throughput: 258644 ops/sec
54/96 - Performed a throughput benchmark:
54/96 - Performed 2000000 find-or-put operations with random values from [0,...,38399999]
54/96 - Finds: 1634068 (0.817034), Inserts: 365932 (0.182966), Errors: 0 (0)
54/96 - Execution time: 7.74169 seconds
54/96 - Throughput: 258341 ops/sec
57/96 - Performed a throughput benchmark:
57/96 - Performed 2000000 find-or-put operations with random values from [0,...,38399999]
57/96 - Finds: 1634316 (0.817158), Inserts: 365684 (0.182842), Errors: 0 (0)
57/96 - Execution time: 7.74401 seconds
57/96 - Throughput: 258264 ops/sec
63/96 - Performed a throughput benchmark:
63/96 - Performed 2000000 find-or-put operations with random values from [0,...,38399999]
63/96 - Finds: 1635392 (0.817696), Inserts: 364608 (0.182304), Errors: 0 (0)
63/96 - Execution time: 7.74905 seconds
63/96 - Throughput: 258096 ops/sec
52/96 - Performed a throughput benchmark:
52/96 - Performed 2000000 find-or-put operations with random values from [0,...,38399999]
52/96 - Finds: 1634778 (0.817389), Inserts: 365222 (0.182611), Errors: 0 (0)
52/96 - Execution time: 7.75581 seconds
52/96 - Throughput: 257871 ops/sec
50/96 - Performed a throughput benchmark:
50/96 - Performed 2000000 find-or-put operations with random values from [0,...,38399999]
50/96 - Finds: 1637498 (0.818749), Inserts: 362502 (0.181251), Errors: 0 (0)
50/96 - Execution time: 7.80089 seconds
50/96 - Throughput: 256381 ops/sec
56/96 - Performed a throughput benchmark:
56/96 - Performed 2000000 find-or-put operations with random values from [0,...,38399999]
56/96 - Finds: 1636044 (0.818022), Inserts: 363956 (0.181978), Errors: 0 (0)
56/96 - Execution time: 7.77911 seconds
56/96 - Throughput: 257099 ops/sec
61/96 - Performed a throughput benchmark:
61/96 - Performed 2000000 find-or-put operations with random values from [0,...,38399999]
61/96 - Finds: 1636899 (0.81845), Inserts: 363101 (0.181551), Errors: 0 (0)
61/96 - Execution time: 7.78012 seconds
61/96 - Throughput: 257065 ops/sec
53/96 - Performed a throughput benchmark:
53/96 - Performed 2000000 find-or-put operations with random values from [0,...,38399999]
53/96 - Finds: 1635825 (0.817913), Inserts: 364175 (0.182088), Errors: 0 (0)
53/96 - Execution time: 7.7884 seconds
53/96 - Throughput: 256792 ops/sec
51/96 - Performed a throughput benchmark:
51/96 - Performed 2000000 find-or-put operations with random values from [0,...,38399999]
51/96 - Finds: 1636388 (0.818194), Inserts: 363612 (0.181806), Errors: 0 (0)
51/96 - Execution time: 7.79522 seconds
51/96 - Throughput: 256568 ops/sec
55/96 - Performed a throughput benchmark:
55/96 - Performed 2000000 find-or-put operations with random values from [0,...,38399999]
55/96 - Finds: 1638423 (0.819211), Inserts: 361577 (0.180788), Errors: 0 (0)
55/96 - Execution time: 7.80781 seconds
55/96 - Throughput: 256154 ops/sec
60/96 - Performed a throughput benchmark:
60/96 - Performed 2000000 find-or-put operations with random values from [0,...,38399999]
60/96 - Finds: 1640182 (0.820091), Inserts: 359818 (0.179909), Errors: 0 (0)
60/96 - Execution time: 7.82523 seconds
60/96 - Throughput: 255584 ops/sec
4/96 - Performed a throughput benchmark:
4/96 - Performed 2000000 find-or-put operations with random values from [0,...,38399999]
4/96 - Finds: 1648915 (0.824457), Inserts: 351085 (0.175542), Errors: 0 (0)
4/96 - Execution time: 8.08931 seconds
4/96 - Throughput: 247240 ops/sec
7/96 - Performed a throughput benchmark:
7/96 - Performed 2000000 find-or-put operations with random values from [0,...,38399999]
7/96 - Finds: 1651127 (0.825564), Inserts: 348873 (0.174436), Errors: 0 (0)
7/96 - Execution time: 8.13045 seconds
7/96 - Throughput: 245989 ops/sec
5/96 - Performed a throughput benchmark:
5/96 - Performed 2000000 find-or-put operations with random values from [0,...,38399999]
5/96 - Finds: 1653679 (0.826839), Inserts: 346321 (0.17316), Errors: 0 (0)
5/96 - Execution time: 8.1453 seconds
5/96 - Throughput: 245540 ops/sec
10/96 - Performed a throughput benchmark:
10/96 - Performed 2000000 find-or-put operations with random values from [0,...,38399999]
10/96 - Finds: 1651998 (0.825999), Inserts: 348002 (0.174001), Errors: 0 (0)
10/96 - Execution time: 8.14 seconds
10/96 - Throughput: 245700 ops/sec
11/96 - Performed a throughput benchmark:
11/96 - Performed 2000000 find-or-put operations with random values from [0,...,38399999]
11/96 - Finds: 1651625 (0.825812), Inserts: 348375 (0.174187), Errors: 0 (0)
11/96 - Execution time: 8.14327 seconds
11/96 - Throughput: 245602 ops/sec
6/96 - Performed a throughput benchmark:
6/96 - Performed 2000000 find-or-put operations with random values from [0,...,38399999]
6/96 - Finds: 1651609 (0.825805), Inserts: 348391 (0.174196), Errors: 0 (0)
6/96 - Execution time: 8.14379 seconds
6/96 - Throughput: 245586 ops/sec
2/96 - Performed a throughput benchmark:
2/96 - Performed 2000000 find-or-put operations with random values from [0,...,38399999]
2/96 - Finds: 1651008 (0.825504), Inserts: 348992 (0.174496), Errors: 0 (0)
2/96 - Execution time: 8.13027 seconds
2/96 - Throughput: 245994 ops/sec
8/96 - Performed a throughput benchmark:
8/96 - Performed 2000000 find-or-put operations with random values from [0,...,38399999]
8/96 - Finds: 1651064 (0.825532), Inserts: 348936 (0.174468), Errors: 0 (0)
8/96 - Execution time: 8.14812 seconds
8/96 - Throughput: 245456 ops/sec
9/96 - Performed a throughput benchmark:
9/96 - Performed 2000000 find-or-put operations with random values from [0,...,38399999]
9/96 - Finds: 1652052 (0.826026), Inserts: 347948 (0.173974), Errors: 0 (0)
9/96 - Execution time: 8.14397 seconds
9/96 - Throughput: 245581 ops/sec
13/96 - Performed a throughput benchmark:
13/96 - Performed 2000000 find-or-put operations with random values from [0,...,38399999]
13/96 - Finds: 1653710 (0.826855), Inserts: 346290 (0.173145), Errors: 0 (0)
13/96 - Execution time: 8.17091 seconds
13/96 - Throughput: 244771 ops/sec
3/96 - Performed a throughput benchmark:
3/96 - Performed 2000000 find-or-put operations with random values from [0,...,38399999]
3/96 - Finds: 1653203 (0.826601), Inserts: 346797 (0.173399), Errors: 0 (0)
3/96 - Execution time: 8.16856 seconds
3/96 - Throughput: 244841 ops/sec
12/96 - Performed a throughput benchmark:
12/96 - Performed 2000000 find-or-put operations with random values from [0,...,38399999]
12/96 - Finds: 1653523 (0.826762), Inserts: 346477 (0.173238), Errors: 0 (0)
12/96 - Execution time: 8.18105 seconds
12/96 - Throughput: 244467 ops/sec
0/96 - Performed a throughput benchmark:
0/96 - Performed 2000000 find-or-put operations with random values from [0,...,38399999]
0/96 - Finds: 1653982 (0.826991), Inserts: 346018 (0.173009), Errors: 0 (0)
0/96 - Execution time: 8.18207 seconds
0/96 - Throughput: 244437 ops/sec
1/96 - Performed a throughput benchmark:
1/96 - Performed 2000000 find-or-put operations with random values from [0,...,38399999]
1/96 - Finds: 1656070 (0.828035), Inserts: 343930 (0.171965), Errors: 0 (0)
1/96 - Execution time: 8.20652 seconds
1/96 - Throughput: 243709 ops/sec
[1441208103.424753] [node001:17513:0]         sys.c:719  MXM  WARN  Conflicting CPU frequencies detected, using: 1500.19
