[1441206269.702508] [node008:7601 :0]         sys.c:719  MXM  WARN  Conflicting CPU frequencies detected, using: 1399.97
[1441206269.716766] [node008:7601 :0]         mxm.c:185  MXM  WARN  The 'ulimit -s' on the system is set to 'unlimited'. This may have negative performance implications. Please set the heap size to the default value (10240) 
[1441206269.703132] [node008:7602 :0]         sys.c:719  MXM  WARN  Conflicting CPU frequencies detected, using: 1399.97
[1441206269.728533] [node008:7602 :0]         mxm.c:185  MXM  WARN  The 'ulimit -s' on the system is set to 'unlimited'. This may have negative performance implications. Please set the heap size to the default value (10240) 
[1441206269.702548] [node008:7598 :0]         sys.c:719  MXM  WARN  Conflicting CPU frequencies detected, using: 1399.97
[1441206269.727022] [node008:7598 :0]         mxm.c:185  MXM  WARN  The 'ulimit -s' on the system is set to 'unlimited'. This may have negative performance implications. Please set the heap size to the default value (10240) 
[1441206269.708903] [node008:7605 :0]         sys.c:719  MXM  WARN  Conflicting CPU frequencies detected, using: 1399.97
[1441206269.736765] [node008:7605 :0]         mxm.c:185  MXM  WARN  The 'ulimit -s' on the system is set to 'unlimited'. This may have negative performance implications. Please set the heap size to the default value (10240) 
[1441206269.703750] [node008:7599 :0]         sys.c:719  MXM  WARN  Conflicting CPU frequencies detected, using: 1399.97
[1441206269.735853] [node008:7599 :0]         mxm.c:185  MXM  WARN  The 'ulimit -s' on the system is set to 'unlimited'. This may have negative performance implications. Please set the heap size to the default value (10240) 
[1441206269.702535] [node008:7600 :0]         sys.c:719  MXM  WARN  Conflicting CPU frequencies detected, using: 1399.97
[1441206269.732065] [node008:7600 :0]         mxm.c:185  MXM  WARN  The 'ulimit -s' on the system is set to 'unlimited'. This may have negative performance implications. Please set the heap size to the default value (10240) 
[1441206269.709206] [node008:7604 :0]         sys.c:719  MXM  WARN  Conflicting CPU frequencies detected, using: 1399.97
[1441206269.740138] [node008:7604 :0]         mxm.c:185  MXM  WARN  The 'ulimit -s' on the system is set to 'unlimited'. This may have negative performance implications. Please set the heap size to the default value (10240) 
[1441206269.715597] [node008:7603 :0]         sys.c:719  MXM  WARN  Conflicting CPU frequencies detected, using: 1399.50
[1441206269.737575] [node008:7603 :0]         mxm.c:185  MXM  WARN  The 'ulimit -s' on the system is set to 'unlimited'. This may have negative performance implications. Please set the heap size to the default value (10240) 
[1441206269.970608] [node009:1077 :0]         sys.c:719  MXM  WARN  Conflicting CPU frequencies detected, using: 1892.91
[1441206269.976154] [node009:1077 :0]         mxm.c:185  MXM  WARN  The 'ulimit -s' on the system is set to 'unlimited'. This may have negative performance implications. Please set the heap size to the default value (10240) 
[1441206270.023622] [node009:1096 :0]         sys.c:719  MXM  WARN  Conflicting CPU frequencies detected, using: 2198.06
[1441206270.028216] [node009:1096 :0]         mxm.c:185  MXM  WARN  The 'ulimit -s' on the system is set to 'unlimited'. This may have negative performance implications. Please set the heap size to the default value (10240) 
[1441206270.027004] [node009:1097 :0]         sys.c:719  MXM  WARN  Conflicting CPU frequencies detected, using: 2198.06
[1441206270.032994] [node009:1097 :0]         mxm.c:185  MXM  WARN  The 'ulimit -s' on the system is set to 'unlimited'. This may have negative performance implications. Please set the heap size to the default value (10240) 
[1441206270.027573] [node009:1098 :0]         sys.c:719  MXM  WARN  Conflicting CPU frequencies detected, using: 2198.06
[1441206270.035379] [node009:1098 :0]         mxm.c:185  MXM  WARN  The 'ulimit -s' on the system is set to 'unlimited'. This may have negative performance implications. Please set the heap size to the default value (10240) 
[1441206270.033120] [node009:1151 :0]         sys.c:719  MXM  WARN  Conflicting CPU frequencies detected, using: 2290.78
[1441206270.043022] [node009:1151 :0]         mxm.c:185  MXM  WARN  The 'ulimit -s' on the system is set to 'unlimited'. This may have negative performance implications. Please set the heap size to the default value (10240) 
[1441206270.051080] [node009:1169 :0]         sys.c:719  MXM  WARN  Conflicting CPU frequencies detected, using: 2396.91
[1441206270.057064] [node009:1169 :0]         mxm.c:185  MXM  WARN  The 'ulimit -s' on the system is set to 'unlimited'. This may have negative performance implications. Please set the heap size to the default value (10240) 
[1441206270.052817] [node010:971  :0]         sys.c:719  MXM  WARN  Conflicting CPU frequencies detected, using: 1898.16
[1441206270.056751] [node010:971  :0]         mxm.c:185  MXM  WARN  The 'ulimit -s' on the system is set to 'unlimited'. This may have negative performance implications. Please set the heap size to the default value (10240) 
[1441206270.043714] [node012:1209 :0]         sys.c:719  MXM  WARN  Conflicting CPU frequencies detected, using: 2097.94
[1441206270.048948] [node012:1209 :0]         mxm.c:185  MXM  WARN  The 'ulimit -s' on the system is set to 'unlimited'. This may have negative performance implications. Please set the heap size to the default value (10240) 
[1441206270.052487] [node012:1219 :0]         sys.c:719  MXM  WARN  Conflicting CPU frequencies detected, using: 2197.69
[1441206270.059869] [node012:1219 :0]         mxm.c:185  MXM  WARN  The 'ulimit -s' on the system is set to 'unlimited'. This may have negative performance implications. Please set the heap size to the default value (10240) 
[1441206270.064869] [node009:1183 :0]         sys.c:719  MXM  WARN  Conflicting CPU frequencies detected, using: 2400.00
[1441206270.069995] [node009:1183 :0]         mxm.c:185  MXM  WARN  The 'ulimit -s' on the system is set to 'unlimited'. This may have negative performance implications. Please set the heap size to the default value (10240) 
[1441206270.054855] [node012:1217 :0]         sys.c:719  MXM  WARN  Conflicting CPU frequencies detected, using: 2197.69
[1441206270.062694] [node012:1217 :0]         mxm.c:185  MXM  WARN  The 'ulimit -s' on the system is set to 'unlimited'. This may have negative performance implications. Please set the heap size to the default value (10240) 
[1441206270.055524] [node013:1292 :0]         sys.c:719  MXM  WARN  Conflicting CPU frequencies detected, using: 1996.31
[1441206270.063269] [node013:1292 :0]         mxm.c:185  MXM  WARN  The 'ulimit -s' on the system is set to 'unlimited'. This may have negative performance implications. Please set the heap size to the default value (10240) 
[1441206270.055512] [node013:1295 :0]         sys.c:719  MXM  WARN  Conflicting CPU frequencies detected, using: 1996.31
[1441206270.064300] [node013:1295 :0]         mxm.c:185  MXM  WARN  The 'ulimit -s' on the system is set to 'unlimited'. This may have negative performance implications. Please set the heap size to the default value (10240) 
[1441206270.073990] [node009:1222 :0]         sys.c:719  MXM  WARN  Conflicting CPU frequencies detected, using: 2400.00
[1441206270.081154] [node009:1222 :0]         mxm.c:185  MXM  WARN  The 'ulimit -s' on the system is set to 'unlimited'. This may have negative performance implications. Please set the heap size to the default value (10240) 
[1441206270.078058] [node012:1260 :0]         sys.c:719  MXM  WARN  Conflicting CPU frequencies detected, using: 2399.44
[1441206270.082687] [node012:1260 :0]         mxm.c:185  MXM  WARN  The 'ulimit -s' on the system is set to 'unlimited'. This may have negative performance implications. Please set the heap size to the default value (10240) 
[1441206270.090814] [node010:988  :0]         sys.c:719  MXM  WARN  Conflicting CPU frequencies detected, using: 2099.53
[1441206270.094682] [node010:988  :0]         mxm.c:185  MXM  WARN  The 'ulimit -s' on the system is set to 'unlimited'. This may have negative performance implications. Please set the heap size to the default value (10240) 
[1441206270.076730] [node011:979  :0]         sys.c:719  MXM  WARN  Conflicting CPU frequencies detected, using: 1996.88
[1441206270.082811] [node011:979  :0]         mxm.c:185  MXM  WARN  The 'ulimit -s' on the system is set to 'unlimited'. This may have negative performance implications. Please set the heap size to the default value (10240) 
[1441206270.087556] [node014:30845:0]         sys.c:719  MXM  WARN  Conflicting CPU frequencies detected, using: 1899.00
[1441206270.091413] [node014:30845:0]         mxm.c:185  MXM  WARN  The 'ulimit -s' on the system is set to 'unlimited'. This may have negative performance implications. Please set the heap size to the default value (10240) 
[1441206270.098310] [node014:30853:0]         sys.c:719  MXM  WARN  Conflicting CPU frequencies detected, using: 1999.50
[1441206270.101950] [node014:30853:0]         mxm.c:185  MXM  WARN  The 'ulimit -s' on the system is set to 'unlimited'. This may have negative performance implications. Please set the heap size to the default value (10240) 
[1441206270.090971] [node015:28468:0]         sys.c:719  MXM  WARN  Conflicting CPU frequencies detected, using: 2099.06
[1441206270.097051] [node015:28468:0]         mxm.c:185  MXM  WARN  The 'ulimit -s' on the system is set to 'unlimited'. This may have negative performance implications. Please set the heap size to the default value (10240) 
[1441206270.111410] [node010:992  :0]         sys.c:719  MXM  WARN  Conflicting CPU frequencies detected, using: 2199.94
[1441206270.114036] [node010:992  :0]         mxm.c:185  MXM  WARN  The 'ulimit -s' on the system is set to 'unlimited'. This may have negative performance implications. Please set the heap size to the default value (10240) 
[1441206270.103203] [node013:1327 :0]         sys.c:719  MXM  WARN  Conflicting CPU frequencies detected, using: 2292.28
[1441206270.108209] [node013:1327 :0]         mxm.c:185  MXM  WARN  The 'ulimit -s' on the system is set to 'unlimited'. This may have negative performance implications. Please set the heap size to the default value (10240) 
[1441206270.116653] [node014:30874:0]         sys.c:719  MXM  WARN  Conflicting CPU frequencies detected, using: 2198.25
[1441206270.119816] [node014:30874:0]         mxm.c:185  MXM  WARN  The 'ulimit -s' on the system is set to 'unlimited'. This may have negative performance implications. Please set the heap size to the default value (10240) 
[1441206270.123780] [node014:30880:0]         sys.c:719  MXM  WARN  Conflicting CPU frequencies detected, using: 2298.66
[1441206270.126516] [node014:30880:0]         mxm.c:185  MXM  WARN  The 'ulimit -s' on the system is set to 'unlimited'. This may have negative performance implications. Please set the heap size to the default value (10240) 
[1441206270.101978] [node012:1276 :0]         sys.c:719  MXM  WARN  Conflicting CPU frequencies detected, using: 2399.91
[1441206270.108894] [node012:1276 :0]         mxm.c:185  MXM  WARN  The 'ulimit -s' on the system is set to 'unlimited'. This may have negative performance implications. Please set the heap size to the default value (10240) 
[1441206270.106015] [node013:1328 :0]         sys.c:719  MXM  WARN  Conflicting CPU frequencies detected, using: 2389.69
[1441206270.111457] [node013:1328 :0]         mxm.c:185  MXM  WARN  The 'ulimit -s' on the system is set to 'unlimited'. This may have negative performance implications. Please set the heap size to the default value (10240) 
[1441206270.127604] [node010:1001 :0]         sys.c:719  MXM  WARN  Conflicting CPU frequencies detected, using: 2299.97
[1441206270.130294] [node010:1001 :0]         mxm.c:185  MXM  WARN  The 'ulimit -s' on the system is set to 'unlimited'. This may have negative performance implications. Please set the heap size to the default value (10240) 
[1441206270.131873] [node010:999  :0]         sys.c:719  MXM  WARN  Conflicting CPU frequencies detected, using: 2397.38
[1441206270.134317] [node010:999  :0]         mxm.c:185  MXM  WARN  The 'ulimit -s' on the system is set to 'unlimited'. This may have negative performance implications. Please set the heap size to the default value (10240) 
[1441206270.110285] [node013:1334 :0]         sys.c:719  MXM  WARN  Conflicting CPU frequencies detected, using: 2389.69
[1441206270.116771] [node013:1334 :0]         mxm.c:185  MXM  WARN  The 'ulimit -s' on the system is set to 'unlimited'. This may have negative performance implications. Please set the heap size to the default value (10240) 
[1441206270.106278] [node012:1277 :0]         sys.c:719  MXM  WARN  Conflicting CPU frequencies detected, using: 2399.91
[1441206270.116740] [node012:1277 :0]         mxm.c:185  MXM  WARN  The 'ulimit -s' on the system is set to 'unlimited'. This may have negative performance implications. Please set the heap size to the default value (10240) 
[1441206270.110387] [node012:1344 :0]         sys.c:719  MXM  WARN  Conflicting CPU frequencies detected, using: 2399.91
[1441206270.120196] [node012:1344 :0]         mxm.c:185  MXM  WARN  The 'ulimit -s' on the system is set to 'unlimited'. This may have negative performance implications. Please set the heap size to the default value (10240) 
[1441206270.134008] [node010:1047 :0]         sys.c:719  MXM  WARN  Conflicting CPU frequencies detected, using: 2397.38
[1441206270.136445] [node010:1047 :0]         mxm.c:185  MXM  WARN  The 'ulimit -s' on the system is set to 'unlimited'. This may have negative performance implications. Please set the heap size to the default value (10240) 
[1441206270.132914] [node010:1056 :0]         sys.c:719  MXM  WARN  Conflicting CPU frequencies detected, using: 2397.38
[1441206270.135857] [node010:1056 :0]         mxm.c:185  MXM  WARN  The 'ulimit -s' on the system is set to 'unlimited'. This may have negative performance implications. Please set the heap size to the default value (10240) 
[1441206270.103866] [node012:1278 :0]         sys.c:719  MXM  WARN  Conflicting CPU frequencies detected, using: 2399.91
[1441206270.112648] [node012:1278 :0]         mxm.c:185  MXM  WARN  The 'ulimit -s' on the system is set to 'unlimited'. This may have negative performance implications. Please set the heap size to the default value (10240) 
[1441206270.124923] [node015:28476:0]         sys.c:719  MXM  WARN  Conflicting CPU frequencies detected, using: 2396.81
[1441206270.129507] [node015:28476:0]         mxm.c:185  MXM  WARN  The 'ulimit -s' on the system is set to 'unlimited'. This may have negative performance implications. Please set the heap size to the default value (10240) 
[1441206270.136430] [node010:1093 :0]         sys.c:719  MXM  WARN  Conflicting CPU frequencies detected, using: 2397.38
[1441206270.139514] [node010:1093 :0]         mxm.c:185  MXM  WARN  The 'ulimit -s' on the system is set to 'unlimited'. This may have negative performance implications. Please set the heap size to the default value (10240) 
[1441206270.114754] [node013:1350 :0]         sys.c:719  MXM  WARN  Conflicting CPU frequencies detected, using: 2400.00
[1441206270.123344] [node013:1350 :0]         mxm.c:185  MXM  WARN  The 'ulimit -s' on the system is set to 'unlimited'. This may have negative performance implications. Please set the heap size to the default value (10240) 
[1441206270.124976] [node011:993  :0]         sys.c:719  MXM  WARN  Conflicting CPU frequencies detected, using: 2400.00
[1441206270.129579] [node011:993  :0]         mxm.c:185  MXM  WARN  The 'ulimit -s' on the system is set to 'unlimited'. This may have negative performance implications. Please set the heap size to the default value (10240) 
[1441206270.132639] [node015:28480:0]         sys.c:719  MXM  WARN  Conflicting CPU frequencies detected, using: 2399.91
[1441206270.139066] [node015:28480:0]         mxm.c:185  MXM  WARN  The 'ulimit -s' on the system is set to 'unlimited'. This may have negative performance implications. Please set the heap size to the default value (10240) 
[1441206270.123586] [node013:1406 :0]         sys.c:719  MXM  WARN  Conflicting CPU frequencies detected, using: 2400.00
[1441206270.133473] [node013:1406 :0]         mxm.c:185  MXM  WARN  The 'ulimit -s' on the system is set to 'unlimited'. This may have negative performance implications. Please set the heap size to the default value (10240) 
[1441206270.123177] [node013:1411 :0]         sys.c:719  MXM  WARN  Conflicting CPU frequencies detected, using: 2400.00
[1441206270.135312] [node013:1411 :0]         mxm.c:185  MXM  WARN  The 'ulimit -s' on the system is set to 'unlimited'. This may have negative performance implications. Please set the heap size to the default value (10240) 
[1441206270.156044] [node014:30905:0]         sys.c:719  MXM  WARN  Conflicting CPU frequencies detected, using: 2399.91
[1441206270.158276] [node014:30905:0]         mxm.c:185  MXM  WARN  The 'ulimit -s' on the system is set to 'unlimited'. This may have negative performance implications. Please set the heap size to the default value (10240) 
[1441206270.154805] [node014:30904:0]         sys.c:719  MXM  WARN  Conflicting CPU frequencies detected, using: 2399.91
[1441206270.157221] [node014:30904:0]         mxm.c:185  MXM  WARN  The 'ulimit -s' on the system is set to 'unlimited'. This may have negative performance implications. Please set the heap size to the default value (10240) 
[1441206270.132500] [node011:991  :0]         sys.c:719  MXM  WARN  Conflicting CPU frequencies detected, using: 2400.00
[1441206270.141236] [node011:991  :0]         mxm.c:185  MXM  WARN  The 'ulimit -s' on the system is set to 'unlimited'. This may have negative performance implications. Please set the heap size to the default value (10240) 
[1441206270.157575] [node014:30947:0]         sys.c:719  MXM  WARN  Conflicting CPU frequencies detected, using: 2399.91
[1441206270.159853] [node014:30947:0]         mxm.c:185  MXM  WARN  The 'ulimit -s' on the system is set to 'unlimited'. This may have negative performance implications. Please set the heap size to the default value (10240) 
[1441206270.156489] [node014:30927:0]         sys.c:719  MXM  WARN  Conflicting CPU frequencies detected, using: 2399.91
[1441206270.159046] [node014:30927:0]         mxm.c:185  MXM  WARN  The 'ulimit -s' on the system is set to 'unlimited'. This may have negative performance implications. Please set the heap size to the default value (10240) 
[1441206270.132423] [node011:992  :0]         sys.c:719  MXM  WARN  Conflicting CPU frequencies detected, using: 2400.00
[1441206270.142021] [node011:992  :0]         mxm.c:185  MXM  WARN  The 'ulimit -s' on the system is set to 'unlimited'. This may have negative performance implications. Please set the heap size to the default value (10240) 
[1441206270.148336] [node015:28502:0]         sys.c:719  MXM  WARN  Conflicting CPU frequencies detected, using: 2400.00
[1441206270.154010] [node015:28502:0]         mxm.c:185  MXM  WARN  The 'ulimit -s' on the system is set to 'unlimited'. This may have negative performance implications. Please set the heap size to the default value (10240) 
[1441206270.143081] [node011:1027 :0]         sys.c:719  MXM  WARN  Conflicting CPU frequencies detected, using: 2400.00
[1441206270.151463] [node011:1027 :0]         mxm.c:185  MXM  WARN  The 'ulimit -s' on the system is set to 'unlimited'. This may have negative performance implications. Please set the heap size to the default value (10240) 
[1441206270.154591] [node011:1084 :0]         sys.c:719  MXM  WARN  Conflicting CPU frequencies detected, using: 2400.00
[1441206270.170316] [node011:1084 :0]         mxm.c:185  MXM  WARN  The 'ulimit -s' on the system is set to 'unlimited'. This may have negative performance implications. Please set the heap size to the default value (10240) 
[1441206270.150561] [node011:1069 :0]         sys.c:719  MXM  WARN  Conflicting CPU frequencies detected, using: 2400.00
[1441206270.166211] [node011:1069 :0]         mxm.c:185  MXM  WARN  The 'ulimit -s' on the system is set to 'unlimited'. This may have negative performance implications. Please set the heap size to the default value (10240) 
[1441206270.155317] [node015:28539:0]         sys.c:719  MXM  WARN  Conflicting CPU frequencies detected, using: 2400.00
[1441206270.167931] [node015:28539:0]         mxm.c:185  MXM  WARN  The 'ulimit -s' on the system is set to 'unlimited'. This may have negative performance implications. Please set the heap size to the default value (10240) 
[1441206270.152272] [node015:28501:0]         sys.c:719  MXM  WARN  Conflicting CPU frequencies detected, using: 2400.00
[1441206270.158771] [node015:28501:0]         mxm.c:185  MXM  WARN  The 'ulimit -s' on the system is set to 'unlimited'. This may have negative performance implications. Please set the heap size to the default value (10240) 
[1441206270.149097] [node011:1065 :0]         sys.c:719  MXM  WARN  Conflicting CPU frequencies detected, using: 2400.00
[1441206270.158755] [node011:1065 :0]         mxm.c:185  MXM  WARN  The 'ulimit -s' on the system is set to 'unlimited'. This may have negative performance implications. Please set the heap size to the default value (10240) 
[1441206270.158347] [node015:28560:0]         sys.c:719  MXM  WARN  Conflicting CPU frequencies detected, using: 2399.91
[1441206270.174494] [node015:28560:0]         mxm.c:185  MXM  WARN  The 'ulimit -s' on the system is set to 'unlimited'. This may have negative performance implications. Please set the heap size to the default value (10240) 
[1441206270.157654] [node015:28567:0]         sys.c:719  MXM  WARN  Conflicting CPU frequencies detected, using: 2399.91
[1441206270.173752] [node015:28567:0]         mxm.c:185  MXM  WARN  The 'ulimit -s' on the system is set to 'unlimited'. This may have negative performance implications. Please set the heap size to the default value (10240) 
UPCR: UPC thread  7 of 64 on node008 (pshm node 0 of 8, process  7 of 64, pid=7605)
UPCR: UPC thread  2 of 64 on node008 (pshm node 0 of 8, process  2 of 64, pid=7600)
UPCR: UPC thread  3 of 64 on node008 (pshm node 0 of 8, process  3 of 64, pid=7601)
UPCR: UPC thread  5 of 64 on node008 (pshm node 0 of 8, process  5 of 64, pid=7603)
UPCR: UPC thread  4 of 64 on node008 (pshm node 0 of 8, process  4 of 64, pid=7602)
UPCR: UPC thread  1 of 64 on node008 (pshm node 0 of 8, process  1 of 64, pid=7599)
UPCR: UPC thread  6 of 64 on node008 (pshm node 0 of 8, process  6 of 64, pid=7604)
UPCR: UPC thread  0 of 64 on node008 (pshm node 0 of 8, process  0 of 64, pid=7598)
UPCR: UPC thread 44 of 64 on node013 (pshm node 5 of 8, process 44 of 64, pid=1327)
UPCR: UPC thread 29 of 64 on node011 (pshm node 3 of 8, process 29 of 64, pid=1065)
UPCR: UPC thread 57 of 64 on node015 (pshm node 7 of 8, process 57 of 64, pid=28501)
UPCR: UPC thread 24 of 64 on node011 (pshm node 3 of 8, process 24 of 64, pid=1069)
UPCR: UPC thread 62 of 64 on node015 (pshm node 7 of 8, process 62 of 64, pid=28539)
UPCR: UPC thread 30 of 64 on node011 (pshm node 3 of 8, process 30 of 64, pid=1027)
UPCR: UPC thread  9 of 64 on node009 (pshm node 1 of 8, process  9 of 64, pid=1098)
UPCR: UPC thread 46 of 64 on node013 (pshm node 5 of 8, process 46 of 64, pid=1406)
UPCR: UPC thread 59 of 64 on node015 (pshm node 7 of 8, process 59 of 64, pid=28468)
UPCR: UPC thread 47 of 64 on node013 (pshm node 5 of 8, process 47 of 64, pid=1411)
UPCR: UPC thread 19 of 64 on node010 (pshm node 2 of 8, process 19 of 64, pid=992)
UPCR: UPC thread 21 of 64 on node010 (pshm node 2 of 8, process 21 of 64, pid=1093)
UPCR: UPC thread 43 of 64 on node013 (pshm node 5 of 8, process 43 of 64, pid=1334)
UPCR: UPC thread 27 of 64 on node011 (pshm node 3 of 8, process 27 of 64, pid=993)
UPCR: UPC thread 42 of 64 on node013 (pshm node 5 of 8, process 42 of 64, pid=1350)
UPCR: UPC thread 20 of 64 on node010 (pshm node 2 of 8, process 20 of 64, pid=1001)
UPCR: UPC thread 28 of 64 on node011 (pshm node 3 of 8, process 28 of 64, pid=991)
UPCR: UPC thread 61 of 64 on node015 (pshm node 7 of 8, process 61 of 64, pid=28502)
UPCR: UPC thread 41 of 64 on node013 (pshm node 5 of 8, process 41 of 64, pid=1328)
UPCR: UPC thread 52 of 64 on node014 (pshm node 6 of 8, process 52 of 64, pid=30845)
UPCR: UPC thread 50 of 64 on node014 (pshm node 6 of 8, process 50 of 64, pid=30853)
UPCR: UPC thread 15 of 64 on node009 (pshm node 1 of 8, process 15 of 64, pid=1097)
UPCR: UPC thread 45 of 64 on node013 (pshm node 5 of 8, process 45 of 64, pid=1292)
UPCR: UPC thread 18 of 64 on node010 (pshm node 2 of 8, process 18 of 64, pid=999)
UPCR: UPC thread 40 of 64 on node013 (pshm node 5 of 8, process 40 of 64, pid=1295)
UPCR: UPC thread 17 of 64 on node010 (pshm node 2 of 8, process 17 of 64, pid=988)
UPCR: UPC thread 48 of 64 on node014 (pshm node 6 of 8, process 48 of 64, pid=30927)
UPCR: UPC thread 58 of 64 on node015 (pshm node 7 of 8, process 58 of 64, pid=28567)
UPCR: UPC thread 49 of 64 on node014 (pshm node 6 of 8, process 49 of 64, pid=30874)
UPCR: UPC thread 60 of 64 on node015 (pshm node 7 of 8, process 60 of 64, pid=28476)
UPCR: UPC thread 26 of 64 on node011 (pshm node 3 of 8, process 26 of 64, pid=1084)
UPCR: UPC thread  8 of 64 on node009 (pshm node 1 of 8, process  8 of 64, pid=1077)
UPCR: UPC thread 37 of 64 on node012 (pshm node 4 of 8, process 37 of 64, pid=1276)
UPCR: UPC thread 34 of 64 on node012 (pshm node 4 of 8, process 34 of 64, pid=1260)
UPCR: UPC thread 25 of 64 on node011 (pshm node 3 of 8, process 25 of 64, pid=979)
UPCR: UPC thread 55 of 64 on node014 (pshm node 6 of 8, process 55 of 64, pid=30905)
UPCR: UPC thread 51 of 64 on node014 (pshm node 6 of 8, process 51 of 64, pid=30947)
UPCR: UPC thread 12 of 64 on node009 (pshm node 1 of 8, process 12 of 64, pid=1096)
UPCR: UPC thread 36 of 64 on node012 (pshm node 4 of 8, process 36 of 64, pid=1277)
UPCR: UPC thread 56 of 64 on node015 (pshm node 7 of 8, process 56 of 64, pid=28480)
UPCR: UPC thread 39 of 64 on node012 (pshm node 4 of 8, process 39 of 64, pid=1209)
UPCR: UPC thread 16 of 64 on node010 (pshm node 2 of 8, process 16 of 64, pid=1047)
UPCR: UPC thread 35 of 64 on node012 (pshm node 4 of 8, process 35 of 64, pid=1217)
UPCR: UPC thread 22 of 64 on node010 (pshm node 2 of 8, process 22 of 64, pid=971)
UPCR: UPC thread 32 of 64 on node012 (pshm node 4 of 8, process 32 of 64, pid=1344)
UPCR: UPC thread 31 of 64 on node011 (pshm node 3 of 8, process 31 of 64, pid=992)
UPCR: UPC thread 11 of 64 on node009 (pshm node 1 of 8, process 11 of 64, pid=1222)
UPCR: UPC thread 14 of 64 on node009 (pshm node 1 of 8, process 14 of 64, pid=1169)
UPCR: UPC thread 13 of 64 on node009 (pshm node 1 of 8, process 13 of 64, pid=1183)
UPCR: UPC thread 54 of 64 on node014 (pshm node 6 of 8, process 54 of 64, pid=30880)
UPCR: UPC thread 63 of 64 on node015 (pshm node 7 of 8, process 63 of 64, pid=28560)
UPCR: UPC thread 38 of 64 on node012 (pshm node 4 of 8, process 38 of 64, pid=1219)
UPCR: UPC thread 10 of 64 on node009 (pshm node 1 of 8, process 10 of 64, pid=1151)
UPCR: UPC thread 33 of 64 on node012 (pshm node 4 of 8, process 33 of 64, pid=1278)
UPCR: UPC thread 23 of 64 on node010 (pshm node 2 of 8, process 23 of 64, pid=1056)
UPCR: UPC thread 53 of 64 on node014 (pshm node 6 of 8, process 53 of 64, pid=30904)
0/64 - htable initialized
0/64 - table size: 68719476736 bytes (65536 MB)
0/64 - total number of buckets: 8589934592
0/64 - block size: 1073741824 (1024 MB)
0/64 - number of buckets in block: 134217728
0/64 - number of blocks: 64
62/64 - Performed a throughput benchmark:
62/64 - Performed 2000000 find-or-put operations with random values from [0,...,25599999]
62/64 - Finds: 1600908 (0.800454), Inserts: 399092 (0.199546), Errors: 0 (0)
62/64 - Execution time: 6.11888 seconds
62/64 - Throughput: 326857 ops/sec
17/64 - Performed a throughput benchmark:
17/64 - Performed 2000000 find-or-put operations with random values from [0,...,25599999]
17/64 - Finds: 1600853 (0.800427), Inserts: 399147 (0.199573), Errors: 0 (0)
17/64 - Execution time: 6.10269 seconds
17/64 - Throughput: 327724 ops/sec
21/64 - Performed a throughput benchmark:
21/64 - Performed 2000000 find-or-put operations with random values from [0,...,25599999]
21/64 - Finds: 1601184 (0.800592), Inserts: 398816 (0.199408), Errors: 0 (0)
21/64 - Execution time: 6.1215 seconds
21/64 - Throughput: 326717 ops/sec
45/64 - Performed a throughput benchmark:
45/64 - Performed 2000000 find-or-put operations with random values from [0,...,25599999]
45/64 - Finds: 1601016 (0.800508), Inserts: 398984 (0.199492), Errors: 0 (0)
45/64 - Execution time: 6.13488 seconds
45/64 - Throughput: 326005 ops/sec
23/64 - Performed a throughput benchmark:
23/64 - Performed 2000000 find-or-put operations with random values from [0,...,25599999]
23/64 - Finds: 1600894 (0.800447), Inserts: 399106 (0.199553), Errors: 0 (0)
23/64 - Execution time: 6.11136 seconds
23/64 - Throughput: 327259 ops/sec
18/64 - Performed a throughput benchmark:
18/64 - Performed 2000000 find-or-put operations with random values from [0,...,25599999]
18/64 - Finds: 1601210 (0.800605), Inserts: 398790 (0.199395), Errors: 0 (0)
18/64 - Execution time: 6.11867 seconds
18/64 - Throughput: 326868 ops/sec
7/64 - Performed a throughput benchmark:
7/64 - Performed 2000000 find-or-put operations with random values from [0,...,25599999]
7/64 - Finds: 1603763 (0.801882), Inserts: 396237 (0.198119), Errors: 0 (0)
7/64 - Execution time: 6.14055 seconds
7/64 - Throughput: 325704 ops/sec
20/64 - Performed a throughput benchmark:
20/64 - Performed 2000000 find-or-put operations with random values from [0,...,25599999]
20/64 - Finds: 1602115 (0.801057), Inserts: 397885 (0.198942), Errors: 0 (0)
20/64 - Execution time: 6.12677 seconds
20/64 - Throughput: 326436 ops/sec
61/64 - Performed a throughput benchmark:
61/64 - Performed 2000000 find-or-put operations with random values from [0,...,25599999]
61/64 - Finds: 1603086 (0.801543), Inserts: 396914 (0.198457), Errors: 0 (0)
61/64 - Execution time: 6.13964 seconds
61/64 - Throughput: 325752 ops/sec
3/64 - Performed a throughput benchmark:
3/64 - Performed 2000000 find-or-put operations with random values from [0,...,25599999]
3/64 - Finds: 1602542 (0.801271), Inserts: 397458 (0.198729), Errors: 0 (0)
3/64 - Execution time: 6.14001 seconds
3/64 - Throughput: 325732 ops/sec
49/64 - Performed a throughput benchmark:
49/64 - Performed 2000000 find-or-put operations with random values from [0,...,25599999]
49/64 - Finds: 1601257 (0.800628), Inserts: 398743 (0.199372), Errors: 0 (0)
49/64 - Execution time: 6.13492 seconds
49/64 - Throughput: 326002 ops/sec
59/64 - Performed a throughput benchmark:
59/64 - Performed 2000000 find-or-put operations with random values from [0,...,25599999]
59/64 - Finds: 1603349 (0.801674), Inserts: 396651 (0.198325), Errors: 0 (0)
59/64 - Execution time: 6.14493 seconds
59/64 - Throughput: 325472 ops/sec
22/64 - Performed a throughput benchmark:
22/64 - Performed 2000000 find-or-put operations with random values from [0,...,25599999]
22/64 - Finds: 1602140 (0.80107), Inserts: 397860 (0.19893), Errors: 0 (0)
22/64 - Execution time: 6.14091 seconds
22/64 - Throughput: 325685 ops/sec
40/64 - Performed a throughput benchmark:
40/64 - Performed 2000000 find-or-put operations with random values from [0,...,25599999]
40/64 - Finds: 1602497 (0.801249), Inserts: 397503 (0.198751), Errors: 0 (0)
40/64 - Execution time: 6.14227 seconds
40/64 - Throughput: 325613 ops/sec
14/64 - Performed a throughput benchmark:
14/64 - Performed 2000000 find-or-put operations with random values from [0,...,25599999]
14/64 - Finds: 1601812 (0.800906), Inserts: 398188 (0.199094), Errors: 0 (0)
14/64 - Execution time: 6.14389 seconds
14/64 - Throughput: 325527 ops/sec
19/64 - Performed a throughput benchmark:
19/64 - Performed 2000000 find-or-put operations with random values from [0,...,25599999]
19/64 - Finds: 1601044 (0.800522), Inserts: 398956 (0.199478), Errors: 0 (0)
19/64 - Execution time: 6.11709 seconds
19/64 - Throughput: 326953 ops/sec
9/64 - Performed a throughput benchmark:
9/64 - Performed 2000000 find-or-put operations with random values from [0,...,25599999]
9/64 - Finds: 1602289 (0.801145), Inserts: 397711 (0.198855), Errors: 0 (0)
9/64 - Execution time: 6.14671 seconds
9/64 - Throughput: 325378 ops/sec
16/64 - Performed a throughput benchmark:
16/64 - Performed 2000000 find-or-put operations with random values from [0,...,25599999]
16/64 - Finds: 1601854 (0.800927), Inserts: 398146 (0.199073), Errors: 0 (0)
16/64 - Execution time: 6.13154 seconds
16/64 - Throughput: 326182 ops/sec
50/64 - Performed a throughput benchmark:
50/64 - Performed 2000000 find-or-put operations with random values from [0,...,25599999]
50/64 - Finds: 1603007 (0.801504), Inserts: 396993 (0.198496), Errors: 0 (0)
50/64 - Execution time: 6.15564 seconds
50/64 - Throughput: 324906 ops/sec
25/64 - Performed a throughput benchmark:
25/64 - Performed 2000000 find-or-put operations with random values from [0,...,25599999]
25/64 - Finds: 1603177 (0.801589), Inserts: 396823 (0.198411), Errors: 0 (0)
25/64 - Execution time: 6.15188 seconds
25/64 - Throughput: 325104 ops/sec
58/64 - Performed a throughput benchmark:
58/64 - Performed 2000000 find-or-put operations with random values from [0,...,25599999]
58/64 - Finds: 1601691 (0.800845), Inserts: 398309 (0.199155), Errors: 0 (0)
58/64 - Execution time: 6.1393 seconds
58/64 - Throughput: 325770 ops/sec
10/64 - Performed a throughput benchmark:
10/64 - Performed 2000000 find-or-put operations with random values from [0,...,25599999]
10/64 - Finds: 1600931 (0.800466), Inserts: 399069 (0.199535), Errors: 0 (0)
10/64 - Execution time: 6.13132 seconds
10/64 - Throughput: 326194 ops/sec
15/64 - Performed a throughput benchmark:
15/64 - Performed 2000000 find-or-put operations with random values from [0,...,25599999]
15/64 - Finds: 1601733 (0.800867), Inserts: 398267 (0.199133), Errors: 0 (0)
15/64 - Execution time: 6.13409 seconds
15/64 - Throughput: 326047 ops/sec
8/64 - Performed a throughput benchmark:
8/64 - Performed 2000000 find-or-put operations with random values from [0,...,25599999]
8/64 - Finds: 1603167 (0.801584), Inserts: 396833 (0.198416), Errors: 0 (0)
8/64 - Execution time: 6.15989 seconds
8/64 - Throughput: 324681 ops/sec
33/64 - Performed a throughput benchmark:
33/64 - Performed 2000000 find-or-put operations with random values from [0,...,25599999]
33/64 - Finds: 1601338 (0.800669), Inserts: 398662 (0.199331), Errors: 0 (0)
33/64 - Execution time: 6.13063 seconds
33/64 - Throughput: 326231 ops/sec
0/64 - Performed a throughput benchmark:
0/64 - Performed 2000000 find-or-put operations with random values from [0,...,25599999]
0/64 - Finds: 1602386 (0.801193), Inserts: 397614 (0.198807), Errors: 0 (0)
0/64 - Execution time: 6.13548 seconds
0/64 - Throughput: 325973 ops/sec
12/64 - Performed a throughput benchmark:
12/64 - Performed 2000000 find-or-put operations with random values from [0,...,25599999]
12/64 - Finds: 1603050 (0.801525), Inserts: 396950 (0.198475), Errors: 0 (0)
12/64 - Execution time: 6.14427 seconds
12/64 - Throughput: 325507 ops/sec
60/64 - Performed a throughput benchmark:
60/64 - Performed 2000000 find-or-put operations with random values from [0,...,25599999]
60/64 - Finds: 1602776 (0.801388), Inserts: 397224 (0.198612), Errors: 0 (0)
60/64 - Execution time: 6.13941 seconds
60/64 - Throughput: 325764 ops/sec
13/64 - Performed a throughput benchmark:
13/64 - Performed 2000000 find-or-put operations with random values from [0,...,25599999]
13/64 - Finds: 1601673 (0.800836), Inserts: 398327 (0.199163), Errors: 0 (0)
13/64 - Execution time: 6.14146 seconds
13/64 - Throughput: 325655 ops/sec
31/64 - Performed a throughput benchmark:
31/64 - Performed 2000000 find-or-put operations with random values from [0,...,25599999]
31/64 - Finds: 1601547 (0.800774), Inserts: 398453 (0.199227), Errors: 0 (0)
31/64 - Execution time: 6.14256 seconds
31/64 - Throughput: 325597 ops/sec
26/64 - Performed a throughput benchmark:
26/64 - Performed 2000000 find-or-put operations with random values from [0,...,25599999]
26/64 - Finds: 1602472 (0.801236), Inserts: 397528 (0.198764), Errors: 0 (0)
26/64 - Execution time: 6.13966 seconds
26/64 - Throughput: 325751 ops/sec
56/64 - Performed a throughput benchmark:
56/64 - Performed 2000000 find-or-put operations with random values from [0,...,25599999]
56/64 - Finds: 1603025 (0.801512), Inserts: 396975 (0.198488), Errors: 0 (0)
56/64 - Execution time: 6.13328 seconds
56/64 - Throughput: 326090 ops/sec
43/64 - Performed a throughput benchmark:
43/64 - Performed 2000000 find-or-put operations with random values from [0,...,25599999]
43/64 - Finds: 1602561 (0.80128), Inserts: 397439 (0.198719), Errors: 0 (0)
43/64 - Execution time: 6.15051 seconds
43/64 - Throughput: 325176 ops/sec
4/64 - Performed a throughput benchmark:
4/64 - Performed 2000000 find-or-put operations with random values from [0,...,25599999]
4/64 - Finds: 1602595 (0.801297), Inserts: 397405 (0.198703), Errors: 0 (0)
4/64 - Execution time: 6.14713 seconds
4/64 - Throughput: 325355 ops/sec
38/64 - Performed a throughput benchmark:
38/64 - Performed 2000000 find-or-put operations with random values from [0,...,25599999]
38/64 - Finds: 1603929 (0.801964), Inserts: 396071 (0.198036), Errors: 0 (0)
38/64 - Execution time: 6.14731 seconds
38/64 - Throughput: 325345 ops/sec
39/64 - Performed a throughput benchmark:
39/64 - Performed 2000000 find-or-put operations with random values from [0,...,25599999]
39/64 - Finds: 1602773 (0.801387), Inserts: 397227 (0.198613), Errors: 0 (0)
39/64 - Execution time: 6.14573 seconds
39/64 - Throughput: 325429 ops/sec
41/64 - Performed a throughput benchmark:
41/64 - Performed 2000000 find-or-put operations with random values from [0,...,25599999]
41/64 - Finds: 1602170 (0.801085), Inserts: 397830 (0.198915), Errors: 0 (0)
41/64 - Execution time: 6.14481 seconds
41/64 - Throughput: 325478 ops/sec
35/64 - Performed a throughput benchmark:
35/64 - Performed 2000000 find-or-put operations with random values from [0,...,25599999]
35/64 - Finds: 1601659 (0.800829), Inserts: 398341 (0.199171), Errors: 0 (0)
35/64 - Execution time: 6.14453 seconds
35/64 - Throughput: 325493 ops/sec
30/64 - Performed a throughput benchmark:
30/64 - Performed 2000000 find-or-put operations with random values from [0,...,25599999]
30/64 - Finds: 1602976 (0.801488), Inserts: 397024 (0.198512), Errors: 0 (0)
30/64 - Execution time: 6.16969 seconds
30/64 - Throughput: 324165 ops/sec
54/64 - Performed a throughput benchmark:
54/64 - Performed 2000000 find-or-put operations with random values from [0,...,25599999]
54/64 - Finds: 1603007 (0.801504), Inserts: 396993 (0.198496), Errors: 0 (0)
54/64 - Execution time: 6.14941 seconds
54/64 - Throughput: 325234 ops/sec
2/64 - Performed a throughput benchmark:
2/64 - Performed 2000000 find-or-put operations with random values from [0,...,25599999]
2/64 - Finds: 1602529 (0.801265), Inserts: 397471 (0.198736), Errors: 0 (0)
2/64 - Execution time: 6.14716 seconds
2/64 - Throughput: 325354 ops/sec
1/64 - Performed a throughput benchmark:
1/64 - Performed 2000000 find-or-put operations with random values from [0,...,25599999]
1/64 - Finds: 1602530 (0.801265), Inserts: 397470 (0.198735), Errors: 0 (0)
1/64 - Execution time: 6.15057 seconds
1/64 - Throughput: 325173 ops/sec
44/64 - Performed a throughput benchmark:
44/64 - Performed 2000000 find-or-put operations with random values from [0,...,25599999]
44/64 - Finds: 1604733 (0.802366), Inserts: 395267 (0.197633), Errors: 0 (0)
44/64 - Execution time: 6.16613 seconds
44/64 - Throughput: 324353 ops/sec
24/64 - Performed a throughput benchmark:
24/64 - Performed 2000000 find-or-put operations with random values from [0,...,25599999]
24/64 - Finds: 1601490 (0.800745), Inserts: 398510 (0.199255), Errors: 0 (0)
24/64 - Execution time: 6.1527 seconds
24/64 - Throughput: 325061 ops/sec
52/64 - Performed a throughput benchmark:
52/64 - Performed 2000000 find-or-put operations with random values from [0,...,25599999]
52/64 - Finds: 1603392 (0.801696), Inserts: 396608 (0.198304), Errors: 0 (0)
52/64 - Execution time: 6.16766 seconds
52/64 - Throughput: 324272 ops/sec
29/64 - Performed a throughput benchmark:
29/64 - Performed 2000000 find-or-put operations with random values from [0,...,25599999]
29/64 - Finds: 1602189 (0.801095), Inserts: 397811 (0.198906), Errors: 0 (0)
29/64 - Execution time: 6.15106 seconds
29/64 - Throughput: 325147 ops/sec
34/64 - Performed a throughput benchmark:
34/64 - Performed 2000000 find-or-put operations with random values from [0,...,25599999]
34/64 - Finds: 1602029 (0.801014), Inserts: 397971 (0.198986), Errors: 0 (0)
34/64 - Execution time: 6.13714 seconds
34/64 - Throughput: 325885 ops/sec
11/64 - Performed a throughput benchmark:
11/64 - Performed 2000000 find-or-put operations with random values from [0,...,25599999]
11/64 - Finds: 1601928 (0.800964), Inserts: 398072 (0.199036), Errors: 0 (0)
11/64 - Execution time: 6.12948 seconds
11/64 - Throughput: 326292 ops/sec
37/64 - Performed a throughput benchmark:
37/64 - Performed 2000000 find-or-put operations with random values from [0,...,25599999]
37/64 - Finds: 1601111 (0.800555), Inserts: 398889 (0.199444), Errors: 0 (0)
37/64 - Execution time: 6.13117 seconds
37/64 - Throughput: 326202 ops/sec
57/64 - Performed a throughput benchmark:
57/64 - Performed 2000000 find-or-put operations with random values from [0,...,25599999]
57/64 - Finds: 1602532 (0.801266), Inserts: 397468 (0.198734), Errors: 0 (0)
57/64 - Execution time: 6.13456 seconds
57/64 - Throughput: 326022 ops/sec
46/64 - Performed a throughput benchmark:
46/64 - Performed 2000000 find-or-put operations with random values from [0,...,25599999]
46/64 - Finds: 1601910 (0.800955), Inserts: 398090 (0.199045), Errors: 0 (0)
46/64 - Execution time: 6.13791 seconds
46/64 - Throughput: 325844 ops/sec
42/64 - Performed a throughput benchmark:
42/64 - Performed 2000000 find-or-put operations with random values from [0,...,25599999]
42/64 - Finds: 1602495 (0.801248), Inserts: 397505 (0.198752), Errors: 0 (0)
42/64 - Execution time: 6.14614 seconds
42/64 - Throughput: 325407 ops/sec
53/64 - Performed a throughput benchmark:
53/64 - Performed 2000000 find-or-put operations with random values from [0,...,25599999]
53/64 - Finds: 1603293 (0.801647), Inserts: 396707 (0.198353), Errors: 0 (0)
53/64 - Execution time: 6.15292 seconds
53/64 - Throughput: 325049 ops/sec
28/64 - Performed a throughput benchmark:
28/64 - Performed 2000000 find-or-put operations with random values from [0,...,25599999]
28/64 - Finds: 1601307 (0.800654), Inserts: 398693 (0.199347), Errors: 0 (0)
28/64 - Execution time: 6.12273 seconds
28/64 - Throughput: 326651 ops/sec
55/64 - Performed a throughput benchmark:
55/64 - Performed 2000000 find-or-put operations with random values from [0,...,25599999]
55/64 - Finds: 1603555 (0.801778), Inserts: 396445 (0.198222), Errors: 0 (0)
55/64 - Execution time: 6.15244 seconds
55/64 - Throughput: 325074 ops/sec
48/64 - Performed a throughput benchmark:
48/64 - Performed 2000000 find-or-put operations with random values from [0,...,25599999]
48/64 - Finds: 1604484 (0.802242), Inserts: 395516 (0.197758), Errors: 0 (0)
48/64 - Execution time: 6.16698 seconds
48/64 - Throughput: 324308 ops/sec
63/64 - Performed a throughput benchmark:
63/64 - Performed 2000000 find-or-put operations with random values from [0,...,25599999]
63/64 - Finds: 1601468 (0.800734), Inserts: 398532 (0.199266), Errors: 0 (0)
63/64 - Execution time: 6.12635 seconds
63/64 - Throughput: 326459 ops/sec
27/64 - Performed a throughput benchmark:
27/64 - Performed 2000000 find-or-put operations with random values from [0,...,25599999]
27/64 - Finds: 1603777 (0.801889), Inserts: 396223 (0.198111), Errors: 0 (0)
27/64 - Execution time: 6.15622 seconds
27/64 - Throughput: 324875 ops/sec
36/64 - Performed a throughput benchmark:
36/64 - Performed 2000000 find-or-put operations with random values from [0,...,25599999]
36/64 - Finds: 1601537 (0.800768), Inserts: 398463 (0.199232), Errors: 0 (0)
36/64 - Execution time: 6.14082 seconds
36/64 - Throughput: 325690 ops/sec
47/64 - Performed a throughput benchmark:
47/64 - Performed 2000000 find-or-put operations with random values from [0,...,25599999]
47/64 - Finds: 1601208 (0.800604), Inserts: 398792 (0.199396), Errors: 0 (0)
47/64 - Execution time: 6.13893 seconds
47/64 - Throughput: 325790 ops/sec
32/64 - Performed a throughput benchmark:
32/64 - Performed 2000000 find-or-put operations with random values from [0,...,25599999]
32/64 - Finds: 1604159 (0.802079), Inserts: 395841 (0.19792), Errors: 0 (0)
32/64 - Execution time: 6.15886 seconds
32/64 - Throughput: 324735 ops/sec
51/64 - Performed a throughput benchmark:
51/64 - Performed 2000000 find-or-put operations with random values from [0,...,25599999]
51/64 - Finds: 1604203 (0.802102), Inserts: 395797 (0.197899), Errors: 0 (0)
51/64 - Execution time: 6.18109 seconds
51/64 - Throughput: 323567 ops/sec
5/64 - Performed a throughput benchmark:
5/64 - Performed 2000000 find-or-put operations with random values from [0,...,25599999]
5/64 - Finds: 1612135 (0.806068), Inserts: 387865 (0.193933), Errors: 0 (0)
5/64 - Execution time: 6.32735 seconds
5/64 - Throughput: 316088 ops/sec
6/64 - Performed a throughput benchmark:
6/64 - Performed 2000000 find-or-put operations with random values from [0,...,25599999]
6/64 - Finds: 1614734 (0.807367), Inserts: 385266 (0.192633), Errors: 0 (0)
6/64 - Execution time: 6.39618 seconds
6/64 - Throughput: 312687 ops/sec
[1441206269.686506] [node008:7553 :0]         sys.c:719  MXM  WARN  Conflicting CPU frequencies detected, using: 1597.69
