[1441206850.990927] [node001:2422 :0]         sys.c:719  MXM  WARN  Conflicting CPU frequencies detected, using: 1521.94
[1441206850.994509] [node001:2422 :0]         mxm.c:185  MXM  WARN  The 'ulimit -s' on the system is set to 'unlimited'. This may have negative performance implications. Please set the heap size to the default value (10240) 
[1441206851.193301] [node012:10593:0]         sys.c:719  MXM  WARN  Conflicting CPU frequencies detected, using: 1492.50
[1441206851.199435] [node012:10593:0]         mxm.c:185  MXM  WARN  The 'ulimit -s' on the system is set to 'unlimited'. This may have negative performance implications. Please set the heap size to the default value (10240) 
[1441206851.197747] [node008:14889:0]         sys.c:719  MXM  WARN  Conflicting CPU frequencies detected, using: 1498.31
[1441206851.203641] [node008:14889:0]         mxm.c:185  MXM  WARN  The 'ulimit -s' on the system is set to 'unlimited'. This may have negative performance implications. Please set the heap size to the default value (10240) 
[1441206851.202745] [node013:10695:0]         sys.c:719  MXM  WARN  Conflicting CPU frequencies detected, using: 1398.47
[1441206851.208461] [node013:10695:0]         mxm.c:185  MXM  WARN  The 'ulimit -s' on the system is set to 'unlimited'. This may have negative performance implications. Please set the heap size to the default value (10240) 
[1441206851.203445] [node011:10389:0]         sys.c:719  MXM  WARN  Conflicting CPU frequencies detected, using: 1486.22
[1441206851.209324] [node011:10389:0]         mxm.c:185  MXM  WARN  The 'ulimit -s' on the system is set to 'unlimited'. This may have negative performance implications. Please set the heap size to the default value (10240) 
[1441206851.210932] [node015:5429 :0]         sys.c:719  MXM  WARN  Conflicting CPU frequencies detected, using: 1498.69
[1441206851.216918] [node015:5429 :0]         mxm.c:185  MXM  WARN  The 'ulimit -s' on the system is set to 'unlimited'. This may have negative performance implications. Please set the heap size to the default value (10240) 
[1441206851.222670] [node018:30237:0]         sys.c:719  MXM  WARN  Conflicting CPU frequencies detected, using: 1496.16
[1441206851.228467] [node018:30237:0]         mxm.c:185  MXM  WARN  The 'ulimit -s' on the system is set to 'unlimited'. This may have negative performance implications. Please set the heap size to the default value (10240) 
[1441206851.198986] [node003:12937:0]         sys.c:719  MXM  WARN  Conflicting CPU frequencies detected, using: 1601.34
[1441206851.202374] [node003:12937:0]         mxm.c:185  MXM  WARN  The 'ulimit -s' on the system is set to 'unlimited'. This may have negative performance implications. Please set the heap size to the default value (10240) 
[1441206851.197992] [node002:15010:0]         sys.c:719  MXM  WARN  Conflicting CPU frequencies detected, using: 1520.16
[1441206851.201634] [node002:15010:0]         mxm.c:185  MXM  WARN  The 'ulimit -s' on the system is set to 'unlimited'. This may have negative performance implications. Please set the heap size to the default value (10240) 
[1441206851.195773] [node009:10488:0]         sys.c:719  MXM  WARN  Conflicting CPU frequencies detected, using: 1699.59
[1441206851.201503] [node009:10488:0]         mxm.c:185  MXM  WARN  The 'ulimit -s' on the system is set to 'unlimited'. This may have negative performance implications. Please set the heap size to the default value (10240) 
[1441206851.240575] [node023:25222:0]         sys.c:719  MXM  WARN  Conflicting CPU frequencies detected, using: 1455.56
[1441206851.246796] [node023:25222:0]         mxm.c:185  MXM  WARN  The 'ulimit -s' on the system is set to 'unlimited'. This may have negative performance implications. Please set the heap size to the default value (10240) 
[1441206851.203356] [node005:12937:0]         sys.c:719  MXM  WARN  Conflicting CPU frequencies detected, using: 1631.06
[1441206851.207205] [node005:12937:0]         mxm.c:185  MXM  WARN  The 'ulimit -s' on the system is set to 'unlimited'. This may have negative performance implications. Please set the heap size to the default value (10240) 
[1441206851.210536] [node046:14982:0]         sys.c:719  MXM  WARN  Conflicting CPU frequencies detected, using: 1801.97
[1441206851.214293] [node046:14982:0]         mxm.c:185  MXM  WARN  The 'ulimit -s' on the system is set to 'unlimited'. This may have negative performance implications. Please set the heap size to the default value (10240) 
[1441206851.207114] [node014:7804 :0]         sys.c:719  MXM  WARN  Conflicting CPU frequencies detected, using: 1580.53
[1441206851.210690] [node014:7804 :0]         mxm.c:185  MXM  WARN  The 'ulimit -s' on the system is set to 'unlimited'. This may have negative performance implications. Please set the heap size to the default value (10240) 
[1441206851.210608] [node004:12408:0]         sys.c:719  MXM  WARN  Conflicting CPU frequencies detected, using: 1398.19
[1441206851.214349] [node004:12408:0]         mxm.c:185  MXM  WARN  The 'ulimit -s' on the system is set to 'unlimited'. This may have negative performance implications. Please set the heap size to the default value (10240) 
[1441206851.223161] [node019:25739:0]         sys.c:719  MXM  WARN  Conflicting CPU frequencies detected, using: 1564.41
[1441206851.226916] [node019:25739:0]         mxm.c:185  MXM  WARN  The 'ulimit -s' on the system is set to 'unlimited'. This may have negative performance implications. Please set the heap size to the default value (10240) 
[1441206851.233007] [node025:20523:0]         sys.c:719  MXM  WARN  Conflicting CPU frequencies detected, using: 1304.62
[1441206851.236857] [node025:20523:0]         mxm.c:185  MXM  WARN  The 'ulimit -s' on the system is set to 'unlimited'. This may have negative performance implications. Please set the heap size to the default value (10240) 
[1441206851.192741] [node006:12271:0]         sys.c:719  MXM  WARN  Conflicting CPU frequencies detected, using: 1594.97
[1441206851.196559] [node006:12271:0]         mxm.c:185  MXM  WARN  The 'ulimit -s' on the system is set to 'unlimited'. This may have negative performance implications. Please set the heap size to the default value (10240) 
[1441206851.227481] [node022:758  :0]         sys.c:719  MXM  WARN  Conflicting CPU frequencies detected, using: 1572.66
[1441206851.233534] [node022:758  :0]         mxm.c:185  MXM  WARN  The 'ulimit -s' on the system is set to 'unlimited'. This may have negative performance implications. Please set the heap size to the default value (10240) 
[1441206851.225799] [node020:24456:0]         sys.c:719  MXM  WARN  Conflicting CPU frequencies detected, using: 1499.81
[1441206851.231714] [node020:24456:0]         mxm.c:185  MXM  WARN  The 'ulimit -s' on the system is set to 'unlimited'. This may have negative performance implications. Please set the heap size to the default value (10240) 
[1441206851.189371] [node010:10380:0]         sys.c:719  MXM  WARN  Conflicting CPU frequencies detected, using: 2181.19
[1441206851.192945] [node010:10380:0]         mxm.c:185  MXM  WARN  The 'ulimit -s' on the system is set to 'unlimited'. This may have negative performance implications. Please set the heap size to the default value (10240) 
[1441206851.198170] [node007:17489:0]         sys.c:719  MXM  WARN  Conflicting CPU frequencies detected, using: 1938.75
[1441206851.201948] [node007:17489:0]         mxm.c:185  MXM  WARN  The 'ulimit -s' on the system is set to 'unlimited'. This may have negative performance implications. Please set the heap size to the default value (10240) 
[1441206851.229416] [node024:26238:0]         sys.c:719  MXM  WARN  Conflicting CPU frequencies detected, using: 1485.94
[1441206851.233242] [node024:26238:0]         mxm.c:185  MXM  WARN  The 'ulimit -s' on the system is set to 'unlimited'. This may have negative performance implications. Please set the heap size to the default value (10240) 
[1441206851.226659] [node021:3628 :0]         sys.c:719  MXM  WARN  Conflicting CPU frequencies detected, using: 1382.53
[1441206851.230395] [node021:3628 :0]         mxm.c:185  MXM  WARN  The 'ulimit -s' on the system is set to 'unlimited'. This may have negative performance implications. Please set the heap size to the default value (10240) 
UPCR: UPC thread  0 of 24 on node001 (pshm node  0 of 24, process  0 of 24, pid=2422)
UPCR: UPC thread 15 of 24 on node018 (pshm node 15 of 24, process 15 of 24, pid=30237)
UPCR: UPC thread 23 of 24 on node046 (pshm node 23 of 24, process 23 of 24, pid=14982)
UPCR: UPC thread 17 of 24 on node020 (pshm node 17 of 24, process 17 of 24, pid=24456)
UPCR: UPC thread 19 of 24 on node022 (pshm node 19 of 24, process 19 of 24, pid=758)
UPCR: UPC thread  9 of 24 on node010 (pshm node  9 of 24, process  9 of 24, pid=10380)
UPCR: UPC thread  3 of 24 on node004 (pshm node  3 of 24, process  3 of 24, pid=12408)
UPCR: UPC thread  7 of 24 on node008 (pshm node  7 of 24, process  7 of 24, pid=14889)
UPCR: UPC thread 16 of 24 on node019 (pshm node 16 of 24, process 16 of 24, pid=25739)
UPCR: UPC thread 22 of 24 on node025 (pshm node 22 of 24, process 22 of 24, pid=20523)
UPCR: UPC thread  4 of 24 on node005 (pshm node  4 of 24, process  4 of 24, pid=12937)
UPCR: UPC thread  6 of 24 on node007 (pshm node  6 of 24, process  6 of 24, pid=17489)
UPCR: UPC thread 11 of 24 on node012 (pshm node 11 of 24, process 11 of 24, pid=10593)
UPCR: UPC thread 10 of 24 on node011 (pshm node 10 of 24, process 10 of 24, pid=10389)
UPCR: UPC thread  5 of 24 on node006 (pshm node  5 of 24, process  5 of 24, pid=12271)
UPCR: UPC thread 18 of 24 on node021 (pshm node 18 of 24, process 18 of 24, pid=3628)
UPCR: UPC thread 12 of 24 on node013 (pshm node 12 of 24, process 12 of 24, pid=10695)
UPCR: UPC thread  2 of 24 on node003 (pshm node  2 of 24, process  2 of 24, pid=12937)
UPCR: UPC thread 21 of 24 on node024 (pshm node 21 of 24, process 21 of 24, pid=26238)
UPCR: UPC thread  1 of 24 on node002 (pshm node  1 of 24, process  1 of 24, pid=15010)
UPCR: UPC thread  8 of 24 on node009 (pshm node  8 of 24, process  8 of 24, pid=10488)
UPCR: UPC thread 14 of 24 on node015 (pshm node 14 of 24, process 14 of 24, pid=5429)
UPCR: UPC thread 13 of 24 on node014 (pshm node 13 of 24, process 13 of 24, pid=7804)
UPCR: UPC thread 20 of 24 on node023 (pshm node 20 of 24, process 20 of 24, pid=25222)
0/24 - htable initialized
0/24 - table size: 25769803776 bytes (24576 MB)
0/24 - total number of buckets: 3221225472
0/24 - block size: 1073741824 (1024 MB)
0/24 - number of buckets in block: 134217728
0/24 - number of blocks: 24
9/24 - Performed a throughput benchmark:
9/24 - Performed 2000000 find-or-put operations with random values from [0,...,9599999]
9/24 - Finds: 1573779 (0.78689), Inserts: 426221 (0.213111), Errors: 0 (0)
9/24 - Execution time: 5.63412 seconds
9/24 - Throughput: 354980 ops/sec
10/24 - Performed a throughput benchmark:
10/24 - Performed 2000000 find-or-put operations with random values from [0,...,9599999]
10/24 - Finds: 1572609 (0.786304), Inserts: 427391 (0.213696), Errors: 0 (0)
10/24 - Execution time: 5.63071 seconds
10/24 - Throughput: 355195 ops/sec
15/24 - Performed a throughput benchmark:
15/24 - Performed 2000000 find-or-put operations with random values from [0,...,9599999]
15/24 - Finds: 1571784 (0.785892), Inserts: 428216 (0.214108), Errors: 0 (0)
15/24 - Execution time: 5.63126 seconds
15/24 - Throughput: 355160 ops/sec
16/24 - Performed a throughput benchmark:
16/24 - Performed 2000000 find-or-put operations with random values from [0,...,9599999]
16/24 - Finds: 1571592 (0.785796), Inserts: 428408 (0.214204), Errors: 0 (0)
16/24 - Execution time: 5.63093 seconds
16/24 - Throughput: 355181 ops/sec
19/24 - Performed a throughput benchmark:
19/24 - Performed 2000000 find-or-put operations with random values from [0,...,9599999]
19/24 - Finds: 1573440 (0.78672), Inserts: 426560 (0.21328), Errors: 0 (0)
19/24 - Execution time: 5.63051 seconds
19/24 - Throughput: 355208 ops/sec
14/24 - Performed a throughput benchmark:
14/24 - Performed 2000000 find-or-put operations with random values from [0,...,9599999]
14/24 - Finds: 1571821 (0.78591), Inserts: 428179 (0.214089), Errors: 0 (0)
14/24 - Execution time: 5.63181 seconds
14/24 - Throughput: 355126 ops/sec
18/24 - Performed a throughput benchmark:
18/24 - Performed 2000000 find-or-put operations with random values from [0,...,9599999]
18/24 - Finds: 1572862 (0.786431), Inserts: 427138 (0.213569), Errors: 0 (0)
18/24 - Execution time: 5.6373 seconds
18/24 - Throughput: 354780 ops/sec
8/24 - Performed a throughput benchmark:
8/24 - Performed 2000000 find-or-put operations with random values from [0,...,9599999]
8/24 - Finds: 1572000 (0.786), Inserts: 428000 (0.214), Errors: 0 (0)
8/24 - Execution time: 5.63075 seconds
8/24 - Throughput: 355192 ops/sec
20/24 - Performed a throughput benchmark:
20/24 - Performed 2000000 find-or-put operations with random values from [0,...,9599999]
20/24 - Finds: 1572128 (0.786064), Inserts: 427872 (0.213936), Errors: 0 (0)
20/24 - Execution time: 5.62762 seconds
20/24 - Throughput: 355390 ops/sec
11/24 - Performed a throughput benchmark:
11/24 - Performed 2000000 find-or-put operations with random values from [0,...,9599999]
11/24 - Finds: 1571544 (0.785772), Inserts: 428456 (0.214228), Errors: 0 (0)
11/24 - Execution time: 5.63134 seconds
11/24 - Throughput: 355155 ops/sec
13/24 - Performed a throughput benchmark:
13/24 - Performed 2000000 find-or-put operations with random values from [0,...,9599999]
13/24 - Finds: 1572547 (0.786273), Inserts: 427453 (0.213727), Errors: 0 (0)
13/24 - Execution time: 5.63367 seconds
13/24 - Throughput: 355009 ops/sec
7/24 - Performed a throughput benchmark:
7/24 - Performed 2000000 find-or-put operations with random values from [0,...,9599999]
7/24 - Finds: 1571746 (0.785873), Inserts: 428254 (0.214127), Errors: 0 (0)
7/24 - Execution time: 5.63835 seconds
7/24 - Throughput: 354713 ops/sec
12/24 - Performed a throughput benchmark:
12/24 - Performed 2000000 find-or-put operations with random values from [0,...,9599999]
12/24 - Finds: 1574698 (0.787349), Inserts: 425302 (0.212651), Errors: 0 (0)
12/24 - Execution time: 5.66123 seconds
12/24 - Throughput: 353280 ops/sec
17/24 - Performed a throughput benchmark:
17/24 - Performed 2000000 find-or-put operations with random values from [0,...,9599999]
17/24 - Finds: 1574665 (0.787332), Inserts: 425335 (0.212668), Errors: 0 (0)
17/24 - Execution time: 5.66665 seconds
17/24 - Throughput: 352942 ops/sec
5/24 - Performed a throughput benchmark:
5/24 - Performed 2000000 find-or-put operations with random values from [0,...,9599999]
5/24 - Finds: 1628658 (0.814329), Inserts: 371342 (0.185671), Errors: 0 (0)
5/24 - Execution time: 6.2941 seconds
5/24 - Throughput: 317758 ops/sec
6/24 - Performed a throughput benchmark:
6/24 - Performed 2000000 find-or-put operations with random values from [0,...,9599999]
6/24 - Finds: 1629097 (0.814549), Inserts: 370903 (0.185451), Errors: 0 (0)
6/24 - Execution time: 6.30254 seconds
6/24 - Throughput: 317332 ops/sec
3/24 - Performed a throughput benchmark:
3/24 - Performed 2000000 find-or-put operations with random values from [0,...,9599999]
3/24 - Finds: 1628350 (0.814175), Inserts: 371650 (0.185825), Errors: 0 (0)
3/24 - Execution time: 6.30345 seconds
3/24 - Throughput: 317287 ops/sec
1/24 - Performed a throughput benchmark:
1/24 - Performed 2000000 find-or-put operations with random values from [0,...,9599999]
1/24 - Finds: 1628476 (0.814238), Inserts: 371524 (0.185762), Errors: 0 (0)
1/24 - Execution time: 6.30954 seconds
1/24 - Throughput: 316980 ops/sec
4/24 - Performed a throughput benchmark:
4/24 - Performed 2000000 find-or-put operations with random values from [0,...,9599999]
4/24 - Finds: 1627979 (0.81399), Inserts: 372021 (0.18601), Errors: 0 (0)
4/24 - Execution time: 6.30314 seconds
4/24 - Throughput: 317302 ops/sec
2/24 - Performed a throughput benchmark:
2/24 - Performed 2000000 find-or-put operations with random values from [0,...,9599999]
2/24 - Finds: 1630421 (0.81521), Inserts: 369579 (0.184789), Errors: 0 (0)
2/24 - Execution time: 6.33283 seconds
2/24 - Throughput: 315815 ops/sec
0/24 - Performed a throughput benchmark:
0/24 - Performed 2000000 find-or-put operations with random values from [0,...,9599999]
0/24 - Finds: 1629820 (0.81491), Inserts: 370180 (0.18509), Errors: 0 (0)
0/24 - Execution time: 6.33622 seconds
0/24 - Throughput: 315646 ops/sec
21/24 - Performed a throughput benchmark:
21/24 - Performed 2000000 find-or-put operations with random values from [0,...,9599999]
21/24 - Finds: 1681035 (0.840518), Inserts: 318965 (0.159482), Errors: 0 (0)
21/24 - Execution time: 7.45726 seconds
21/24 - Throughput: 268195 ops/sec
22/24 - Performed a throughput benchmark:
22/24 - Performed 2000000 find-or-put operations with random values from [0,...,9599999]
22/24 - Finds: 1680289 (0.840144), Inserts: 319711 (0.159856), Errors: 0 (0)
22/24 - Execution time: 7.4509 seconds
22/24 - Throughput: 268424 ops/sec
23/24 - Performed a throughput benchmark:
23/24 - Performed 2000000 find-or-put operations with random values from [0,...,9599999]
23/24 - Finds: 1683117 (0.841558), Inserts: 316883 (0.158442), Errors: 0 (0)
23/24 - Execution time: 7.5057 seconds
23/24 - Throughput: 266464 ops/sec
[1441206850.975626] [node001:2377 :0]         sys.c:719  MXM  WARN  Conflicting CPU frequencies detected, using: 1477.31
