[1441206289.754555] [node008:7814 :0]         sys.c:719  MXM  WARN  Conflicting CPU frequencies detected, using: 1693.12
[1441206289.786329] [node008:7814 :0]         mxm.c:185  MXM  WARN  The 'ulimit -s' on the system is set to 'unlimited'. This may have negative performance implications. Please set the heap size to the default value (10240) 
[1441206289.755251] [node008:7818 :0]         sys.c:719  MXM  WARN  Conflicting CPU frequencies detected, using: 1693.12
[1441206289.821014] [node008:7818 :0]         mxm.c:185  MXM  WARN  The 'ulimit -s' on the system is set to 'unlimited'. This may have negative performance implications. Please set the heap size to the default value (10240) 
[1441206289.758048] [node008:7823 :0]         sys.c:719  MXM  WARN  Conflicting CPU frequencies detected, using: 1693.12
[1441206289.816904] [node008:7823 :0]         mxm.c:185  MXM  WARN  The 'ulimit -s' on the system is set to 'unlimited'. This may have negative performance implications. Please set the heap size to the default value (10240) 
[1441206289.754758] [node008:7817 :0]         sys.c:719  MXM  WARN  Conflicting CPU frequencies detected, using: 1693.12
[1441206289.818668] [node008:7817 :0]         mxm.c:185  MXM  WARN  The 'ulimit -s' on the system is set to 'unlimited'. This may have negative performance implications. Please set the heap size to the default value (10240) 
[1441206289.754319] [node008:7815 :0]         sys.c:719  MXM  WARN  Conflicting CPU frequencies detected, using: 1693.12
[1441206289.780179] [node008:7815 :0]         mxm.c:185  MXM  WARN  The 'ulimit -s' on the system is set to 'unlimited'. This may have negative performance implications. Please set the heap size to the default value (10240) 
[1441206289.755685] [node008:7820 :0]         sys.c:719  MXM  WARN  Conflicting CPU frequencies detected, using: 1693.12
[1441206289.815410] [node008:7820 :0]         mxm.c:185  MXM  WARN  The 'ulimit -s' on the system is set to 'unlimited'. This may have negative performance implications. Please set the heap size to the default value (10240) 
[1441206289.754987] [node008:7816 :0]         sys.c:719  MXM  WARN  Conflicting CPU frequencies detected, using: 1693.12
[1441206289.816149] [node008:7816 :0]         mxm.c:185  MXM  WARN  The 'ulimit -s' on the system is set to 'unlimited'. This may have negative performance implications. Please set the heap size to the default value (10240) 
[1441206289.758946] [node008:7813 :0]         sys.c:719  MXM  WARN  Conflicting CPU frequencies detected, using: 1693.12
[1441206289.820286] [node008:7813 :0]         mxm.c:185  MXM  WARN  The 'ulimit -s' on the system is set to 'unlimited'. This may have negative performance implications. Please set the heap size to the default value (10240) 
[1441206289.754289] [node008:7812 :0]         sys.c:719  MXM  WARN  Conflicting CPU frequencies detected, using: 1693.12
[1441206289.783658] [node008:7812 :0]         mxm.c:185  MXM  WARN  The 'ulimit -s' on the system is set to 'unlimited'. This may have negative performance implications. Please set the heap size to the default value (10240) 
[1441206289.756128] [node008:7822 :0]         sys.c:719  MXM  WARN  Conflicting CPU frequencies detected, using: 1693.12
[1441206289.821836] [node008:7822 :0]         mxm.c:185  MXM  WARN  The 'ulimit -s' on the system is set to 'unlimited'. This may have negative performance implications. Please set the heap size to the default value (10240) 
[1441206289.760554] [node008:7819 :0]         sys.c:719  MXM  WARN  Conflicting CPU frequencies detected, using: 1693.12
[1441206289.833218] [node008:7819 :0]         mxm.c:185  MXM  WARN  The 'ulimit -s' on the system is set to 'unlimited'. This may have negative performance implications. Please set the heap size to the default value (10240) 
[1441206289.757966] [node008:7821 :0]         sys.c:719  MXM  WARN  Conflicting CPU frequencies detected, using: 1693.12
[1441206289.847511] [node008:7821 :0]         mxm.c:185  MXM  WARN  The 'ulimit -s' on the system is set to 'unlimited'. This may have negative performance implications. Please set the heap size to the default value (10240) 
[1441206290.064504] [node010:1426 :0]         sys.c:719  MXM  WARN  Conflicting CPU frequencies detected, using: 1999.97
[1441206290.067848] [node010:1426 :0]         mxm.c:185  MXM  WARN  The 'ulimit -s' on the system is set to 'unlimited'. This may have negative performance implications. Please set the heap size to the default value (10240) 
[1441206290.081693] [node010:1440 :0]         sys.c:719  MXM  WARN  Conflicting CPU frequencies detected, using: 2092.59
[1441206290.084799] [node010:1440 :0]         mxm.c:185  MXM  WARN  The 'ulimit -s' on the system is set to 'unlimited'. This may have negative performance implications. Please set the heap size to the default value (10240) 
[1441206290.106160] [node010:1460 :0]         sys.c:719  MXM  WARN  Conflicting CPU frequencies detected, using: 2199.38
[1441206290.109093] [node010:1460 :0]         mxm.c:185  MXM  WARN  The 'ulimit -s' on the system is set to 'unlimited'. This may have negative performance implications. Please set the heap size to the default value (10240) 
[1441206290.117186] [node010:1470 :0]         sys.c:719  MXM  WARN  Conflicting CPU frequencies detected, using: 2279.62
[1441206290.119955] [node010:1470 :0]         mxm.c:185  MXM  WARN  The 'ulimit -s' on the system is set to 'unlimited'. This may have negative performance implications. Please set the heap size to the default value (10240) 
[1441206290.098559] [node009:1529 :0]         sys.c:719  MXM  WARN  Conflicting CPU frequencies detected, using: 2400.00
[1441206290.104729] [node009:1529 :0]         mxm.c:185  MXM  WARN  The 'ulimit -s' on the system is set to 'unlimited'. This may have negative performance implications. Please set the heap size to the default value (10240) 
[1441206290.106872] [node009:1545 :0]         sys.c:719  MXM  WARN  Conflicting CPU frequencies detected, using: 2400.00
[1441206290.115950] [node009:1545 :0]         mxm.c:185  MXM  WARN  The 'ulimit -s' on the system is set to 'unlimited'. This may have negative performance implications. Please set the heap size to the default value (10240) 
[1441206290.135649] [node010:1507 :0]         sys.c:719  MXM  WARN  Conflicting CPU frequencies detected, using: 2388.47
[1441206290.138496] [node010:1507 :0]         mxm.c:185  MXM  WARN  The 'ulimit -s' on the system is set to 'unlimited'. This may have negative performance implications. Please set the heap size to the default value (10240) 
[1441206290.098893] [node009:1531 :0]         sys.c:719  MXM  WARN  Conflicting CPU frequencies detected, using: 2400.00
[1441206290.108004] [node009:1531 :0]         mxm.c:185  MXM  WARN  The 'ulimit -s' on the system is set to 'unlimited'. This may have negative performance implications. Please set the heap size to the default value (10240) 
[1441206290.102385] [node009:1537 :0]         sys.c:719  MXM  WARN  Conflicting CPU frequencies detected, using: 2400.00
[1441206290.117923] [node009:1537 :0]         mxm.c:185  MXM  WARN  The 'ulimit -s' on the system is set to 'unlimited'. This may have negative performance implications. Please set the heap size to the default value (10240) 
[1441206290.110392] [node009:1617 :0]         sys.c:719  MXM  WARN  Conflicting CPU frequencies detected, using: 2400.00
[1441206290.127763] [node009:1617 :0]         mxm.c:185  MXM  WARN  The 'ulimit -s' on the system is set to 'unlimited'. This may have negative performance implications. Please set the heap size to the default value (10240) 
[1441206290.129531] [node009:1653 :0]         sys.c:719  MXM  WARN  Conflicting CPU frequencies detected, using: 2400.09
[1441206290.141216] [node009:1653 :0]         mxm.c:185  MXM  WARN  The 'ulimit -s' on the system is set to 'unlimited'. This may have negative performance implications. Please set the heap size to the default value (10240) 
[1441206290.111467] [node009:1623 :0]         sys.c:719  MXM  WARN  Conflicting CPU frequencies detected, using: 2400.00
[1441206290.136931] [node009:1623 :0]         mxm.c:185  MXM  WARN  The 'ulimit -s' on the system is set to 'unlimited'. This may have negative performance implications. Please set the heap size to the default value (10240) 
[1441206290.169400] [node011:1434 :0]         sys.c:719  MXM  WARN  Conflicting CPU frequencies detected, using: 1842.09
[1441206290.175414] [node011:1434 :0]         mxm.c:185  MXM  WARN  The 'ulimit -s' on the system is set to 'unlimited'. This may have negative performance implications. Please set the heap size to the default value (10240) 
[1441206290.187819] [node011:1451 :0]         sys.c:719  MXM  WARN  Conflicting CPU frequencies detected, using: 1898.62
[1441206290.193097] [node011:1451 :0]         mxm.c:185  MXM  WARN  The 'ulimit -s' on the system is set to 'unlimited'. This may have negative performance implications. Please set the heap size to the default value (10240) 
[1441206290.102468] [node009:1532 :0]         sys.c:719  MXM  WARN  Conflicting CPU frequencies detected, using: 2400.00
[1441206290.121648] [node009:1532 :0]         mxm.c:185  MXM  WARN  The 'ulimit -s' on the system is set to 'unlimited'. This may have negative performance implications. Please set the heap size to the default value (10240) 
[1441206290.269506] [node009:1734 :0]         sys.c:719  MXM  WARN  Conflicting CPU frequencies detected, using: 2400.00
[1441206290.274417] [node009:1734 :0]         mxm.c:185  MXM  WARN  The 'ulimit -s' on the system is set to 'unlimited'. This may have negative performance implications. Please set the heap size to the default value (10240) 
[1441206290.276366] [node009:1733 :0]         sys.c:719  MXM  WARN  Conflicting CPU frequencies detected, using: 2400.00
[1441206290.282815] [node009:1733 :0]         mxm.c:185  MXM  WARN  The 'ulimit -s' on the system is set to 'unlimited'. This may have negative performance implications. Please set the heap size to the default value (10240) 
[1441206290.271251] [node011:1481 :0]         sys.c:719  MXM  WARN  Conflicting CPU frequencies detected, using: 1798.69
[1441206290.276458] [node011:1481 :0]         mxm.c:185  MXM  WARN  The 'ulimit -s' on the system is set to 'unlimited'. This may have negative performance implications. Please set the heap size to the default value (10240) 
[1441206290.276689] [node012:1667 :0]         sys.c:719  MXM  WARN  Conflicting CPU frequencies detected, using: 1891.97
[1441206290.281857] [node012:1667 :0]         mxm.c:185  MXM  WARN  The 'ulimit -s' on the system is set to 'unlimited'. This may have negative performance implications. Please set the heap size to the default value (10240) 
[1441206290.296604] [node012:1684 :0]         sys.c:719  MXM  WARN  Conflicting CPU frequencies detected, using: 1993.78
[1441206290.301919] [node012:1684 :0]         mxm.c:185  MXM  WARN  The 'ulimit -s' on the system is set to 'unlimited'. This may have negative performance implications. Please set the heap size to the default value (10240) 
[1441206290.303502] [node013:1758 :0]         sys.c:719  MXM  WARN  Conflicting CPU frequencies detected, using: 1885.69
[1441206290.308553] [node013:1758 :0]         mxm.c:185  MXM  WARN  The 'ulimit -s' on the system is set to 'unlimited'. This may have negative performance implications. Please set the heap size to the default value (10240) 
[1441206290.323847] [node010:1546 :0]         sys.c:719  MXM  WARN  Conflicting CPU frequencies detected, using: 1899.66
[1441206290.327024] [node010:1546 :0]         mxm.c:185  MXM  WARN  The 'ulimit -s' on the system is set to 'unlimited'. This may have negative performance implications. Please set the heap size to the default value (10240) 
[1441206290.334741] [node010:1552 :0]         sys.c:719  MXM  WARN  Conflicting CPU frequencies detected, using: 1996.97
[1441206290.337428] [node010:1552 :0]         mxm.c:185  MXM  WARN  The 'ulimit -s' on the system is set to 'unlimited'. This may have negative performance implications. Please set the heap size to the default value (10240) 
[1441206290.333200] [node012:1712 :0]         sys.c:719  MXM  WARN  Conflicting CPU frequencies detected, using: 2299.22
[1441206290.338000] [node012:1712 :0]         mxm.c:185  MXM  WARN  The 'ulimit -s' on the system is set to 'unlimited'. This may have negative performance implications. Please set the heap size to the default value (10240) 
[1441206290.337272] [node011:1505 :0]         sys.c:719  MXM  WARN  Conflicting CPU frequencies detected, using: 2399.62
[1441206290.341785] [node011:1505 :0]         mxm.c:185  MXM  WARN  The 'ulimit -s' on the system is set to 'unlimited'. This may have negative performance implications. Please set the heap size to the default value (10240) 
[1441206290.346827] [node013:1775 :0]         sys.c:719  MXM  WARN  Conflicting CPU frequencies detected, using: 2197.22
[1441206290.351524] [node013:1775 :0]         mxm.c:185  MXM  WARN  The 'ulimit -s' on the system is set to 'unlimited'. This may have negative performance implications. Please set the heap size to the default value (10240) 
[1441206290.350557] [node011:1535 :0]         sys.c:719  MXM  WARN  Conflicting CPU frequencies detected, using: 2399.91
[1441206290.356318] [node011:1535 :0]         mxm.c:185  MXM  WARN  The 'ulimit -s' on the system is set to 'unlimited'. This may have negative performance implications. Please set the heap size to the default value (10240) 
[1441206290.346194] [node011:1511 :0]         sys.c:719  MXM  WARN  Conflicting CPU frequencies detected, using: 2399.91
[1441206290.352625] [node011:1511 :0]         mxm.c:185  MXM  WARN  The 'ulimit -s' on the system is set to 'unlimited'. This may have negative performance implications. Please set the heap size to the default value (10240) 
[1441206290.355903] [node009:1781 :0]         sys.c:719  MXM  WARN  Conflicting CPU frequencies detected, using: 2380.78
[1441206290.361084] [node009:1781 :0]         mxm.c:185  MXM  WARN  The 'ulimit -s' on the system is set to 'unlimited'. This may have negative performance implications. Please set the heap size to the default value (10240) 
[1441206290.370305] [node010:1583 :0]         sys.c:719  MXM  WARN  Conflicting CPU frequencies detected, using: 2198.34
[1441206290.372831] [node010:1583 :0]         mxm.c:185  MXM  WARN  The 'ulimit -s' on the system is set to 'unlimited'. This may have negative performance implications. Please set the heap size to the default value (10240) 
[1441206290.363051] [node013:1785 :0]         sys.c:719  MXM  WARN  Conflicting CPU frequencies detected, using: 2398.03
[1441206290.368545] [node013:1785 :0]         mxm.c:185  MXM  WARN  The 'ulimit -s' on the system is set to 'unlimited'. This may have negative performance implications. Please set the heap size to the default value (10240) 
[1441206290.370805] [node010:1587 :0]         sys.c:719  MXM  WARN  Conflicting CPU frequencies detected, using: 2198.34
[1441206290.373407] [node010:1587 :0]         mxm.c:185  MXM  WARN  The 'ulimit -s' on the system is set to 'unlimited'. This may have negative performance implications. Please set the heap size to the default value (10240) 
[1441206290.366814] [node012:1740 :0]         sys.c:719  MXM  WARN  Conflicting CPU frequencies detected, using: 2399.91
[1441206290.372289] [node012:1740 :0]         mxm.c:185  MXM  WARN  The 'ulimit -s' on the system is set to 'unlimited'. This may have negative performance implications. Please set the heap size to the default value (10240) 
[1441206290.379906] [node010:1623 :0]         sys.c:719  MXM  WARN  Conflicting CPU frequencies detected, using: 2298.66
[1441206290.382627] [node010:1623 :0]         mxm.c:185  MXM  WARN  The 'ulimit -s' on the system is set to 'unlimited'. This may have negative performance implications. Please set the heap size to the default value (10240) 
[1441206290.370735] [node012:1739 :0]         sys.c:719  MXM  WARN  Conflicting CPU frequencies detected, using: 2399.91
[1441206290.376263] [node012:1739 :0]         mxm.c:185  MXM  WARN  The 'ulimit -s' on the system is set to 'unlimited'. This may have negative performance implications. Please set the heap size to the default value (10240) 
[1441206290.377100] [node012:1771 :0]         sys.c:719  MXM  WARN  Conflicting CPU frequencies detected, using: 2399.91
[1441206290.384255] [node012:1771 :0]         mxm.c:185  MXM  WARN  The 'ulimit -s' on the system is set to 'unlimited'. This may have negative performance implications. Please set the heap size to the default value (10240) 
[1441206290.377403] [node013:1809 :0]         sys.c:719  MXM  WARN  Conflicting CPU frequencies detected, using: 2400.00
[1441206290.382822] [node013:1809 :0]         mxm.c:185  MXM  WARN  The 'ulimit -s' on the system is set to 'unlimited'. This may have negative performance implications. Please set the heap size to the default value (10240) 
[1441206290.394047] [node010:1645 :0]         sys.c:719  MXM  WARN  Conflicting CPU frequencies detected, using: 2396.62
[1441206290.396905] [node010:1645 :0]         mxm.c:185  MXM  WARN  The 'ulimit -s' on the system is set to 'unlimited'. This may have negative performance implications. Please set the heap size to the default value (10240) 
[1441206290.380831] [node013:1824 :0]         sys.c:719  MXM  WARN  Conflicting CPU frequencies detected, using: 2400.00
[1441206290.387931] [node013:1824 :0]         mxm.c:185  MXM  WARN  The 'ulimit -s' on the system is set to 'unlimited'. This may have negative performance implications. Please set the heap size to the default value (10240) 
[1441206290.381657] [node013:1807 :0]         sys.c:719  MXM  WARN  Conflicting CPU frequencies detected, using: 2400.00
[1441206290.392281] [node013:1807 :0]         mxm.c:185  MXM  WARN  The 'ulimit -s' on the system is set to 'unlimited'. This may have negative performance implications. Please set the heap size to the default value (10240) 
[1441206290.398290] [node014:31295:0]         sys.c:719  MXM  WARN  Conflicting CPU frequencies detected, using: 2196.09
[1441206290.403282] [node014:31295:0]         mxm.c:185  MXM  WARN  The 'ulimit -s' on the system is set to 'unlimited'. This may have negative performance implications. Please set the heap size to the default value (10240) 
[1441206290.422781] [node010:1686 :0]         sys.c:719  MXM  WARN  Conflicting CPU frequencies detected, using: 2400.00
[1441206290.425345] [node010:1686 :0]         mxm.c:185  MXM  WARN  The 'ulimit -s' on the system is set to 'unlimited'. This may have negative performance implications. Please set the heap size to the default value (10240) 
[1441206290.404973] [node015:28921:0]         sys.c:719  MXM  WARN  Conflicting CPU frequencies detected, using: 2299.88
[1441206290.410899] [node015:28921:0]         mxm.c:185  MXM  WARN  The 'ulimit -s' on the system is set to 'unlimited'. This may have negative performance implications. Please set the heap size to the default value (10240) 
[1441206290.424111] [node012:1788 :0]         sys.c:719  MXM  WARN  Conflicting CPU frequencies detected, using: 2400.00
[1441206290.428691] [node012:1788 :0]         mxm.c:185  MXM  WARN  The 'ulimit -s' on the system is set to 'unlimited'. This may have negative performance implications. Please set the heap size to the default value (10240) 
[1441206290.409203] [node015:28922:0]         sys.c:719  MXM  WARN  Conflicting CPU frequencies detected, using: 2299.88
[1441206290.414315] [node015:28922:0]         mxm.c:185  MXM  WARN  The 'ulimit -s' on the system is set to 'unlimited'. This may have negative performance implications. Please set the heap size to the default value (10240) 
[1441206290.414189] [node009:1818 :0]         sys.c:719  MXM  WARN  Conflicting CPU frequencies detected, using: 2301.56
[1441206290.419813] [node009:1818 :0]         mxm.c:185  MXM  WARN  The 'ulimit -s' on the system is set to 'unlimited'. This may have negative performance implications. Please set the heap size to the default value (10240) 
[1441206290.415930] [node015:28923:0]         sys.c:719  MXM  WARN  Conflicting CPU frequencies detected, using: 2395.88
[1441206290.426124] [node015:28923:0]         mxm.c:185  MXM  WARN  The 'ulimit -s' on the system is set to 'unlimited'. This may have negative performance implications. Please set the heap size to the default value (10240) 
[1441206290.418442] [node015:28932:0]         sys.c:719  MXM  WARN  Conflicting CPU frequencies detected, using: 2397.75
[1441206290.430207] [node015:28932:0]         mxm.c:185  MXM  WARN  The 'ulimit -s' on the system is set to 'unlimited'. This may have negative performance implications. Please set the heap size to the default value (10240) 
[1441206290.436846] [node013:1902 :0]         sys.c:719  MXM  WARN  Conflicting CPU frequencies detected, using: 2400.00
[1441206290.443812] [node013:1902 :0]         mxm.c:185  MXM  WARN  The 'ulimit -s' on the system is set to 'unlimited'. This may have negative performance implications. Please set the heap size to the default value (10240) 
[1441206290.439239] [node012:1803 :0]         sys.c:719  MXM  WARN  Conflicting CPU frequencies detected, using: 2400.00
[1441206290.446267] [node012:1803 :0]         mxm.c:185  MXM  WARN  The 'ulimit -s' on the system is set to 'unlimited'. This may have negative performance implications. Please set the heap size to the default value (10240) 
[1441206290.439458] [node012:1802 :0]         sys.c:719  MXM  WARN  Conflicting CPU frequencies detected, using: 2400.00
[1441206290.447776] [node012:1802 :0]         mxm.c:185  MXM  WARN  The 'ulimit -s' on the system is set to 'unlimited'. This may have negative performance implications. Please set the heap size to the default value (10240) 
[1441206290.443649] [node013:1905 :0]         sys.c:719  MXM  WARN  Conflicting CPU frequencies detected, using: 2400.00
[1441206290.448584] [node013:1905 :0]         mxm.c:185  MXM  WARN  The 'ulimit -s' on the system is set to 'unlimited'. This may have negative performance implications. Please set the heap size to the default value (10240) 
[1441206290.436831] [node013:1901 :0]         sys.c:719  MXM  WARN  Conflicting CPU frequencies detected, using: 2400.00
[1441206290.444585] [node013:1901 :0]         mxm.c:185  MXM  WARN  The 'ulimit -s' on the system is set to 'unlimited'. This may have negative performance implications. Please set the heap size to the default value (10240) 
[1441206290.446235] [node012:1804 :0]         sys.c:719  MXM  WARN  Conflicting CPU frequencies detected, using: 2400.00
[1441206290.457669] [node012:1804 :0]         mxm.c:185  MXM  WARN  The 'ulimit -s' on the system is set to 'unlimited'. This may have negative performance implications. Please set the heap size to the default value (10240) 
[1441206290.447689] [node011:1578 :0]         sys.c:719  MXM  WARN  Conflicting CPU frequencies detected, using: 2400.00
[1441206290.454042] [node011:1578 :0]         mxm.c:185  MXM  WARN  The 'ulimit -s' on the system is set to 'unlimited'. This may have negative performance implications. Please set the heap size to the default value (10240) 
[1441206290.442466] [node012:1845 :0]         sys.c:719  MXM  WARN  Conflicting CPU frequencies detected, using: 2400.00
[1441206290.456982] [node012:1845 :0]         mxm.c:185  MXM  WARN  The 'ulimit -s' on the system is set to 'unlimited'. This may have negative performance implications. Please set the heap size to the default value (10240) 
[1441206290.444897] [node013:1907 :0]         sys.c:719  MXM  WARN  Conflicting CPU frequencies detected, using: 2400.00
[1441206290.457661] [node013:1907 :0]         mxm.c:185  MXM  WARN  The 'ulimit -s' on the system is set to 'unlimited'. This may have negative performance implications. Please set the heap size to the default value (10240) 
[1441206290.444874] [node013:2029 :0]         sys.c:719  MXM  WARN  Conflicting CPU frequencies detected, using: 2400.00
[1441206290.461118] [node013:2029 :0]         mxm.c:185  MXM  WARN  The 'ulimit -s' on the system is set to 'unlimited'. This may have negative performance implications. Please set the heap size to the default value (10240) 
[1441206290.450087] [node011:1581 :0]         sys.c:719  MXM  WARN  Conflicting CPU frequencies detected, using: 2400.00
[1441206290.458769] [node011:1581 :0]         mxm.c:185  MXM  WARN  The 'ulimit -s' on the system is set to 'unlimited'. This may have negative performance implications. Please set the heap size to the default value (10240) 
[1441206290.450070] [node011:1579 :0]         sys.c:719  MXM  WARN  Conflicting CPU frequencies detected, using: 2400.00
[1441206290.459566] [node011:1579 :0]         mxm.c:185  MXM  WARN  The 'ulimit -s' on the system is set to 'unlimited'. This may have negative performance implications. Please set the heap size to the default value (10240) 
[1441206290.445450] [node013:1906 :0]         sys.c:719  MXM  WARN  Conflicting CPU frequencies detected, using: 2400.00
[1441206290.466119] [node013:1906 :0]         mxm.c:185  MXM  WARN  The 'ulimit -s' on the system is set to 'unlimited'. This may have negative performance implications. Please set the heap size to the default value (10240) 
[1441206290.445045] [node012:1923 :0]         sys.c:719  MXM  WARN  Conflicting CPU frequencies detected, using: 2400.00
[1441206290.466255] [node012:1923 :0]         mxm.c:185  MXM  WARN  The 'ulimit -s' on the system is set to 'unlimited'. This may have negative performance implications. Please set the heap size to the default value (10240) 
[1441206290.454236] [node011:1580 :0]         sys.c:719  MXM  WARN  Conflicting CPU frequencies detected, using: 2400.00
[1441206290.472987] [node011:1580 :0]         mxm.c:185  MXM  WARN  The 'ulimit -s' on the system is set to 'unlimited'. This may have negative performance implications. Please set the heap size to the default value (10240) 
[1441206290.452201] [node011:1577 :0]         sys.c:719  MXM  WARN  Conflicting CPU frequencies detected, using: 2400.00
[1441206290.466103] [node011:1577 :0]         mxm.c:185  MXM  WARN  The 'ulimit -s' on the system is set to 'unlimited'. This may have negative performance implications. Please set the heap size to the default value (10240) 
[1441206290.483343] [node015:28995:0]         sys.c:719  MXM  WARN  Conflicting CPU frequencies detected, using: 2399.91
[1441206290.489048] [node015:28995:0]         mxm.c:185  MXM  WARN  The 'ulimit -s' on the system is set to 'unlimited'. This may have negative performance implications. Please set the heap size to the default value (10240) 
[1441206290.456610] [node011:1670 :0]         sys.c:719  MXM  WARN  Conflicting CPU frequencies detected, using: 2400.00
[1441206290.479632] [node011:1670 :0]         mxm.c:185  MXM  WARN  The 'ulimit -s' on the system is set to 'unlimited'. This may have negative performance implications. Please set the heap size to the default value (10240) 
[1441206290.518963] [node014:31317:0]         sys.c:719  MXM  WARN  Conflicting CPU frequencies detected, using: 2400.00
[1441206290.521451] [node014:31317:0]         mxm.c:185  MXM  WARN  The 'ulimit -s' on the system is set to 'unlimited'. This may have negative performance implications. Please set the heap size to the default value (10240) 
[1441206290.489635] [node015:28991:0]         sys.c:719  MXM  WARN  Conflicting CPU frequencies detected, using: 2399.91
[1441206290.501071] [node015:28991:0]         mxm.c:185  MXM  WARN  The 'ulimit -s' on the system is set to 'unlimited'. This may have negative performance implications. Please set the heap size to the default value (10240) 
[1441206290.520968] [node014:31311:0]         sys.c:719  MXM  WARN  Conflicting CPU frequencies detected, using: 2400.00
[1441206290.524164] [node014:31311:0]         mxm.c:185  MXM  WARN  The 'ulimit -s' on the system is set to 'unlimited'. This may have negative performance implications. Please set the heap size to the default value (10240) 
[1441206290.522123] [node014:31315:0]         sys.c:719  MXM  WARN  Conflicting CPU frequencies detected, using: 2400.00
[1441206290.525097] [node014:31315:0]         mxm.c:185  MXM  WARN  The 'ulimit -s' on the system is set to 'unlimited'. This may have negative performance implications. Please set the heap size to the default value (10240) 
[1441206290.522883] [node014:31335:0]         sys.c:719  MXM  WARN  Conflicting CPU frequencies detected, using: 2400.00
[1441206290.525191] [node014:31335:0]         mxm.c:185  MXM  WARN  The 'ulimit -s' on the system is set to 'unlimited'. This may have negative performance implications. Please set the heap size to the default value (10240) 
[1441206290.521082] [node014:31325:0]         sys.c:719  MXM  WARN  Conflicting CPU frequencies detected, using: 2400.00
[1441206290.523530] [node014:31325:0]         mxm.c:185  MXM  WARN  The 'ulimit -s' on the system is set to 'unlimited'. This may have negative performance implications. Please set the heap size to the default value (10240) 
[1441206290.522015] [node014:31316:0]         sys.c:719  MXM  WARN  Conflicting CPU frequencies detected, using: 2400.00
[1441206290.526310] [node014:31316:0]         mxm.c:185  MXM  WARN  The 'ulimit -s' on the system is set to 'unlimited'. This may have negative performance implications. Please set the heap size to the default value (10240) 
[1441206290.530687] [node014:31346:0]         sys.c:719  MXM  WARN  Conflicting CPU frequencies detected, using: 2400.00
[1441206290.533434] [node014:31346:0]         mxm.c:185  MXM  WARN  The 'ulimit -s' on the system is set to 'unlimited'. This may have negative performance implications. Please set the heap size to the default value (10240) 
[1441206290.527744] [node014:31410:0]         sys.c:719  MXM  WARN  Conflicting CPU frequencies detected, using: 2400.00
[1441206290.531860] [node014:31410:0]         mxm.c:185  MXM  WARN  The 'ulimit -s' on the system is set to 'unlimited'. This may have negative performance implications. Please set the heap size to the default value (10240) 
[1441206290.531299] [node014:31471:0]         sys.c:719  MXM  WARN  Conflicting CPU frequencies detected, using: 2400.00
[1441206290.537295] [node014:31471:0]         mxm.c:185  MXM  WARN  The 'ulimit -s' on the system is set to 'unlimited'. This may have negative performance implications. Please set the heap size to the default value (10240) 
[1441206290.523254] [node014:31322:0]         sys.c:719  MXM  WARN  Conflicting CPU frequencies detected, using: 2400.00
[1441206290.529716] [node014:31322:0]         mxm.c:185  MXM  WARN  The 'ulimit -s' on the system is set to 'unlimited'. This may have negative performance implications. Please set the heap size to the default value (10240) 
[1441206290.528732] [node014:31470:0]         sys.c:719  MXM  WARN  Conflicting CPU frequencies detected, using: 2400.00
[1441206290.533297] [node014:31470:0]         mxm.c:185  MXM  WARN  The 'ulimit -s' on the system is set to 'unlimited'. This may have negative performance implications. Please set the heap size to the default value (10240) 
[1441206290.490817] [node015:28994:0]         sys.c:719  MXM  WARN  Conflicting CPU frequencies detected, using: 2399.91
[1441206290.518465] [node015:28994:0]         mxm.c:185  MXM  WARN  The 'ulimit -s' on the system is set to 'unlimited'. This may have negative performance implications. Please set the heap size to the default value (10240) 
[1441206290.484788] [node015:29000:0]         sys.c:719  MXM  WARN  Conflicting CPU frequencies detected, using: 2399.91
[1441206290.493798] [node015:29000:0]         mxm.c:185  MXM  WARN  The 'ulimit -s' on the system is set to 'unlimited'. This may have negative performance implications. Please set the heap size to the default value (10240) 
[1441206290.484706] [node015:29001:0]         sys.c:719  MXM  WARN  Conflicting CPU frequencies detected, using: 2399.91
[1441206290.510885] [node015:29001:0]         mxm.c:185  MXM  WARN  The 'ulimit -s' on the system is set to 'unlimited'. This may have negative performance implications. Please set the heap size to the default value (10240) 
[1441206290.489547] [node015:29034:0]         sys.c:719  MXM  WARN  Conflicting CPU frequencies detected, using: 2399.91
[1441206290.510131] [node015:29034:0]         mxm.c:185  MXM  WARN  The 'ulimit -s' on the system is set to 'unlimited'. This may have negative performance implications. Please set the heap size to the default value (10240) 
[1441206290.490161] [node015:28997:0]         sys.c:719  MXM  WARN  Conflicting CPU frequencies detected, using: 2399.91
[1441206290.515017] [node015:28997:0]         mxm.c:185  MXM  WARN  The 'ulimit -s' on the system is set to 'unlimited'. This may have negative performance implications. Please set the heap size to the default value (10240) 
[1441206290.491444] [node015:28996:0]         sys.c:719  MXM  WARN  Conflicting CPU frequencies detected, using: 2399.91
[1441206290.520084] [node015:28996:0]         mxm.c:185  MXM  WARN  The 'ulimit -s' on the system is set to 'unlimited'. This may have negative performance implications. Please set the heap size to the default value (10240) 
UPCR: UPC thread  7 of 96 on node008 (pshm node 0 of 8, process  7 of 96, pid=7819)
UPCR: UPC thread  8 of 96 on node008 (pshm node 0 of 8, process  8 of 96, pid=7820)
UPCR: UPC thread  4 of 96 on node008 (pshm node 0 of 8, process  4 of 96, pid=7816)
UPCR: UPC thread  5 of 96 on node008 (pshm node 0 of 8, process  5 of 96, pid=7817)
UPCR: UPC thread  2 of 96 on node008 (pshm node 0 of 8, process  2 of 96, pid=7814)
UPCR: UPC thread 10 of 96 on node008 (pshm node 0 of 8, process 10 of 96, pid=7822)
UPCR: UPC thread  9 of 96 on node008 (pshm node 0 of 8, process  9 of 96, pid=7821)
UPCR: UPC thread  1 of 96 on node008 (pshm node 0 of 8, process  1 of 96, pid=7813)
UPCR: UPC thread  0 of 96 on node008 (pshm node 0 of 8, process  0 of 96, pid=7812)
UPCR: UPC thread  6 of 96 on node008 (pshm node 0 of 8, process  6 of 96, pid=7818)
UPCR: UPC thread 16 of 96 on node009 (pshm node 1 of 8, process 16 of 96, pid=1529)
UPCR: UPC thread 86 of 96 on node015 (pshm node 7 of 8, process 86 of 96, pid=28995)
UPCR: UPC thread 51 of 96 on node012 (pshm node 4 of 8, process 51 of 96, pid=1802)
UPCR: UPC thread 62 of 96 on node013 (pshm node 5 of 8, process 62 of 96, pid=1901)
UPCR: UPC thread 78 of 96 on node014 (pshm node 6 of 8, process 78 of 96, pid=31335)
UPCR: UPC thread 47 of 96 on node011 (pshm node 3 of 8, process 47 of 96, pid=1670)
UPCR: UPC thread 32 of 96 on node010 (pshm node 2 of 8, process 32 of 96, pid=1470)
UPCR: UPC thread 81 of 96 on node014 (pshm node 6 of 8, process 81 of 96, pid=31317)
UPCR: UPC thread 14 of 96 on node009 (pshm node 1 of 8, process 14 of 96, pid=1617)
UPCR: UPC thread 38 of 96 on node011 (pshm node 3 of 8, process 38 of 96, pid=1580)
UPCR: UPC thread 15 of 96 on node009 (pshm node 1 of 8, process 15 of 96, pid=1734)
UPCR: UPC thread 40 of 96 on node011 (pshm node 3 of 8, process 40 of 96, pid=1578)
UPCR: UPC thread 55 of 96 on node012 (pshm node 4 of 8, process 55 of 96, pid=1771)
UPCR: UPC thread 61 of 96 on node013 (pshm node 5 of 8, process 61 of 96, pid=1758)
UPCR: UPC thread 18 of 96 on node009 (pshm node 1 of 8, process 18 of 96, pid=1818)
UPCR: UPC thread  3 of 96 on node008 (pshm node 0 of 8, process  3 of 96, pid=7815)
UPCR: UPC thread 67 of 96 on node013 (pshm node 5 of 8, process 67 of 96, pid=1807)
UPCR: UPC thread 37 of 96 on node011 (pshm node 3 of 8, process 37 of 96, pid=1577)
UPCR: UPC thread 59 of 96 on node012 (pshm node 4 of 8, process 59 of 96, pid=1740)
UPCR: UPC thread 11 of 96 on node008 (pshm node 0 of 8, process 11 of 96, pid=7823)
UPCR: UPC thread 52 of 96 on node012 (pshm node 4 of 8, process 52 of 96, pid=1667)
UPCR: UPC thread 80 of 96 on node014 (pshm node 6 of 8, process 80 of 96, pid=31470)
UPCR: UPC thread 34 of 96 on node010 (pshm node 2 of 8, process 34 of 96, pid=1623)
UPCR: UPC thread 72 of 96 on node014 (pshm node 6 of 8, process 72 of 96, pid=31311)
UPCR: UPC thread 90 of 96 on node015 (pshm node 7 of 8, process 90 of 96, pid=28994)
UPCR: UPC thread 74 of 96 on node014 (pshm node 6 of 8, process 74 of 96, pid=31295)
UPCR: UPC thread 31 of 96 on node010 (pshm node 2 of 8, process 31 of 96, pid=1440)
UPCR: UPC thread 39 of 96 on node011 (pshm node 3 of 8, process 39 of 96, pid=1451)
UPCR: UPC thread 82 of 96 on node014 (pshm node 6 of 8, process 82 of 96, pid=31410)
UPCR: UPC thread 50 of 96 on node012 (pshm node 4 of 8, process 50 of 96, pid=1788)
UPCR: UPC thread 93 of 96 on node015 (pshm node 7 of 8, process 93 of 96, pid=28923)
UPCR: UPC thread 91 of 96 on node015 (pshm node 7 of 8, process 91 of 96, pid=28991)
UPCR: UPC thread 36 of 96 on node011 (pshm node 3 of 8, process 36 of 96, pid=1481)
UPCR: UPC thread 30 of 96 on node010 (pshm node 2 of 8, process 30 of 96, pid=1645)
UPCR: UPC thread 89 of 96 on node015 (pshm node 7 of 8, process 89 of 96, pid=29001)
UPCR: UPC thread 73 of 96 on node014 (pshm node 6 of 8, process 73 of 96, pid=31325)
UPCR: UPC thread 41 of 96 on node011 (pshm node 3 of 8, process 41 of 96, pid=1434)
UPCR: UPC thread 58 of 96 on node012 (pshm node 4 of 8, process 58 of 96, pid=1845)
UPCR: UPC thread 33 of 96 on node010 (pshm node 2 of 8, process 33 of 96, pid=1552)
UPCR: UPC thread 21 of 96 on node009 (pshm node 1 of 8, process 21 of 96, pid=1537)
UPCR: UPC thread 26 of 96 on node010 (pshm node 2 of 8, process 26 of 96, pid=1507)
UPCR: UPC thread 12 of 96 on node009 (pshm node 1 of 8, process 12 of 96, pid=1531)
UPCR: UPC thread 24 of 96 on node010 (pshm node 2 of 8, process 24 of 96, pid=1583)
UPCR: UPC thread 77 of 96 on node014 (pshm node 6 of 8, process 77 of 96, pid=31322)
UPCR: UPC thread 28 of 96 on node010 (pshm node 2 of 8, process 28 of 96, pid=1460)
UPCR: UPC thread 64 of 96 on node013 (pshm node 5 of 8, process 64 of 96, pid=1824)
UPCR: UPC thread 85 of 96 on node015 (pshm node 7 of 8, process 85 of 96, pid=28932)
UPCR: UPC thread 45 of 96 on node011 (pshm node 3 of 8, process 45 of 96, pid=1511)
UPCR: UPC thread 44 of 96 on node011 (pshm node 3 of 8, process 44 of 96, pid=1505)
UPCR: UPC thread 46 of 96 on node011 (pshm node 3 of 8, process 46 of 96, pid=1579)
UPCR: UPC thread 27 of 96 on node010 (pshm node 2 of 8, process 27 of 96, pid=1546)
UPCR: UPC thread 88 of 96 on node015 (pshm node 7 of 8, process 88 of 96, pid=28996)
UPCR: UPC thread 66 of 96 on node013 (pshm node 5 of 8, process 66 of 96, pid=1907)
UPCR: UPC thread 48 of 96 on node012 (pshm node 4 of 8, process 48 of 96, pid=1739)
UPCR: UPC thread 76 of 96 on node014 (pshm node 6 of 8, process 76 of 96, pid=31346)
UPCR: UPC thread 54 of 96 on node012 (pshm node 4 of 8, process 54 of 96, pid=1684)
UPCR: UPC thread 25 of 96 on node010 (pshm node 2 of 8, process 25 of 96, pid=1587)
UPCR: UPC thread 87 of 96 on node015 (pshm node 7 of 8, process 87 of 96, pid=28922)
UPCR: UPC thread 17 of 96 on node009 (pshm node 1 of 8, process 17 of 96, pid=1733)
UPCR: UPC thread 13 of 96 on node009 (pshm node 1 of 8, process 13 of 96, pid=1532)
UPCR: UPC thread 35 of 96 on node010 (pshm node 2 of 8, process 35 of 96, pid=1426)
UPCR: UPC thread 68 of 96 on node013 (pshm node 5 of 8, process 68 of 96, pid=1775)
UPCR: UPC thread 71 of 96 on node013 (pshm node 5 of 8, process 71 of 96, pid=1902)
UPCR: UPC thread 75 of 96 on node014 (pshm node 6 of 8, process 75 of 96, pid=31315)
UPCR: UPC thread 79 of 96 on node014 (pshm node 6 of 8, process 79 of 96, pid=31316)
UPCR: UPC thread 65 of 96 on node013 (pshm node 5 of 8, process 65 of 96, pid=2029)
UPCR: UPC thread 60 of 96 on node013 (pshm node 5 of 8, process 60 of 96, pid=1809)
UPCR: UPC thread 29 of 96 on node010 (pshm node 2 of 8, process 29 of 96, pid=1686)
UPCR: UPC thread 92 of 96 on node015 (pshm node 7 of 8, process 92 of 96, pid=29034)
UPCR: UPC thread 20 of 96 on node009 (pshm node 1 of 8, process 20 of 96, pid=1545)
UPCR: UPC thread 57 of 96 on node012 (pshm node 4 of 8, process 57 of 96, pid=1712)
UPCR: UPC thread 84 of 96 on node015 (pshm node 7 of 8, process 84 of 96, pid=28997)
UPCR: UPC thread 70 of 96 on node013 (pshm node 5 of 8, process 70 of 96, pid=1905)
UPCR: UPC thread 22 of 96 on node009 (pshm node 1 of 8, process 22 of 96, pid=1653)
UPCR: UPC thread 23 of 96 on node009 (pshm node 1 of 8, process 23 of 96, pid=1623)
UPCR: UPC thread 53 of 96 on node012 (pshm node 4 of 8, process 53 of 96, pid=1803)
UPCR: UPC thread 19 of 96 on node009 (pshm node 1 of 8, process 19 of 96, pid=1781)
UPCR: UPC thread 56 of 96 on node012 (pshm node 4 of 8, process 56 of 96, pid=1804)
UPCR: UPC thread 42 of 96 on node011 (pshm node 3 of 8, process 42 of 96, pid=1581)
UPCR: UPC thread 69 of 96 on node013 (pshm node 5 of 8, process 69 of 96, pid=1906)
UPCR: UPC thread 43 of 96 on node011 (pshm node 3 of 8, process 43 of 96, pid=1535)
UPCR: UPC thread 83 of 96 on node014 (pshm node 6 of 8, process 83 of 96, pid=31471)
UPCR: UPC thread 94 of 96 on node015 (pshm node 7 of 8, process 94 of 96, pid=29000)
UPCR: UPC thread 49 of 96 on node012 (pshm node 4 of 8, process 49 of 96, pid=1923)
UPCR: UPC thread 63 of 96 on node013 (pshm node 5 of 8, process 63 of 96, pid=1785)
UPCR: UPC thread 95 of 96 on node015 (pshm node 7 of 8, process 95 of 96, pid=28921)
0/96 - htable initialized
0/96 - table size: 103079215104 bytes (98304 MB)
0/96 - total number of buckets: 12884901888
0/96 - block size: 1073741824 (1024 MB)
0/96 - number of buckets in block: 134217728
0/96 - number of blocks: 96
26/96 - Performed a throughput benchmark:
26/96 - Performed 2000000 find-or-put operations with random values from [0,...,38399999]
26/96 - Finds: 1595306 (0.797653), Inserts: 404694 (0.202347), Errors: 0 (0)
26/96 - Execution time: 6.86318 seconds
26/96 - Throughput: 291410 ops/sec
27/96 - Performed a throughput benchmark:
27/96 - Performed 2000000 find-or-put operations with random values from [0,...,38399999]
27/96 - Finds: 1594826 (0.797413), Inserts: 405174 (0.202587), Errors: 0 (0)
27/96 - Execution time: 6.85835 seconds
27/96 - Throughput: 291615 ops/sec
31/96 - Performed a throughput benchmark:
31/96 - Performed 2000000 find-or-put operations with random values from [0,...,38399999]
31/96 - Finds: 1594478 (0.797239), Inserts: 405522 (0.202761), Errors: 0 (0)
31/96 - Execution time: 6.85005 seconds
31/96 - Throughput: 291969 ops/sec
25/96 - Performed a throughput benchmark:
25/96 - Performed 2000000 find-or-put operations with random values from [0,...,38399999]
25/96 - Finds: 1594755 (0.797377), Inserts: 405245 (0.202623), Errors: 0 (0)
25/96 - Execution time: 6.85565 seconds
25/96 - Throughput: 291730 ops/sec
63/96 - Performed a throughput benchmark:
63/96 - Performed 2000000 find-or-put operations with random values from [0,...,38399999]
63/96 - Finds: 1594549 (0.797274), Inserts: 405451 (0.202726), Errors: 0 (0)
63/96 - Execution time: 6.85064 seconds
63/96 - Throughput: 291944 ops/sec
28/96 - Performed a throughput benchmark:
28/96 - Performed 2000000 find-or-put operations with random values from [0,...,38399999]
28/96 - Finds: 1594180 (0.79709), Inserts: 405820 (0.20291), Errors: 0 (0)
28/96 - Execution time: 6.84582 seconds
28/96 - Throughput: 292149 ops/sec
24/96 - Performed a throughput benchmark:
24/96 - Performed 2000000 find-or-put operations with random values from [0,...,38399999]
24/96 - Finds: 1595880 (0.79794), Inserts: 404120 (0.20206), Errors: 0 (0)
24/96 - Execution time: 6.88642 seconds
24/96 - Throughput: 290427 ops/sec
6/96 - Performed a throughput benchmark:
6/96 - Performed 2000000 find-or-put operations with random values from [0,...,38399999]
6/96 - Finds: 1596598 (0.798299), Inserts: 403402 (0.201701), Errors: 0 (0)
6/96 - Execution time: 6.88021 seconds
6/96 - Throughput: 290689 ops/sec
86/96 - Performed a throughput benchmark:
86/96 - Performed 2000000 find-or-put operations with random values from [0,...,38399999]
86/96 - Finds: 1595326 (0.797663), Inserts: 404674 (0.202337), Errors: 0 (0)
86/96 - Execution time: 6.86049 seconds
86/96 - Throughput: 291524 ops/sec
84/96 - Performed a throughput benchmark:
84/96 - Performed 2000000 find-or-put operations with random values from [0,...,38399999]
84/96 - Finds: 1595571 (0.797786), Inserts: 404429 (0.202214), Errors: 0 (0)
84/96 - Execution time: 6.87155 seconds
84/96 - Throughput: 291055 ops/sec
2/96 - Performed a throughput benchmark:
2/96 - Performed 2000000 find-or-put operations with random values from [0,...,38399999]
2/96 - Finds: 1597187 (0.798593), Inserts: 402813 (0.201406), Errors: 0 (0)
2/96 - Execution time: 6.88764 seconds
2/96 - Throughput: 290375 ops/sec
13/96 - Performed a throughput benchmark:
13/96 - Performed 2000000 find-or-put operations with random values from [0,...,38399999]
13/96 - Finds: 1595445 (0.797723), Inserts: 404555 (0.202277), Errors: 0 (0)
13/96 - Execution time: 6.8762 seconds
13/96 - Throughput: 290858 ops/sec
16/96 - Performed a throughput benchmark:
16/96 - Performed 2000000 find-or-put operations with random values from [0,...,38399999]
16/96 - Finds: 1595143 (0.797571), Inserts: 404857 (0.202429), Errors: 0 (0)
16/96 - Execution time: 6.87947 seconds
16/96 - Throughput: 290720 ops/sec
3/96 - Performed a throughput benchmark:
3/96 - Performed 2000000 find-or-put operations with random values from [0,...,38399999]
3/96 - Finds: 1596530 (0.798265), Inserts: 403470 (0.201735), Errors: 0 (0)
3/96 - Execution time: 6.88117 seconds
3/96 - Throughput: 290648 ops/sec
18/96 - Performed a throughput benchmark:
18/96 - Performed 2000000 find-or-put operations with random values from [0,...,38399999]
18/96 - Finds: 1595543 (0.797771), Inserts: 404457 (0.202229), Errors: 0 (0)
18/96 - Execution time: 6.87781 seconds
18/96 - Throughput: 290790 ops/sec
49/96 - Performed a throughput benchmark:
49/96 - Performed 2000000 find-or-put operations with random values from [0,...,38399999]
49/96 - Finds: 1594298 (0.797149), Inserts: 405702 (0.202851), Errors: 0 (0)
49/96 - Execution time: 6.84408 seconds
49/96 - Throughput: 292223 ops/sec
55/96 - Performed a throughput benchmark:
55/96 - Performed 2000000 find-or-put operations with random values from [0,...,38399999]
55/96 - Finds: 1595275 (0.797637), Inserts: 404725 (0.202363), Errors: 0 (0)
55/96 - Execution time: 6.87273 seconds
55/96 - Throughput: 291005 ops/sec
75/96 - Performed a throughput benchmark:
75/96 - Performed 2000000 find-or-put operations with random values from [0,...,38399999]
75/96 - Finds: 1594251 (0.797126), Inserts: 405749 (0.202875), Errors: 0 (0)
75/96 - Execution time: 6.88065 seconds
75/96 - Throughput: 290670 ops/sec
90/96 - Performed a throughput benchmark:
90/96 - Performed 2000000 find-or-put operations with random values from [0,...,38399999]
90/96 - Finds: 1596488 (0.798244), Inserts: 403512 (0.201756), Errors: 0 (0)
90/96 - Execution time: 6.8584 seconds
90/96 - Throughput: 291613 ops/sec
91/96 - Performed a throughput benchmark:
91/96 - Performed 2000000 find-or-put operations with random values from [0,...,38399999]
91/96 - Finds: 1595220 (0.79761), Inserts: 404780 (0.20239), Errors: 0 (0)
91/96 - Execution time: 6.86001 seconds
91/96 - Throughput: 291545 ops/sec
48/96 - Performed a throughput benchmark:
48/96 - Performed 2000000 find-or-put operations with random values from [0,...,38399999]
48/96 - Finds: 1596073 (0.798037), Inserts: 403927 (0.201963), Errors: 0 (0)
48/96 - Execution time: 6.87318 seconds
48/96 - Throughput: 290986 ops/sec
53/96 - Performed a throughput benchmark:
53/96 - Performed 2000000 find-or-put operations with random values from [0,...,38399999]
53/96 - Finds: 1595126 (0.797563), Inserts: 404874 (0.202437), Errors: 0 (0)
53/96 - Execution time: 6.85783 seconds
53/96 - Throughput: 291638 ops/sec
66/96 - Performed a throughput benchmark:
66/96 - Performed 2000000 find-or-put operations with random values from [0,...,38399999]
66/96 - Finds: 1594168 (0.797084), Inserts: 405832 (0.202916), Errors: 0 (0)
66/96 - Execution time: 6.84745 seconds
66/96 - Throughput: 292080 ops/sec
37/96 - Performed a throughput benchmark:
37/96 - Performed 2000000 find-or-put operations with random values from [0,...,38399999]
37/96 - Finds: 1599190 (0.799595), Inserts: 400810 (0.200405), Errors: 0 (0)
37/96 - Execution time: 6.89484 seconds
37/96 - Throughput: 290072 ops/sec
17/96 - Performed a throughput benchmark:
17/96 - Performed 2000000 find-or-put operations with random values from [0,...,38399999]
17/96 - Finds: 1595459 (0.797729), Inserts: 404541 (0.20227), Errors: 0 (0)
17/96 - Execution time: 6.86736 seconds
17/96 - Throughput: 291233 ops/sec
64/96 - Performed a throughput benchmark:
64/96 - Performed 2000000 find-or-put operations with random values from [0,...,38399999]
64/96 - Finds: 1595599 (0.797799), Inserts: 404401 (0.202201), Errors: 0 (0)
64/96 - Execution time: 6.87725 seconds
64/96 - Throughput: 290814 ops/sec
65/96 - Performed a throughput benchmark:
65/96 - Performed 2000000 find-or-put operations with random values from [0,...,38399999]
65/96 - Finds: 1593845 (0.796922), Inserts: 406155 (0.203077), Errors: 0 (0)
65/96 - Execution time: 6.85269 seconds
65/96 - Throughput: 291856 ops/sec
72/96 - Performed a throughput benchmark:
72/96 - Performed 2000000 find-or-put operations with random values from [0,...,38399999]
72/96 - Finds: 1595449 (0.797724), Inserts: 404551 (0.202275), Errors: 0 (0)
72/96 - Execution time: 6.88338 seconds
72/96 - Throughput: 290555 ops/sec
5/96 - Performed a throughput benchmark:
5/96 - Performed 2000000 find-or-put operations with random values from [0,...,38399999]
5/96 - Finds: 1596986 (0.798493), Inserts: 403014 (0.201507), Errors: 0 (0)
5/96 - Execution time: 6.89524 seconds
5/96 - Throughput: 290055 ops/sec
0/96 - Performed a throughput benchmark:
0/96 - Performed 2000000 find-or-put operations with random values from [0,...,38399999]
0/96 - Finds: 1597095 (0.798547), Inserts: 402905 (0.201453), Errors: 0 (0)
0/96 - Execution time: 6.90019 seconds
0/96 - Throughput: 289847 ops/sec
1/96 - Performed a throughput benchmark:
1/96 - Performed 2000000 find-or-put operations with random values from [0,...,38399999]
1/96 - Finds: 1597607 (0.798803), Inserts: 402393 (0.201197), Errors: 0 (0)
1/96 - Execution time: 6.89571 seconds
1/96 - Throughput: 290035 ops/sec
12/96 - Performed a throughput benchmark:
12/96 - Performed 2000000 find-or-put operations with random values from [0,...,38399999]
12/96 - Finds: 1595044 (0.797522), Inserts: 404956 (0.202478), Errors: 0 (0)
12/96 - Execution time: 6.86733 seconds
12/96 - Throughput: 291234 ops/sec
4/96 - Performed a throughput benchmark:
4/96 - Performed 2000000 find-or-put operations with random values from [0,...,38399999]
4/96 - Finds: 1597395 (0.798697), Inserts: 402605 (0.201302), Errors: 0 (0)
4/96 - Execution time: 6.88969 seconds
4/96 - Throughput: 290289 ops/sec
39/96 - Performed a throughput benchmark:
39/96 - Performed 2000000 find-or-put operations with random values from [0,...,38399999]
39/96 - Finds: 1599850 (0.799925), Inserts: 400150 (0.200075), Errors: 0 (0)
39/96 - Execution time: 6.90973 seconds
39/96 - Throughput: 289447 ops/sec
76/96 - Performed a throughput benchmark:
76/96 - Performed 2000000 find-or-put operations with random values from [0,...,38399999]
76/96 - Finds: 1597072 (0.798536), Inserts: 402928 (0.201464), Errors: 0 (0)
76/96 - Execution time: 6.90172 seconds
76/96 - Throughput: 289783 ops/sec
74/96 - Performed a throughput benchmark:
74/96 - Performed 2000000 find-or-put operations with random values from [0,...,38399999]
74/96 - Finds: 1597531 (0.798766), Inserts: 402469 (0.201235), Errors: 0 (0)
74/96 - Execution time: 6.90924 seconds
74/96 - Throughput: 289467 ops/sec
30/96 - Performed a throughput benchmark:
30/96 - Performed 2000000 find-or-put operations with random values from [0,...,38399999]
30/96 - Finds: 1598559 (0.79928), Inserts: 401441 (0.20072), Errors: 0 (0)
30/96 - Execution time: 6.90922 seconds
30/96 - Throughput: 289468 ops/sec
79/96 - Performed a throughput benchmark:
79/96 - Performed 2000000 find-or-put operations with random values from [0,...,38399999]
79/96 - Finds: 1596075 (0.798037), Inserts: 403925 (0.201962), Errors: 0 (0)
79/96 - Execution time: 6.89441 seconds
79/96 - Throughput: 290090 ops/sec
41/96 - Performed a throughput benchmark:
41/96 - Performed 2000000 find-or-put operations with random values from [0,...,38399999]
41/96 - Finds: 1599525 (0.799763), Inserts: 400475 (0.200238), Errors: 0 (0)
41/96 - Execution time: 6.90536 seconds
41/96 - Throughput: 289630 ops/sec
29/96 - Performed a throughput benchmark:
29/96 - Performed 2000000 find-or-put operations with random values from [0,...,38399999]
29/96 - Finds: 1597951 (0.798975), Inserts: 402049 (0.201024), Errors: 0 (0)
29/96 - Execution time: 6.9145 seconds
29/96 - Throughput: 289247 ops/sec
36/96 - Performed a throughput benchmark:
36/96 - Performed 2000000 find-or-put operations with random values from [0,...,38399999]
36/96 - Finds: 1601437 (0.800718), Inserts: 398563 (0.199282), Errors: 0 (0)
36/96 - Execution time: 6.92837 seconds
36/96 - Throughput: 288668 ops/sec
19/96 - Performed a throughput benchmark:
19/96 - Performed 2000000 find-or-put operations with random values from [0,...,38399999]
19/96 - Finds: 1599547 (0.799774), Inserts: 400453 (0.200227), Errors: 0 (0)
19/96 - Execution time: 6.92333 seconds
19/96 - Throughput: 288878 ops/sec
87/96 - Performed a throughput benchmark:
87/96 - Performed 2000000 find-or-put operations with random values from [0,...,38399999]
87/96 - Finds: 1600298 (0.800149), Inserts: 399702 (0.199851), Errors: 0 (0)
87/96 - Execution time: 6.93766 seconds
87/96 - Throughput: 288282 ops/sec
61/96 - Performed a throughput benchmark:
61/96 - Performed 2000000 find-or-put operations with random values from [0,...,38399999]
61/96 - Finds: 1598750 (0.799375), Inserts: 401250 (0.200625), Errors: 0 (0)
61/96 - Execution time: 6.92321 seconds
61/96 - Throughput: 288883 ops/sec
62/96 - Performed a throughput benchmark:
62/96 - Performed 2000000 find-or-put operations with random values from [0,...,38399999]
62/96 - Finds: 1596043 (0.798022), Inserts: 403957 (0.201979), Errors: 0 (0)
62/96 - Execution time: 6.87111 seconds
62/96 - Throughput: 291074 ops/sec
54/96 - Performed a throughput benchmark:
54/96 - Performed 2000000 find-or-put operations with random values from [0,...,38399999]
54/96 - Finds: 1596915 (0.798458), Inserts: 403085 (0.201543), Errors: 0 (0)
54/96 - Execution time: 6.9136 seconds
54/96 - Throughput: 289285 ops/sec
50/96 - Performed a throughput benchmark:
50/96 - Performed 2000000 find-or-put operations with random values from [0,...,38399999]
50/96 - Finds: 1595348 (0.797674), Inserts: 404652 (0.202326), Errors: 0 (0)
50/96 - Execution time: 6.86152 seconds
50/96 - Throughput: 291480 ops/sec
67/96 - Performed a throughput benchmark:
67/96 - Performed 2000000 find-or-put operations with random values from [0,...,38399999]
67/96 - Finds: 1599421 (0.79971), Inserts: 400579 (0.20029), Errors: 0 (0)
67/96 - Execution time: 6.93216 seconds
67/96 - Throughput: 288510 ops/sec
89/96 - Performed a throughput benchmark:
89/96 - Performed 2000000 find-or-put operations with random values from [0,...,38399999]
89/96 - Finds: 1594999 (0.7975), Inserts: 405001 (0.2025), Errors: 0 (0)
89/96 - Execution time: 6.86437 seconds
89/96 - Throughput: 291360 ops/sec
15/96 - Performed a throughput benchmark:
15/96 - Performed 2000000 find-or-put operations with random values from [0,...,38399999]
15/96 - Finds: 1594767 (0.797384), Inserts: 405233 (0.202617), Errors: 0 (0)
15/96 - Execution time: 6.87061 seconds
15/96 - Throughput: 291095 ops/sec
77/96 - Performed a throughput benchmark:
77/96 - Performed 2000000 find-or-put operations with random values from [0,...,38399999]
77/96 - Finds: 1596322 (0.798161), Inserts: 403678 (0.201839), Errors: 0 (0)
77/96 - Execution time: 6.89774 seconds
77/96 - Throughput: 289950 ops/sec
52/96 - Performed a throughput benchmark:
52/96 - Performed 2000000 find-or-put operations with random values from [0,...,38399999]
52/96 - Finds: 1599595 (0.799798), Inserts: 400405 (0.200203), Errors: 0 (0)
52/96 - Execution time: 6.93859 seconds
52/96 - Throughput: 288243 ops/sec
78/96 - Performed a throughput benchmark:
78/96 - Performed 2000000 find-or-put operations with random values from [0,...,38399999]
78/96 - Finds: 1599988 (0.799994), Inserts: 400012 (0.200006), Errors: 0 (0)
78/96 - Execution time: 6.94605 seconds
78/96 - Throughput: 287933 ops/sec
42/96 - Performed a throughput benchmark:
42/96 - Performed 2000000 find-or-put operations with random values from [0,...,38399999]
42/96 - Finds: 1600013 (0.800006), Inserts: 399987 (0.199993), Errors: 0 (0)
42/96 - Execution time: 6.91089 seconds
42/96 - Throughput: 289398 ops/sec
38/96 - Performed a throughput benchmark:
38/96 - Performed 2000000 find-or-put operations with random values from [0,...,38399999]
38/96 - Finds: 1599476 (0.799738), Inserts: 400524 (0.200262), Errors: 0 (0)
38/96 - Execution time: 6.90746 seconds
38/96 - Throughput: 289542 ops/sec
14/96 - Performed a throughput benchmark:
14/96 - Performed 2000000 find-or-put operations with random values from [0,...,38399999]
14/96 - Finds: 1598176 (0.799088), Inserts: 401824 (0.200912), Errors: 0 (0)
14/96 - Execution time: 6.91646 seconds
14/96 - Throughput: 289165 ops/sec
88/96 - Performed a throughput benchmark:
88/96 - Performed 2000000 find-or-put operations with random values from [0,...,38399999]
88/96 - Finds: 1598283 (0.799141), Inserts: 401717 (0.200858), Errors: 0 (0)
88/96 - Execution time: 6.93149 seconds
88/96 - Throughput: 288538 ops/sec
43/96 - Performed a throughput benchmark:
43/96 - Performed 2000000 find-or-put operations with random values from [0,...,38399999]
43/96 - Finds: 1602690 (0.801345), Inserts: 397310 (0.198655), Errors: 0 (0)
43/96 - Execution time: 6.96629 seconds
43/96 - Throughput: 287097 ops/sec
60/96 - Performed a throughput benchmark:
60/96 - Performed 2000000 find-or-put operations with random values from [0,...,38399999]
60/96 - Finds: 1598596 (0.799298), Inserts: 401404 (0.200702), Errors: 0 (0)
60/96 - Execution time: 6.93511 seconds
60/96 - Throughput: 288388 ops/sec
51/96 - Performed a throughput benchmark:
51/96 - Performed 2000000 find-or-put operations with random values from [0,...,38399999]
51/96 - Finds: 1599180 (0.79959), Inserts: 400820 (0.20041), Errors: 0 (0)
51/96 - Execution time: 6.93775 seconds
51/96 - Throughput: 288278 ops/sec
40/96 - Performed a throughput benchmark:
40/96 - Performed 2000000 find-or-put operations with random values from [0,...,38399999]
40/96 - Finds: 1603876 (0.801938), Inserts: 396124 (0.198062), Errors: 0 (0)
40/96 - Execution time: 6.97497 seconds
40/96 - Throughput: 286740 ops/sec
83/96 - Performed a throughput benchmark:
83/96 - Performed 2000000 find-or-put operations with random values from [0,...,38399999]
83/96 - Finds: 1609314 (0.804657), Inserts: 390686 (0.195343), Errors: 0 (0)
83/96 - Execution time: 7.08462 seconds
83/96 - Throughput: 282302 ops/sec
7/96 - Performed a throughput benchmark:
7/96 - Performed 2000000 find-or-put operations with random values from [0,...,38399999]
7/96 - Finds: 1607340 (0.80367), Inserts: 392660 (0.19633), Errors: 0 (0)
7/96 - Execution time: 7.12933 seconds
7/96 - Throughput: 280531 ops/sec
10/96 - Performed a throughput benchmark:
10/96 - Performed 2000000 find-or-put operations with random values from [0,...,38399999]
10/96 - Finds: 1610290 (0.805145), Inserts: 389710 (0.194855), Errors: 0 (0)
10/96 - Execution time: 7.14698 seconds
10/96 - Throughput: 279838 ops/sec
85/96 - Performed a throughput benchmark:
85/96 - Performed 2000000 find-or-put operations with random values from [0,...,38399999]
85/96 - Finds: 1604335 (0.802168), Inserts: 395665 (0.197832), Errors: 0 (0)
85/96 - Execution time: 7.06758 seconds
85/96 - Throughput: 282982 ops/sec
58/96 - Performed a throughput benchmark:
58/96 - Performed 2000000 find-or-put operations with random values from [0,...,38399999]
58/96 - Finds: 1608729 (0.804365), Inserts: 391271 (0.195635), Errors: 0 (0)
58/96 - Execution time: 7.13945 seconds
58/96 - Throughput: 280134 ops/sec
95/96 - Performed a throughput benchmark:
95/96 - Performed 2000000 find-or-put operations with random values from [0,...,38399999]
95/96 - Finds: 1610504 (0.805252), Inserts: 389496 (0.194748), Errors: 0 (0)
95/96 - Execution time: 7.14611 seconds
95/96 - Throughput: 279873 ops/sec
22/96 - Performed a throughput benchmark:
22/96 - Performed 2000000 find-or-put operations with random values from [0,...,38399999]
22/96 - Finds: 1610212 (0.805106), Inserts: 389788 (0.194894), Errors: 0 (0)
22/96 - Execution time: 7.1487 seconds
22/96 - Throughput: 279771 ops/sec
81/96 - Performed a throughput benchmark:
81/96 - Performed 2000000 find-or-put operations with random values from [0,...,38399999]
81/96 - Finds: 1610621 (0.805311), Inserts: 389379 (0.194689), Errors: 0 (0)
81/96 - Execution time: 7.14717 seconds
81/96 - Throughput: 279831 ops/sec
71/96 - Performed a throughput benchmark:
71/96 - Performed 2000000 find-or-put operations with random values from [0,...,38399999]
71/96 - Finds: 1610704 (0.805352), Inserts: 389296 (0.194648), Errors: 0 (0)
71/96 - Execution time: 7.14525 seconds
71/96 - Throughput: 279906 ops/sec
11/96 - Performed a throughput benchmark:
11/96 - Performed 2000000 find-or-put operations with random values from [0,...,38399999]
11/96 - Finds: 1610121 (0.80506), Inserts: 389879 (0.194939), Errors: 0 (0)
11/96 - Execution time: 7.1571 seconds
11/96 - Throughput: 279443 ops/sec
93/96 - Performed a throughput benchmark:
93/96 - Performed 2000000 find-or-put operations with random values from [0,...,38399999]
93/96 - Finds: 1610777 (0.805388), Inserts: 389223 (0.194611), Errors: 0 (0)
93/96 - Execution time: 7.1495 seconds
93/96 - Throughput: 279740 ops/sec
33/96 - Performed a throughput benchmark:
33/96 - Performed 2000000 find-or-put operations with random values from [0,...,38399999]
33/96 - Finds: 1610344 (0.805172), Inserts: 389656 (0.194828), Errors: 0 (0)
33/96 - Execution time: 7.14179 seconds
33/96 - Throughput: 280042 ops/sec
9/96 - Performed a throughput benchmark:
9/96 - Performed 2000000 find-or-put operations with random values from [0,...,38399999]
9/96 - Finds: 1610292 (0.805146), Inserts: 389708 (0.194854), Errors: 0 (0)
9/96 - Execution time: 7.14679 seconds
9/96 - Throughput: 279846 ops/sec
8/96 - Performed a throughput benchmark:
8/96 - Performed 2000000 find-or-put operations with random values from [0,...,38399999]
8/96 - Finds: 1610258 (0.805129), Inserts: 389742 (0.194871), Errors: 0 (0)
8/96 - Execution time: 7.15104 seconds
8/96 - Throughput: 279680 ops/sec
32/96 - Performed a throughput benchmark:
32/96 - Performed 2000000 find-or-put operations with random values from [0,...,38399999]
32/96 - Finds: 1611552 (0.805776), Inserts: 388448 (0.194224), Errors: 0 (0)
32/96 - Execution time: 7.15944 seconds
32/96 - Throughput: 279351 ops/sec
45/96 - Performed a throughput benchmark:
45/96 - Performed 2000000 find-or-put operations with random values from [0,...,38399999]
45/96 - Finds: 1614197 (0.807099), Inserts: 385803 (0.192902), Errors: 0 (0)
45/96 - Execution time: 7.11818 seconds
45/96 - Throughput: 280971 ops/sec
80/96 - Performed a throughput benchmark:
80/96 - Performed 2000000 find-or-put operations with random values from [0,...,38399999]
80/96 - Finds: 1613961 (0.80698), Inserts: 386039 (0.19302), Errors: 0 (0)
80/96 - Execution time: 7.15698 seconds
80/96 - Throughput: 279447 ops/sec
73/96 - Performed a throughput benchmark:
73/96 - Performed 2000000 find-or-put operations with random values from [0,...,38399999]
73/96 - Finds: 1607643 (0.803821), Inserts: 392357 (0.196179), Errors: 0 (0)
73/96 - Execution time: 7.14993 seconds
73/96 - Throughput: 279723 ops/sec
23/96 - Performed a throughput benchmark:
23/96 - Performed 2000000 find-or-put operations with random values from [0,...,38399999]
23/96 - Finds: 1611185 (0.805593), Inserts: 388815 (0.194408), Errors: 0 (0)
23/96 - Execution time: 7.16083 seconds
23/96 - Throughput: 279297 ops/sec
34/96 - Performed a throughput benchmark:
34/96 - Performed 2000000 find-or-put operations with random values from [0,...,38399999]
34/96 - Finds: 1614871 (0.807435), Inserts: 385129 (0.192564), Errors: 0 (0)
34/96 - Execution time: 7.21701 seconds
34/96 - Throughput: 277123 ops/sec
70/96 - Performed a throughput benchmark:
70/96 - Performed 2000000 find-or-put operations with random values from [0,...,38399999]
70/96 - Finds: 1614873 (0.807437), Inserts: 385127 (0.192563), Errors: 0 (0)
70/96 - Execution time: 7.22108 seconds
70/96 - Throughput: 276967 ops/sec
57/96 - Performed a throughput benchmark:
57/96 - Performed 2000000 find-or-put operations with random values from [0,...,38399999]
57/96 - Finds: 1614387 (0.807194), Inserts: 385613 (0.192806), Errors: 0 (0)
57/96 - Execution time: 7.21314 seconds
57/96 - Throughput: 277272 ops/sec
35/96 - Performed a throughput benchmark:
35/96 - Performed 2000000 find-or-put operations with random values from [0,...,38399999]
35/96 - Finds: 1614914 (0.807457), Inserts: 385086 (0.192543), Errors: 0 (0)
35/96 - Execution time: 7.24013 seconds
35/96 - Throughput: 276238 ops/sec
94/96 - Performed a throughput benchmark:
94/96 - Performed 2000000 find-or-put operations with random values from [0,...,38399999]
94/96 - Finds: 1615146 (0.807573), Inserts: 384854 (0.192427), Errors: 0 (0)
94/96 - Execution time: 7.22889 seconds
94/96 - Throughput: 276668 ops/sec
20/96 - Performed a throughput benchmark:
20/96 - Performed 2000000 find-or-put operations with random values from [0,...,38399999]
20/96 - Finds: 1614734 (0.807367), Inserts: 385266 (0.192633), Errors: 0 (0)
20/96 - Execution time: 7.22216 seconds
20/96 - Throughput: 276926 ops/sec
92/96 - Performed a throughput benchmark:
92/96 - Performed 2000000 find-or-put operations with random values from [0,...,38399999]
92/96 - Finds: 1615611 (0.807805), Inserts: 384389 (0.192194), Errors: 0 (0)
92/96 - Execution time: 7.22352 seconds
92/96 - Throughput: 276873 ops/sec
56/96 - Performed a throughput benchmark:
56/96 - Performed 2000000 find-or-put operations with random values from [0,...,38399999]
56/96 - Finds: 1611456 (0.805728), Inserts: 388544 (0.194272), Errors: 0 (0)
56/96 - Execution time: 7.19367 seconds
56/96 - Throughput: 278022 ops/sec
68/96 - Performed a throughput benchmark:
68/96 - Performed 2000000 find-or-put operations with random values from [0,...,38399999]
68/96 - Finds: 1616267 (0.808133), Inserts: 383733 (0.191866), Errors: 0 (0)
68/96 - Execution time: 7.26048 seconds
68/96 - Throughput: 275464 ops/sec
69/96 - Performed a throughput benchmark:
69/96 - Performed 2000000 find-or-put operations with random values from [0,...,38399999]
69/96 - Finds: 1615535 (0.807767), Inserts: 384465 (0.192233), Errors: 0 (0)
69/96 - Execution time: 7.24162 seconds
69/96 - Throughput: 276181 ops/sec
82/96 - Performed a throughput benchmark:
82/96 - Performed 2000000 find-or-put operations with random values from [0,...,38399999]
82/96 - Finds: 1614850 (0.807425), Inserts: 385150 (0.192575), Errors: 0 (0)
82/96 - Execution time: 7.21521 seconds
82/96 - Throughput: 277192 ops/sec
59/96 - Performed a throughput benchmark:
59/96 - Performed 2000000 find-or-put operations with random values from [0,...,38399999]
59/96 - Finds: 1614860 (0.80743), Inserts: 385140 (0.19257), Errors: 0 (0)
59/96 - Execution time: 7.21932 seconds
59/96 - Throughput: 277035 ops/sec
21/96 - Performed a throughput benchmark:
21/96 - Performed 2000000 find-or-put operations with random values from [0,...,38399999]
21/96 - Finds: 1614351 (0.807176), Inserts: 385649 (0.192825), Errors: 0 (0)
21/96 - Execution time: 7.217 seconds
21/96 - Throughput: 277123 ops/sec
46/96 - Performed a throughput benchmark:
46/96 - Performed 2000000 find-or-put operations with random values from [0,...,38399999]
46/96 - Finds: 1616509 (0.808254), Inserts: 383491 (0.191746), Errors: 0 (0)
46/96 - Execution time: 7.21326 seconds
46/96 - Throughput: 277267 ops/sec
47/96 - Performed a throughput benchmark:
47/96 - Performed 2000000 find-or-put operations with random values from [0,...,38399999]
47/96 - Finds: 1620168 (0.810084), Inserts: 379832 (0.189916), Errors: 0 (0)
47/96 - Execution time: 7.2775 seconds
47/96 - Throughput: 274820 ops/sec
44/96 - Performed a throughput benchmark:
44/96 - Performed 2000000 find-or-put operations with random values from [0,...,38399999]
44/96 - Finds: 1621628 (0.810814), Inserts: 378372 (0.189186), Errors: 0 (0)
44/96 - Execution time: 7.2949 seconds
44/96 - Throughput: 274164 ops/sec
[1441206289.738899] [node008:7767 :0]         sys.c:719  MXM  WARN  Conflicting CPU frequencies detected, using: 1594.88
