[1441206149.435787] [node017:28056:0]         sys.c:719  MXM  WARN  Conflicting CPU frequencies detected, using: 1599.94
[1441206149.444646] [node017:28056:0]         mxm.c:185  MXM  WARN  The 'ulimit -s' on the system is set to 'unlimited'. This may have negative performance implications. Please set the heap size to the default value (10240) 
[1441206149.435870] [node017:28054:0]         sys.c:719  MXM  WARN  Conflicting CPU frequencies detected, using: 1599.94
[1441206149.445425] [node017:28054:0]         mxm.c:185  MXM  WARN  The 'ulimit -s' on the system is set to 'unlimited'. This may have negative performance implications. Please set the heap size to the default value (10240) 
[1441206149.435351] [node017:28055:0]         sys.c:719  MXM  WARN  Conflicting CPU frequencies detected, using: 1599.94
[1441206149.453230] [node017:28055:0]         mxm.c:185  MXM  WARN  The 'ulimit -s' on the system is set to 'unlimited'. This may have negative performance implications. Please set the heap size to the default value (10240) 
[1441206149.440672] [node017:28058:0]         sys.c:719  MXM  WARN  Conflicting CPU frequencies detected, using: 1599.94
[1441206149.456596] [node017:28058:0]         mxm.c:185  MXM  WARN  The 'ulimit -s' on the system is set to 'unlimited'. This may have negative performance implications. Please set the heap size to the default value (10240) 
[1441206149.439699] [node017:28060:0]         sys.c:719  MXM  WARN  Conflicting CPU frequencies detected, using: 1599.94
[1441206149.462369] [node017:28060:0]         mxm.c:185  MXM  WARN  The 'ulimit -s' on the system is set to 'unlimited'. This may have negative performance implications. Please set the heap size to the default value (10240) 
[1441206149.440852] [node017:28061:0]         sys.c:719  MXM  WARN  Conflicting CPU frequencies detected, using: 1599.94
[1441206149.467483] [node017:28061:0]         mxm.c:185  MXM  WARN  The 'ulimit -s' on the system is set to 'unlimited'. This may have negative performance implications. Please set the heap size to the default value (10240) 
[1441206149.441401] [node017:28059:0]         sys.c:719  MXM  WARN  Conflicting CPU frequencies detected, using: 1599.94
[1441206149.468258] [node017:28059:0]         mxm.c:185  MXM  WARN  The 'ulimit -s' on the system is set to 'unlimited'. This may have negative performance implications. Please set the heap size to the default value (10240) 
[1441206149.442189] [node017:28057:0]         sys.c:719  MXM  WARN  Conflicting CPU frequencies detected, using: 1599.94
[1441206149.461965] [node017:28057:0]         mxm.c:185  MXM  WARN  The 'ulimit -s' on the system is set to 'unlimited'. This may have negative performance implications. Please set the heap size to the default value (10240) 
[1441206149.697904] [node019:21057:0]         sys.c:719  MXM  WARN  Conflicting CPU frequencies detected, using: 2400.00
[1441206149.700763] [node019:21057:0]         mxm.c:185  MXM  WARN  The 'ulimit -s' on the system is set to 'unlimited'. This may have negative performance implications. Please set the heap size to the default value (10240) 
[1441206149.697305] [node019:21056:0]         sys.c:719  MXM  WARN  Conflicting CPU frequencies detected, using: 2400.00
[1441206149.699967] [node019:21056:0]         mxm.c:185  MXM  WARN  The 'ulimit -s' on the system is set to 'unlimited'. This may have negative performance implications. Please set the heap size to the default value (10240) 
[1441206149.695633] [node019:21059:0]         sys.c:719  MXM  WARN  Conflicting CPU frequencies detected, using: 2400.00
[1441206149.698686] [node019:21059:0]         mxm.c:185  MXM  WARN  The 'ulimit -s' on the system is set to 'unlimited'. This may have negative performance implications. Please set the heap size to the default value (10240) 
[1441206149.703533] [node019:21065:0]         sys.c:719  MXM  WARN  Conflicting CPU frequencies detected, using: 2400.00
[1441206149.707204] [node019:21065:0]         mxm.c:185  MXM  WARN  The 'ulimit -s' on the system is set to 'unlimited'. This may have negative performance implications. Please set the heap size to the default value (10240) 
[1441206149.711973] [node020:19789:0]         sys.c:719  MXM  WARN  Conflicting CPU frequencies detected, using: 2400.00
[1441206149.716398] [node020:19789:0]         mxm.c:185  MXM  WARN  The 'ulimit -s' on the system is set to 'unlimited'. This may have negative performance implications. Please set the heap size to the default value (10240) 
[1441206149.711860] [node018:25560:0]         sys.c:719  MXM  WARN  Conflicting CPU frequencies detected, using: 2400.00
[1441206149.717596] [node018:25560:0]         mxm.c:185  MXM  WARN  The 'ulimit -s' on the system is set to 'unlimited'. This may have negative performance implications. Please set the heap size to the default value (10240) 
[1441206149.718387] [node020:19810:0]         sys.c:719  MXM  WARN  Conflicting CPU frequencies detected, using: 2400.00
[1441206149.735636] [node020:19810:0]         mxm.c:185  MXM  WARN  The 'ulimit -s' on the system is set to 'unlimited'. This may have negative performance implications. Please set the heap size to the default value (10240) 
[1441206149.723293] [node018:25573:0]         sys.c:719  MXM  WARN  Conflicting CPU frequencies detected, using: 2399.91
[1441206149.737848] [node018:25573:0]         mxm.c:185  MXM  WARN  The 'ulimit -s' on the system is set to 'unlimited'. This may have negative performance implications. Please set the heap size to the default value (10240) 
[1441206149.717522] [node018:25561:0]         sys.c:719  MXM  WARN  Conflicting CPU frequencies detected, using: 2400.00
[1441206149.729133] [node018:25561:0]         mxm.c:185  MXM  WARN  The 'ulimit -s' on the system is set to 'unlimited'. This may have negative performance implications. Please set the heap size to the default value (10240) 
[1441206149.722789] [node018:25575:0]         sys.c:719  MXM  WARN  Conflicting CPU frequencies detected, using: 2399.91
[1441206149.736220] [node018:25575:0]         mxm.c:185  MXM  WARN  The 'ulimit -s' on the system is set to 'unlimited'. This may have negative performance implications. Please set the heap size to the default value (10240) 
[1441206149.716683] [node018:25564:0]         sys.c:719  MXM  WARN  Conflicting CPU frequencies detected, using: 2400.00
[1441206149.722425] [node018:25564:0]         mxm.c:185  MXM  WARN  The 'ulimit -s' on the system is set to 'unlimited'. This may have negative performance implications. Please set the heap size to the default value (10240) 
[1441206149.721479] [node018:25565:0]         sys.c:719  MXM  WARN  Conflicting CPU frequencies detected, using: 2399.91
[1441206149.740332] [node018:25565:0]         mxm.c:185  MXM  WARN  The 'ulimit -s' on the system is set to 'unlimited'. This may have negative performance implications. Please set the heap size to the default value (10240) 
[1441206149.726131] [node018:25583:0]         sys.c:719  MXM  WARN  Conflicting CPU frequencies detected, using: 2399.91
[1441206149.747857] [node018:25583:0]         mxm.c:185  MXM  WARN  The 'ulimit -s' on the system is set to 'unlimited'. This may have negative performance implications. Please set the heap size to the default value (10240) 
[1441206149.725980] [node018:25582:0]         sys.c:719  MXM  WARN  Conflicting CPU frequencies detected, using: 2399.91
[1441206149.741086] [node018:25582:0]         mxm.c:185  MXM  WARN  The 'ulimit -s' on the system is set to 'unlimited'. This may have negative performance implications. Please set the heap size to the default value (10240) 
[1441206149.719130] [node020:19809:0]         sys.c:719  MXM  WARN  Conflicting CPU frequencies detected, using: 2400.00
[1441206149.740424] [node020:19809:0]         mxm.c:185  MXM  WARN  The 'ulimit -s' on the system is set to 'unlimited'. This may have negative performance implications. Please set the heap size to the default value (10240) 
[1441206149.723496] [node020:19812:0]         sys.c:719  MXM  WARN  Conflicting CPU frequencies detected, using: 2400.00
[1441206149.742883] [node020:19812:0]         mxm.c:185  MXM  WARN  The 'ulimit -s' on the system is set to 'unlimited'. This may have negative performance implications. Please set the heap size to the default value (10240) 
[1441206149.715709] [node020:19794:0]         sys.c:719  MXM  WARN  Conflicting CPU frequencies detected, using: 2400.00
[1441206149.727443] [node020:19794:0]         mxm.c:185  MXM  WARN  The 'ulimit -s' on the system is set to 'unlimited'. This may have negative performance implications. Please set the heap size to the default value (10240) 
[1441206149.706724] [node020:19790:0]         sys.c:719  MXM  WARN  Conflicting CPU frequencies detected, using: 2400.00
[1441206149.711729] [node020:19790:0]         mxm.c:185  MXM  WARN  The 'ulimit -s' on the system is set to 'unlimited'. This may have negative performance implications. Please set the heap size to the default value (10240) 
[1441206149.721623] [node020:19811:0]         sys.c:719  MXM  WARN  Conflicting CPU frequencies detected, using: 2400.00
[1441206149.738664] [node020:19811:0]         mxm.c:185  MXM  WARN  The 'ulimit -s' on the system is set to 'unlimited'. This may have negative performance implications. Please set the heap size to the default value (10240) 
[1441206149.713286] [node019:21102:0]         sys.c:719  MXM  WARN  Conflicting CPU frequencies detected, using: 2400.00
[1441206149.716267] [node019:21102:0]         mxm.c:185  MXM  WARN  The 'ulimit -s' on the system is set to 'unlimited'. This may have negative performance implications. Please set the heap size to the default value (10240) 
[1441206149.714921] [node019:21097:0]         sys.c:719  MXM  WARN  Conflicting CPU frequencies detected, using: 2400.00
[1441206149.717986] [node019:21097:0]         mxm.c:185  MXM  WARN  The 'ulimit -s' on the system is set to 'unlimited'. This may have negative performance implications. Please set the heap size to the default value (10240) 
[1441206149.710278] [node019:21100:0]         sys.c:719  MXM  WARN  Conflicting CPU frequencies detected, using: 2400.00
[1441206149.713584] [node019:21100:0]         mxm.c:185  MXM  WARN  The 'ulimit -s' on the system is set to 'unlimited'. This may have negative performance implications. Please set the heap size to the default value (10240) 
[1441206149.719013] [node020:19791:0]         sys.c:719  MXM  WARN  Conflicting CPU frequencies detected, using: 2400.00
[1441206149.737920] [node020:19791:0]         mxm.c:185  MXM  WARN  The 'ulimit -s' on the system is set to 'unlimited'. This may have negative performance implications. Please set the heap size to the default value (10240) 
[1441206149.714662] [node019:21099:0]         sys.c:719  MXM  WARN  Conflicting CPU frequencies detected, using: 2400.00
[1441206149.717900] [node019:21099:0]         mxm.c:185  MXM  WARN  The 'ulimit -s' on the system is set to 'unlimited'. This may have negative performance implications. Please set the heap size to the default value (10240) 
UPCR: UPC thread  2 of 32 on node017 (pshm node 0 of 4, process  2 of 32, pid=28056)
UPCR: UPC thread  3 of 32 on node017 (pshm node 0 of 4, process  3 of 32, pid=28057)
UPCR: UPC thread  5 of 32 on node017 (pshm node 0 of 4, process  5 of 32, pid=28059)
UPCR: UPC thread  1 of 32 on node017 (pshm node 0 of 4, process  1 of 32, pid=28055)
UPCR: UPC thread  4 of 32 on node017 (pshm node 0 of 4, process  4 of 32, pid=28058)
UPCR: UPC thread  6 of 32 on node017 (pshm node 0 of 4, process  6 of 32, pid=28060)
UPCR: UPC thread  7 of 32 on node017 (pshm node 0 of 4, process  7 of 32, pid=28061)
UPCR: UPC thread 15 of 32 on node018 (pshm node 1 of 4, process 15 of 32, pid=25564)
UPCR: UPC thread  0 of 32 on node017 (pshm node 0 of 4, process  0 of 32, pid=28054)
UPCR: UPC thread 12 of 32 on node018 (pshm node 1 of 4, process 12 of 32, pid=25561)
UPCR: UPC thread  9 of 32 on node018 (pshm node 1 of 4, process  9 of 32, pid=25573)
UPCR: UPC thread 19 of 32 on node019 (pshm node 2 of 4, process 19 of 32, pid=21100)
UPCR: UPC thread 14 of 32 on node018 (pshm node 1 of 4, process 14 of 32, pid=25582)
UPCR: UPC thread 13 of 32 on node018 (pshm node 1 of 4, process 13 of 32, pid=25565)
UPCR: UPC thread 22 of 32 on node019 (pshm node 2 of 4, process 22 of 32, pid=21102)
UPCR: UPC thread 11 of 32 on node018 (pshm node 1 of 4, process 11 of 32, pid=25583)
UPCR: UPC thread 16 of 32 on node019 (pshm node 2 of 4, process 16 of 32, pid=21097)
UPCR: UPC thread 10 of 32 on node018 (pshm node 1 of 4, process 10 of 32, pid=25560)
UPCR: UPC thread  8 of 32 on node018 (pshm node 1 of 4, process  8 of 32, pid=25575)
UPCR: UPC thread 25 of 32 on node020 (pshm node 3 of 4, process 25 of 32, pid=19791)
UPCR: UPC thread 30 of 32 on node020 (pshm node 3 of 4, process 30 of 32, pid=19809)
UPCR: UPC thread 28 of 32 on node020 (pshm node 3 of 4, process 28 of 32, pid=19790)
UPCR: UPC thread 31 of 32 on node020 (pshm node 3 of 4, process 31 of 32, pid=19811)
UPCR: UPC thread 26 of 32 on node020 (pshm node 3 of 4, process 26 of 32, pid=19810)
UPCR: UPC thread 24 of 32 on node020 (pshm node 3 of 4, process 24 of 32, pid=19812)
UPCR: UPC thread 27 of 32 on node020 (pshm node 3 of 4, process 27 of 32, pid=19789)
UPCR: UPC thread 20 of 32 on node019 (pshm node 2 of 4, process 20 of 32, pid=21059)
UPCR: UPC thread 21 of 32 on node019 (pshm node 2 of 4, process 21 of 32, pid=21099)
UPCR: UPC thread 17 of 32 on node019 (pshm node 2 of 4, process 17 of 32, pid=21057)
UPCR: UPC thread 18 of 32 on node019 (pshm node 2 of 4, process 18 of 32, pid=21056)
UPCR: UPC thread 29 of 32 on node020 (pshm node 3 of 4, process 29 of 32, pid=19794)
UPCR: UPC thread 23 of 32 on node019 (pshm node 2 of 4, process 23 of 32, pid=21065)
0/32 - htable initialized
0/32 - table size: 34359738368 bytes (32768 MB)
0/32 - total number of buckets: 4294967296
0/32 - block size: 1073741824 (1024 MB)
0/32 - number of buckets in block: 134217728
0/32 - number of blocks: 32
16/32 - Performed a throughput benchmark:
16/32 - Performed 2000000 find-or-put operations with random values from [0,...,12799999]
16/32 - Finds: 1599348 (0.799674), Inserts: 400652 (0.200326), Errors: 0 (0)
16/32 - Execution time: 5.54021 seconds
16/32 - Throughput: 360997 ops/sec
6/32 - Performed a throughput benchmark:
6/32 - Performed 2000000 find-or-put operations with random values from [0,...,12799999]
6/32 - Finds: 1600408 (0.800204), Inserts: 399592 (0.199796), Errors: 0 (0)
6/32 - Execution time: 5.53147 seconds
6/32 - Throughput: 361568 ops/sec
5/32 - Performed a throughput benchmark:
5/32 - Performed 2000000 find-or-put operations with random values from [0,...,12799999]
5/32 - Finds: 1599575 (0.799787), Inserts: 400425 (0.200212), Errors: 0 (0)
5/32 - Execution time: 5.51501 seconds
5/32 - Throughput: 362646 ops/sec
7/32 - Performed a throughput benchmark:
7/32 - Performed 2000000 find-or-put operations with random values from [0,...,12799999]
7/32 - Finds: 1599741 (0.799871), Inserts: 400259 (0.200129), Errors: 0 (0)
7/32 - Execution time: 5.52486 seconds
7/32 - Throughput: 362000 ops/sec
4/32 - Performed a throughput benchmark:
4/32 - Performed 2000000 find-or-put operations with random values from [0,...,12799999]
4/32 - Finds: 1600573 (0.800287), Inserts: 399427 (0.199713), Errors: 0 (0)
4/32 - Execution time: 5.53364 seconds
4/32 - Throughput: 361426 ops/sec
1/32 - Performed a throughput benchmark:
1/32 - Performed 2000000 find-or-put operations with random values from [0,...,12799999]
1/32 - Finds: 1602279 (0.80114), Inserts: 397721 (0.19886), Errors: 0 (0)
1/32 - Execution time: 5.55251 seconds
1/32 - Throughput: 360198 ops/sec
31/32 - Performed a throughput benchmark:
31/32 - Performed 2000000 find-or-put operations with random values from [0,...,12799999]
31/32 - Finds: 1600922 (0.800461), Inserts: 399078 (0.199539), Errors: 0 (0)
31/32 - Execution time: 5.56992 seconds
31/32 - Throughput: 359071 ops/sec
18/32 - Performed a throughput benchmark:
18/32 - Performed 2000000 find-or-put operations with random values from [0,...,12799999]
18/32 - Finds: 1599671 (0.799836), Inserts: 400329 (0.200164), Errors: 0 (0)
18/32 - Execution time: 5.56124 seconds
18/32 - Throughput: 359632 ops/sec
8/32 - Performed a throughput benchmark:
8/32 - Performed 2000000 find-or-put operations with random values from [0,...,12799999]
8/32 - Finds: 1600765 (0.800382), Inserts: 399235 (0.199618), Errors: 0 (0)
8/32 - Execution time: 5.58325 seconds
8/32 - Throughput: 358214 ops/sec
23/32 - Performed a throughput benchmark:
23/32 - Performed 2000000 find-or-put operations with random values from [0,...,12799999]
23/32 - Finds: 1601255 (0.800628), Inserts: 398745 (0.199373), Errors: 0 (0)
23/32 - Execution time: 5.56546 seconds
23/32 - Throughput: 359359 ops/sec
10/32 - Performed a throughput benchmark:
10/32 - Performed 2000000 find-or-put operations with random values from [0,...,12799999]
10/32 - Finds: 1601682 (0.800841), Inserts: 398318 (0.199159), Errors: 0 (0)
10/32 - Execution time: 5.57966 seconds
10/32 - Throughput: 358445 ops/sec
11/32 - Performed a throughput benchmark:
11/32 - Performed 2000000 find-or-put operations with random values from [0,...,12799999]
11/32 - Finds: 1600887 (0.800443), Inserts: 399113 (0.199556), Errors: 0 (0)
11/32 - Execution time: 5.58461 seconds
11/32 - Throughput: 358127 ops/sec
13/32 - Performed a throughput benchmark:
13/32 - Performed 2000000 find-or-put operations with random values from [0,...,12799999]
13/32 - Finds: 1601549 (0.800774), Inserts: 398451 (0.199225), Errors: 0 (0)
13/32 - Execution time: 5.57352 seconds
13/32 - Throughput: 358840 ops/sec
22/32 - Performed a throughput benchmark:
22/32 - Performed 2000000 find-or-put operations with random values from [0,...,12799999]
22/32 - Finds: 1601778 (0.800889), Inserts: 398222 (0.199111), Errors: 0 (0)
22/32 - Execution time: 5.57045 seconds
22/32 - Throughput: 359037 ops/sec
21/32 - Performed a throughput benchmark:
21/32 - Performed 2000000 find-or-put operations with random values from [0,...,12799999]
21/32 - Finds: 1601614 (0.800807), Inserts: 398386 (0.199193), Errors: 0 (0)
21/32 - Execution time: 5.5651 seconds
21/32 - Throughput: 359383 ops/sec
15/32 - Performed a throughput benchmark:
15/32 - Performed 2000000 find-or-put operations with random values from [0,...,12799999]
15/32 - Finds: 1600485 (0.800242), Inserts: 399515 (0.199758), Errors: 0 (0)
15/32 - Execution time: 5.56917 seconds
15/32 - Throughput: 359120 ops/sec
28/32 - Performed a throughput benchmark:
28/32 - Performed 2000000 find-or-put operations with random values from [0,...,12799999]
28/32 - Finds: 1601272 (0.800636), Inserts: 398728 (0.199364), Errors: 0 (0)
28/32 - Execution time: 5.58432 seconds
28/32 - Throughput: 358146 ops/sec
26/32 - Performed a throughput benchmark:
26/32 - Performed 2000000 find-or-put operations with random values from [0,...,12799999]
26/32 - Finds: 1602516 (0.801258), Inserts: 397484 (0.198742), Errors: 0 (0)
26/32 - Execution time: 5.58905 seconds
26/32 - Throughput: 357843 ops/sec
24/32 - Performed a throughput benchmark:
24/32 - Performed 2000000 find-or-put operations with random values from [0,...,12799999]
24/32 - Finds: 1599678 (0.799839), Inserts: 400322 (0.200161), Errors: 0 (0)
24/32 - Execution time: 5.55703 seconds
24/32 - Throughput: 359904 ops/sec
27/32 - Performed a throughput benchmark:
27/32 - Performed 2000000 find-or-put operations with random values from [0,...,12799999]
27/32 - Finds: 1602348 (0.801174), Inserts: 397652 (0.198826), Errors: 0 (0)
27/32 - Execution time: 5.58321 seconds
27/32 - Throughput: 358217 ops/sec
29/32 - Performed a throughput benchmark:
29/32 - Performed 2000000 find-or-put operations with random values from [0,...,12799999]
29/32 - Finds: 1602254 (0.801127), Inserts: 397746 (0.198873), Errors: 0 (0)
29/32 - Execution time: 5.58863 seconds
29/32 - Throughput: 357870 ops/sec
19/32 - Performed a throughput benchmark:
19/32 - Performed 2000000 find-or-put operations with random values from [0,...,12799999]
19/32 - Finds: 1602169 (0.801084), Inserts: 397831 (0.198915), Errors: 0 (0)
19/32 - Execution time: 5.57407 seconds
19/32 - Throughput: 358804 ops/sec
12/32 - Performed a throughput benchmark:
12/32 - Performed 2000000 find-or-put operations with random values from [0,...,12799999]
12/32 - Finds: 1601607 (0.800804), Inserts: 398393 (0.199196), Errors: 0 (0)
12/32 - Execution time: 5.58003 seconds
12/32 - Throughput: 358421 ops/sec
20/32 - Performed a throughput benchmark:
20/32 - Performed 2000000 find-or-put operations with random values from [0,...,12799999]
20/32 - Finds: 1601806 (0.800903), Inserts: 398194 (0.199097), Errors: 0 (0)
20/32 - Execution time: 5.56531 seconds
20/32 - Throughput: 359369 ops/sec
17/32 - Performed a throughput benchmark:
17/32 - Performed 2000000 find-or-put operations with random values from [0,...,12799999]
17/32 - Finds: 1600537 (0.800269), Inserts: 399463 (0.199732), Errors: 0 (0)
17/32 - Execution time: 5.56066 seconds
17/32 - Throughput: 359670 ops/sec
9/32 - Performed a throughput benchmark:
9/32 - Performed 2000000 find-or-put operations with random values from [0,...,12799999]
9/32 - Finds: 1601569 (0.800785), Inserts: 398431 (0.199215), Errors: 0 (0)
9/32 - Execution time: 5.59137 seconds
9/32 - Throughput: 357694 ops/sec
30/32 - Performed a throughput benchmark:
30/32 - Performed 2000000 find-or-put operations with random values from [0,...,12799999]
30/32 - Finds: 1602724 (0.801362), Inserts: 397276 (0.198638), Errors: 0 (0)
30/32 - Execution time: 5.58892 seconds
30/32 - Throughput: 357851 ops/sec
25/32 - Performed a throughput benchmark:
25/32 - Performed 2000000 find-or-put operations with random values from [0,...,12799999]
25/32 - Finds: 1602618 (0.801309), Inserts: 397382 (0.198691), Errors: 0 (0)
25/32 - Execution time: 5.59546 seconds
25/32 - Throughput: 357433 ops/sec
14/32 - Performed a throughput benchmark:
14/32 - Performed 2000000 find-or-put operations with random values from [0,...,12799999]
14/32 - Finds: 1603053 (0.801527), Inserts: 396947 (0.198473), Errors: 0 (0)
14/32 - Execution time: 5.5955 seconds
14/32 - Throughput: 357430 ops/sec
0/32 - Performed a throughput benchmark:
0/32 - Performed 2000000 find-or-put operations with random values from [0,...,12799999]
0/32 - Finds: 1615746 (0.807873), Inserts: 384254 (0.192127), Errors: 0 (0)
0/32 - Execution time: 5.81619 seconds
0/32 - Throughput: 343867 ops/sec
2/32 - Performed a throughput benchmark:
2/32 - Performed 2000000 find-or-put operations with random values from [0,...,12799999]
2/32 - Finds: 1618178 (0.809089), Inserts: 381822 (0.190911), Errors: 0 (0)
2/32 - Execution time: 5.85718 seconds
2/32 - Throughput: 341461 ops/sec
3/32 - Performed a throughput benchmark:
3/32 - Performed 2000000 find-or-put operations with random values from [0,...,12799999]
3/32 - Finds: 1615799 (0.807899), Inserts: 384201 (0.192101), Errors: 0 (0)
3/32 - Execution time: 5.83356 seconds
3/32 - Throughput: 342844 ops/sec
[1441206149.419557] [node017:28009:0]         sys.c:719  MXM  WARN  Conflicting CPU frequencies detected, using: 2370.75
