[1441207221.818015] [node001:10390:0]         sys.c:719  MXM  WARN  Conflicting CPU frequencies detected, using: 1399.97
[1441207221.838569] [node001:10390:0]         mxm.c:185  MXM  WARN  The 'ulimit -s' on the system is set to 'unlimited'. This may have negative performance implications. Please set the heap size to the default value (10240) 
[1441207221.810403] [node001:10391:0]         sys.c:719  MXM  WARN  Conflicting CPU frequencies detected, using: 1399.22
[1441207221.826439] [node001:10391:0]         mxm.c:185  MXM  WARN  The 'ulimit -s' on the system is set to 'unlimited'. This may have negative performance implications. Please set the heap size to the default value (10240) 
[1441207222.054195] [node002:20003:0]         sys.c:719  MXM  WARN  Conflicting CPU frequencies detected, using: 1694.53
[1441207222.057596] [node002:20003:0]         mxm.c:185  MXM  WARN  The 'ulimit -s' on the system is set to 'unlimited'. This may have negative performance implications. Please set the heap size to the default value (10240) 
[1441207222.054175] [node002:20002:0]         sys.c:719  MXM  WARN  Conflicting CPU frequencies detected, using: 1694.53
[1441207222.057931] [node002:20002:0]         mxm.c:185  MXM  WARN  The 'ulimit -s' on the system is set to 'unlimited'. This may have negative performance implications. Please set the heap size to the default value (10240) 
[1441207222.062255] [node014:12787:0]         sys.c:719  MXM  WARN  Conflicting CPU frequencies detected, using: 1600.03
[1441207222.065598] [node014:12787:0]         mxm.c:185  MXM  WARN  The 'ulimit -s' on the system is set to 'unlimited'. This may have negative performance implications. Please set the heap size to the default value (10240) 
[1441207222.069743] [node005:17942:0]         sys.c:719  MXM  WARN  Conflicting CPU frequencies detected, using: 1800.00
[1441207222.073269] [node005:17942:0]         mxm.c:185  MXM  WARN  The 'ulimit -s' on the system is set to 'unlimited'. This may have negative performance implications. Please set the heap size to the default value (10240) 
[1441207222.064055] [node005:17938:0]         sys.c:719  MXM  WARN  Conflicting CPU frequencies detected, using: 1800.00
[1441207222.067575] [node005:17938:0]         mxm.c:185  MXM  WARN  The 'ulimit -s' on the system is set to 'unlimited'. This may have negative performance implications. Please set the heap size to the default value (10240) 
[1441207222.065660] [node010:15375:0]         sys.c:719  MXM  WARN  Conflicting CPU frequencies detected, using: 1543.41
[1441207222.069028] [node010:15375:0]         mxm.c:185  MXM  WARN  The 'ulimit -s' on the system is set to 'unlimited'. This may have negative performance implications. Please set the heap size to the default value (10240) 
[1441207222.100064] [node013:15683:0]         sys.c:719  MXM  WARN  Conflicting CPU frequencies detected, using: 1400.06
[1441207222.105936] [node013:15683:0]         mxm.c:185  MXM  WARN  The 'ulimit -s' on the system is set to 'unlimited'. This may have negative performance implications. Please set the heap size to the default value (10240) 
[1441207222.063760] [node007:22486:0]         sys.c:719  MXM  WARN  Conflicting CPU frequencies detected, using: 1500.00
[1441207222.067333] [node007:22486:0]         mxm.c:185  MXM  WARN  The 'ulimit -s' on the system is set to 'unlimited'. This may have negative performance implications. Please set the heap size to the default value (10240) 
[1441207222.064639] [node006:17278:0]         sys.c:719  MXM  WARN  Conflicting CPU frequencies detected, using: 1493.44
[1441207222.068332] [node006:17278:0]         mxm.c:185  MXM  WARN  The 'ulimit -s' on the system is set to 'unlimited'. This may have negative performance implications. Please set the heap size to the default value (10240) 
[1441207222.106176] [node009:15482:0]         sys.c:719  MXM  WARN  Conflicting CPU frequencies detected, using: 1396.97
[1441207222.111513] [node009:15482:0]         mxm.c:185  MXM  WARN  The 'ulimit -s' on the system is set to 'unlimited'. This may have negative performance implications. Please set the heap size to the default value (10240) 
[1441207222.129136] [node020:29451:0]         sys.c:719  MXM  WARN  Conflicting CPU frequencies detected, using: 1493.34
[1441207222.135092] [node020:29451:0]         mxm.c:185  MXM  WARN  The 'ulimit -s' on the system is set to 'unlimited'. This may have negative performance implications. Please set the heap size to the default value (10240) 
[1441207222.129424] [node011:15390:0]         sys.c:719  MXM  WARN  Conflicting CPU frequencies detected, using: 1498.12
[1441207222.134739] [node011:15390:0]         mxm.c:185  MXM  WARN  The 'ulimit -s' on the system is set to 'unlimited'. This may have negative performance implications. Please set the heap size to the default value (10240) 
[1441207222.114529] [node010:15392:0]         sys.c:719  MXM  WARN  Conflicting CPU frequencies detected, using: 1800.00
[1441207222.117614] [node010:15392:0]         mxm.c:185  MXM  WARN  The 'ulimit -s' on the system is set to 'unlimited'. This may have negative performance implications. Please set the heap size to the default value (10240) 
[1441207222.120793] [node007:22507:0]         sys.c:719  MXM  WARN  Conflicting CPU frequencies detected, using: 1729.12
[1441207222.124102] [node007:22507:0]         mxm.c:185  MXM  WARN  The 'ulimit -s' on the system is set to 'unlimited'. This may have negative performance implications. Please set the heap size to the default value (10240) 
[1441207222.106325] [node004:17407:0]         sys.c:719  MXM  WARN  Conflicting CPU frequencies detected, using: 1500.09
[1441207222.110062] [node004:17407:0]         mxm.c:185  MXM  WARN  The 'ulimit -s' on the system is set to 'unlimited'. This may have negative performance implications. Please set the heap size to the default value (10240) 
[1441207222.114024] [node003:17929:0]         sys.c:719  MXM  WARN  Conflicting CPU frequencies detected, using: 1696.78
[1441207222.117457] [node003:17929:0]         mxm.c:185  MXM  WARN  The 'ulimit -s' on the system is set to 'unlimited'. This may have negative performance implications. Please set the heap size to the default value (10240) 
[1441207222.115894] [node003:17935:0]         sys.c:719  MXM  WARN  Conflicting CPU frequencies detected, using: 1696.78
[1441207222.119303] [node003:17935:0]         mxm.c:185  MXM  WARN  The 'ulimit -s' on the system is set to 'unlimited'. This may have negative performance implications. Please set the heap size to the default value (10240) 
[1441207222.100505] [node008:19884:0]         sys.c:719  MXM  WARN  Conflicting CPU frequencies detected, using: 1622.44
[1441207222.105735] [node008:19884:0]         mxm.c:185  MXM  WARN  The 'ulimit -s' on the system is set to 'unlimited'. This may have negative performance implications. Please set the heap size to the default value (10240) 
[1441207222.131620] [node014:12810:0]         sys.c:719  MXM  WARN  Conflicting CPU frequencies detected, using: 1696.88
[1441207222.134983] [node014:12810:0]         mxm.c:185  MXM  WARN  The 'ulimit -s' on the system is set to 'unlimited'. This may have negative performance implications. Please set the heap size to the default value (10240) 
[1441207222.131071] [node049:12956:0]         sys.c:719  MXM  WARN  Conflicting CPU frequencies detected, using: 1687.69
[1441207222.134509] [node049:12956:0]         mxm.c:185  MXM  WARN  The 'ulimit -s' on the system is set to 'unlimited'. This may have negative performance implications. Please set the heap size to the default value (10240) 
[1441207222.121921] [node019:30726:0]         sys.c:719  MXM  WARN  Conflicting CPU frequencies detected, using: 1496.25
[1441207222.125464] [node019:30726:0]         mxm.c:185  MXM  WARN  The 'ulimit -s' on the system is set to 'unlimited'. This may have negative performance implications. Please set the heap size to the default value (10240) 
[1441207222.126198] [node049:12949:0]         sys.c:719  MXM  WARN  Conflicting CPU frequencies detected, using: 1687.69
[1441207222.129836] [node049:12949:0]         mxm.c:185  MXM  WARN  The 'ulimit -s' on the system is set to 'unlimited'. This may have negative performance implications. Please set the heap size to the default value (10240) 
[1441207222.126487] [node008:19901:0]         sys.c:719  MXM  WARN  Conflicting CPU frequencies detected, using: 1798.50
[1441207222.131809] [node008:19901:0]         mxm.c:185  MXM  WARN  The 'ulimit -s' on the system is set to 'unlimited'. This may have negative performance implications. Please set the heap size to the default value (10240) 
[1441207222.121347] [node023:30213:0]         sys.c:719  MXM  WARN  Conflicting CPU frequencies detected, using: 1500.00
[1441207222.126737] [node023:30213:0]         mxm.c:185  MXM  WARN  The 'ulimit -s' on the system is set to 'unlimited'. This may have negative performance implications. Please set the heap size to the default value (10240) 
[1441207222.125734] [node052:6339 :0]         sys.c:719  MXM  WARN  Conflicting CPU frequencies detected, using: 1398.66
[1441207222.129609] [node052:6339 :0]         mxm.c:185  MXM  WARN  The 'ulimit -s' on the system is set to 'unlimited'. This may have negative performance implications. Please set the heap size to the default value (10240) 
[1441207222.121870] [node018:2880 :0]         sys.c:719  MXM  WARN  Conflicting CPU frequencies detected, using: 1592.06
[1441207222.127590] [node018:2880 :0]         mxm.c:185  MXM  WARN  The 'ulimit -s' on the system is set to 'unlimited'. This may have negative performance implications. Please set the heap size to the default value (10240) 
[1441207222.119193] [node012:15584:0]         sys.c:719  MXM  WARN  Conflicting CPU frequencies detected, using: 1698.47
[1441207222.124893] [node012:15584:0]         mxm.c:185  MXM  WARN  The 'ulimit -s' on the system is set to 'unlimited'. This may have negative performance implications. Please set the heap size to the default value (10240) 
[1441207222.147052] [node006:17301:0]         sys.c:719  MXM  WARN  Conflicting CPU frequencies detected, using: 1681.88
[1441207222.150396] [node006:17301:0]         mxm.c:185  MXM  WARN  The 'ulimit -s' on the system is set to 'unlimited'. This may have negative performance implications. Please set the heap size to the default value (10240) 
[1441207222.149166] [node004:17424:0]         sys.c:719  MXM  WARN  Conflicting CPU frequencies detected, using: 1599.94
[1441207222.152638] [node004:17424:0]         mxm.c:185  MXM  WARN  The 'ulimit -s' on the system is set to 'unlimited'. This may have negative performance implications. Please set the heap size to the default value (10240) 
[1441207222.153021] [node024:31216:0]         sys.c:719  MXM  WARN  Conflicting CPU frequencies detected, using: 1894.22
[1441207222.156706] [node024:31216:0]         mxm.c:185  MXM  WARN  The 'ulimit -s' on the system is set to 'unlimited'. This may have negative performance implications. Please set the heap size to the default value (10240) 
[1441207222.164717] [node024:31228:0]         sys.c:719  MXM  WARN  Conflicting CPU frequencies detected, using: 1996.69
[1441207222.167951] [node024:31228:0]         mxm.c:185  MXM  WARN  The 'ulimit -s' on the system is set to 'unlimited'. This may have negative performance implications. Please set the heap size to the default value (10240) 
[1441207222.154371] [node051:3401 :0]         sys.c:719  MXM  WARN  Conflicting CPU frequencies detected, using: 1500.00
[1441207222.158010] [node051:3401 :0]         mxm.c:185  MXM  WARN  The 'ulimit -s' on the system is set to 'unlimited'. This may have negative performance implications. Please set the heap size to the default value (10240) 
[1441207222.175722] [node047:12863:0]         sys.c:719  MXM  WARN  Conflicting CPU frequencies detected, using: 1499.91
[1441207222.179390] [node047:12863:0]         mxm.c:185  MXM  WARN  The 'ulimit -s' on the system is set to 'unlimited'. This may have negative performance implications. Please set the heap size to the default value (10240) 
[1441207222.201367] [node021:8609 :0]         sys.c:719  MXM  WARN  Conflicting CPU frequencies detected, using: 1699.97
[1441207222.204918] [node021:8609 :0]         mxm.c:185  MXM  WARN  The 'ulimit -s' on the system is set to 'unlimited'. This may have negative performance implications. Please set the heap size to the default value (10240) 
[1441207222.231116] [node022:5861 :0]         sys.c:719  MXM  WARN  Conflicting CPU frequencies detected, using: 1663.22
[1441207222.238974] [node022:5861 :0]         mxm.c:185  MXM  WARN  The 'ulimit -s' on the system is set to 'unlimited'. This may have negative performance implications. Please set the heap size to the default value (10240) 
[1441207222.220941] [node021:8621 :0]         sys.c:719  MXM  WARN  Conflicting CPU frequencies detected, using: 1800.00
[1441207222.224088] [node021:8621 :0]         mxm.c:185  MXM  WARN  The 'ulimit -s' on the system is set to 'unlimited'. This may have negative performance implications. Please set the heap size to the default value (10240) 
[1441207222.210571] [node047:12880:0]         sys.c:719  MXM  WARN  Conflicting CPU frequencies detected, using: 1577.06
[1441207222.214128] [node047:12880:0]         mxm.c:185  MXM  WARN  The 'ulimit -s' on the system is set to 'unlimited'. This may have negative performance implications. Please set the heap size to the default value (10240) 
[1441207222.206273] [node012:15607:0]         sys.c:719  MXM  WARN  Conflicting CPU frequencies detected, using: 1995.66
[1441207222.212183] [node012:15607:0]         mxm.c:185  MXM  WARN  The 'ulimit -s' on the system is set to 'unlimited'. This may have negative performance implications. Please set the heap size to the default value (10240) 
[1441207222.197962] [node013:15707:0]         sys.c:719  MXM  WARN  Conflicting CPU frequencies detected, using: 1497.00
[1441207222.203764] [node013:15707:0]         mxm.c:185  MXM  WARN  The 'ulimit -s' on the system is set to 'unlimited'. This may have negative performance implications. Please set the heap size to the default value (10240) 
[1441207222.210649] [node018:2904 :0]         sys.c:719  MXM  WARN  Conflicting CPU frequencies detected, using: 1595.62
[1441207222.216349] [node018:2904 :0]         mxm.c:185  MXM  WARN  The 'ulimit -s' on the system is set to 'unlimited'. This may have negative performance implications. Please set the heap size to the default value (10240) 
[1441207222.208683] [node023:30236:0]         sys.c:719  MXM  WARN  Conflicting CPU frequencies detected, using: 1694.62
[1441207222.214168] [node023:30236:0]         mxm.c:185  MXM  WARN  The 'ulimit -s' on the system is set to 'unlimited'. This may have negative performance implications. Please set the heap size to the default value (10240) 
[1441207222.224026] [node048:12935:0]         sys.c:719  MXM  WARN  Conflicting CPU frequencies detected, using: 1798.31
[1441207222.227055] [node048:12935:0]         mxm.c:185  MXM  WARN  The 'ulimit -s' on the system is set to 'unlimited'. This may have negative performance implications. Please set the heap size to the default value (10240) 
[1441207222.208983] [node009:15506:0]         sys.c:719  MXM  WARN  Conflicting CPU frequencies detected, using: 1675.03
[1441207222.214925] [node009:15506:0]         mxm.c:185  MXM  WARN  The 'ulimit -s' on the system is set to 'unlimited'. This may have negative performance implications. Please set the heap size to the default value (10240) 
[1441207222.221582] [node025:25502:0]         sys.c:719  MXM  WARN  Conflicting CPU frequencies detected, using: 1800.00
[1441207222.225104] [node025:25502:0]         mxm.c:185  MXM  WARN  The 'ulimit -s' on the system is set to 'unlimited'. This may have negative performance implications. Please set the heap size to the default value (10240) 
[1441207222.220599] [node028:18533:0]         sys.c:719  MXM  WARN  Conflicting CPU frequencies detected, using: 1682.06
[1441207222.223946] [node028:18533:0]         mxm.c:185  MXM  WARN  The 'ulimit -s' on the system is set to 'unlimited'. This may have negative performance implications. Please set the heap size to the default value (10240) 
[1441207222.219075] [node029:15538:0]         sys.c:719  MXM  WARN  Conflicting CPU frequencies detected, using: 1745.44
[1441207222.222330] [node029:15538:0]         mxm.c:185  MXM  WARN  The 'ulimit -s' on the system is set to 'unlimited'. This may have negative performance implications. Please set the heap size to the default value (10240) 
[1441207222.231523] [node022:5860 :0]         sys.c:719  MXM  WARN  Conflicting CPU frequencies detected, using: 1663.22
[1441207222.239897] [node022:5860 :0]         mxm.c:185  MXM  WARN  The 'ulimit -s' on the system is set to 'unlimited'. This may have negative performance implications. Please set the heap size to the default value (10240) 
[1441207222.217332] [node051:3422 :0]         sys.c:719  MXM  WARN  Conflicting CPU frequencies detected, using: 1498.69
[1441207222.220823] [node051:3422 :0]         mxm.c:185  MXM  WARN  The 'ulimit -s' on the system is set to 'unlimited'. This may have negative performance implications. Please set the heap size to the default value (10240) 
[1441207222.218192] [node029:15539:0]         sys.c:719  MXM  WARN  Conflicting CPU frequencies detected, using: 1745.44
[1441207222.221919] [node029:15539:0]         mxm.c:185  MXM  WARN  The 'ulimit -s' on the system is set to 'unlimited'. This may have negative performance implications. Please set the heap size to the default value (10240) 
[1441207222.219622] [node048:12934:0]         sys.c:719  MXM  WARN  Conflicting CPU frequencies detected, using: 1798.31
[1441207222.223022] [node048:12934:0]         mxm.c:185  MXM  WARN  The 'ulimit -s' on the system is set to 'unlimited'. This may have negative performance implications. Please set the heap size to the default value (10240) 
[1441207222.224028] [node052:6363 :0]         sys.c:719  MXM  WARN  Conflicting CPU frequencies detected, using: 1682.81
[1441207222.227387] [node052:6363 :0]         mxm.c:185  MXM  WARN  The 'ulimit -s' on the system is set to 'unlimited'. This may have negative performance implications. Please set the heap size to the default value (10240) 
[1441207222.217194] [node028:18529:0]         sys.c:719  MXM  WARN  Conflicting CPU frequencies detected, using: 1682.06
[1441207222.220651] [node028:18529:0]         mxm.c:185  MXM  WARN  The 'ulimit -s' on the system is set to 'unlimited'. This may have negative performance implications. Please set the heap size to the default value (10240) 
[1441207222.221269] [node025:25503:0]         sys.c:719  MXM  WARN  Conflicting CPU frequencies detected, using: 1800.00
[1441207222.224727] [node025:25503:0]         mxm.c:185  MXM  WARN  The 'ulimit -s' on the system is set to 'unlimited'. This may have negative performance implications. Please set the heap size to the default value (10240) 
[1441207222.212155] [node020:29474:0]         sys.c:719  MXM  WARN  Conflicting CPU frequencies detected, using: 1595.06
[1441207222.217726] [node020:29474:0]         mxm.c:185  MXM  WARN  The 'ulimit -s' on the system is set to 'unlimited'. This may have negative performance implications. Please set the heap size to the default value (10240) 
[1441207222.219734] [node019:30750:0]         sys.c:719  MXM  WARN  Conflicting CPU frequencies detected, using: 1399.22
[1441207222.223406] [node019:30750:0]         mxm.c:185  MXM  WARN  The 'ulimit -s' on the system is set to 'unlimited'. This may have negative performance implications. Please set the heap size to the default value (10240) 
[1441207222.225407] [node050:10491:0]         sys.c:719  MXM  WARN  Conflicting CPU frequencies detected, using: 1697.81
[1441207222.228860] [node050:10491:0]         mxm.c:185  MXM  WARN  The 'ulimit -s' on the system is set to 'unlimited'. This may have negative performance implications. Please set the heap size to the default value (10240) 
[1441207222.224457] [node050:10492:0]         sys.c:719  MXM  WARN  Conflicting CPU frequencies detected, using: 1697.81
[1441207222.228327] [node050:10492:0]         mxm.c:185  MXM  WARN  The 'ulimit -s' on the system is set to 'unlimited'. This may have negative performance implications. Please set the heap size to the default value (10240) 
[1441207222.219203] [node011:15413:0]         sys.c:719  MXM  WARN  Conflicting CPU frequencies detected, using: 1589.34
[1441207222.225024] [node011:15413:0]         mxm.c:185  MXM  WARN  The 'ulimit -s' on the system is set to 'unlimited'. This may have negative performance implications. Please set the heap size to the default value (10240) 
[1441207222.218268] [node015:10416:0]         sys.c:719  MXM  WARN  Conflicting CPU frequencies detected, using: 1689.94
[1441207222.225832] [node015:10416:0]         mxm.c:185  MXM  WARN  The 'ulimit -s' on the system is set to 'unlimited'. This may have negative performance implications. Please set the heap size to the default value (10240) 
[1441207222.216814] [node015:10420:0]         sys.c:719  MXM  WARN  Conflicting CPU frequencies detected, using: 1689.94
[1441207222.223779] [node015:10420:0]         mxm.c:185  MXM  WARN  The 'ulimit -s' on the system is set to 'unlimited'. This may have negative performance implications. Please set the heap size to the default value (10240) 
[1441207222.239128] [node046:19958:0]         sys.c:719  MXM  WARN  Conflicting CPU frequencies detected, using: 1595.72
[1441207222.242214] [node046:19958:0]         mxm.c:185  MXM  WARN  The 'ulimit -s' on the system is set to 'unlimited'. This may have negative performance implications. Please set the heap size to the default value (10240) 
[1441207222.237519] [node046:19959:0]         sys.c:719  MXM  WARN  Conflicting CPU frequencies detected, using: 1595.72
[1441207222.241103] [node046:19959:0]         mxm.c:185  MXM  WARN  The 'ulimit -s' on the system is set to 'unlimited'. This may have negative performance implications. Please set the heap size to the default value (10240) 
UPCR: UPC thread  1 of 64 on node001 (pshm node  0 of 32, process  1 of 64, pid=10391)
UPCR: UPC thread  0 of 64 on node001 (pshm node  0 of 32, process  0 of 64, pid=10390)
UPCR: UPC thread 14 of 64 on node008 (pshm node  7 of 32, process 14 of 64, pid=19884)
UPCR: UPC thread 55 of 64 on node048 (pshm node 27 of 32, process 55 of 64, pid=12934)
UPCR: UPC thread 63 of 64 on node052 (pshm node 31 of 32, process 63 of 64, pid=6363)
UPCR: UPC thread 19 of 64 on node010 (pshm node  9 of 32, process 19 of 64, pid=15375)
UPCR: UPC thread 15 of 64 on node008 (pshm node  7 of 32, process 15 of 64, pid=19901)
UPCR: UPC thread 51 of 64 on node046 (pshm node 25 of 32, process 51 of 64, pid=19958)
UPCR: UPC thread 13 of 64 on node007 (pshm node  6 of 32, process 13 of 64, pid=22507)
UPCR: UPC thread 22 of 64 on node012 (pshm node 11 of 32, process 22 of 64, pid=15584)
UPCR: UPC thread 29 of 64 on node015 (pshm node 14 of 32, process 29 of 64, pid=10420)
UPCR: UPC thread 50 of 64 on node046 (pshm node 25 of 32, process 50 of 64, pid=19959)
UPCR: UPC thread 61 of 64 on node051 (pshm node 30 of 32, process 61 of 64, pid=3401)
UPCR: UPC thread 46 of 64 on node028 (pshm node 23 of 32, process 46 of 64, pid=18529)
UPCR: UPC thread 12 of 64 on node007 (pshm node  6 of 32, process 12 of 64, pid=22486)
UPCR: UPC thread 49 of 64 on node029 (pshm node 24 of 32, process 49 of 64, pid=15538)
UPCR: UPC thread  2 of 64 on node002 (pshm node  1 of 32, process  2 of 64, pid=20003)
UPCR: UPC thread 59 of 64 on node050 (pshm node 29 of 32, process 59 of 64, pid=10492)
UPCR: UPC thread 28 of 64 on node015 (pshm node 14 of 32, process 28 of 64, pid=10416)
UPCR: UPC thread 33 of 64 on node019 (pshm node 16 of 32, process 33 of 64, pid=30750)
UPCR: UPC thread 41 of 64 on node023 (pshm node 20 of 32, process 41 of 64, pid=30236)
UPCR: UPC thread 20 of 64 on node011 (pshm node 10 of 32, process 20 of 64, pid=15390)
UPCR: UPC thread 17 of 64 on node009 (pshm node  8 of 32, process 17 of 64, pid=15506)
UPCR: UPC thread 31 of 64 on node018 (pshm node 15 of 32, process 31 of 64, pid=2880)
UPCR: UPC thread 32 of 64 on node019 (pshm node 16 of 32, process 32 of 64, pid=30726)
UPCR: UPC thread  8 of 64 on node005 (pshm node  4 of 32, process  8 of 64, pid=17942)
UPCR: UPC thread 35 of 64 on node020 (pshm node 17 of 32, process 35 of 64, pid=29451)
UPCR: UPC thread 44 of 64 on node025 (pshm node 22 of 32, process 44 of 64, pid=25503)
UPCR: UPC thread 34 of 64 on node020 (pshm node 17 of 32, process 34 of 64, pid=29474)
UPCR: UPC thread 54 of 64 on node048 (pshm node 27 of 32, process 54 of 64, pid=12935)
UPCR: UPC thread 56 of 64 on node049 (pshm node 28 of 32, process 56 of 64, pid=12949)
UPCR: UPC thread  6 of 64 on node004 (pshm node  3 of 32, process  6 of 64, pid=17407)
UPCR: UPC thread  5 of 64 on node003 (pshm node  2 of 32, process  5 of 64, pid=17929)
UPCR: UPC thread 30 of 64 on node018 (pshm node 15 of 32, process 30 of 64, pid=2904)
UPCR: UPC thread 36 of 64 on node021 (pshm node 18 of 32, process 36 of 64, pid=8609)
UPCR: UPC thread 43 of 64 on node024 (pshm node 21 of 32, process 43 of 64, pid=31228)
UPCR: UPC thread  4 of 64 on node003 (pshm node  2 of 32, process  4 of 64, pid=17935)
UPCR: UPC thread  3 of 64 on node002 (pshm node  1 of 32, process  3 of 64, pid=20002)
UPCR: UPC thread 21 of 64 on node011 (pshm node 10 of 32, process 21 of 64, pid=15413)
UPCR: UPC thread 52 of 64 on node047 (pshm node 26 of 32, process 52 of 64, pid=12863)
UPCR: UPC thread 40 of 64 on node023 (pshm node 20 of 32, process 40 of 64, pid=30213)
UPCR: UPC thread  9 of 64 on node005 (pshm node  4 of 32, process  9 of 64, pid=17938)
UPCR: UPC thread 10 of 64 on node006 (pshm node  5 of 32, process 10 of 64, pid=17278)
UPCR: UPC thread 24 of 64 on node013 (pshm node 12 of 32, process 24 of 64, pid=15683)
UPCR: UPC thread 25 of 64 on node013 (pshm node 12 of 32, process 25 of 64, pid=15707)
UPCR: UPC thread 45 of 64 on node025 (pshm node 22 of 32, process 45 of 64, pid=25502)
UPCR: UPC thread 11 of 64 on node006 (pshm node  5 of 32, process 11 of 64, pid=17301)
UPCR: UPC thread 42 of 64 on node024 (pshm node 21 of 32, process 42 of 64, pid=31216)
UPCR: UPC thread  7 of 64 on node004 (pshm node  3 of 32, process  7 of 64, pid=17424)
UPCR: UPC thread 23 of 64 on node012 (pshm node 11 of 32, process 23 of 64, pid=15607)
UPCR: UPC thread 57 of 64 on node049 (pshm node 28 of 32, process 57 of 64, pid=12956)
UPCR: UPC thread 16 of 64 on node009 (pshm node  8 of 32, process 16 of 64, pid=15482)
UPCR: UPC thread 48 of 64 on node029 (pshm node 24 of 32, process 48 of 64, pid=15539)
UPCR: UPC thread 53 of 64 on node047 (pshm node 26 of 32, process 53 of 64, pid=12880)
UPCR: UPC thread 27 of 64 on node014 (pshm node 13 of 32, process 27 of 64, pid=12810)
UPCR: UPC thread 38 of 64 on node022 (pshm node 19 of 32, process 38 of 64, pid=5860)
UPCR: UPC thread 37 of 64 on node021 (pshm node 18 of 32, process 37 of 64, pid=8621)
UPCR: UPC thread 18 of 64 on node010 (pshm node  9 of 32, process 18 of 64, pid=15392)
UPCR: UPC thread 60 of 64 on node051 (pshm node 30 of 32, process 60 of 64, pid=3422)
UPCR: UPC thread 58 of 64 on node050 (pshm node 29 of 32, process 58 of 64, pid=10491)
UPCR: UPC thread 39 of 64 on node022 (pshm node 19 of 32, process 39 of 64, pid=5861)
UPCR: UPC thread 26 of 64 on node014 (pshm node 13 of 32, process 26 of 64, pid=12787)
UPCR: UPC thread 47 of 64 on node028 (pshm node 23 of 32, process 47 of 64, pid=18533)
UPCR: UPC thread 62 of 64 on node052 (pshm node 31 of 32, process 62 of 64, pid=6339)
0/64 - htable initialized
0/64 - table size: 68719476736 bytes (65536 MB)
0/64 - total number of buckets: 8589934592
0/64 - block size: 1073741824 (1024 MB)
0/64 - number of buckets in block: 134217728
0/64 - number of blocks: 64
34/64 - Performed a throughput benchmark:
34/64 - Performed 2000000 find-or-put operations with random values from [0,...,25599999]
34/64 - Finds: 1560376 (0.780188), Inserts: 439624 (0.219812), Errors: 0 (0)
34/64 - Execution time: 6.69839 seconds
34/64 - Throughput: 298579 ops/sec
17/64 - Performed a throughput benchmark:
17/64 - Performed 2000000 find-or-put operations with random values from [0,...,25599999]
17/64 - Finds: 1561065 (0.780532), Inserts: 438935 (0.219468), Errors: 0 (0)
17/64 - Execution time: 6.69945 seconds
17/64 - Throughput: 298532 ops/sec
19/64 - Performed a throughput benchmark:
19/64 - Performed 2000000 find-or-put operations with random values from [0,...,25599999]
19/64 - Finds: 1561509 (0.780755), Inserts: 438491 (0.219246), Errors: 0 (0)
19/64 - Execution time: 6.70425 seconds
19/64 - Throughput: 298318 ops/sec
32/64 - Performed a throughput benchmark:
32/64 - Performed 2000000 find-or-put operations with random values from [0,...,25599999]
32/64 - Finds: 1559798 (0.779899), Inserts: 440202 (0.220101), Errors: 0 (0)
32/64 - Execution time: 6.70334 seconds
32/64 - Throughput: 298359 ops/sec
37/64 - Performed a throughput benchmark:
37/64 - Performed 2000000 find-or-put operations with random values from [0,...,25599999]
37/64 - Finds: 1560381 (0.780191), Inserts: 439619 (0.219809), Errors: 0 (0)
37/64 - Execution time: 6.71041 seconds
37/64 - Throughput: 298044 ops/sec
39/64 - Performed a throughput benchmark:
39/64 - Performed 2000000 find-or-put operations with random values from [0,...,25599999]
39/64 - Finds: 1561587 (0.780794), Inserts: 438413 (0.219206), Errors: 0 (0)
39/64 - Execution time: 6.70893 seconds
39/64 - Throughput: 298110 ops/sec
18/64 - Performed a throughput benchmark:
18/64 - Performed 2000000 find-or-put operations with random values from [0,...,25599999]
18/64 - Finds: 1561493 (0.780747), Inserts: 438507 (0.219253), Errors: 0 (0)
18/64 - Execution time: 6.71056 seconds
18/64 - Throughput: 298038 ops/sec
25/64 - Performed a throughput benchmark:
25/64 - Performed 2000000 find-or-put operations with random values from [0,...,25599999]
25/64 - Finds: 1561069 (0.780535), Inserts: 438931 (0.219466), Errors: 0 (0)
25/64 - Execution time: 6.71143 seconds
25/64 - Throughput: 297999 ops/sec
35/64 - Performed a throughput benchmark:
35/64 - Performed 2000000 find-or-put operations with random values from [0,...,25599999]
35/64 - Finds: 1561561 (0.78078), Inserts: 438439 (0.21922), Errors: 0 (0)
35/64 - Execution time: 6.7056 seconds
35/64 - Throughput: 298258 ops/sec
36/64 - Performed a throughput benchmark:
36/64 - Performed 2000000 find-or-put operations with random values from [0,...,25599999]
36/64 - Finds: 1561670 (0.780835), Inserts: 438330 (0.219165), Errors: 0 (0)
36/64 - Execution time: 6.71799 seconds
36/64 - Throughput: 297708 ops/sec
38/64 - Performed a throughput benchmark:
38/64 - Performed 2000000 find-or-put operations with random values from [0,...,25599999]
38/64 - Finds: 1560907 (0.780454), Inserts: 439093 (0.219547), Errors: 0 (0)
38/64 - Execution time: 6.70849 seconds
38/64 - Throughput: 298130 ops/sec
40/64 - Performed a throughput benchmark:
40/64 - Performed 2000000 find-or-put operations with random values from [0,...,25599999]
40/64 - Finds: 1560682 (0.780341), Inserts: 439318 (0.219659), Errors: 0 (0)
40/64 - Execution time: 6.70601 seconds
40/64 - Throughput: 298240 ops/sec
26/64 - Performed a throughput benchmark:
26/64 - Performed 2000000 find-or-put operations with random values from [0,...,25599999]
26/64 - Finds: 1561438 (0.780719), Inserts: 438562 (0.219281), Errors: 0 (0)
26/64 - Execution time: 6.71233 seconds
26/64 - Throughput: 297959 ops/sec
15/64 - Performed a throughput benchmark:
15/64 - Performed 2000000 find-or-put operations with random values from [0,...,25599999]
15/64 - Finds: 1561125 (0.780563), Inserts: 438875 (0.219438), Errors: 0 (0)
15/64 - Execution time: 6.71645 seconds
15/64 - Throughput: 297776 ops/sec
14/64 - Performed a throughput benchmark:
14/64 - Performed 2000000 find-or-put operations with random values from [0,...,25599999]
14/64 - Finds: 1561320 (0.78066), Inserts: 438680 (0.21934), Errors: 0 (0)
14/64 - Execution time: 6.72042 seconds
14/64 - Throughput: 297600 ops/sec
21/64 - Performed a throughput benchmark:
21/64 - Performed 2000000 find-or-put operations with random values from [0,...,25599999]
21/64 - Finds: 1561555 (0.780778), Inserts: 438445 (0.219222), Errors: 0 (0)
21/64 - Execution time: 6.70626 seconds
21/64 - Throughput: 298229 ops/sec
24/64 - Performed a throughput benchmark:
24/64 - Performed 2000000 find-or-put operations with random values from [0,...,25599999]
24/64 - Finds: 1561173 (0.780586), Inserts: 438827 (0.219414), Errors: 0 (0)
24/64 - Execution time: 6.71029 seconds
24/64 - Throughput: 298050 ops/sec
27/64 - Performed a throughput benchmark:
27/64 - Performed 2000000 find-or-put operations with random values from [0,...,25599999]
27/64 - Finds: 1560844 (0.780422), Inserts: 439156 (0.219578), Errors: 0 (0)
27/64 - Execution time: 6.71166 seconds
27/64 - Throughput: 297989 ops/sec
16/64 - Performed a throughput benchmark:
16/64 - Performed 2000000 find-or-put operations with random values from [0,...,25599999]
16/64 - Finds: 1561730 (0.780865), Inserts: 438270 (0.219135), Errors: 0 (0)
16/64 - Execution time: 6.71977 seconds
16/64 - Throughput: 297629 ops/sec
33/64 - Performed a throughput benchmark:
33/64 - Performed 2000000 find-or-put operations with random values from [0,...,25599999]
33/64 - Finds: 1560458 (0.780229), Inserts: 439542 (0.219771), Errors: 0 (0)
33/64 - Execution time: 6.71018 seconds
33/64 - Throughput: 298055 ops/sec
41/64 - Performed a throughput benchmark:
41/64 - Performed 2000000 find-or-put operations with random values from [0,...,25599999]
41/64 - Finds: 1560544 (0.780272), Inserts: 439456 (0.219728), Errors: 0 (0)
41/64 - Execution time: 6.71657 seconds
41/64 - Throughput: 297771 ops/sec
23/64 - Performed a throughput benchmark:
23/64 - Performed 2000000 find-or-put operations with random values from [0,...,25599999]
23/64 - Finds: 1561583 (0.780791), Inserts: 438417 (0.219209), Errors: 0 (0)
23/64 - Execution time: 6.74582 seconds
23/64 - Throughput: 296480 ops/sec
28/64 - Performed a throughput benchmark:
28/64 - Performed 2000000 find-or-put operations with random values from [0,...,25599999]
28/64 - Finds: 1562609 (0.781304), Inserts: 437391 (0.218695), Errors: 0 (0)
28/64 - Execution time: 6.74743 seconds
28/64 - Throughput: 296409 ops/sec
22/64 - Performed a throughput benchmark:
22/64 - Performed 2000000 find-or-put operations with random values from [0,...,25599999]
22/64 - Finds: 1562573 (0.781286), Inserts: 437427 (0.218714), Errors: 0 (0)
22/64 - Execution time: 6.74823 seconds
22/64 - Throughput: 296374 ops/sec
20/64 - Performed a throughput benchmark:
20/64 - Performed 2000000 find-or-put operations with random values from [0,...,25599999]
20/64 - Finds: 1561765 (0.780883), Inserts: 438235 (0.219117), Errors: 0 (0)
20/64 - Execution time: 6.71863 seconds
20/64 - Throughput: 297680 ops/sec
31/64 - Performed a throughput benchmark:
31/64 - Performed 2000000 find-or-put operations with random values from [0,...,25599999]
31/64 - Finds: 1561442 (0.780721), Inserts: 438558 (0.219279), Errors: 0 (0)
31/64 - Execution time: 6.72656 seconds
31/64 - Throughput: 297329 ops/sec
30/64 - Performed a throughput benchmark:
30/64 - Performed 2000000 find-or-put operations with random values from [0,...,25599999]
30/64 - Finds: 1561258 (0.780629), Inserts: 438742 (0.219371), Errors: 0 (0)
30/64 - Execution time: 6.73309 seconds
30/64 - Throughput: 297040 ops/sec
29/64 - Performed a throughput benchmark:
29/64 - Performed 2000000 find-or-put operations with random values from [0,...,25599999]
29/64 - Finds: 1563104 (0.781552), Inserts: 436896 (0.218448), Errors: 0 (0)
29/64 - Execution time: 6.76191 seconds
29/64 - Throughput: 295774 ops/sec
4/64 - Performed a throughput benchmark:
4/64 - Performed 2000000 find-or-put operations with random values from [0,...,25599999]
4/64 - Finds: 1612403 (0.806202), Inserts: 387597 (0.193799), Errors: 0 (0)
4/64 - Execution time: 7.46744 seconds
4/64 - Throughput: 267830 ops/sec
8/64 - Performed a throughput benchmark:
8/64 - Performed 2000000 find-or-put operations with random values from [0,...,25599999]
8/64 - Finds: 1612701 (0.80635), Inserts: 387299 (0.19365), Errors: 0 (0)
8/64 - Execution time: 7.51748 seconds
8/64 - Throughput: 266047 ops/sec
10/64 - Performed a throughput benchmark:
10/64 - Performed 2000000 find-or-put operations with random values from [0,...,25599999]
10/64 - Finds: 1616788 (0.808394), Inserts: 383212 (0.191606), Errors: 0 (0)
10/64 - Execution time: 7.58924 seconds
10/64 - Throughput: 263531 ops/sec
7/64 - Performed a throughput benchmark:
7/64 - Performed 2000000 find-or-put operations with random values from [0,...,25599999]
7/64 - Finds: 1616366 (0.808183), Inserts: 383634 (0.191817), Errors: 0 (0)
7/64 - Execution time: 7.60271 seconds
7/64 - Throughput: 263064 ops/sec
6/64 - Performed a throughput benchmark:
6/64 - Performed 2000000 find-or-put operations with random values from [0,...,25599999]
6/64 - Finds: 1617447 (0.808724), Inserts: 382553 (0.191276), Errors: 0 (0)
6/64 - Execution time: 7.61496 seconds
6/64 - Throughput: 262641 ops/sec
0/64 - Performed a throughput benchmark:
0/64 - Performed 2000000 find-or-put operations with random values from [0,...,25599999]
0/64 - Finds: 1618650 (0.809325), Inserts: 381350 (0.190675), Errors: 0 (0)
0/64 - Execution time: 7.62172 seconds
0/64 - Throughput: 262408 ops/sec
9/64 - Performed a throughput benchmark:
9/64 - Performed 2000000 find-or-put operations with random values from [0,...,25599999]
9/64 - Finds: 1618395 (0.809198), Inserts: 381605 (0.190803), Errors: 0 (0)
9/64 - Execution time: 7.63569 seconds
9/64 - Throughput: 261928 ops/sec
13/64 - Performed a throughput benchmark:
13/64 - Performed 2000000 find-or-put operations with random values from [0,...,25599999]
13/64 - Finds: 1618044 (0.809022), Inserts: 381956 (0.190978), Errors: 0 (0)
13/64 - Execution time: 7.62417 seconds
13/64 - Throughput: 262323 ops/sec
5/64 - Performed a throughput benchmark:
5/64 - Performed 2000000 find-or-put operations with random values from [0,...,25599999]
5/64 - Finds: 1617776 (0.808888), Inserts: 382224 (0.191112), Errors: 0 (0)
5/64 - Execution time: 7.60803 seconds
5/64 - Throughput: 262880 ops/sec
3/64 - Performed a throughput benchmark:
3/64 - Performed 2000000 find-or-put operations with random values from [0,...,25599999]
3/64 - Finds: 1617183 (0.808592), Inserts: 382817 (0.191409), Errors: 0 (0)
3/64 - Execution time: 7.62762 seconds
3/64 - Throughput: 262205 ops/sec
11/64 - Performed a throughput benchmark:
11/64 - Performed 2000000 find-or-put operations with random values from [0,...,25599999]
11/64 - Finds: 1617826 (0.808913), Inserts: 382174 (0.191087), Errors: 0 (0)
11/64 - Execution time: 7.6181 seconds
11/64 - Throughput: 262533 ops/sec
12/64 - Performed a throughput benchmark:
12/64 - Performed 2000000 find-or-put operations with random values from [0,...,25599999]
12/64 - Finds: 1619734 (0.809867), Inserts: 380266 (0.190133), Errors: 0 (0)
12/64 - Execution time: 7.64293 seconds
12/64 - Throughput: 261680 ops/sec
1/64 - Performed a throughput benchmark:
1/64 - Performed 2000000 find-or-put operations with random values from [0,...,25599999]
1/64 - Finds: 1619512 (0.809756), Inserts: 380488 (0.190244), Errors: 0 (0)
1/64 - Execution time: 7.63554 seconds
1/64 - Throughput: 261933 ops/sec
2/64 - Performed a throughput benchmark:
2/64 - Performed 2000000 find-or-put operations with random values from [0,...,25599999]
2/64 - Finds: 1620291 (0.810145), Inserts: 379709 (0.189855), Errors: 0 (0)
2/64 - Execution time: 7.67988 seconds
2/64 - Throughput: 260421 ops/sec
58/64 - Performed a throughput benchmark:
58/64 - Performed 2000000 find-or-put operations with random values from [0,...,25599999]
58/64 - Finds: 1639212 (0.819606), Inserts: 360788 (0.180394), Errors: 0 (0)
58/64 - Execution time: 8.08015 seconds
58/64 - Throughput: 247520 ops/sec
57/64 - Performed a throughput benchmark:
57/64 - Performed 2000000 find-or-put operations with random values from [0,...,25599999]
57/64 - Finds: 1641379 (0.820689), Inserts: 358621 (0.179311), Errors: 0 (0)
57/64 - Execution time: 8.10241 seconds
57/64 - Throughput: 246840 ops/sec
61/64 - Performed a throughput benchmark:
61/64 - Performed 2000000 find-or-put operations with random values from [0,...,25599999]
61/64 - Finds: 1641220 (0.82061), Inserts: 358780 (0.17939), Errors: 0 (0)
61/64 - Execution time: 8.12648 seconds
61/64 - Throughput: 246109 ops/sec
51/64 - Performed a throughput benchmark:
51/64 - Performed 2000000 find-or-put operations with random values from [0,...,25599999]
51/64 - Finds: 1641541 (0.82077), Inserts: 358459 (0.17923), Errors: 0 (0)
51/64 - Execution time: 8.15686 seconds
51/64 - Throughput: 245192 ops/sec
59/64 - Performed a throughput benchmark:
59/64 - Performed 2000000 find-or-put operations with random values from [0,...,25599999]
59/64 - Finds: 1643564 (0.821782), Inserts: 356436 (0.178218), Errors: 0 (0)
59/64 - Execution time: 8.18007 seconds
59/64 - Throughput: 244497 ops/sec
45/64 - Performed a throughput benchmark:
45/64 - Performed 2000000 find-or-put operations with random values from [0,...,25599999]
45/64 - Finds: 1646655 (0.823327), Inserts: 353345 (0.176673), Errors: 0 (0)
45/64 - Execution time: 8.20191 seconds
45/64 - Throughput: 243846 ops/sec
43/64 - Performed a throughput benchmark:
43/64 - Performed 2000000 find-or-put operations with random values from [0,...,25599999]
43/64 - Finds: 1646529 (0.823264), Inserts: 353471 (0.176735), Errors: 0 (0)
43/64 - Execution time: 8.19101 seconds
43/64 - Throughput: 244170 ops/sec
54/64 - Performed a throughput benchmark:
54/64 - Performed 2000000 find-or-put operations with random values from [0,...,25599999]
54/64 - Finds: 1644827 (0.822414), Inserts: 355173 (0.177587), Errors: 0 (0)
54/64 - Execution time: 8.22256 seconds
54/64 - Throughput: 243233 ops/sec
60/64 - Performed a throughput benchmark:
60/64 - Performed 2000000 find-or-put operations with random values from [0,...,25599999]
60/64 - Finds: 1644942 (0.822471), Inserts: 355058 (0.177529), Errors: 0 (0)
60/64 - Execution time: 8.22143 seconds
60/64 - Throughput: 243267 ops/sec
63/64 - Performed a throughput benchmark:
63/64 - Performed 2000000 find-or-put operations with random values from [0,...,25599999]
63/64 - Finds: 1645051 (0.822526), Inserts: 354949 (0.177475), Errors: 0 (0)
63/64 - Execution time: 8.21665 seconds
63/64 - Throughput: 243408 ops/sec
53/64 - Performed a throughput benchmark:
53/64 - Performed 2000000 find-or-put operations with random values from [0,...,25599999]
53/64 - Finds: 1646139 (0.82307), Inserts: 353861 (0.17693), Errors: 0 (0)
53/64 - Execution time: 8.23361 seconds
53/64 - Throughput: 242907 ops/sec
50/64 - Performed a throughput benchmark:
50/64 - Performed 2000000 find-or-put operations with random values from [0,...,25599999]
50/64 - Finds: 1645881 (0.82294), Inserts: 354119 (0.17706), Errors: 0 (0)
50/64 - Execution time: 8.24193 seconds
50/64 - Throughput: 242662 ops/sec
52/64 - Performed a throughput benchmark:
52/64 - Performed 2000000 find-or-put operations with random values from [0,...,25599999]
52/64 - Finds: 1645554 (0.822777), Inserts: 354446 (0.177223), Errors: 0 (0)
52/64 - Execution time: 8.24125 seconds
52/64 - Throughput: 242682 ops/sec
62/64 - Performed a throughput benchmark:
62/64 - Performed 2000000 find-or-put operations with random values from [0,...,25599999]
62/64 - Finds: 1646036 (0.823018), Inserts: 353964 (0.176982), Errors: 0 (0)
62/64 - Execution time: 8.23799 seconds
62/64 - Throughput: 242778 ops/sec
55/64 - Performed a throughput benchmark:
55/64 - Performed 2000000 find-or-put operations with random values from [0,...,25599999]
55/64 - Finds: 1646541 (0.823271), Inserts: 353459 (0.17673), Errors: 0 (0)
55/64 - Execution time: 8.25328 seconds
55/64 - Throughput: 242328 ops/sec
47/64 - Performed a throughput benchmark:
47/64 - Performed 2000000 find-or-put operations with random values from [0,...,25599999]
47/64 - Finds: 1648360 (0.82418), Inserts: 351640 (0.17582), Errors: 0 (0)
47/64 - Execution time: 8.27818 seconds
47/64 - Throughput: 241599 ops/sec
56/64 - Performed a throughput benchmark:
56/64 - Performed 2000000 find-or-put operations with random values from [0,...,25599999]
56/64 - Finds: 1646885 (0.823442), Inserts: 353115 (0.176558), Errors: 0 (0)
56/64 - Execution time: 8.25173 seconds
56/64 - Throughput: 242374 ops/sec
44/64 - Performed a throughput benchmark:
44/64 - Performed 2000000 find-or-put operations with random values from [0,...,25599999]
44/64 - Finds: 1649387 (0.824693), Inserts: 350613 (0.175307), Errors: 0 (0)
44/64 - Execution time: 8.29246 seconds
44/64 - Throughput: 241183 ops/sec
49/64 - Performed a throughput benchmark:
49/64 - Performed 2000000 find-or-put operations with random values from [0,...,25599999]
49/64 - Finds: 1648539 (0.824269), Inserts: 351461 (0.175731), Errors: 0 (0)
49/64 - Execution time: 8.30375 seconds
49/64 - Throughput: 240855 ops/sec
42/64 - Performed a throughput benchmark:
42/64 - Performed 2000000 find-or-put operations with random values from [0,...,25599999]
42/64 - Finds: 1650661 (0.82533), Inserts: 349339 (0.17467), Errors: 0 (0)
42/64 - Execution time: 8.30146 seconds
42/64 - Throughput: 240922 ops/sec
48/64 - Performed a throughput benchmark:
48/64 - Performed 2000000 find-or-put operations with random values from [0,...,25599999]
48/64 - Finds: 1651679 (0.825839), Inserts: 348321 (0.17416), Errors: 0 (0)
48/64 - Execution time: 8.33082 seconds
48/64 - Throughput: 240072 ops/sec
46/64 - Performed a throughput benchmark:
46/64 - Performed 2000000 find-or-put operations with random values from [0,...,25599999]
46/64 - Finds: 1651633 (0.825816), Inserts: 348367 (0.174183), Errors: 0 (0)
46/64 - Execution time: 8.32384 seconds
46/64 - Throughput: 240274 ops/sec
[1441207221.788793] [node001:10345:0]         sys.c:719  MXM  WARN  Conflicting CPU frequencies detected, using: 1293.75
