[1441206720.692175] [node001:31438:0]         sys.c:719  MXM  WARN  Conflicting CPU frequencies detected, using: 1398.38
[1441206720.697544] [node001:31438:0]         mxm.c:185  MXM  WARN  The 'ulimit -s' on the system is set to 'unlimited'. This may have negative performance implications. Please set the heap size to the default value (10240) 
[1441206720.694658] [node001:31439:0]         sys.c:719  MXM  WARN  Conflicting CPU frequencies detected, using: 1398.38
[1441206720.700405] [node001:31439:0]         mxm.c:185  MXM  WARN  The 'ulimit -s' on the system is set to 'unlimited'. This may have negative performance implications. Please set the heap size to the default value (10240) 
[1441206720.976399] [node003:10562:0]         sys.c:719  MXM  WARN  Conflicting CPU frequencies detected, using: 1500.00
[1441206720.979589] [node003:10562:0]         mxm.c:185  MXM  WARN  The 'ulimit -s' on the system is set to 'unlimited'. This may have negative performance implications. Please set the heap size to the default value (10240) 
[1441206720.974766] [node003:10566:0]         sys.c:719  MXM  WARN  Conflicting CPU frequencies detected, using: 1500.00
[1441206720.978387] [node003:10566:0]         mxm.c:185  MXM  WARN  The 'ulimit -s' on the system is set to 'unlimited'. This may have negative performance implications. Please set the heap size to the default value (10240) 
[1441206720.976235] [node012:8229 :0]         sys.c:719  MXM  WARN  Conflicting CPU frequencies detected, using: 1692.94
[1441206720.981527] [node012:8229 :0]         mxm.c:185  MXM  WARN  The 'ulimit -s' on the system is set to 'unlimited'. This may have negative performance implications. Please set the heap size to the default value (10240) 
[1441206720.992543] [node010:8011 :0]         sys.c:719  MXM  WARN  Conflicting CPU frequencies detected, using: 1689.94
[1441206720.995834] [node010:8011 :0]         mxm.c:185  MXM  WARN  The 'ulimit -s' on the system is set to 'unlimited'. This may have negative performance implications. Please set the heap size to the default value (10240) 
[1441206720.981498] [node049:7938 :0]         sys.c:719  MXM  WARN  Conflicting CPU frequencies detected, using: 1592.44
[1441206720.985479] [node049:7938 :0]         mxm.c:185  MXM  WARN  The 'ulimit -s' on the system is set to 'unlimited'. This may have negative performance implications. Please set the heap size to the default value (10240) 
[1441206720.987023] [node010:8009 :0]         sys.c:719  MXM  WARN  Conflicting CPU frequencies detected, using: 1689.94
[1441206720.990474] [node010:8009 :0]         mxm.c:185  MXM  WARN  The 'ulimit -s' on the system is set to 'unlimited'. This may have negative performance implications. Please set the heap size to the default value (10240) 
[1441206720.988736] [node014:5439 :0]         sys.c:719  MXM  WARN  Conflicting CPU frequencies detected, using: 1699.41
[1441206720.992058] [node014:5439 :0]         mxm.c:185  MXM  WARN  The 'ulimit -s' on the system is set to 'unlimited'. This may have negative performance implications. Please set the heap size to the default value (10240) 
[1441206720.934571] [node002:12650:0]         sys.c:719  MXM  WARN  Conflicting CPU frequencies detected, using: 1500.00
[1441206720.938156] [node002:12650:0]         mxm.c:185  MXM  WARN  The 'ulimit -s' on the system is set to 'unlimited'. This may have negative performance implications. Please set the heap size to the default value (10240) 
[1441206720.989971] [node046:12616:0]         sys.c:719  MXM  WARN  Conflicting CPU frequencies detected, using: 1747.59
[1441206720.993458] [node046:12616:0]         mxm.c:185  MXM  WARN  The 'ulimit -s' on the system is set to 'unlimited'. This may have negative performance implications. Please set the heap size to the default value (10240) 
[1441206720.989656] [node014:5440 :0]         sys.c:719  MXM  WARN  Conflicting CPU frequencies detected, using: 1699.41
[1441206720.992886] [node014:5440 :0]         mxm.c:185  MXM  WARN  The 'ulimit -s' on the system is set to 'unlimited'. This may have negative performance implications. Please set the heap size to the default value (10240) 
[1441206720.979166] [node013:8332 :0]         sys.c:719  MXM  WARN  Conflicting CPU frequencies detected, using: 1696.50
[1441206720.984737] [node013:8332 :0]         mxm.c:185  MXM  WARN  The 'ulimit -s' on the system is set to 'unlimited'. This may have negative performance implications. Please set the heap size to the default value (10240) 
[1441206720.948177] [node006:9906 :0]         sys.c:719  MXM  WARN  Conflicting CPU frequencies detected, using: 1600.03
[1441206720.951335] [node006:9906 :0]         mxm.c:185  MXM  WARN  The 'ulimit -s' on the system is set to 'unlimited'. This may have negative performance implications. Please set the heap size to the default value (10240) 
[1441206720.938075] [node007:15121:0]         sys.c:719  MXM  WARN  Conflicting CPU frequencies detected, using: 1597.41
[1441206720.941642] [node007:15121:0]         mxm.c:185  MXM  WARN  The 'ulimit -s' on the system is set to 'unlimited'. This may have negative performance implications. Please set the heap size to the default value (10240) 
[1441206720.974862] [node015:3064 :0]         sys.c:719  MXM  WARN  Conflicting CPU frequencies detected, using: 1584.38
[1441206720.980536] [node015:3064 :0]         mxm.c:185  MXM  WARN  The 'ulimit -s' on the system is set to 'unlimited'. This may have negative performance implications. Please set the heap size to the default value (10240) 
[1441206720.975875] [node013:8328 :0]         sys.c:719  MXM  WARN  Conflicting CPU frequencies detected, using: 1696.50
[1441206720.981720] [node013:8328 :0]         mxm.c:185  MXM  WARN  The 'ulimit -s' on the system is set to 'unlimited'. This may have negative performance implications. Please set the heap size to the default value (10240) 
[1441206720.991751] [node047:7861 :0]         sys.c:719  MXM  WARN  Conflicting CPU frequencies detected, using: 1696.78
[1441206720.994855] [node047:7861 :0]         mxm.c:185  MXM  WARN  The 'ulimit -s' on the system is set to 'unlimited'. This may have negative performance implications. Please set the heap size to the default value (10240) 
[1441206720.987060] [node046:12617:0]         sys.c:719  MXM  WARN  Conflicting CPU frequencies detected, using: 1747.59
[1441206720.990536] [node046:12617:0]         mxm.c:185  MXM  WARN  The 'ulimit -s' on the system is set to 'unlimited'. This may have negative performance implications. Please set the heap size to the default value (10240) 
[1441206720.991608] [node048:7929 :0]         sys.c:719  MXM  WARN  Conflicting CPU frequencies detected, using: 1669.78
[1441206720.995018] [node048:7929 :0]         mxm.c:185  MXM  WARN  The 'ulimit -s' on the system is set to 'unlimited'. This may have negative performance implications. Please set the heap size to the default value (10240) 
[1441206720.990925] [node047:7862 :0]         sys.c:719  MXM  WARN  Conflicting CPU frequencies detected, using: 1696.78
[1441206720.994628] [node047:7862 :0]         mxm.c:185  MXM  WARN  The 'ulimit -s' on the system is set to 'unlimited'. This may have negative performance implications. Please set the heap size to the default value (10240) 
[1441206720.985787] [node011:8028 :0]         sys.c:719  MXM  WARN  Conflicting CPU frequencies detected, using: 1699.97
[1441206720.991448] [node011:8028 :0]         mxm.c:185  MXM  WARN  The 'ulimit -s' on the system is set to 'unlimited'. This may have negative performance implications. Please set the heap size to the default value (10240) 
[1441206720.990675] [node050:5497 :0]         sys.c:719  MXM  WARN  Conflicting CPU frequencies detected, using: 1795.12
[1441206720.994251] [node050:5497 :0]         mxm.c:185  MXM  WARN  The 'ulimit -s' on the system is set to 'unlimited'. This may have negative performance implications. Please set the heap size to the default value (10240) 
[1441206720.988768] [node048:7928 :0]         sys.c:719  MXM  WARN  Conflicting CPU frequencies detected, using: 1669.78
[1441206720.992646] [node048:7928 :0]         mxm.c:185  MXM  WARN  The 'ulimit -s' on the system is set to 'unlimited'. This may have negative performance implications. Please set the heap size to the default value (10240) 
[1441206720.990515] [node050:5496 :0]         sys.c:719  MXM  WARN  Conflicting CPU frequencies detected, using: 1795.12
[1441206720.994354] [node050:5496 :0]         mxm.c:185  MXM  WARN  The 'ulimit -s' on the system is set to 'unlimited'. This may have negative performance implications. Please set the heap size to the default value (10240) 
[1441206720.984183] [node012:8235 :0]         sys.c:719  MXM  WARN  Conflicting CPU frequencies detected, using: 1692.94
[1441206720.991164] [node012:8235 :0]         mxm.c:185  MXM  WARN  The 'ulimit -s' on the system is set to 'unlimited'. This may have negative performance implications. Please set the heap size to the default value (10240) 
[1441206720.939679] [node004:10034:0]         sys.c:719  MXM  WARN  Conflicting CPU frequencies detected, using: 1597.12
[1441206720.943238] [node004:10034:0]         mxm.c:185  MXM  WARN  The 'ulimit -s' on the system is set to 'unlimited'. This may have negative performance implications. Please set the heap size to the default value (10240) 
[1441206720.930061] [node008:12510:0]         sys.c:719  MXM  WARN  Conflicting CPU frequencies detected, using: 1596.19
[1441206720.935685] [node008:12510:0]         mxm.c:185  MXM  WARN  The 'ulimit -s' on the system is set to 'unlimited'. This may have negative performance implications. Please set the heap size to the default value (10240) 
[1441206720.982386] [node011:8025 :0]         sys.c:719  MXM  WARN  Conflicting CPU frequencies detected, using: 1699.97
[1441206720.988188] [node011:8025 :0]         mxm.c:185  MXM  WARN  The 'ulimit -s' on the system is set to 'unlimited'. This may have negative performance implications. Please set the heap size to the default value (10240) 
[1441206720.980933] [node009:8112 :0]         sys.c:719  MXM  WARN  Conflicting CPU frequencies detected, using: 1683.00
[1441206720.987612] [node009:8112 :0]         mxm.c:185  MXM  WARN  The 'ulimit -s' on the system is set to 'unlimited'. This may have negative performance implications. Please set the heap size to the default value (10240) 
[1441206720.942129] [node006:9900 :0]         sys.c:719  MXM  WARN  Conflicting CPU frequencies detected, using: 1587.75
[1441206720.945680] [node006:9900 :0]         mxm.c:185  MXM  WARN  The 'ulimit -s' on the system is set to 'unlimited'. This may have negative performance implications. Please set the heap size to the default value (10240) 
[1441206720.982357] [node009:8111 :0]         sys.c:719  MXM  WARN  Conflicting CPU frequencies detected, using: 1683.00
[1441206720.989382] [node009:8111 :0]         mxm.c:185  MXM  WARN  The 'ulimit -s' on the system is set to 'unlimited'. This may have negative performance implications. Please set the heap size to the default value (10240) 
[1441206720.965379] [node007:15138:0]         sys.c:719  MXM  WARN  Conflicting CPU frequencies detected, using: 1694.72
[1441206720.968487] [node007:15138:0]         mxm.c:185  MXM  WARN  The 'ulimit -s' on the system is set to 'unlimited'. This may have negative performance implications. Please set the heap size to the default value (10240) 
[1441206720.984452] [node015:3070 :0]         sys.c:719  MXM  WARN  Conflicting CPU frequencies detected, using: 1584.38
[1441206720.992437] [node015:3070 :0]         mxm.c:185  MXM  WARN  The 'ulimit -s' on the system is set to 'unlimited'. This may have negative performance implications. Please set the heap size to the default value (10240) 
[1441206720.964700] [node005:10575:0]         sys.c:719  MXM  WARN  Conflicting CPU frequencies detected, using: 1598.81
[1441206720.968618] [node005:10575:0]         mxm.c:185  MXM  WARN  The 'ulimit -s' on the system is set to 'unlimited'. This may have negative performance implications. Please set the heap size to the default value (10240) 
[1441206720.974154] [node002:12667:0]         sys.c:719  MXM  WARN  Conflicting CPU frequencies detected, using: 1689.84
[1441206720.977296] [node002:12667:0]         mxm.c:185  MXM  WARN  The 'ulimit -s' on the system is set to 'unlimited'. This may have negative performance implications. Please set the heap size to the default value (10240) 
[1441206720.961260] [node008:12527:0]         sys.c:719  MXM  WARN  Conflicting CPU frequencies detected, using: 1789.22
[1441206720.967471] [node008:12527:0]         mxm.c:185  MXM  WARN  The 'ulimit -s' on the system is set to 'unlimited'. This may have negative performance implications. Please set the heap size to the default value (10240) 
[1441206720.987355] [node049:7943 :0]         sys.c:719  MXM  WARN  Conflicting CPU frequencies detected, using: 1679.91
[1441206720.990502] [node049:7943 :0]         mxm.c:185  MXM  WARN  The 'ulimit -s' on the system is set to 'unlimited'. This may have negative performance implications. Please set the heap size to the default value (10240) 
[1441206720.954137] [node005:10565:0]         sys.c:719  MXM  WARN  Conflicting CPU frequencies detected, using: 1578.28
[1441206720.957725] [node005:10565:0]         mxm.c:185  MXM  WARN  The 'ulimit -s' on the system is set to 'unlimited'. This may have negative performance implications. Please set the heap size to the default value (10240) 
[1441206720.971035] [node004:10051:0]         sys.c:719  MXM  WARN  Conflicting CPU frequencies detected, using: 1689.56
[1441206720.974071] [node004:10051:0]         mxm.c:185  MXM  WARN  The 'ulimit -s' on the system is set to 'unlimited'. This may have negative performance implications. Please set the heap size to the default value (10240) 
UPCR: UPC thread  1 of 40 on node001 (pshm node  0 of 20, process  1 of 40, pid=31439)
UPCR: UPC thread  0 of 40 on node001 (pshm node  0 of 20, process  0 of 40, pid=31438)
UPCR: UPC thread 24 of 40 on node013 (pshm node 12 of 20, process 24 of 40, pid=8328)
UPCR: UPC thread 12 of 40 on node007 (pshm node  6 of 20, process 12 of 40, pid=15121)
UPCR: UPC thread 23 of 40 on node012 (pshm node 11 of 20, process 23 of 40, pid=8229)
UPCR: UPC thread 28 of 40 on node015 (pshm node 14 of 20, process 28 of 40, pid=3064)
UPCR: UPC thread 38 of 40 on node050 (pshm node 19 of 20, process 38 of 40, pid=5497)
UPCR: UPC thread 22 of 40 on node012 (pshm node 11 of 20, process 22 of 40, pid=8235)
UPCR: UPC thread  4 of 40 on node003 (pshm node  2 of 20, process  4 of 40, pid=10562)
UPCR: UPC thread 21 of 40 on node011 (pshm node 10 of 20, process 21 of 40, pid=8025)
UPCR: UPC thread 14 of 40 on node008 (pshm node  7 of 20, process 14 of 40, pid=12510)
UPCR: UPC thread  5 of 40 on node003 (pshm node  2 of 20, process  5 of 40, pid=10566)
UPCR: UPC thread 37 of 40 on node049 (pshm node 18 of 20, process 37 of 40, pid=7943)
UPCR: UPC thread 15 of 40 on node008 (pshm node  7 of 20, process 15 of 40, pid=12527)
UPCR: UPC thread 10 of 40 on node006 (pshm node  5 of 20, process 10 of 40, pid=9906)
UPCR: UPC thread  9 of 40 on node005 (pshm node  4 of 20, process  9 of 40, pid=10575)
UPCR: UPC thread 33 of 40 on node047 (pshm node 16 of 20, process 33 of 40, pid=7861)
UPCR: UPC thread  3 of 40 on node002 (pshm node  1 of 20, process  3 of 40, pid=12667)
UPCR: UPC thread  2 of 40 on node002 (pshm node  1 of 20, process  2 of 40, pid=12650)
UPCR: UPC thread 17 of 40 on node009 (pshm node  8 of 20, process 17 of 40, pid=8112)
UPCR: UPC thread 11 of 40 on node006 (pshm node  5 of 20, process 11 of 40, pid=9900)
UPCR: UPC thread 20 of 40 on node011 (pshm node 10 of 20, process 20 of 40, pid=8028)
UPCR: UPC thread 16 of 40 on node009 (pshm node  8 of 20, process 16 of 40, pid=8111)
UPCR: UPC thread 36 of 40 on node049 (pshm node 18 of 20, process 36 of 40, pid=7938)
UPCR: UPC thread 26 of 40 on node014 (pshm node 13 of 20, process 26 of 40, pid=5439)
UPCR: UPC thread 13 of 40 on node007 (pshm node  6 of 20, process 13 of 40, pid=15138)
UPCR: UPC thread  7 of 40 on node004 (pshm node  3 of 20, process  7 of 40, pid=10034)
UPCR: UPC thread 32 of 40 on node047 (pshm node 16 of 20, process 32 of 40, pid=7862)
UPCR: UPC thread 29 of 40 on node015 (pshm node 14 of 20, process 29 of 40, pid=3070)
UPCR: UPC thread  8 of 40 on node005 (pshm node  4 of 20, process  8 of 40, pid=10565)
UPCR: UPC thread  6 of 40 on node004 (pshm node  3 of 20, process  6 of 40, pid=10051)
UPCR: UPC thread 19 of 40 on node010 (pshm node  9 of 20, process 19 of 40, pid=8011)
UPCR: UPC thread 30 of 40 on node046 (pshm node 15 of 20, process 30 of 40, pid=12617)
UPCR: UPC thread 39 of 40 on node050 (pshm node 19 of 20, process 39 of 40, pid=5496)
UPCR: UPC thread 34 of 40 on node048 (pshm node 17 of 20, process 34 of 40, pid=7928)
UPCR: UPC thread 35 of 40 on node048 (pshm node 17 of 20, process 35 of 40, pid=7929)
UPCR: UPC thread 18 of 40 on node010 (pshm node  9 of 20, process 18 of 40, pid=8009)
UPCR: UPC thread 27 of 40 on node014 (pshm node 13 of 20, process 27 of 40, pid=5440)
UPCR: UPC thread 25 of 40 on node013 (pshm node 12 of 20, process 25 of 40, pid=8332)
UPCR: UPC thread 31 of 40 on node046 (pshm node 15 of 20, process 31 of 40, pid=12616)
0/40 - htable initialized
0/40 - table size: 42949672960 bytes (40960 MB)
0/40 - total number of buckets: 5368709120
0/40 - block size: 1073741824 (1024 MB)
0/40 - number of buckets in block: 134217728
0/40 - number of blocks: 40
18/40 - Performed a throughput benchmark:
18/40 - Performed 2000000 find-or-put operations with random values from [0,...,15999999]
18/40 - Finds: 1561630 (0.780815), Inserts: 438370 (0.219185), Errors: 0 (0)
18/40 - Execution time: 6.4702 seconds
18/40 - Throughput: 309109 ops/sec
20/40 - Performed a throughput benchmark:
20/40 - Performed 2000000 find-or-put operations with random values from [0,...,15999999]
20/40 - Finds: 1560486 (0.780243), Inserts: 439514 (0.219757), Errors: 0 (0)
20/40 - Execution time: 6.47641 seconds
20/40 - Throughput: 308813 ops/sec
14/40 - Performed a throughput benchmark:
14/40 - Performed 2000000 find-or-put operations with random values from [0,...,15999999]
14/40 - Finds: 1560959 (0.780479), Inserts: 439041 (0.219521), Errors: 0 (0)
14/40 - Execution time: 6.4806 seconds
14/40 - Throughput: 308613 ops/sec
21/40 - Performed a throughput benchmark:
21/40 - Performed 2000000 find-or-put operations with random values from [0,...,15999999]
21/40 - Finds: 1560847 (0.780424), Inserts: 439153 (0.219577), Errors: 0 (0)
21/40 - Execution time: 6.46838 seconds
21/40 - Throughput: 309196 ops/sec
19/40 - Performed a throughput benchmark:
19/40 - Performed 2000000 find-or-put operations with random values from [0,...,15999999]
19/40 - Finds: 1560571 (0.780285), Inserts: 439429 (0.219715), Errors: 0 (0)
19/40 - Execution time: 6.46693 seconds
19/40 - Throughput: 309266 ops/sec
24/40 - Performed a throughput benchmark:
24/40 - Performed 2000000 find-or-put operations with random values from [0,...,15999999]
24/40 - Finds: 1562041 (0.781021), Inserts: 437959 (0.218979), Errors: 0 (0)
24/40 - Execution time: 6.48588 seconds
24/40 - Throughput: 308362 ops/sec
15/40 - Performed a throughput benchmark:
15/40 - Performed 2000000 find-or-put operations with random values from [0,...,15999999]
15/40 - Finds: 1561730 (0.780865), Inserts: 438270 (0.219135), Errors: 0 (0)
15/40 - Execution time: 6.48677 seconds
15/40 - Throughput: 308320 ops/sec
16/40 - Performed a throughput benchmark:
16/40 - Performed 2000000 find-or-put operations with random values from [0,...,15999999]
16/40 - Finds: 1559595 (0.779798), Inserts: 440405 (0.220202), Errors: 0 (0)
16/40 - Execution time: 6.48472 seconds
16/40 - Throughput: 308417 ops/sec
22/40 - Performed a throughput benchmark:
22/40 - Performed 2000000 find-or-put operations with random values from [0,...,15999999]
22/40 - Finds: 1560472 (0.780236), Inserts: 439528 (0.219764), Errors: 0 (0)
22/40 - Execution time: 6.51265 seconds
22/40 - Throughput: 307094 ops/sec
28/40 - Performed a throughput benchmark:
28/40 - Performed 2000000 find-or-put operations with random values from [0,...,15999999]
28/40 - Finds: 1561195 (0.780598), Inserts: 438805 (0.219403), Errors: 0 (0)
28/40 - Execution time: 6.49899 seconds
28/40 - Throughput: 307740 ops/sec
29/40 - Performed a throughput benchmark:
29/40 - Performed 2000000 find-or-put operations with random values from [0,...,15999999]
29/40 - Finds: 1561632 (0.780816), Inserts: 438368 (0.219184), Errors: 0 (0)
29/40 - Execution time: 6.50143 seconds
29/40 - Throughput: 307624 ops/sec
17/40 - Performed a throughput benchmark:
17/40 - Performed 2000000 find-or-put operations with random values from [0,...,15999999]
17/40 - Finds: 1561409 (0.780705), Inserts: 438591 (0.219296), Errors: 0 (0)
17/40 - Execution time: 6.48392 seconds
17/40 - Throughput: 308455 ops/sec
25/40 - Performed a throughput benchmark:
25/40 - Performed 2000000 find-or-put operations with random values from [0,...,15999999]
25/40 - Finds: 1561524 (0.780762), Inserts: 438476 (0.219238), Errors: 0 (0)
25/40 - Execution time: 6.4912 seconds
25/40 - Throughput: 308110 ops/sec
23/40 - Performed a throughput benchmark:
23/40 - Performed 2000000 find-or-put operations with random values from [0,...,15999999]
23/40 - Finds: 1560709 (0.780354), Inserts: 439291 (0.219645), Errors: 0 (0)
23/40 - Execution time: 6.51458 seconds
23/40 - Throughput: 307004 ops/sec
27/40 - Performed a throughput benchmark:
27/40 - Performed 2000000 find-or-put operations with random values from [0,...,15999999]
27/40 - Finds: 1562469 (0.781235), Inserts: 437531 (0.218766), Errors: 0 (0)
27/40 - Execution time: 6.53867 seconds
27/40 - Throughput: 305873 ops/sec
26/40 - Performed a throughput benchmark:
26/40 - Performed 2000000 find-or-put operations with random values from [0,...,15999999]
26/40 - Finds: 1562852 (0.781426), Inserts: 437148 (0.218574), Errors: 0 (0)
26/40 - Execution time: 6.54636 seconds
26/40 - Throughput: 305514 ops/sec
9/40 - Performed a throughput benchmark:
9/40 - Performed 2000000 find-or-put operations with random values from [0,...,15999999]
9/40 - Finds: 1613231 (0.806616), Inserts: 386769 (0.193384), Errors: 0 (0)
9/40 - Execution time: 7.27372 seconds
9/40 - Throughput: 274962 ops/sec
4/40 - Performed a throughput benchmark:
4/40 - Performed 2000000 find-or-put operations with random values from [0,...,15999999]
4/40 - Finds: 1613528 (0.806764), Inserts: 386472 (0.193236), Errors: 0 (0)
4/40 - Execution time: 7.28462 seconds
4/40 - Throughput: 274551 ops/sec
10/40 - Performed a throughput benchmark:
10/40 - Performed 2000000 find-or-put operations with random values from [0,...,15999999]
10/40 - Finds: 1613587 (0.806794), Inserts: 386413 (0.193207), Errors: 0 (0)
10/40 - Execution time: 7.28025 seconds
10/40 - Throughput: 274716 ops/sec
2/40 - Performed a throughput benchmark:
2/40 - Performed 2000000 find-or-put operations with random values from [0,...,15999999]
2/40 - Finds: 1614609 (0.807304), Inserts: 385391 (0.192695), Errors: 0 (0)
2/40 - Execution time: 7.33261 seconds
2/40 - Throughput: 272754 ops/sec
13/40 - Performed a throughput benchmark:
13/40 - Performed 2000000 find-or-put operations with random values from [0,...,15999999]
13/40 - Finds: 1613709 (0.806855), Inserts: 386291 (0.193145), Errors: 0 (0)
13/40 - Execution time: 7.32967 seconds
13/40 - Throughput: 272864 ops/sec
6/40 - Performed a throughput benchmark:
6/40 - Performed 2000000 find-or-put operations with random values from [0,...,15999999]
6/40 - Finds: 1618845 (0.809423), Inserts: 381155 (0.190578), Errors: 0 (0)
6/40 - Execution time: 7.38727 seconds
6/40 - Throughput: 270736 ops/sec
3/40 - Performed a throughput benchmark:
3/40 - Performed 2000000 find-or-put operations with random values from [0,...,15999999]
3/40 - Finds: 1616873 (0.808437), Inserts: 383127 (0.191563), Errors: 0 (0)
3/40 - Execution time: 7.3783 seconds
3/40 - Throughput: 271065 ops/sec
7/40 - Performed a throughput benchmark:
7/40 - Performed 2000000 find-or-put operations with random values from [0,...,15999999]
7/40 - Finds: 1617755 (0.808878), Inserts: 382245 (0.191123), Errors: 0 (0)
7/40 - Execution time: 7.39588 seconds
7/40 - Throughput: 270421 ops/sec
12/40 - Performed a throughput benchmark:
12/40 - Performed 2000000 find-or-put operations with random values from [0,...,15999999]
12/40 - Finds: 1619760 (0.80988), Inserts: 380240 (0.19012), Errors: 0 (0)
12/40 - Execution time: 7.42406 seconds
12/40 - Throughput: 269395 ops/sec
0/40 - Performed a throughput benchmark:
0/40 - Performed 2000000 find-or-put operations with random values from [0,...,15999999]
0/40 - Finds: 1619156 (0.809578), Inserts: 380844 (0.190422), Errors: 0 (0)
0/40 - Execution time: 7.41972 seconds
0/40 - Throughput: 269552 ops/sec
8/40 - Performed a throughput benchmark:
8/40 - Performed 2000000 find-or-put operations with random values from [0,...,15999999]
8/40 - Finds: 1618678 (0.809339), Inserts: 381322 (0.190661), Errors: 0 (0)
8/40 - Execution time: 7.42401 seconds
8/40 - Throughput: 269396 ops/sec
11/40 - Performed a throughput benchmark:
11/40 - Performed 2000000 find-or-put operations with random values from [0,...,15999999]
11/40 - Finds: 1618866 (0.809433), Inserts: 381134 (0.190567), Errors: 0 (0)
11/40 - Execution time: 7.42476 seconds
11/40 - Throughput: 269369 ops/sec
1/40 - Performed a throughput benchmark:
1/40 - Performed 2000000 find-or-put operations with random values from [0,...,15999999]
1/40 - Finds: 1619343 (0.809671), Inserts: 380657 (0.190329), Errors: 0 (0)
1/40 - Execution time: 7.41225 seconds
1/40 - Throughput: 269824 ops/sec
5/40 - Performed a throughput benchmark:
5/40 - Performed 2000000 find-or-put operations with random values from [0,...,15999999]
5/40 - Finds: 1620443 (0.810222), Inserts: 379557 (0.189778), Errors: 0 (0)
5/40 - Execution time: 7.43652 seconds
5/40 - Throughput: 268943 ops/sec
37/40 - Performed a throughput benchmark:
37/40 - Performed 2000000 find-or-put operations with random values from [0,...,15999999]
37/40 - Finds: 1646983 (0.823492), Inserts: 353017 (0.176509), Errors: 0 (0)
37/40 - Execution time: 7.95054 seconds
37/40 - Throughput: 251555 ops/sec
35/40 - Performed a throughput benchmark:
35/40 - Performed 2000000 find-or-put operations with random values from [0,...,15999999]
35/40 - Finds: 1647030 (0.823515), Inserts: 352970 (0.176485), Errors: 0 (0)
35/40 - Execution time: 7.94267 seconds
35/40 - Throughput: 251804 ops/sec
33/40 - Performed a throughput benchmark:
33/40 - Performed 2000000 find-or-put operations with random values from [0,...,15999999]
33/40 - Finds: 1645638 (0.822819), Inserts: 354362 (0.177181), Errors: 0 (0)
33/40 - Execution time: 7.98635 seconds
33/40 - Throughput: 250427 ops/sec
39/40 - Performed a throughput benchmark:
39/40 - Performed 2000000 find-or-put operations with random values from [0,...,15999999]
39/40 - Finds: 1648357 (0.824179), Inserts: 351643 (0.175821), Errors: 0 (0)
39/40 - Execution time: 8.04557 seconds
39/40 - Throughput: 248584 ops/sec
31/40 - Performed a throughput benchmark:
31/40 - Performed 2000000 find-or-put operations with random values from [0,...,15999999]
31/40 - Finds: 1649027 (0.824514), Inserts: 350973 (0.175486), Errors: 0 (0)
31/40 - Execution time: 8.04996 seconds
31/40 - Throughput: 248448 ops/sec
34/40 - Performed a throughput benchmark:
34/40 - Performed 2000000 find-or-put operations with random values from [0,...,15999999]
34/40 - Finds: 1651119 (0.82556), Inserts: 348881 (0.17444), Errors: 0 (0)
34/40 - Execution time: 8.06896 seconds
34/40 - Throughput: 247863 ops/sec
30/40 - Performed a throughput benchmark:
30/40 - Performed 2000000 find-or-put operations with random values from [0,...,15999999]
30/40 - Finds: 1650815 (0.825407), Inserts: 349185 (0.174593), Errors: 0 (0)
30/40 - Execution time: 8.06198 seconds
30/40 - Throughput: 248078 ops/sec
38/40 - Performed a throughput benchmark:
38/40 - Performed 2000000 find-or-put operations with random values from [0,...,15999999]
38/40 - Finds: 1650496 (0.825248), Inserts: 349504 (0.174752), Errors: 0 (0)
38/40 - Execution time: 8.08376 seconds
38/40 - Throughput: 247410 ops/sec
32/40 - Performed a throughput benchmark:
32/40 - Performed 2000000 find-or-put operations with random values from [0,...,15999999]
32/40 - Finds: 1649735 (0.824867), Inserts: 350265 (0.175132), Errors: 0 (0)
32/40 - Execution time: 8.06226 seconds
32/40 - Throughput: 248069 ops/sec
36/40 - Performed a throughput benchmark:
36/40 - Performed 2000000 find-or-put operations with random values from [0,...,15999999]
36/40 - Finds: 1650526 (0.825263), Inserts: 349474 (0.174737), Errors: 0 (0)
36/40 - Execution time: 8.07205 seconds
36/40 - Throughput: 247768 ops/sec
[1441206720.676373] [node001:31393:0]         sys.c:719  MXM  WARN  Conflicting CPU frequencies detected, using: 1595.72
