[1441206049.188428] [node017:27429:0]         sys.c:719  MXM  WARN  Conflicting CPU frequencies detected, using: 1699.97
[1441206049.204079] [node017:27429:0]         mxm.c:185  MXM  WARN  The 'ulimit -s' on the system is set to 'unlimited'. This may have negative performance implications. Please set the heap size to the default value (10240) 
[1441206049.198095] [node017:27436:0]         sys.c:719  MXM  WARN  Conflicting CPU frequencies detected, using: 1699.97
[1441206049.217547] [node017:27436:0]         mxm.c:185  MXM  WARN  The 'ulimit -s' on the system is set to 'unlimited'. This may have negative performance implications. Please set the heap size to the default value (10240) 
[1441206049.190321] [node017:27430:0]         sys.c:719  MXM  WARN  Conflicting CPU frequencies detected, using: 1699.97
[1441206049.219971] [node017:27430:0]         mxm.c:185  MXM  WARN  The 'ulimit -s' on the system is set to 'unlimited'. This may have negative performance implications. Please set the heap size to the default value (10240) 
[1441206049.192280] [node017:27437:0]         sys.c:719  MXM  WARN  Conflicting CPU frequencies detected, using: 1699.97
[1441206049.225600] [node017:27437:0]         mxm.c:185  MXM  WARN  The 'ulimit -s' on the system is set to 'unlimited'. This may have negative performance implications. Please set the heap size to the default value (10240) 
[1441206049.191015] [node017:27431:0]         sys.c:719  MXM  WARN  Conflicting CPU frequencies detected, using: 1699.97
[1441206049.219157] [node017:27431:0]         mxm.c:185  MXM  WARN  The 'ulimit -s' on the system is set to 'unlimited'. This may have negative performance implications. Please set the heap size to the default value (10240) 
[1441206049.189192] [node017:27433:0]         sys.c:719  MXM  WARN  Conflicting CPU frequencies detected, using: 1699.97
[1441206049.223216] [node017:27433:0]         mxm.c:185  MXM  WARN  The 'ulimit -s' on the system is set to 'unlimited'. This may have negative performance implications. Please set the heap size to the default value (10240) 
[1441206049.195054] [node017:27435:0]         sys.c:719  MXM  WARN  Conflicting CPU frequencies detected, using: 1699.97
[1441206049.220704] [node017:27435:0]         mxm.c:185  MXM  WARN  The 'ulimit -s' on the system is set to 'unlimited'. This may have negative performance implications. Please set the heap size to the default value (10240) 
[1441206049.194815] [node017:27440:0]         sys.c:719  MXM  WARN  Conflicting CPU frequencies detected, using: 1699.97
[1441206049.233249] [node017:27440:0]         mxm.c:185  MXM  WARN  The 'ulimit -s' on the system is set to 'unlimited'. This may have negative performance implications. Please set the heap size to the default value (10240) 
[1441206049.192118] [node017:27434:0]         sys.c:719  MXM  WARN  Conflicting CPU frequencies detected, using: 1699.97
[1441206049.216567] [node017:27434:0]         mxm.c:185  MXM  WARN  The 'ulimit -s' on the system is set to 'unlimited'. This may have negative performance implications. Please set the heap size to the default value (10240) 
[1441206049.195973] [node017:27438:0]         sys.c:719  MXM  WARN  Conflicting CPU frequencies detected, using: 1699.97
[1441206049.229741] [node017:27438:0]         mxm.c:185  MXM  WARN  The 'ulimit -s' on the system is set to 'unlimited'. This may have negative performance implications. Please set the heap size to the default value (10240) 
[1441206049.192964] [node017:27439:0]         sys.c:719  MXM  WARN  Conflicting CPU frequencies detected, using: 1699.97
[1441206049.228155] [node017:27439:0]         mxm.c:185  MXM  WARN  The 'ulimit -s' on the system is set to 'unlimited'. This may have negative performance implications. Please set the heap size to the default value (10240) 
[1441206049.188774] [node017:27432:0]         sys.c:719  MXM  WARN  Conflicting CPU frequencies detected, using: 1699.97
[1441206049.241044] [node017:27432:0]         mxm.c:185  MXM  WARN  The 'ulimit -s' on the system is set to 'unlimited'. This may have negative performance implications. Please set the heap size to the default value (10240) 
[1441206049.419874] [node018:23601:0]         sys.c:719  MXM  WARN  Conflicting CPU frequencies detected, using: 2399.44
[1441206049.426717] [node018:23601:0]         mxm.c:185  MXM  WARN  The 'ulimit -s' on the system is set to 'unlimited'. This may have negative performance implications. Please set the heap size to the default value (10240) 
[1441206049.512999] [node018:23627:0]         sys.c:719  MXM  WARN  Conflicting CPU frequencies detected, using: 2400.00
[1441206049.539929] [node018:23627:0]         mxm.c:185  MXM  WARN  The 'ulimit -s' on the system is set to 'unlimited'. This may have negative performance implications. Please set the heap size to the default value (10240) 
[1441206049.502066] [node018:23619:0]         sys.c:719  MXM  WARN  Conflicting CPU frequencies detected, using: 2400.00
[1441206049.516361] [node018:23619:0]         mxm.c:185  MXM  WARN  The 'ulimit -s' on the system is set to 'unlimited'. This may have negative performance implications. Please set the heap size to the default value (10240) 
[1441206049.503400] [node018:23618:0]         sys.c:719  MXM  WARN  Conflicting CPU frequencies detected, using: 2400.00
[1441206049.512241] [node018:23618:0]         mxm.c:185  MXM  WARN  The 'ulimit -s' on the system is set to 'unlimited'. This may have negative performance implications. Please set the heap size to the default value (10240) 
[1441206049.502091] [node018:23624:0]         sys.c:719  MXM  WARN  Conflicting CPU frequencies detected, using: 2400.00
[1441206049.508885] [node018:23624:0]         mxm.c:185  MXM  WARN  The 'ulimit -s' on the system is set to 'unlimited'. This may have negative performance implications. Please set the heap size to the default value (10240) 
[1441206049.514531] [node018:23628:0]         sys.c:719  MXM  WARN  Conflicting CPU frequencies detected, using: 2400.00
[1441206049.542540] [node018:23628:0]         mxm.c:185  MXM  WARN  The 'ulimit -s' on the system is set to 'unlimited'. This may have negative performance implications. Please set the heap size to the default value (10240) 
[1441206049.513042] [node018:23620:0]         sys.c:719  MXM  WARN  Conflicting CPU frequencies detected, using: 2400.00
[1441206049.538302] [node018:23620:0]         mxm.c:185  MXM  WARN  The 'ulimit -s' on the system is set to 'unlimited'. This may have negative performance implications. Please set the heap size to the default value (10240) 
[1441206049.505276] [node018:23623:0]         sys.c:719  MXM  WARN  Conflicting CPU frequencies detected, using: 2400.00
[1441206049.540881] [node018:23623:0]         mxm.c:185  MXM  WARN  The 'ulimit -s' on the system is set to 'unlimited'. This may have negative performance implications. Please set the heap size to the default value (10240) 
[1441206049.514681] [node018:23626:0]         sys.c:719  MXM  WARN  Conflicting CPU frequencies detected, using: 2400.00
[1441206049.562124] [node018:23626:0]         mxm.c:185  MXM  WARN  The 'ulimit -s' on the system is set to 'unlimited'. This may have negative performance implications. Please set the heap size to the default value (10240) 
[1441206049.496863] [node018:23617:0]         sys.c:719  MXM  WARN  Conflicting CPU frequencies detected, using: 2400.00
[1441206049.501588] [node018:23617:0]         mxm.c:185  MXM  WARN  The 'ulimit -s' on the system is set to 'unlimited'. This may have negative performance implications. Please set the heap size to the default value (10240) 
[1441206049.514749] [node018:23625:0]         sys.c:719  MXM  WARN  Conflicting CPU frequencies detected, using: 2400.00
[1441206049.534333] [node018:23625:0]         mxm.c:185  MXM  WARN  The 'ulimit -s' on the system is set to 'unlimited'. This may have negative performance implications. Please set the heap size to the default value (10240) 
[1441206049.514750] [node018:23621:0]         sys.c:719  MXM  WARN  Conflicting CPU frequencies detected, using: 2400.00
[1441206049.537549] [node018:23621:0]         mxm.c:185  MXM  WARN  The 'ulimit -s' on the system is set to 'unlimited'. This may have negative performance implications. Please set the heap size to the default value (10240) 
UPCR: UPC thread  7 of 24 on node017 (pshm node 0 of 2, process  7 of 24, pid=27436)
UPCR: UPC thread  0 of 24 on node017 (pshm node 0 of 2, process  0 of 24, pid=27429)
UPCR: UPC thread  1 of 24 on node017 (pshm node 0 of 2, process  1 of 24, pid=27430)
UPCR: UPC thread  6 of 24 on node017 (pshm node 0 of 2, process  6 of 24, pid=27435)
UPCR: UPC thread  2 of 24 on node017 (pshm node 0 of 2, process  2 of 24, pid=27431)
UPCR: UPC thread 11 of 24 on node017 (pshm node 0 of 2, process 11 of 24, pid=27440)
UPCR: UPC thread  3 of 24 on node017 (pshm node 0 of 2, process  3 of 24, pid=27432)
UPCR: UPC thread  9 of 24 on node017 (pshm node 0 of 2, process  9 of 24, pid=27438)
UPCR: UPC thread  8 of 24 on node017 (pshm node 0 of 2, process  8 of 24, pid=27437)
UPCR: UPC thread  4 of 24 on node017 (pshm node 0 of 2, process  4 of 24, pid=27433)
UPCR: UPC thread 10 of 24 on node017 (pshm node 0 of 2, process 10 of 24, pid=27439)
UPCR: UPC thread  5 of 24 on node017 (pshm node 0 of 2, process  5 of 24, pid=27434)
UPCR: UPC thread 20 of 24 on node018 (pshm node 1 of 2, process 20 of 24, pid=23619)
UPCR: UPC thread 13 of 24 on node018 (pshm node 1 of 2, process 13 of 24, pid=23618)
UPCR: UPC thread 19 of 24 on node018 (pshm node 1 of 2, process 19 of 24, pid=23624)
UPCR: UPC thread 16 of 24 on node018 (pshm node 1 of 2, process 16 of 24, pid=23621)
UPCR: UPC thread 18 of 24 on node018 (pshm node 1 of 2, process 18 of 24, pid=23617)
UPCR: UPC thread 22 of 24 on node018 (pshm node 1 of 2, process 22 of 24, pid=23625)
UPCR: UPC thread 14 of 24 on node018 (pshm node 1 of 2, process 14 of 24, pid=23626)
UPCR: UPC thread 15 of 24 on node018 (pshm node 1 of 2, process 15 of 24, pid=23623)
UPCR: UPC thread 12 of 24 on node018 (pshm node 1 of 2, process 12 of 24, pid=23620)
UPCR: UPC thread 21 of 24 on node018 (pshm node 1 of 2, process 21 of 24, pid=23628)
UPCR: UPC thread 17 of 24 on node018 (pshm node 1 of 2, process 17 of 24, pid=23601)
UPCR: UPC thread 23 of 24 on node018 (pshm node 1 of 2, process 23 of 24, pid=23627)
0/24 - htable initialized
0/24 - table size: 25769803776 bytes (24576 MB)
0/24 - total number of buckets: 3221225472
0/24 - block size: 1073741824 (1024 MB)
0/24 - number of buckets in block: 134217728
0/24 - number of blocks: 24
4/24 - Performed a throughput benchmark:
4/24 - Performed 2000000 find-or-put operations with random values from [0,...,9599999]
4/24 - Finds: 1599912 (0.799956), Inserts: 400088 (0.200044), Errors: 0 (0)
4/24 - Execution time: 4.50849 seconds
4/24 - Throughput: 443607 ops/sec
16/24 - Performed a throughput benchmark:
16/24 - Performed 2000000 find-or-put operations with random values from [0,...,9599999]
16/24 - Finds: 1598471 (0.799235), Inserts: 401529 (0.200765), Errors: 0 (0)
16/24 - Execution time: 4.476 seconds
16/24 - Throughput: 446828 ops/sec
7/24 - Performed a throughput benchmark:
7/24 - Performed 2000000 find-or-put operations with random values from [0,...,9599999]
7/24 - Finds: 1600439 (0.800219), Inserts: 399561 (0.19978), Errors: 0 (0)
7/24 - Execution time: 4.51548 seconds
7/24 - Throughput: 442920 ops/sec
12/24 - Performed a throughput benchmark:
12/24 - Performed 2000000 find-or-put operations with random values from [0,...,9599999]
12/24 - Finds: 1597758 (0.798879), Inserts: 402242 (0.201121), Errors: 0 (0)
12/24 - Execution time: 4.47818 seconds
12/24 - Throughput: 446610 ops/sec
0/24 - Performed a throughput benchmark:
0/24 - Performed 2000000 find-or-put operations with random values from [0,...,9599999]
0/24 - Finds: 1599090 (0.799545), Inserts: 400910 (0.200455), Errors: 0 (0)
0/24 - Execution time: 4.53564 seconds
0/24 - Throughput: 440952 ops/sec
5/24 - Performed a throughput benchmark:
5/24 - Performed 2000000 find-or-put operations with random values from [0,...,9599999]
5/24 - Finds: 1599901 (0.799951), Inserts: 400099 (0.200049), Errors: 0 (0)
5/24 - Execution time: 4.50372 seconds
5/24 - Throughput: 444078 ops/sec
6/24 - Performed a throughput benchmark:
6/24 - Performed 2000000 find-or-put operations with random values from [0,...,9599999]
6/24 - Finds: 1600312 (0.800156), Inserts: 399688 (0.199844), Errors: 0 (0)
6/24 - Execution time: 4.51729 seconds
6/24 - Throughput: 442743 ops/sec
1/24 - Performed a throughput benchmark:
1/24 - Performed 2000000 find-or-put operations with random values from [0,...,9599999]
1/24 - Finds: 1599048 (0.799524), Inserts: 400952 (0.200476), Errors: 0 (0)
1/24 - Execution time: 4.51702 seconds
1/24 - Throughput: 442770 ops/sec
19/24 - Performed a throughput benchmark:
19/24 - Performed 2000000 find-or-put operations with random values from [0,...,9599999]
19/24 - Finds: 1596593 (0.798296), Inserts: 403407 (0.201704), Errors: 0 (0)
19/24 - Execution time: 4.45249 seconds
19/24 - Throughput: 449187 ops/sec
14/24 - Performed a throughput benchmark:
14/24 - Performed 2000000 find-or-put operations with random values from [0,...,9599999]
14/24 - Finds: 1596805 (0.798403), Inserts: 403195 (0.201598), Errors: 0 (0)
14/24 - Execution time: 4.47036 seconds
14/24 - Throughput: 447391 ops/sec
3/24 - Performed a throughput benchmark:
3/24 - Performed 2000000 find-or-put operations with random values from [0,...,9599999]
3/24 - Finds: 1600054 (0.800027), Inserts: 399946 (0.199973), Errors: 0 (0)
3/24 - Execution time: 4.51759 seconds
3/24 - Throughput: 442714 ops/sec
2/24 - Performed a throughput benchmark:
2/24 - Performed 2000000 find-or-put operations with random values from [0,...,9599999]
2/24 - Finds: 1600703 (0.800351), Inserts: 399297 (0.199649), Errors: 0 (0)
2/24 - Execution time: 4.52821 seconds
2/24 - Throughput: 441675 ops/sec
15/24 - Performed a throughput benchmark:
15/24 - Performed 2000000 find-or-put operations with random values from [0,...,9599999]
15/24 - Finds: 1598467 (0.799234), Inserts: 401533 (0.200766), Errors: 0 (0)
15/24 - Execution time: 4.48777 seconds
15/24 - Throughput: 445655 ops/sec
13/24 - Performed a throughput benchmark:
13/24 - Performed 2000000 find-or-put operations with random values from [0,...,9599999]
13/24 - Finds: 1596322 (0.798161), Inserts: 403678 (0.201839), Errors: 0 (0)
13/24 - Execution time: 4.46367 seconds
13/24 - Throughput: 448062 ops/sec
18/24 - Performed a throughput benchmark:
18/24 - Performed 2000000 find-or-put operations with random values from [0,...,9599999]
18/24 - Finds: 1597779 (0.79889), Inserts: 402221 (0.20111), Errors: 0 (0)
18/24 - Execution time: 4.47588 seconds
18/24 - Throughput: 446840 ops/sec
17/24 - Performed a throughput benchmark:
17/24 - Performed 2000000 find-or-put operations with random values from [0,...,9599999]
17/24 - Finds: 1600516 (0.800258), Inserts: 399484 (0.199742), Errors: 0 (0)
17/24 - Execution time: 4.49272 seconds
17/24 - Throughput: 445165 ops/sec
11/24 - Performed a throughput benchmark:
11/24 - Performed 2000000 find-or-put operations with random values from [0,...,9599999]
11/24 - Finds: 1608436 (0.804218), Inserts: 391564 (0.195782), Errors: 0 (0)
11/24 - Execution time: 4.57961 seconds
11/24 - Throughput: 436719 ops/sec
8/24 - Performed a throughput benchmark:
8/24 - Performed 2000000 find-or-put operations with random values from [0,...,9599999]
8/24 - Finds: 1608464 (0.804232), Inserts: 391536 (0.195768), Errors: 0 (0)
8/24 - Execution time: 4.58104 seconds
8/24 - Throughput: 436582 ops/sec
20/24 - Performed a throughput benchmark:
20/24 - Performed 2000000 find-or-put operations with random values from [0,...,9599999]
20/24 - Finds: 1610226 (0.805113), Inserts: 389774 (0.194887), Errors: 0 (0)
20/24 - Execution time: 4.65065 seconds
20/24 - Throughput: 430048 ops/sec
22/24 - Performed a throughput benchmark:
22/24 - Performed 2000000 find-or-put operations with random values from [0,...,9599999]
22/24 - Finds: 1608436 (0.804218), Inserts: 391564 (0.195782), Errors: 0 (0)
22/24 - Execution time: 4.59378 seconds
22/24 - Throughput: 435371 ops/sec
9/24 - Performed a throughput benchmark:
9/24 - Performed 2000000 find-or-put operations with random values from [0,...,9599999]
9/24 - Finds: 1609727 (0.804863), Inserts: 390273 (0.195136), Errors: 0 (0)
9/24 - Execution time: 4.63826 seconds
9/24 - Throughput: 431196 ops/sec
10/24 - Performed a throughput benchmark:
10/24 - Performed 2000000 find-or-put operations with random values from [0,...,9599999]
10/24 - Finds: 1609442 (0.804721), Inserts: 390558 (0.195279), Errors: 0 (0)
10/24 - Execution time: 4.65095 seconds
10/24 - Throughput: 430020 ops/sec
23/24 - Performed a throughput benchmark:
23/24 - Performed 2000000 find-or-put operations with random values from [0,...,9599999]
23/24 - Finds: 1613620 (0.80681), Inserts: 386380 (0.19319), Errors: 0 (0)
23/24 - Execution time: 4.70611 seconds
23/24 - Throughput: 424979 ops/sec
21/24 - Performed a throughput benchmark:
21/24 - Performed 2000000 find-or-put operations with random values from [0,...,9599999]
21/24 - Finds: 1614081 (0.807041), Inserts: 385919 (0.19296), Errors: 0 (0)
21/24 - Execution time: 4.70335 seconds
21/24 - Throughput: 425228 ops/sec
[1441206049.173866] [node017:27384:0]         sys.c:719  MXM  WARN  Conflicting CPU frequencies detected, using: 1599.28
