[1441206079.263105] [node017:27602:0]         sys.c:719  MXM  WARN  Conflicting CPU frequencies detected, using: 1395.28
[1441206079.263525] [node017:27600:0]         sys.c:719  MXM  WARN  Conflicting CPU frequencies detected, using: 1395.28
[1441206079.266308] [node017:27606:0]         sys.c:719  MXM  WARN  Conflicting CPU frequencies detected, using: 1299.94
[1441206079.266105] [node017:27604:0]         sys.c:719  MXM  WARN  Conflicting CPU frequencies detected, using: 1395.28
[1441206079.261018] [node017:27593:0]         sys.c:719  MXM  WARN  Conflicting CPU frequencies detected, using: 1395.28
[1441206079.280845] [node017:27593:0]         mxm.c:185  MXM  WARN  The 'ulimit -s' on the system is set to 'unlimited'. This may have negative performance implications. Please set the heap size to the default value (10240) 
[1441206079.263127] [node017:27599:0]         sys.c:719  MXM  WARN  Conflicting CPU frequencies detected, using: 1395.28
[1441206079.295131] [node017:27599:0]         mxm.c:185  MXM  WARN  The 'ulimit -s' on the system is set to 'unlimited'. This may have negative performance implications. Please set the heap size to the default value (10240) 
[1441206079.263307] [node017:27598:0]         sys.c:719  MXM  WARN  Conflicting CPU frequencies detected, using: 1395.28
[1441206079.294340] [node017:27598:0]         mxm.c:185  MXM  WARN  The 'ulimit -s' on the system is set to 'unlimited'. This may have negative performance implications. Please set the heap size to the default value (10240) 
[1441206079.263620] [node017:27597:0]         sys.c:719  MXM  WARN  Conflicting CPU frequencies detected, using: 1395.28
[1441206079.304134] [node017:27597:0]         mxm.c:185  MXM  WARN  The 'ulimit -s' on the system is set to 'unlimited'. This may have negative performance implications. Please set the heap size to the default value (10240) 
[1441206079.263955] [node017:27603:0]         sys.c:719  MXM  WARN  Conflicting CPU frequencies detected, using: 1395.28
[1441206079.312288] [node017:27603:0]         mxm.c:185  MXM  WARN  The 'ulimit -s' on the system is set to 'unlimited'. This may have negative performance implications. Please set the heap size to the default value (10240) 
[1441206079.261643] [node017:27595:0]         sys.c:719  MXM  WARN  Conflicting CPU frequencies detected, using: 1395.28
[1441206079.291121] [node017:27595:0]         mxm.c:185  MXM  WARN  The 'ulimit -s' on the system is set to 'unlimited'. This may have negative performance implications. Please set the heap size to the default value (10240) 
[1441206079.269069] [node017:27608:0]         sys.c:719  MXM  WARN  Conflicting CPU frequencies detected, using: 1399.50
[1441206079.302869] [node017:27608:0]         mxm.c:185  MXM  WARN  The 'ulimit -s' on the system is set to 'unlimited'. This may have negative performance implications. Please set the heap size to the default value (10240) 
[1441206079.263222] [node017:27601:0]         sys.c:719  MXM  WARN  Conflicting CPU frequencies detected, using: 1395.28
[1441206079.316644] [node017:27601:0]         mxm.c:185  MXM  WARN  The 'ulimit -s' on the system is set to 'unlimited'. This may have negative performance implications. Please set the heap size to the default value (10240) 
[1441206079.262631] [node017:27596:0]         sys.c:719  MXM  WARN  Conflicting CPU frequencies detected, using: 1395.28
[1441206079.295850] [node017:27596:0]         mxm.c:185  MXM  WARN  The 'ulimit -s' on the system is set to 'unlimited'. This may have negative performance implications. Please set the heap size to the default value (10240) 
[1441206079.261098] [node017:27594:0]         sys.c:719  MXM  WARN  Conflicting CPU frequencies detected, using: 1395.28
[1441206079.289594] [node017:27594:0]         mxm.c:185  MXM  WARN  The 'ulimit -s' on the system is set to 'unlimited'. This may have negative performance implications. Please set the heap size to the default value (10240) 
[1441206079.324880] [node017:27602:0]         mxm.c:185  MXM  WARN  The 'ulimit -s' on the system is set to 'unlimited'. This may have negative performance implications. Please set the heap size to the default value (10240) 
[1441206079.334600] [node017:27604:0]         mxm.c:185  MXM  WARN  The 'ulimit -s' on the system is set to 'unlimited'. This may have negative performance implications. Please set the heap size to the default value (10240) 
[1441206079.271754] [node017:27605:0]         sys.c:719  MXM  WARN  Conflicting CPU frequencies detected, using: 1399.50
[1441206079.322559] [node017:27605:0]         mxm.c:185  MXM  WARN  The 'ulimit -s' on the system is set to 'unlimited'. This may have negative performance implications. Please set the heap size to the default value (10240) 
[1441206079.324129] [node017:27606:0]         mxm.c:185  MXM  WARN  The 'ulimit -s' on the system is set to 'unlimited'. This may have negative performance implications. Please set the heap size to the default value (10240) 
[1441206079.267144] [node017:27607:0]         sys.c:719  MXM  WARN  Conflicting CPU frequencies detected, using: 1299.94
[1441206079.306605] [node017:27607:0]         mxm.c:185  MXM  WARN  The 'ulimit -s' on the system is set to 'unlimited'. This may have negative performance implications. Please set the heap size to the default value (10240) 
[1441206079.338075] [node017:27600:0]         mxm.c:185  MXM  WARN  The 'ulimit -s' on the system is set to 'unlimited'. This may have negative performance implications. Please set the heap size to the default value (10240) 
[1441206079.510440] [node018:24294:0]         sys.c:719  MXM  WARN  Conflicting CPU frequencies detected, using: 2400.00
[1441206079.517406] [node018:24294:0]         mxm.c:185  MXM  WARN  The 'ulimit -s' on the system is set to 'unlimited'. This may have negative performance implications. Please set the heap size to the default value (10240) 
[1441206079.549327] [node018:24291:0]         sys.c:719  MXM  WARN  Conflicting CPU frequencies detected, using: 2400.00
[1441206079.556252] [node018:24291:0]         mxm.c:185  MXM  WARN  The 'ulimit -s' on the system is set to 'unlimited'. This may have negative performance implications. Please set the heap size to the default value (10240) 
[1441206079.604108] [node018:24341:0]         sys.c:719  MXM  WARN  Conflicting CPU frequencies detected, using: 2400.00
[1441206079.608762] [node018:24341:0]         mxm.c:185  MXM  WARN  The 'ulimit -s' on the system is set to 'unlimited'. This may have negative performance implications. Please set the heap size to the default value (10240) 
[1441206079.626838] [node018:24358:0]         mxm.c:185  MXM  WARN  The 'ulimit -s' on the system is set to 'unlimited'. This may have negative performance implications. Please set the heap size to the default value (10240) 
[1441206079.610841] [node018:24359:0]         sys.c:719  MXM  WARN  Conflicting CPU frequencies detected, using: 2400.00
[1441206079.618702] [node018:24359:0]         mxm.c:185  MXM  WARN  The 'ulimit -s' on the system is set to 'unlimited'. This may have negative performance implications. Please set the heap size to the default value (10240) 
[1441206079.624983] [node018:24302:0]         sys.c:719  MXM  WARN  Conflicting CPU frequencies detected, using: 2400.00
[1441206079.656204] [node018:24302:0]         mxm.c:185  MXM  WARN  The 'ulimit -s' on the system is set to 'unlimited'. This may have negative performance implications. Please set the heap size to the default value (10240) 
[1441206079.635611] [node018:24368:0]         sys.c:719  MXM  WARN  Conflicting CPU frequencies detected, using: 2400.00
[1441206079.662056] [node018:24368:0]         mxm.c:185  MXM  WARN  The 'ulimit -s' on the system is set to 'unlimited'. This may have negative performance implications. Please set the heap size to the default value (10240) 
[1441206079.633357] [node018:24367:0]         sys.c:719  MXM  WARN  Conflicting CPU frequencies detected, using: 2400.00
[1441206079.666100] [node018:24367:0]         mxm.c:185  MXM  WARN  The 'ulimit -s' on the system is set to 'unlimited'. This may have negative performance implications. Please set the heap size to the default value (10240) 
[1441206079.634555] [node018:24355:0]         sys.c:719  MXM  WARN  Conflicting CPU frequencies detected, using: 2400.00
[1441206079.669343] [node018:24355:0]         mxm.c:185  MXM  WARN  The 'ulimit -s' on the system is set to 'unlimited'. This may have negative performance implications. Please set the heap size to the default value (10240) 
[1441206079.629257] [node018:24312:0]         sys.c:719  MXM  WARN  Conflicting CPU frequencies detected, using: 2400.00
[1441206079.661353] [node018:24312:0]         mxm.c:185  MXM  WARN  The 'ulimit -s' on the system is set to 'unlimited'. This may have negative performance implications. Please set the heap size to the default value (10240) 
[1441206079.633339] [node018:24348:0]         sys.c:719  MXM  WARN  Conflicting CPU frequencies detected, using: 2400.00
[1441206079.666819] [node018:24348:0]         mxm.c:185  MXM  WARN  The 'ulimit -s' on the system is set to 'unlimited'. This may have negative performance implications. Please set the heap size to the default value (10240) 
[1441206079.634917] [node018:24376:0]         mxm.c:185  MXM  WARN  The 'ulimit -s' on the system is set to 'unlimited'. This may have negative performance implications. Please set the heap size to the default value (10240) 
[1441206079.610709] [node018:24356:0]         sys.c:719  MXM  WARN  Conflicting CPU frequencies detected, using: 2400.00
[1441206079.621963] [node018:24356:0]         mxm.c:185  MXM  WARN  The 'ulimit -s' on the system is set to 'unlimited'. This may have negative performance implications. Please set the heap size to the default value (10240) 
[1441206079.633237] [node018:24362:0]         sys.c:719  MXM  WARN  Conflicting CPU frequencies detected, using: 2400.00
[1441206079.688051] [node018:24362:0]         mxm.c:185  MXM  WARN  The 'ulimit -s' on the system is set to 'unlimited'. This may have negative performance implications. Please set the heap size to the default value (10240) 
[1441206079.624035] [node018:24303:0]         sys.c:719  MXM  WARN  Conflicting CPU frequencies detected, using: 2400.00
[1441206079.640929] [node018:24303:0]         mxm.c:185  MXM  WARN  The 'ulimit -s' on the system is set to 'unlimited'. This may have negative performance implications. Please set the heap size to the default value (10240) 
[1441206079.630315] [node018:24315:0]         sys.c:719  MXM  WARN  Conflicting CPU frequencies detected, using: 2400.00
[1441206079.680613] [node018:24315:0]         mxm.c:185  MXM  WARN  The 'ulimit -s' on the system is set to 'unlimited'. This may have negative performance implications. Please set the heap size to the default value (10240) 
UPCR: UPC thread  7 of 32 on node017 (pshm node 0 of 2, process  7 of 32, pid=27600)
UPCR: UPC thread  9 of 32 on node017 (pshm node 0 of 2, process  9 of 32, pid=27602)
UPCR: UPC thread  3 of 32 on node017 (pshm node 0 of 2, process  3 of 32, pid=27596)
UPCR: UPC thread  2 of 32 on node017 (pshm node 0 of 2, process  2 of 32, pid=27595)
UPCR: UPC thread 13 of 32 on node017 (pshm node 0 of 2, process 13 of 32, pid=27606)
UPCR: UPC thread  8 of 32 on node017 (pshm node 0 of 2, process  8 of 32, pid=27601)
UPCR: UPC thread 10 of 32 on node017 (pshm node 0 of 2, process 10 of 32, pid=27603)
UPCR: UPC thread 25 of 32 on node018 (pshm node 1 of 2, process 25 of 32, pid=24303)
UPCR: UPC thread 12 of 32 on node017 (pshm node 0 of 2, process 12 of 32, pid=27605)
UPCR: UPC thread  4 of 32 on node017 (pshm node 0 of 2, process  4 of 32, pid=27597)
UPCR: UPC thread 15 of 32 on node017 (pshm node 0 of 2, process 15 of 32, pid=27608)
UPCR: UPC thread 27 of 32 on node018 (pshm node 1 of 2, process 27 of 32, pid=24368)
UPCR: UPC thread  6 of 32 on node017 (pshm node 0 of 2, process  6 of 32, pid=27599)
UPCR: UPC thread 18 of 32 on node018 (pshm node 1 of 2, process 18 of 32, pid=24376)
UPCR: UPC thread 30 of 32 on node018 (pshm node 1 of 2, process 30 of 32, pid=24356)
UPCR: UPC thread 31 of 32 on node018 (pshm node 1 of 2, process 31 of 32, pid=24362)
UPCR: UPC thread  1 of 32 on node017 (pshm node 0 of 2, process  1 of 32, pid=27594)
UPCR: UPC thread 16 of 32 on node018 (pshm node 1 of 2, process 16 of 32, pid=24341)
UPCR: UPC thread 19 of 32 on node018 (pshm node 1 of 2, process 19 of 32, pid=24312)
UPCR: UPC thread 21 of 32 on node018 (pshm node 1 of 2, process 21 of 32, pid=24302)
UPCR: UPC thread 29 of 32 on node018 (pshm node 1 of 2, process 29 of 32, pid=24358)
UPCR: UPC thread 14 of 32 on node017 (pshm node 0 of 2, process 14 of 32, pid=27607)
UPCR: UPC thread 20 of 32 on node018 (pshm node 1 of 2, process 20 of 32, pid=24291)
UPCR: UPC thread 11 of 32 on node017 (pshm node 0 of 2, process 11 of 32, pid=27604)
UPCR: UPC thread  5 of 32 on node017 (pshm node 0 of 2, process  5 of 32, pid=27598)
UPCR: UPC thread 28 of 32 on node018 (pshm node 1 of 2, process 28 of 32, pid=24367)
UPCR: UPC thread 17 of 32 on node018 (pshm node 1 of 2, process 17 of 32, pid=24294)
UPCR: UPC thread  0 of 32 on node017 (pshm node 0 of 2, process  0 of 32, pid=27593)
UPCR: UPC thread 23 of 32 on node018 (pshm node 1 of 2, process 23 of 32, pid=24315)
UPCR: UPC thread 26 of 32 on node018 (pshm node 1 of 2, process 26 of 32, pid=24348)
UPCR: UPC thread 22 of 32 on node018 (pshm node 1 of 2, process 22 of 32, pid=24359)
UPCR: UPC thread 24 of 32 on node018 (pshm node 1 of 2, process 24 of 32, pid=24355)
0/32 - htable initialized
0/32 - table size: 34359738368 bytes (32768 MB)
0/32 - total number of buckets: 4294967296
0/32 - block size: 1073741824 (1024 MB)
0/32 - number of buckets in block: 134217728
0/32 - number of blocks: 32
20/32 - Performed a throughput benchmark:
20/32 - Performed 2000000 find-or-put operations with random values from [0,...,12799999]
20/32 - Finds: 1581899 (0.790949), Inserts: 418101 (0.209051), Errors: 0 (0)
20/32 - Execution time: 4.85978 seconds
20/32 - Throughput: 411541 ops/sec
22/32 - Performed a throughput benchmark:
22/32 - Performed 2000000 find-or-put operations with random values from [0,...,12799999]
22/32 - Finds: 1581392 (0.790696), Inserts: 418608 (0.209304), Errors: 0 (0)
22/32 - Execution time: 4.87157 seconds
22/32 - Throughput: 410545 ops/sec
17/32 - Performed a throughput benchmark:
17/32 - Performed 2000000 find-or-put operations with random values from [0,...,12799999]
17/32 - Finds: 1582131 (0.791065), Inserts: 417869 (0.208934), Errors: 0 (0)
17/32 - Execution time: 4.87824 seconds
17/32 - Throughput: 409984 ops/sec
16/32 - Performed a throughput benchmark:
16/32 - Performed 2000000 find-or-put operations with random values from [0,...,12799999]
16/32 - Finds: 1580926 (0.790463), Inserts: 419074 (0.209537), Errors: 0 (0)
16/32 - Execution time: 4.85557 seconds
16/32 - Throughput: 411898 ops/sec
18/32 - Performed a throughput benchmark:
18/32 - Performed 2000000 find-or-put operations with random values from [0,...,12799999]
18/32 - Finds: 1581086 (0.790543), Inserts: 418914 (0.209457), Errors: 0 (0)
18/32 - Execution time: 4.85782 seconds
18/32 - Throughput: 411707 ops/sec
21/32 - Performed a throughput benchmark:
21/32 - Performed 2000000 find-or-put operations with random values from [0,...,12799999]
21/32 - Finds: 1580858 (0.790429), Inserts: 419142 (0.209571), Errors: 0 (0)
21/32 - Execution time: 4.86316 seconds
21/32 - Throughput: 411255 ops/sec
23/32 - Performed a throughput benchmark:
23/32 - Performed 2000000 find-or-put operations with random values from [0,...,12799999]
23/32 - Finds: 1585098 (0.792549), Inserts: 414902 (0.207451), Errors: 0 (0)
23/32 - Execution time: 4.91988 seconds
23/32 - Throughput: 406514 ops/sec
0/32 - Performed a throughput benchmark:
0/32 - Performed 2000000 find-or-put operations with random values from [0,...,12799999]
0/32 - Finds: 1588234 (0.794117), Inserts: 411766 (0.205883), Errors: 0 (0)
0/32 - Execution time: 4.99712 seconds
0/32 - Throughput: 400231 ops/sec
2/32 - Performed a throughput benchmark:
2/32 - Performed 2000000 find-or-put operations with random values from [0,...,12799999]
2/32 - Finds: 1588367 (0.794184), Inserts: 411633 (0.205817), Errors: 0 (0)
2/32 - Execution time: 5.00479 seconds
2/32 - Throughput: 399617 ops/sec
5/32 - Performed a throughput benchmark:
5/32 - Performed 2000000 find-or-put operations with random values from [0,...,12799999]
5/32 - Finds: 1589837 (0.794918), Inserts: 410163 (0.205081), Errors: 0 (0)
5/32 - Execution time: 5.01142 seconds
5/32 - Throughput: 399089 ops/sec
19/32 - Performed a throughput benchmark:
19/32 - Performed 2000000 find-or-put operations with random values from [0,...,12799999]
19/32 - Finds: 1584444 (0.792222), Inserts: 415556 (0.207778), Errors: 0 (0)
19/32 - Execution time: 4.89853 seconds
19/32 - Throughput: 408286 ops/sec
1/32 - Performed a throughput benchmark:
1/32 - Performed 2000000 find-or-put operations with random values from [0,...,12799999]
1/32 - Finds: 1590986 (0.795493), Inserts: 409014 (0.204507), Errors: 0 (0)
1/32 - Execution time: 5.02301 seconds
1/32 - Throughput: 398168 ops/sec
6/32 - Performed a throughput benchmark:
6/32 - Performed 2000000 find-or-put operations with random values from [0,...,12799999]
6/32 - Finds: 1590787 (0.795393), Inserts: 409213 (0.204606), Errors: 0 (0)
6/32 - Execution time: 5.02222 seconds
6/32 - Throughput: 398230 ops/sec
3/32 - Performed a throughput benchmark:
3/32 - Performed 2000000 find-or-put operations with random values from [0,...,12799999]
3/32 - Finds: 1589769 (0.794884), Inserts: 410231 (0.205116), Errors: 0 (0)
3/32 - Execution time: 5.02164 seconds
3/32 - Throughput: 398277 ops/sec
4/32 - Performed a throughput benchmark:
4/32 - Performed 2000000 find-or-put operations with random values from [0,...,12799999]
4/32 - Finds: 1591372 (0.795686), Inserts: 408628 (0.204314), Errors: 0 (0)
4/32 - Execution time: 5.04445 seconds
4/32 - Throughput: 396476 ops/sec
7/32 - Performed a throughput benchmark:
7/32 - Performed 2000000 find-or-put operations with random values from [0,...,12799999]
7/32 - Finds: 1591817 (0.795909), Inserts: 408183 (0.204092), Errors: 0 (0)
7/32 - Execution time: 5.03164 seconds
7/32 - Throughput: 397485 ops/sec
11/32 - Performed a throughput benchmark:
11/32 - Performed 2000000 find-or-put operations with random values from [0,...,12799999]
11/32 - Finds: 1609452 (0.804726), Inserts: 390548 (0.195274), Errors: 0 (0)
11/32 - Execution time: 5.23727 seconds
11/32 - Throughput: 381878 ops/sec
9/32 - Performed a throughput benchmark:
9/32 - Performed 2000000 find-or-put operations with random values from [0,...,12799999]
9/32 - Finds: 1609913 (0.804956), Inserts: 390087 (0.195044), Errors: 0 (0)
9/32 - Execution time: 5.24787 seconds
9/32 - Throughput: 381107 ops/sec
14/32 - Performed a throughput benchmark:
14/32 - Performed 2000000 find-or-put operations with random values from [0,...,12799999]
14/32 - Finds: 1609809 (0.804905), Inserts: 390191 (0.195096), Errors: 0 (0)
14/32 - Execution time: 5.25097 seconds
14/32 - Throughput: 380882 ops/sec
26/32 - Performed a throughput benchmark:
26/32 - Performed 2000000 find-or-put operations with random values from [0,...,12799999]
26/32 - Finds: 1613603 (0.806801), Inserts: 386397 (0.193198), Errors: 0 (0)
26/32 - Execution time: 5.27272 seconds
26/32 - Throughput: 379311 ops/sec
12/32 - Performed a throughput benchmark:
12/32 - Performed 2000000 find-or-put operations with random values from [0,...,12799999]
12/32 - Finds: 1615101 (0.80755), Inserts: 384899 (0.192449), Errors: 0 (0)
12/32 - Execution time: 5.3414 seconds
12/32 - Throughput: 374434 ops/sec
15/32 - Performed a throughput benchmark:
15/32 - Performed 2000000 find-or-put operations with random values from [0,...,12799999]
15/32 - Finds: 1614925 (0.807462), Inserts: 385075 (0.192538), Errors: 0 (0)
15/32 - Execution time: 5.34264 seconds
15/32 - Throughput: 374347 ops/sec
27/32 - Performed a throughput benchmark:
27/32 - Performed 2000000 find-or-put operations with random values from [0,...,12799999]
27/32 - Finds: 1621959 (0.810979), Inserts: 378041 (0.189021), Errors: 0 (0)
27/32 - Execution time: 5.45979 seconds
27/32 - Throughput: 366315 ops/sec
13/32 - Performed a throughput benchmark:
13/32 - Performed 2000000 find-or-put operations with random values from [0,...,12799999]
13/32 - Finds: 1621459 (0.810729), Inserts: 378541 (0.189271), Errors: 0 (0)
13/32 - Execution time: 5.45689 seconds
13/32 - Throughput: 366509 ops/sec
28/32 - Performed a throughput benchmark:
28/32 - Performed 2000000 find-or-put operations with random values from [0,...,12799999]
28/32 - Finds: 1622267 (0.811133), Inserts: 377733 (0.188866), Errors: 0 (0)
28/32 - Execution time: 5.45399 seconds
28/32 - Throughput: 366704 ops/sec
10/32 - Performed a throughput benchmark:
10/32 - Performed 2000000 find-or-put operations with random values from [0,...,12799999]
10/32 - Finds: 1621114 (0.810557), Inserts: 378886 (0.189443), Errors: 0 (0)
10/32 - Execution time: 5.46701 seconds
10/32 - Throughput: 365830 ops/sec
24/32 - Performed a throughput benchmark:
24/32 - Performed 2000000 find-or-put operations with random values from [0,...,12799999]
24/32 - Finds: 1622755 (0.811377), Inserts: 377245 (0.188622), Errors: 0 (0)
24/32 - Execution time: 5.45276 seconds
24/32 - Throughput: 366787 ops/sec
8/32 - Performed a throughput benchmark:
8/32 - Performed 2000000 find-or-put operations with random values from [0,...,12799999]
8/32 - Finds: 1623530 (0.811765), Inserts: 376470 (0.188235), Errors: 0 (0)
8/32 - Execution time: 5.50419 seconds
8/32 - Throughput: 363359 ops/sec
30/32 - Performed a throughput benchmark:
30/32 - Performed 2000000 find-or-put operations with random values from [0,...,12799999]
30/32 - Finds: 1626675 (0.813338), Inserts: 373325 (0.186663), Errors: 0 (0)
30/32 - Execution time: 5.5063 seconds
30/32 - Throughput: 363220 ops/sec
25/32 - Performed a throughput benchmark:
25/32 - Performed 2000000 find-or-put operations with random values from [0,...,12799999]
25/32 - Finds: 1628162 (0.814081), Inserts: 371838 (0.185919), Errors: 0 (0)
25/32 - Execution time: 5.52496 seconds
25/32 - Throughput: 361993 ops/sec
29/32 - Performed a throughput benchmark:
29/32 - Performed 2000000 find-or-put operations with random values from [0,...,12799999]
29/32 - Finds: 1624501 (0.81225), Inserts: 375499 (0.18775), Errors: 0 (0)
29/32 - Execution time: 5.47187 seconds
29/32 - Throughput: 365506 ops/sec
31/32 - Performed a throughput benchmark:
31/32 - Performed 2000000 find-or-put operations with random values from [0,...,12799999]
31/32 - Finds: 1622234 (0.811117), Inserts: 377766 (0.188883), Errors: 0 (0)
31/32 - Execution time: 5.44547 seconds
31/32 - Throughput: 367278 ops/sec
[1441206079.245265] [node017:27547:0]         sys.c:719  MXM  WARN  Conflicting CPU frequencies detected, using: 1329.94
