upcrun: WARNING: Given options request 1 nodes for 1 processes, 
upcrun: WARNING: but there is no setting for 'smp_spawn_nodes'.
upcrun: WARNING: Will use setting for 'smp_spawn' instead.
upcrun: WARNING: THREAD LAYOUT MIGHT NOT MATCH YOUR REQUEST.
UPCR: UPC threads 0..15 of 16 on node008 (pshm node 0 of 1, process 0 of 1, pid=14794)
0/16 - htable initialized
0/16 - table size: 17179869184 bytes (16384 MB)
0/16 - total number of buckets: 2147483648
0/16 - block size: 1073741824 (1024 MB)
0/16 - number of buckets in block: 134217728
0/16 - number of blocks: 16
0/16 - Performed a throughput benchmark:
0/16 - Performed 2000000 find-or-put operations with random values from [0,...,20799999]
0/16 - Finds: 944201 (0.4721), Inserts: 1055799 (0.527899), Errors: 0 (0)
0/16 - Execution time: 1.21163 seconds
0/16 - Throughput: 1.65067E+06 ops/sec
5/16 - Performed a throughput benchmark:
5/16 - Performed 2000000 find-or-put operations with random values from [0,...,20799999]
5/16 - Finds: 957497 (0.478749), Inserts: 1042503 (0.521251), Errors: 0 (0)
5/16 - Execution time: 1.25413 seconds
5/16 - Throughput: 1.59473E+06 ops/sec
1/16 - Performed a throughput benchmark:
1/16 - Performed 2000000 find-or-put operations with random values from [0,...,20799999]
1/16 - Finds: 983856 (0.491928), Inserts: 1016144 (0.508072), Errors: 0 (0)
1/16 - Execution time: 1.33472 seconds
1/16 - Throughput: 1.49844E+06 ops/sec
6/16 - Performed a throughput benchmark:
6/16 - Performed 2000000 find-or-put operations with random values from [0,...,20799999]
6/16 - Finds: 984782 (0.492391), Inserts: 1015218 (0.507609), Errors: 0 (0)
6/16 - Execution time: 1.3331 seconds
6/16 - Throughput: 1.50026E+06 ops/sec
3/16 - Performed a throughput benchmark:
3/16 - Performed 2000000 find-or-put operations with random values from [0,...,20799999]
3/16 - Finds: 984663 (0.492331), Inserts: 1015337 (0.507668), Errors: 0 (0)
3/16 - Execution time: 1.33879 seconds
3/16 - Throughput: 1.49389E+06 ops/sec
4/16 - Performed a throughput benchmark:
4/16 - Performed 2000000 find-or-put operations with random values from [0,...,20799999]
4/16 - Finds: 986671 (0.493335), Inserts: 1013329 (0.506664), Errors: 0 (0)
4/16 - Execution time: 1.33741 seconds
4/16 - Throughput: 1.49543E+06 ops/sec
2/16 - Performed a throughput benchmark:
2/16 - Performed 2000000 find-or-put operations with random values from [0,...,20799999]
2/16 - Finds: 988353 (0.494177), Inserts: 1011647 (0.505823), Errors: 0 (0)
2/16 - Execution time: 1.3371 seconds
2/16 - Throughput: 1.49577E+06 ops/sec
7/16 - Performed a throughput benchmark:
7/16 - Performed 2000000 find-or-put operations with random values from [0,...,20799999]
7/16 - Finds: 988742 (0.494371), Inserts: 1011258 (0.505629), Errors: 0 (0)
7/16 - Execution time: 1.34062 seconds
7/16 - Throughput: 1.49185E+06 ops/sec
14/16 - Performed a throughput benchmark:
14/16 - Performed 2000000 find-or-put operations with random values from [0,...,20799999]
14/16 - Finds: 980011 (0.490005), Inserts: 1019989 (0.509995), Errors: 0 (0)
14/16 - Execution time: 1.34102 seconds
14/16 - Throughput: 1.49141E+06 ops/sec
13/16 - Performed a throughput benchmark:
13/16 - Performed 2000000 find-or-put operations with random values from [0,...,20799999]
13/16 - Finds: 980996 (0.490498), Inserts: 1019004 (0.509502), Errors: 0 (0)
13/16 - Execution time: 1.34452 seconds
13/16 - Throughput: 1.48752E+06 ops/sec
9/16 - Performed a throughput benchmark:
9/16 - Performed 2000000 find-or-put operations with random values from [0,...,20799999]
9/16 - Finds: 980776 (0.490388), Inserts: 1019224 (0.509612), Errors: 0 (0)
9/16 - Execution time: 1.34519 seconds
9/16 - Throughput: 1.48678E+06 ops/sec
10/16 - Performed a throughput benchmark:
10/16 - Performed 2000000 find-or-put operations with random values from [0,...,20799999]
10/16 - Finds: 981286 (0.490643), Inserts: 1018714 (0.509357), Errors: 0 (0)
10/16 - Execution time: 1.34448 seconds
10/16 - Throughput: 1.48757E+06 ops/sec
15/16 - Performed a throughput benchmark:
15/16 - Performed 2000000 find-or-put operations with random values from [0,...,20799999]
15/16 - Finds: 981086 (0.490543), Inserts: 1018914 (0.509457), Errors: 0 (0)
15/16 - Execution time: 1.34595 seconds
15/16 - Throughput: 1.48594E+06 ops/sec
11/16 - Performed a throughput benchmark:
11/16 - Performed 2000000 find-or-put operations with random values from [0,...,20799999]
11/16 - Finds: 981526 (0.490763), Inserts: 1018474 (0.509237), Errors: 0 (0)
11/16 - Execution time: 1.34642 seconds
11/16 - Throughput: 1.48542E+06 ops/sec
12/16 - Performed a throughput benchmark:
12/16 - Performed 2000000 find-or-put operations with random values from [0,...,20799999]
12/16 - Finds: 980967 (0.490484), Inserts: 1019033 (0.509517), Errors: 0 (0)
12/16 - Execution time: 1.34455 seconds
12/16 - Throughput: 1.48748E+06 ops/sec
8/16 - Performed a throughput benchmark:
8/16 - Performed 2000000 find-or-put operations with random values from [0,...,20799999]
8/16 - Finds: 982357 (0.491179), Inserts: 1017643 (0.508822), Errors: 0 (0)
8/16 - Execution time: 1.34714 seconds
8/16 - Throughput: 1.48463E+06 ops/sec
