[1447500519.913182] [node008:8961 :0]         sys.c:719  MXM  WARN  Conflicting CPU frequencies detected, using: 1635.75
[1447500519.918768] [node008:8961 :0]         mxm.c:185  MXM  WARN  The 'ulimit -s' on the system is set to 'unlimited'. This may have negative performance implications. Please set the heap size to the default value (10240) 
UPCR: UPC threads 0..7 of 8 on node008 (pshm node 0 of 1, process 0 of 1, pid=8961)
0/8 - htable initialized
0/8 - table size: 8589934592 bytes (8192 MB)
0/8 - total number of buckets: 1073741824
0/8 - block size: 1073741824 (1024 MB)
0/8 - number of buckets in block: 134217728
0/8 - number of blocks: 8
6/8 - Performed a throughput benchmark:
6/8 - Performed 2000000 find-or-put operations with random values from [0,...,3199999]
6/8 - Finds: 1596342 (0.798171), Inserts: 403658 (0.201829), Errors: 0 (0)
6/8 - Execution time: 0.012911 seconds
6/8 - Throughput: 1.54907E+08 ops/sec
7/8 - Performed a throughput benchmark:
7/8 - Performed 2000000 find-or-put operations with random values from [0,...,3199999]
7/8 - Finds: 1600516 (0.800258), Inserts: 399484 (0.199742), Errors: 0 (0)
7/8 - Execution time: 0.012213 seconds
7/8 - Throughput: 1.6376E+08 ops/sec
5/8 - Performed a throughput benchmark:
5/8 - Performed 2000000 find-or-put operations with random values from [0,...,3199999]
5/8 - Finds: 1600581 (0.800291), Inserts: 399419 (0.19971), Errors: 0 (0)
5/8 - Execution time: 0.011781 seconds
5/8 - Throughput: 1.69765E+08 ops/sec
3/8 - Performed a throughput benchmark:
3/8 - Performed 2000000 find-or-put operations with random values from [0,...,3199999]
3/8 - Finds: 1600947 (0.800473), Inserts: 399053 (0.199526), Errors: 0 (0)
3/8 - Execution time: 0.011976 seconds
3/8 - Throughput: 1.67001E+08 ops/sec
2/8 - Performed a throughput benchmark:
2/8 - Performed 2000000 find-or-put operations with random values from [0,...,3199999]
2/8 - Finds: 1602946 (0.801473), Inserts: 397054 (0.198527), Errors: 0 (0)
2/8 - Execution time: 0.012494 seconds
2/8 - Throughput: 1.60077E+08 ops/sec
1/8 - Performed a throughput benchmark:
1/8 - Performed 2000000 find-or-put operations with random values from [0,...,3199999]
1/8 - Finds: 1601677 (0.800839), Inserts: 398323 (0.199161), Errors: 0 (0)
1/8 - Execution time: 0.013032 seconds
1/8 - Throughput: 1.53468E+08 ops/sec
4/8 - Performed a throughput benchmark:
4/8 - Performed 2000000 find-or-put operations with random values from [0,...,3199999]
4/8 - Finds: 1603910 (0.801955), Inserts: 396090 (0.198045), Errors: 0 (0)
4/8 - Execution time: 0.013918 seconds
4/8 - Throughput: 1.43699E+08 ops/sec
0/8 - Performed a throughput benchmark:
0/8 - Performed 2000000 find-or-put operations with random values from [0,...,3199999]
0/8 - Finds: 1614445 (0.807222), Inserts: 385555 (0.192777), Errors: 0 (0)
0/8 - Execution time: 0.017118 seconds
0/8 - Throughput: 1.16836E+08 ops/sec
[1447500519.897020] [node008:8916 :0]         sys.c:719  MXM  WARN  Conflicting CPU frequencies detected, using: 1635.75
