upcrun: WARNING: Given options request 1 nodes for 1 processes, 
upcrun: WARNING: but there is no setting for 'smp_spawn_nodes'.
upcrun: WARNING: Will use setting for 'smp_spawn' instead.
upcrun: WARNING: THREAD LAYOUT MIGHT NOT MATCH YOUR REQUEST.
UPCR: UPC threads 0..15 of 16 on node008 (pshm node 0 of 1, process 0 of 1, pid=17816)
0/16 - htable initialized
0/16 - table size: 17179869184 bytes (16384 MB)
0/16 - total number of buckets: 2147483648
0/16 - block size: 1073741824 (1024 MB)
0/16 - number of buckets in block: 134217728
0/16 - number of blocks: 16
0/16 - Performed a throughput benchmark:
0/16 - Performed 2000000 find-or-put operations with random values from [0,...,73599999]
0/16 - Finds: 358585 (0.179292), Inserts: 1641415 (0.820708), Errors: 0 (0)
0/16 - Execution time: 1.30168 seconds
0/16 - Throughput: 1.53647E+06 ops/sec
12/16 - Performed a throughput benchmark:
12/16 - Performed 2000000 find-or-put operations with random values from [0,...,73599999]
12/16 - Finds: 364924 (0.182462), Inserts: 1635076 (0.817538), Errors: 0 (0)
12/16 - Execution time: 1.34144 seconds
12/16 - Throughput: 1.49094E+06 ops/sec
6/16 - Performed a throughput benchmark:
6/16 - Performed 2000000 find-or-put operations with random values from [0,...,73599999]
6/16 - Finds: 379463 (0.189731), Inserts: 1620537 (0.810268), Errors: 0 (0)
6/16 - Execution time: 1.41787 seconds
6/16 - Throughput: 1.41057E+06 ops/sec
1/16 - Performed a throughput benchmark:
1/16 - Performed 2000000 find-or-put operations with random values from [0,...,73599999]
1/16 - Finds: 380822 (0.190411), Inserts: 1619178 (0.809589), Errors: 0 (0)
1/16 - Execution time: 1.42098 seconds
1/16 - Throughput: 1.40748E+06 ops/sec
2/16 - Performed a throughput benchmark:
2/16 - Performed 2000000 find-or-put operations with random values from [0,...,73599999]
2/16 - Finds: 381003 (0.190501), Inserts: 1618997 (0.809499), Errors: 0 (0)
2/16 - Execution time: 1.42311 seconds
2/16 - Throughput: 1.40537E+06 ops/sec
5/16 - Performed a throughput benchmark:
5/16 - Performed 2000000 find-or-put operations with random values from [0,...,73599999]
5/16 - Finds: 379714 (0.189857), Inserts: 1620286 (0.810143), Errors: 0 (0)
5/16 - Execution time: 1.42409 seconds
5/16 - Throughput: 1.40441E+06 ops/sec
3/16 - Performed a throughput benchmark:
3/16 - Performed 2000000 find-or-put operations with random values from [0,...,73599999]
3/16 - Finds: 380263 (0.190132), Inserts: 1619737 (0.809868), Errors: 0 (0)
3/16 - Execution time: 1.4239 seconds
3/16 - Throughput: 1.40459E+06 ops/sec
4/16 - Performed a throughput benchmark:
4/16 - Performed 2000000 find-or-put operations with random values from [0,...,73599999]
4/16 - Finds: 379485 (0.189743), Inserts: 1620515 (0.810257), Errors: 0 (0)
4/16 - Execution time: 1.42282 seconds
4/16 - Throughput: 1.40566E+06 ops/sec
7/16 - Performed a throughput benchmark:
7/16 - Performed 2000000 find-or-put operations with random values from [0,...,73599999]
7/16 - Finds: 380291 (0.190145), Inserts: 1619709 (0.809855), Errors: 0 (0)
7/16 - Execution time: 1.42614 seconds
7/16 - Throughput: 1.40239E+06 ops/sec
14/16 - Performed a throughput benchmark:
14/16 - Performed 2000000 find-or-put operations with random values from [0,...,73599999]
14/16 - Finds: 379720 (0.18986), Inserts: 1620280 (0.81014), Errors: 0 (0)
14/16 - Execution time: 1.42655 seconds
14/16 - Throughput: 1.40198E+06 ops/sec
9/16 - Performed a throughput benchmark:
9/16 - Performed 2000000 find-or-put operations with random values from [0,...,73599999]
9/16 - Finds: 379927 (0.189964), Inserts: 1620073 (0.810037), Errors: 0 (0)
9/16 - Execution time: 1.4284 seconds
9/16 - Throughput: 1.40017E+06 ops/sec
10/16 - Performed a throughput benchmark:
10/16 - Performed 2000000 find-or-put operations with random values from [0,...,73599999]
10/16 - Finds: 379275 (0.189637), Inserts: 1620725 (0.810362), Errors: 0 (0)
10/16 - Execution time: 1.42869 seconds
10/16 - Throughput: 1.39988E+06 ops/sec
11/16 - Performed a throughput benchmark:
11/16 - Performed 2000000 find-or-put operations with random values from [0,...,73599999]
11/16 - Finds: 380268 (0.190134), Inserts: 1619732 (0.809866), Errors: 0 (0)
11/16 - Execution time: 1.42949 seconds
11/16 - Throughput: 1.3991E+06 ops/sec
13/16 - Performed a throughput benchmark:
13/16 - Performed 2000000 find-or-put operations with random values from [0,...,73599999]
13/16 - Finds: 381727 (0.190863), Inserts: 1618273 (0.809137), Errors: 0 (0)
13/16 - Execution time: 1.43198 seconds
13/16 - Throughput: 1.39667E+06 ops/sec
15/16 - Performed a throughput benchmark:
15/16 - Performed 2000000 find-or-put operations with random values from [0,...,73599999]
15/16 - Finds: 381455 (0.190727), Inserts: 1618545 (0.809272), Errors: 0 (0)
15/16 - Execution time: 1.43293 seconds
15/16 - Throughput: 1.39574E+06 ops/sec
8/16 - Performed a throughput benchmark:
8/16 - Performed 2000000 find-or-put operations with random values from [0,...,73599999]
8/16 - Finds: 382001 (0.191), Inserts: 1617999 (0.808999), Errors: 0 (0)
8/16 - Execution time: 1.43179 seconds
8/16 - Throughput: 1.39686E+06 ops/sec
