[1447500384.855460] [node008:8274 :0]         sys.c:719  MXM  WARN  Conflicting CPU frequencies detected, using: 2982.56
[1447500384.861106] [node008:8274 :0]         mxm.c:185  MXM  WARN  The 'ulimit -s' on the system is set to 'unlimited'. This may have negative performance implications. Please set the heap size to the default value (10240) 
UPCR: UPC threads 0..1 of 2 on node008 (pshm node 0 of 1, process 0 of 1, pid=8274)
0/2 - htable initialized
0/2 - table size: 2147483648 bytes (2048 MB)
0/2 - total number of buckets: 268435456
0/2 - block size: 1073741824 (1024 MB)
0/2 - number of buckets in block: 134217728
0/2 - number of blocks: 2
1/2 - Performed a throughput benchmark:
1/2 - Performed 2000000 find-or-put operations with random values from [0,...,2599999]
1/2 - Finds: 965133 (0.482567), Inserts: 1034867 (0.517433), Errors: 0 (0)
1/2 - Execution time: 0.011669 seconds
1/2 - Throughput: 1.71394E+08 ops/sec
0/2 - Performed a throughput benchmark:
0/2 - Performed 2000000 find-or-put operations with random values from [0,...,2599999]
0/2 - Finds: 993591 (0.496796), Inserts: 1006409 (0.503205), Errors: 0 (0)
0/2 - Execution time: 0.013046 seconds
0/2 - Throughput: 1.53304E+08 ops/sec
[1447500384.838509] [node008:8229 :0]         sys.c:719  MXM  WARN  Conflicting CPU frequencies detected, using: 2982.56
