[1447500434.813160] [node008:8611 :0]         sys.c:719  MXM  WARN  Conflicting CPU frequencies detected, using: 1416.66
[1447500434.818902] [node008:8611 :0]         mxm.c:185  MXM  WARN  The 'ulimit -s' on the system is set to 'unlimited'. This may have negative performance implications. Please set the heap size to the default value (10240) 
UPCR: UPC threads 0..15 of 16 on node008 (pshm node 0 of 1, process 0 of 1, pid=8611)
0/16 - htable initialized
0/16 - table size: 17179869184 bytes (16384 MB)
0/16 - total number of buckets: 2147483648
0/16 - block size: 1073741824 (1024 MB)
0/16 - number of buckets in block: 134217728
0/16 - number of blocks: 16
0/16 - Performed a throughput benchmark:
0/16 - Performed 2000000 find-or-put operations with random values from [0,...,20799999]
0/16 - Finds: 735455 (0.367727), Inserts: 1264545 (0.632273), Errors: 0 (0)
0/16 - Execution time: 0.224097 seconds
0/16 - Throughput: 8.92471E+06 ops/sec
5/16 - Performed a throughput benchmark:
5/16 - Performed 2000000 find-or-put operations with random values from [0,...,20799999]
5/16 - Finds: 741290 (0.370645), Inserts: 1258710 (0.629355), Errors: 0 (0)
5/16 - Execution time: 0.235772 seconds
5/16 - Throughput: 8.48277E+06 ops/sec
7/16 - Performed a throughput benchmark:
7/16 - Performed 2000000 find-or-put operations with random values from [0,...,20799999]
7/16 - Finds: 740899 (0.370449), Inserts: 1259101 (0.629551), Errors: 0 (0)
7/16 - Execution time: 0.236147 seconds
7/16 - Throughput: 8.4693E+06 ops/sec
6/16 - Performed a throughput benchmark:
6/16 - Performed 2000000 find-or-put operations with random values from [0,...,20799999]
6/16 - Finds: 741484 (0.370742), Inserts: 1258516 (0.629258), Errors: 0 (0)
6/16 - Execution time: 0.23377 seconds
6/16 - Throughput: 8.55542E+06 ops/sec
3/16 - Performed a throughput benchmark:
3/16 - Performed 2000000 find-or-put operations with random values from [0,...,20799999]
3/16 - Finds: 742160 (0.37108), Inserts: 1257840 (0.62892), Errors: 0 (0)
3/16 - Execution time: 0.235799 seconds
3/16 - Throughput: 8.4818E+06 ops/sec
1/16 - Performed a throughput benchmark:
1/16 - Performed 2000000 find-or-put operations with random values from [0,...,20799999]
1/16 - Finds: 742298 (0.371149), Inserts: 1257702 (0.628851), Errors: 0 (0)
1/16 - Execution time: 0.236127 seconds
1/16 - Throughput: 8.47002E+06 ops/sec
2/16 - Performed a throughput benchmark:
2/16 - Performed 2000000 find-or-put operations with random values from [0,...,20799999]
2/16 - Finds: 742065 (0.371032), Inserts: 1257935 (0.628968), Errors: 0 (0)
2/16 - Execution time: 0.235063 seconds
2/16 - Throughput: 8.50836E+06 ops/sec
4/16 - Performed a throughput benchmark:
4/16 - Performed 2000000 find-or-put operations with random values from [0,...,20799999]
4/16 - Finds: 744917 (0.372459), Inserts: 1255083 (0.627541), Errors: 0 (0)
4/16 - Execution time: 0.23672 seconds
4/16 - Throughput: 8.4488E+06 ops/sec
14/16 - Performed a throughput benchmark:
14/16 - Performed 2000000 find-or-put operations with random values from [0,...,20799999]
14/16 - Finds: 1217875 (0.608938), Inserts: 782125 (0.391062), Errors: 0 (0)
14/16 - Execution time: 2.61779 seconds
14/16 - Throughput: 764005 ops/sec
9/16 - Performed a throughput benchmark:
9/16 - Performed 2000000 find-or-put operations with random values from [0,...,20799999]
9/16 - Finds: 1217139 (0.608569), Inserts: 782861 (0.391431), Errors: 0 (0)
9/16 - Execution time: 2.61924 seconds
9/16 - Throughput: 763581 ops/sec
12/16 - Performed a throughput benchmark:
12/16 - Performed 2000000 find-or-put operations with random values from [0,...,20799999]
12/16 - Finds: 1216721 (0.60836), Inserts: 783279 (0.391639), Errors: 0 (0)
12/16 - Execution time: 2.61914 seconds
12/16 - Throughput: 763609 ops/sec
11/16 - Performed a throughput benchmark:
11/16 - Performed 2000000 find-or-put operations with random values from [0,...,20799999]
11/16 - Finds: 1217472 (0.608736), Inserts: 782528 (0.391264), Errors: 0 (0)
11/16 - Execution time: 2.62022 seconds
11/16 - Throughput: 763296 ops/sec
10/16 - Performed a throughput benchmark:
10/16 - Performed 2000000 find-or-put operations with random values from [0,...,20799999]
10/16 - Finds: 1216438 (0.608219), Inserts: 783562 (0.391781), Errors: 0 (0)
10/16 - Execution time: 2.62607 seconds
10/16 - Throughput: 761593 ops/sec
15/16 - Performed a throughput benchmark:
15/16 - Performed 2000000 find-or-put operations with random values from [0,...,20799999]
15/16 - Finds: 1216879 (0.60844), Inserts: 783121 (0.39156), Errors: 0 (0)
15/16 - Execution time: 2.62255 seconds
15/16 - Throughput: 762617 ops/sec
8/16 - Performed a throughput benchmark:
8/16 - Performed 2000000 find-or-put operations with random values from [0,...,20799999]
8/16 - Finds: 1216192 (0.608096), Inserts: 783808 (0.391904), Errors: 0 (0)
8/16 - Execution time: 2.62148 seconds
8/16 - Throughput: 762928 ops/sec
13/16 - Performed a throughput benchmark:
13/16 - Performed 2000000 find-or-put operations with random values from [0,...,20799999]
13/16 - Finds: 1218153 (0.609077), Inserts: 781847 (0.390923), Errors: 0 (0)
13/16 - Execution time: 2.62369 seconds
13/16 - Throughput: 762284 ops/sec
[1447500434.796535] [node008:8566 :0]         sys.c:719  MXM  WARN  Conflicting CPU frequencies detected, using: 1416.66
