[1447499385.495876] [node009:21807:0]         sys.c:719  MXM  WARN  Conflicting CPU frequencies detected, using: 1695.28
[1447499385.501714] [node009:21807:0]         mxm.c:185  MXM  WARN  The 'ulimit -s' on the system is set to 'unlimited'. This may have negative performance implications. Please set the heap size to the default value (10240) 
UPCR: UPC threads 0..7 of 8 on node009 (pshm node 0 of 1, process 0 of 1, pid=21807)
0/8 - htable initialized
0/8 - table size: 8589934592 bytes (8192 MB)
0/8 - total number of buckets: 1073741824
0/8 - block size: 1073741824 (1024 MB)
0/8 - number of buckets in block: 134217728
0/8 - number of blocks: 8
7/8 - Performed a throughput benchmark:
7/8 - Performed 2000000 find-or-put operations with random values from [0,...,10399999]
7/8 - Finds: 952163 (0.476081), Inserts: 1047837 (0.523918), Errors: 0 (0)
7/8 - Execution time: 0.01671 seconds
7/8 - Throughput: 1.19689E+08 ops/sec
5/8 - Performed a throughput benchmark:
5/8 - Performed 2000000 find-or-put operations with random values from [0,...,10399999]
5/8 - Finds: 968800 (0.4844), Inserts: 1031200 (0.5156), Errors: 0 (0)
5/8 - Execution time: 0.019608 seconds
5/8 - Throughput: 1.01999E+08 ops/sec
1/8 - Performed a throughput benchmark:
1/8 - Performed 2000000 find-or-put operations with random values from [0,...,10399999]
1/8 - Finds: 973483 (0.486741), Inserts: 1026517 (0.513258), Errors: 0 (0)
1/8 - Execution time: 0.019669 seconds
1/8 - Throughput: 1.01683E+08 ops/sec
2/8 - Performed a throughput benchmark:
2/8 - Performed 2000000 find-or-put operations with random values from [0,...,10399999]
2/8 - Finds: 976389 (0.488194), Inserts: 1023611 (0.511806), Errors: 0 (0)
2/8 - Execution time: 0.021237 seconds
2/8 - Throughput: 9.41753E+07 ops/sec
0/8 - Performed a throughput benchmark:
0/8 - Performed 2000000 find-or-put operations with random values from [0,...,10399999]
0/8 - Finds: 987536 (0.493768), Inserts: 1012464 (0.506232), Errors: 0 (0)
0/8 - Execution time: 0.02377 seconds
0/8 - Throughput: 8.41397E+07 ops/sec
3/8 - Performed a throughput benchmark:
3/8 - Performed 2000000 find-or-put operations with random values from [0,...,10399999]
3/8 - Finds: 990676 (0.495338), Inserts: 1009324 (0.504662), Errors: 0 (0)
3/8 - Execution time: 0.027868 seconds
3/8 - Throughput: 7.17669E+07 ops/sec
6/8 - Performed a throughput benchmark:
6/8 - Performed 2000000 find-or-put operations with random values from [0,...,10399999]
6/8 - Finds: 993010 (0.496505), Inserts: 1006990 (0.503495), Errors: 0 (0)
6/8 - Execution time: 0.028973 seconds
6/8 - Throughput: 6.90298E+07 ops/sec
4/8 - Performed a throughput benchmark:
4/8 - Performed 2000000 find-or-put operations with random values from [0,...,10399999]
4/8 - Finds: 991750 (0.495875), Inserts: 1008250 (0.504125), Errors: 0 (0)
4/8 - Execution time: 0.027991 seconds
4/8 - Throughput: 7.14515E+07 ops/sec
[1447499385.479720] [node009:21762:0]         sys.c:719  MXM  WARN  Conflicting CPU frequencies detected, using: 1695.28
